[0.102s] DEBUG:colcon:Command line arguments: ['/usr/bin/colcon', 'build']
[0.102s] DEBUG:colcon:Parsed command line arguments: Namespace(log_base=None, log_level=None, verb_name='build', build_base='build', install_base='install', merge_install=False, symlink_install=False, test_result_base=None, continue_on_error=False, executor='parallel', parallel_workers=8, event_handlers=None, ignore_user_meta=False, metas=['./colcon.meta'], base_paths=['.'], packages_ignore=None, packages_ignore_regex=None, paths=None, packages_up_to=None, packages_up_to_regex=None, packages_above=None, packages_above_and_dependencies=None, packages_above_depth=None, packages_select_by_dep=None, packages_skip_by_dep=None, packages_skip_up_to=None, packages_select_build_failed=False, packages_skip_build_finished=False, packages_select_test_failures=False, packages_skip_test_passed=False, packages_select=None, packages_skip=None, packages_select_regex=None, packages_skip_regex=None, packages_start=None, packages_end=None, allow_overriding=[], cmake_args=None, cmake_target=None, cmake_target_skip_unavailable=False, cmake_clean_cache=False, cmake_clean_first=False, cmake_force_configure=False, ament_cmake_args=None, catkin_cmake_args=None, catkin_skip_building_tests=False, mixin_files=None, mixin=None, verb_parser=<colcon_mixin.mixin.mixin_argument.MixinArgumentDecorator object at 0x78cc8848c9d0>, verb_extension=<colcon_core.verb.build.BuildVerb object at 0x78cc885a0fd0>, main=<bound method BuildVerb.main of <colcon_core.verb.build.BuildVerb object at 0x78cc885a0fd0>>, mixin_verb=('build',))
[0.263s] Level 1:colcon.colcon_core.package_discovery:discover_packages(colcon_meta) check parameters
[0.263s] Level 1:colcon.colcon_core.package_discovery:discover_packages(recursive) check parameters
[0.263s] Level 1:colcon.colcon_core.package_discovery:discover_packages(ignore) check parameters
[0.263s] Level 1:colcon.colcon_core.package_discovery:discover_packages(path) check parameters
[0.263s] Level 1:colcon.colcon_core.package_discovery:discover_packages(colcon_meta) discover
[0.263s] Level 1:colcon.colcon_core.package_discovery:discover_packages(recursive) discover
[0.263s] INFO:colcon.colcon_core.package_discovery:Crawling recursively for packages in '/home/sudhindra/irc/drive_control'
[0.263s] Level 1:colcon.colcon_core.package_identification:_identify(.) by extensions ['ignore', 'ignore_ament_install']
[0.263s] Level 1:colcon.colcon_core.package_identification:_identify(.) by extension 'ignore'
[0.263s] Level 1:colcon.colcon_core.package_identification:_identify(.) by extension 'ignore_ament_install'
[0.264s] Level 1:colcon.colcon_core.package_identification:_identify(.) by extensions ['colcon_pkg']
[0.264s] Level 1:colcon.colcon_core.package_identification:_identify(.) by extension 'colcon_pkg'
[0.264s] Level 1:colcon.colcon_core.package_identification:_identify(.) by extensions ['colcon_meta']
[0.264s] Level 1:colcon.colcon_core.package_identification:_identify(.) by extension 'colcon_meta'
[0.264s] Level 1:colcon.colcon_core.package_identification:_identify(.) by extensions ['ros']
[0.264s] Level 1:colcon.colcon_core.package_identification:_identify(.) by extension 'ros'
[0.282s] Level 1:colcon.colcon_core.package_identification:_identify(.) by extensions ['cmake', 'python']
[0.282s] Level 1:colcon.colcon_core.package_identification:_identify(.) by extension 'cmake'
[0.282s] Level 1:colcon.colcon_core.package_identification:_identify(.) by extension 'python'
[0.282s] Level 1:colcon.colcon_core.package_identification:_identify(.) by extensions ['python_setup_py']
[0.283s] Level 1:colcon.colcon_core.package_identification:_identify(.) by extension 'python_setup_py'
[0.283s] Level 1:colcon.colcon_core.package_identification:_identify(build) by extensions ['ignore', 'ignore_ament_install']
[0.283s] Level 1:colcon.colcon_core.package_identification:_identify(build) by extension 'ignore'
[0.283s] Level 1:colcon.colcon_core.package_identification:_identify(build) ignored
[0.283s] Level 1:colcon.colcon_core.package_identification:_identify(install) by extensions ['ignore', 'ignore_ament_install']
[0.283s] Level 1:colcon.colcon_core.package_identification:_identify(install) by extension 'ignore'
[0.283s] Level 1:colcon.colcon_core.package_identification:_identify(install) ignored
[0.283s] Level 1:colcon.colcon_core.package_identification:_identify(log) by extensions ['ignore', 'ignore_ament_install']
[0.283s] Level 1:colcon.colcon_core.package_identification:_identify(log) by extension 'ignore'
[0.283s] Level 1:colcon.colcon_core.package_identification:_identify(log) ignored
[0.283s] Level 1:colcon.colcon_core.package_identification:_identify(src) by extensions ['ignore', 'ignore_ament_install']
[0.283s] Level 1:colcon.colcon_core.package_identification:_identify(src) by extension 'ignore'
[0.283s] Level 1:colcon.colcon_core.package_identification:_identify(src) by extension 'ignore_ament_install'
[0.283s] Level 1:colcon.colcon_core.package_identification:_identify(src) by extensions ['colcon_pkg']
[0.283s] Level 1:colcon.colcon_core.package_identification:_identify(src) by extension 'colcon_pkg'
[0.283s] Level 1:colcon.colcon_core.package_identification:_identify(src) by extensions ['colcon_meta']
[0.283s] Level 1:colcon.colcon_core.package_identification:_identify(src) by extension 'colcon_meta'
[0.283s] Level 1:colcon.colcon_core.package_identification:_identify(src) by extensions ['ros']
[0.283s] Level 1:colcon.colcon_core.package_identification:_identify(src) by extension 'ros'
[0.284s] Level 1:colcon.colcon_core.package_identification:_identify(src) by extensions ['cmake', 'python']
[0.284s] Level 1:colcon.colcon_core.package_identification:_identify(src) by extension 'cmake'
[0.284s] Level 1:colcon.colcon_core.package_identification:_identify(src) by extension 'python'
[0.284s] Level 1:colcon.colcon_core.package_identification:_identify(src) by extensions ['python_setup_py']
[0.284s] Level 1:colcon.colcon_core.package_identification:_identify(src) by extension 'python_setup_py'
[0.284s] Level 1:colcon.colcon_core.package_identification:_identify(src/differential) by extensions ['ignore', 'ignore_ament_install']
[0.284s] Level 1:colcon.colcon_core.package_identification:_identify(src/differential) by extension 'ignore'
[0.284s] Level 1:colcon.colcon_core.package_identification:_identify(src/differential) by extension 'ignore_ament_install'
[0.284s] Level 1:colcon.colcon_core.package_identification:_identify(src/differential) by extensions ['colcon_pkg']
[0.284s] Level 1:colcon.colcon_core.package_identification:_identify(src/differential) by extension 'colcon_pkg'
[0.284s] Level 1:colcon.colcon_core.package_identification:_identify(src/differential) by extensions ['colcon_meta']
[0.284s] Level 1:colcon.colcon_core.package_identification:_identify(src/differential) by extension 'colcon_meta'
[0.284s] Level 1:colcon.colcon_core.package_identification:_identify(src/differential) by extensions ['ros']
[0.284s] Level 1:colcon.colcon_core.package_identification:_identify(src/differential) by extension 'ros'
[0.286s] DEBUG:colcon.colcon_core.package_identification:Package 'src/differential' with type 'ros.ament_python' and name 'differential'
[0.286s] Level 1:colcon.colcon_core.package_identification:_identify(src/msg_interfaces) by extensions ['ignore', 'ignore_ament_install']
[0.286s] Level 1:colcon.colcon_core.package_identification:_identify(src/msg_interfaces) by extension 'ignore'
[0.286s] Level 1:colcon.colcon_core.package_identification:_identify(src/msg_interfaces) by extension 'ignore_ament_install'
[0.286s] Level 1:colcon.colcon_core.package_identification:_identify(src/msg_interfaces) by extensions ['colcon_pkg']
[0.286s] Level 1:colcon.colcon_core.package_identification:_identify(src/msg_interfaces) by extension 'colcon_pkg'
[0.286s] Level 1:colcon.colcon_core.package_identification:_identify(src/msg_interfaces) by extensions ['colcon_meta']
[0.286s] Level 1:colcon.colcon_core.package_identification:_identify(src/msg_interfaces) by extension 'colcon_meta'
[0.286s] Level 1:colcon.colcon_core.package_identification:_identify(src/msg_interfaces) by extensions ['ros']
[0.286s] Level 1:colcon.colcon_core.package_identification:_identify(src/msg_interfaces) by extension 'ros'
[0.287s] DEBUG:colcon.colcon_core.package_identification:Package 'src/msg_interfaces' with type 'ros.ament_cmake' and name 'msg_interfaces'
[0.287s] Level 1:colcon.colcon_core.package_discovery:discover_packages(recursive) using defaults
[0.287s] Level 1:colcon.colcon_core.package_discovery:discover_packages(ignore) discover
[0.287s] Level 1:colcon.colcon_core.package_discovery:discover_packages(ignore) using defaults
[0.287s] Level 1:colcon.colcon_core.package_discovery:discover_packages(path) discover
[0.287s] Level 1:colcon.colcon_core.package_discovery:discover_packages(path) using defaults
[0.304s] Level 1:colcon.colcon_core.package_discovery:discover_packages(prefix_path) check parameters
[0.304s] Level 1:colcon.colcon_core.package_discovery:discover_packages(prefix_path) discover
[0.306s] DEBUG:colcon.colcon_installed_package_information.package_discovery:Found 382 installed packages in /opt/ros/humble
[0.308s] Level 1:colcon.colcon_core.package_discovery:discover_packages(prefix_path) using defaults
[0.347s] Level 5:colcon.colcon_core.verb:set package 'differential' build argument 'cmake_args' from command line to 'None'
[0.347s] Level 5:colcon.colcon_core.verb:set package 'differential' build argument 'cmake_target' from command line to 'None'
[0.347s] Level 5:colcon.colcon_core.verb:set package 'differential' build argument 'cmake_target_skip_unavailable' from command line to 'False'
[0.347s] Level 5:colcon.colcon_core.verb:set package 'differential' build argument 'cmake_clean_cache' from command line to 'False'
[0.347s] Level 5:colcon.colcon_core.verb:set package 'differential' build argument 'cmake_clean_first' from command line to 'False'
[0.347s] Level 5:colcon.colcon_core.verb:set package 'differential' build argument 'cmake_force_configure' from command line to 'False'
[0.347s] Level 5:colcon.colcon_core.verb:set package 'differential' build argument 'ament_cmake_args' from command line to 'None'
[0.347s] Level 5:colcon.colcon_core.verb:set package 'differential' build argument 'catkin_cmake_args' from command line to 'None'
[0.348s] Level 5:colcon.colcon_core.verb:set package 'differential' build argument 'catkin_skip_building_tests' from command line to 'False'
[0.348s] DEBUG:colcon.colcon_core.verb:Building package 'differential' with the following arguments: {'ament_cmake_args': None, 'build_base': '/home/sudhindra/irc/drive_control/build/differential', 'catkin_cmake_args': None, 'catkin_skip_building_tests': False, 'cmake_args': None, 'cmake_clean_cache': False, 'cmake_clean_first': False, 'cmake_force_configure': False, 'cmake_target': None, 'cmake_target_skip_unavailable': False, 'install_base': '/home/sudhindra/irc/drive_control/install/differential', 'merge_install': False, 'path': '/home/sudhindra/irc/drive_control/src/differential', 'symlink_install': False, 'test_result_base': None}
[0.348s] Level 5:colcon.colcon_core.verb:set package 'msg_interfaces' build argument 'cmake_args' from command line to 'None'
[0.348s] Level 5:colcon.colcon_core.verb:set package 'msg_interfaces' build argument 'cmake_target' from command line to 'None'
[0.348s] Level 5:colcon.colcon_core.verb:set package 'msg_interfaces' build argument 'cmake_target_skip_unavailable' from command line to 'False'
[0.348s] Level 5:colcon.colcon_core.verb:set package 'msg_interfaces' build argument 'cmake_clean_cache' from command line to 'False'
[0.348s] Level 5:colcon.colcon_core.verb:set package 'msg_interfaces' build argument 'cmake_clean_first' from command line to 'False'
[0.348s] Level 5:colcon.colcon_core.verb:set package 'msg_interfaces' build argument 'cmake_force_configure' from command line to 'False'
[0.348s] Level 5:colcon.colcon_core.verb:set package 'msg_interfaces' build argument 'ament_cmake_args' from command line to 'None'
[0.348s] Level 5:colcon.colcon_core.verb:set package 'msg_interfaces' build argument 'catkin_cmake_args' from command line to 'None'
[0.348s] Level 5:colcon.colcon_core.verb:set package 'msg_interfaces' build argument 'catkin_skip_building_tests' from command line to 'False'
[0.348s] DEBUG:colcon.colcon_core.verb:Building package 'msg_interfaces' with the following arguments: {'ament_cmake_args': None, 'build_base': '/home/sudhindra/irc/drive_control/build/msg_interfaces', 'catkin_cmake_args': None, 'catkin_skip_building_tests': False, 'cmake_args': None, 'cmake_clean_cache': False, 'cmake_clean_first': False, 'cmake_force_configure': False, 'cmake_target': None, 'cmake_target_skip_unavailable': False, 'install_base': '/home/sudhindra/irc/drive_control/install/msg_interfaces', 'merge_install': False, 'path': '/home/sudhindra/irc/drive_control/src/msg_interfaces', 'symlink_install': False, 'test_result_base': None}
[0.348s] INFO:colcon.colcon_core.executor:Executing jobs using 'parallel' executor
[0.349s] DEBUG:colcon.colcon_parallel_executor.executor.parallel:run_until_complete
[0.350s] INFO:colcon.colcon_ros.task.ament_python.build:Building ROS package in '/home/sudhindra/irc/drive_control/src/differential' with build type 'ament_python'
[0.350s] Level 1:colcon.colcon_core.shell:create_environment_hook('differential', 'ament_prefix_path')
[0.351s] INFO:colcon.colcon_core.plugin_system:Skipping extension 'colcon_core.shell.bat': Not used on non-Windows systems
[0.351s] INFO:colcon.colcon_core.shell:Creating environment hook '/home/sudhindra/irc/drive_control/install/differential/share/differential/hook/ament_prefix_path.ps1'
[0.352s] INFO:colcon.colcon_core.shell:Creating environment descriptor '/home/sudhindra/irc/drive_control/install/differential/share/differential/hook/ament_prefix_path.dsv'
[0.352s] INFO:colcon.colcon_core.shell:Creating environment hook '/home/sudhindra/irc/drive_control/install/differential/share/differential/hook/ament_prefix_path.sh'
[0.353s] INFO:colcon.colcon_core.shell:Skip shell extension 'powershell' for command environment: Not usable outside of PowerShell
[0.353s] DEBUG:colcon.colcon_core.shell:Skip shell extension 'dsv' for command environment
[0.355s] INFO:colcon.colcon_ros.task.ament_cmake.build:Building ROS package in '/home/sudhindra/irc/drive_control/src/msg_interfaces' with build type 'ament_cmake'
[0.355s] INFO:colcon.colcon_cmake.task.cmake.build:Building CMake package in '/home/sudhindra/irc/drive_control/src/msg_interfaces'
[0.355s] INFO:colcon.colcon_core.shell:Skip shell extension 'powershell' for command environment: Not usable outside of PowerShell
[0.355s] DEBUG:colcon.colcon_core.shell:Skip shell extension 'dsv' for command environment
[0.592s] INFO:colcon.colcon_core.task.python.build:Building Python package in '/home/sudhindra/irc/drive_control/src/differential'
[0.592s] INFO:colcon.colcon_core.shell:Skip shell extension 'powershell' for command environment: Not usable outside of PowerShell
[0.592s] DEBUG:colcon.colcon_core.shell:Skip shell extension 'dsv' for command environment
[0.598s] DEBUG:colcon.colcon_core.event_handler.log_command:Invoking command in '/home/sudhindra/irc/drive_control/build/msg_interfaces': CMAKE_PREFIX_PATH=${CMAKE_PREFIX_PATH}:/opt/ros/humble /usr/bin/cmake --build /home/sudhindra/irc/drive_control/build/msg_interfaces -- -j8 -l8
[0.950s] DEBUG:colcon.colcon_core.event_handler.log_command:Invoking command in '/home/sudhindra/irc/drive_control/src/differential': PYTHONPATH=/home/sudhindra/irc/drive_control/build/differential/prefix_override:/usr/lib/python3/dist-packages/colcon_core/task/python/colcon_distutils_commands:/home/sudhindra/irc/drive_control/install/differential/lib/python3.10/site-packages:${PYTHONPATH} /usr/bin/python3 -W ignore:setup.py install is deprecated setup.py egg_info --egg-base ../../build/differential build --build-base /home/sudhindra/irc/drive_control/build/differential/build install --record /home/sudhindra/irc/drive_control/build/differential/install.log --single-version-externally-managed install_data
[1.242s] DEBUG:colcon.colcon_core.event_handler.log_command:Invoked command in '/home/sudhindra/irc/drive_control/src/differential' returned '0': PYTHONPATH=/home/sudhindra/irc/drive_control/build/differential/prefix_override:/usr/lib/python3/dist-packages/colcon_core/task/python/colcon_distutils_commands:/home/sudhindra/irc/drive_control/install/differential/lib/python3.10/site-packages:${PYTHONPATH} /usr/bin/python3 -W ignore:setup.py install is deprecated setup.py egg_info --egg-base ../../build/differential build --build-base /home/sudhindra/irc/drive_control/build/differential/build install --record /home/sudhindra/irc/drive_control/build/differential/install.log --single-version-externally-managed install_data
[1.244s] Level 1:colcon.colcon_core.environment:checking '/home/sudhindra/irc/drive_control/install/differential' for CMake module files
[1.245s] Level 1:colcon.colcon_core.environment:checking '/home/sudhindra/irc/drive_control/install/differential' for CMake config files
[1.245s] Level 1:colcon.colcon_core.environment:checking '/home/sudhindra/irc/drive_control/install/differential/lib'
[1.246s] Level 1:colcon.colcon_core.environment:checking '/home/sudhindra/irc/drive_control/install/differential/bin'
[1.246s] Level 1:colcon.colcon_core.environment:checking '/home/sudhindra/irc/drive_control/install/differential/lib/pkgconfig/differential.pc'
[1.246s] Level 1:colcon.colcon_core.environment:checking '/home/sudhindra/irc/drive_control/install/differential/lib/python3.10/site-packages'
[1.246s] Level 1:colcon.colcon_core.shell:create_environment_hook('differential', 'pythonpath')
[1.246s] INFO:colcon.colcon_core.shell:Creating environment hook '/home/sudhindra/irc/drive_control/install/differential/share/differential/hook/pythonpath.ps1'
[1.247s] INFO:colcon.colcon_core.shell:Creating environment descriptor '/home/sudhindra/irc/drive_control/install/differential/share/differential/hook/pythonpath.dsv'
[1.247s] INFO:colcon.colcon_core.shell:Creating environment hook '/home/sudhindra/irc/drive_control/install/differential/share/differential/hook/pythonpath.sh'
[1.248s] Level 1:colcon.colcon_core.environment:checking '/home/sudhindra/irc/drive_control/install/differential/bin'
[1.248s] Level 1:colcon.colcon_core.environment:create_environment_scripts_only(differential)
[1.248s] INFO:colcon.colcon_core.shell:Creating package script '/home/sudhindra/irc/drive_control/install/differential/share/differential/package.ps1'
[1.249s] INFO:colcon.colcon_core.shell:Creating package descriptor '/home/sudhindra/irc/drive_control/install/differential/share/differential/package.dsv'
[1.250s] INFO:colcon.colcon_core.shell:Creating package script '/home/sudhindra/irc/drive_control/install/differential/share/differential/package.sh'
[1.251s] INFO:colcon.colcon_core.shell:Creating package script '/home/sudhindra/irc/drive_control/install/differential/share/differential/package.bash'
[1.252s] INFO:colcon.colcon_core.shell:Creating package script '/home/sudhindra/irc/drive_control/install/differential/share/differential/package.zsh'
[1.253s] Level 1:colcon.colcon_core.environment:create_file_with_runtime_dependencies(/home/sudhindra/irc/drive_control/install/differential/share/colcon-core/packages/differential)
[4.366s] DEBUG:colcon.colcon_core.event_handler.log_command:Invoked command in '/home/sudhindra/irc/drive_control/build/msg_interfaces' returned '0': CMAKE_PREFIX_PATH=${CMAKE_PREFIX_PATH}:/opt/ros/humble /usr/bin/cmake --build /home/sudhindra/irc/drive_control/build/msg_interfaces -- -j8 -l8
[4.469s] DEBUG:colcon.colcon_core.event_handler.log_command:Invoking command in '/home/sudhindra/irc/drive_control/build/msg_interfaces': CMAKE_PREFIX_PATH=${CMAKE_PREFIX_PATH}:/opt/ros/humble /usr/bin/cmake --install /home/sudhindra/irc/drive_control/build/msg_interfaces
[4.524s] Level 1:colcon.colcon_core.environment:create_environment_scripts_only(msg_interfaces)
[4.525s] Level 1:colcon.colcon_core.environment:checking '/home/sudhindra/irc/drive_control/install/msg_interfaces' for CMake module files
[4.525s] DEBUG:colcon.colcon_core.event_handler.log_command:Invoked command in '/home/sudhindra/irc/drive_control/build/msg_interfaces' returned '0': CMAKE_PREFIX_PATH=${CMAKE_PREFIX_PATH}:/opt/ros/humble /usr/bin/cmake --install /home/sudhindra/irc/drive_control/build/msg_interfaces
[4.525s] Level 1:colcon.colcon_core.environment:checking '/home/sudhindra/irc/drive_control/install/msg_interfaces' for CMake config files
[4.526s] Level 1:colcon.colcon_core.shell:create_environment_hook('msg_interfaces', 'cmake_prefix_path')
[4.526s] INFO:colcon.colcon_core.shell:Creating environment hook '/home/sudhindra/irc/drive_control/install/msg_interfaces/share/msg_interfaces/hook/cmake_prefix_path.ps1'
[4.526s] INFO:colcon.colcon_core.shell:Creating environment descriptor '/home/sudhindra/irc/drive_control/install/msg_interfaces/share/msg_interfaces/hook/cmake_prefix_path.dsv'
[4.526s] INFO:colcon.colcon_core.shell:Creating environment hook '/home/sudhindra/irc/drive_control/install/msg_interfaces/share/msg_interfaces/hook/cmake_prefix_path.sh'
[4.527s] Level 1:colcon.colcon_core.environment:checking '/home/sudhindra/irc/drive_control/install/msg_interfaces/lib'
[4.527s] Level 1:colcon.colcon_core.shell:create_environment_hook('msg_interfaces', 'ld_library_path_lib')
[4.527s] INFO:colcon.colcon_core.shell:Creating environment hook '/home/sudhindra/irc/drive_control/install/msg_interfaces/share/msg_interfaces/hook/ld_library_path_lib.ps1'
[4.527s] INFO:colcon.colcon_core.shell:Creating environment descriptor '/home/sudhindra/irc/drive_control/install/msg_interfaces/share/msg_interfaces/hook/ld_library_path_lib.dsv'
[4.528s] INFO:colcon.colcon_core.shell:Creating environment hook '/home/sudhindra/irc/drive_control/install/msg_interfaces/share/msg_interfaces/hook/ld_library_path_lib.sh'
[4.528s] Level 1:colcon.colcon_core.environment:checking '/home/sudhindra/irc/drive_control/install/msg_interfaces/bin'
[4.528s] Level 1:colcon.colcon_core.environment:checking '/home/sudhindra/irc/drive_control/install/msg_interfaces/lib/pkgconfig/msg_interfaces.pc'
[4.528s] Level 1:colcon.colcon_core.environment:checking '/home/sudhindra/irc/drive_control/install/msg_interfaces/lib/python3.10/site-packages'
[4.528s] Level 1:colcon.colcon_core.shell:create_environment_hook('msg_interfaces', 'pythonpath')
[4.528s] INFO:colcon.colcon_core.shell:Creating environment hook '/home/sudhindra/irc/drive_control/install/msg_interfaces/share/msg_interfaces/hook/pythonpath.ps1'
[4.529s] INFO:colcon.colcon_core.shell:Creating environment descriptor '/home/sudhindra/irc/drive_control/install/msg_interfaces/share/msg_interfaces/hook/pythonpath.dsv'
[4.529s] INFO:colcon.colcon_core.shell:Creating environment hook '/home/sudhindra/irc/drive_control/install/msg_interfaces/share/msg_interfaces/hook/pythonpath.sh'
[4.529s] Level 1:colcon.colcon_core.environment:checking '/home/sudhindra/irc/drive_control/install/msg_interfaces/bin'
[4.529s] INFO:colcon.colcon_core.shell:Creating package script '/home/sudhindra/irc/drive_control/install/msg_interfaces/share/msg_interfaces/package.ps1'
[4.530s] INFO:colcon.colcon_core.shell:Creating package descriptor '/home/sudhindra/irc/drive_control/install/msg_interfaces/share/msg_interfaces/package.dsv'
[4.530s] INFO:colcon.colcon_core.shell:Creating package script '/home/sudhindra/irc/drive_control/install/msg_interfaces/share/msg_interfaces/package.sh'
[4.531s] INFO:colcon.colcon_core.shell:Creating package script '/home/sudhindra/irc/drive_control/install/msg_interfaces/share/msg_interfaces/package.bash'
[4.531s] INFO:colcon.colcon_core.shell:Creating package script '/home/sudhindra/irc/drive_control/install/msg_interfaces/share/msg_interfaces/package.zsh'
[4.531s] Level 1:colcon.colcon_core.environment:create_file_with_runtime_dependencies(/home/sudhindra/irc/drive_control/install/msg_interfaces/share/colcon-core/packages/msg_interfaces)
[4.626s] Level 1:colcon.colcon_core.environment:create_environment_scripts_only(msg_interfaces)
[4.626s] Level 1:colcon.colcon_core.environment:checking '/home/sudhindra/irc/drive_control/install/msg_interfaces' for CMake module files
[4.627s] Level 1:colcon.colcon_core.environment:checking '/home/sudhindra/irc/drive_control/install/msg_interfaces' for CMake config files
[4.627s] Level 1:colcon.colcon_core.shell:create_environment_hook('msg_interfaces', 'cmake_prefix_path')
[4.627s] INFO:colcon.colcon_core.shell:Creating environment hook '/home/sudhindra/irc/drive_control/install/msg_interfaces/share/msg_interfaces/hook/cmake_prefix_path.ps1'
[4.628s] INFO:colcon.colcon_core.shell:Creating environment descriptor '/home/sudhindra/irc/drive_control/install/msg_interfaces/share/msg_interfaces/hook/cmake_prefix_path.dsv'
[4.628s] INFO:colcon.colcon_core.shell:Creating environment hook '/home/sudhindra/irc/drive_control/install/msg_interfaces/share/msg_interfaces/hook/cmake_prefix_path.sh'
[4.628s] Level 1:colcon.colcon_core.environment:checking '/home/sudhindra/irc/drive_control/install/msg_interfaces/lib'
[4.628s] Level 1:colcon.colcon_core.shell:create_environment_hook('msg_interfaces', 'ld_library_path_lib')
[4.629s] INFO:colcon.colcon_core.shell:Creating environment hook '/home/sudhindra/irc/drive_control/install/msg_interfaces/share/msg_interfaces/hook/ld_library_path_lib.ps1'
[4.629s] INFO:colcon.colcon_core.shell:Creating environment descriptor '/home/sudhindra/irc/drive_control/install/msg_interfaces/share/msg_interfaces/hook/ld_library_path_lib.dsv'
[4.629s] INFO:colcon.colcon_core.shell:Creating environment hook '/home/sudhindra/irc/drive_control/install/msg_interfaces/share/msg_interfaces/hook/ld_library_path_lib.sh'
[4.629s] Level 1:colcon.colcon_core.environment:checking '/home/sudhindra/irc/drive_control/install/msg_interfaces/bin'
[4.629s] Level 1:colcon.colcon_core.environment:checking '/home/sudhindra/irc/drive_control/install/msg_interfaces/lib/pkgconfig/msg_interfaces.pc'
[4.630s] Level 1:colcon.colcon_core.environment:checking '/home/sudhindra/irc/drive_control/install/msg_interfaces/lib/python3.10/site-packages'
[4.630s] Level 1:colcon.colcon_core.shell:create_environment_hook('msg_interfaces', 'pythonpath')
[4.630s] INFO:colcon.colcon_core.shell:Creating environment hook '/home/sudhindra/irc/drive_control/install/msg_interfaces/share/msg_interfaces/hook/pythonpath.ps1'
[4.630s] INFO:colcon.colcon_core.shell:Creating environment descriptor '/home/sudhindra/irc/drive_control/install/msg_interfaces/share/msg_interfaces/hook/pythonpath.dsv'
[4.630s] INFO:colcon.colcon_core.shell:Creating environment hook '/home/sudhindra/irc/drive_control/install/msg_interfaces/share/msg_interfaces/hook/pythonpath.sh'
[4.631s] Level 1:colcon.colcon_core.environment:checking '/home/sudhindra/irc/drive_control/install/msg_interfaces/bin'
[4.631s] INFO:colcon.colcon_core.shell:Creating package script '/home/sudhindra/irc/drive_control/install/msg_interfaces/share/msg_interfaces/package.ps1'
[4.631s] INFO:colcon.colcon_core.shell:Creating package descriptor '/home/sudhindra/irc/drive_control/install/msg_interfaces/share/msg_interfaces/package.dsv'
[4.632s] INFO:colcon.colcon_core.shell:Creating package script '/home/sudhindra/irc/drive_control/install/msg_interfaces/share/msg_interfaces/package.sh'
[4.632s] INFO:colcon.colcon_core.shell:Creating package script '/home/sudhindra/irc/drive_control/install/msg_interfaces/share/msg_interfaces/package.bash'
[4.633s] INFO:colcon.colcon_core.shell:Creating package script '/home/sudhindra/irc/drive_control/install/msg_interfaces/share/msg_interfaces/package.zsh'
[4.633s] Level 1:colcon.colcon_core.environment:create_file_with_runtime_dependencies(/home/sudhindra/irc/drive_control/install/msg_interfaces/share/colcon-core/packages/msg_interfaces)
[4.633s] DEBUG:colcon.colcon_parallel_executor.executor.parallel:closing loop
[4.633s] DEBUG:colcon.colcon_parallel_executor.executor.parallel:loop closed
[4.633s] DEBUG:colcon.colcon_parallel_executor.executor.parallel:run_until_complete finished with '0'
[4.634s] DEBUG:colcon.colcon_core.event_reactor:joining thread
[4.638s] INFO:colcon.colcon_core.plugin_system:Skipping extension 'colcon_notification.desktop_notification.terminal_notifier': Not used on non-Darwin systems
[4.638s] INFO:colcon.colcon_core.plugin_system:Skipping extension 'colcon_notification.desktop_notification.win32': Not used on non-Windows systems
[4.638s] INFO:colcon.colcon_notification.desktop_notification:Sending desktop notification using 'notify2'
[4.648s] DEBUG:colcon.colcon_core.event_reactor:joined thread
[4.648s] INFO:colcon.colcon_core.shell:Creating prefix script '/home/sudhindra/irc/drive_control/install/local_setup.ps1'
[4.649s] INFO:colcon.colcon_core.shell:Creating prefix util module '/home/sudhindra/irc/drive_control/install/_local_setup_util_ps1.py'
[4.650s] INFO:colcon.colcon_core.shell:Creating prefix chain script '/home/sudhindra/irc/drive_control/install/setup.ps1'
[4.651s] INFO:colcon.colcon_core.shell:Creating prefix script '/home/sudhindra/irc/drive_control/install/local_setup.sh'
[4.651s] INFO:colcon.colcon_core.shell:Creating prefix util module '/home/sudhindra/irc/drive_control/install/_local_setup_util_sh.py'
[4.652s] INFO:colcon.colcon_core.shell:Creating prefix chain script '/home/sudhindra/irc/drive_control/install/setup.sh'
[4.652s] INFO:colcon.colcon_core.shell:Creating prefix script '/home/sudhindra/irc/drive_control/install/local_setup.bash'
[4.653s] INFO:colcon.colcon_core.shell:Creating prefix chain script '/home/sudhindra/irc/drive_control/install/setup.bash'
[4.654s] INFO:colcon.colcon_core.shell:Creating prefix script '/home/sudhindra/irc/drive_control/install/local_setup.zsh'
[4.654s] INFO:colcon.colcon_core.shell:Creating prefix chain script '/home/sudhindra/irc/drive_control/install/setup.zsh'
