running egg_info
writing ../../build/differential/differential.egg-info/PKG-INFO
writing dependency_links to ../../build/differential/differential.egg-info/dependency_links.txt
writing entry points to ../../build/differential/differential.egg-info/entry_points.txt
writing requirements to ../../build/differential/differential.egg-info/requires.txt
writing top-level names to ../../build/differential/differential.egg-info/top_level.txt
reading manifest file '../../build/differential/differential.egg-info/SOURCES.txt'
writing manifest file '../../build/differential/differential.egg-info/SOURCES.txt'
running build
running build_py
running install
running install_lib
running install_data
running install_egg_info
removing '/home/sudhindra/irc/drive_control/install/differential/lib/python3.10/site-packages/differential-0.0.0-py3.10.egg-info' (and everything under it)
Copying ../../build/differential/differential.egg-info to /home/sudhindra/irc/drive_control/install/differential/lib/python3.10/site-packages/differential-0.0.0-py3.10.egg-info
running install_scripts
Installing freshies_attempt script to /home/sudhindra/irc/drive_control/install/differential/lib/differential
Installing joystick_innerrr script to /home/sudhindra/irc/drive_control/install/differential/lib/differential
writing list of installed files to '/home/sudhindra/irc/drive_control/build/differential/install.log'
