[1.045s] Invoking command in '/home/sudhindra/irc/drive_control/src/differential': PYTHONPATH=/home/sudhindra/irc/drive_control/build/differential/prefix_override:/usr/lib/python3/dist-packages/colcon_core/task/python/colcon_distutils_commands:/home/sudhindra/irc/drive_control/install/differential/lib/python3.10/site-packages:${PYTHONPATH} /usr/bin/python3 -W ignore:setup.py install is deprecated setup.py egg_info --egg-base ../../build/differential build --build-base /home/sudhindra/irc/drive_control/build/differential/build install --record /home/sudhindra/irc/drive_control/build/differential/install.log --single-version-externally-managed install_data
[1.280s] running egg_info
[1.280s] writing ../../build/differential/differential.egg-info/PKG-INFO
[1.281s] writing dependency_links to ../../build/differential/differential.egg-info/dependency_links.txt
[1.281s] writing entry points to ../../build/differential/differential.egg-info/entry_points.txt
[1.281s] writing requirements to ../../build/differential/differential.egg-info/requires.txt
[1.281s] writing top-level names to ../../build/differential/differential.egg-info/top_level.txt
[1.283s] reading manifest file '../../build/differential/differential.egg-info/SOURCES.txt'
[1.284s] writing manifest file '../../build/differential/differential.egg-info/SOURCES.txt'
[1.284s] running build
[1.284s] running build_py
[1.285s] running install
[1.285s] running install_lib
[1.287s] running install_data
[1.287s] running install_egg_info
[1.289s] removing '/home/sudhindra/irc/drive_control/install/differential/lib/python3.10/site-packages/differential-0.0.0-py3.10.egg-info' (and everything under it)
[1.289s] Copying ../../build/differential/differential.egg-info to /home/sudhindra/irc/drive_control/install/differential/lib/python3.10/site-packages/differential-0.0.0-py3.10.egg-info
[1.290s] running install_scripts
[1.308s] Installing freshies_attempt script to /home/sudhindra/irc/drive_control/install/differential/lib/differential
[1.309s] Installing joystick_innerrr script to /home/sudhindra/irc/drive_control/install/differential/lib/differential
[1.309s] writing list of installed files to '/home/sudhindra/irc/drive_control/build/differential/install.log'
[1.328s] Invoked command in '/home/sudhindra/irc/drive_control/src/differential' returned '0': PYTHONPATH=/home/sudhindra/irc/drive_control/build/differential/prefix_override:/usr/lib/python3/dist-packages/colcon_core/task/python/colcon_distutils_commands:/home/sudhindra/irc/drive_control/install/differential/lib/python3.10/site-packages:${PYTHONPATH} /usr/bin/python3 -W ignore:setup.py install is deprecated setup.py egg_info --egg-base ../../build/differential build --build-base /home/sudhindra/irc/drive_control/build/differential/build install --record /home/sudhindra/irc/drive_control/build/differential/install.log --single-version-externally-managed install_data
