[0.785s] Invoking command in '/home/sudhindra/irc_2025/drive_control/src/msg_interfaces': PYTHONPATH=/home/sudhindra/irc_2025/drive_control/build/msg_interfaces/prefix_override:/usr/lib/python3/dist-packages/colcon_core/task/python/colcon_distutils_commands:/home/sudhindra/irc_2025/drive_control/install/msg_interfaces/lib/python3.10/site-packages:${PYTHONPATH} /usr/bin/python3 -W ignore:setup.py install is deprecated setup.py egg_info --egg-base ../../build/msg_interfaces build --build-base /home/sudhindra/irc_2025/drive_control/build/msg_interfaces/build install --record /home/sudhindra/irc_2025/drive_control/build/msg_interfaces/install.log --single-version-externally-managed install_data
[1.006s] running egg_info
[1.007s] creating ../../build/msg_interfaces/msg_interfaces.egg-info
[1.007s] writing ../../build/msg_interfaces/msg_interfaces.egg-info/PKG-INFO
[1.007s] writing dependency_links to ../../build/msg_interfaces/msg_interfaces.egg-info/dependency_links.txt
[1.007s] writing entry points to ../../build/msg_interfaces/msg_interfaces.egg-info/entry_points.txt
[1.008s] writing requirements to ../../build/msg_interfaces/msg_interfaces.egg-info/requires.txt
[1.008s] writing top-level names to ../../build/msg_interfaces/msg_interfaces.egg-info/top_level.txt
[1.008s] writing manifest file '../../build/msg_interfaces/msg_interfaces.egg-info/SOURCES.txt'
[1.009s] reading manifest file '../../build/msg_interfaces/msg_interfaces.egg-info/SOURCES.txt'
[1.010s] writing manifest file '../../build/msg_interfaces/msg_interfaces.egg-info/SOURCES.txt'
[1.010s] running build
[1.010s] running build_py
[1.010s] creating /home/sudhindra/irc_2025/drive_control/build/msg_interfaces/build
[1.011s] creating /home/sudhindra/irc_2025/drive_control/build/msg_interfaces/build/lib
[1.011s] creating /home/sudhindra/irc_2025/drive_control/build/msg_interfaces/build/lib/msg_interfaces
[1.011s] copying msg_interfaces/__init__.py -> /home/sudhindra/irc_2025/drive_control/build/msg_interfaces/build/lib/msg_interfaces
[1.011s] running install
[1.011s] running install_lib
[1.012s] creating /home/sudhindra/irc_2025/drive_control/install/msg_interfaces/lib/python3.10/site-packages/msg_interfaces
[1.012s] copying /home/sudhindra/irc_2025/drive_control/build/msg_interfaces/build/lib/msg_interfaces/__init__.py -> /home/sudhindra/irc_2025/drive_control/install/msg_interfaces/lib/python3.10/site-packages/msg_interfaces
[1.012s] byte-compiling /home/sudhindra/irc_2025/drive_control/install/msg_interfaces/lib/python3.10/site-packages/msg_interfaces/__init__.py to __init__.cpython-310.pyc
[1.012s] running install_data
[1.012s] creating /home/sudhindra/irc_2025/drive_control/install/msg_interfaces/share/ament_index
[1.012s] creating /home/sudhindra/irc_2025/drive_control/install/msg_interfaces/share/ament_index/resource_index
[1.013s] creating /home/sudhindra/irc_2025/drive_control/install/msg_interfaces/share/ament_index/resource_index/packages
[1.013s] copying resource/msg_interfaces -> /home/sudhindra/irc_2025/drive_control/install/msg_interfaces/share/ament_index/resource_index/packages
[1.013s] copying package.xml -> /home/sudhindra/irc_2025/drive_control/install/msg_interfaces/share/msg_interfaces
[1.013s] running install_egg_info
[1.014s] Copying ../../build/msg_interfaces/msg_interfaces.egg-info to /home/sudhindra/irc_2025/drive_control/install/msg_interfaces/lib/python3.10/site-packages/msg_interfaces-0.0.0-py3.10.egg-info
[1.015s] running install_scripts
[1.033s] writing list of installed files to '/home/sudhindra/irc_2025/drive_control/build/msg_interfaces/install.log'
[1.059s] Invoked command in '/home/sudhindra/irc_2025/drive_control/src/msg_interfaces' returned '0': PYTHONPATH=/home/sudhindra/irc_2025/drive_control/build/msg_interfaces/prefix_override:/usr/lib/python3/dist-packages/colcon_core/task/python/colcon_distutils_commands:/home/sudhindra/irc_2025/drive_control/install/msg_interfaces/lib/python3.10/site-packages:${PYTHONPATH} /usr/bin/python3 -W ignore:setup.py install is deprecated setup.py egg_info --egg-base ../../build/msg_interfaces build --build-base /home/sudhindra/irc_2025/drive_control/build/msg_interfaces/build install --record /home/sudhindra/irc_2025/drive_control/build/msg_interfaces/install.log --single-version-externally-managed install_data
