[0.847s] Invoking command in '/home/sudhindra/irc_2025/drive_control/src/differential': PYTHONPATH=/home/sudhindra/irc_2025/drive_control/build/differential/prefix_override:/usr/lib/python3/dist-packages/colcon_core/task/python/colcon_distutils_commands:/home/sudhindra/irc_2025/drive_control/install/differential/lib/python3.10/site-packages:${PYTHONPATH} /usr/bin/python3 -W ignore:setup.py install is deprecated setup.py egg_info --egg-base ../../build/differential build --build-base /home/sudhindra/irc_2025/drive_control/build/differential/build install --record /home/sudhindra/irc_2025/drive_control/build/differential/install.log --single-version-externally-managed install_data
[1.195s] running egg_info
[1.196s] writing ../../build/differential/differential.egg-info/PKG-INFO
[1.196s] writing dependency_links to ../../build/differential/differential.egg-info/dependency_links.txt
[1.196s] writing entry points to ../../build/differential/differential.egg-info/entry_points.txt
[1.196s] writing requirements to ../../build/differential/differential.egg-info/requires.txt
[1.197s] writing top-level names to ../../build/differential/differential.egg-info/top_level.txt
[1.199s] reading manifest file '../../build/differential/differential.egg-info/SOURCES.txt'
[1.200s] writing manifest file '../../build/differential/differential.egg-info/SOURCES.txt'
[1.200s] running build
[1.200s] running build_py
[1.200s] copying differential/freshies_attempt.py -> /home/sudhindra/irc_2025/drive_control/build/differential/build/lib/differential
[1.200s] copying differential/joystick_inputter.py -> /home/sudhindra/irc_2025/drive_control/build/differential/build/lib/differential
[1.201s] running install
[1.201s] running install_lib
[1.202s] copying /home/sudhindra/irc_2025/drive_control/build/differential/build/lib/differential/freshies_attempt.py -> /home/sudhindra/irc_2025/drive_control/install/differential/lib/python3.10/site-packages/differential
[1.202s] copying /home/sudhindra/irc_2025/drive_control/build/differential/build/lib/differential/joystick_inputter.py -> /home/sudhindra/irc_2025/drive_control/install/differential/lib/python3.10/site-packages/differential
[1.202s] byte-compiling /home/sudhindra/irc_2025/drive_control/install/differential/lib/python3.10/site-packages/differential/freshies_attempt.py to freshies_attempt.cpython-310.pyc
[1.203s] byte-compiling /home/sudhindra/irc_2025/drive_control/install/differential/lib/python3.10/site-packages/differential/joystick_inputter.py to joystick_inputter.cpython-310.pyc
[1.204s] running install_data
[1.204s] creating /home/sudhindra/irc_2025/drive_control/install/differential/share/differential/launch
[1.205s] running install_egg_info
[1.207s] removing '/home/sudhindra/irc_2025/drive_control/install/differential/lib/python3.10/site-packages/differential-0.0.0-py3.10.egg-info' (and everything under it)
[1.207s] Copying ../../build/differential/differential.egg-info to /home/sudhindra/irc_2025/drive_control/install/differential/lib/python3.10/site-packages/differential-0.0.0-py3.10.egg-info
[1.208s] running install_scripts
[1.232s] Installing arm_end_receiverrr script to /home/sudhindra/irc_2025/drive_control/install/differential/lib/differential
[1.232s] Installing base_tuning script to /home/sudhindra/irc_2025/drive_control/install/differential/lib/differential
[1.233s] Installing byte_array script to /home/sudhindra/irc_2025/drive_control/install/differential/lib/differential
[1.233s] Installing cam_receiverrr script to /home/sudhindra/irc_2025/drive_control/install/differential/lib/differential
[1.233s] Installing drive_arm_concatenate script to /home/sudhindra/irc_2025/drive_control/install/differential/lib/differential
[1.233s] Installing drive_receiverrr script to /home/sudhindra/irc_2025/drive_control/install/differential/lib/differential
[1.233s] Installing freshies_attempt script to /home/sudhindra/irc_2025/drive_control/install/differential/lib/differential
[1.233s] Installing joystick_innerrr script to /home/sudhindra/irc_2025/drive_control/install/differential/lib/differential
[1.234s] Installing joystick_innerrr_arm script to /home/sudhindra/irc_2025/drive_control/install/differential/lib/differential
[1.234s] Installing motor_six_receiverrr script to /home/sudhindra/irc_2025/drive_control/install/differential/lib/differential
[1.234s] Installing node1 script to /home/sudhindra/irc_2025/drive_control/install/differential/lib/differential
[1.234s] Installing node2 script to /home/sudhindra/irc_2025/drive_control/install/differential/lib/differential
[1.234s] Installing rtk_demo script to /home/sudhindra/irc_2025/drive_control/install/differential/lib/differential
[1.234s] writing list of installed files to '/home/sudhindra/irc_2025/drive_control/build/differential/install.log'
[1.259s] Invoked command in '/home/sudhindra/irc_2025/drive_control/src/differential' returned '0': PYTHONPATH=/home/sudhindra/irc_2025/drive_control/build/differential/prefix_override:/usr/lib/python3/dist-packages/colcon_core/task/python/colcon_distutils_commands:/home/sudhindra/irc_2025/drive_control/install/differential/lib/python3.10/site-packages:${PYTHONPATH} /usr/bin/python3 -W ignore:setup.py install is deprecated setup.py egg_info --egg-base ../../build/differential build --build-base /home/sudhindra/irc_2025/drive_control/build/differential/build install --record /home/sudhindra/irc_2025/drive_control/build/differential/install.log --single-version-externally-managed install_data
