[0.152s] Invoking command in '/home/siddhant/irc_rover_controls_2025/drive_control/build/msg_interfaces': CMAKE_PREFIX_PATH=/opt/ros/humble /usr/bin/cmake /home/siddhant/irc_rover_controls_2025/drive_control/src/msg_interfaces -DCMAKE_INSTALL_PREFIX=/home/siddhant/irc_rover_controls_2025/drive_control/install/msg_interfaces
[0.219s] -- The C compiler identification is GNU 11.4.0
[0.276s] -- The CXX compiler identification is GNU 11.4.0
[0.285s] -- Detecting C compiler ABI info
[0.348s] -- Detecting C compiler ABI info - done
[0.354s] -- Check for working C compiler: /usr/bin/cc - skipped
[0.355s] -- Detecting C compile features
[0.355s] -- Detecting C compile features - done
[0.358s] -- Detecting CXX compiler ABI info
[0.426s] -- Detecting CXX compiler ABI info - done
[0.432s] -- Check for working CXX compiler: /usr/bin/c++ - skipped
[0.432s] -- Detecting CXX compile features
[0.432s] -- Detecting CXX compile features - done
[0.438s] -- Found ament_cmake: 1.3.11 (/opt/ros/humble/share/ament_cmake/cmake)
[0.569s] -- Found Python3: /usr/bin/python3 (found version "3.10.12") found components: Interpreter 
[0.644s] -- Found geometry_msgs: 4.8.0 (/opt/ros/humble/share/geometry_msgs/cmake)
[0.672s] -- Found rosidl_generator_c: 3.1.6 (/opt/ros/humble/share/rosidl_generator_c/cmake)
[0.675s] -- Found rosidl_adapter: 3.1.6 (/opt/ros/humble/share/rosidl_adapter/cmake)
[0.681s] -- Found rosidl_generator_cpp: 3.1.6 (/opt/ros/humble/share/rosidl_generator_cpp/cmake)
[0.689s] -- Using all available rosidl_typesupport_c: rosidl_typesupport_fastrtps_c;rosidl_typesupport_introspection_c
[0.700s] -- Using all available rosidl_typesupport_cpp: rosidl_typesupport_fastrtps_cpp;rosidl_typesupport_introspection_cpp
[0.729s] -- Found rosidl_default_generators: 1.2.0 (/opt/ros/humble/share/rosidl_default_generators/cmake)
[0.923s] -- Found ament_cmake_ros: 0.10.0 (/opt/ros/humble/share/ament_cmake_ros/cmake)
[1.195s] -- Using all available rosidl_typesupport_c: rosidl_typesupport_fastrtps_c;rosidl_typesupport_introspection_c
[1.300s] -- Using all available rosidl_typesupport_cpp: rosidl_typesupport_fastrtps_cpp;rosidl_typesupport_introspection_cpp
[1.315s] -- Found PythonInterp: /usr/bin/python3 (found suitable version "3.10.12", minimum required is "3.6") 
[1.316s] -- Found python_cmake_module: 0.10.0 (/opt/ros/humble/share/python_cmake_module/cmake)
[1.334s] -- Found PythonLibs: /usr/lib/x86_64-linux-gnu/libpython3.10.so (found suitable version "3.10.12", minimum required is "3.5") 
[1.334s] -- Using PYTHON_EXECUTABLE: /usr/bin/python3
[1.334s] -- Using PYTHON_INCLUDE_DIRS: /usr/include/python3.10
[1.334s] -- Using PYTHON_LIBRARIES: /usr/lib/x86_64-linux-gnu/libpython3.10.so
[1.347s] -- Found PythonExtra: .so  
[1.379s] -- Found ament_lint_auto: 0.12.12 (/opt/ros/humble/share/ament_lint_auto/cmake)
[1.391s] -- Added test 'lint_cmake' to check CMake code style
[1.392s] -- Added test 'xmllint' to check XML markup files
[1.394s] -- Configuring done
[1.416s] -- Generating done
[1.424s] -- Build files have been written to: /home/siddhant/irc_rover_controls_2025/drive_control/build/msg_interfaces
[1.433s] Invoked command in '/home/siddhant/irc_rover_controls_2025/drive_control/build/msg_interfaces' returned '0': CMAKE_PREFIX_PATH=/opt/ros/humble /usr/bin/cmake /home/siddhant/irc_rover_controls_2025/drive_control/src/msg_interfaces -DCMAKE_INSTALL_PREFIX=/home/siddhant/irc_rover_controls_2025/drive_control/install/msg_interfaces
[1.434s] Invoking command in '/home/siddhant/irc_rover_controls_2025/drive_control/build/msg_interfaces': CMAKE_PREFIX_PATH=/opt/ros/humble /usr/bin/cmake --build /home/siddhant/irc_rover_controls_2025/drive_control/build/msg_interfaces -- -j22 -l22
[1.468s] [  1%] [34m[1mGenerating C code for ROS interfaces[0m
[1.476s] [  2%] [34m[1mGenerating C++ code for ROS interfaces[0m
[1.484s] [  2%] Built target ament_cmake_python_copy_msg_interfaces
[1.653s] running egg_info
[1.653s] creating msg_interfaces.egg-info
[1.654s] writing msg_interfaces.egg-info/PKG-INFO
[1.654s] writing dependency_links to msg_interfaces.egg-info/dependency_links.txt
[1.654s] writing top-level names to msg_interfaces.egg-info/top_level.txt
[1.654s] writing manifest file 'msg_interfaces.egg-info/SOURCES.txt'
[1.657s] reading manifest file 'msg_interfaces.egg-info/SOURCES.txt'
[1.658s] writing manifest file 'msg_interfaces.egg-info/SOURCES.txt'
[1.690s] [  2%] Built target ament_cmake_python_build_msg_interfaces_egg
[1.885s] [  2%] Built target msg_interfaces__cpp
[1.897s] [  4%] [34m[1mGenerating C++ introspection for ROS interfaces[0m
[1.899s] [  5%] [34m[1mGenerating C++ type support dispatch for ROS interfaces[0m
[1.899s] [  7%] [34m[1mGenerating C++ type support for eProsima Fast-RTPS[0m
[1.905s] [  8%] [32mBuilding C object CMakeFiles/msg_interfaces__rosidl_generator_c.dir/rosidl_generator_c/msg_interfaces/msg/detail/encoder_drive__functions.c.o[0m
[1.905s] [  9%] [32mBuilding C object CMakeFiles/msg_interfaces__rosidl_generator_c.dir/rosidl_generator_c/msg_interfaces/msg/detail/cam_drive__functions.c.o[0m
[1.905s] [ 11%] [32mBuilding C object CMakeFiles/msg_interfaces__rosidl_generator_c.dir/rosidl_generator_c/msg_interfaces/msg/detail/motor_six__functions.c.o[0m
[1.905s] [ 12%] [32mBuilding C object CMakeFiles/msg_interfaces__rosidl_generator_c.dir/rosidl_generator_c/msg_interfaces/msg/detail/encoder_arm__functions.c.o[0m
[1.907s] [ 14%] [32mBuilding C object CMakeFiles/msg_interfaces__rosidl_generator_c.dir/rosidl_generator_c/msg_interfaces/msg/detail/drive__functions.c.o[0m
[1.907s] [ 15%] [32mBuilding C object CMakeFiles/msg_interfaces__rosidl_generator_c.dir/rosidl_generator_c/msg_interfaces/msg/detail/arm_end_motion__functions.c.o[0m
[1.995s] [ 16%] [32m[1mLinking C shared library libmsg_interfaces__rosidl_generator_c.so[0m
[2.038s] [ 16%] Built target msg_interfaces__rosidl_generator_c
[2.049s] [ 18%] [34m[1mGenerating C type support dispatch for ROS interfaces[0m
[2.051s] [ 19%] [34m[1mGenerating C type support for eProsima Fast-RTPS[0m
[2.052s] [ 21%] [34m[1mGenerating C introspection for ROS interfaces[0m
[2.321s] [ 22%] [32mBuilding CXX object CMakeFiles/msg_interfaces__rosidl_typesupport_cpp.dir/rosidl_typesupport_cpp/msg_interfaces/msg/cam_drive__type_support.cpp.o[0m
[2.322s] [ 25%] [32mBuilding CXX object CMakeFiles/msg_interfaces__rosidl_typesupport_cpp.dir/rosidl_typesupport_cpp/msg_interfaces/msg/drive__type_support.cpp.o[0m
[2.322s] [ 25%] [32mBuilding CXX object CMakeFiles/msg_interfaces__rosidl_typesupport_cpp.dir/rosidl_typesupport_cpp/msg_interfaces/msg/arm_end_motion__type_support.cpp.o[0m
[2.323s] [ 29%] [32mBuilding CXX object CMakeFiles/msg_interfaces__rosidl_typesupport_cpp.dir/rosidl_typesupport_cpp/msg_interfaces/msg/encoder_drive__type_support.cpp.o[0m
[2.324s] [ 29%] [32mBuilding CXX object CMakeFiles/msg_interfaces__rosidl_typesupport_cpp.dir/rosidl_typesupport_cpp/msg_interfaces/msg/motor_six__type_support.cpp.o[0m
[2.324s] [ 29%] [32mBuilding CXX object CMakeFiles/msg_interfaces__rosidl_typesupport_cpp.dir/rosidl_typesupport_cpp/msg_interfaces/msg/encoder_arm__type_support.cpp.o[0m
[2.412s] [ 32%] [32mBuilding CXX object CMakeFiles/msg_interfaces__rosidl_typesupport_introspection_cpp.dir/rosidl_typesupport_introspection_cpp/msg_interfaces/msg/detail/arm_end_motion__type_support.cpp.o[0m
[2.412s] [ 32%] [32mBuilding CXX object CMakeFiles/msg_interfaces__rosidl_typesupport_introspection_cpp.dir/rosidl_typesupport_introspection_cpp/msg_interfaces/msg/detail/cam_drive__type_support.cpp.o[0m
[2.412s] [ 33%] [32mBuilding CXX object CMakeFiles/msg_interfaces__rosidl_typesupport_introspection_cpp.dir/rosidl_typesupport_introspection_cpp/msg_interfaces/msg/detail/drive__type_support.cpp.o[0m
[2.417s] [ 36%] [32mBuilding CXX object CMakeFiles/msg_interfaces__rosidl_typesupport_introspection_cpp.dir/rosidl_typesupport_introspection_cpp/msg_interfaces/msg/detail/encoder_arm__type_support.cpp.o[0m
[2.417s] [ 36%] [32mBuilding CXX object CMakeFiles/msg_interfaces__rosidl_typesupport_introspection_cpp.dir/rosidl_typesupport_introspection_cpp/msg_interfaces/msg/detail/motor_six__type_support.cpp.o[0m
[2.420s] [ 38%] [32mBuilding CXX object CMakeFiles/msg_interfaces__rosidl_typesupport_introspection_cpp.dir/rosidl_typesupport_introspection_cpp/msg_interfaces/msg/detail/encoder_drive__type_support.cpp.o[0m
[2.481s] [ 43%] [32mBuilding CXX object CMakeFiles/msg_interfaces__rosidl_typesupport_fastrtps_cpp.dir/rosidl_typesupport_fastrtps_cpp/msg_interfaces/msg/detail/dds_fastrtps/arm_end_motion__type_support.cpp.o[0m
[2.481s] [ 43%] [32mBuilding CXX object CMakeFiles/msg_interfaces__rosidl_typesupport_fastrtps_cpp.dir/rosidl_typesupport_fastrtps_cpp/msg_interfaces/msg/detail/dds_fastrtps/encoder_arm__type_support.cpp.o[0m
[2.481s] [ 43%] [32mBuilding CXX object CMakeFiles/msg_interfaces__rosidl_typesupport_fastrtps_cpp.dir/rosidl_typesupport_fastrtps_cpp/msg_interfaces/msg/detail/dds_fastrtps/motor_six__type_support.cpp.o[0m
[2.482s] [ 43%] [32mBuilding CXX object CMakeFiles/msg_interfaces__rosidl_typesupport_fastrtps_cpp.dir/rosidl_typesupport_fastrtps_cpp/msg_interfaces/msg/detail/dds_fastrtps/cam_drive__type_support.cpp.o[0m
[2.482s] [ 45%] [32mBuilding CXX object CMakeFiles/msg_interfaces__rosidl_typesupport_fastrtps_cpp.dir/rosidl_typesupport_fastrtps_cpp/msg_interfaces/msg/detail/dds_fastrtps/encoder_drive__type_support.cpp.o[0m
[2.490s] [ 46%] [32mBuilding CXX object CMakeFiles/msg_interfaces__rosidl_typesupport_fastrtps_cpp.dir/rosidl_typesupport_fastrtps_cpp/msg_interfaces/msg/detail/dds_fastrtps/drive__type_support.cpp.o[0m
[2.611s] [ 47%] [32mBuilding CXX object CMakeFiles/msg_interfaces__rosidl_typesupport_c.dir/rosidl_typesupport_c/msg_interfaces/msg/drive__type_support.cpp.o[0m
[2.644s] [ 49%] [32mBuilding CXX object CMakeFiles/msg_interfaces__rosidl_typesupport_c.dir/rosidl_typesupport_c/msg_interfaces/msg/cam_drive__type_support.cpp.o[0m
[2.668s] [ 50%] [32mBuilding CXX object CMakeFiles/msg_interfaces__rosidl_typesupport_c.dir/rosidl_typesupport_c/msg_interfaces/msg/arm_end_motion__type_support.cpp.o[0m
[2.718s] [ 52%] [32mBuilding CXX object CMakeFiles/msg_interfaces__rosidl_typesupport_c.dir/rosidl_typesupport_c/msg_interfaces/msg/motor_six__type_support.cpp.o[0m
[2.733s] [ 53%] [32mBuilding CXX object CMakeFiles/msg_interfaces__rosidl_typesupport_c.dir/rosidl_typesupport_c/msg_interfaces/msg/encoder_arm__type_support.cpp.o[0m
[2.757s] [ 54%] [32mBuilding C object CMakeFiles/msg_interfaces__rosidl_typesupport_introspection_c.dir/rosidl_typesupport_introspection_c/msg_interfaces/msg/detail/drive__type_support.c.o[0m
[2.790s] [ 56%] [32mBuilding CXX object CMakeFiles/msg_interfaces__rosidl_typesupport_c.dir/rosidl_typesupport_c/msg_interfaces/msg/encoder_drive__type_support.cpp.o[0m
[2.838s] [ 57%] [32mBuilding C object CMakeFiles/msg_interfaces__rosidl_typesupport_introspection_c.dir/rosidl_typesupport_introspection_c/msg_interfaces/msg/detail/arm_end_motion__type_support.c.o[0m
[2.846s] [ 59%] [32mBuilding C object CMakeFiles/msg_interfaces__rosidl_typesupport_introspection_c.dir/rosidl_typesupport_introspection_c/msg_interfaces/msg/detail/cam_drive__type_support.c.o[0m
[2.863s] [ 60%] [32m[1mLinking CXX shared library libmsg_interfaces__rosidl_typesupport_c.so[0m
[2.864s] [ 61%] [32mBuilding C object CMakeFiles/msg_interfaces__rosidl_typesupport_introspection_c.dir/rosidl_typesupport_introspection_c/msg_interfaces/msg/detail/motor_six__type_support.c.o[0m
[2.918s] [ 63%] [32mBuilding C object CMakeFiles/msg_interfaces__rosidl_typesupport_introspection_c.dir/rosidl_typesupport_introspection_c/msg_interfaces/msg/detail/encoder_arm__type_support.c.o[0m
[2.925s] [ 64%] [32mBuilding C object CMakeFiles/msg_interfaces__rosidl_typesupport_introspection_c.dir/rosidl_typesupport_introspection_c/msg_interfaces/msg/detail/encoder_drive__type_support.c.o[0m
[2.945s] [ 64%] Built target msg_interfaces__rosidl_typesupport_c
[2.945s] [ 66%] [32mBuilding CXX object CMakeFiles/msg_interfaces__rosidl_typesupport_fastrtps_c.dir/rosidl_typesupport_fastrtps_c/msg_interfaces/msg/detail/cam_drive__type_support_c.cpp.o[0m
[2.956s] [ 67%] [32mBuilding CXX object CMakeFiles/msg_interfaces__rosidl_typesupport_fastrtps_c.dir/rosidl_typesupport_fastrtps_c/msg_interfaces/msg/detail/arm_end_motion__type_support_c.cpp.o[0m
[2.956s] [ 69%] [32mBuilding CXX object CMakeFiles/msg_interfaces__rosidl_typesupport_fastrtps_c.dir/rosidl_typesupport_fastrtps_c/msg_interfaces/msg/detail/drive__type_support_c.cpp.o[0m
[2.962s] [ 70%] [32mBuilding CXX object CMakeFiles/msg_interfaces__rosidl_typesupport_fastrtps_c.dir/rosidl_typesupport_fastrtps_c/msg_interfaces/msg/detail/motor_six__type_support_c.cpp.o[0m
[2.964s] [ 71%] [32mBuilding CXX object CMakeFiles/msg_interfaces__rosidl_typesupport_fastrtps_c.dir/rosidl_typesupport_fastrtps_c/msg_interfaces/msg/detail/encoder_arm__type_support_c.cpp.o[0m
[3.033s] [ 73%] [32mBuilding CXX object CMakeFiles/msg_interfaces__rosidl_typesupport_fastrtps_c.dir/rosidl_typesupport_fastrtps_c/msg_interfaces/msg/detail/encoder_drive__type_support_c.cpp.o[0m
[3.056s] [ 74%] [32m[1mLinking C shared library libmsg_interfaces__rosidl_typesupport_introspection_c.so[0m
[3.125s] [ 74%] Built target msg_interfaces__rosidl_typesupport_introspection_c
[3.169s] [ 76%] [32m[1mLinking CXX shared library libmsg_interfaces__rosidl_typesupport_cpp.so[0m
[3.265s] [ 76%] Built target msg_interfaces__rosidl_typesupport_cpp
[3.533s] [ 77%] [32m[1mLinking CXX shared library libmsg_interfaces__rosidl_typesupport_introspection_cpp.so[0m
[3.566s] [ 78%] [32m[1mLinking CXX shared library libmsg_interfaces__rosidl_typesupport_fastrtps_cpp.so[0m
[3.619s] [ 78%] Built target msg_interfaces__rosidl_typesupport_introspection_cpp
[3.651s] [ 78%] Built target msg_interfaces__rosidl_typesupport_fastrtps_cpp
[3.676s] [ 80%] [32m[1mLinking CXX shared library libmsg_interfaces__rosidl_typesupport_fastrtps_c.so[0m
[3.727s] [ 80%] Built target msg_interfaces__rosidl_typesupport_fastrtps_c
[3.743s] [ 80%] Built target msg_interfaces
[3.757s] [ 81%] [34m[1mGenerating Python code for ROS interfaces[0m
[4.236s] [ 81%] Built target msg_interfaces__py
[4.253s] [ 83%] [32mBuilding C object CMakeFiles/msg_interfaces__rosidl_generator_py.dir/rosidl_generator_py/msg_interfaces/msg/_encoder_arm_s.c.o[0m
[4.253s] [ 84%] [32mBuilding C object CMakeFiles/msg_interfaces__rosidl_generator_py.dir/rosidl_generator_py/msg_interfaces/msg/_motor_six_s.c.o[0m
[4.253s] [ 85%] [32mBuilding C object CMakeFiles/msg_interfaces__rosidl_generator_py.dir/rosidl_generator_py/msg_interfaces/msg/_arm_end_motion_s.c.o[0m
[4.253s] [ 87%] [32mBuilding C object CMakeFiles/msg_interfaces__rosidl_generator_py.dir/rosidl_generator_py/msg_interfaces/msg/_drive_s.c.o[0m
[4.254s] [ 88%] [32mBuilding C object CMakeFiles/msg_interfaces__rosidl_generator_py.dir/rosidl_generator_py/msg_interfaces/msg/_encoder_drive_s.c.o[0m
[4.254s] [ 90%] [32mBuilding C object CMakeFiles/msg_interfaces__rosidl_generator_py.dir/rosidl_generator_py/msg_interfaces/msg/_cam_drive_s.c.o[0m
[4.397s] [ 91%] [32m[1mLinking C shared library rosidl_generator_py/msg_interfaces/libmsg_interfaces__rosidl_generator_py.so[0m
[4.425s] [ 91%] Built target msg_interfaces__rosidl_generator_py
[4.444s] [ 92%] [32mBuilding C object CMakeFiles/msg_interfaces__rosidl_typesupport_fastrtps_c__pyext.dir/rosidl_generator_py/msg_interfaces/_msg_interfaces_s.ep.rosidl_typesupport_fastrtps_c.c.o[0m
[4.445s] [ 94%] [32mBuilding C object CMakeFiles/msg_interfaces__rosidl_typesupport_introspection_c__pyext.dir/rosidl_generator_py/msg_interfaces/_msg_interfaces_s.ep.rosidl_typesupport_introspection_c.c.o[0m
[4.445s] [ 95%] [32mBuilding C object CMakeFiles/msg_interfaces__rosidl_typesupport_c__pyext.dir/rosidl_generator_py/msg_interfaces/_msg_interfaces_s.ep.rosidl_typesupport_c.c.o[0m
[4.531s] [ 97%] [32m[1mLinking C shared library rosidl_generator_py/msg_interfaces/msg_interfaces_s__rosidl_typesupport_introspection_c.cpython-310-x86_64-linux-gnu.so[0m
[4.532s] [100%] [32m[1mLinking C shared library rosidl_generator_py/msg_interfaces/msg_interfaces_s__rosidl_typesupport_c.cpython-310-x86_64-linux-gnu.so[0m
[4.532s] [100%] [32m[1mLinking C shared library rosidl_generator_py/msg_interfaces/msg_interfaces_s__rosidl_typesupport_fastrtps_c.cpython-310-x86_64-linux-gnu.so[0m
[4.564s] [100%] Built target msg_interfaces__rosidl_typesupport_c__pyext
[4.564s] [100%] Built target msg_interfaces__rosidl_typesupport_fastrtps_c__pyext
[4.565s] [100%] Built target msg_interfaces__rosidl_typesupport_introspection_c__pyext
[4.576s] Invoked command in '/home/siddhant/irc_rover_controls_2025/drive_control/build/msg_interfaces' returned '0': CMAKE_PREFIX_PATH=/opt/ros/humble /usr/bin/cmake --build /home/siddhant/irc_rover_controls_2025/drive_control/build/msg_interfaces -- -j22 -l22
[4.582s] Invoking command in '/home/siddhant/irc_rover_controls_2025/drive_control/build/msg_interfaces': CMAKE_PREFIX_PATH=/opt/ros/humble /usr/bin/cmake --install /home/siddhant/irc_rover_controls_2025/drive_control/build/msg_interfaces
[4.588s] -- Install configuration: ""
[4.588s] -- Installing: /home/siddhant/irc_rover_controls_2025/drive_control/install/msg_interfaces/share/ament_index/resource_index/rosidl_interfaces/msg_interfaces
[4.588s] -- Installing: /home/siddhant/irc_rover_controls_2025/drive_control/install/msg_interfaces/include/msg_interfaces/msg_interfaces
[4.588s] -- Installing: /home/siddhant/irc_rover_controls_2025/drive_control/install/msg_interfaces/include/msg_interfaces/msg_interfaces/msg
[4.588s] -- Installing: /home/siddhant/irc_rover_controls_2025/drive_control/install/msg_interfaces/include/msg_interfaces/msg_interfaces/msg/motor_six.h
[4.588s] -- Installing: /home/siddhant/irc_rover_controls_2025/drive_control/install/msg_interfaces/include/msg_interfaces/msg_interfaces/msg/encoder_arm.h
[4.588s] -- Installing: /home/siddhant/irc_rover_controls_2025/drive_control/install/msg_interfaces/include/msg_interfaces/msg_interfaces/msg/cam_drive.h
[4.588s] -- Installing: /home/siddhant/irc_rover_controls_2025/drive_control/install/msg_interfaces/include/msg_interfaces/msg_interfaces/msg/rosidl_generator_c__visibility_control.h
[4.588s] -- Installing: /home/siddhant/irc_rover_controls_2025/drive_control/install/msg_interfaces/include/msg_interfaces/msg_interfaces/msg/drive.h
[4.588s] -- Installing: /home/siddhant/irc_rover_controls_2025/drive_control/install/msg_interfaces/include/msg_interfaces/msg_interfaces/msg/encoder_drive.h
[4.589s] -- Installing: /home/siddhant/irc_rover_controls_2025/drive_control/install/msg_interfaces/include/msg_interfaces/msg_interfaces/msg/arm_end_motion.h
[4.589s] -- Installing: /home/siddhant/irc_rover_controls_2025/drive_control/install/msg_interfaces/include/msg_interfaces/msg_interfaces/msg/detail
[4.589s] -- Installing: /home/siddhant/irc_rover_controls_2025/drive_control/install/msg_interfaces/include/msg_interfaces/msg_interfaces/msg/detail/encoder_arm__type_support.h
[4.589s] -- Installing: /home/siddhant/irc_rover_controls_2025/drive_control/install/msg_interfaces/include/msg_interfaces/msg_interfaces/msg/detail/cam_drive__struct.h
[4.589s] -- Installing: /home/siddhant/irc_rover_controls_2025/drive_control/install/msg_interfaces/include/msg_interfaces/msg_interfaces/msg/detail/arm_end_motion__type_support.h
[4.589s] -- Installing: /home/siddhant/irc_rover_controls_2025/drive_control/install/msg_interfaces/include/msg_interfaces/msg_interfaces/msg/detail/encoder_drive__functions.c
[4.589s] -- Installing: /home/siddhant/irc_rover_controls_2025/drive_control/install/msg_interfaces/include/msg_interfaces/msg_interfaces/msg/detail/encoder_drive__struct.h
[4.589s] -- Installing: /home/siddhant/irc_rover_controls_2025/drive_control/install/msg_interfaces/include/msg_interfaces/msg_interfaces/msg/detail/encoder_drive__type_support.h
[4.589s] -- Installing: /home/siddhant/irc_rover_controls_2025/drive_control/install/msg_interfaces/include/msg_interfaces/msg_interfaces/msg/detail/cam_drive__functions.h
[4.589s] -- Installing: /home/siddhant/irc_rover_controls_2025/drive_control/install/msg_interfaces/include/msg_interfaces/msg_interfaces/msg/detail/arm_end_motion__functions.h
[4.589s] -- Installing: /home/siddhant/irc_rover_controls_2025/drive_control/install/msg_interfaces/include/msg_interfaces/msg_interfaces/msg/detail/encoder_arm__struct.h
[4.589s] -- Installing: /home/siddhant/irc_rover_controls_2025/drive_control/install/msg_interfaces/include/msg_interfaces/msg_interfaces/msg/detail/encoder_drive__functions.h
[4.589s] -- Installing: /home/siddhant/irc_rover_controls_2025/drive_control/install/msg_interfaces/include/msg_interfaces/msg_interfaces/msg/detail/arm_end_motion__functions.c
[4.589s] -- Installing: /home/siddhant/irc_rover_controls_2025/drive_control/install/msg_interfaces/include/msg_interfaces/msg_interfaces/msg/detail/drive__functions.c
[4.589s] -- Installing: /home/siddhant/irc_rover_controls_2025/drive_control/install/msg_interfaces/include/msg_interfaces/msg_interfaces/msg/detail/cam_drive__functions.c
[4.589s] -- Installing: /home/siddhant/irc_rover_controls_2025/drive_control/install/msg_interfaces/include/msg_interfaces/msg_interfaces/msg/detail/drive__functions.h
[4.590s] -- Installing: /home/siddhant/irc_rover_controls_2025/drive_control/install/msg_interfaces/include/msg_interfaces/msg_interfaces/msg/detail/drive__type_support.h
[4.590s] -- Installing: /home/siddhant/irc_rover_controls_2025/drive_control/install/msg_interfaces/include/msg_interfaces/msg_interfaces/msg/detail/motor_six__struct.h
[4.590s] -- Installing: /home/siddhant/irc_rover_controls_2025/drive_control/install/msg_interfaces/include/msg_interfaces/msg_interfaces/msg/detail/motor_six__functions.c
[4.590s] -- Installing: /home/siddhant/irc_rover_controls_2025/drive_control/install/msg_interfaces/include/msg_interfaces/msg_interfaces/msg/detail/encoder_arm__functions.h
[4.590s] -- Installing: /home/siddhant/irc_rover_controls_2025/drive_control/install/msg_interfaces/include/msg_interfaces/msg_interfaces/msg/detail/arm_end_motion__struct.h
[4.590s] -- Installing: /home/siddhant/irc_rover_controls_2025/drive_control/install/msg_interfaces/include/msg_interfaces/msg_interfaces/msg/detail/motor_six__type_support.h
[4.590s] -- Installing: /home/siddhant/irc_rover_controls_2025/drive_control/install/msg_interfaces/include/msg_interfaces/msg_interfaces/msg/detail/cam_drive__type_support.h
[4.590s] -- Installing: /home/siddhant/irc_rover_controls_2025/drive_control/install/msg_interfaces/include/msg_interfaces/msg_interfaces/msg/detail/encoder_arm__functions.c
[4.590s] -- Installing: /home/siddhant/irc_rover_controls_2025/drive_control/install/msg_interfaces/include/msg_interfaces/msg_interfaces/msg/detail/motor_six__functions.h
[4.590s] -- Installing: /home/siddhant/irc_rover_controls_2025/drive_control/install/msg_interfaces/include/msg_interfaces/msg_interfaces/msg/detail/drive__struct.h
[4.590s] -- Installing: /home/siddhant/irc_rover_controls_2025/drive_control/install/msg_interfaces/share/msg_interfaces/environment/library_path.sh
[4.590s] -- Installing: /home/siddhant/irc_rover_controls_2025/drive_control/install/msg_interfaces/share/msg_interfaces/environment/library_path.dsv
[4.590s] -- Installing: /home/siddhant/irc_rover_controls_2025/drive_control/install/msg_interfaces/lib/libmsg_interfaces__rosidl_generator_c.so
[4.590s] -- Set runtime path of "/home/siddhant/irc_rover_controls_2025/drive_control/install/msg_interfaces/lib/libmsg_interfaces__rosidl_generator_c.so" to ""
[4.590s] -- Up-to-date: /home/siddhant/irc_rover_controls_2025/drive_control/install/msg_interfaces/include/msg_interfaces/msg_interfaces
[4.590s] -- Up-to-date: /home/siddhant/irc_rover_controls_2025/drive_control/install/msg_interfaces/include/msg_interfaces/msg_interfaces/msg
[4.590s] -- Installing: /home/siddhant/irc_rover_controls_2025/drive_control/install/msg_interfaces/include/msg_interfaces/msg_interfaces/msg/rosidl_typesupport_fastrtps_c__visibility_control.h
[4.590s] -- Up-to-date: /home/siddhant/irc_rover_controls_2025/drive_control/install/msg_interfaces/include/msg_interfaces/msg_interfaces/msg/detail
[4.590s] -- Installing: /home/siddhant/irc_rover_controls_2025/drive_control/install/msg_interfaces/include/msg_interfaces/msg_interfaces/msg/detail/motor_six__rosidl_typesupport_fastrtps_c.h
[4.590s] -- Installing: /home/siddhant/irc_rover_controls_2025/drive_control/install/msg_interfaces/include/msg_interfaces/msg_interfaces/msg/detail/cam_drive__rosidl_typesupport_fastrtps_c.h
[4.590s] -- Installing: /home/siddhant/irc_rover_controls_2025/drive_control/install/msg_interfaces/include/msg_interfaces/msg_interfaces/msg/detail/drive__rosidl_typesupport_fastrtps_c.h
[4.590s] -- Installing: /home/siddhant/irc_rover_controls_2025/drive_control/install/msg_interfaces/include/msg_interfaces/msg_interfaces/msg/detail/encoder_arm__rosidl_typesupport_fastrtps_c.h
[4.590s] -- Installing: /home/siddhant/irc_rover_controls_2025/drive_control/install/msg_interfaces/include/msg_interfaces/msg_interfaces/msg/detail/arm_end_motion__rosidl_typesupport_fastrtps_c.h
[4.591s] -- Installing: /home/siddhant/irc_rover_controls_2025/drive_control/install/msg_interfaces/include/msg_interfaces/msg_interfaces/msg/detail/encoder_drive__rosidl_typesupport_fastrtps_c.h
[4.591s] -- Installing: /home/siddhant/irc_rover_controls_2025/drive_control/install/msg_interfaces/lib/libmsg_interfaces__rosidl_typesupport_fastrtps_c.so
[4.591s] -- Set runtime path of "/home/siddhant/irc_rover_controls_2025/drive_control/install/msg_interfaces/lib/libmsg_interfaces__rosidl_typesupport_fastrtps_c.so" to ""
[4.591s] -- Up-to-date: /home/siddhant/irc_rover_controls_2025/drive_control/install/msg_interfaces/include/msg_interfaces/msg_interfaces
[4.591s] -- Up-to-date: /home/siddhant/irc_rover_controls_2025/drive_control/install/msg_interfaces/include/msg_interfaces/msg_interfaces/msg
[4.591s] -- Installing: /home/siddhant/irc_rover_controls_2025/drive_control/install/msg_interfaces/include/msg_interfaces/msg_interfaces/msg/encoder_arm.hpp
[4.591s] -- Installing: /home/siddhant/irc_rover_controls_2025/drive_control/install/msg_interfaces/include/msg_interfaces/msg_interfaces/msg/motor_six.hpp
[4.591s] -- Installing: /home/siddhant/irc_rover_controls_2025/drive_control/install/msg_interfaces/include/msg_interfaces/msg_interfaces/msg/rosidl_generator_cpp__visibility_control.hpp
[4.591s] -- Installing: /home/siddhant/irc_rover_controls_2025/drive_control/install/msg_interfaces/include/msg_interfaces/msg_interfaces/msg/drive.hpp
[4.591s] -- Installing: /home/siddhant/irc_rover_controls_2025/drive_control/install/msg_interfaces/include/msg_interfaces/msg_interfaces/msg/arm_end_motion.hpp
[4.591s] -- Installing: /home/siddhant/irc_rover_controls_2025/drive_control/install/msg_interfaces/include/msg_interfaces/msg_interfaces/msg/cam_drive.hpp
[4.591s] -- Up-to-date: /home/siddhant/irc_rover_controls_2025/drive_control/install/msg_interfaces/include/msg_interfaces/msg_interfaces/msg/detail
[4.591s] -- Installing: /home/siddhant/irc_rover_controls_2025/drive_control/install/msg_interfaces/include/msg_interfaces/msg_interfaces/msg/detail/cam_drive__builder.hpp
[4.591s] -- Installing: /home/siddhant/irc_rover_controls_2025/drive_control/install/msg_interfaces/include/msg_interfaces/msg_interfaces/msg/detail/drive__struct.hpp
[4.591s] -- Installing: /home/siddhant/irc_rover_controls_2025/drive_control/install/msg_interfaces/include/msg_interfaces/msg_interfaces/msg/detail/drive__traits.hpp
[4.591s] -- Installing: /home/siddhant/irc_rover_controls_2025/drive_control/install/msg_interfaces/include/msg_interfaces/msg_interfaces/msg/detail/encoder_drive__builder.hpp
[4.591s] -- Installing: /home/siddhant/irc_rover_controls_2025/drive_control/install/msg_interfaces/include/msg_interfaces/msg_interfaces/msg/detail/drive__type_support.hpp
[4.591s] -- Installing: /home/siddhant/irc_rover_controls_2025/drive_control/install/msg_interfaces/include/msg_interfaces/msg_interfaces/msg/detail/encoder_arm__struct.hpp
[4.591s] -- Installing: /home/siddhant/irc_rover_controls_2025/drive_control/install/msg_interfaces/include/msg_interfaces/msg_interfaces/msg/detail/arm_end_motion__struct.hpp
[4.591s] -- Installing: /home/siddhant/irc_rover_controls_2025/drive_control/install/msg_interfaces/include/msg_interfaces/msg_interfaces/msg/detail/encoder_drive__type_support.hpp
[4.591s] -- Installing: /home/siddhant/irc_rover_controls_2025/drive_control/install/msg_interfaces/include/msg_interfaces/msg_interfaces/msg/detail/drive__builder.hpp
[4.591s] -- Installing: /home/siddhant/irc_rover_controls_2025/drive_control/install/msg_interfaces/include/msg_interfaces/msg_interfaces/msg/detail/encoder_arm__traits.hpp
[4.591s] -- Installing: /home/siddhant/irc_rover_controls_2025/drive_control/install/msg_interfaces/include/msg_interfaces/msg_interfaces/msg/detail/encoder_drive__traits.hpp
[4.592s] -- Installing: /home/siddhant/irc_rover_controls_2025/drive_control/install/msg_interfaces/include/msg_interfaces/msg_interfaces/msg/detail/motor_six__type_support.hpp
[4.592s] -- Installing: /home/siddhant/irc_rover_controls_2025/drive_control/install/msg_interfaces/include/msg_interfaces/msg_interfaces/msg/detail/cam_drive__struct.hpp
[4.592s] -- Installing: /home/siddhant/irc_rover_controls_2025/drive_control/install/msg_interfaces/include/msg_interfaces/msg_interfaces/msg/detail/encoder_arm__type_support.hpp
[4.592s] -- Installing: /home/siddhant/irc_rover_controls_2025/drive_control/install/msg_interfaces/include/msg_interfaces/msg_interfaces/msg/detail/arm_end_motion__builder.hpp
[4.592s] -- Installing: /home/siddhant/irc_rover_controls_2025/drive_control/install/msg_interfaces/include/msg_interfaces/msg_interfaces/msg/detail/encoder_drive__struct.hpp
[4.592s] -- Installing: /home/siddhant/irc_rover_controls_2025/drive_control/install/msg_interfaces/include/msg_interfaces/msg_interfaces/msg/detail/cam_drive__type_support.hpp
[4.592s] -- Installing: /home/siddhant/irc_rover_controls_2025/drive_control/install/msg_interfaces/include/msg_interfaces/msg_interfaces/msg/detail/cam_drive__traits.hpp
[4.592s] -- Installing: /home/siddhant/irc_rover_controls_2025/drive_control/install/msg_interfaces/include/msg_interfaces/msg_interfaces/msg/detail/arm_end_motion__type_support.hpp
[4.592s] -- Installing: /home/siddhant/irc_rover_controls_2025/drive_control/install/msg_interfaces/include/msg_interfaces/msg_interfaces/msg/detail/motor_six__struct.hpp
[4.592s] -- Installing: /home/siddhant/irc_rover_controls_2025/drive_control/install/msg_interfaces/include/msg_interfaces/msg_interfaces/msg/detail/encoder_arm__builder.hpp
[4.592s] -- Installing: /home/siddhant/irc_rover_controls_2025/drive_control/install/msg_interfaces/include/msg_interfaces/msg_interfaces/msg/detail/motor_six__builder.hpp
[4.592s] -- Installing: /home/siddhant/irc_rover_controls_2025/drive_control/install/msg_interfaces/include/msg_interfaces/msg_interfaces/msg/detail/arm_end_motion__traits.hpp
[4.592s] -- Installing: /home/siddhant/irc_rover_controls_2025/drive_control/install/msg_interfaces/include/msg_interfaces/msg_interfaces/msg/detail/motor_six__traits.hpp
[4.592s] -- Installing: /home/siddhant/irc_rover_controls_2025/drive_control/install/msg_interfaces/include/msg_interfaces/msg_interfaces/msg/encoder_drive.hpp
[4.592s] -- Up-to-date: /home/siddhant/irc_rover_controls_2025/drive_control/install/msg_interfaces/include/msg_interfaces/msg_interfaces
[4.592s] -- Up-to-date: /home/siddhant/irc_rover_controls_2025/drive_control/install/msg_interfaces/include/msg_interfaces/msg_interfaces/msg
[4.592s] -- Up-to-date: /home/siddhant/irc_rover_controls_2025/drive_control/install/msg_interfaces/include/msg_interfaces/msg_interfaces/msg/detail
[4.592s] -- Installing: /home/siddhant/irc_rover_controls_2025/drive_control/install/msg_interfaces/include/msg_interfaces/msg_interfaces/msg/detail/drive__rosidl_typesupport_fastrtps_cpp.hpp
[4.592s] -- Installing: /home/siddhant/irc_rover_controls_2025/drive_control/install/msg_interfaces/include/msg_interfaces/msg_interfaces/msg/detail/motor_six__rosidl_typesupport_fastrtps_cpp.hpp
[4.592s] -- Installing: /home/siddhant/irc_rover_controls_2025/drive_control/install/msg_interfaces/include/msg_interfaces/msg_interfaces/msg/detail/arm_end_motion__rosidl_typesupport_fastrtps_cpp.hpp
[4.592s] -- Installing: /home/siddhant/irc_rover_controls_2025/drive_control/install/msg_interfaces/include/msg_interfaces/msg_interfaces/msg/detail/cam_drive__rosidl_typesupport_fastrtps_cpp.hpp
[4.592s] -- Installing: /home/siddhant/irc_rover_controls_2025/drive_control/install/msg_interfaces/include/msg_interfaces/msg_interfaces/msg/detail/encoder_arm__rosidl_typesupport_fastrtps_cpp.hpp
[4.592s] -- Installing: /home/siddhant/irc_rover_controls_2025/drive_control/install/msg_interfaces/include/msg_interfaces/msg_interfaces/msg/detail/dds_fastrtps
[4.593s] -- Installing: /home/siddhant/irc_rover_controls_2025/drive_control/install/msg_interfaces/include/msg_interfaces/msg_interfaces/msg/detail/encoder_drive__rosidl_typesupport_fastrtps_cpp.hpp
[4.593s] -- Installing: /home/siddhant/irc_rover_controls_2025/drive_control/install/msg_interfaces/include/msg_interfaces/msg_interfaces/msg/rosidl_typesupport_fastrtps_cpp__visibility_control.h
[4.593s] -- Installing: /home/siddhant/irc_rover_controls_2025/drive_control/install/msg_interfaces/lib/libmsg_interfaces__rosidl_typesupport_fastrtps_cpp.so
[4.593s] -- Set runtime path of "/home/siddhant/irc_rover_controls_2025/drive_control/install/msg_interfaces/lib/libmsg_interfaces__rosidl_typesupport_fastrtps_cpp.so" to ""
[4.593s] -- Up-to-date: /home/siddhant/irc_rover_controls_2025/drive_control/install/msg_interfaces/include/msg_interfaces/msg_interfaces
[4.593s] -- Up-to-date: /home/siddhant/irc_rover_controls_2025/drive_control/install/msg_interfaces/include/msg_interfaces/msg_interfaces/msg
[4.593s] -- Installing: /home/siddhant/irc_rover_controls_2025/drive_control/install/msg_interfaces/include/msg_interfaces/msg_interfaces/msg/rosidl_typesupport_introspection_c__visibility_control.h
[4.593s] -- Up-to-date: /home/siddhant/irc_rover_controls_2025/drive_control/install/msg_interfaces/include/msg_interfaces/msg_interfaces/msg/detail
[4.593s] -- Installing: /home/siddhant/irc_rover_controls_2025/drive_control/install/msg_interfaces/include/msg_interfaces/msg_interfaces/msg/detail/encoder_arm__type_support.c
[4.593s] -- Installing: /home/siddhant/irc_rover_controls_2025/drive_control/install/msg_interfaces/include/msg_interfaces/msg_interfaces/msg/detail/motor_six__type_support.c
[4.593s] -- Installing: /home/siddhant/irc_rover_controls_2025/drive_control/install/msg_interfaces/include/msg_interfaces/msg_interfaces/msg/detail/drive__rosidl_typesupport_introspection_c.h
[4.593s] -- Installing: /home/siddhant/irc_rover_controls_2025/drive_control/install/msg_interfaces/include/msg_interfaces/msg_interfaces/msg/detail/encoder_arm__rosidl_typesupport_introspection_c.h
[4.593s] -- Installing: /home/siddhant/irc_rover_controls_2025/drive_control/install/msg_interfaces/include/msg_interfaces/msg_interfaces/msg/detail/arm_end_motion__type_support.c
[4.593s] -- Installing: /home/siddhant/irc_rover_controls_2025/drive_control/install/msg_interfaces/include/msg_interfaces/msg_interfaces/msg/detail/cam_drive__type_support.c
[4.593s] -- Installing: /home/siddhant/irc_rover_controls_2025/drive_control/install/msg_interfaces/include/msg_interfaces/msg_interfaces/msg/detail/cam_drive__rosidl_typesupport_introspection_c.h
[4.593s] -- Installing: /home/siddhant/irc_rover_controls_2025/drive_control/install/msg_interfaces/include/msg_interfaces/msg_interfaces/msg/detail/drive__type_support.c
[4.593s] -- Installing: /home/siddhant/irc_rover_controls_2025/drive_control/install/msg_interfaces/include/msg_interfaces/msg_interfaces/msg/detail/arm_end_motion__rosidl_typesupport_introspection_c.h
[4.593s] -- Installing: /home/siddhant/irc_rover_controls_2025/drive_control/install/msg_interfaces/include/msg_interfaces/msg_interfaces/msg/detail/encoder_drive__rosidl_typesupport_introspection_c.h
[4.594s] -- Installing: /home/siddhant/irc_rover_controls_2025/drive_control/install/msg_interfaces/include/msg_interfaces/msg_interfaces/msg/detail/motor_six__rosidl_typesupport_introspection_c.h
[4.594s] -- Installing: /home/siddhant/irc_rover_controls_2025/drive_control/install/msg_interfaces/include/msg_interfaces/msg_interfaces/msg/detail/encoder_drive__type_support.c
[4.594s] -- Installing: /home/siddhant/irc_rover_controls_2025/drive_control/install/msg_interfaces/lib/libmsg_interfaces__rosidl_typesupport_introspection_c.so
[4.594s] -- Set runtime path of "/home/siddhant/irc_rover_controls_2025/drive_control/install/msg_interfaces/lib/libmsg_interfaces__rosidl_typesupport_introspection_c.so" to ""
[4.594s] -- Installing: /home/siddhant/irc_rover_controls_2025/drive_control/install/msg_interfaces/lib/libmsg_interfaces__rosidl_typesupport_c.so
[4.594s] -- Set runtime path of "/home/siddhant/irc_rover_controls_2025/drive_control/install/msg_interfaces/lib/libmsg_interfaces__rosidl_typesupport_c.so" to ""
[4.594s] -- Up-to-date: /home/siddhant/irc_rover_controls_2025/drive_control/install/msg_interfaces/include/msg_interfaces/msg_interfaces
[4.594s] -- Up-to-date: /home/siddhant/irc_rover_controls_2025/drive_control/install/msg_interfaces/include/msg_interfaces/msg_interfaces/msg
[4.594s] -- Up-to-date: /home/siddhant/irc_rover_controls_2025/drive_control/install/msg_interfaces/include/msg_interfaces/msg_interfaces/msg/detail
[4.594s] -- Installing: /home/siddhant/irc_rover_controls_2025/drive_control/install/msg_interfaces/include/msg_interfaces/msg_interfaces/msg/detail/motor_six__rosidl_typesupport_introspection_cpp.hpp
[4.594s] -- Installing: /home/siddhant/irc_rover_controls_2025/drive_control/install/msg_interfaces/include/msg_interfaces/msg_interfaces/msg/detail/encoder_drive__type_support.cpp
[4.594s] -- Installing: /home/siddhant/irc_rover_controls_2025/drive_control/install/msg_interfaces/include/msg_interfaces/msg_interfaces/msg/detail/drive__type_support.cpp
[4.594s] -- Installing: /home/siddhant/irc_rover_controls_2025/drive_control/install/msg_interfaces/include/msg_interfaces/msg_interfaces/msg/detail/motor_six__type_support.cpp
[4.594s] -- Installing: /home/siddhant/irc_rover_controls_2025/drive_control/install/msg_interfaces/include/msg_interfaces/msg_interfaces/msg/detail/cam_drive__rosidl_typesupport_introspection_cpp.hpp
[4.594s] -- Installing: /home/siddhant/irc_rover_controls_2025/drive_control/install/msg_interfaces/include/msg_interfaces/msg_interfaces/msg/detail/encoder_arm__rosidl_typesupport_introspection_cpp.hpp
[4.595s] -- Installing: /home/siddhant/irc_rover_controls_2025/drive_control/install/msg_interfaces/include/msg_interfaces/msg_interfaces/msg/detail/arm_end_motion__type_support.cpp
[4.595s] -- Installing: /home/siddhant/irc_rover_controls_2025/drive_control/install/msg_interfaces/include/msg_interfaces/msg_interfaces/msg/detail/arm_end_motion__rosidl_typesupport_introspection_cpp.hpp
[4.595s] -- Installing: /home/siddhant/irc_rover_controls_2025/drive_control/install/msg_interfaces/include/msg_interfaces/msg_interfaces/msg/detail/encoder_arm__type_support.cpp
[4.595s] -- Installing: /home/siddhant/irc_rover_controls_2025/drive_control/install/msg_interfaces/include/msg_interfaces/msg_interfaces/msg/detail/drive__rosidl_typesupport_introspection_cpp.hpp
[4.595s] -- Installing: /home/siddhant/irc_rover_controls_2025/drive_control/install/msg_interfaces/include/msg_interfaces/msg_interfaces/msg/detail/encoder_drive__rosidl_typesupport_introspection_cpp.hpp
[4.595s] -- Installing: /home/siddhant/irc_rover_controls_2025/drive_control/install/msg_interfaces/include/msg_interfaces/msg_interfaces/msg/detail/cam_drive__type_support.cpp
[4.595s] -- Installing: /home/siddhant/irc_rover_controls_2025/drive_control/install/msg_interfaces/lib/libmsg_interfaces__rosidl_typesupport_introspection_cpp.so
[4.595s] -- Set runtime path of "/home/siddhant/irc_rover_controls_2025/drive_control/install/msg_interfaces/lib/libmsg_interfaces__rosidl_typesupport_introspection_cpp.so" to ""
[4.595s] -- Installing: /home/siddhant/irc_rover_controls_2025/drive_control/install/msg_interfaces/lib/libmsg_interfaces__rosidl_typesupport_cpp.so
[4.595s] -- Set runtime path of "/home/siddhant/irc_rover_controls_2025/drive_control/install/msg_interfaces/lib/libmsg_interfaces__rosidl_typesupport_cpp.so" to ""
[4.595s] -- Installing: /home/siddhant/irc_rover_controls_2025/drive_control/install/msg_interfaces/share/msg_interfaces/environment/pythonpath.sh
[4.595s] -- Installing: /home/siddhant/irc_rover_controls_2025/drive_control/install/msg_interfaces/share/msg_interfaces/environment/pythonpath.dsv
[4.596s] -- Installing: /home/siddhant/irc_rover_controls_2025/drive_control/install/msg_interfaces/local/lib/python3.10/dist-packages/msg_interfaces-0.0.0-py3.10.egg-info
[4.596s] -- Installing: /home/siddhant/irc_rover_controls_2025/drive_control/install/msg_interfaces/local/lib/python3.10/dist-packages/msg_interfaces-0.0.0-py3.10.egg-info/SOURCES.txt
[4.596s] -- Installing: /home/siddhant/irc_rover_controls_2025/drive_control/install/msg_interfaces/local/lib/python3.10/dist-packages/msg_interfaces-0.0.0-py3.10.egg-info/top_level.txt
[4.596s] -- Installing: /home/siddhant/irc_rover_controls_2025/drive_control/install/msg_interfaces/local/lib/python3.10/dist-packages/msg_interfaces-0.0.0-py3.10.egg-info/PKG-INFO
[4.596s] -- Installing: /home/siddhant/irc_rover_controls_2025/drive_control/install/msg_interfaces/local/lib/python3.10/dist-packages/msg_interfaces-0.0.0-py3.10.egg-info/dependency_links.txt
[4.596s] -- Installing: /home/siddhant/irc_rover_controls_2025/drive_control/install/msg_interfaces/local/lib/python3.10/dist-packages/msg_interfaces
[4.596s] -- Installing: /home/siddhant/irc_rover_controls_2025/drive_control/install/msg_interfaces/local/lib/python3.10/dist-packages/msg_interfaces/_msg_interfaces_s.ep.rosidl_typesupport_fastrtps_c.c
[4.596s] -- Installing: /home/siddhant/irc_rover_controls_2025/drive_control/install/msg_interfaces/local/lib/python3.10/dist-packages/msg_interfaces/_msg_interfaces_s.ep.rosidl_typesupport_introspection_c.c
[4.596s] -- Installing: /home/siddhant/irc_rover_controls_2025/drive_control/install/msg_interfaces/local/lib/python3.10/dist-packages/msg_interfaces/libmsg_interfaces__rosidl_generator_py.so
[4.596s] -- Installing: /home/siddhant/irc_rover_controls_2025/drive_control/install/msg_interfaces/local/lib/python3.10/dist-packages/msg_interfaces/msg_interfaces_s__rosidl_typesupport_fastrtps_c.cpython-310-x86_64-linux-gnu.so
[4.596s] -- Installing: /home/siddhant/irc_rover_controls_2025/drive_control/install/msg_interfaces/local/lib/python3.10/dist-packages/msg_interfaces/__init__.py
[4.596s] -- Installing: /home/siddhant/irc_rover_controls_2025/drive_control/install/msg_interfaces/local/lib/python3.10/dist-packages/msg_interfaces/msg_interfaces_s__rosidl_typesupport_c.cpython-310-x86_64-linux-gnu.so
[4.596s] -- Installing: /home/siddhant/irc_rover_controls_2025/drive_control/install/msg_interfaces/local/lib/python3.10/dist-packages/msg_interfaces/msg
[4.596s] -- Installing: /home/siddhant/irc_rover_controls_2025/drive_control/install/msg_interfaces/local/lib/python3.10/dist-packages/msg_interfaces/msg/_drive_s.c
[4.596s] -- Installing: /home/siddhant/irc_rover_controls_2025/drive_control/install/msg_interfaces/local/lib/python3.10/dist-packages/msg_interfaces/msg/_motor_six.py
[4.596s] -- Installing: /home/siddhant/irc_rover_controls_2025/drive_control/install/msg_interfaces/local/lib/python3.10/dist-packages/msg_interfaces/msg/_encoder_drive_s.c
[4.597s] -- Installing: /home/siddhant/irc_rover_controls_2025/drive_control/install/msg_interfaces/local/lib/python3.10/dist-packages/msg_interfaces/msg/_drive.py
[4.597s] -- Installing: /home/siddhant/irc_rover_controls_2025/drive_control/install/msg_interfaces/local/lib/python3.10/dist-packages/msg_interfaces/msg/_arm_end_motion_s.c
[4.597s] -- Installing: /home/siddhant/irc_rover_controls_2025/drive_control/install/msg_interfaces/local/lib/python3.10/dist-packages/msg_interfaces/msg/_arm_end_motion.py
[4.597s] -- Installing: /home/siddhant/irc_rover_controls_2025/drive_control/install/msg_interfaces/local/lib/python3.10/dist-packages/msg_interfaces/msg/_encoder_arm_s.c
[4.597s] -- Installing: /home/siddhant/irc_rover_controls_2025/drive_control/install/msg_interfaces/local/lib/python3.10/dist-packages/msg_interfaces/msg/_encoder_drive.py
[4.597s] -- Installing: /home/siddhant/irc_rover_controls_2025/drive_control/install/msg_interfaces/local/lib/python3.10/dist-packages/msg_interfaces/msg/_motor_six_s.c
[4.597s] -- Installing: /home/siddhant/irc_rover_controls_2025/drive_control/install/msg_interfaces/local/lib/python3.10/dist-packages/msg_interfaces/msg/_encoder_arm.py
[4.597s] -- Installing: /home/siddhant/irc_rover_controls_2025/drive_control/install/msg_interfaces/local/lib/python3.10/dist-packages/msg_interfaces/msg/_cam_drive_s.c
[4.597s] -- Installing: /home/siddhant/irc_rover_controls_2025/drive_control/install/msg_interfaces/local/lib/python3.10/dist-packages/msg_interfaces/msg/__init__.py
[4.597s] -- Installing: /home/siddhant/irc_rover_controls_2025/drive_control/install/msg_interfaces/local/lib/python3.10/dist-packages/msg_interfaces/msg/_cam_drive.py
[4.597s] -- Installing: /home/siddhant/irc_rover_controls_2025/drive_control/install/msg_interfaces/local/lib/python3.10/dist-packages/msg_interfaces/msg_interfaces_s__rosidl_typesupport_introspection_c.cpython-310-x86_64-linux-gnu.so
[4.597s] -- Installing: /home/siddhant/irc_rover_controls_2025/drive_control/install/msg_interfaces/local/lib/python3.10/dist-packages/msg_interfaces/_msg_interfaces_s.ep.rosidl_typesupport_c.c
[4.626s] Listing '/home/siddhant/irc_rover_controls_2025/drive_control/install/msg_interfaces/local/lib/python3.10/dist-packages/msg_interfaces'...
[4.626s] Compiling '/home/siddhant/irc_rover_controls_2025/drive_control/install/msg_interfaces/local/lib/python3.10/dist-packages/msg_interfaces/__init__.py'...
[4.626s] Listing '/home/siddhant/irc_rover_controls_2025/drive_control/install/msg_interfaces/local/lib/python3.10/dist-packages/msg_interfaces/msg'...
[4.626s] Compiling '/home/siddhant/irc_rover_controls_2025/drive_control/install/msg_interfaces/local/lib/python3.10/dist-packages/msg_interfaces/msg/__init__.py'...
[4.626s] Compiling '/home/siddhant/irc_rover_controls_2025/drive_control/install/msg_interfaces/local/lib/python3.10/dist-packages/msg_interfaces/msg/_arm_end_motion.py'...
[4.626s] Compiling '/home/siddhant/irc_rover_controls_2025/drive_control/install/msg_interfaces/local/lib/python3.10/dist-packages/msg_interfaces/msg/_cam_drive.py'...
[4.626s] Compiling '/home/siddhant/irc_rover_controls_2025/drive_control/install/msg_interfaces/local/lib/python3.10/dist-packages/msg_interfaces/msg/_drive.py'...
[4.626s] Compiling '/home/siddhant/irc_rover_controls_2025/drive_control/install/msg_interfaces/local/lib/python3.10/dist-packages/msg_interfaces/msg/_encoder_arm.py'...
[4.626s] Compiling '/home/siddhant/irc_rover_controls_2025/drive_control/install/msg_interfaces/local/lib/python3.10/dist-packages/msg_interfaces/msg/_encoder_drive.py'...
[4.626s] Compiling '/home/siddhant/irc_rover_controls_2025/drive_control/install/msg_interfaces/local/lib/python3.10/dist-packages/msg_interfaces/msg/_motor_six.py'...
[4.629s] -- Installing: /home/siddhant/irc_rover_controls_2025/drive_control/install/msg_interfaces/local/lib/python3.10/dist-packages/msg_interfaces/msg_interfaces_s__rosidl_typesupport_fastrtps_c.cpython-310-x86_64-linux-gnu.so
[4.629s] -- Set runtime path of "/home/siddhant/irc_rover_controls_2025/drive_control/install/msg_interfaces/local/lib/python3.10/dist-packages/msg_interfaces/msg_interfaces_s__rosidl_typesupport_fastrtps_c.cpython-310-x86_64-linux-gnu.so" to ""
[4.629s] -- Installing: /home/siddhant/irc_rover_controls_2025/drive_control/install/msg_interfaces/local/lib/python3.10/dist-packages/msg_interfaces/msg_interfaces_s__rosidl_typesupport_introspection_c.cpython-310-x86_64-linux-gnu.so
[4.629s] -- Set runtime path of "/home/siddhant/irc_rover_controls_2025/drive_control/install/msg_interfaces/local/lib/python3.10/dist-packages/msg_interfaces/msg_interfaces_s__rosidl_typesupport_introspection_c.cpython-310-x86_64-linux-gnu.so" to ""
[4.629s] -- Installing: /home/siddhant/irc_rover_controls_2025/drive_control/install/msg_interfaces/local/lib/python3.10/dist-packages/msg_interfaces/msg_interfaces_s__rosidl_typesupport_c.cpython-310-x86_64-linux-gnu.so
[4.630s] -- Set runtime path of "/home/siddhant/irc_rover_controls_2025/drive_control/install/msg_interfaces/local/lib/python3.10/dist-packages/msg_interfaces/msg_interfaces_s__rosidl_typesupport_c.cpython-310-x86_64-linux-gnu.so" to ""
[4.630s] -- Installing: /home/siddhant/irc_rover_controls_2025/drive_control/install/msg_interfaces/lib/libmsg_interfaces__rosidl_generator_py.so
[4.630s] -- Set runtime path of "/home/siddhant/irc_rover_controls_2025/drive_control/install/msg_interfaces/lib/libmsg_interfaces__rosidl_generator_py.so" to ""
[4.630s] -- Installing: /home/siddhant/irc_rover_controls_2025/drive_control/install/msg_interfaces/share/msg_interfaces/msg/Drive.idl
[4.630s] -- Installing: /home/siddhant/irc_rover_controls_2025/drive_control/install/msg_interfaces/share/msg_interfaces/msg/CamDrive.idl
[4.630s] -- Installing: /home/siddhant/irc_rover_controls_2025/drive_control/install/msg_interfaces/share/msg_interfaces/msg/ArmEndMotion.idl
[4.630s] -- Installing: /home/siddhant/irc_rover_controls_2025/drive_control/install/msg_interfaces/share/msg_interfaces/msg/MotorSix.idl
[4.630s] -- Installing: /home/siddhant/irc_rover_controls_2025/drive_control/install/msg_interfaces/share/msg_interfaces/msg/EncoderArm.idl
[4.630s] -- Installing: /home/siddhant/irc_rover_controls_2025/drive_control/install/msg_interfaces/share/msg_interfaces/msg/EncoderDrive.idl
[4.630s] -- Installing: /home/siddhant/irc_rover_controls_2025/drive_control/install/msg_interfaces/share/msg_interfaces/msg/Drive.msg
[4.630s] -- Installing: /home/siddhant/irc_rover_controls_2025/drive_control/install/msg_interfaces/share/msg_interfaces/msg/CamDrive.msg
[4.630s] -- Installing: /home/siddhant/irc_rover_controls_2025/drive_control/install/msg_interfaces/share/msg_interfaces/msg/ArmEndMotion.msg
[4.630s] -- Installing: /home/siddhant/irc_rover_controls_2025/drive_control/install/msg_interfaces/share/msg_interfaces/msg/MotorSix.msg
[4.630s] -- Installing: /home/siddhant/irc_rover_controls_2025/drive_control/install/msg_interfaces/share/msg_interfaces/msg/EncoderArm.msg
[4.631s] -- Installing: /home/siddhant/irc_rover_controls_2025/drive_control/install/msg_interfaces/share/msg_interfaces/msg/EncoderDrive.msg
[4.631s] -- Installing: /home/siddhant/irc_rover_controls_2025/drive_control/install/msg_interfaces/share/ament_index/resource_index/package_run_dependencies/msg_interfaces
[4.631s] -- Installing: /home/siddhant/irc_rover_controls_2025/drive_control/install/msg_interfaces/share/ament_index/resource_index/parent_prefix_path/msg_interfaces
[4.631s] -- Installing: /home/siddhant/irc_rover_controls_2025/drive_control/install/msg_interfaces/share/msg_interfaces/environment/ament_prefix_path.sh
[4.631s] -- Installing: /home/siddhant/irc_rover_controls_2025/drive_control/install/msg_interfaces/share/msg_interfaces/environment/ament_prefix_path.dsv
[4.631s] -- Installing: /home/siddhant/irc_rover_controls_2025/drive_control/install/msg_interfaces/share/msg_interfaces/environment/path.sh
[4.631s] -- Installing: /home/siddhant/irc_rover_controls_2025/drive_control/install/msg_interfaces/share/msg_interfaces/environment/path.dsv
[4.631s] -- Installing: /home/siddhant/irc_rover_controls_2025/drive_control/install/msg_interfaces/share/msg_interfaces/local_setup.bash
[4.631s] -- Installing: /home/siddhant/irc_rover_controls_2025/drive_control/install/msg_interfaces/share/msg_interfaces/local_setup.sh
[4.631s] -- Installing: /home/siddhant/irc_rover_controls_2025/drive_control/install/msg_interfaces/share/msg_interfaces/local_setup.zsh
[4.631s] -- Installing: /home/siddhant/irc_rover_controls_2025/drive_control/install/msg_interfaces/share/msg_interfaces/local_setup.dsv
[4.631s] -- Installing: /home/siddhant/irc_rover_controls_2025/drive_control/install/msg_interfaces/share/msg_interfaces/package.dsv
[4.631s] -- Installing: /home/siddhant/irc_rover_controls_2025/drive_control/install/msg_interfaces/share/ament_index/resource_index/packages/msg_interfaces
[4.631s] -- Installing: /home/siddhant/irc_rover_controls_2025/drive_control/install/msg_interfaces/share/msg_interfaces/cmake/export_msg_interfaces__rosidl_generator_cExport.cmake
[4.631s] -- Installing: /home/siddhant/irc_rover_controls_2025/drive_control/install/msg_interfaces/share/msg_interfaces/cmake/export_msg_interfaces__rosidl_generator_cExport-noconfig.cmake
[4.631s] -- Installing: /home/siddhant/irc_rover_controls_2025/drive_control/install/msg_interfaces/share/msg_interfaces/cmake/export_msg_interfaces__rosidl_typesupport_fastrtps_cExport.cmake
[4.632s] -- Installing: /home/siddhant/irc_rover_controls_2025/drive_control/install/msg_interfaces/share/msg_interfaces/cmake/export_msg_interfaces__rosidl_typesupport_fastrtps_cExport-noconfig.cmake
[4.632s] -- Installing: /home/siddhant/irc_rover_controls_2025/drive_control/install/msg_interfaces/share/msg_interfaces/cmake/export_msg_interfaces__rosidl_generator_cppExport.cmake
[4.632s] -- Installing: /home/siddhant/irc_rover_controls_2025/drive_control/install/msg_interfaces/share/msg_interfaces/cmake/export_msg_interfaces__rosidl_typesupport_fastrtps_cppExport.cmake
[4.632s] -- Installing: /home/siddhant/irc_rover_controls_2025/drive_control/install/msg_interfaces/share/msg_interfaces/cmake/export_msg_interfaces__rosidl_typesupport_fastrtps_cppExport-noconfig.cmake
[4.632s] -- Installing: /home/siddhant/irc_rover_controls_2025/drive_control/install/msg_interfaces/share/msg_interfaces/cmake/msg_interfaces__rosidl_typesupport_introspection_cExport.cmake
[4.632s] -- Installing: /home/siddhant/irc_rover_controls_2025/drive_control/install/msg_interfaces/share/msg_interfaces/cmake/msg_interfaces__rosidl_typesupport_introspection_cExport-noconfig.cmake
[4.632s] -- Installing: /home/siddhant/irc_rover_controls_2025/drive_control/install/msg_interfaces/share/msg_interfaces/cmake/msg_interfaces__rosidl_typesupport_cExport.cmake
[4.632s] -- Installing: /home/siddhant/irc_rover_controls_2025/drive_control/install/msg_interfaces/share/msg_interfaces/cmake/msg_interfaces__rosidl_typesupport_cExport-noconfig.cmake
[4.632s] -- Installing: /home/siddhant/irc_rover_controls_2025/drive_control/install/msg_interfaces/share/msg_interfaces/cmake/msg_interfaces__rosidl_typesupport_introspection_cppExport.cmake
[4.632s] -- Installing: /home/siddhant/irc_rover_controls_2025/drive_control/install/msg_interfaces/share/msg_interfaces/cmake/msg_interfaces__rosidl_typesupport_introspection_cppExport-noconfig.cmake
[4.632s] -- Installing: /home/siddhant/irc_rover_controls_2025/drive_control/install/msg_interfaces/share/msg_interfaces/cmake/msg_interfaces__rosidl_typesupport_cppExport.cmake
[4.632s] -- Installing: /home/siddhant/irc_rover_controls_2025/drive_control/install/msg_interfaces/share/msg_interfaces/cmake/msg_interfaces__rosidl_typesupport_cppExport-noconfig.cmake
[4.632s] -- Installing: /home/siddhant/irc_rover_controls_2025/drive_control/install/msg_interfaces/share/msg_interfaces/cmake/export_msg_interfaces__rosidl_generator_pyExport.cmake
[4.632s] -- Installing: /home/siddhant/irc_rover_controls_2025/drive_control/install/msg_interfaces/share/msg_interfaces/cmake/export_msg_interfaces__rosidl_generator_pyExport-noconfig.cmake
[4.632s] -- Installing: /home/siddhant/irc_rover_controls_2025/drive_control/install/msg_interfaces/share/msg_interfaces/cmake/rosidl_cmake-extras.cmake
[4.632s] -- Installing: /home/siddhant/irc_rover_controls_2025/drive_control/install/msg_interfaces/share/msg_interfaces/cmake/ament_cmake_export_dependencies-extras.cmake
[4.633s] -- Installing: /home/siddhant/irc_rover_controls_2025/drive_control/install/msg_interfaces/share/msg_interfaces/cmake/ament_cmake_export_include_directories-extras.cmake
[4.633s] -- Installing: /home/siddhant/irc_rover_controls_2025/drive_control/install/msg_interfaces/share/msg_interfaces/cmake/ament_cmake_export_libraries-extras.cmake
[4.633s] -- Installing: /home/siddhant/irc_rover_controls_2025/drive_control/install/msg_interfaces/share/msg_interfaces/cmake/ament_cmake_export_targets-extras.cmake
[4.633s] -- Installing: /home/siddhant/irc_rover_controls_2025/drive_control/install/msg_interfaces/share/msg_interfaces/cmake/rosidl_cmake_export_typesupport_targets-extras.cmake
[4.633s] -- Installing: /home/siddhant/irc_rover_controls_2025/drive_control/install/msg_interfaces/share/msg_interfaces/cmake/rosidl_cmake_export_typesupport_libraries-extras.cmake
[4.633s] -- Installing: /home/siddhant/irc_rover_controls_2025/drive_control/install/msg_interfaces/share/msg_interfaces/cmake/msg_interfacesConfig.cmake
[4.633s] -- Installing: /home/siddhant/irc_rover_controls_2025/drive_control/install/msg_interfaces/share/msg_interfaces/cmake/msg_interfacesConfig-version.cmake
[4.633s] -- Installing: /home/siddhant/irc_rover_controls_2025/drive_control/install/msg_interfaces/share/msg_interfaces/package.xml
[4.635s] Invoked command in '/home/siddhant/irc_rover_controls_2025/drive_control/build/msg_interfaces' returned '0': CMAKE_PREFIX_PATH=/opt/ros/humble /usr/bin/cmake --install /home/siddhant/irc_rover_controls_2025/drive_control/build/msg_interfaces
