[1.206s] Invoking command in '/home/siddhant/irc_rover_controls_2025/rover_essentials/src/fpv_pkg': PYTHONPATH=/home/siddhant/irc_rover_controls_2025/rover_essentials/build/fpv_pkg/prefix_override:/usr/lib/python3/dist-packages/colcon_core/task/python/colcon_distutils_commands:/home/siddhant/irc_rover_controls_2025/rover_essentials/install/fpv_pkg/lib/python3.10/site-packages:${PYTHONPATH} /usr/bin/python3 -W ignore:setup.py install is deprecated -W ignore:easy_install command is deprecated setup.py egg_info --egg-base ../../build/fpv_pkg build --build-base /home/siddhant/irc_rover_controls_2025/rover_essentials/build/fpv_pkg/build install --record /home/siddhant/irc_rover_controls_2025/rover_essentials/build/fpv_pkg/install.log --single-version-externally-managed install_data
[1.394s] running egg_info
[1.395s] creating ../../build/fpv_pkg/fpv_pkg.egg-info
[1.395s] writing ../../build/fpv_pkg/fpv_pkg.egg-info/PKG-INFO
[1.395s] writing dependency_links to ../../build/fpv_pkg/fpv_pkg.egg-info/dependency_links.txt
[1.395s] writing entry points to ../../build/fpv_pkg/fpv_pkg.egg-info/entry_points.txt
[1.395s] writing requirements to ../../build/fpv_pkg/fpv_pkg.egg-info/requires.txt
[1.395s] writing top-level names to ../../build/fpv_pkg/fpv_pkg.egg-info/top_level.txt
[1.396s] writing manifest file '../../build/fpv_pkg/fpv_pkg.egg-info/SOURCES.txt'
[1.397s] reading manifest file '../../build/fpv_pkg/fpv_pkg.egg-info/SOURCES.txt'
[1.398s] writing manifest file '../../build/fpv_pkg/fpv_pkg.egg-info/SOURCES.txt'
[1.398s] running build
[1.398s] running build_py
[1.398s] creating /home/siddhant/irc_rover_controls_2025/rover_essentials/build/fpv_pkg/build
[1.398s] creating /home/siddhant/irc_rover_controls_2025/rover_essentials/build/fpv_pkg/build/lib
[1.398s] creating /home/siddhant/irc_rover_controls_2025/rover_essentials/build/fpv_pkg/build/lib/fpv_pkg
[1.398s] copying fpv_pkg/drive_FPV.py -> /home/siddhant/irc_rover_controls_2025/rover_essentials/build/fpv_pkg/build/lib/fpv_pkg
[1.398s] copying fpv_pkg/cam_pano.py -> /home/siddhant/irc_rover_controls_2025/rover_essentials/build/fpv_pkg/build/lib/fpv_pkg
[1.398s] copying fpv_pkg/__init__.py -> /home/siddhant/irc_rover_controls_2025/rover_essentials/build/fpv_pkg/build/lib/fpv_pkg
[1.399s] running install
[1.399s] running install_lib
[1.400s] creating /home/siddhant/irc_rover_controls_2025/rover_essentials/install/fpv_pkg/lib/python3.10/site-packages/fpv_pkg
[1.400s] copying /home/siddhant/irc_rover_controls_2025/rover_essentials/build/fpv_pkg/build/lib/fpv_pkg/drive_FPV.py -> /home/siddhant/irc_rover_controls_2025/rover_essentials/install/fpv_pkg/lib/python3.10/site-packages/fpv_pkg
[1.400s] copying /home/siddhant/irc_rover_controls_2025/rover_essentials/build/fpv_pkg/build/lib/fpv_pkg/cam_pano.py -> /home/siddhant/irc_rover_controls_2025/rover_essentials/install/fpv_pkg/lib/python3.10/site-packages/fpv_pkg
[1.400s] copying /home/siddhant/irc_rover_controls_2025/rover_essentials/build/fpv_pkg/build/lib/fpv_pkg/__init__.py -> /home/siddhant/irc_rover_controls_2025/rover_essentials/install/fpv_pkg/lib/python3.10/site-packages/fpv_pkg
[1.401s] byte-compiling /home/siddhant/irc_rover_controls_2025/rover_essentials/install/fpv_pkg/lib/python3.10/site-packages/fpv_pkg/drive_FPV.py to drive_FPV.cpython-310.pyc
[1.402s] byte-compiling /home/siddhant/irc_rover_controls_2025/rover_essentials/install/fpv_pkg/lib/python3.10/site-packages/fpv_pkg/cam_pano.py to cam_pano.cpython-310.pyc
[1.402s] byte-compiling /home/siddhant/irc_rover_controls_2025/rover_essentials/install/fpv_pkg/lib/python3.10/site-packages/fpv_pkg/__init__.py to __init__.cpython-310.pyc
[1.402s] running install_data
[1.403s] creating /home/siddhant/irc_rover_controls_2025/rover_essentials/install/fpv_pkg/share/ament_index
[1.403s] creating /home/siddhant/irc_rover_controls_2025/rover_essentials/install/fpv_pkg/share/ament_index/resource_index
[1.403s] creating /home/siddhant/irc_rover_controls_2025/rover_essentials/install/fpv_pkg/share/ament_index/resource_index/packages
[1.403s] copying resource/fpv_pkg -> /home/siddhant/irc_rover_controls_2025/rover_essentials/install/fpv_pkg/share/ament_index/resource_index/packages
[1.403s] copying package.xml -> /home/siddhant/irc_rover_controls_2025/rover_essentials/install/fpv_pkg/share/fpv_pkg
[1.403s] running install_egg_info
[1.404s] Copying ../../build/fpv_pkg/fpv_pkg.egg-info to /home/siddhant/irc_rover_controls_2025/rover_essentials/install/fpv_pkg/lib/python3.10/site-packages/fpv_pkg-0.0.0-py3.10.egg-info
[1.405s] running install_scripts
[1.420s] Installing drive_fpv script to /home/siddhant/irc_rover_controls_2025/rover_essentials/install/fpv_pkg/lib/fpv_pkg
[1.421s] writing list of installed files to '/home/siddhant/irc_rover_controls_2025/rover_essentials/build/fpv_pkg/install.log'
[1.440s] Invoked command in '/home/siddhant/irc_rover_controls_2025/rover_essentials/src/fpv_pkg' returned '0': PYTHONPATH=/home/siddhant/irc_rover_controls_2025/rover_essentials/build/fpv_pkg/prefix_override:/usr/lib/python3/dist-packages/colcon_core/task/python/colcon_distutils_commands:/home/siddhant/irc_rover_controls_2025/rover_essentials/install/fpv_pkg/lib/python3.10/site-packages:${PYTHONPATH} /usr/bin/python3 -W ignore:setup.py install is deprecated -W ignore:easy_install command is deprecated setup.py egg_info --egg-base ../../build/fpv_pkg build --build-base /home/siddhant/irc_rover_controls_2025/rover_essentials/build/fpv_pkg/build install --record /home/siddhant/irc_rover_controls_2025/rover_essentials/build/fpv_pkg/install.log --single-version-externally-managed install_data
