[0.007s] Invoking command in '/home/sudhindra/irc_2025/arm_control/build/msg_interfaces': CMAKE_PREFIX_PATH=${CMAKE_PREFIX_PATH}:/opt/ros/humble /usr/bin/cmake /home/sudhindra/irc_2025/arm_control/src/msg_interfaces -DCMAKE_INSTALL_PREFIX=/home/sudhindra/irc_2025/arm_control/install/msg_interfaces
[0.044s] -- The C compiler identification is GNU 11.4.0
[0.084s] -- The CXX compiler identification is GNU 11.4.0
[0.089s] -- Detecting C compiler ABI info
[0.137s] -- Detecting C compiler ABI info - done
[0.143s] -- Check for working C compiler: /usr/bin/cc - skipped
[0.143s] -- Detecting C compile features
[0.144s] -- Detecting C compile features - done
[0.146s] -- Detecting CXX compiler ABI info
[0.202s] -- Detecting CXX compiler ABI info - done
[0.209s] -- Check for working CXX compiler: /usr/bin/c++ - skipped
[0.209s] -- Detecting CXX compile features
[0.209s] -- Detecting CXX compile features - done
[0.211s] -- Found ament_cmake: 1.3.10 (/opt/ros/humble/share/ament_cmake/cmake)
[0.324s] -- Found Python3: /usr/bin/python3 (found version "3.10.12") found components: Interpreter 
[0.393s] -- Found geometry_msgs: 4.2.4 (/opt/ros/humble/share/geometry_msgs/cmake)
[0.420s] -- Found rosidl_generator_c: 3.1.5 (/opt/ros/humble/share/rosidl_generator_c/cmake)
[0.424s] -- Found rosidl_adapter: 3.1.5 (/opt/ros/humble/share/rosidl_adapter/cmake)
[0.431s] -- Found rosidl_generator_cpp: 3.1.5 (/opt/ros/humble/share/rosidl_generator_cpp/cmake)
[0.441s] -- Using all available rosidl_typesupport_c: rosidl_typesupport_fastrtps_c;rosidl_typesupport_introspection_c
[0.454s] -- Using all available rosidl_typesupport_cpp: rosidl_typesupport_fastrtps_cpp;rosidl_typesupport_introspection_cpp
[0.485s] -- Found rosidl_default_generators: 1.2.0 (/opt/ros/humble/share/rosidl_default_generators/cmake)
[0.735s] -- Found ament_cmake_ros: 0.10.0 (/opt/ros/humble/share/ament_cmake_ros/cmake)
[1.052s] -- Using all available rosidl_typesupport_c: rosidl_typesupport_fastrtps_c;rosidl_typesupport_introspection_c
[1.178s] -- Using all available rosidl_typesupport_cpp: rosidl_typesupport_fastrtps_cpp;rosidl_typesupport_introspection_cpp
[1.194s] -- Found PythonInterp: /usr/bin/python3 (found suitable version "3.10.12", minimum required is "3.6") 
[1.195s] -- Found python_cmake_module: 0.10.0 (/opt/ros/humble/share/python_cmake_module/cmake)
[1.215s] -- Found PythonLibs: /usr/lib/x86_64-linux-gnu/libpython3.10.so (found suitable version "3.10.12", minimum required is "3.5") 
[1.215s] -- Using PYTHON_EXECUTABLE: /usr/bin/python3
[1.215s] -- Using PYTHON_INCLUDE_DIRS: /usr/include/python3.10
[1.215s] -- Using PYTHON_LIBRARIES: /usr/lib/x86_64-linux-gnu/libpython3.10.so
[1.232s] -- Found PythonExtra: .so  
[1.277s] -- Found ament_lint_auto: 0.12.11 (/opt/ros/humble/share/ament_lint_auto/cmake)
[1.290s] -- Added test 'lint_cmake' to check CMake code style
[1.291s] -- Added test 'xmllint' to check XML markup files
[1.293s] -- Configuring done
[1.329s] -- Generating done
[1.331s] -- Build files have been written to: /home/sudhindra/irc_2025/arm_control/build/msg_interfaces
[1.340s] Invoked command in '/home/sudhindra/irc_2025/arm_control/build/msg_interfaces' returned '0': CMAKE_PREFIX_PATH=${CMAKE_PREFIX_PATH}:/opt/ros/humble /usr/bin/cmake /home/sudhindra/irc_2025/arm_control/src/msg_interfaces -DCMAKE_INSTALL_PREFIX=/home/sudhindra/irc_2025/arm_control/install/msg_interfaces
[1.341s] Invoking command in '/home/sudhindra/irc_2025/arm_control/build/msg_interfaces': CMAKE_PREFIX_PATH=${CMAKE_PREFIX_PATH}:/opt/ros/humble /usr/bin/cmake --build /home/sudhindra/irc_2025/arm_control/build/msg_interfaces -- -j8 -l8
[1.372s] [  1%] [34m[1mGenerating C code for ROS interfaces[0m
[1.380s] [  1%] [34m[1mGenerating C++ code for ROS interfaces[0m
[1.386s] [  1%] Built target ament_cmake_python_copy_msg_interfaces
[1.630s] running egg_info
[1.631s] creating msg_interfaces.egg-info
[1.631s] writing msg_interfaces.egg-info/PKG-INFO
[1.631s] writing dependency_links to msg_interfaces.egg-info/dependency_links.txt
[1.631s] writing top-level names to msg_interfaces.egg-info/top_level.txt
[1.631s] writing manifest file 'msg_interfaces.egg-info/SOURCES.txt'
[1.634s] reading manifest file 'msg_interfaces.egg-info/SOURCES.txt'
[1.634s] writing manifest file 'msg_interfaces.egg-info/SOURCES.txt'
[1.657s] [  1%] Built target ament_cmake_python_build_msg_interfaces_egg
[2.291s] [  1%] Built target msg_interfaces__cpp
[2.319s] [  2%] [34m[1mGenerating C++ type support dispatch for ROS interfaces[0m
[2.336s] [  3%] [34m[1mGenerating C++ type support for eProsima Fast-RTPS[0m
[2.348s] [  4%] [34m[1mGenerating C++ introspection for ROS interfaces[0m
[2.553s] [  5%] [32mBuilding C object CMakeFiles/msg_interfaces__rosidl_generator_c.dir/rosidl_generator_c/msg_interfaces/msg/detail/drive__functions.c.o[0m
[2.553s] [  6%] [32mBuilding C object CMakeFiles/msg_interfaces__rosidl_generator_c.dir/rosidl_generator_c/msg_interfaces/msg/detail/encoder_arm__functions.c.o[0m
[2.573s] [  8%] [32mBuilding C object CMakeFiles/msg_interfaces__rosidl_generator_c.dir/rosidl_generator_c/msg_interfaces/msg/detail/arm_end_motion__functions.c.o[0m
[2.575s] [  9%] [32mBuilding C object CMakeFiles/msg_interfaces__rosidl_generator_c.dir/rosidl_generator_c/msg_interfaces/msg/detail/shoulder_joint_velocity__functions.c.o[0m
[2.576s] [  9%] [32mBuilding C object CMakeFiles/msg_interfaces__rosidl_generator_c.dir/rosidl_generator_c/msg_interfaces/msg/detail/encoder_drive__functions.c.o[0m
[2.700s] [ 10%] [32mBuilding C object CMakeFiles/msg_interfaces__rosidl_generator_c.dir/rosidl_generator_c/msg_interfaces/msg/detail/wrist_joint_velocity__functions.c.o[0m
[2.746s] [ 11%] [32mBuilding C object CMakeFiles/msg_interfaces__rosidl_generator_c.dir/rosidl_generator_c/msg_interfaces/msg/detail/base_motion__functions.c.o[0m
[2.778s] [ 12%] [32mBuilding C object CMakeFiles/msg_interfaces__rosidl_generator_c.dir/rosidl_generator_c/msg_interfaces/msg/detail/final_vel__functions.c.o[0m
[2.799s] [ 13%] [32mBuilding C object CMakeFiles/msg_interfaces__rosidl_generator_c.dir/rosidl_generator_c/msg_interfaces/msg/detail/target_pose__functions.c.o[0m
[2.806s] [ 14%] [32mBuilding C object CMakeFiles/msg_interfaces__rosidl_generator_c.dir/rosidl_generator_c/msg_interfaces/msg/detail/arm_angle__functions.c.o[0m
[2.953s] [ 15%] [32m[1mLinking C shared library libmsg_interfaces__rosidl_generator_c.so[0m
[3.038s] [ 15%] Built target msg_interfaces__rosidl_generator_c
[3.061s] [ 16%] [34m[1mGenerating C type support for eProsima Fast-RTPS[0m
[3.064s] [ 17%] [34m[1mGenerating C type support dispatch for ROS interfaces[0m
[3.070s] [ 18%] [34m[1mGenerating C introspection for ROS interfaces[0m
[3.708s] [ 19%] [32mBuilding CXX object CMakeFiles/msg_interfaces__rosidl_typesupport_cpp.dir/rosidl_typesupport_cpp/msg_interfaces/msg/arm_end_motion__type_support.cpp.o[0m
[3.724s] [ 20%] [32mBuilding CXX object CMakeFiles/msg_interfaces__rosidl_typesupport_cpp.dir/rosidl_typesupport_cpp/msg_interfaces/msg/encoder_arm__type_support.cpp.o[0m
[3.727s] [ 21%] [32mBuilding CXX object CMakeFiles/msg_interfaces__rosidl_typesupport_cpp.dir/rosidl_typesupport_cpp/msg_interfaces/msg/drive__type_support.cpp.o[0m
[4.388s] [ 22%] [32mBuilding CXX object CMakeFiles/msg_interfaces__rosidl_typesupport_introspection_cpp.dir/rosidl_typesupport_introspection_cpp/msg_interfaces/msg/detail/drive__type_support.cpp.o[0m
[4.520s] [ 23%] [32mBuilding CXX object CMakeFiles/msg_interfaces__rosidl_typesupport_cpp.dir/rosidl_typesupport_cpp/msg_interfaces/msg/encoder_drive__type_support.cpp.o[0m
[4.522s] [ 24%] [32mBuilding CXX object CMakeFiles/msg_interfaces__rosidl_typesupport_cpp.dir/rosidl_typesupport_cpp/msg_interfaces/msg/shoulder_joint_velocity__type_support.cpp.o[0m
[4.569s] [ 25%] [32mBuilding CXX object CMakeFiles/msg_interfaces__rosidl_typesupport_introspection_cpp.dir/rosidl_typesupport_introspection_cpp/msg_interfaces/msg/detail/arm_end_motion__type_support.cpp.o[0m
[4.597s] [ 26%] [32mBuilding CXX object CMakeFiles/msg_interfaces__rosidl_typesupport_c.dir/rosidl_typesupport_c/msg_interfaces/msg/drive__type_support.cpp.o[0m
[4.695s] [ 27%] [32mBuilding CXX object CMakeFiles/msg_interfaces__rosidl_typesupport_c.dir/rosidl_typesupport_c/msg_interfaces/msg/arm_end_motion__type_support.cpp.o[0m
[4.708s] [ 28%] [32mBuilding CXX object CMakeFiles/msg_interfaces__rosidl_typesupport_fastrtps_cpp.dir/rosidl_typesupport_fastrtps_cpp/msg_interfaces/msg/detail/dds_fastrtps/drive__type_support.cpp.o[0m
[4.779s] [ 29%] [32mBuilding CXX object CMakeFiles/msg_interfaces__rosidl_typesupport_c.dir/rosidl_typesupport_c/msg_interfaces/msg/encoder_arm__type_support.cpp.o[0m
[4.872s] [ 30%] [32mBuilding CXX object CMakeFiles/msg_interfaces__rosidl_typesupport_c.dir/rosidl_typesupport_c/msg_interfaces/msg/encoder_drive__type_support.cpp.o[0m
[4.934s] [ 31%] [32mBuilding C object CMakeFiles/msg_interfaces__rosidl_typesupport_introspection_c.dir/rosidl_typesupport_introspection_c/msg_interfaces/msg/detail/drive__type_support.c.o[0m
[4.961s] [ 32%] [32mBuilding CXX object CMakeFiles/msg_interfaces__rosidl_typesupport_c.dir/rosidl_typesupport_c/msg_interfaces/msg/shoulder_joint_velocity__type_support.cpp.o[0m
[5.023s] [ 33%] [32mBuilding C object CMakeFiles/msg_interfaces__rosidl_typesupport_introspection_c.dir/rosidl_typesupport_introspection_c/msg_interfaces/msg/detail/arm_end_motion__type_support.c.o[0m
[5.043s] [ 34%] [32mBuilding CXX object CMakeFiles/msg_interfaces__rosidl_typesupport_c.dir/rosidl_typesupport_c/msg_interfaces/msg/wrist_joint_velocity__type_support.cpp.o[0m
[5.129s] [ 35%] [32mBuilding C object CMakeFiles/msg_interfaces__rosidl_typesupport_introspection_c.dir/rosidl_typesupport_introspection_c/msg_interfaces/msg/detail/encoder_arm__type_support.c.o[0m
[5.130s] [ 36%] [32mBuilding CXX object CMakeFiles/msg_interfaces__rosidl_typesupport_c.dir/rosidl_typesupport_c/msg_interfaces/msg/base_motion__type_support.cpp.o[0m
[5.188s] [ 37%] [32mBuilding CXX object CMakeFiles/msg_interfaces__rosidl_typesupport_c.dir/rosidl_typesupport_c/msg_interfaces/msg/final_vel__type_support.cpp.o[0m
[5.240s] [ 38%] [32mBuilding CXX object CMakeFiles/msg_interfaces__rosidl_typesupport_fastrtps_cpp.dir/rosidl_typesupport_fastrtps_cpp/msg_interfaces/msg/detail/dds_fastrtps/arm_end_motion__type_support.cpp.o[0m
[5.249s] [ 39%] [32mBuilding C object CMakeFiles/msg_interfaces__rosidl_typesupport_introspection_c.dir/rosidl_typesupport_introspection_c/msg_interfaces/msg/detail/encoder_drive__type_support.c.o[0m
[5.262s] [ 39%] [32mBuilding CXX object CMakeFiles/msg_interfaces__rosidl_typesupport_c.dir/rosidl_typesupport_c/msg_interfaces/msg/target_pose__type_support.cpp.o[0m
[5.295s] [ 40%] [32mBuilding CXX object CMakeFiles/msg_interfaces__rosidl_typesupport_cpp.dir/rosidl_typesupport_cpp/msg_interfaces/msg/wrist_joint_velocity__type_support.cpp.o[0m
[5.310s] [ 41%] [32mBuilding CXX object CMakeFiles/msg_interfaces__rosidl_typesupport_fastrtps_c.dir/rosidl_typesupport_fastrtps_c/msg_interfaces/msg/detail/drive__type_support_c.cpp.o[0m
[5.342s] [ 42%] [32mBuilding CXX object CMakeFiles/msg_interfaces__rosidl_typesupport_c.dir/rosidl_typesupport_c/msg_interfaces/msg/arm_angle__type_support.cpp.o[0m
[5.357s] [ 43%] [32mBuilding C object CMakeFiles/msg_interfaces__rosidl_typesupport_introspection_c.dir/rosidl_typesupport_introspection_c/msg_interfaces/msg/detail/shoulder_joint_velocity__type_support.c.o[0m
[5.412s] [ 44%] [32m[1mLinking CXX shared library libmsg_interfaces__rosidl_typesupport_c.so[0m
[5.426s] [ 45%] [32mBuilding C object CMakeFiles/msg_interfaces__rosidl_typesupport_introspection_c.dir/rosidl_typesupport_introspection_c/msg_interfaces/msg/detail/wrist_joint_velocity__type_support.c.o[0m
[5.492s] [ 46%] [32mBuilding C object CMakeFiles/msg_interfaces__rosidl_typesupport_introspection_c.dir/rosidl_typesupport_introspection_c/msg_interfaces/msg/detail/base_motion__type_support.c.o[0m
[5.534s] [ 47%] [32mBuilding CXX object CMakeFiles/msg_interfaces__rosidl_typesupport_fastrtps_c.dir/rosidl_typesupport_fastrtps_c/msg_interfaces/msg/detail/arm_end_motion__type_support_c.cpp.o[0m
[5.541s] [ 47%] Built target msg_interfaces__rosidl_typesupport_c
[5.559s] [ 48%] [32mBuilding CXX object CMakeFiles/msg_interfaces__rosidl_typesupport_cpp.dir/rosidl_typesupport_cpp/msg_interfaces/msg/base_motion__type_support.cpp.o[0m
[5.575s] [ 49%] [32mBuilding C object CMakeFiles/msg_interfaces__rosidl_typesupport_introspection_c.dir/rosidl_typesupport_introspection_c/msg_interfaces/msg/detail/final_vel__type_support.c.o[0m
[5.618s] [ 50%] [32mBuilding CXX object CMakeFiles/msg_interfaces__rosidl_typesupport_introspection_cpp.dir/rosidl_typesupport_introspection_cpp/msg_interfaces/msg/detail/encoder_arm__type_support.cpp.o[0m
[5.658s] [ 51%] [32mBuilding C object CMakeFiles/msg_interfaces__rosidl_typesupport_introspection_c.dir/rosidl_typesupport_introspection_c/msg_interfaces/msg/detail/target_pose__type_support.c.o[0m
[5.720s] [ 52%] [32mBuilding CXX object CMakeFiles/msg_interfaces__rosidl_typesupport_fastrtps_c.dir/rosidl_typesupport_fastrtps_c/msg_interfaces/msg/detail/encoder_arm__type_support_c.cpp.o[0m
[5.773s] [ 53%] [32mBuilding C object CMakeFiles/msg_interfaces__rosidl_typesupport_introspection_c.dir/rosidl_typesupport_introspection_c/msg_interfaces/msg/detail/arm_angle__type_support.c.o[0m
[5.901s] [ 54%] [32m[1mLinking C shared library libmsg_interfaces__rosidl_typesupport_introspection_c.so[0m
[5.944s] [ 54%] [32mBuilding CXX object CMakeFiles/msg_interfaces__rosidl_typesupport_fastrtps_cpp.dir/rosidl_typesupport_fastrtps_cpp/msg_interfaces/msg/detail/dds_fastrtps/encoder_arm__type_support.cpp.o[0m
[6.013s] [ 54%] Built target msg_interfaces__rosidl_typesupport_introspection_c
[6.022s] [ 55%] [32mBuilding CXX object CMakeFiles/msg_interfaces__rosidl_typesupport_introspection_cpp.dir/rosidl_typesupport_introspection_cpp/msg_interfaces/msg/detail/encoder_drive__type_support.cpp.o[0m
[6.037s] [ 56%] [32mBuilding CXX object CMakeFiles/msg_interfaces__rosidl_typesupport_fastrtps_c.dir/rosidl_typesupport_fastrtps_c/msg_interfaces/msg/detail/encoder_drive__type_support_c.cpp.o[0m
[6.130s] [ 57%] [32mBuilding CXX object CMakeFiles/msg_interfaces__rosidl_typesupport_cpp.dir/rosidl_typesupport_cpp/msg_interfaces/msg/final_vel__type_support.cpp.o[0m
[6.141s] [ 58%] [32mBuilding CXX object CMakeFiles/msg_interfaces__rosidl_typesupport_fastrtps_c.dir/rosidl_typesupport_fastrtps_c/msg_interfaces/msg/detail/shoulder_joint_velocity__type_support_c.cpp.o[0m
[6.236s] [ 59%] [32mBuilding CXX object CMakeFiles/msg_interfaces__rosidl_typesupport_cpp.dir/rosidl_typesupport_cpp/msg_interfaces/msg/target_pose__type_support.cpp.o[0m
[6.445s] [ 60%] [32mBuilding CXX object CMakeFiles/msg_interfaces__rosidl_typesupport_introspection_cpp.dir/rosidl_typesupport_introspection_cpp/msg_interfaces/msg/detail/shoulder_joint_velocity__type_support.cpp.o[0m
[6.480s] [ 61%] [32mBuilding CXX object CMakeFiles/msg_interfaces__rosidl_typesupport_introspection_cpp.dir/rosidl_typesupport_introspection_cpp/msg_interfaces/msg/detail/wrist_joint_velocity__type_support.cpp.o[0m
[6.712s] [ 62%] [32mBuilding CXX object CMakeFiles/msg_interfaces__rosidl_typesupport_introspection_cpp.dir/rosidl_typesupport_introspection_cpp/msg_interfaces/msg/detail/base_motion__type_support.cpp.o[0m
[6.754s] [ 63%] [32mBuilding CXX object CMakeFiles/msg_interfaces__rosidl_typesupport_fastrtps_cpp.dir/rosidl_typesupport_fastrtps_cpp/msg_interfaces/msg/detail/dds_fastrtps/encoder_drive__type_support.cpp.o[0m
[6.776s] [ 64%] [32mBuilding CXX object CMakeFiles/msg_interfaces__rosidl_typesupport_fastrtps_cpp.dir/rosidl_typesupport_fastrtps_cpp/msg_interfaces/msg/detail/dds_fastrtps/shoulder_joint_velocity__type_support.cpp.o[0m
[6.864s] [ 65%] [32mBuilding CXX object CMakeFiles/msg_interfaces__rosidl_typesupport_introspection_cpp.dir/rosidl_typesupport_introspection_cpp/msg_interfaces/msg/detail/final_vel__type_support.cpp.o[0m
[6.893s] [ 66%] [32mBuilding CXX object CMakeFiles/msg_interfaces__rosidl_typesupport_fastrtps_c.dir/rosidl_typesupport_fastrtps_c/msg_interfaces/msg/detail/wrist_joint_velocity__type_support_c.cpp.o[0m
[6.952s] [ 67%] [32mBuilding CXX object CMakeFiles/msg_interfaces__rosidl_typesupport_cpp.dir/rosidl_typesupport_cpp/msg_interfaces/msg/arm_angle__type_support.cpp.o[0m
[7.380s] [ 68%] [32mBuilding CXX object CMakeFiles/msg_interfaces__rosidl_typesupport_fastrtps_c.dir/rosidl_typesupport_fastrtps_c/msg_interfaces/msg/detail/base_motion__type_support_c.cpp.o[0m
[7.538s] [ 69%] [32mBuilding CXX object CMakeFiles/msg_interfaces__rosidl_typesupport_fastrtps_c.dir/rosidl_typesupport_fastrtps_c/msg_interfaces/msg/detail/final_vel__type_support_c.cpp.o[0m
[7.715s] [ 70%] [32mBuilding CXX object CMakeFiles/msg_interfaces__rosidl_typesupport_fastrtps_c.dir/rosidl_typesupport_fastrtps_c/msg_interfaces/msg/detail/target_pose__type_support_c.cpp.o[0m
[7.793s] [ 71%] [32m[1mLinking CXX shared library libmsg_interfaces__rosidl_typesupport_cpp.so[0m
[7.811s] [ 72%] [32mBuilding CXX object CMakeFiles/msg_interfaces__rosidl_typesupport_fastrtps_c.dir/rosidl_typesupport_fastrtps_c/msg_interfaces/msg/detail/arm_angle__type_support_c.cpp.o[0m
[7.859s] [ 73%] [32mBuilding CXX object CMakeFiles/msg_interfaces__rosidl_typesupport_introspection_cpp.dir/rosidl_typesupport_introspection_cpp/msg_interfaces/msg/detail/target_pose__type_support.cpp.o[0m
[7.910s] [ 73%] Built target msg_interfaces__rosidl_typesupport_cpp
[7.949s] [ 74%] [32mBuilding CXX object CMakeFiles/msg_interfaces__rosidl_typesupport_introspection_cpp.dir/rosidl_typesupport_introspection_cpp/msg_interfaces/msg/detail/arm_angle__type_support.cpp.o[0m
[8.051s] [ 75%] [32mBuilding CXX object CMakeFiles/msg_interfaces__rosidl_typesupport_fastrtps_cpp.dir/rosidl_typesupport_fastrtps_cpp/msg_interfaces/msg/detail/dds_fastrtps/wrist_joint_velocity__type_support.cpp.o[0m
[8.130s] [ 76%] [32mBuilding CXX object CMakeFiles/msg_interfaces__rosidl_typesupport_fastrtps_cpp.dir/rosidl_typesupport_fastrtps_cpp/msg_interfaces/msg/detail/dds_fastrtps/base_motion__type_support.cpp.o[0m
[8.614s] [ 77%] [32mBuilding CXX object CMakeFiles/msg_interfaces__rosidl_typesupport_fastrtps_cpp.dir/rosidl_typesupport_fastrtps_cpp/msg_interfaces/msg/detail/dds_fastrtps/final_vel__type_support.cpp.o[0m
[8.662s] [ 78%] [32mBuilding CXX object CMakeFiles/msg_interfaces__rosidl_typesupport_fastrtps_cpp.dir/rosidl_typesupport_fastrtps_cpp/msg_interfaces/msg/detail/dds_fastrtps/target_pose__type_support.cpp.o[0m
[8.684s] [ 79%] [32mBuilding CXX object CMakeFiles/msg_interfaces__rosidl_typesupport_fastrtps_cpp.dir/rosidl_typesupport_fastrtps_cpp/msg_interfaces/msg/detail/dds_fastrtps/arm_angle__type_support.cpp.o[0m
[8.947s] [ 80%] [32m[1mLinking CXX shared library libmsg_interfaces__rosidl_typesupport_fastrtps_c.so[0m
[9.053s] [ 81%] [32m[1mLinking CXX shared library libmsg_interfaces__rosidl_typesupport_introspection_cpp.so[0m
[9.104s] [ 81%] Built target msg_interfaces__rosidl_typesupport_fastrtps_c
[9.167s] [ 81%] Built target msg_interfaces__rosidl_typesupport_introspection_cpp
[9.303s] [ 82%] [32m[1mLinking CXX shared library libmsg_interfaces__rosidl_typesupport_fastrtps_cpp.so[0m
[9.363s] [ 82%] Built target msg_interfaces__rosidl_typesupport_fastrtps_cpp
[9.377s] [ 82%] Built target msg_interfaces
[9.391s] [ 83%] [34m[1mGenerating Python code for ROS interfaces[0m
[10.295s] [ 83%] Built target msg_interfaces__py
[10.315s] [ 84%] [32mBuilding C object CMakeFiles/msg_interfaces__rosidl_generator_py.dir/rosidl_generator_py/msg_interfaces/msg/_encoder_arm_s.c.o[0m
[10.315s] [ 85%] [32mBuilding C object CMakeFiles/msg_interfaces__rosidl_generator_py.dir/rosidl_generator_py/msg_interfaces/msg/_arm_end_motion_s.c.o[0m
[10.315s] [ 86%] [32mBuilding C object CMakeFiles/msg_interfaces__rosidl_generator_py.dir/rosidl_generator_py/msg_interfaces/msg/_shoulder_joint_velocity_s.c.o[0m
[10.315s] [ 87%] [32mBuilding C object CMakeFiles/msg_interfaces__rosidl_generator_py.dir/rosidl_generator_py/msg_interfaces/msg/_encoder_drive_s.c.o[0m
[10.316s] [ 88%] [32mBuilding C object CMakeFiles/msg_interfaces__rosidl_generator_py.dir/rosidl_generator_py/msg_interfaces/msg/_final_vel_s.c.o[0m
[10.316s] [ 89%] [32mBuilding C object CMakeFiles/msg_interfaces__rosidl_generator_py.dir/rosidl_generator_py/msg_interfaces/msg/_drive_s.c.o[0m
[10.316s] [ 90%] [32mBuilding C object CMakeFiles/msg_interfaces__rosidl_generator_py.dir/rosidl_generator_py/msg_interfaces/msg/_wrist_joint_velocity_s.c.o[0m
[10.317s] [ 91%] [32mBuilding C object CMakeFiles/msg_interfaces__rosidl_generator_py.dir/rosidl_generator_py/msg_interfaces/msg/_base_motion_s.c.o[0m
[10.466s] [ 92%] [32mBuilding C object CMakeFiles/msg_interfaces__rosidl_generator_py.dir/rosidl_generator_py/msg_interfaces/msg/_target_pose_s.c.o[0m
[10.468s] [ 93%] [32mBuilding C object CMakeFiles/msg_interfaces__rosidl_generator_py.dir/rosidl_generator_py/msg_interfaces/msg/_arm_angle_s.c.o[0m
[10.566s] [ 94%] [32m[1mLinking C shared library rosidl_generator_py/msg_interfaces/libmsg_interfaces__rosidl_generator_py.so[0m
[10.596s] [ 94%] Built target msg_interfaces__rosidl_generator_py
[10.613s] [ 97%] [32mBuilding C object CMakeFiles/msg_interfaces__rosidl_typesupport_introspection_c__pyext.dir/rosidl_generator_py/msg_interfaces/_msg_interfaces_s.ep.rosidl_typesupport_introspection_c.c.o[0m
[10.613s] [ 97%] [32mBuilding C object CMakeFiles/msg_interfaces__rosidl_typesupport_c__pyext.dir/rosidl_generator_py/msg_interfaces/_msg_interfaces_s.ep.rosidl_typesupport_c.c.o[0m
[10.613s] [ 97%] [32mBuilding C object CMakeFiles/msg_interfaces__rosidl_typesupport_fastrtps_c__pyext.dir/rosidl_generator_py/msg_interfaces/_msg_interfaces_s.ep.rosidl_typesupport_fastrtps_c.c.o[0m
[10.717s] [100%] [32m[1mLinking C shared library rosidl_generator_py/msg_interfaces/msg_interfaces_s__rosidl_typesupport_fastrtps_c.cpython-310-x86_64-linux-gnu.so[0m
[10.717s] [100%] [32m[1mLinking C shared library rosidl_generator_py/msg_interfaces/msg_interfaces_s__rosidl_typesupport_c.cpython-310-x86_64-linux-gnu.so[0m
[10.717s] [100%] [32m[1mLinking C shared library rosidl_generator_py/msg_interfaces/msg_interfaces_s__rosidl_typesupport_introspection_c.cpython-310-x86_64-linux-gnu.so[0m
[10.752s] [100%] Built target msg_interfaces__rosidl_typesupport_introspection_c__pyext
[10.752s] [100%] Built target msg_interfaces__rosidl_typesupport_c__pyext
[10.752s] [100%] Built target msg_interfaces__rosidl_typesupport_fastrtps_c__pyext
[10.762s] Invoked command in '/home/sudhindra/irc_2025/arm_control/build/msg_interfaces' returned '0': CMAKE_PREFIX_PATH=${CMAKE_PREFIX_PATH}:/opt/ros/humble /usr/bin/cmake --build /home/sudhindra/irc_2025/arm_control/build/msg_interfaces -- -j8 -l8
[10.906s] Invoking command in '/home/sudhindra/irc_2025/arm_control/build/msg_interfaces': CMAKE_PREFIX_PATH=${CMAKE_PREFIX_PATH}:/opt/ros/humble /usr/bin/cmake --install /home/sudhindra/irc_2025/arm_control/build/msg_interfaces
[10.912s] -- Install configuration: ""
[10.912s] -- Installing: /home/sudhindra/irc_2025/arm_control/install/msg_interfaces/share/ament_index/resource_index/rosidl_interfaces/msg_interfaces
[10.912s] -- Installing: /home/sudhindra/irc_2025/arm_control/install/msg_interfaces/include/msg_interfaces/msg_interfaces
[10.913s] -- Installing: /home/sudhindra/irc_2025/arm_control/install/msg_interfaces/include/msg_interfaces/msg_interfaces/msg
[10.913s] -- Installing: /home/sudhindra/irc_2025/arm_control/install/msg_interfaces/include/msg_interfaces/msg_interfaces/msg/target_pose.h
[10.913s] -- Installing: /home/sudhindra/irc_2025/arm_control/install/msg_interfaces/include/msg_interfaces/msg_interfaces/msg/arm_end_motion.h
[10.913s] -- Installing: /home/sudhindra/irc_2025/arm_control/install/msg_interfaces/include/msg_interfaces/msg_interfaces/msg/base_motion.h
[10.913s] -- Installing: /home/sudhindra/irc_2025/arm_control/install/msg_interfaces/include/msg_interfaces/msg_interfaces/msg/encoder_drive.h
[10.913s] -- Installing: /home/sudhindra/irc_2025/arm_control/install/msg_interfaces/include/msg_interfaces/msg_interfaces/msg/encoder_arm.h
[10.913s] -- Installing: /home/sudhindra/irc_2025/arm_control/install/msg_interfaces/include/msg_interfaces/msg_interfaces/msg/detail
[10.913s] -- Installing: /home/sudhindra/irc_2025/arm_control/install/msg_interfaces/include/msg_interfaces/msg_interfaces/msg/detail/wrist_joint_velocity__functions.c
[10.913s] -- Installing: /home/sudhindra/irc_2025/arm_control/install/msg_interfaces/include/msg_interfaces/msg_interfaces/msg/detail/base_motion__functions.h
[10.913s] -- Installing: /home/sudhindra/irc_2025/arm_control/install/msg_interfaces/include/msg_interfaces/msg_interfaces/msg/detail/encoder_drive__struct.h
[10.913s] -- Installing: /home/sudhindra/irc_2025/arm_control/install/msg_interfaces/include/msg_interfaces/msg_interfaces/msg/detail/encoder_drive__functions.h
[10.913s] -- Installing: /home/sudhindra/irc_2025/arm_control/install/msg_interfaces/include/msg_interfaces/msg_interfaces/msg/detail/encoder_arm__functions.c
[10.914s] -- Installing: /home/sudhindra/irc_2025/arm_control/install/msg_interfaces/include/msg_interfaces/msg_interfaces/msg/detail/shoulder_joint_velocity__struct.h
[10.914s] -- Installing: /home/sudhindra/irc_2025/arm_control/install/msg_interfaces/include/msg_interfaces/msg_interfaces/msg/detail/arm_angle__functions.c
[10.914s] -- Installing: /home/sudhindra/irc_2025/arm_control/install/msg_interfaces/include/msg_interfaces/msg_interfaces/msg/detail/arm_end_motion__functions.h
[10.914s] -- Installing: /home/sudhindra/irc_2025/arm_control/install/msg_interfaces/include/msg_interfaces/msg_interfaces/msg/detail/arm_end_motion__type_support.h
[10.914s] -- Installing: /home/sudhindra/irc_2025/arm_control/install/msg_interfaces/include/msg_interfaces/msg_interfaces/msg/detail/base_motion__struct.h
[10.914s] -- Installing: /home/sudhindra/irc_2025/arm_control/install/msg_interfaces/include/msg_interfaces/msg_interfaces/msg/detail/encoder_arm__struct.h
[10.914s] -- Installing: /home/sudhindra/irc_2025/arm_control/install/msg_interfaces/include/msg_interfaces/msg_interfaces/msg/detail/arm_angle__functions.h
[10.914s] -- Installing: /home/sudhindra/irc_2025/arm_control/install/msg_interfaces/include/msg_interfaces/msg_interfaces/msg/detail/target_pose__functions.h
[10.915s] -- Installing: /home/sudhindra/irc_2025/arm_control/install/msg_interfaces/include/msg_interfaces/msg_interfaces/msg/detail/final_vel__type_support.h
[10.915s] -- Installing: /home/sudhindra/irc_2025/arm_control/install/msg_interfaces/include/msg_interfaces/msg_interfaces/msg/detail/encoder_drive__type_support.h
[10.915s] -- Installing: /home/sudhindra/irc_2025/arm_control/install/msg_interfaces/include/msg_interfaces/msg_interfaces/msg/detail/shoulder_joint_velocity__type_support.h
[10.915s] -- Installing: /home/sudhindra/irc_2025/arm_control/install/msg_interfaces/include/msg_interfaces/msg_interfaces/msg/detail/final_vel__struct.h
[10.915s] -- Installing: /home/sudhindra/irc_2025/arm_control/install/msg_interfaces/include/msg_interfaces/msg_interfaces/msg/detail/arm_angle__struct.h
[10.915s] -- Installing: /home/sudhindra/irc_2025/arm_control/install/msg_interfaces/include/msg_interfaces/msg_interfaces/msg/detail/base_motion__type_support.h
[10.915s] -- Installing: /home/sudhindra/irc_2025/arm_control/install/msg_interfaces/include/msg_interfaces/msg_interfaces/msg/detail/shoulder_joint_velocity__functions.c
[10.915s] -- Installing: /home/sudhindra/irc_2025/arm_control/install/msg_interfaces/include/msg_interfaces/msg_interfaces/msg/detail/arm_end_motion__functions.c
[10.915s] -- Installing: /home/sudhindra/irc_2025/arm_control/install/msg_interfaces/include/msg_interfaces/msg_interfaces/msg/detail/arm_angle__type_support.h
[10.915s] -- Installing: /home/sudhindra/irc_2025/arm_control/install/msg_interfaces/include/msg_interfaces/msg_interfaces/msg/detail/encoder_arm__functions.h
[10.915s] -- Installing: /home/sudhindra/irc_2025/arm_control/install/msg_interfaces/include/msg_interfaces/msg_interfaces/msg/detail/wrist_joint_velocity__struct.h
[10.915s] -- Installing: /home/sudhindra/irc_2025/arm_control/install/msg_interfaces/include/msg_interfaces/msg_interfaces/msg/detail/target_pose__functions.c
[10.916s] -- Installing: /home/sudhindra/irc_2025/arm_control/install/msg_interfaces/include/msg_interfaces/msg_interfaces/msg/detail/drive__functions.c
[10.916s] -- Installing: /home/sudhindra/irc_2025/arm_control/install/msg_interfaces/include/msg_interfaces/msg_interfaces/msg/detail/encoder_arm__type_support.h
[10.916s] -- Installing: /home/sudhindra/irc_2025/arm_control/install/msg_interfaces/include/msg_interfaces/msg_interfaces/msg/detail/drive__functions.h
[10.916s] -- Installing: /home/sudhindra/irc_2025/arm_control/install/msg_interfaces/include/msg_interfaces/msg_interfaces/msg/detail/drive__struct.h
[10.916s] -- Installing: /home/sudhindra/irc_2025/arm_control/install/msg_interfaces/include/msg_interfaces/msg_interfaces/msg/detail/wrist_joint_velocity__type_support.h
[10.916s] -- Installing: /home/sudhindra/irc_2025/arm_control/install/msg_interfaces/include/msg_interfaces/msg_interfaces/msg/detail/final_vel__functions.h
[10.916s] -- Installing: /home/sudhindra/irc_2025/arm_control/install/msg_interfaces/include/msg_interfaces/msg_interfaces/msg/detail/encoder_drive__functions.c
[10.916s] -- Installing: /home/sudhindra/irc_2025/arm_control/install/msg_interfaces/include/msg_interfaces/msg_interfaces/msg/detail/shoulder_joint_velocity__functions.h
[10.916s] -- Installing: /home/sudhindra/irc_2025/arm_control/install/msg_interfaces/include/msg_interfaces/msg_interfaces/msg/detail/base_motion__functions.c
[10.916s] -- Installing: /home/sudhindra/irc_2025/arm_control/install/msg_interfaces/include/msg_interfaces/msg_interfaces/msg/detail/arm_end_motion__struct.h
[10.916s] -- Installing: /home/sudhindra/irc_2025/arm_control/install/msg_interfaces/include/msg_interfaces/msg_interfaces/msg/detail/final_vel__functions.c
[10.916s] -- Installing: /home/sudhindra/irc_2025/arm_control/install/msg_interfaces/include/msg_interfaces/msg_interfaces/msg/detail/target_pose__type_support.h
[10.916s] -- Installing: /home/sudhindra/irc_2025/arm_control/install/msg_interfaces/include/msg_interfaces/msg_interfaces/msg/detail/wrist_joint_velocity__functions.h
[10.917s] -- Installing: /home/sudhindra/irc_2025/arm_control/install/msg_interfaces/include/msg_interfaces/msg_interfaces/msg/detail/drive__type_support.h
[10.917s] -- Installing: /home/sudhindra/irc_2025/arm_control/install/msg_interfaces/include/msg_interfaces/msg_interfaces/msg/detail/target_pose__struct.h
[10.917s] -- Installing: /home/sudhindra/irc_2025/arm_control/install/msg_interfaces/include/msg_interfaces/msg_interfaces/msg/rosidl_generator_c__visibility_control.h
[10.917s] -- Installing: /home/sudhindra/irc_2025/arm_control/install/msg_interfaces/include/msg_interfaces/msg_interfaces/msg/drive.h
[10.917s] -- Installing: /home/sudhindra/irc_2025/arm_control/install/msg_interfaces/include/msg_interfaces/msg_interfaces/msg/arm_angle.h
[10.917s] -- Installing: /home/sudhindra/irc_2025/arm_control/install/msg_interfaces/include/msg_interfaces/msg_interfaces/msg/wrist_joint_velocity.h
[10.917s] -- Installing: /home/sudhindra/irc_2025/arm_control/install/msg_interfaces/include/msg_interfaces/msg_interfaces/msg/final_vel.h
[10.917s] -- Installing: /home/sudhindra/irc_2025/arm_control/install/msg_interfaces/include/msg_interfaces/msg_interfaces/msg/shoulder_joint_velocity.h
[10.917s] -- Installing: /home/sudhindra/irc_2025/arm_control/install/msg_interfaces/share/msg_interfaces/environment/library_path.sh
[10.918s] -- Installing: /home/sudhindra/irc_2025/arm_control/install/msg_interfaces/share/msg_interfaces/environment/library_path.dsv
[10.918s] -- Installing: /home/sudhindra/irc_2025/arm_control/install/msg_interfaces/lib/libmsg_interfaces__rosidl_generator_c.so
[10.918s] -- Set runtime path of "/home/sudhindra/irc_2025/arm_control/install/msg_interfaces/lib/libmsg_interfaces__rosidl_generator_c.so" to ""
[10.918s] -- Up-to-date: /home/sudhindra/irc_2025/arm_control/install/msg_interfaces/include/msg_interfaces/msg_interfaces
[10.918s] -- Up-to-date: /home/sudhindra/irc_2025/arm_control/install/msg_interfaces/include/msg_interfaces/msg_interfaces/msg
[10.918s] -- Up-to-date: /home/sudhindra/irc_2025/arm_control/install/msg_interfaces/include/msg_interfaces/msg_interfaces/msg/detail
[10.918s] -- Installing: /home/sudhindra/irc_2025/arm_control/install/msg_interfaces/include/msg_interfaces/msg_interfaces/msg/detail/encoder_drive__rosidl_typesupport_fastrtps_c.h
[10.918s] -- Installing: /home/sudhindra/irc_2025/arm_control/install/msg_interfaces/include/msg_interfaces/msg_interfaces/msg/detail/base_motion__rosidl_typesupport_fastrtps_c.h
[10.919s] -- Installing: /home/sudhindra/irc_2025/arm_control/install/msg_interfaces/include/msg_interfaces/msg_interfaces/msg/detail/arm_end_motion__rosidl_typesupport_fastrtps_c.h
[10.919s] -- Installing: /home/sudhindra/irc_2025/arm_control/install/msg_interfaces/include/msg_interfaces/msg_interfaces/msg/detail/encoder_arm__rosidl_typesupport_fastrtps_c.h
[10.919s] -- Installing: /home/sudhindra/irc_2025/arm_control/install/msg_interfaces/include/msg_interfaces/msg_interfaces/msg/detail/final_vel__rosidl_typesupport_fastrtps_c.h
[10.919s] -- Installing: /home/sudhindra/irc_2025/arm_control/install/msg_interfaces/include/msg_interfaces/msg_interfaces/msg/detail/target_pose__rosidl_typesupport_fastrtps_c.h
[10.919s] -- Installing: /home/sudhindra/irc_2025/arm_control/install/msg_interfaces/include/msg_interfaces/msg_interfaces/msg/detail/wrist_joint_velocity__rosidl_typesupport_fastrtps_c.h
[10.919s] -- Installing: /home/sudhindra/irc_2025/arm_control/install/msg_interfaces/include/msg_interfaces/msg_interfaces/msg/detail/shoulder_joint_velocity__rosidl_typesupport_fastrtps_c.h
[10.919s] -- Installing: /home/sudhindra/irc_2025/arm_control/install/msg_interfaces/include/msg_interfaces/msg_interfaces/msg/detail/arm_angle__rosidl_typesupport_fastrtps_c.h
[10.919s] -- Installing: /home/sudhindra/irc_2025/arm_control/install/msg_interfaces/include/msg_interfaces/msg_interfaces/msg/detail/drive__rosidl_typesupport_fastrtps_c.h
[10.919s] -- Installing: /home/sudhindra/irc_2025/arm_control/install/msg_interfaces/include/msg_interfaces/msg_interfaces/msg/rosidl_typesupport_fastrtps_c__visibility_control.h
[10.919s] -- Installing: /home/sudhindra/irc_2025/arm_control/install/msg_interfaces/lib/libmsg_interfaces__rosidl_typesupport_fastrtps_c.so
[10.920s] -- Set runtime path of "/home/sudhindra/irc_2025/arm_control/install/msg_interfaces/lib/libmsg_interfaces__rosidl_typesupport_fastrtps_c.so" to ""
[10.920s] -- Up-to-date: /home/sudhindra/irc_2025/arm_control/install/msg_interfaces/include/msg_interfaces/msg_interfaces
[10.920s] -- Up-to-date: /home/sudhindra/irc_2025/arm_control/install/msg_interfaces/include/msg_interfaces/msg_interfaces/msg
[10.920s] -- Installing: /home/sudhindra/irc_2025/arm_control/install/msg_interfaces/include/msg_interfaces/msg_interfaces/msg/base_motion.hpp
[10.920s] -- Installing: /home/sudhindra/irc_2025/arm_control/install/msg_interfaces/include/msg_interfaces/msg_interfaces/msg/arm_angle.hpp
[10.920s] -- Installing: /home/sudhindra/irc_2025/arm_control/install/msg_interfaces/include/msg_interfaces/msg_interfaces/msg/encoder_drive.hpp
[10.920s] -- Installing: /home/sudhindra/irc_2025/arm_control/install/msg_interfaces/include/msg_interfaces/msg_interfaces/msg/final_vel.hpp
[10.920s] -- Installing: /home/sudhindra/irc_2025/arm_control/install/msg_interfaces/include/msg_interfaces/msg_interfaces/msg/wrist_joint_velocity.hpp
[10.920s] -- Up-to-date: /home/sudhindra/irc_2025/arm_control/install/msg_interfaces/include/msg_interfaces/msg_interfaces/msg/detail
[10.920s] -- Installing: /home/sudhindra/irc_2025/arm_control/install/msg_interfaces/include/msg_interfaces/msg_interfaces/msg/detail/final_vel__builder.hpp
[10.920s] -- Installing: /home/sudhindra/irc_2025/arm_control/install/msg_interfaces/include/msg_interfaces/msg_interfaces/msg/detail/final_vel__traits.hpp
[10.920s] -- Installing: /home/sudhindra/irc_2025/arm_control/install/msg_interfaces/include/msg_interfaces/msg_interfaces/msg/detail/drive__struct.hpp
[10.920s] -- Installing: /home/sudhindra/irc_2025/arm_control/install/msg_interfaces/include/msg_interfaces/msg_interfaces/msg/detail/encoder_arm__builder.hpp
[10.920s] -- Installing: /home/sudhindra/irc_2025/arm_control/install/msg_interfaces/include/msg_interfaces/msg_interfaces/msg/detail/base_motion__struct.hpp
[10.920s] -- Installing: /home/sudhindra/irc_2025/arm_control/install/msg_interfaces/include/msg_interfaces/msg_interfaces/msg/detail/arm_angle__traits.hpp
[10.921s] -- Installing: /home/sudhindra/irc_2025/arm_control/install/msg_interfaces/include/msg_interfaces/msg_interfaces/msg/detail/encoder_drive__struct.hpp
[10.921s] -- Installing: /home/sudhindra/irc_2025/arm_control/install/msg_interfaces/include/msg_interfaces/msg_interfaces/msg/detail/arm_end_motion__struct.hpp
[10.921s] -- Installing: /home/sudhindra/irc_2025/arm_control/install/msg_interfaces/include/msg_interfaces/msg_interfaces/msg/detail/drive__traits.hpp
[10.921s] -- Installing: /home/sudhindra/irc_2025/arm_control/install/msg_interfaces/include/msg_interfaces/msg_interfaces/msg/detail/arm_angle__builder.hpp
[10.921s] -- Installing: /home/sudhindra/irc_2025/arm_control/install/msg_interfaces/include/msg_interfaces/msg_interfaces/msg/detail/wrist_joint_velocity__struct.hpp
[10.921s] -- Installing: /home/sudhindra/irc_2025/arm_control/install/msg_interfaces/include/msg_interfaces/msg_interfaces/msg/detail/encoder_arm__struct.hpp
[10.921s] -- Installing: /home/sudhindra/irc_2025/arm_control/install/msg_interfaces/include/msg_interfaces/msg_interfaces/msg/detail/arm_end_motion__builder.hpp
[10.921s] -- Installing: /home/sudhindra/irc_2025/arm_control/install/msg_interfaces/include/msg_interfaces/msg_interfaces/msg/detail/wrist_joint_velocity__builder.hpp
[10.921s] -- Installing: /home/sudhindra/irc_2025/arm_control/install/msg_interfaces/include/msg_interfaces/msg_interfaces/msg/detail/arm_end_motion__traits.hpp
[10.922s] -- Installing: /home/sudhindra/irc_2025/arm_control/install/msg_interfaces/include/msg_interfaces/msg_interfaces/msg/detail/target_pose__struct.hpp
[10.922s] -- Installing: /home/sudhindra/irc_2025/arm_control/install/msg_interfaces/include/msg_interfaces/msg_interfaces/msg/detail/target_pose__traits.hpp
[10.922s] -- Installing: /home/sudhindra/irc_2025/arm_control/install/msg_interfaces/include/msg_interfaces/msg_interfaces/msg/detail/wrist_joint_velocity__traits.hpp
[10.922s] -- Installing: /home/sudhindra/irc_2025/arm_control/install/msg_interfaces/include/msg_interfaces/msg_interfaces/msg/detail/base_motion__traits.hpp
[10.922s] -- Installing: /home/sudhindra/irc_2025/arm_control/install/msg_interfaces/include/msg_interfaces/msg_interfaces/msg/detail/drive__builder.hpp
[10.922s] -- Installing: /home/sudhindra/irc_2025/arm_control/install/msg_interfaces/include/msg_interfaces/msg_interfaces/msg/detail/arm_angle__struct.hpp
[10.922s] -- Installing: /home/sudhindra/irc_2025/arm_control/install/msg_interfaces/include/msg_interfaces/msg_interfaces/msg/detail/shoulder_joint_velocity__traits.hpp
[10.922s] -- Installing: /home/sudhindra/irc_2025/arm_control/install/msg_interfaces/include/msg_interfaces/msg_interfaces/msg/detail/shoulder_joint_velocity__struct.hpp
[10.922s] -- Installing: /home/sudhindra/irc_2025/arm_control/install/msg_interfaces/include/msg_interfaces/msg_interfaces/msg/detail/encoder_arm__traits.hpp
[10.922s] -- Installing: /home/sudhindra/irc_2025/arm_control/install/msg_interfaces/include/msg_interfaces/msg_interfaces/msg/detail/target_pose__builder.hpp
[10.922s] -- Installing: /home/sudhindra/irc_2025/arm_control/install/msg_interfaces/include/msg_interfaces/msg_interfaces/msg/detail/encoder_drive__traits.hpp
[10.922s] -- Installing: /home/sudhindra/irc_2025/arm_control/install/msg_interfaces/include/msg_interfaces/msg_interfaces/msg/detail/final_vel__struct.hpp
[10.922s] -- Installing: /home/sudhindra/irc_2025/arm_control/install/msg_interfaces/include/msg_interfaces/msg_interfaces/msg/detail/encoder_drive__builder.hpp
[10.923s] -- Installing: /home/sudhindra/irc_2025/arm_control/install/msg_interfaces/include/msg_interfaces/msg_interfaces/msg/detail/shoulder_joint_velocity__builder.hpp
[10.923s] -- Installing: /home/sudhindra/irc_2025/arm_control/install/msg_interfaces/include/msg_interfaces/msg_interfaces/msg/detail/base_motion__builder.hpp
[10.923s] -- Installing: /home/sudhindra/irc_2025/arm_control/install/msg_interfaces/include/msg_interfaces/msg_interfaces/msg/drive.hpp
[10.923s] -- Installing: /home/sudhindra/irc_2025/arm_control/install/msg_interfaces/include/msg_interfaces/msg_interfaces/msg/arm_end_motion.hpp
[10.923s] -- Installing: /home/sudhindra/irc_2025/arm_control/install/msg_interfaces/include/msg_interfaces/msg_interfaces/msg/encoder_arm.hpp
[10.923s] -- Installing: /home/sudhindra/irc_2025/arm_control/install/msg_interfaces/include/msg_interfaces/msg_interfaces/msg/shoulder_joint_velocity.hpp
[10.923s] -- Installing: /home/sudhindra/irc_2025/arm_control/install/msg_interfaces/include/msg_interfaces/msg_interfaces/msg/target_pose.hpp
[10.923s] -- Up-to-date: /home/sudhindra/irc_2025/arm_control/install/msg_interfaces/include/msg_interfaces/msg_interfaces
[10.923s] -- Up-to-date: /home/sudhindra/irc_2025/arm_control/install/msg_interfaces/include/msg_interfaces/msg_interfaces/msg
[10.923s] -- Installing: /home/sudhindra/irc_2025/arm_control/install/msg_interfaces/include/msg_interfaces/msg_interfaces/msg/rosidl_typesupport_fastrtps_cpp__visibility_control.h
[10.924s] -- Up-to-date: /home/sudhindra/irc_2025/arm_control/install/msg_interfaces/include/msg_interfaces/msg_interfaces/msg/detail
[10.924s] -- Installing: /home/sudhindra/irc_2025/arm_control/install/msg_interfaces/include/msg_interfaces/msg_interfaces/msg/detail/arm_angle__rosidl_typesupport_fastrtps_cpp.hpp
[10.924s] -- Installing: /home/sudhindra/irc_2025/arm_control/install/msg_interfaces/include/msg_interfaces/msg_interfaces/msg/detail/final_vel__rosidl_typesupport_fastrtps_cpp.hpp
[10.924s] -- Installing: /home/sudhindra/irc_2025/arm_control/install/msg_interfaces/include/msg_interfaces/msg_interfaces/msg/detail/dds_fastrtps
[10.924s] -- Installing: /home/sudhindra/irc_2025/arm_control/install/msg_interfaces/include/msg_interfaces/msg_interfaces/msg/detail/drive__rosidl_typesupport_fastrtps_cpp.hpp
[10.924s] -- Installing: /home/sudhindra/irc_2025/arm_control/install/msg_interfaces/include/msg_interfaces/msg_interfaces/msg/detail/encoder_arm__rosidl_typesupport_fastrtps_cpp.hpp
[10.924s] -- Installing: /home/sudhindra/irc_2025/arm_control/install/msg_interfaces/include/msg_interfaces/msg_interfaces/msg/detail/wrist_joint_velocity__rosidl_typesupport_fastrtps_cpp.hpp
[10.924s] -- Installing: /home/sudhindra/irc_2025/arm_control/install/msg_interfaces/include/msg_interfaces/msg_interfaces/msg/detail/encoder_drive__rosidl_typesupport_fastrtps_cpp.hpp
[10.924s] -- Installing: /home/sudhindra/irc_2025/arm_control/install/msg_interfaces/include/msg_interfaces/msg_interfaces/msg/detail/base_motion__rosidl_typesupport_fastrtps_cpp.hpp
[10.924s] -- Installing: /home/sudhindra/irc_2025/arm_control/install/msg_interfaces/include/msg_interfaces/msg_interfaces/msg/detail/shoulder_joint_velocity__rosidl_typesupport_fastrtps_cpp.hpp
[10.924s] -- Installing: /home/sudhindra/irc_2025/arm_control/install/msg_interfaces/include/msg_interfaces/msg_interfaces/msg/detail/arm_end_motion__rosidl_typesupport_fastrtps_cpp.hpp
[10.924s] -- Installing: /home/sudhindra/irc_2025/arm_control/install/msg_interfaces/include/msg_interfaces/msg_interfaces/msg/detail/target_pose__rosidl_typesupport_fastrtps_cpp.hpp
[10.924s] -- Installing: /home/sudhindra/irc_2025/arm_control/install/msg_interfaces/lib/libmsg_interfaces__rosidl_typesupport_fastrtps_cpp.so
[10.925s] -- Set runtime path of "/home/sudhindra/irc_2025/arm_control/install/msg_interfaces/lib/libmsg_interfaces__rosidl_typesupport_fastrtps_cpp.so" to ""
[10.925s] -- Up-to-date: /home/sudhindra/irc_2025/arm_control/install/msg_interfaces/include/msg_interfaces/msg_interfaces
[10.925s] -- Up-to-date: /home/sudhindra/irc_2025/arm_control/install/msg_interfaces/include/msg_interfaces/msg_interfaces/msg
[10.925s] -- Up-to-date: /home/sudhindra/irc_2025/arm_control/install/msg_interfaces/include/msg_interfaces/msg_interfaces/msg/detail
[10.925s] -- Installing: /home/sudhindra/irc_2025/arm_control/install/msg_interfaces/include/msg_interfaces/msg_interfaces/msg/detail/arm_end_motion__rosidl_typesupport_introspection_c.h
[10.925s] -- Installing: /home/sudhindra/irc_2025/arm_control/install/msg_interfaces/include/msg_interfaces/msg_interfaces/msg/detail/shoulder_joint_velocity__rosidl_typesupport_introspection_c.h
[10.925s] -- Installing: /home/sudhindra/irc_2025/arm_control/install/msg_interfaces/include/msg_interfaces/msg_interfaces/msg/detail/encoder_arm__type_support.c
[10.925s] -- Installing: /home/sudhindra/irc_2025/arm_control/install/msg_interfaces/include/msg_interfaces/msg_interfaces/msg/detail/drive__type_support.c
[10.925s] -- Installing: /home/sudhindra/irc_2025/arm_control/install/msg_interfaces/include/msg_interfaces/msg_interfaces/msg/detail/target_pose__type_support.c
[10.926s] -- Installing: /home/sudhindra/irc_2025/arm_control/install/msg_interfaces/include/msg_interfaces/msg_interfaces/msg/detail/wrist_joint_velocity__rosidl_typesupport_introspection_c.h
[10.926s] -- Installing: /home/sudhindra/irc_2025/arm_control/install/msg_interfaces/include/msg_interfaces/msg_interfaces/msg/detail/wrist_joint_velocity__type_support.c
[10.926s] -- Installing: /home/sudhindra/irc_2025/arm_control/install/msg_interfaces/include/msg_interfaces/msg_interfaces/msg/detail/final_vel__type_support.c
[10.926s] -- Installing: /home/sudhindra/irc_2025/arm_control/install/msg_interfaces/include/msg_interfaces/msg_interfaces/msg/detail/arm_angle__rosidl_typesupport_introspection_c.h
[10.926s] -- Installing: /home/sudhindra/irc_2025/arm_control/install/msg_interfaces/include/msg_interfaces/msg_interfaces/msg/detail/arm_end_motion__type_support.c
[10.926s] -- Installing: /home/sudhindra/irc_2025/arm_control/install/msg_interfaces/include/msg_interfaces/msg_interfaces/msg/detail/arm_angle__type_support.c
[10.926s] -- Installing: /home/sudhindra/irc_2025/arm_control/install/msg_interfaces/include/msg_interfaces/msg_interfaces/msg/detail/encoder_drive__rosidl_typesupport_introspection_c.h
[10.926s] -- Installing: /home/sudhindra/irc_2025/arm_control/install/msg_interfaces/include/msg_interfaces/msg_interfaces/msg/detail/target_pose__rosidl_typesupport_introspection_c.h
[10.926s] -- Installing: /home/sudhindra/irc_2025/arm_control/install/msg_interfaces/include/msg_interfaces/msg_interfaces/msg/detail/base_motion__rosidl_typesupport_introspection_c.h
[10.926s] -- Installing: /home/sudhindra/irc_2025/arm_control/install/msg_interfaces/include/msg_interfaces/msg_interfaces/msg/detail/encoder_arm__rosidl_typesupport_introspection_c.h
[10.926s] -- Installing: /home/sudhindra/irc_2025/arm_control/install/msg_interfaces/include/msg_interfaces/msg_interfaces/msg/detail/drive__rosidl_typesupport_introspection_c.h
[10.927s] -- Installing: /home/sudhindra/irc_2025/arm_control/install/msg_interfaces/include/msg_interfaces/msg_interfaces/msg/detail/final_vel__rosidl_typesupport_introspection_c.h
[10.927s] -- Installing: /home/sudhindra/irc_2025/arm_control/install/msg_interfaces/include/msg_interfaces/msg_interfaces/msg/detail/base_motion__type_support.c
[10.927s] -- Installing: /home/sudhindra/irc_2025/arm_control/install/msg_interfaces/include/msg_interfaces/msg_interfaces/msg/detail/encoder_drive__type_support.c
[10.927s] -- Installing: /home/sudhindra/irc_2025/arm_control/install/msg_interfaces/include/msg_interfaces/msg_interfaces/msg/detail/shoulder_joint_velocity__type_support.c
[10.927s] -- Installing: /home/sudhindra/irc_2025/arm_control/install/msg_interfaces/include/msg_interfaces/msg_interfaces/msg/rosidl_typesupport_introspection_c__visibility_control.h
[10.927s] -- Installing: /home/sudhindra/irc_2025/arm_control/install/msg_interfaces/lib/libmsg_interfaces__rosidl_typesupport_introspection_c.so
[10.927s] -- Set runtime path of "/home/sudhindra/irc_2025/arm_control/install/msg_interfaces/lib/libmsg_interfaces__rosidl_typesupport_introspection_c.so" to ""
[10.927s] -- Installing: /home/sudhindra/irc_2025/arm_control/install/msg_interfaces/lib/libmsg_interfaces__rosidl_typesupport_c.so
[10.928s] -- Set runtime path of "/home/sudhindra/irc_2025/arm_control/install/msg_interfaces/lib/libmsg_interfaces__rosidl_typesupport_c.so" to ""
[10.928s] -- Up-to-date: /home/sudhindra/irc_2025/arm_control/install/msg_interfaces/include/msg_interfaces/msg_interfaces
[10.928s] -- Up-to-date: /home/sudhindra/irc_2025/arm_control/install/msg_interfaces/include/msg_interfaces/msg_interfaces/msg
[10.928s] -- Up-to-date: /home/sudhindra/irc_2025/arm_control/install/msg_interfaces/include/msg_interfaces/msg_interfaces/msg/detail
[10.928s] -- Installing: /home/sudhindra/irc_2025/arm_control/install/msg_interfaces/include/msg_interfaces/msg_interfaces/msg/detail/target_pose__rosidl_typesupport_introspection_cpp.hpp
[10.928s] -- Installing: /home/sudhindra/irc_2025/arm_control/install/msg_interfaces/include/msg_interfaces/msg_interfaces/msg/detail/wrist_joint_velocity__rosidl_typesupport_introspection_cpp.hpp
[10.928s] -- Installing: /home/sudhindra/irc_2025/arm_control/install/msg_interfaces/include/msg_interfaces/msg_interfaces/msg/detail/arm_end_motion__type_support.cpp
[10.928s] -- Installing: /home/sudhindra/irc_2025/arm_control/install/msg_interfaces/include/msg_interfaces/msg_interfaces/msg/detail/arm_angle__type_support.cpp
[10.928s] -- Installing: /home/sudhindra/irc_2025/arm_control/install/msg_interfaces/include/msg_interfaces/msg_interfaces/msg/detail/drive__type_support.cpp
[10.928s] -- Installing: /home/sudhindra/irc_2025/arm_control/install/msg_interfaces/include/msg_interfaces/msg_interfaces/msg/detail/base_motion__rosidl_typesupport_introspection_cpp.hpp
[10.929s] -- Installing: /home/sudhindra/irc_2025/arm_control/install/msg_interfaces/include/msg_interfaces/msg_interfaces/msg/detail/drive__rosidl_typesupport_introspection_cpp.hpp
[10.929s] -- Installing: /home/sudhindra/irc_2025/arm_control/install/msg_interfaces/include/msg_interfaces/msg_interfaces/msg/detail/shoulder_joint_velocity__rosidl_typesupport_introspection_cpp.hpp
[10.929s] -- Installing: /home/sudhindra/irc_2025/arm_control/install/msg_interfaces/include/msg_interfaces/msg_interfaces/msg/detail/shoulder_joint_velocity__type_support.cpp
[10.929s] -- Installing: /home/sudhindra/irc_2025/arm_control/install/msg_interfaces/include/msg_interfaces/msg_interfaces/msg/detail/base_motion__type_support.cpp
[10.929s] -- Installing: /home/sudhindra/irc_2025/arm_control/install/msg_interfaces/include/msg_interfaces/msg_interfaces/msg/detail/final_vel__type_support.cpp
[10.929s] -- Installing: /home/sudhindra/irc_2025/arm_control/install/msg_interfaces/include/msg_interfaces/msg_interfaces/msg/detail/arm_angle__rosidl_typesupport_introspection_cpp.hpp
[10.929s] -- Installing: /home/sudhindra/irc_2025/arm_control/install/msg_interfaces/include/msg_interfaces/msg_interfaces/msg/detail/arm_end_motion__rosidl_typesupport_introspection_cpp.hpp
[10.929s] -- Installing: /home/sudhindra/irc_2025/arm_control/install/msg_interfaces/include/msg_interfaces/msg_interfaces/msg/detail/encoder_arm__rosidl_typesupport_introspection_cpp.hpp
[10.929s] -- Installing: /home/sudhindra/irc_2025/arm_control/install/msg_interfaces/include/msg_interfaces/msg_interfaces/msg/detail/wrist_joint_velocity__type_support.cpp
[10.929s] -- Installing: /home/sudhindra/irc_2025/arm_control/install/msg_interfaces/include/msg_interfaces/msg_interfaces/msg/detail/encoder_drive__type_support.cpp
[10.929s] -- Installing: /home/sudhindra/irc_2025/arm_control/install/msg_interfaces/include/msg_interfaces/msg_interfaces/msg/detail/encoder_arm__type_support.cpp
[10.929s] -- Installing: /home/sudhindra/irc_2025/arm_control/install/msg_interfaces/include/msg_interfaces/msg_interfaces/msg/detail/target_pose__type_support.cpp
[10.929s] -- Installing: /home/sudhindra/irc_2025/arm_control/install/msg_interfaces/include/msg_interfaces/msg_interfaces/msg/detail/final_vel__rosidl_typesupport_introspection_cpp.hpp
[10.929s] -- Installing: /home/sudhindra/irc_2025/arm_control/install/msg_interfaces/include/msg_interfaces/msg_interfaces/msg/detail/encoder_drive__rosidl_typesupport_introspection_cpp.hpp
[10.930s] -- Installing: /home/sudhindra/irc_2025/arm_control/install/msg_interfaces/lib/libmsg_interfaces__rosidl_typesupport_introspection_cpp.so
[10.930s] -- Set runtime path of "/home/sudhindra/irc_2025/arm_control/install/msg_interfaces/lib/libmsg_interfaces__rosidl_typesupport_introspection_cpp.so" to ""
[10.930s] -- Installing: /home/sudhindra/irc_2025/arm_control/install/msg_interfaces/lib/libmsg_interfaces__rosidl_typesupport_cpp.so
[10.930s] -- Set runtime path of "/home/sudhindra/irc_2025/arm_control/install/msg_interfaces/lib/libmsg_interfaces__rosidl_typesupport_cpp.so" to ""
[10.930s] -- Installing: /home/sudhindra/irc_2025/arm_control/install/msg_interfaces/share/msg_interfaces/environment/pythonpath.sh
[10.931s] -- Installing: /home/sudhindra/irc_2025/arm_control/install/msg_interfaces/share/msg_interfaces/environment/pythonpath.dsv
[10.931s] -- Installing: /home/sudhindra/irc_2025/arm_control/install/msg_interfaces/local/lib/python3.10/dist-packages/msg_interfaces-0.0.0-py3.10.egg-info
[10.931s] -- Installing: /home/sudhindra/irc_2025/arm_control/install/msg_interfaces/local/lib/python3.10/dist-packages/msg_interfaces-0.0.0-py3.10.egg-info/top_level.txt
[10.931s] -- Installing: /home/sudhindra/irc_2025/arm_control/install/msg_interfaces/local/lib/python3.10/dist-packages/msg_interfaces-0.0.0-py3.10.egg-info/SOURCES.txt
[10.931s] -- Installing: /home/sudhindra/irc_2025/arm_control/install/msg_interfaces/local/lib/python3.10/dist-packages/msg_interfaces-0.0.0-py3.10.egg-info/PKG-INFO
[10.931s] -- Installing: /home/sudhindra/irc_2025/arm_control/install/msg_interfaces/local/lib/python3.10/dist-packages/msg_interfaces-0.0.0-py3.10.egg-info/dependency_links.txt
[10.931s] -- Installing: /home/sudhindra/irc_2025/arm_control/install/msg_interfaces/local/lib/python3.10/dist-packages/msg_interfaces
[10.931s] -- Installing: /home/sudhindra/irc_2025/arm_control/install/msg_interfaces/local/lib/python3.10/dist-packages/msg_interfaces/_msg_interfaces_s.ep.rosidl_typesupport_c.c
[10.931s] -- Installing: /home/sudhindra/irc_2025/arm_control/install/msg_interfaces/local/lib/python3.10/dist-packages/msg_interfaces/msg
[10.931s] -- Installing: /home/sudhindra/irc_2025/arm_control/install/msg_interfaces/local/lib/python3.10/dist-packages/msg_interfaces/msg/_target_pose.py
[10.931s] -- Installing: /home/sudhindra/irc_2025/arm_control/install/msg_interfaces/local/lib/python3.10/dist-packages/msg_interfaces/msg/_encoder_drive.py
[10.931s] -- Installing: /home/sudhindra/irc_2025/arm_control/install/msg_interfaces/local/lib/python3.10/dist-packages/msg_interfaces/msg/_drive_s.c
[10.931s] -- Installing: /home/sudhindra/irc_2025/arm_control/install/msg_interfaces/local/lib/python3.10/dist-packages/msg_interfaces/msg/_shoulder_joint_velocity.py
[10.931s] -- Installing: /home/sudhindra/irc_2025/arm_control/install/msg_interfaces/local/lib/python3.10/dist-packages/msg_interfaces/msg/_final_vel_s.c
[10.931s] -- Installing: /home/sudhindra/irc_2025/arm_control/install/msg_interfaces/local/lib/python3.10/dist-packages/msg_interfaces/msg/__init__.py
[10.931s] -- Installing: /home/sudhindra/irc_2025/arm_control/install/msg_interfaces/local/lib/python3.10/dist-packages/msg_interfaces/msg/_base_motion_s.c
[10.932s] -- Installing: /home/sudhindra/irc_2025/arm_control/install/msg_interfaces/local/lib/python3.10/dist-packages/msg_interfaces/msg/_shoulder_joint_velocity_s.c
[10.932s] -- Installing: /home/sudhindra/irc_2025/arm_control/install/msg_interfaces/local/lib/python3.10/dist-packages/msg_interfaces/msg/_target_pose_s.c
[10.932s] -- Installing: /home/sudhindra/irc_2025/arm_control/install/msg_interfaces/local/lib/python3.10/dist-packages/msg_interfaces/msg/_wrist_joint_velocity.py
[10.932s] -- Installing: /home/sudhindra/irc_2025/arm_control/install/msg_interfaces/local/lib/python3.10/dist-packages/msg_interfaces/msg/_arm_angle_s.c
[10.932s] -- Installing: /home/sudhindra/irc_2025/arm_control/install/msg_interfaces/local/lib/python3.10/dist-packages/msg_interfaces/msg/_encoder_arm_s.c
[10.932s] -- Installing: /home/sudhindra/irc_2025/arm_control/install/msg_interfaces/local/lib/python3.10/dist-packages/msg_interfaces/msg/_final_vel.py
[10.932s] -- Installing: /home/sudhindra/irc_2025/arm_control/install/msg_interfaces/local/lib/python3.10/dist-packages/msg_interfaces/msg/_arm_end_motion.py
[10.932s] -- Installing: /home/sudhindra/irc_2025/arm_control/install/msg_interfaces/local/lib/python3.10/dist-packages/msg_interfaces/msg/_arm_end_motion_s.c
[10.932s] -- Installing: /home/sudhindra/irc_2025/arm_control/install/msg_interfaces/local/lib/python3.10/dist-packages/msg_interfaces/msg/_arm_angle.py
[10.933s] -- Installing: /home/sudhindra/irc_2025/arm_control/install/msg_interfaces/local/lib/python3.10/dist-packages/msg_interfaces/msg/_encoder_drive_s.c
[10.933s] -- Installing: /home/sudhindra/irc_2025/arm_control/install/msg_interfaces/local/lib/python3.10/dist-packages/msg_interfaces/msg/_base_motion.py
[10.933s] -- Installing: /home/sudhindra/irc_2025/arm_control/install/msg_interfaces/local/lib/python3.10/dist-packages/msg_interfaces/msg/_encoder_arm.py
[10.933s] -- Installing: /home/sudhindra/irc_2025/arm_control/install/msg_interfaces/local/lib/python3.10/dist-packages/msg_interfaces/msg/_drive.py
[10.933s] -- Installing: /home/sudhindra/irc_2025/arm_control/install/msg_interfaces/local/lib/python3.10/dist-packages/msg_interfaces/msg/_wrist_joint_velocity_s.c
[10.933s] -- Installing: /home/sudhindra/irc_2025/arm_control/install/msg_interfaces/local/lib/python3.10/dist-packages/msg_interfaces/__init__.py
[10.933s] -- Installing: /home/sudhindra/irc_2025/arm_control/install/msg_interfaces/local/lib/python3.10/dist-packages/msg_interfaces/_msg_interfaces_s.ep.rosidl_typesupport_introspection_c.c
[10.933s] -- Installing: /home/sudhindra/irc_2025/arm_control/install/msg_interfaces/local/lib/python3.10/dist-packages/msg_interfaces/msg_interfaces_s__rosidl_typesupport_c.cpython-310-x86_64-linux-gnu.so
[10.933s] -- Installing: /home/sudhindra/irc_2025/arm_control/install/msg_interfaces/local/lib/python3.10/dist-packages/msg_interfaces/libmsg_interfaces__rosidl_generator_py.so
[10.933s] -- Installing: /home/sudhindra/irc_2025/arm_control/install/msg_interfaces/local/lib/python3.10/dist-packages/msg_interfaces/_msg_interfaces_s.ep.rosidl_typesupport_fastrtps_c.c
[10.934s] -- Installing: /home/sudhindra/irc_2025/arm_control/install/msg_interfaces/local/lib/python3.10/dist-packages/msg_interfaces/msg_interfaces_s__rosidl_typesupport_fastrtps_c.cpython-310-x86_64-linux-gnu.so
[10.934s] -- Installing: /home/sudhindra/irc_2025/arm_control/install/msg_interfaces/local/lib/python3.10/dist-packages/msg_interfaces/msg_interfaces_s__rosidl_typesupport_introspection_c.cpython-310-x86_64-linux-gnu.so
[10.971s] Listing '/home/sudhindra/irc_2025/arm_control/install/msg_interfaces/local/lib/python3.10/dist-packages/msg_interfaces'...
[10.972s] Compiling '/home/sudhindra/irc_2025/arm_control/install/msg_interfaces/local/lib/python3.10/dist-packages/msg_interfaces/__init__.py'...
[10.972s] Listing '/home/sudhindra/irc_2025/arm_control/install/msg_interfaces/local/lib/python3.10/dist-packages/msg_interfaces/msg'...
[10.972s] Compiling '/home/sudhindra/irc_2025/arm_control/install/msg_interfaces/local/lib/python3.10/dist-packages/msg_interfaces/msg/__init__.py'...
[10.972s] Compiling '/home/sudhindra/irc_2025/arm_control/install/msg_interfaces/local/lib/python3.10/dist-packages/msg_interfaces/msg/_arm_angle.py'...
[10.972s] Compiling '/home/sudhindra/irc_2025/arm_control/install/msg_interfaces/local/lib/python3.10/dist-packages/msg_interfaces/msg/_arm_end_motion.py'...
[10.972s] Compiling '/home/sudhindra/irc_2025/arm_control/install/msg_interfaces/local/lib/python3.10/dist-packages/msg_interfaces/msg/_base_motion.py'...
[10.972s] Compiling '/home/sudhindra/irc_2025/arm_control/install/msg_interfaces/local/lib/python3.10/dist-packages/msg_interfaces/msg/_drive.py'...
[10.972s] Compiling '/home/sudhindra/irc_2025/arm_control/install/msg_interfaces/local/lib/python3.10/dist-packages/msg_interfaces/msg/_encoder_arm.py'...
[10.972s] Compiling '/home/sudhindra/irc_2025/arm_control/install/msg_interfaces/local/lib/python3.10/dist-packages/msg_interfaces/msg/_encoder_drive.py'...
[10.972s] Compiling '/home/sudhindra/irc_2025/arm_control/install/msg_interfaces/local/lib/python3.10/dist-packages/msg_interfaces/msg/_final_vel.py'...
[10.972s] Compiling '/home/sudhindra/irc_2025/arm_control/install/msg_interfaces/local/lib/python3.10/dist-packages/msg_interfaces/msg/_shoulder_joint_velocity.py'...
[10.972s] Compiling '/home/sudhindra/irc_2025/arm_control/install/msg_interfaces/local/lib/python3.10/dist-packages/msg_interfaces/msg/_target_pose.py'...
[10.972s] Compiling '/home/sudhindra/irc_2025/arm_control/install/msg_interfaces/local/lib/python3.10/dist-packages/msg_interfaces/msg/_wrist_joint_velocity.py'...
[10.975s] -- Installing: /home/sudhindra/irc_2025/arm_control/install/msg_interfaces/local/lib/python3.10/dist-packages/msg_interfaces/msg_interfaces_s__rosidl_typesupport_fastrtps_c.cpython-310-x86_64-linux-gnu.so
[10.976s] -- Set runtime path of "/home/sudhindra/irc_2025/arm_control/install/msg_interfaces/local/lib/python3.10/dist-packages/msg_interfaces/msg_interfaces_s__rosidl_typesupport_fastrtps_c.cpython-310-x86_64-linux-gnu.so" to ""
[10.976s] -- Installing: /home/sudhindra/irc_2025/arm_control/install/msg_interfaces/local/lib/python3.10/dist-packages/msg_interfaces/msg_interfaces_s__rosidl_typesupport_introspection_c.cpython-310-x86_64-linux-gnu.so
[10.976s] -- Set runtime path of "/home/sudhindra/irc_2025/arm_control/install/msg_interfaces/local/lib/python3.10/dist-packages/msg_interfaces/msg_interfaces_s__rosidl_typesupport_introspection_c.cpython-310-x86_64-linux-gnu.so" to ""
[10.977s] -- Installing: /home/sudhindra/irc_2025/arm_control/install/msg_interfaces/local/lib/python3.10/dist-packages/msg_interfaces/msg_interfaces_s__rosidl_typesupport_c.cpython-310-x86_64-linux-gnu.so
[10.977s] -- Set runtime path of "/home/sudhindra/irc_2025/arm_control/install/msg_interfaces/local/lib/python3.10/dist-packages/msg_interfaces/msg_interfaces_s__rosidl_typesupport_c.cpython-310-x86_64-linux-gnu.so" to ""
[10.977s] -- Installing: /home/sudhindra/irc_2025/arm_control/install/msg_interfaces/lib/libmsg_interfaces__rosidl_generator_py.so
[10.977s] -- Set runtime path of "/home/sudhindra/irc_2025/arm_control/install/msg_interfaces/lib/libmsg_interfaces__rosidl_generator_py.so" to ""
[10.978s] -- Installing: /home/sudhindra/irc_2025/arm_control/install/msg_interfaces/share/msg_interfaces/msg/Drive.idl
[10.978s] -- Installing: /home/sudhindra/irc_2025/arm_control/install/msg_interfaces/share/msg_interfaces/msg/ArmEndMotion.idl
[10.978s] -- Installing: /home/sudhindra/irc_2025/arm_control/install/msg_interfaces/share/msg_interfaces/msg/EncoderArm.idl
[10.978s] -- Installing: /home/sudhindra/irc_2025/arm_control/install/msg_interfaces/share/msg_interfaces/msg/EncoderDrive.idl
[10.978s] -- Installing: /home/sudhindra/irc_2025/arm_control/install/msg_interfaces/share/msg_interfaces/msg/ShoulderJointVelocity.idl
[10.978s] -- Installing: /home/sudhindra/irc_2025/arm_control/install/msg_interfaces/share/msg_interfaces/msg/WristJointVelocity.idl
[10.978s] -- Installing: /home/sudhindra/irc_2025/arm_control/install/msg_interfaces/share/msg_interfaces/msg/BaseMotion.idl
[10.979s] -- Installing: /home/sudhindra/irc_2025/arm_control/install/msg_interfaces/share/msg_interfaces/msg/FinalVel.idl
[10.979s] -- Installing: /home/sudhindra/irc_2025/arm_control/install/msg_interfaces/share/msg_interfaces/msg/TargetPose.idl
[10.979s] -- Installing: /home/sudhindra/irc_2025/arm_control/install/msg_interfaces/share/msg_interfaces/msg/ArmAngle.idl
[10.979s] -- Installing: /home/sudhindra/irc_2025/arm_control/install/msg_interfaces/share/msg_interfaces/msg/Drive.msg
[10.979s] -- Installing: /home/sudhindra/irc_2025/arm_control/install/msg_interfaces/share/msg_interfaces/msg/ArmEndMotion.msg
[10.979s] -- Installing: /home/sudhindra/irc_2025/arm_control/install/msg_interfaces/share/msg_interfaces/msg/EncoderArm.msg
[10.979s] -- Installing: /home/sudhindra/irc_2025/arm_control/install/msg_interfaces/share/msg_interfaces/msg/EncoderDrive.msg
[10.979s] -- Installing: /home/sudhindra/irc_2025/arm_control/install/msg_interfaces/share/msg_interfaces/msg/ShoulderJointVelocity.msg
[10.979s] -- Installing: /home/sudhindra/irc_2025/arm_control/install/msg_interfaces/share/msg_interfaces/msg/WristJointVelocity.msg
[10.979s] -- Installing: /home/sudhindra/irc_2025/arm_control/install/msg_interfaces/share/msg_interfaces/msg/BaseMotion.msg
[10.979s] -- Installing: /home/sudhindra/irc_2025/arm_control/install/msg_interfaces/share/msg_interfaces/msg/FinalVel.msg
[10.980s] -- Installing: /home/sudhindra/irc_2025/arm_control/install/msg_interfaces/share/msg_interfaces/msg/TargetPose.msg
[10.980s] -- Installing: /home/sudhindra/irc_2025/arm_control/install/msg_interfaces/share/msg_interfaces/msg/ArmAngle.msg
[10.980s] -- Installing: /home/sudhindra/irc_2025/arm_control/install/msg_interfaces/share/ament_index/resource_index/package_run_dependencies/msg_interfaces
[10.980s] -- Installing: /home/sudhindra/irc_2025/arm_control/install/msg_interfaces/share/ament_index/resource_index/parent_prefix_path/msg_interfaces
[10.980s] -- Installing: /home/sudhindra/irc_2025/arm_control/install/msg_interfaces/share/msg_interfaces/environment/ament_prefix_path.sh
[10.980s] -- Installing: /home/sudhindra/irc_2025/arm_control/install/msg_interfaces/share/msg_interfaces/environment/ament_prefix_path.dsv
[10.980s] -- Installing: /home/sudhindra/irc_2025/arm_control/install/msg_interfaces/share/msg_interfaces/environment/path.sh
[10.980s] -- Installing: /home/sudhindra/irc_2025/arm_control/install/msg_interfaces/share/msg_interfaces/environment/path.dsv
[10.980s] -- Installing: /home/sudhindra/irc_2025/arm_control/install/msg_interfaces/share/msg_interfaces/local_setup.bash
[10.981s] -- Installing: /home/sudhindra/irc_2025/arm_control/install/msg_interfaces/share/msg_interfaces/local_setup.sh
[10.981s] -- Installing: /home/sudhindra/irc_2025/arm_control/install/msg_interfaces/share/msg_interfaces/local_setup.zsh
[10.981s] -- Installing: /home/sudhindra/irc_2025/arm_control/install/msg_interfaces/share/msg_interfaces/local_setup.dsv
[10.981s] -- Installing: /home/sudhindra/irc_2025/arm_control/install/msg_interfaces/share/msg_interfaces/package.dsv
[10.981s] -- Installing: /home/sudhindra/irc_2025/arm_control/install/msg_interfaces/share/ament_index/resource_index/packages/msg_interfaces
[10.981s] -- Installing: /home/sudhindra/irc_2025/arm_control/install/msg_interfaces/share/msg_interfaces/cmake/export_msg_interfaces__rosidl_generator_cExport.cmake
[10.981s] -- Installing: /home/sudhindra/irc_2025/arm_control/install/msg_interfaces/share/msg_interfaces/cmake/export_msg_interfaces__rosidl_generator_cExport-noconfig.cmake
[10.982s] -- Installing: /home/sudhindra/irc_2025/arm_control/install/msg_interfaces/share/msg_interfaces/cmake/export_msg_interfaces__rosidl_typesupport_fastrtps_cExport.cmake
[10.982s] -- Installing: /home/sudhindra/irc_2025/arm_control/install/msg_interfaces/share/msg_interfaces/cmake/export_msg_interfaces__rosidl_typesupport_fastrtps_cExport-noconfig.cmake
[10.982s] -- Installing: /home/sudhindra/irc_2025/arm_control/install/msg_interfaces/share/msg_interfaces/cmake/export_msg_interfaces__rosidl_generator_cppExport.cmake
[10.982s] -- Installing: /home/sudhindra/irc_2025/arm_control/install/msg_interfaces/share/msg_interfaces/cmake/export_msg_interfaces__rosidl_typesupport_fastrtps_cppExport.cmake
[10.982s] -- Installing: /home/sudhindra/irc_2025/arm_control/install/msg_interfaces/share/msg_interfaces/cmake/export_msg_interfaces__rosidl_typesupport_fastrtps_cppExport-noconfig.cmake
[10.983s] -- Installing: /home/sudhindra/irc_2025/arm_control/install/msg_interfaces/share/msg_interfaces/cmake/msg_interfaces__rosidl_typesupport_introspection_cExport.cmake
[10.983s] -- Installing: /home/sudhindra/irc_2025/arm_control/install/msg_interfaces/share/msg_interfaces/cmake/msg_interfaces__rosidl_typesupport_introspection_cExport-noconfig.cmake
[10.983s] -- Installing: /home/sudhindra/irc_2025/arm_control/install/msg_interfaces/share/msg_interfaces/cmake/msg_interfaces__rosidl_typesupport_cExport.cmake
[10.983s] -- Installing: /home/sudhindra/irc_2025/arm_control/install/msg_interfaces/share/msg_interfaces/cmake/msg_interfaces__rosidl_typesupport_cExport-noconfig.cmake
[10.983s] -- Installing: /home/sudhindra/irc_2025/arm_control/install/msg_interfaces/share/msg_interfaces/cmake/msg_interfaces__rosidl_typesupport_introspection_cppExport.cmake
[10.983s] -- Installing: /home/sudhindra/irc_2025/arm_control/install/msg_interfaces/share/msg_interfaces/cmake/msg_interfaces__rosidl_typesupport_introspection_cppExport-noconfig.cmake
[10.983s] -- Installing: /home/sudhindra/irc_2025/arm_control/install/msg_interfaces/share/msg_interfaces/cmake/msg_interfaces__rosidl_typesupport_cppExport.cmake
[10.983s] -- Installing: /home/sudhindra/irc_2025/arm_control/install/msg_interfaces/share/msg_interfaces/cmake/msg_interfaces__rosidl_typesupport_cppExport-noconfig.cmake
[10.983s] -- Installing: /home/sudhindra/irc_2025/arm_control/install/msg_interfaces/share/msg_interfaces/cmake/export_msg_interfaces__rosidl_generator_pyExport.cmake
[10.983s] -- Installing: /home/sudhindra/irc_2025/arm_control/install/msg_interfaces/share/msg_interfaces/cmake/export_msg_interfaces__rosidl_generator_pyExport-noconfig.cmake
[10.984s] -- Installing: /home/sudhindra/irc_2025/arm_control/install/msg_interfaces/share/msg_interfaces/cmake/rosidl_cmake-extras.cmake
[10.984s] -- Installing: /home/sudhindra/irc_2025/arm_control/install/msg_interfaces/share/msg_interfaces/cmake/ament_cmake_export_dependencies-extras.cmake
[10.984s] -- Installing: /home/sudhindra/irc_2025/arm_control/install/msg_interfaces/share/msg_interfaces/cmake/ament_cmake_export_include_directories-extras.cmake
[10.984s] -- Installing: /home/sudhindra/irc_2025/arm_control/install/msg_interfaces/share/msg_interfaces/cmake/ament_cmake_export_libraries-extras.cmake
[10.984s] -- Installing: /home/sudhindra/irc_2025/arm_control/install/msg_interfaces/share/msg_interfaces/cmake/ament_cmake_export_targets-extras.cmake
[10.984s] -- Installing: /home/sudhindra/irc_2025/arm_control/install/msg_interfaces/share/msg_interfaces/cmake/rosidl_cmake_export_typesupport_targets-extras.cmake
[10.984s] -- Installing: /home/sudhindra/irc_2025/arm_control/install/msg_interfaces/share/msg_interfaces/cmake/rosidl_cmake_export_typesupport_libraries-extras.cmake
[10.984s] -- Installing: /home/sudhindra/irc_2025/arm_control/install/msg_interfaces/share/msg_interfaces/cmake/msg_interfacesConfig.cmake
[10.985s] -- Installing: /home/sudhindra/irc_2025/arm_control/install/msg_interfaces/share/msg_interfaces/cmake/msg_interfacesConfig-version.cmake
[10.985s] -- Installing: /home/sudhindra/irc_2025/arm_control/install/msg_interfaces/share/msg_interfaces/package.xml
[10.987s] Invoked command in '/home/sudhindra/irc_2025/arm_control/build/msg_interfaces' returned '0': CMAKE_PREFIX_PATH=${CMAKE_PREFIX_PATH}:/opt/ros/humble /usr/bin/cmake --install /home/sudhindra/irc_2025/arm_control/build/msg_interfaces
