[1.185s] Invoking command in '/home/siddhant/irc_rover_controls_2025/rover_essentials/src/bio_drill': PYTHONPATH=/home/siddhant/irc_rover_controls_2025/rover_essentials/build/bio_drill/prefix_override:/usr/lib/python3/dist-packages/colcon_core/task/python/colcon_distutils_commands:/home/siddhant/irc_rover_controls_2025/rover_essentials/install/bio_drill/lib/python3.10/site-packages:${PYTHONPATH} /usr/bin/python3 -W ignore:setup.py install is deprecated -W ignore:easy_install command is deprecated setup.py egg_info --egg-base ../../build/bio_drill build --build-base /home/siddhant/irc_rover_controls_2025/rover_essentials/build/bio_drill/build install --record /home/siddhant/irc_rover_controls_2025/rover_essentials/build/bio_drill/install.log --single-version-externally-managed install_data
[1.371s] running egg_info
[1.373s] creating ../../build/bio_drill/bio_drill.egg-info
[1.373s] writing ../../build/bio_drill/bio_drill.egg-info/PKG-INFO
[1.374s] writing dependency_links to ../../build/bio_drill/bio_drill.egg-info/dependency_links.txt
[1.374s] writing entry points to ../../build/bio_drill/bio_drill.egg-info/entry_points.txt
[1.374s] writing requirements to ../../build/bio_drill/bio_drill.egg-info/requires.txt
[1.374s] writing top-level names to ../../build/bio_drill/bio_drill.egg-info/top_level.txt
[1.374s] writing manifest file '../../build/bio_drill/bio_drill.egg-info/SOURCES.txt'
[1.375s] reading manifest file '../../build/bio_drill/bio_drill.egg-info/SOURCES.txt'
[1.375s] adding license file 'LICENSE'
[1.376s] writing manifest file '../../build/bio_drill/bio_drill.egg-info/SOURCES.txt'
[1.376s] running build
[1.376s] running build_py
[1.376s] creating /home/siddhant/irc_rover_controls_2025/rover_essentials/build/bio_drill/build
[1.376s] creating /home/siddhant/irc_rover_controls_2025/rover_essentials/build/bio_drill/build/lib
[1.376s] creating /home/siddhant/irc_rover_controls_2025/rover_essentials/build/bio_drill/build/lib/bio_drill
[1.376s] copying bio_drill/drill.py -> /home/siddhant/irc_rover_controls_2025/rover_essentials/build/bio_drill/build/lib/bio_drill
[1.377s] copying bio_drill/cache.py -> /home/siddhant/irc_rover_controls_2025/rover_essentials/build/bio_drill/build/lib/bio_drill
[1.377s] copying bio_drill/drill_auto.py -> /home/siddhant/irc_rover_controls_2025/rover_essentials/build/bio_drill/build/lib/bio_drill
[1.377s] copying bio_drill/__init__.py -> /home/siddhant/irc_rover_controls_2025/rover_essentials/build/bio_drill/build/lib/bio_drill
[1.377s] running install
[1.377s] running install_lib
[1.378s] creating /home/siddhant/irc_rover_controls_2025/rover_essentials/install/bio_drill/lib/python3.10/site-packages/bio_drill
[1.378s] copying /home/siddhant/irc_rover_controls_2025/rover_essentials/build/bio_drill/build/lib/bio_drill/drill.py -> /home/siddhant/irc_rover_controls_2025/rover_essentials/install/bio_drill/lib/python3.10/site-packages/bio_drill
[1.378s] copying /home/siddhant/irc_rover_controls_2025/rover_essentials/build/bio_drill/build/lib/bio_drill/cache.py -> /home/siddhant/irc_rover_controls_2025/rover_essentials/install/bio_drill/lib/python3.10/site-packages/bio_drill
[1.378s] copying /home/siddhant/irc_rover_controls_2025/rover_essentials/build/bio_drill/build/lib/bio_drill/drill_auto.py -> /home/siddhant/irc_rover_controls_2025/rover_essentials/install/bio_drill/lib/python3.10/site-packages/bio_drill
[1.378s] copying /home/siddhant/irc_rover_controls_2025/rover_essentials/build/bio_drill/build/lib/bio_drill/__init__.py -> /home/siddhant/irc_rover_controls_2025/rover_essentials/install/bio_drill/lib/python3.10/site-packages/bio_drill
[1.378s] byte-compiling /home/siddhant/irc_rover_controls_2025/rover_essentials/install/bio_drill/lib/python3.10/site-packages/bio_drill/drill.py to drill.cpython-310.pyc
[1.378s] byte-compiling /home/siddhant/irc_rover_controls_2025/rover_essentials/install/bio_drill/lib/python3.10/site-packages/bio_drill/cache.py to cache.cpython-310.pyc
[1.379s] byte-compiling /home/siddhant/irc_rover_controls_2025/rover_essentials/install/bio_drill/lib/python3.10/site-packages/bio_drill/drill_auto.py to drill_auto.cpython-310.pyc
[1.379s] byte-compiling /home/siddhant/irc_rover_controls_2025/rover_essentials/install/bio_drill/lib/python3.10/site-packages/bio_drill/__init__.py to __init__.cpython-310.pyc
[1.379s] running install_data
[1.379s] creating /home/siddhant/irc_rover_controls_2025/rover_essentials/install/bio_drill/share/ament_index
[1.379s] creating /home/siddhant/irc_rover_controls_2025/rover_essentials/install/bio_drill/share/ament_index/resource_index
[1.379s] creating /home/siddhant/irc_rover_controls_2025/rover_essentials/install/bio_drill/share/ament_index/resource_index/packages
[1.379s] copying resource/bio_drill -> /home/siddhant/irc_rover_controls_2025/rover_essentials/install/bio_drill/share/ament_index/resource_index/packages
[1.379s] copying package.xml -> /home/siddhant/irc_rover_controls_2025/rover_essentials/install/bio_drill/share/bio_drill
[1.379s] running install_egg_info
[1.381s] Copying ../../build/bio_drill/bio_drill.egg-info to /home/siddhant/irc_rover_controls_2025/rover_essentials/install/bio_drill/lib/python3.10/site-packages/bio_drill-0.0.0-py3.10.egg-info
[1.381s] running install_scripts
[1.399s] Installing auto_drill script to /home/siddhant/irc_rover_controls_2025/rover_essentials/install/bio_drill/lib/bio_drill
[1.399s] Installing cache_box script to /home/siddhant/irc_rover_controls_2025/rover_essentials/install/bio_drill/lib/bio_drill
[1.399s] Installing drill script to /home/siddhant/irc_rover_controls_2025/rover_essentials/install/bio_drill/lib/bio_drill
[1.400s] writing list of installed files to '/home/siddhant/irc_rover_controls_2025/rover_essentials/build/bio_drill/install.log'
[1.433s] Invoked command in '/home/siddhant/irc_rover_controls_2025/rover_essentials/src/bio_drill' returned '0': PYTHONPATH=/home/siddhant/irc_rover_controls_2025/rover_essentials/build/bio_drill/prefix_override:/usr/lib/python3/dist-packages/colcon_core/task/python/colcon_distutils_commands:/home/siddhant/irc_rover_controls_2025/rover_essentials/install/bio_drill/lib/python3.10/site-packages:${PYTHONPATH} /usr/bin/python3 -W ignore:setup.py install is deprecated -W ignore:easy_install command is deprecated setup.py egg_info --egg-base ../../build/bio_drill build --build-base /home/siddhant/irc_rover_controls_2025/rover_essentials/build/bio_drill/build install --record /home/siddhant/irc_rover_controls_2025/rover_essentials/build/bio_drill/install.log --single-version-externally-managed install_data
