running egg_info
creating ../../build/differential/differential.egg-info
writing ../../build/differential/differential.egg-info/PKG-INFO
writing dependency_links to ../../build/differential/differential.egg-info/dependency_links.txt
writing entry points to ../../build/differential/differential.egg-info/entry_points.txt
writing requirements to ../../build/differential/differential.egg-info/requires.txt
writing top-level names to ../../build/differential/differential.egg-info/top_level.txt
writing manifest file '../../build/differential/differential.egg-info/SOURCES.txt'
reading manifest file '../../build/differential/differential.egg-info/SOURCES.txt'
writing manifest file '../../build/differential/differential.egg-info/SOURCES.txt'
running build
running build_py
creating /home/siddhant/irc_rover_controls_2025/drive_control/build/differential/build/lib/differential
copying differential/freshies_attempt.py -> /home/siddhant/irc_rover_controls_2025/drive_control/build/differential/build/lib/differential
copying differential/__init__.py -> /home/siddhant/irc_rover_controls_2025/drive_control/build/differential/build/lib/differential
copying differential/joystick_inputter.py -> /home/siddhant/irc_rover_controls_2025/drive_control/build/differential/build/lib/differential
running install
running install_lib
creating /home/siddhant/irc_rover_controls_2025/drive_control/install/differential/lib/python3.10/site-packages/differential
copying /home/siddhant/irc_rover_controls_2025/drive_control/build/differential/build/lib/differential/freshies_attempt.py -> /home/siddhant/irc_rover_controls_2025/drive_control/install/differential/lib/python3.10/site-packages/differential
copying /home/siddhant/irc_rover_controls_2025/drive_control/build/differential/build/lib/differential/__init__.py -> /home/siddhant/irc_rover_controls_2025/drive_control/install/differential/lib/python3.10/site-packages/differential
copying /home/siddhant/irc_rover_controls_2025/drive_control/build/differential/build/lib/differential/joystick_inputter.py -> /home/siddhant/irc_rover_controls_2025/drive_control/install/differential/lib/python3.10/site-packages/differential
byte-compiling /home/siddhant/irc_rover_controls_2025/drive_control/install/differential/lib/python3.10/site-packages/differential/freshies_attempt.py to freshies_attempt.cpython-310.pyc
byte-compiling /home/siddhant/irc_rover_controls_2025/drive_control/install/differential/lib/python3.10/site-packages/differential/__init__.py to __init__.cpython-310.pyc
byte-compiling /home/siddhant/irc_rover_controls_2025/drive_control/install/differential/lib/python3.10/site-packages/differential/joystick_inputter.py to joystick_inputter.cpython-310.pyc
running install_data
creating /home/siddhant/irc_rover_controls_2025/drive_control/install/differential/share/ament_index/resource_index/packages
copying resource/differential -> /home/siddhant/irc_rover_controls_2025/drive_control/install/differential/share/ament_index/resource_index/packages
copying package.xml -> /home/siddhant/irc_rover_controls_2025/drive_control/install/differential/share/differential
creating /home/siddhant/irc_rover_controls_2025/drive_control/install/differential/share/differential/launch
running install_egg_info
Copying ../../build/differential/differential.egg-info to /home/siddhant/irc_rover_controls_2025/drive_control/install/differential/lib/python3.10/site-packages/differential-0.0.0-py3.10.egg-info
running install_scripts
Installing freshies_attempt script to /home/siddhant/irc_rover_controls_2025/drive_control/install/differential/lib/differential
Installing joystick_innerrr script to /home/siddhant/irc_rover_controls_2025/drive_control/install/differential/lib/differential
writing list of installed files to '/home/siddhant/irc_rover_controls_2025/drive_control/build/differential/install.log'
