[0.403s] Invoking command in '/home/siddhant/irc_rover_controls_2025/drive_control/src/differential': PYTHONPATH=/home/siddhant/irc_rover_controls_2025/drive_control/build/differential/prefix_override:/usr/lib/python3/dist-packages/colcon_core/task/python/colcon_distutils_commands:/home/siddhant/irc_rover_controls_2025/drive_control/install/differential/lib/python3.10/site-packages:${PYTHONPATH} /usr/bin/python3 -W ignore:setup.py install is deprecated -W ignore:easy_install command is deprecated setup.py egg_info --egg-base ../../build/differential build --build-base /home/siddhant/irc_rover_controls_2025/drive_control/build/differential/build install --record /home/siddhant/irc_rover_controls_2025/drive_control/build/differential/install.log --single-version-externally-managed install_data
[0.542s] running egg_info
[0.550s] creating ../../build/differential/differential.egg-info
[0.551s] writing ../../build/differential/differential.egg-info/PKG-INFO
[0.551s] writing dependency_links to ../../build/differential/differential.egg-info/dependency_links.txt
[0.551s] writing entry points to ../../build/differential/differential.egg-info/entry_points.txt
[0.551s] writing requirements to ../../build/differential/differential.egg-info/requires.txt
[0.551s] writing top-level names to ../../build/differential/differential.egg-info/top_level.txt
[0.552s] writing manifest file '../../build/differential/differential.egg-info/SOURCES.txt'
[0.569s] reading manifest file '../../build/differential/differential.egg-info/SOURCES.txt'
[0.569s] writing manifest file '../../build/differential/differential.egg-info/SOURCES.txt'
[0.569s] running build
[0.569s] running build_py
[0.570s] creating /home/siddhant/irc_rover_controls_2025/drive_control/build/differential/build/lib/differential
[0.570s] copying differential/freshies_attempt.py -> /home/siddhant/irc_rover_controls_2025/drive_control/build/differential/build/lib/differential
[0.571s] copying differential/__init__.py -> /home/siddhant/irc_rover_controls_2025/drive_control/build/differential/build/lib/differential
[0.571s] copying differential/joystick_inputter.py -> /home/siddhant/irc_rover_controls_2025/drive_control/build/differential/build/lib/differential
[0.571s] running install
[0.574s] running install_lib
[0.583s] creating /home/siddhant/irc_rover_controls_2025/drive_control/install/differential/lib/python3.10/site-packages/differential
[0.583s] copying /home/siddhant/irc_rover_controls_2025/drive_control/build/differential/build/lib/differential/freshies_attempt.py -> /home/siddhant/irc_rover_controls_2025/drive_control/install/differential/lib/python3.10/site-packages/differential
[0.583s] copying /home/siddhant/irc_rover_controls_2025/drive_control/build/differential/build/lib/differential/__init__.py -> /home/siddhant/irc_rover_controls_2025/drive_control/install/differential/lib/python3.10/site-packages/differential
[0.583s] copying /home/siddhant/irc_rover_controls_2025/drive_control/build/differential/build/lib/differential/joystick_inputter.py -> /home/siddhant/irc_rover_controls_2025/drive_control/install/differential/lib/python3.10/site-packages/differential
[0.583s] byte-compiling /home/siddhant/irc_rover_controls_2025/drive_control/install/differential/lib/python3.10/site-packages/differential/freshies_attempt.py to freshies_attempt.cpython-310.pyc
[0.583s] byte-compiling /home/siddhant/irc_rover_controls_2025/drive_control/install/differential/lib/python3.10/site-packages/differential/__init__.py to __init__.cpython-310.pyc
[0.583s] byte-compiling /home/siddhant/irc_rover_controls_2025/drive_control/install/differential/lib/python3.10/site-packages/differential/joystick_inputter.py to joystick_inputter.cpython-310.pyc
[0.584s] running install_data
[0.584s] creating /home/siddhant/irc_rover_controls_2025/drive_control/install/differential/share/ament_index/resource_index/packages
[0.584s] copying resource/differential -> /home/siddhant/irc_rover_controls_2025/drive_control/install/differential/share/ament_index/resource_index/packages
[0.584s] copying package.xml -> /home/siddhant/irc_rover_controls_2025/drive_control/install/differential/share/differential
[0.584s] creating /home/siddhant/irc_rover_controls_2025/drive_control/install/differential/share/differential/launch
[0.584s] running install_egg_info
[0.594s] Copying ../../build/differential/differential.egg-info to /home/siddhant/irc_rover_controls_2025/drive_control/install/differential/lib/python3.10/site-packages/differential-0.0.0-py3.10.egg-info
[0.594s] running install_scripts
[0.660s] Installing freshies_attempt script to /home/siddhant/irc_rover_controls_2025/drive_control/install/differential/lib/differential
[0.660s] Installing joystick_innerrr script to /home/siddhant/irc_rover_controls_2025/drive_control/install/differential/lib/differential
[0.660s] writing list of installed files to '/home/siddhant/irc_rover_controls_2025/drive_control/build/differential/install.log'
[0.678s] Invoked command in '/home/siddhant/irc_rover_controls_2025/drive_control/src/differential' returned '0': PYTHONPATH=/home/siddhant/irc_rover_controls_2025/drive_control/build/differential/prefix_override:/usr/lib/python3/dist-packages/colcon_core/task/python/colcon_distutils_commands:/home/siddhant/irc_rover_controls_2025/drive_control/install/differential/lib/python3.10/site-packages:${PYTHONPATH} /usr/bin/python3 -W ignore:setup.py install is deprecated -W ignore:easy_install command is deprecated setup.py egg_info --egg-base ../../build/differential build --build-base /home/siddhant/irc_rover_controls_2025/drive_control/build/differential/build install --record /home/siddhant/irc_rover_controls_2025/drive_control/build/differential/install.log --single-version-externally-managed install_data
