running egg_info
creating ../../build/fpv_pkg/fpv_pkg.egg-info
writing ../../build/fpv_pkg/fpv_pkg.egg-info/PKG-INFO
writing dependency_links to ../../build/fpv_pkg/fpv_pkg.egg-info/dependency_links.txt
writing entry points to ../../build/fpv_pkg/fpv_pkg.egg-info/entry_points.txt
writing requirements to ../../build/fpv_pkg/fpv_pkg.egg-info/requires.txt
writing top-level names to ../../build/fpv_pkg/fpv_pkg.egg-info/top_level.txt
writing manifest file '../../build/fpv_pkg/fpv_pkg.egg-info/SOURCES.txt'
reading manifest file '../../build/fpv_pkg/fpv_pkg.egg-info/SOURCES.txt'
writing manifest file '../../build/fpv_pkg/fpv_pkg.egg-info/SOURCES.txt'
running build
running build_py
creating /home/siddhant/irc_rover_controls_2025/rover_essentials/build/fpv_pkg/build/lib/fpv_pkg
copying fpv_pkg/drive_FPV.py -> /home/siddhant/irc_rover_controls_2025/rover_essentials/build/fpv_pkg/build/lib/fpv_pkg
copying fpv_pkg/cam_pano.py -> /home/siddhant/irc_rover_controls_2025/rover_essentials/build/fpv_pkg/build/lib/fpv_pkg
copying fpv_pkg/__init__.py -> /home/siddhant/irc_rover_controls_2025/rover_essentials/build/fpv_pkg/build/lib/fpv_pkg
running install
running install_lib
creating /home/siddhant/irc_rover_controls_2025/rover_essentials/install/fpv_pkg/lib/python3.10/site-packages/fpv_pkg
copying /home/siddhant/irc_rover_controls_2025/rover_essentials/build/fpv_pkg/build/lib/fpv_pkg/drive_FPV.py -> /home/siddhant/irc_rover_controls_2025/rover_essentials/install/fpv_pkg/lib/python3.10/site-packages/fpv_pkg
copying /home/siddhant/irc_rover_controls_2025/rover_essentials/build/fpv_pkg/build/lib/fpv_pkg/cam_pano.py -> /home/siddhant/irc_rover_controls_2025/rover_essentials/install/fpv_pkg/lib/python3.10/site-packages/fpv_pkg
copying /home/siddhant/irc_rover_controls_2025/rover_essentials/build/fpv_pkg/build/lib/fpv_pkg/__init__.py -> /home/siddhant/irc_rover_controls_2025/rover_essentials/install/fpv_pkg/lib/python3.10/site-packages/fpv_pkg
byte-compiling /home/siddhant/irc_rover_controls_2025/rover_essentials/install/fpv_pkg/lib/python3.10/site-packages/fpv_pkg/drive_FPV.py to drive_FPV.cpython-310.pyc
byte-compiling /home/siddhant/irc_rover_controls_2025/rover_essentials/install/fpv_pkg/lib/python3.10/site-packages/fpv_pkg/cam_pano.py to cam_pano.cpython-310.pyc
byte-compiling /home/siddhant/irc_rover_controls_2025/rover_essentials/install/fpv_pkg/lib/python3.10/site-packages/fpv_pkg/__init__.py to __init__.cpython-310.pyc
running install_data
creating /home/siddhant/irc_rover_controls_2025/rover_essentials/install/fpv_pkg/share/ament_index/resource_index/packages
copying resource/fpv_pkg -> /home/siddhant/irc_rover_controls_2025/rover_essentials/install/fpv_pkg/share/ament_index/resource_index/packages
copying package.xml -> /home/siddhant/irc_rover_controls_2025/rover_essentials/install/fpv_pkg/share/fpv_pkg
running install_egg_info
Copying ../../build/fpv_pkg/fpv_pkg.egg-info to /home/siddhant/irc_rover_controls_2025/rover_essentials/install/fpv_pkg/lib/python3.10/site-packages/fpv_pkg-0.0.0-py3.10.egg-info
running install_scripts
Installing drive_fpv script to /home/siddhant/irc_rover_controls_2025/rover_essentials/install/fpv_pkg/lib/fpv_pkg
writing list of installed files to '/home/siddhant/irc_rover_controls_2025/rover_essentials/build/fpv_pkg/install.log'
