[0.514s] Invoking command in '/home/siddhant/irc_rover_controls_2025/arm_control/src/ik_control': AMENT_PREFIX_PATH=/home/siddhant/irc_rover_controls_2025/arm_control/install/msg_interfaces:${AMENT_PREFIX_PATH} CMAKE_PREFIX_PATH=/home/siddhant/irc_rover_controls_2025/arm_control/install/msg_interfaces LD_LIBRARY_PATH=/home/siddhant/irc_rover_controls_2025/arm_control/install/msg_interfaces/lib:${LD_LIBRARY_PATH} PYTHONPATH=/home/siddhant/irc_rover_controls_2025/arm_control/build/ik_control/prefix_override:/usr/lib/python3/dist-packages/colcon_core/task/python/colcon_distutils_commands:/home/siddhant/irc_rover_controls_2025/arm_control/install/ik_control/lib/python3.10/site-packages:/home/siddhant/irc_rover_controls_2025/arm_control/install/msg_interfaces/local/lib/python3.10/dist-packages:${PYTHONPATH} /usr/bin/python3 -W ignore:setup.py install is deprecated -W ignore:easy_install command is deprecated setup.py egg_info --egg-base ../../build/ik_control build --build-base /home/siddhant/irc_rover_controls_2025/arm_control/build/ik_control/build install --record /home/siddhant/irc_rover_controls_2025/arm_control/build/ik_control/install.log --single-version-externally-managed install_data
[0.658s] running egg_info
[0.666s] writing ../../build/ik_control/ik_control.egg-info/PKG-INFO
[0.666s] writing dependency_links to ../../build/ik_control/ik_control.egg-info/dependency_links.txt
[0.667s] writing entry points to ../../build/ik_control/ik_control.egg-info/entry_points.txt
[0.667s] writing requirements to ../../build/ik_control/ik_control.egg-info/requires.txt
[0.667s] writing top-level names to ../../build/ik_control/ik_control.egg-info/top_level.txt
[0.684s] reading manifest file '../../build/ik_control/ik_control.egg-info/SOURCES.txt'
[0.685s] writing manifest file '../../build/ik_control/ik_control.egg-info/SOURCES.txt'
[0.685s] running build
[0.685s] running build_py
[0.685s] copying ik_control/testing_wrist_pid.py -> /home/siddhant/irc_rover_controls_2025/arm_control/build/ik_control/build/lib/ik_control
[0.686s] copying ik_control/shoulder_hold_ik.py -> /home/siddhant/irc_rover_controls_2025/arm_control/build/ik_control/build/lib/ik_control
[0.686s] copying ik_control/wrist_pid_ik.py -> /home/siddhant/irc_rover_controls_2025/arm_control/build/ik_control/build/lib/ik_control
[0.686s] copying ik_control/pos_ik.py -> /home/siddhant/irc_rover_controls_2025/arm_control/build/ik_control/build/lib/ik_control
[0.687s] copying ik_control/__init__.py -> /home/siddhant/irc_rover_controls_2025/arm_control/build/ik_control/build/lib/ik_control
[0.687s] copying ik_control/pos_ik_pid.py -> /home/siddhant/irc_rover_controls_2025/arm_control/build/ik_control/build/lib/ik_control
[0.687s] running install
[0.691s] running install_lib
[0.704s] running install_data
[0.704s] copying resource/ik_control -> /home/siddhant/irc_rover_controls_2025/arm_control/install/ik_control/share/ament_index/resource_index/packages
[0.704s] copying package.xml -> /home/siddhant/irc_rover_controls_2025/arm_control/install/ik_control/share/ik_control
[0.704s] copying urdf/arm_model.urdf -> /home/siddhant/irc_rover_controls_2025/arm_control/install/ik_control/share/ik_control/urdf
[0.704s] running install_egg_info
[0.713s] removing '/home/siddhant/irc_rover_controls_2025/arm_control/install/ik_control/lib/python3.10/site-packages/ik_control-0.0.0-py3.10.egg-info' (and everything under it)
[0.713s] Copying ../../build/ik_control/ik_control.egg-info to /home/siddhant/irc_rover_controls_2025/arm_control/install/ik_control/lib/python3.10/site-packages/ik_control-0.0.0-py3.10.egg-info
[0.714s] running install_scripts
[0.779s] Installing ik_pos_pid script to /home/siddhant/irc_rover_controls_2025/arm_control/install/ik_control/lib/ik_control
[0.780s] Installing pos_ik script to /home/siddhant/irc_rover_controls_2025/arm_control/install/ik_control/lib/ik_control
[0.780s] Installing shoulder_hold_ik script to /home/siddhant/irc_rover_controls_2025/arm_control/install/ik_control/lib/ik_control
[0.780s] writing list of installed files to '/home/siddhant/irc_rover_controls_2025/arm_control/build/ik_control/install.log'
[0.795s] Invoked command in '/home/siddhant/irc_rover_controls_2025/arm_control/src/ik_control' returned '0': AMENT_PREFIX_PATH=/home/siddhant/irc_rover_controls_2025/arm_control/install/msg_interfaces:${AMENT_PREFIX_PATH} CMAKE_PREFIX_PATH=/home/siddhant/irc_rover_controls_2025/arm_control/install/msg_interfaces LD_LIBRARY_PATH=/home/siddhant/irc_rover_controls_2025/arm_control/install/msg_interfaces/lib:${LD_LIBRARY_PATH} PYTHONPATH=/home/siddhant/irc_rover_controls_2025/arm_control/build/ik_control/prefix_override:/usr/lib/python3/dist-packages/colcon_core/task/python/colcon_distutils_commands:/home/siddhant/irc_rover_controls_2025/arm_control/install/ik_control/lib/python3.10/site-packages:/home/siddhant/irc_rover_controls_2025/arm_control/install/msg_interfaces/local/lib/python3.10/dist-packages:${PYTHONPATH} /usr/bin/python3 -W ignore:setup.py install is deprecated -W ignore:easy_install command is deprecated setup.py egg_info --egg-base ../../build/ik_control build --build-base /home/siddhant/irc_rover_controls_2025/arm_control/build/ik_control/build install --record /home/siddhant/irc_rover_controls_2025/arm_control/build/ik_control/install.log --single-version-externally-managed install_data
