[0.061s] DEBUG:colcon:Command line arguments: ['/usr/bin/colcon', 'build']
[0.061s] DEBUG:colcon:Parsed command line arguments: Namespace(log_base=None, log_level=None, verb_name='build', build_base='build', install_base='install', merge_install=False, symlink_install=False, test_result_base=None, continue_on_error=False, executor='parallel', parallel_workers=22, event_handlers=None, ignore_user_meta=False, metas=['./colcon.meta'], base_paths=['.'], packages_ignore=None, packages_ignore_regex=None, paths=None, packages_up_to=None, packages_up_to_regex=None, packages_above=None, packages_above_and_dependencies=None, packages_above_depth=None, packages_select_by_dep=None, packages_skip_by_dep=None, packages_skip_up_to=None, packages_select_build_failed=False, packages_skip_build_finished=False, packages_select_test_failures=False, packages_skip_test_passed=False, packages_select=None, packages_skip=None, packages_select_regex=None, packages_skip_regex=None, packages_start=None, packages_end=None, allow_overriding=[], cmake_args=None, cmake_target=None, cmake_target_skip_unavailable=False, cmake_clean_cache=False, cmake_clean_first=False, cmake_force_configure=False, ament_cmake_args=None, catkin_cmake_args=None, catkin_skip_building_tests=False, mixin_files=None, mixin=None, verb_parser=<colcon_mixin.mixin.mixin_argument.MixinArgumentDecorator object at 0x73ac7e412fe0>, verb_extension=<colcon_core.verb.build.BuildVerb object at 0x73ac7e5cbc70>, main=<bound method BuildVerb.main of <colcon_core.verb.build.BuildVerb object at 0x73ac7e5cbc70>>, mixin_verb=('build',))
[0.084s] Level 1:colcon.colcon_core.package_discovery:discover_packages(colcon_meta) check parameters
[0.084s] Level 1:colcon.colcon_core.package_discovery:discover_packages(recursive) check parameters
[0.084s] Level 1:colcon.colcon_core.package_discovery:discover_packages(ignore) check parameters
[0.084s] Level 1:colcon.colcon_core.package_discovery:discover_packages(path) check parameters
[0.084s] Level 1:colcon.colcon_core.package_discovery:discover_packages(colcon_meta) discover
[0.084s] Level 1:colcon.colcon_core.package_discovery:discover_packages(recursive) discover
[0.084s] INFO:colcon.colcon_core.package_discovery:Crawling recursively for packages in '/home/siddhant/irc_rover_controls_2025/drive_control'
[0.084s] Level 1:colcon.colcon_core.package_identification:_identify(.) by extensions ['ignore', 'ignore_ament_install']
[0.084s] Level 1:colcon.colcon_core.package_identification:_identify(.) by extension 'ignore'
[0.084s] Level 1:colcon.colcon_core.package_identification:_identify(.) by extension 'ignore_ament_install'
[0.084s] Level 1:colcon.colcon_core.package_identification:_identify(.) by extensions ['colcon_pkg']
[0.084s] Level 1:colcon.colcon_core.package_identification:_identify(.) by extension 'colcon_pkg'
[0.084s] Level 1:colcon.colcon_core.package_identification:_identify(.) by extensions ['colcon_meta']
[0.084s] Level 1:colcon.colcon_core.package_identification:_identify(.) by extension 'colcon_meta'
[0.084s] Level 1:colcon.colcon_core.package_identification:_identify(.) by extensions ['ros']
[0.084s] Level 1:colcon.colcon_core.package_identification:_identify(.) by extension 'ros'
[0.093s] Level 1:colcon.colcon_core.package_identification:_identify(.) by extensions ['cmake', 'python']
[0.093s] Level 1:colcon.colcon_core.package_identification:_identify(.) by extension 'cmake'
[0.093s] Level 1:colcon.colcon_core.package_identification:_identify(.) by extension 'python'
[0.093s] Level 1:colcon.colcon_core.package_identification:_identify(.) by extensions ['python_setup_py']
[0.093s] Level 1:colcon.colcon_core.package_identification:_identify(.) by extension 'python_setup_py'
[0.093s] Level 1:colcon.colcon_core.package_identification:_identify(build) by extensions ['ignore', 'ignore_ament_install']
[0.093s] Level 1:colcon.colcon_core.package_identification:_identify(build) by extension 'ignore'
[0.093s] Level 1:colcon.colcon_core.package_identification:_identify(build) ignored
[0.093s] Level 1:colcon.colcon_core.package_identification:_identify(install) by extensions ['ignore', 'ignore_ament_install']
[0.093s] Level 1:colcon.colcon_core.package_identification:_identify(install) by extension 'ignore'
[0.093s] Level 1:colcon.colcon_core.package_identification:_identify(install) ignored
[0.093s] Level 1:colcon.colcon_core.package_identification:_identify(log) by extensions ['ignore', 'ignore_ament_install']
[0.093s] Level 1:colcon.colcon_core.package_identification:_identify(log) by extension 'ignore'
[0.093s] Level 1:colcon.colcon_core.package_identification:_identify(log) ignored
[0.093s] Level 1:colcon.colcon_core.package_identification:_identify(src) by extensions ['ignore', 'ignore_ament_install']
[0.094s] Level 1:colcon.colcon_core.package_identification:_identify(src) by extension 'ignore'
[0.094s] Level 1:colcon.colcon_core.package_identification:_identify(src) by extension 'ignore_ament_install'
[0.094s] Level 1:colcon.colcon_core.package_identification:_identify(src) by extensions ['colcon_pkg']
[0.094s] Level 1:colcon.colcon_core.package_identification:_identify(src) by extension 'colcon_pkg'
[0.094s] Level 1:colcon.colcon_core.package_identification:_identify(src) by extensions ['colcon_meta']
[0.094s] Level 1:colcon.colcon_core.package_identification:_identify(src) by extension 'colcon_meta'
[0.094s] Level 1:colcon.colcon_core.package_identification:_identify(src) by extensions ['ros']
[0.094s] Level 1:colcon.colcon_core.package_identification:_identify(src) by extension 'ros'
[0.094s] Level 1:colcon.colcon_core.package_identification:_identify(src) by extensions ['cmake', 'python']
[0.094s] Level 1:colcon.colcon_core.package_identification:_identify(src) by extension 'cmake'
[0.094s] Level 1:colcon.colcon_core.package_identification:_identify(src) by extension 'python'
[0.094s] Level 1:colcon.colcon_core.package_identification:_identify(src) by extensions ['python_setup_py']
[0.094s] Level 1:colcon.colcon_core.package_identification:_identify(src) by extension 'python_setup_py'
[0.094s] Level 1:colcon.colcon_core.package_identification:_identify(src/differential) by extensions ['ignore', 'ignore_ament_install']
[0.094s] Level 1:colcon.colcon_core.package_identification:_identify(src/differential) by extension 'ignore'
[0.094s] Level 1:colcon.colcon_core.package_identification:_identify(src/differential) by extension 'ignore_ament_install'
[0.094s] Level 1:colcon.colcon_core.package_identification:_identify(src/differential) by extensions ['colcon_pkg']
[0.094s] Level 1:colcon.colcon_core.package_identification:_identify(src/differential) by extension 'colcon_pkg'
[0.094s] Level 1:colcon.colcon_core.package_identification:_identify(src/differential) by extensions ['colcon_meta']
[0.094s] Level 1:colcon.colcon_core.package_identification:_identify(src/differential) by extension 'colcon_meta'
[0.094s] Level 1:colcon.colcon_core.package_identification:_identify(src/differential) by extensions ['ros']
[0.094s] Level 1:colcon.colcon_core.package_identification:_identify(src/differential) by extension 'ros'
[0.095s] DEBUG:colcon.colcon_core.package_identification:Package 'src/differential' with type 'ros.ament_python' and name 'differential'
[0.095s] Level 1:colcon.colcon_core.package_identification:_identify(src/msg_interfaces) by extensions ['ignore', 'ignore_ament_install']
[0.095s] Level 1:colcon.colcon_core.package_identification:_identify(src/msg_interfaces) by extension 'ignore'
[0.095s] Level 1:colcon.colcon_core.package_identification:_identify(src/msg_interfaces) by extension 'ignore_ament_install'
[0.096s] Level 1:colcon.colcon_core.package_identification:_identify(src/msg_interfaces) by extensions ['colcon_pkg']
[0.096s] Level 1:colcon.colcon_core.package_identification:_identify(src/msg_interfaces) by extension 'colcon_pkg'
[0.096s] Level 1:colcon.colcon_core.package_identification:_identify(src/msg_interfaces) by extensions ['colcon_meta']
[0.096s] Level 1:colcon.colcon_core.package_identification:_identify(src/msg_interfaces) by extension 'colcon_meta'
[0.096s] Level 1:colcon.colcon_core.package_identification:_identify(src/msg_interfaces) by extensions ['ros']
[0.096s] Level 1:colcon.colcon_core.package_identification:_identify(src/msg_interfaces) by extension 'ros'
[0.096s] DEBUG:colcon.colcon_core.package_identification:Package 'src/msg_interfaces' with type 'ros.ament_cmake' and name 'msg_interfaces'
[0.096s] Level 1:colcon.colcon_core.package_discovery:discover_packages(recursive) using defaults
[0.096s] Level 1:colcon.colcon_core.package_discovery:discover_packages(ignore) discover
[0.096s] Level 1:colcon.colcon_core.package_discovery:discover_packages(ignore) using defaults
[0.096s] Level 1:colcon.colcon_core.package_discovery:discover_packages(path) discover
[0.096s] Level 1:colcon.colcon_core.package_discovery:discover_packages(path) using defaults
[0.108s] Level 1:colcon.colcon_core.package_discovery:discover_packages(prefix_path) check parameters
[0.108s] Level 1:colcon.colcon_core.package_discovery:discover_packages(prefix_path) discover
[0.109s] DEBUG:colcon.colcon_installed_package_information.package_discovery:Found 3 installed packages in /home/siddhant/irc_rover_controls_2025/arm_control/install
[0.109s] DEBUG:colcon.colcon_installed_package_information.package_discovery:Found 267 installed packages in /opt/ros/humble
[0.110s] Level 1:colcon.colcon_core.package_discovery:discover_packages(prefix_path) using defaults
[0.129s] WARNING:colcon.colcon_core.package_selection:Some selected packages are already built in one or more underlay workspaces:
	'msg_interfaces' is in: /home/siddhant/irc_rover_controls_2025/arm_control/install/msg_interfaces
If a package in a merged underlay workspace is overridden and it installs headers, then all packages in the overlay must sort their include directories by workspace order. Failure to do so may result in build failures or undefined behavior at run time.
If the overridden package is used by another package in any underlay, then the overriding package in the overlay must be API and ABI compatible or undefined behavior at run time may occur.

If you understand the risks and want to override a package anyways, add the following to the command line:
	--allow-overriding msg_interfaces

This may be promoted to an error in a future release of colcon-override-check.
[0.130s] Level 5:colcon.colcon_core.verb:set package 'differential' build argument 'cmake_args' from command line to 'None'
[0.130s] Level 5:colcon.colcon_core.verb:set package 'differential' build argument 'cmake_target' from command line to 'None'
[0.130s] Level 5:colcon.colcon_core.verb:set package 'differential' build argument 'cmake_target_skip_unavailable' from command line to 'False'
[0.130s] Level 5:colcon.colcon_core.verb:set package 'differential' build argument 'cmake_clean_cache' from command line to 'False'
[0.130s] Level 5:colcon.colcon_core.verb:set package 'differential' build argument 'cmake_clean_first' from command line to 'False'
[0.130s] Level 5:colcon.colcon_core.verb:set package 'differential' build argument 'cmake_force_configure' from command line to 'False'
[0.130s] Level 5:colcon.colcon_core.verb:set package 'differential' build argument 'ament_cmake_args' from command line to 'None'
[0.130s] Level 5:colcon.colcon_core.verb:set package 'differential' build argument 'catkin_cmake_args' from command line to 'None'
[0.130s] Level 5:colcon.colcon_core.verb:set package 'differential' build argument 'catkin_skip_building_tests' from command line to 'False'
[0.130s] DEBUG:colcon.colcon_core.verb:Building package 'differential' with the following arguments: {'ament_cmake_args': None, 'build_base': '/home/siddhant/irc_rover_controls_2025/drive_control/build/differential', 'catkin_cmake_args': None, 'catkin_skip_building_tests': False, 'cmake_args': None, 'cmake_clean_cache': False, 'cmake_clean_first': False, 'cmake_force_configure': False, 'cmake_target': None, 'cmake_target_skip_unavailable': False, 'install_base': '/home/siddhant/irc_rover_controls_2025/drive_control/install/differential', 'merge_install': False, 'path': '/home/siddhant/irc_rover_controls_2025/drive_control/src/differential', 'symlink_install': False, 'test_result_base': None}
[0.130s] Level 5:colcon.colcon_core.verb:set package 'msg_interfaces' build argument 'cmake_args' from command line to 'None'
[0.130s] Level 5:colcon.colcon_core.verb:set package 'msg_interfaces' build argument 'cmake_target' from command line to 'None'
[0.130s] Level 5:colcon.colcon_core.verb:set package 'msg_interfaces' build argument 'cmake_target_skip_unavailable' from command line to 'False'
[0.130s] Level 5:colcon.colcon_core.verb:set package 'msg_interfaces' build argument 'cmake_clean_cache' from command line to 'False'
[0.130s] Level 5:colcon.colcon_core.verb:set package 'msg_interfaces' build argument 'cmake_clean_first' from command line to 'False'
[0.130s] Level 5:colcon.colcon_core.verb:set package 'msg_interfaces' build argument 'cmake_force_configure' from command line to 'False'
[0.130s] Level 5:colcon.colcon_core.verb:set package 'msg_interfaces' build argument 'ament_cmake_args' from command line to 'None'
[0.130s] Level 5:colcon.colcon_core.verb:set package 'msg_interfaces' build argument 'catkin_cmake_args' from command line to 'None'
[0.130s] Level 5:colcon.colcon_core.verb:set package 'msg_interfaces' build argument 'catkin_skip_building_tests' from command line to 'False'
[0.130s] DEBUG:colcon.colcon_core.verb:Building package 'msg_interfaces' with the following arguments: {'ament_cmake_args': None, 'build_base': '/home/siddhant/irc_rover_controls_2025/drive_control/build/msg_interfaces', 'catkin_cmake_args': None, 'catkin_skip_building_tests': False, 'cmake_args': None, 'cmake_clean_cache': False, 'cmake_clean_first': False, 'cmake_force_configure': False, 'cmake_target': None, 'cmake_target_skip_unavailable': False, 'install_base': '/home/siddhant/irc_rover_controls_2025/drive_control/install/msg_interfaces', 'merge_install': False, 'path': '/home/siddhant/irc_rover_controls_2025/drive_control/src/msg_interfaces', 'symlink_install': False, 'test_result_base': None}
[0.130s] INFO:colcon.colcon_core.executor:Executing jobs using 'parallel' executor
[0.132s] DEBUG:colcon.colcon_parallel_executor.executor.parallel:run_until_complete
[0.132s] INFO:colcon.colcon_ros.task.ament_python.build:Building ROS package in '/home/siddhant/irc_rover_controls_2025/drive_control/src/differential' with build type 'ament_python'
[0.132s] Level 1:colcon.colcon_core.shell:create_environment_hook('differential', 'ament_prefix_path')
[0.133s] INFO:colcon.colcon_core.plugin_system:Skipping extension 'colcon_core.shell.bat': Not used on non-Windows systems
[0.133s] INFO:colcon.colcon_core.shell:Creating environment hook '/home/siddhant/irc_rover_controls_2025/drive_control/install/differential/share/differential/hook/ament_prefix_path.ps1'
[0.134s] INFO:colcon.colcon_core.shell:Creating environment descriptor '/home/siddhant/irc_rover_controls_2025/drive_control/install/differential/share/differential/hook/ament_prefix_path.dsv'
[0.134s] INFO:colcon.colcon_core.shell:Creating environment hook '/home/siddhant/irc_rover_controls_2025/drive_control/install/differential/share/differential/hook/ament_prefix_path.sh'
[0.134s] INFO:colcon.colcon_core.shell:Skip shell extension 'powershell' for command environment: Not usable outside of PowerShell
[0.134s] DEBUG:colcon.colcon_core.shell:Skip shell extension 'dsv' for command environment
[0.136s] INFO:colcon.colcon_ros.task.ament_cmake.build:Building ROS package in '/home/siddhant/irc_rover_controls_2025/drive_control/src/msg_interfaces' with build type 'ament_cmake'
[0.137s] INFO:colcon.colcon_cmake.task.cmake.build:Building CMake package in '/home/siddhant/irc_rover_controls_2025/drive_control/src/msg_interfaces'
[0.137s] INFO:colcon.colcon_core.shell:Skip shell extension 'powershell' for command environment: Not usable outside of PowerShell
[0.137s] DEBUG:colcon.colcon_core.shell:Skip shell extension 'dsv' for command environment
[0.257s] INFO:colcon.colcon_core.task.python.build:Building Python package in '/home/siddhant/irc_rover_controls_2025/drive_control/src/differential'
[0.258s] INFO:colcon.colcon_core.shell:Skip shell extension 'powershell' for command environment: Not usable outside of PowerShell
[0.258s] DEBUG:colcon.colcon_core.shell:Skip shell extension 'dsv' for command environment
[0.263s] DEBUG:colcon.colcon_core.event_handler.log_command:Invoking command in '/home/siddhant/irc_rover_controls_2025/drive_control/build/msg_interfaces': CMAKE_PREFIX_PATH=${CMAKE_PREFIX_PATH}:/home/siddhant/irc_rover_controls_2025/arm_control/install/joint_control:/home/siddhant/irc_rover_controls_2025/arm_control/install/ik_control:/opt/ros/humble /usr/bin/cmake /home/siddhant/irc_rover_controls_2025/drive_control/src/msg_interfaces -DCMAKE_INSTALL_PREFIX=/home/siddhant/irc_rover_controls_2025/drive_control/install/msg_interfaces
[0.521s] DEBUG:colcon.colcon_core.event_handler.log_command:Invoking command in '/home/siddhant/irc_rover_controls_2025/drive_control/src/differential': PYTHONPATH=/home/siddhant/irc_rover_controls_2025/drive_control/build/differential/prefix_override:/usr/lib/python3/dist-packages/colcon_core/task/python/colcon_distutils_commands:/home/siddhant/irc_rover_controls_2025/drive_control/install/differential/lib/python3.10/site-packages:${PYTHONPATH} /usr/bin/python3 -W ignore:setup.py install is deprecated -W ignore:easy_install command is deprecated setup.py egg_info --egg-base ../../build/differential build --build-base /home/siddhant/irc_rover_controls_2025/drive_control/build/differential/build install --record /home/siddhant/irc_rover_controls_2025/drive_control/build/differential/install.log --single-version-externally-managed install_data
[0.790s] DEBUG:colcon.colcon_core.event_handler.log_command:Invoked command in '/home/siddhant/irc_rover_controls_2025/drive_control/src/differential' returned '0': PYTHONPATH=/home/siddhant/irc_rover_controls_2025/drive_control/build/differential/prefix_override:/usr/lib/python3/dist-packages/colcon_core/task/python/colcon_distutils_commands:/home/siddhant/irc_rover_controls_2025/drive_control/install/differential/lib/python3.10/site-packages:${PYTHONPATH} /usr/bin/python3 -W ignore:setup.py install is deprecated -W ignore:easy_install command is deprecated setup.py egg_info --egg-base ../../build/differential build --build-base /home/siddhant/irc_rover_controls_2025/drive_control/build/differential/build install --record /home/siddhant/irc_rover_controls_2025/drive_control/build/differential/install.log --single-version-externally-managed install_data
[0.791s] Level 1:colcon.colcon_core.environment:checking '/home/siddhant/irc_rover_controls_2025/drive_control/install/differential' for CMake module files
[0.791s] Level 1:colcon.colcon_core.environment:checking '/home/siddhant/irc_rover_controls_2025/drive_control/install/differential' for CMake config files
[0.792s] Level 1:colcon.colcon_core.environment:checking '/home/siddhant/irc_rover_controls_2025/drive_control/install/differential/lib'
[0.792s] Level 1:colcon.colcon_core.environment:checking '/home/siddhant/irc_rover_controls_2025/drive_control/install/differential/bin'
[0.792s] Level 1:colcon.colcon_core.environment:checking '/home/siddhant/irc_rover_controls_2025/drive_control/install/differential/lib/pkgconfig/differential.pc'
[0.792s] Level 1:colcon.colcon_core.environment:checking '/home/siddhant/irc_rover_controls_2025/drive_control/install/differential/lib/python3.10/site-packages'
[0.792s] Level 1:colcon.colcon_core.shell:create_environment_hook('differential', 'pythonpath')
[0.792s] INFO:colcon.colcon_core.shell:Creating environment hook '/home/siddhant/irc_rover_controls_2025/drive_control/install/differential/share/differential/hook/pythonpath.ps1'
[0.792s] INFO:colcon.colcon_core.shell:Creating environment descriptor '/home/siddhant/irc_rover_controls_2025/drive_control/install/differential/share/differential/hook/pythonpath.dsv'
[0.793s] INFO:colcon.colcon_core.shell:Creating environment hook '/home/siddhant/irc_rover_controls_2025/drive_control/install/differential/share/differential/hook/pythonpath.sh'
[0.793s] Level 1:colcon.colcon_core.environment:checking '/home/siddhant/irc_rover_controls_2025/drive_control/install/differential/bin'
[0.793s] Level 1:colcon.colcon_core.environment:create_environment_scripts_only(differential)
[0.793s] INFO:colcon.colcon_core.shell:Creating package script '/home/siddhant/irc_rover_controls_2025/drive_control/install/differential/share/differential/package.ps1'
[0.793s] INFO:colcon.colcon_core.shell:Creating package descriptor '/home/siddhant/irc_rover_controls_2025/drive_control/install/differential/share/differential/package.dsv'
[0.794s] INFO:colcon.colcon_core.shell:Creating package script '/home/siddhant/irc_rover_controls_2025/drive_control/install/differential/share/differential/package.sh'
[0.794s] INFO:colcon.colcon_core.shell:Creating package script '/home/siddhant/irc_rover_controls_2025/drive_control/install/differential/share/differential/package.bash'
[0.794s] INFO:colcon.colcon_core.shell:Creating package script '/home/siddhant/irc_rover_controls_2025/drive_control/install/differential/share/differential/package.zsh'
[0.795s] Level 1:colcon.colcon_core.environment:create_file_with_runtime_dependencies(/home/siddhant/irc_rover_controls_2025/drive_control/install/differential/share/colcon-core/packages/differential)
[1.463s] DEBUG:colcon.colcon_core.event_handler.log_command:Invoked command in '/home/siddhant/irc_rover_controls_2025/drive_control/build/msg_interfaces' returned '0': CMAKE_PREFIX_PATH=${CMAKE_PREFIX_PATH}:/home/siddhant/irc_rover_controls_2025/arm_control/install/joint_control:/home/siddhant/irc_rover_controls_2025/arm_control/install/ik_control:/opt/ros/humble /usr/bin/cmake /home/siddhant/irc_rover_controls_2025/drive_control/src/msg_interfaces -DCMAKE_INSTALL_PREFIX=/home/siddhant/irc_rover_controls_2025/drive_control/install/msg_interfaces
[1.463s] DEBUG:colcon.colcon_core.event_handler.log_command:Invoking command in '/home/siddhant/irc_rover_controls_2025/drive_control/build/msg_interfaces': CMAKE_PREFIX_PATH=${CMAKE_PREFIX_PATH}:/home/siddhant/irc_rover_controls_2025/arm_control/install/joint_control:/home/siddhant/irc_rover_controls_2025/arm_control/install/ik_control:/opt/ros/humble /usr/bin/cmake --build /home/siddhant/irc_rover_controls_2025/drive_control/build/msg_interfaces -- -j22 -l22
[3.732s] DEBUG:colcon.colcon_core.event_handler.log_command:Invoked command in '/home/siddhant/irc_rover_controls_2025/drive_control/build/msg_interfaces' returned '0': CMAKE_PREFIX_PATH=${CMAKE_PREFIX_PATH}:/home/siddhant/irc_rover_controls_2025/arm_control/install/joint_control:/home/siddhant/irc_rover_controls_2025/arm_control/install/ik_control:/opt/ros/humble /usr/bin/cmake --build /home/siddhant/irc_rover_controls_2025/drive_control/build/msg_interfaces -- -j22 -l22
[3.736s] DEBUG:colcon.colcon_core.event_handler.log_command:Invoking command in '/home/siddhant/irc_rover_controls_2025/drive_control/build/msg_interfaces': CMAKE_PREFIX_PATH=${CMAKE_PREFIX_PATH}:/home/siddhant/irc_rover_controls_2025/arm_control/install/joint_control:/home/siddhant/irc_rover_controls_2025/arm_control/install/ik_control:/opt/ros/humble /usr/bin/cmake --install /home/siddhant/irc_rover_controls_2025/drive_control/build/msg_interfaces
[3.785s] Level 1:colcon.colcon_core.environment:create_environment_scripts_only(msg_interfaces)
[3.785s] Level 1:colcon.colcon_core.environment:checking '/home/siddhant/irc_rover_controls_2025/drive_control/install/msg_interfaces' for CMake module files
[3.785s] DEBUG:colcon.colcon_core.event_handler.log_command:Invoked command in '/home/siddhant/irc_rover_controls_2025/drive_control/build/msg_interfaces' returned '0': CMAKE_PREFIX_PATH=${CMAKE_PREFIX_PATH}:/home/siddhant/irc_rover_controls_2025/arm_control/install/joint_control:/home/siddhant/irc_rover_controls_2025/arm_control/install/ik_control:/opt/ros/humble /usr/bin/cmake --install /home/siddhant/irc_rover_controls_2025/drive_control/build/msg_interfaces
[3.786s] Level 1:colcon.colcon_core.environment:checking '/home/siddhant/irc_rover_controls_2025/drive_control/install/msg_interfaces' for CMake config files
[3.786s] Level 1:colcon.colcon_core.shell:create_environment_hook('msg_interfaces', 'cmake_prefix_path')
[3.786s] INFO:colcon.colcon_core.shell:Creating environment hook '/home/siddhant/irc_rover_controls_2025/drive_control/install/msg_interfaces/share/msg_interfaces/hook/cmake_prefix_path.ps1'
[3.786s] INFO:colcon.colcon_core.shell:Creating environment descriptor '/home/siddhant/irc_rover_controls_2025/drive_control/install/msg_interfaces/share/msg_interfaces/hook/cmake_prefix_path.dsv'
[3.786s] INFO:colcon.colcon_core.shell:Creating environment hook '/home/siddhant/irc_rover_controls_2025/drive_control/install/msg_interfaces/share/msg_interfaces/hook/cmake_prefix_path.sh'
[3.787s] Level 1:colcon.colcon_core.environment:checking '/home/siddhant/irc_rover_controls_2025/drive_control/install/msg_interfaces/lib'
[3.787s] Level 1:colcon.colcon_core.shell:create_environment_hook('msg_interfaces', 'ld_library_path_lib')
[3.787s] INFO:colcon.colcon_core.shell:Creating environment hook '/home/siddhant/irc_rover_controls_2025/drive_control/install/msg_interfaces/share/msg_interfaces/hook/ld_library_path_lib.ps1'
[3.787s] INFO:colcon.colcon_core.shell:Creating environment descriptor '/home/siddhant/irc_rover_controls_2025/drive_control/install/msg_interfaces/share/msg_interfaces/hook/ld_library_path_lib.dsv'
[3.787s] INFO:colcon.colcon_core.shell:Creating environment hook '/home/siddhant/irc_rover_controls_2025/drive_control/install/msg_interfaces/share/msg_interfaces/hook/ld_library_path_lib.sh'
[3.787s] Level 1:colcon.colcon_core.environment:checking '/home/siddhant/irc_rover_controls_2025/drive_control/install/msg_interfaces/bin'
[3.787s] Level 1:colcon.colcon_core.environment:checking '/home/siddhant/irc_rover_controls_2025/drive_control/install/msg_interfaces/lib/pkgconfig/msg_interfaces.pc'
[3.788s] Level 1:colcon.colcon_core.environment:checking '/home/siddhant/irc_rover_controls_2025/drive_control/install/msg_interfaces/lib/python3.10/site-packages'
[3.788s] Level 1:colcon.colcon_core.environment:checking '/home/siddhant/irc_rover_controls_2025/drive_control/install/msg_interfaces/bin'
[3.788s] INFO:colcon.colcon_core.shell:Creating package script '/home/siddhant/irc_rover_controls_2025/drive_control/install/msg_interfaces/share/msg_interfaces/package.ps1'
[3.788s] INFO:colcon.colcon_core.shell:Creating package descriptor '/home/siddhant/irc_rover_controls_2025/drive_control/install/msg_interfaces/share/msg_interfaces/package.dsv'
[3.788s] INFO:colcon.colcon_core.shell:Creating package script '/home/siddhant/irc_rover_controls_2025/drive_control/install/msg_interfaces/share/msg_interfaces/package.sh'
[3.789s] INFO:colcon.colcon_core.shell:Creating package script '/home/siddhant/irc_rover_controls_2025/drive_control/install/msg_interfaces/share/msg_interfaces/package.bash'
[3.789s] INFO:colcon.colcon_core.shell:Creating package script '/home/siddhant/irc_rover_controls_2025/drive_control/install/msg_interfaces/share/msg_interfaces/package.zsh'
[3.789s] Level 1:colcon.colcon_core.environment:create_file_with_runtime_dependencies(/home/siddhant/irc_rover_controls_2025/drive_control/install/msg_interfaces/share/colcon-core/packages/msg_interfaces)
[3.789s] Level 1:colcon.colcon_core.environment:create_environment_scripts_only(msg_interfaces)
[3.789s] Level 1:colcon.colcon_core.environment:checking '/home/siddhant/irc_rover_controls_2025/drive_control/install/msg_interfaces' for CMake module files
[3.790s] Level 1:colcon.colcon_core.environment:checking '/home/siddhant/irc_rover_controls_2025/drive_control/install/msg_interfaces' for CMake config files
[3.790s] Level 1:colcon.colcon_core.shell:create_environment_hook('msg_interfaces', 'cmake_prefix_path')
[3.790s] INFO:colcon.colcon_core.shell:Creating environment hook '/home/siddhant/irc_rover_controls_2025/drive_control/install/msg_interfaces/share/msg_interfaces/hook/cmake_prefix_path.ps1'
[3.790s] INFO:colcon.colcon_core.shell:Creating environment descriptor '/home/siddhant/irc_rover_controls_2025/drive_control/install/msg_interfaces/share/msg_interfaces/hook/cmake_prefix_path.dsv'
[3.790s] INFO:colcon.colcon_core.shell:Creating environment hook '/home/siddhant/irc_rover_controls_2025/drive_control/install/msg_interfaces/share/msg_interfaces/hook/cmake_prefix_path.sh'
[3.791s] Level 1:colcon.colcon_core.environment:checking '/home/siddhant/irc_rover_controls_2025/drive_control/install/msg_interfaces/lib'
[3.791s] Level 1:colcon.colcon_core.shell:create_environment_hook('msg_interfaces', 'ld_library_path_lib')
[3.791s] INFO:colcon.colcon_core.shell:Creating environment hook '/home/siddhant/irc_rover_controls_2025/drive_control/install/msg_interfaces/share/msg_interfaces/hook/ld_library_path_lib.ps1'
[3.791s] INFO:colcon.colcon_core.shell:Creating environment descriptor '/home/siddhant/irc_rover_controls_2025/drive_control/install/msg_interfaces/share/msg_interfaces/hook/ld_library_path_lib.dsv'
[3.791s] INFO:colcon.colcon_core.shell:Creating environment hook '/home/siddhant/irc_rover_controls_2025/drive_control/install/msg_interfaces/share/msg_interfaces/hook/ld_library_path_lib.sh'
[3.791s] Level 1:colcon.colcon_core.environment:checking '/home/siddhant/irc_rover_controls_2025/drive_control/install/msg_interfaces/bin'
[3.791s] Level 1:colcon.colcon_core.environment:checking '/home/siddhant/irc_rover_controls_2025/drive_control/install/msg_interfaces/lib/pkgconfig/msg_interfaces.pc'
[3.792s] Level 1:colcon.colcon_core.environment:checking '/home/siddhant/irc_rover_controls_2025/drive_control/install/msg_interfaces/lib/python3.10/site-packages'
[3.792s] Level 1:colcon.colcon_core.environment:checking '/home/siddhant/irc_rover_controls_2025/drive_control/install/msg_interfaces/bin'
[3.792s] INFO:colcon.colcon_core.shell:Creating package script '/home/siddhant/irc_rover_controls_2025/drive_control/install/msg_interfaces/share/msg_interfaces/package.ps1'
[3.792s] INFO:colcon.colcon_core.shell:Creating package descriptor '/home/siddhant/irc_rover_controls_2025/drive_control/install/msg_interfaces/share/msg_interfaces/package.dsv'
[3.792s] INFO:colcon.colcon_core.shell:Creating package script '/home/siddhant/irc_rover_controls_2025/drive_control/install/msg_interfaces/share/msg_interfaces/package.sh'
[3.793s] INFO:colcon.colcon_core.shell:Creating package script '/home/siddhant/irc_rover_controls_2025/drive_control/install/msg_interfaces/share/msg_interfaces/package.bash'
[3.793s] INFO:colcon.colcon_core.shell:Creating package script '/home/siddhant/irc_rover_controls_2025/drive_control/install/msg_interfaces/share/msg_interfaces/package.zsh'
[3.793s] Level 1:colcon.colcon_core.environment:create_file_with_runtime_dependencies(/home/siddhant/irc_rover_controls_2025/drive_control/install/msg_interfaces/share/colcon-core/packages/msg_interfaces)
[3.793s] DEBUG:colcon.colcon_parallel_executor.executor.parallel:closing loop
[3.793s] DEBUG:colcon.colcon_parallel_executor.executor.parallel:loop closed
[3.793s] DEBUG:colcon.colcon_parallel_executor.executor.parallel:run_until_complete finished with '0'
[3.793s] DEBUG:colcon.colcon_core.event_reactor:joining thread
[3.797s] INFO:colcon.colcon_core.plugin_system:Skipping extension 'colcon_notification.desktop_notification.terminal_notifier': Not used on non-Darwin systems
[3.797s] INFO:colcon.colcon_core.plugin_system:Skipping extension 'colcon_notification.desktop_notification.win32': Not used on non-Windows systems
[3.797s] INFO:colcon.colcon_notification.desktop_notification:Sending desktop notification using 'notify2'
[3.807s] DEBUG:colcon.colcon_core.event_reactor:joined thread
[3.808s] INFO:colcon.colcon_core.shell:Creating prefix script '/home/siddhant/irc_rover_controls_2025/drive_control/install/local_setup.ps1'
[3.808s] INFO:colcon.colcon_core.shell:Creating prefix util module '/home/siddhant/irc_rover_controls_2025/drive_control/install/_local_setup_util_ps1.py'
[3.809s] INFO:colcon.colcon_core.shell:Creating prefix chain script '/home/siddhant/irc_rover_controls_2025/drive_control/install/setup.ps1'
[3.809s] INFO:colcon.colcon_core.shell:Creating prefix script '/home/siddhant/irc_rover_controls_2025/drive_control/install/local_setup.sh'
[3.810s] INFO:colcon.colcon_core.shell:Creating prefix util module '/home/siddhant/irc_rover_controls_2025/drive_control/install/_local_setup_util_sh.py'
[3.810s] INFO:colcon.colcon_core.shell:Creating prefix chain script '/home/siddhant/irc_rover_controls_2025/drive_control/install/setup.sh'
[3.811s] INFO:colcon.colcon_core.shell:Creating prefix script '/home/siddhant/irc_rover_controls_2025/drive_control/install/local_setup.bash'
[3.811s] INFO:colcon.colcon_core.shell:Creating prefix chain script '/home/siddhant/irc_rover_controls_2025/drive_control/install/setup.bash'
[3.811s] INFO:colcon.colcon_core.shell:Creating prefix script '/home/siddhant/irc_rover_controls_2025/drive_control/install/local_setup.zsh'
[3.812s] INFO:colcon.colcon_core.shell:Creating prefix chain script '/home/siddhant/irc_rover_controls_2025/drive_control/install/setup.zsh'
