running egg_info
creating ../../build/ik_control/ik_control.egg-info
writing ../../build/ik_control/ik_control.egg-info/PKG-INFO
writing dependency_links to ../../build/ik_control/ik_control.egg-info/dependency_links.txt
writing entry points to ../../build/ik_control/ik_control.egg-info/entry_points.txt
writing requirements to ../../build/ik_control/ik_control.egg-info/requires.txt
writing top-level names to ../../build/ik_control/ik_control.egg-info/top_level.txt
writing manifest file '../../build/ik_control/ik_control.egg-info/SOURCES.txt'
reading manifest file '../../build/ik_control/ik_control.egg-info/SOURCES.txt'
writing manifest file '../../build/ik_control/ik_control.egg-info/SOURCES.txt'
running build
running build_py
creating /home/siddhant/irc_rover_controls_2025/arm_control/build/ik_control/build/lib/ik_control
copying ik_control/testing_wrist_pid.py -> /home/siddhant/irc_rover_controls_2025/arm_control/build/ik_control/build/lib/ik_control
copying ik_control/shoulder_hold_ik.py -> /home/siddhant/irc_rover_controls_2025/arm_control/build/ik_control/build/lib/ik_control
copying ik_control/wrist_pid_ik.py -> /home/siddhant/irc_rover_controls_2025/arm_control/build/ik_control/build/lib/ik_control
copying ik_control/pos_ik.py -> /home/siddhant/irc_rover_controls_2025/arm_control/build/ik_control/build/lib/ik_control
copying ik_control/__init__.py -> /home/siddhant/irc_rover_controls_2025/arm_control/build/ik_control/build/lib/ik_control
copying ik_control/pos_ik_pid.py -> /home/siddhant/irc_rover_controls_2025/arm_control/build/ik_control/build/lib/ik_control
running install
running install_lib
creating /home/siddhant/irc_rover_controls_2025/arm_control/install/ik_control/lib/python3.10/site-packages/ik_control
copying /home/siddhant/irc_rover_controls_2025/arm_control/build/ik_control/build/lib/ik_control/testing_wrist_pid.py -> /home/siddhant/irc_rover_controls_2025/arm_control/install/ik_control/lib/python3.10/site-packages/ik_control
copying /home/siddhant/irc_rover_controls_2025/arm_control/build/ik_control/build/lib/ik_control/shoulder_hold_ik.py -> /home/siddhant/irc_rover_controls_2025/arm_control/install/ik_control/lib/python3.10/site-packages/ik_control
copying /home/siddhant/irc_rover_controls_2025/arm_control/build/ik_control/build/lib/ik_control/wrist_pid_ik.py -> /home/siddhant/irc_rover_controls_2025/arm_control/install/ik_control/lib/python3.10/site-packages/ik_control
copying /home/siddhant/irc_rover_controls_2025/arm_control/build/ik_control/build/lib/ik_control/pos_ik.py -> /home/siddhant/irc_rover_controls_2025/arm_control/install/ik_control/lib/python3.10/site-packages/ik_control
copying /home/siddhant/irc_rover_controls_2025/arm_control/build/ik_control/build/lib/ik_control/__init__.py -> /home/siddhant/irc_rover_controls_2025/arm_control/install/ik_control/lib/python3.10/site-packages/ik_control
copying /home/siddhant/irc_rover_controls_2025/arm_control/build/ik_control/build/lib/ik_control/pos_ik_pid.py -> /home/siddhant/irc_rover_controls_2025/arm_control/install/ik_control/lib/python3.10/site-packages/ik_control
byte-compiling /home/siddhant/irc_rover_controls_2025/arm_control/install/ik_control/lib/python3.10/site-packages/ik_control/testing_wrist_pid.py to testing_wrist_pid.cpython-310.pyc
byte-compiling /home/siddhant/irc_rover_controls_2025/arm_control/install/ik_control/lib/python3.10/site-packages/ik_control/shoulder_hold_ik.py to shoulder_hold_ik.cpython-310.pyc
byte-compiling /home/siddhant/irc_rover_controls_2025/arm_control/install/ik_control/lib/python3.10/site-packages/ik_control/wrist_pid_ik.py to wrist_pid_ik.cpython-310.pyc
byte-compiling /home/siddhant/irc_rover_controls_2025/arm_control/install/ik_control/lib/python3.10/site-packages/ik_control/pos_ik.py to pos_ik.cpython-310.pyc
byte-compiling /home/siddhant/irc_rover_controls_2025/arm_control/install/ik_control/lib/python3.10/site-packages/ik_control/__init__.py to __init__.cpython-310.pyc
byte-compiling /home/siddhant/irc_rover_controls_2025/arm_control/install/ik_control/lib/python3.10/site-packages/ik_control/pos_ik_pid.py to pos_ik_pid.cpython-310.pyc
running install_data
creating /home/siddhant/irc_rover_controls_2025/arm_control/install/ik_control/share/ament_index/resource_index/packages
copying resource/ik_control -> /home/siddhant/irc_rover_controls_2025/arm_control/install/ik_control/share/ament_index/resource_index/packages
copying package.xml -> /home/siddhant/irc_rover_controls_2025/arm_control/install/ik_control/share/ik_control
creating /home/siddhant/irc_rover_controls_2025/arm_control/install/ik_control/share/ik_control/urdf
copying urdf/arm_model.urdf -> /home/siddhant/irc_rover_controls_2025/arm_control/install/ik_control/share/ik_control/urdf
running install_egg_info
Copying ../../build/ik_control/ik_control.egg-info to /home/siddhant/irc_rover_controls_2025/arm_control/install/ik_control/lib/python3.10/site-packages/ik_control-0.0.0-py3.10.egg-info
running install_scripts
Installing ik_pos_pid script to /home/siddhant/irc_rover_controls_2025/arm_control/install/ik_control/lib/ik_control
Installing pos_ik script to /home/siddhant/irc_rover_controls_2025/arm_control/install/ik_control/lib/ik_control
Installing shoulder_hold_ik script to /home/siddhant/irc_rover_controls_2025/arm_control/install/ik_control/lib/ik_control
writing list of installed files to '/home/siddhant/irc_rover_controls_2025/arm_control/build/ik_control/install.log'
