[0.576s] Invoking command in '/home/siddhant/irc_rover_controls_2025/arm_control/src/ik_control': AMENT_PREFIX_PATH=/home/siddhant/irc_rover_controls_2025/arm_control/install/msg_interfaces:${AMENT_PREFIX_PATH} CMAKE_PREFIX_PATH=/home/siddhant/irc_rover_controls_2025/arm_control/install/msg_interfaces LD_LIBRARY_PATH=/home/siddhant/irc_rover_controls_2025/arm_control/install/msg_interfaces/lib:${LD_LIBRARY_PATH} PYTHONPATH=/home/siddhant/irc_rover_controls_2025/arm_control/build/ik_control/prefix_override:/usr/lib/python3/dist-packages/colcon_core/task/python/colcon_distutils_commands:/home/siddhant/irc_rover_controls_2025/arm_control/install/ik_control/lib/python3.10/site-packages:/home/siddhant/irc_rover_controls_2025/arm_control/install/msg_interfaces/local/lib/python3.10/dist-packages:${PYTHONPATH} /usr/bin/python3 -W ignore:setup.py install is deprecated -W ignore:easy_install command is deprecated setup.py egg_info --egg-base ../../build/ik_control build --build-base /home/siddhant/irc_rover_controls_2025/arm_control/build/ik_control/build install --record /home/siddhant/irc_rover_controls_2025/arm_control/build/ik_control/install.log --single-version-externally-managed install_data
[0.724s] running egg_info
[0.736s] creating ../../build/ik_control/ik_control.egg-info
[0.736s] writing ../../build/ik_control/ik_control.egg-info/PKG-INFO
[0.736s] writing dependency_links to ../../build/ik_control/ik_control.egg-info/dependency_links.txt
[0.736s] writing entry points to ../../build/ik_control/ik_control.egg-info/entry_points.txt
[0.737s] writing requirements to ../../build/ik_control/ik_control.egg-info/requires.txt
[0.737s] writing top-level names to ../../build/ik_control/ik_control.egg-info/top_level.txt
[0.737s] writing manifest file '../../build/ik_control/ik_control.egg-info/SOURCES.txt'
[0.760s] reading manifest file '../../build/ik_control/ik_control.egg-info/SOURCES.txt'
[0.761s] writing manifest file '../../build/ik_control/ik_control.egg-info/SOURCES.txt'
[0.761s] running build
[0.761s] running build_py
[0.761s] creating /home/siddhant/irc_rover_controls_2025/arm_control/build/ik_control/build/lib/ik_control
[0.761s] copying ik_control/testing_wrist_pid.py -> /home/siddhant/irc_rover_controls_2025/arm_control/build/ik_control/build/lib/ik_control
[0.762s] copying ik_control/shoulder_hold_ik.py -> /home/siddhant/irc_rover_controls_2025/arm_control/build/ik_control/build/lib/ik_control
[0.762s] copying ik_control/wrist_pid_ik.py -> /home/siddhant/irc_rover_controls_2025/arm_control/build/ik_control/build/lib/ik_control
[0.762s] copying ik_control/pos_ik.py -> /home/siddhant/irc_rover_controls_2025/arm_control/build/ik_control/build/lib/ik_control
[0.762s] copying ik_control/__init__.py -> /home/siddhant/irc_rover_controls_2025/arm_control/build/ik_control/build/lib/ik_control
[0.763s] copying ik_control/pos_ik_pid.py -> /home/siddhant/irc_rover_controls_2025/arm_control/build/ik_control/build/lib/ik_control
[0.763s] running install
[0.765s] running install_lib
[0.776s] creating /home/siddhant/irc_rover_controls_2025/arm_control/install/ik_control/lib/python3.10/site-packages/ik_control
[0.776s] copying /home/siddhant/irc_rover_controls_2025/arm_control/build/ik_control/build/lib/ik_control/testing_wrist_pid.py -> /home/siddhant/irc_rover_controls_2025/arm_control/install/ik_control/lib/python3.10/site-packages/ik_control
[0.776s] copying /home/siddhant/irc_rover_controls_2025/arm_control/build/ik_control/build/lib/ik_control/shoulder_hold_ik.py -> /home/siddhant/irc_rover_controls_2025/arm_control/install/ik_control/lib/python3.10/site-packages/ik_control
[0.776s] copying /home/siddhant/irc_rover_controls_2025/arm_control/build/ik_control/build/lib/ik_control/wrist_pid_ik.py -> /home/siddhant/irc_rover_controls_2025/arm_control/install/ik_control/lib/python3.10/site-packages/ik_control
[0.776s] copying /home/siddhant/irc_rover_controls_2025/arm_control/build/ik_control/build/lib/ik_control/pos_ik.py -> /home/siddhant/irc_rover_controls_2025/arm_control/install/ik_control/lib/python3.10/site-packages/ik_control
[0.776s] copying /home/siddhant/irc_rover_controls_2025/arm_control/build/ik_control/build/lib/ik_control/__init__.py -> /home/siddhant/irc_rover_controls_2025/arm_control/install/ik_control/lib/python3.10/site-packages/ik_control
[0.776s] copying /home/siddhant/irc_rover_controls_2025/arm_control/build/ik_control/build/lib/ik_control/pos_ik_pid.py -> /home/siddhant/irc_rover_controls_2025/arm_control/install/ik_control/lib/python3.10/site-packages/ik_control
[0.777s] byte-compiling /home/siddhant/irc_rover_controls_2025/arm_control/install/ik_control/lib/python3.10/site-packages/ik_control/testing_wrist_pid.py to testing_wrist_pid.cpython-310.pyc
[0.778s] byte-compiling /home/siddhant/irc_rover_controls_2025/arm_control/install/ik_control/lib/python3.10/site-packages/ik_control/shoulder_hold_ik.py to shoulder_hold_ik.cpython-310.pyc
[0.779s] byte-compiling /home/siddhant/irc_rover_controls_2025/arm_control/install/ik_control/lib/python3.10/site-packages/ik_control/wrist_pid_ik.py to wrist_pid_ik.cpython-310.pyc
[0.779s] byte-compiling /home/siddhant/irc_rover_controls_2025/arm_control/install/ik_control/lib/python3.10/site-packages/ik_control/pos_ik.py to pos_ik.cpython-310.pyc
[0.780s] byte-compiling /home/siddhant/irc_rover_controls_2025/arm_control/install/ik_control/lib/python3.10/site-packages/ik_control/__init__.py to __init__.cpython-310.pyc
[0.780s] byte-compiling /home/siddhant/irc_rover_controls_2025/arm_control/install/ik_control/lib/python3.10/site-packages/ik_control/pos_ik_pid.py to pos_ik_pid.cpython-310.pyc
[0.782s] running install_data
[0.782s] creating /home/siddhant/irc_rover_controls_2025/arm_control/install/ik_control/share/ament_index/resource_index/packages
[0.782s] copying resource/ik_control -> /home/siddhant/irc_rover_controls_2025/arm_control/install/ik_control/share/ament_index/resource_index/packages
[0.782s] copying package.xml -> /home/siddhant/irc_rover_controls_2025/arm_control/install/ik_control/share/ik_control
[0.782s] creating /home/siddhant/irc_rover_controls_2025/arm_control/install/ik_control/share/ik_control/urdf
[0.782s] copying urdf/arm_model.urdf -> /home/siddhant/irc_rover_controls_2025/arm_control/install/ik_control/share/ik_control/urdf
[0.782s] running install_egg_info
[0.793s] Copying ../../build/ik_control/ik_control.egg-info to /home/siddhant/irc_rover_controls_2025/arm_control/install/ik_control/lib/python3.10/site-packages/ik_control-0.0.0-py3.10.egg-info
[0.793s] running install_scripts
[0.861s] Installing ik_pos_pid script to /home/siddhant/irc_rover_controls_2025/arm_control/install/ik_control/lib/ik_control
[0.861s] Installing pos_ik script to /home/siddhant/irc_rover_controls_2025/arm_control/install/ik_control/lib/ik_control
[0.861s] Installing shoulder_hold_ik script to /home/siddhant/irc_rover_controls_2025/arm_control/install/ik_control/lib/ik_control
[0.861s] writing list of installed files to '/home/siddhant/irc_rover_controls_2025/arm_control/build/ik_control/install.log'
[0.879s] Invoked command in '/home/siddhant/irc_rover_controls_2025/arm_control/src/ik_control' returned '0': AMENT_PREFIX_PATH=/home/siddhant/irc_rover_controls_2025/arm_control/install/msg_interfaces:${AMENT_PREFIX_PATH} CMAKE_PREFIX_PATH=/home/siddhant/irc_rover_controls_2025/arm_control/install/msg_interfaces LD_LIBRARY_PATH=/home/siddhant/irc_rover_controls_2025/arm_control/install/msg_interfaces/lib:${LD_LIBRARY_PATH} PYTHONPATH=/home/siddhant/irc_rover_controls_2025/arm_control/build/ik_control/prefix_override:/usr/lib/python3/dist-packages/colcon_core/task/python/colcon_distutils_commands:/home/siddhant/irc_rover_controls_2025/arm_control/install/ik_control/lib/python3.10/site-packages:/home/siddhant/irc_rover_controls_2025/arm_control/install/msg_interfaces/local/lib/python3.10/dist-packages:${PYTHONPATH} /usr/bin/python3 -W ignore:setup.py install is deprecated -W ignore:easy_install command is deprecated setup.py egg_info --egg-base ../../build/ik_control build --build-base /home/siddhant/irc_rover_controls_2025/arm_control/build/ik_control/build install --record /home/siddhant/irc_rover_controls_2025/arm_control/build/ik_control/install.log --single-version-externally-managed install_data
