/home/sudhindra/irc/drive_control/install/differential/lib/python3.10/site-packages/differential/freshies_attempt.py
/home/sudhindra/irc/drive_control/install/differential/lib/python3.10/site-packages/differential/__init__.py
/home/sudhindra/irc/drive_control/install/differential/lib/python3.10/site-packages/differential/joystick_inputter.py
/home/sudhindra/irc/drive_control/install/differential/lib/python3.10/site-packages/differential/__pycache__/freshies_attempt.cpython-310.pyc
/home/sudhindra/irc/drive_control/install/differential/lib/python3.10/site-packages/differential/__pycache__/__init__.cpython-310.pyc
/home/sudhindra/irc/drive_control/install/differential/lib/python3.10/site-packages/differential/__pycache__/joystick_inputter.cpython-310.pyc
/home/sudhindra/irc/drive_control/install/differential/share/ament_index/resource_index/packages/differential
/home/sudhindra/irc/drive_control/install/differential/share/differential/package.xml
/home/sudhindra/irc/drive_control/install/differential/share/differential/launch
/home/sudhindra/irc/drive_control/install/differential/lib/python3.10/site-packages/differential-0.0.0-py3.10.egg-info/top_level.txt
/home/sudhindra/irc/drive_control/install/differential/lib/python3.10/site-packages/differential-0.0.0-py3.10.egg-info/SOURCES.txt
/home/sudhindra/irc/drive_control/install/differential/lib/python3.10/site-packages/differential-0.0.0-py3.10.egg-info/requires.txt
/home/sudhindra/irc/drive_control/install/differential/lib/python3.10/site-packages/differential-0.0.0-py3.10.egg-info/zip-safe
/home/sudhindra/irc/drive_control/install/differential/lib/python3.10/site-packages/differential-0.0.0-py3.10.egg-info/PKG-INFO
/home/sudhindra/irc/drive_control/install/differential/lib/python3.10/site-packages/differential-0.0.0-py3.10.egg-info/entry_points.txt
/home/sudhindra/irc/drive_control/install/differential/lib/python3.10/site-packages/differential-0.0.0-py3.10.egg-info/dependency_links.txt
/home/sudhindra/irc/drive_control/install/differential/lib/differential/arm_end_receiverrr
/home/sudhindra/irc/drive_control/install/differential/lib/differential/base_tuning
/home/sudhindra/irc/drive_control/install/differential/lib/differential/byte_array
/home/sudhindra/irc/drive_control/install/differential/lib/differential/cam_receiverrr
/home/sudhindra/irc/drive_control/install/differential/lib/differential/drive_arm_concatenate
/home/sudhindra/irc/drive_control/install/differential/lib/differential/drive_receiverrr
/home/sudhindra/irc/drive_control/install/differential/lib/differential/freshies_attempt
/home/sudhindra/irc/drive_control/install/differential/lib/differential/joystick_innerrr
/home/sudhindra/irc/drive_control/install/differential/lib/differential/joystick_innerrr_arm
/home/sudhindra/irc/drive_control/install/differential/lib/differential/motor_six_receiverrr
/home/sudhindra/irc/drive_control/install/differential/lib/differential/node1
/home/sudhindra/irc/drive_control/install/differential/lib/differential/node2
/home/sudhindra/irc/drive_control/install/differential/lib/differential/rtk_demo
