[0.601s] Invoking command in '/home/sudhindra/irc/drive_control/src/differential': PYTHONPATH=/home/sudhindra/irc/drive_control/build/differential/prefix_override:/usr/lib/python3/dist-packages/colcon_core/task/python/colcon_distutils_commands:/home/sudhindra/irc/drive_control/install/differential/lib/python3.10/site-packages:${PYTHONPATH} /usr/bin/python3 -W ignore:setup.py install is deprecated setup.py egg_info --egg-base ../../build/differential build --build-base /home/sudhindra/irc/drive_control/build/differential/build install --record /home/sudhindra/irc/drive_control/build/differential/install.log --single-version-externally-managed install_data
[0.841s] running egg_info
[0.842s] writing ../../build/differential/differential.egg-info/PKG-INFO
[0.842s] writing dependency_links to ../../build/differential/differential.egg-info/dependency_links.txt
[0.843s] writing entry points to ../../build/differential/differential.egg-info/entry_points.txt
[0.843s] writing requirements to ../../build/differential/differential.egg-info/requires.txt
[0.843s] writing top-level names to ../../build/differential/differential.egg-info/top_level.txt
[0.845s] reading manifest file '../../build/differential/differential.egg-info/SOURCES.txt'
[0.846s] writing manifest file '../../build/differential/differential.egg-info/SOURCES.txt'
[0.846s] running build
[0.846s] running build_py
[0.846s] running install
[0.846s] running install_lib
[0.847s] running install_data
[0.848s] running install_egg_info
[0.849s] removing '/home/sudhindra/irc/drive_control/install/differential/lib/python3.10/site-packages/differential-0.0.0-py3.10.egg-info' (and everything under it)
[0.849s] Copying ../../build/differential/differential.egg-info to /home/sudhindra/irc/drive_control/install/differential/lib/python3.10/site-packages/differential-0.0.0-py3.10.egg-info
[0.850s] running install_scripts
[0.867s] Installing arm_end_receiverrr script to /home/sudhindra/irc/drive_control/install/differential/lib/differential
[0.867s] Installing base_tuning script to /home/sudhindra/irc/drive_control/install/differential/lib/differential
[0.868s] Installing byte_array script to /home/sudhindra/irc/drive_control/install/differential/lib/differential
[0.868s] Installing cam_receiverrr script to /home/sudhindra/irc/drive_control/install/differential/lib/differential
[0.868s] Installing drive_arm_concatenate script to /home/sudhindra/irc/drive_control/install/differential/lib/differential
[0.868s] Installing drive_receiverrr script to /home/sudhindra/irc/drive_control/install/differential/lib/differential
[0.868s] Installing freshies_attempt script to /home/sudhindra/irc/drive_control/install/differential/lib/differential
[0.868s] Installing joystick_innerrr script to /home/sudhindra/irc/drive_control/install/differential/lib/differential
[0.868s] Installing joystick_innerrr_arm script to /home/sudhindra/irc/drive_control/install/differential/lib/differential
[0.869s] Installing motor_six_receiverrr script to /home/sudhindra/irc/drive_control/install/differential/lib/differential
[0.869s] Installing node1 script to /home/sudhindra/irc/drive_control/install/differential/lib/differential
[0.869s] Installing node2 script to /home/sudhindra/irc/drive_control/install/differential/lib/differential
[0.869s] Installing rtk_demo script to /home/sudhindra/irc/drive_control/install/differential/lib/differential
[0.869s] writing list of installed files to '/home/sudhindra/irc/drive_control/build/differential/install.log'
[0.892s] Invoked command in '/home/sudhindra/irc/drive_control/src/differential' returned '0': PYTHONPATH=/home/sudhindra/irc/drive_control/build/differential/prefix_override:/usr/lib/python3/dist-packages/colcon_core/task/python/colcon_distutils_commands:/home/sudhindra/irc/drive_control/install/differential/lib/python3.10/site-packages:${PYTHONPATH} /usr/bin/python3 -W ignore:setup.py install is deprecated setup.py egg_info --egg-base ../../build/differential build --build-base /home/sudhindra/irc/drive_control/build/differential/build install --record /home/sudhindra/irc/drive_control/build/differential/install.log --single-version-externally-managed install_data
