running egg_info
creating ../../build/joint_control/joint_control.egg-info
writing ../../build/joint_control/joint_control.egg-info/PKG-INFO
writing dependency_links to ../../build/joint_control/joint_control.egg-info/dependency_links.txt
writing entry points to ../../build/joint_control/joint_control.egg-info/entry_points.txt
writing requirements to ../../build/joint_control/joint_control.egg-info/requires.txt
writing top-level names to ../../build/joint_control/joint_control.egg-info/top_level.txt
writing manifest file '../../build/joint_control/joint_control.egg-info/SOURCES.txt'
reading manifest file '../../build/joint_control/joint_control.egg-info/SOURCES.txt'
writing manifest file '../../build/joint_control/joint_control.egg-info/SOURCES.txt'
running build
running build_py
creating /home/siddhant/irc_rover_controls_2025/arm_control/build/joint_control/build/lib/joint_control
copying joint_control/pos_control_elbow.py -> /home/siddhant/irc_rover_controls_2025/arm_control/build/joint_control/build/lib/joint_control
copying joint_control/__init__.py -> /home/siddhant/irc_rover_controls_2025/arm_control/build/joint_control/build/lib/joint_control
copying joint_control/full_command.py -> /home/siddhant/irc_rover_controls_2025/arm_control/build/joint_control/build/lib/joint_control
copying joint_control/pos_control_shoulder.py -> /home/siddhant/irc_rover_controls_2025/arm_control/build/joint_control/build/lib/joint_control
running install
running install_lib
creating /home/siddhant/irc_rover_controls_2025/arm_control/install/joint_control/lib/python3.10/site-packages/joint_control
copying /home/siddhant/irc_rover_controls_2025/arm_control/build/joint_control/build/lib/joint_control/pos_control_elbow.py -> /home/siddhant/irc_rover_controls_2025/arm_control/install/joint_control/lib/python3.10/site-packages/joint_control
copying /home/siddhant/irc_rover_controls_2025/arm_control/build/joint_control/build/lib/joint_control/__init__.py -> /home/siddhant/irc_rover_controls_2025/arm_control/install/joint_control/lib/python3.10/site-packages/joint_control
copying /home/siddhant/irc_rover_controls_2025/arm_control/build/joint_control/build/lib/joint_control/full_command.py -> /home/siddhant/irc_rover_controls_2025/arm_control/install/joint_control/lib/python3.10/site-packages/joint_control
copying /home/siddhant/irc_rover_controls_2025/arm_control/build/joint_control/build/lib/joint_control/pos_control_shoulder.py -> /home/siddhant/irc_rover_controls_2025/arm_control/install/joint_control/lib/python3.10/site-packages/joint_control
byte-compiling /home/siddhant/irc_rover_controls_2025/arm_control/install/joint_control/lib/python3.10/site-packages/joint_control/pos_control_elbow.py to pos_control_elbow.cpython-310.pyc
byte-compiling /home/siddhant/irc_rover_controls_2025/arm_control/install/joint_control/lib/python3.10/site-packages/joint_control/__init__.py to __init__.cpython-310.pyc
byte-compiling /home/siddhant/irc_rover_controls_2025/arm_control/install/joint_control/lib/python3.10/site-packages/joint_control/full_command.py to full_command.cpython-310.pyc
byte-compiling /home/siddhant/irc_rover_controls_2025/arm_control/install/joint_control/lib/python3.10/site-packages/joint_control/pos_control_shoulder.py to pos_control_shoulder.cpython-310.pyc
running install_data
creating /home/siddhant/irc_rover_controls_2025/arm_control/install/joint_control/share/ament_index/resource_index/packages
copying resource/joint_control -> /home/siddhant/irc_rover_controls_2025/arm_control/install/joint_control/share/ament_index/resource_index/packages
copying package.xml -> /home/siddhant/irc_rover_controls_2025/arm_control/install/joint_control/share/joint_control
creating /home/siddhant/irc_rover_controls_2025/arm_control/install/joint_control/share/joint_control/urdf
copying urdf/arm_updated.urdf -> /home/siddhant/irc_rover_controls_2025/arm_control/install/joint_control/share/joint_control/urdf
running install_egg_info
Copying ../../build/joint_control/joint_control.egg-info to /home/siddhant/irc_rover_controls_2025/arm_control/install/joint_control/lib/python3.10/site-packages/joint_control-0.0.0-py3.10.egg-info
running install_scripts
Installing full_command script to /home/siddhant/irc_rover_controls_2025/arm_control/install/joint_control/lib/joint_control
Installing pos_control_elbow script to /home/siddhant/irc_rover_controls_2025/arm_control/install/joint_control/lib/joint_control
Installing pos_control_shoulder script to /home/siddhant/irc_rover_controls_2025/arm_control/install/joint_control/lib/joint_control
writing list of installed files to '/home/siddhant/irc_rover_controls_2025/arm_control/build/joint_control/install.log'
