[0.577s] Invoking command in '/home/siddhant/irc_rover_controls_2025/arm_control/src/joint_control': AMENT_PREFIX_PATH=/home/siddhant/irc_rover_controls_2025/arm_control/install/msg_interfaces:${AMENT_PREFIX_PATH} CMAKE_PREFIX_PATH=/home/siddhant/irc_rover_controls_2025/arm_control/install/msg_interfaces LD_LIBRARY_PATH=/home/siddhant/irc_rover_controls_2025/arm_control/install/msg_interfaces/lib:${LD_LIBRARY_PATH} PYTHONPATH=/home/siddhant/irc_rover_controls_2025/arm_control/build/joint_control/prefix_override:/usr/lib/python3/dist-packages/colcon_core/task/python/colcon_distutils_commands:/home/siddhant/irc_rover_controls_2025/arm_control/install/joint_control/lib/python3.10/site-packages:/home/siddhant/irc_rover_controls_2025/arm_control/install/msg_interfaces/local/lib/python3.10/dist-packages:${PYTHONPATH} /usr/bin/python3 -W ignore:setup.py install is deprecated -W ignore:easy_install command is deprecated setup.py egg_info --egg-base ../../build/joint_control build --build-base /home/siddhant/irc_rover_controls_2025/arm_control/build/joint_control/build install --record /home/siddhant/irc_rover_controls_2025/arm_control/build/joint_control/install.log --single-version-externally-managed install_data
[0.720s] running egg_info
[0.728s] creating ../../build/joint_control/joint_control.egg-info
[0.728s] writing ../../build/joint_control/joint_control.egg-info/PKG-INFO
[0.729s] writing dependency_links to ../../build/joint_control/joint_control.egg-info/dependency_links.txt
[0.729s] writing entry points to ../../build/joint_control/joint_control.egg-info/entry_points.txt
[0.729s] writing requirements to ../../build/joint_control/joint_control.egg-info/requires.txt
[0.729s] writing top-level names to ../../build/joint_control/joint_control.egg-info/top_level.txt
[0.730s] writing manifest file '../../build/joint_control/joint_control.egg-info/SOURCES.txt'
[0.747s] reading manifest file '../../build/joint_control/joint_control.egg-info/SOURCES.txt'
[0.748s] writing manifest file '../../build/joint_control/joint_control.egg-info/SOURCES.txt'
[0.749s] running build
[0.749s] running build_py
[0.749s] creating /home/siddhant/irc_rover_controls_2025/arm_control/build/joint_control/build/lib/joint_control
[0.749s] copying joint_control/pos_control_elbow.py -> /home/siddhant/irc_rover_controls_2025/arm_control/build/joint_control/build/lib/joint_control
[0.750s] copying joint_control/__init__.py -> /home/siddhant/irc_rover_controls_2025/arm_control/build/joint_control/build/lib/joint_control
[0.750s] copying joint_control/full_command.py -> /home/siddhant/irc_rover_controls_2025/arm_control/build/joint_control/build/lib/joint_control
[0.750s] copying joint_control/pos_control_shoulder.py -> /home/siddhant/irc_rover_controls_2025/arm_control/build/joint_control/build/lib/joint_control
[0.751s] running install
[0.753s] running install_lib
[0.761s] creating /home/siddhant/irc_rover_controls_2025/arm_control/install/joint_control/lib/python3.10/site-packages/joint_control
[0.762s] copying /home/siddhant/irc_rover_controls_2025/arm_control/build/joint_control/build/lib/joint_control/pos_control_elbow.py -> /home/siddhant/irc_rover_controls_2025/arm_control/install/joint_control/lib/python3.10/site-packages/joint_control
[0.762s] copying /home/siddhant/irc_rover_controls_2025/arm_control/build/joint_control/build/lib/joint_control/__init__.py -> /home/siddhant/irc_rover_controls_2025/arm_control/install/joint_control/lib/python3.10/site-packages/joint_control
[0.762s] copying /home/siddhant/irc_rover_controls_2025/arm_control/build/joint_control/build/lib/joint_control/full_command.py -> /home/siddhant/irc_rover_controls_2025/arm_control/install/joint_control/lib/python3.10/site-packages/joint_control
[0.762s] copying /home/siddhant/irc_rover_controls_2025/arm_control/build/joint_control/build/lib/joint_control/pos_control_shoulder.py -> /home/siddhant/irc_rover_controls_2025/arm_control/install/joint_control/lib/python3.10/site-packages/joint_control
[0.762s] byte-compiling /home/siddhant/irc_rover_controls_2025/arm_control/install/joint_control/lib/python3.10/site-packages/joint_control/pos_control_elbow.py to pos_control_elbow.cpython-310.pyc
[0.763s] byte-compiling /home/siddhant/irc_rover_controls_2025/arm_control/install/joint_control/lib/python3.10/site-packages/joint_control/__init__.py to __init__.cpython-310.pyc
[0.763s] byte-compiling /home/siddhant/irc_rover_controls_2025/arm_control/install/joint_control/lib/python3.10/site-packages/joint_control/full_command.py to full_command.cpython-310.pyc
[0.764s] byte-compiling /home/siddhant/irc_rover_controls_2025/arm_control/install/joint_control/lib/python3.10/site-packages/joint_control/pos_control_shoulder.py to pos_control_shoulder.cpython-310.pyc
[0.764s] running install_data
[0.765s] creating /home/siddhant/irc_rover_controls_2025/arm_control/install/joint_control/share/ament_index/resource_index/packages
[0.765s] copying resource/joint_control -> /home/siddhant/irc_rover_controls_2025/arm_control/install/joint_control/share/ament_index/resource_index/packages
[0.765s] copying package.xml -> /home/siddhant/irc_rover_controls_2025/arm_control/install/joint_control/share/joint_control
[0.765s] creating /home/siddhant/irc_rover_controls_2025/arm_control/install/joint_control/share/joint_control/urdf
[0.765s] copying urdf/arm_updated.urdf -> /home/siddhant/irc_rover_controls_2025/arm_control/install/joint_control/share/joint_control/urdf
[0.765s] running install_egg_info
[0.774s] Copying ../../build/joint_control/joint_control.egg-info to /home/siddhant/irc_rover_controls_2025/arm_control/install/joint_control/lib/python3.10/site-packages/joint_control-0.0.0-py3.10.egg-info
[0.775s] running install_scripts
[0.847s] Installing full_command script to /home/siddhant/irc_rover_controls_2025/arm_control/install/joint_control/lib/joint_control
[0.847s] Installing pos_control_elbow script to /home/siddhant/irc_rover_controls_2025/arm_control/install/joint_control/lib/joint_control
[0.847s] Installing pos_control_shoulder script to /home/siddhant/irc_rover_controls_2025/arm_control/install/joint_control/lib/joint_control
[0.847s] writing list of installed files to '/home/siddhant/irc_rover_controls_2025/arm_control/build/joint_control/install.log'
[0.865s] Invoked command in '/home/siddhant/irc_rover_controls_2025/arm_control/src/joint_control' returned '0': AMENT_PREFIX_PATH=/home/siddhant/irc_rover_controls_2025/arm_control/install/msg_interfaces:${AMENT_PREFIX_PATH} CMAKE_PREFIX_PATH=/home/siddhant/irc_rover_controls_2025/arm_control/install/msg_interfaces LD_LIBRARY_PATH=/home/siddhant/irc_rover_controls_2025/arm_control/install/msg_interfaces/lib:${LD_LIBRARY_PATH} PYTHONPATH=/home/siddhant/irc_rover_controls_2025/arm_control/build/joint_control/prefix_override:/usr/lib/python3/dist-packages/colcon_core/task/python/colcon_distutils_commands:/home/siddhant/irc_rover_controls_2025/arm_control/install/joint_control/lib/python3.10/site-packages:/home/siddhant/irc_rover_controls_2025/arm_control/install/msg_interfaces/local/lib/python3.10/dist-packages:${PYTHONPATH} /usr/bin/python3 -W ignore:setup.py install is deprecated -W ignore:easy_install command is deprecated setup.py egg_info --egg-base ../../build/joint_control build --build-base /home/siddhant/irc_rover_controls_2025/arm_control/build/joint_control/build install --record /home/siddhant/irc_rover_controls_2025/arm_control/build/joint_control/install.log --single-version-externally-managed install_data
