[0.530s] Invoking command in '/home/siddhant/irc_rover_controls_2025/arm_control/src/joint_control': AMENT_PREFIX_PATH=/home/siddhant/irc_rover_controls_2025/arm_control/install/msg_interfaces:${AMENT_PREFIX_PATH} CMAKE_PREFIX_PATH=/home/siddhant/irc_rover_controls_2025/arm_control/install/msg_interfaces LD_LIBRARY_PATH=/home/siddhant/irc_rover_controls_2025/arm_control/install/msg_interfaces/lib:${LD_LIBRARY_PATH} PYTHONPATH=/home/siddhant/irc_rover_controls_2025/arm_control/build/joint_control/prefix_override:/usr/lib/python3/dist-packages/colcon_core/task/python/colcon_distutils_commands:/home/siddhant/irc_rover_controls_2025/arm_control/install/joint_control/lib/python3.10/site-packages:/home/siddhant/irc_rover_controls_2025/arm_control/install/msg_interfaces/local/lib/python3.10/dist-packages:${PYTHONPATH} /usr/bin/python3 -W ignore:setup.py install is deprecated -W ignore:easy_install command is deprecated setup.py egg_info --egg-base ../../build/joint_control build --build-base /home/siddhant/irc_rover_controls_2025/arm_control/build/joint_control/build install --record /home/siddhant/irc_rover_controls_2025/arm_control/build/joint_control/install.log --single-version-externally-managed install_data
[0.665s] running egg_info
[0.673s] writing ../../build/joint_control/joint_control.egg-info/PKG-INFO
[0.673s] writing dependency_links to ../../build/joint_control/joint_control.egg-info/dependency_links.txt
[0.674s] writing entry points to ../../build/joint_control/joint_control.egg-info/entry_points.txt
[0.674s] writing requirements to ../../build/joint_control/joint_control.egg-info/requires.txt
[0.674s] writing top-level names to ../../build/joint_control/joint_control.egg-info/top_level.txt
[0.691s] reading manifest file '../../build/joint_control/joint_control.egg-info/SOURCES.txt'
[0.692s] writing manifest file '../../build/joint_control/joint_control.egg-info/SOURCES.txt'
[0.692s] running build
[0.693s] running build_py
[0.693s] copying joint_control/pos_control_elbow.py -> /home/siddhant/irc_rover_controls_2025/arm_control/build/joint_control/build/lib/joint_control
[0.694s] copying joint_control/__init__.py -> /home/siddhant/irc_rover_controls_2025/arm_control/build/joint_control/build/lib/joint_control
[0.694s] copying joint_control/full_command.py -> /home/siddhant/irc_rover_controls_2025/arm_control/build/joint_control/build/lib/joint_control
[0.694s] copying joint_control/pos_control_shoulder.py -> /home/siddhant/irc_rover_controls_2025/arm_control/build/joint_control/build/lib/joint_control
[0.694s] running install
[0.695s] running install_lib
[0.704s] running install_data
[0.704s] copying resource/joint_control -> /home/siddhant/irc_rover_controls_2025/arm_control/install/joint_control/share/ament_index/resource_index/packages
[0.704s] copying package.xml -> /home/siddhant/irc_rover_controls_2025/arm_control/install/joint_control/share/joint_control
[0.705s] copying urdf/arm_updated.urdf -> /home/siddhant/irc_rover_controls_2025/arm_control/install/joint_control/share/joint_control/urdf
[0.705s] running install_egg_info
[0.713s] removing '/home/siddhant/irc_rover_controls_2025/arm_control/install/joint_control/lib/python3.10/site-packages/joint_control-0.0.0-py3.10.egg-info' (and everything under it)
[0.713s] Copying ../../build/joint_control/joint_control.egg-info to /home/siddhant/irc_rover_controls_2025/arm_control/install/joint_control/lib/python3.10/site-packages/joint_control-0.0.0-py3.10.egg-info
[0.714s] running install_scripts
[0.778s] Installing full_command script to /home/siddhant/irc_rover_controls_2025/arm_control/install/joint_control/lib/joint_control
[0.778s] Installing pos_control_elbow script to /home/siddhant/irc_rover_controls_2025/arm_control/install/joint_control/lib/joint_control
[0.778s] Installing pos_control_shoulder script to /home/siddhant/irc_rover_controls_2025/arm_control/install/joint_control/lib/joint_control
[0.778s] writing list of installed files to '/home/siddhant/irc_rover_controls_2025/arm_control/build/joint_control/install.log'
[0.798s] Invoked command in '/home/siddhant/irc_rover_controls_2025/arm_control/src/joint_control' returned '0': AMENT_PREFIX_PATH=/home/siddhant/irc_rover_controls_2025/arm_control/install/msg_interfaces:${AMENT_PREFIX_PATH} CMAKE_PREFIX_PATH=/home/siddhant/irc_rover_controls_2025/arm_control/install/msg_interfaces LD_LIBRARY_PATH=/home/siddhant/irc_rover_controls_2025/arm_control/install/msg_interfaces/lib:${LD_LIBRARY_PATH} PYTHONPATH=/home/siddhant/irc_rover_controls_2025/arm_control/build/joint_control/prefix_override:/usr/lib/python3/dist-packages/colcon_core/task/python/colcon_distutils_commands:/home/siddhant/irc_rover_controls_2025/arm_control/install/joint_control/lib/python3.10/site-packages:/home/siddhant/irc_rover_controls_2025/arm_control/install/msg_interfaces/local/lib/python3.10/dist-packages:${PYTHONPATH} /usr/bin/python3 -W ignore:setup.py install is deprecated -W ignore:easy_install command is deprecated setup.py egg_info --egg-base ../../build/joint_control build --build-base /home/siddhant/irc_rover_controls_2025/arm_control/build/joint_control/build install --record /home/siddhant/irc_rover_controls_2025/arm_control/build/joint_control/install.log --single-version-externally-managed install_data
