[0.008s] Invoking command in '/home/siddhant/irc_rover_controls_2025/arm_control/build/msg_interfaces': CMAKE_PREFIX_PATH=${CMAKE_PREFIX_PATH}:/home/siddhant/irc_rover_controls_2025/arm_control/install/wrist_testing:/home/siddhant/irc_rover_controls_2025/arm_control/install/ik_control:/opt/ros/humble PS1=\[\e]0;\u@\h: \w\a\]${debian_chroot:+($debian_chroot)}\[\033[01;32m\]\u@\h\[\033[00m\]:\[\033[01;34m\]\w\[\033[00m\]\$ /usr/bin/cmake /home/siddhant/irc_rover_controls_2025/arm_control/src/msg_interfaces -DCMAKE_INSTALL_PREFIX=/home/siddhant/irc_rover_controls_2025/arm_control/install/msg_interfaces
[0.051s] -- The C compiler identification is GNU 11.4.0
[0.090s] -- The CXX compiler identification is GNU 11.4.0
[0.093s] -- Detecting C compiler ABI info
[0.141s] -- Detecting C compiler ABI info - done
[0.145s] -- Check for working C compiler: /usr/bin/cc - skipped
[0.146s] -- Detecting C compile features
[0.146s] -- Detecting C compile features - done
[0.148s] -- Detecting CXX compiler ABI info
[0.200s] -- Detecting CXX compiler ABI info - done
[0.204s] -- Check for working CXX compiler: /usr/bin/c++ - skipped
[0.204s] -- Detecting CXX compile features
[0.205s] -- Detecting CXX compile features - done
[0.206s] -- Found ament_cmake: 1.3.11 (/opt/ros/humble/share/ament_cmake/cmake)
[0.412s] -- Found Python3: /usr/bin/python3 (found version "3.10.12") found components: Interpreter 
[0.470s] -- Found geometry_msgs: 4.8.0 (/opt/ros/humble/share/geometry_msgs/cmake)
[0.488s] -- Found rosidl_generator_c: 3.1.6 (/opt/ros/humble/share/rosidl_generator_c/cmake)
[0.490s] -- Found rosidl_adapter: 3.1.6 (/opt/ros/humble/share/rosidl_adapter/cmake)
[0.494s] -- Found rosidl_generator_cpp: 3.1.6 (/opt/ros/humble/share/rosidl_generator_cpp/cmake)
[0.500s] -- Using all available rosidl_typesupport_c: rosidl_typesupport_fastrtps_c;rosidl_typesupport_introspection_c
[0.507s] -- Using all available rosidl_typesupport_cpp: rosidl_typesupport_fastrtps_cpp;rosidl_typesupport_introspection_cpp
[0.529s] -- Found rosidl_default_generators: 1.2.0 (/opt/ros/humble/share/rosidl_default_generators/cmake)
[0.723s] -- Found ament_cmake_ros: 0.10.0 (/opt/ros/humble/share/ament_cmake_ros/cmake)
[0.959s] -- Using all available rosidl_typesupport_c: rosidl_typesupport_fastrtps_c;rosidl_typesupport_introspection_c
[1.061s] -- Using all available rosidl_typesupport_cpp: rosidl_typesupport_fastrtps_cpp;rosidl_typesupport_introspection_cpp
[1.072s] -- Found PythonInterp: /usr/bin/python3 (found suitable version "3.10.12", minimum required is "3.6") 
[1.073s] -- Found python_cmake_module: 0.10.0 (/opt/ros/humble/share/python_cmake_module/cmake)
[1.085s] -- Found PythonLibs: /usr/lib/x86_64-linux-gnu/libpython3.10.so (found suitable version "3.10.12", minimum required is "3.5") 
[1.085s] -- Using PYTHON_EXECUTABLE: /usr/bin/python3
[1.085s] -- Using PYTHON_INCLUDE_DIRS: /usr/include/python3.10
[1.085s] -- Using PYTHON_LIBRARIES: /usr/lib/x86_64-linux-gnu/libpython3.10.so
[1.099s] -- Found PythonExtra: .so  
[1.128s] -- Found ament_lint_auto: 0.12.12 (/opt/ros/humble/share/ament_lint_auto/cmake)
[1.135s] -- Added test 'lint_cmake' to check CMake code style
[1.135s] -- Added test 'xmllint' to check XML markup files
[1.137s] -- Configuring done
[1.163s] -- Generating done
[1.170s] -- Build files have been written to: /home/siddhant/irc_rover_controls_2025/arm_control/build/msg_interfaces
[1.176s] Invoked command in '/home/siddhant/irc_rover_controls_2025/arm_control/build/msg_interfaces' returned '0': CMAKE_PREFIX_PATH=${CMAKE_PREFIX_PATH}:/home/siddhant/irc_rover_controls_2025/arm_control/install/wrist_testing:/home/siddhant/irc_rover_controls_2025/arm_control/install/ik_control:/opt/ros/humble PS1=\[\e]0;\u@\h: \w\a\]${debian_chroot:+($debian_chroot)}\[\033[01;32m\]\u@\h\[\033[00m\]:\[\033[01;34m\]\w\[\033[00m\]\$ /usr/bin/cmake /home/siddhant/irc_rover_controls_2025/arm_control/src/msg_interfaces -DCMAKE_INSTALL_PREFIX=/home/siddhant/irc_rover_controls_2025/arm_control/install/msg_interfaces
[1.177s] Invoking command in '/home/siddhant/irc_rover_controls_2025/arm_control/build/msg_interfaces': CMAKE_PREFIX_PATH=${CMAKE_PREFIX_PATH}:/home/siddhant/irc_rover_controls_2025/arm_control/install/wrist_testing:/home/siddhant/irc_rover_controls_2025/arm_control/install/ik_control:/opt/ros/humble PS1=\[\e]0;\u@\h: \w\a\]${debian_chroot:+($debian_chroot)}\[\033[01;32m\]\u@\h\[\033[00m\]:\[\033[01;34m\]\w\[\033[00m\]\$ /usr/bin/cmake --build /home/siddhant/irc_rover_controls_2025/arm_control/build/msg_interfaces -- -j22 -l22
[1.216s] [  1%] [34m[1mGenerating C code for ROS interfaces[0m
[1.224s] [  1%] [34m[1mGenerating C++ code for ROS interfaces[0m
[1.234s] [  1%] Built target ament_cmake_python_copy_msg_interfaces
[1.368s] running egg_info
[1.379s] creating msg_interfaces.egg-info
[1.379s] writing msg_interfaces.egg-info/PKG-INFO
[1.380s] writing dependency_links to msg_interfaces.egg-info/dependency_links.txt
[1.380s] writing top-level names to msg_interfaces.egg-info/top_level.txt
[1.380s] writing manifest file 'msg_interfaces.egg-info/SOURCES.txt'
[1.409s] reading manifest file 'msg_interfaces.egg-info/SOURCES.txt'
[1.410s] writing manifest file 'msg_interfaces.egg-info/SOURCES.txt'
[1.435s] [  1%] Built target ament_cmake_python_build_msg_interfaces_egg
[1.648s] [  1%] Built target msg_interfaces__cpp
[1.657s] [  3%] [34m[1mGenerating C++ type support for eProsima Fast-RTPS[0m
[1.657s] [  3%] [34m[1mGenerating C++ type support dispatch for ROS interfaces[0m
[1.657s] [  4%] [34m[1mGenerating C++ introspection for ROS interfaces[0m
[1.664s] [  6%] [32mBuilding C object CMakeFiles/msg_interfaces__rosidl_generator_c.dir/rosidl_generator_c/msg_interfaces/msg/detail/encoder_arm__functions.c.o[0m
[1.664s] [  6%] [32mBuilding C object CMakeFiles/msg_interfaces__rosidl_generator_c.dir/rosidl_generator_c/msg_interfaces/msg/detail/arm_end_motion__functions.c.o[0m
[1.664s] [  7%] [32mBuilding C object CMakeFiles/msg_interfaces__rosidl_generator_c.dir/rosidl_generator_c/msg_interfaces/msg/detail/encoder_drive__functions.c.o[0m
[1.665s] [  8%] [32mBuilding C object CMakeFiles/msg_interfaces__rosidl_generator_c.dir/rosidl_generator_c/msg_interfaces/msg/detail/final_vel__functions.c.o[0m
[1.665s] [  9%] [32mBuilding C object CMakeFiles/msg_interfaces__rosidl_generator_c.dir/rosidl_generator_c/msg_interfaces/msg/detail/base_motion__functions.c.o[0m
[1.666s] [ 10%] [32mBuilding C object CMakeFiles/msg_interfaces__rosidl_generator_c.dir/rosidl_generator_c/msg_interfaces/msg/detail/drive__functions.c.o[0m
[1.667s] [ 11%] [32mBuilding C object CMakeFiles/msg_interfaces__rosidl_generator_c.dir/rosidl_generator_c/msg_interfaces/msg/detail/shoulder_joint_velocity__functions.c.o[0m
[1.667s] [ 13%] [32mBuilding C object CMakeFiles/msg_interfaces__rosidl_generator_c.dir/rosidl_generator_c/msg_interfaces/msg/detail/wrist_joint_velocity__functions.c.o[0m
[1.667s] [ 13%] [32mBuilding C object CMakeFiles/msg_interfaces__rosidl_generator_c.dir/rosidl_generator_c/msg_interfaces/msg/detail/target_pose__functions.c.o[0m
[1.668s] [ 14%] [32mBuilding C object CMakeFiles/msg_interfaces__rosidl_generator_c.dir/rosidl_generator_c/msg_interfaces/msg/detail/arm_angle__functions.c.o[0m
[1.719s] [ 15%] [32m[1mLinking C shared library libmsg_interfaces__rosidl_generator_c.so[0m
[1.754s] [ 15%] Built target msg_interfaces__rosidl_generator_c
[1.765s] [ 16%] [34m[1mGenerating C introspection for ROS interfaces[0m
[1.766s] [ 18%] [34m[1mGenerating C type support for eProsima Fast-RTPS[0m
[1.766s] [ 18%] [34m[1mGenerating C type support dispatch for ROS interfaces[0m
[1.963s] [ 19%] [32mBuilding CXX object CMakeFiles/msg_interfaces__rosidl_typesupport_cpp.dir/rosidl_typesupport_cpp/msg_interfaces/msg/encoder_drive__type_support.cpp.o[0m
[1.964s] [ 20%] [32mBuilding CXX object CMakeFiles/msg_interfaces__rosidl_typesupport_cpp.dir/rosidl_typesupport_cpp/msg_interfaces/msg/arm_end_motion__type_support.cpp.o[0m
[1.964s] [ 21%] [32mBuilding CXX object CMakeFiles/msg_interfaces__rosidl_typesupport_cpp.dir/rosidl_typesupport_cpp/msg_interfaces/msg/drive__type_support.cpp.o[0m
[1.965s] [ 23%] [32mBuilding CXX object CMakeFiles/msg_interfaces__rosidl_typesupport_cpp.dir/rosidl_typesupport_cpp/msg_interfaces/msg/encoder_arm__type_support.cpp.o[0m
[1.965s] [ 23%] [32mBuilding CXX object CMakeFiles/msg_interfaces__rosidl_typesupport_cpp.dir/rosidl_typesupport_cpp/msg_interfaces/msg/wrist_joint_velocity__type_support.cpp.o[0m
[1.965s] [ 24%] [32mBuilding CXX object CMakeFiles/msg_interfaces__rosidl_typesupport_cpp.dir/rosidl_typesupport_cpp/msg_interfaces/msg/base_motion__type_support.cpp.o[0m
[1.966s] [ 25%] [32mBuilding CXX object CMakeFiles/msg_interfaces__rosidl_typesupport_cpp.dir/rosidl_typesupport_cpp/msg_interfaces/msg/final_vel__type_support.cpp.o[0m
[1.966s] [ 26%] [32mBuilding CXX object CMakeFiles/msg_interfaces__rosidl_typesupport_cpp.dir/rosidl_typesupport_cpp/msg_interfaces/msg/target_pose__type_support.cpp.o[0m
[1.966s] [ 27%] [32mBuilding CXX object CMakeFiles/msg_interfaces__rosidl_typesupport_cpp.dir/rosidl_typesupport_cpp/msg_interfaces/msg/shoulder_joint_velocity__type_support.cpp.o[0m
[1.967s] [ 28%] [32mBuilding CXX object CMakeFiles/msg_interfaces__rosidl_typesupport_cpp.dir/rosidl_typesupport_cpp/msg_interfaces/msg/arm_angle__type_support.cpp.o[0m
[2.084s] [ 31%] [32mBuilding CXX object CMakeFiles/msg_interfaces__rosidl_typesupport_introspection_cpp.dir/rosidl_typesupport_introspection_cpp/msg_interfaces/msg/detail/drive__type_support.cpp.o[0m
[2.084s] [ 31%] [32mBuilding CXX object CMakeFiles/msg_interfaces__rosidl_typesupport_introspection_cpp.dir/rosidl_typesupport_introspection_cpp/msg_interfaces/msg/detail/arm_end_motion__type_support.cpp.o[0m
[2.084s] [ 31%] [32mBuilding CXX object CMakeFiles/msg_interfaces__rosidl_typesupport_introspection_cpp.dir/rosidl_typesupport_introspection_cpp/msg_interfaces/msg/detail/wrist_joint_velocity__type_support.cpp.o[0m
[2.084s] [ 32%] [32mBuilding CXX object CMakeFiles/msg_interfaces__rosidl_typesupport_introspection_cpp.dir/rosidl_typesupport_introspection_cpp/msg_interfaces/msg/detail/encoder_arm__type_support.cpp.o[0m
[2.084s] [ 33%] [32mBuilding CXX object CMakeFiles/msg_interfaces__rosidl_typesupport_introspection_cpp.dir/rosidl_typesupport_introspection_cpp/msg_interfaces/msg/detail/base_motion__type_support.cpp.o[0m
[2.086s] [ 34%] [32mBuilding CXX object CMakeFiles/msg_interfaces__rosidl_typesupport_introspection_cpp.dir/rosidl_typesupport_introspection_cpp/msg_interfaces/msg/detail/shoulder_joint_velocity__type_support.cpp.o[0m
[2.087s] [ 35%] [32mBuilding CXX object CMakeFiles/msg_interfaces__rosidl_typesupport_introspection_cpp.dir/rosidl_typesupport_introspection_cpp/msg_interfaces/msg/detail/encoder_drive__type_support.cpp.o[0m
[2.089s] [ 36%] [32mBuilding CXX object CMakeFiles/msg_interfaces__rosidl_typesupport_introspection_cpp.dir/rosidl_typesupport_introspection_cpp/msg_interfaces/msg/detail/final_vel__type_support.cpp.o[0m
[2.268s] [ 37%] [32mBuilding CXX object CMakeFiles/msg_interfaces__rosidl_typesupport_introspection_cpp.dir/rosidl_typesupport_introspection_cpp/msg_interfaces/msg/detail/target_pose__type_support.cpp.o[0m
[2.285s] [ 38%] [32mBuilding CXX object CMakeFiles/msg_interfaces__rosidl_typesupport_introspection_cpp.dir/rosidl_typesupport_introspection_cpp/msg_interfaces/msg/detail/arm_angle__type_support.cpp.o[0m
[2.322s] [ 39%] [32mBuilding CXX object CMakeFiles/msg_interfaces__rosidl_typesupport_c.dir/rosidl_typesupport_c/msg_interfaces/msg/drive__type_support.cpp.o[0m
[2.337s] [ 40%] [32mBuilding CXX object CMakeFiles/msg_interfaces__rosidl_typesupport_c.dir/rosidl_typesupport_c/msg_interfaces/msg/arm_end_motion__type_support.cpp.o[0m
[2.360s] [ 41%] [32mBuilding CXX object CMakeFiles/msg_interfaces__rosidl_typesupport_c.dir/rosidl_typesupport_c/msg_interfaces/msg/encoder_arm__type_support.cpp.o[0m
[2.361s] [ 42%] [32mBuilding CXX object CMakeFiles/msg_interfaces__rosidl_typesupport_c.dir/rosidl_typesupport_c/msg_interfaces/msg/encoder_drive__type_support.cpp.o[0m
[2.364s] [ 43%] [32mBuilding CXX object CMakeFiles/msg_interfaces__rosidl_typesupport_c.dir/rosidl_typesupport_c/msg_interfaces/msg/shoulder_joint_velocity__type_support.cpp.o[0m
[2.371s] [ 44%] [32m[1mLinking CXX shared library libmsg_interfaces__rosidl_typesupport_cpp.so[0m
[2.371s] [ 45%] [32mBuilding CXX object CMakeFiles/msg_interfaces__rosidl_typesupport_c.dir/rosidl_typesupport_c/msg_interfaces/msg/wrist_joint_velocity__type_support.cpp.o[0m
[2.378s] [ 46%] [32mBuilding CXX object CMakeFiles/msg_interfaces__rosidl_typesupport_fastrtps_cpp.dir/rosidl_typesupport_fastrtps_cpp/msg_interfaces/msg/detail/dds_fastrtps/drive__type_support.cpp.o[0m
[2.379s] [ 47%] [32mBuilding CXX object CMakeFiles/msg_interfaces__rosidl_typesupport_c.dir/rosidl_typesupport_c/msg_interfaces/msg/base_motion__type_support.cpp.o[0m
[2.386s] [ 48%] [32mBuilding CXX object CMakeFiles/msg_interfaces__rosidl_typesupport_c.dir/rosidl_typesupport_c/msg_interfaces/msg/final_vel__type_support.cpp.o[0m
[2.388s] [ 49%] [32mBuilding CXX object CMakeFiles/msg_interfaces__rosidl_typesupport_fastrtps_cpp.dir/rosidl_typesupport_fastrtps_cpp/msg_interfaces/msg/detail/dds_fastrtps/arm_end_motion__type_support.cpp.o[0m
[2.400s] [ 49%] [32mBuilding CXX object CMakeFiles/msg_interfaces__rosidl_typesupport_c.dir/rosidl_typesupport_c/msg_interfaces/msg/target_pose__type_support.cpp.o[0m
[2.407s] [ 49%] [32mBuilding CXX object CMakeFiles/msg_interfaces__rosidl_typesupport_fastrtps_cpp.dir/rosidl_typesupport_fastrtps_cpp/msg_interfaces/msg/detail/dds_fastrtps/encoder_arm__type_support.cpp.o[0m
[2.407s] [ 50%] [32mBuilding CXX object CMakeFiles/msg_interfaces__rosidl_typesupport_c.dir/rosidl_typesupport_c/msg_interfaces/msg/arm_angle__type_support.cpp.o[0m
[2.413s] [ 51%] [32mBuilding CXX object CMakeFiles/msg_interfaces__rosidl_typesupport_fastrtps_cpp.dir/rosidl_typesupport_fastrtps_cpp/msg_interfaces/msg/detail/dds_fastrtps/encoder_drive__type_support.cpp.o[0m
[2.440s] [ 52%] [32mBuilding CXX object CMakeFiles/msg_interfaces__rosidl_typesupport_fastrtps_cpp.dir/rosidl_typesupport_fastrtps_cpp/msg_interfaces/msg/detail/dds_fastrtps/shoulder_joint_velocity__type_support.cpp.o[0m
[2.447s] [ 53%] [32mBuilding C object CMakeFiles/msg_interfaces__rosidl_typesupport_introspection_c.dir/rosidl_typesupport_introspection_c/msg_interfaces/msg/detail/drive__type_support.c.o[0m
[2.447s] [ 53%] Built target msg_interfaces__rosidl_typesupport_cpp
[2.447s] [ 54%] [32mBuilding C object CMakeFiles/msg_interfaces__rosidl_typesupport_introspection_c.dir/rosidl_typesupport_introspection_c/msg_interfaces/msg/detail/arm_end_motion__type_support.c.o[0m
[2.448s] [ 55%] [32mBuilding C object CMakeFiles/msg_interfaces__rosidl_typesupport_introspection_c.dir/rosidl_typesupport_introspection_c/msg_interfaces/msg/detail/encoder_arm__type_support.c.o[0m
[2.451s] [ 56%] [32m[1mLinking CXX shared library libmsg_interfaces__rosidl_typesupport_c.so[0m
[2.457s] [ 58%] [32mBuilding CXX object CMakeFiles/msg_interfaces__rosidl_typesupport_fastrtps_cpp.dir/rosidl_typesupport_fastrtps_cpp/msg_interfaces/msg/detail/dds_fastrtps/wrist_joint_velocity__type_support.cpp.o[0m
[2.458s] [ 58%] [32mBuilding CXX object CMakeFiles/msg_interfaces__rosidl_typesupport_fastrtps_cpp.dir/rosidl_typesupport_fastrtps_cpp/msg_interfaces/msg/detail/dds_fastrtps/base_motion__type_support.cpp.o[0m
[2.508s] [ 59%] [32mBuilding C object CMakeFiles/msg_interfaces__rosidl_typesupport_introspection_c.dir/rosidl_typesupport_introspection_c/msg_interfaces/msg/detail/encoder_drive__type_support.c.o[0m
[2.508s] [ 59%] Built target msg_interfaces__rosidl_typesupport_c
[2.508s] [ 60%] [32mBuilding CXX object CMakeFiles/msg_interfaces__rosidl_typesupport_fastrtps_cpp.dir/rosidl_typesupport_fastrtps_cpp/msg_interfaces/msg/detail/dds_fastrtps/final_vel__type_support.cpp.o[0m
[2.521s] [ 61%] [32mBuilding C object CMakeFiles/msg_interfaces__rosidl_typesupport_introspection_c.dir/rosidl_typesupport_introspection_c/msg_interfaces/msg/detail/shoulder_joint_velocity__type_support.c.o[0m
[2.547s] [ 62%] [32mBuilding C object CMakeFiles/msg_interfaces__rosidl_typesupport_introspection_c.dir/rosidl_typesupport_introspection_c/msg_interfaces/msg/detail/wrist_joint_velocity__type_support.c.o[0m
[2.551s] [ 63%] [32mBuilding CXX object CMakeFiles/msg_interfaces__rosidl_typesupport_fastrtps_cpp.dir/rosidl_typesupport_fastrtps_cpp/msg_interfaces/msg/detail/dds_fastrtps/target_pose__type_support.cpp.o[0m
[2.586s] [ 64%] [32mBuilding CXX object CMakeFiles/msg_interfaces__rosidl_typesupport_fastrtps_cpp.dir/rosidl_typesupport_fastrtps_cpp/msg_interfaces/msg/detail/dds_fastrtps/arm_angle__type_support.cpp.o[0m
[2.596s] [ 65%] [32mBuilding CXX object CMakeFiles/msg_interfaces__rosidl_typesupport_fastrtps_c.dir/rosidl_typesupport_fastrtps_c/msg_interfaces/msg/detail/drive__type_support_c.cpp.o[0m
[2.602s] [ 66%] [32mBuilding C object CMakeFiles/msg_interfaces__rosidl_typesupport_introspection_c.dir/rosidl_typesupport_introspection_c/msg_interfaces/msg/detail/base_motion__type_support.c.o[0m
[2.605s] [ 67%] [32mBuilding C object CMakeFiles/msg_interfaces__rosidl_typesupport_introspection_c.dir/rosidl_typesupport_introspection_c/msg_interfaces/msg/detail/final_vel__type_support.c.o[0m
[2.624s] [ 68%] [32mBuilding CXX object CMakeFiles/msg_interfaces__rosidl_typesupport_fastrtps_c.dir/rosidl_typesupport_fastrtps_c/msg_interfaces/msg/detail/arm_end_motion__type_support_c.cpp.o[0m
[2.654s] [ 69%] [32mBuilding C object CMakeFiles/msg_interfaces__rosidl_typesupport_introspection_c.dir/rosidl_typesupport_introspection_c/msg_interfaces/msg/detail/arm_angle__type_support.c.o[0m
[2.671s] [ 70%] [32mBuilding C object CMakeFiles/msg_interfaces__rosidl_typesupport_introspection_c.dir/rosidl_typesupport_introspection_c/msg_interfaces/msg/detail/target_pose__type_support.c.o[0m
[2.699s] [ 71%] [32mBuilding CXX object CMakeFiles/msg_interfaces__rosidl_typesupport_fastrtps_c.dir/rosidl_typesupport_fastrtps_c/msg_interfaces/msg/detail/encoder_arm__type_support_c.cpp.o[0m
[2.701s] [ 72%] [32mBuilding CXX object CMakeFiles/msg_interfaces__rosidl_typesupport_fastrtps_c.dir/rosidl_typesupport_fastrtps_c/msg_interfaces/msg/detail/encoder_drive__type_support_c.cpp.o[0m
[2.704s] [ 73%] [32mBuilding CXX object CMakeFiles/msg_interfaces__rosidl_typesupport_fastrtps_c.dir/rosidl_typesupport_fastrtps_c/msg_interfaces/msg/detail/shoulder_joint_velocity__type_support_c.cpp.o[0m
[2.709s] [ 74%] [32mBuilding CXX object CMakeFiles/msg_interfaces__rosidl_typesupport_fastrtps_c.dir/rosidl_typesupport_fastrtps_c/msg_interfaces/msg/detail/wrist_joint_velocity__type_support_c.cpp.o[0m
[2.710s] [ 75%] [32mBuilding CXX object CMakeFiles/msg_interfaces__rosidl_typesupport_fastrtps_c.dir/rosidl_typesupport_fastrtps_c/msg_interfaces/msg/detail/base_motion__type_support_c.cpp.o[0m
[2.725s] [ 76%] [32m[1mLinking C shared library libmsg_interfaces__rosidl_typesupport_introspection_c.so[0m
[2.727s] [ 77%] [32mBuilding CXX object CMakeFiles/msg_interfaces__rosidl_typesupport_fastrtps_c.dir/rosidl_typesupport_fastrtps_c/msg_interfaces/msg/detail/arm_angle__type_support_c.cpp.o[0m
[2.728s] [ 78%] [32mBuilding CXX object CMakeFiles/msg_interfaces__rosidl_typesupport_fastrtps_c.dir/rosidl_typesupport_fastrtps_c/msg_interfaces/msg/detail/final_vel__type_support_c.cpp.o[0m
[2.729s] [ 79%] [32mBuilding CXX object CMakeFiles/msg_interfaces__rosidl_typesupport_fastrtps_c.dir/rosidl_typesupport_fastrtps_c/msg_interfaces/msg/detail/target_pose__type_support_c.cpp.o[0m
[2.769s] [ 79%] Built target msg_interfaces__rosidl_typesupport_introspection_c
[2.854s] [ 80%] [32m[1mLinking CXX shared library libmsg_interfaces__rosidl_typesupport_introspection_cpp.so[0m
[2.994s] [ 80%] Built target msg_interfaces__rosidl_typesupport_introspection_cpp
[3.165s] [ 81%] [32m[1mLinking CXX shared library libmsg_interfaces__rosidl_typesupport_fastrtps_c.so[0m
[3.191s] [ 82%] [32m[1mLinking CXX shared library libmsg_interfaces__rosidl_typesupport_fastrtps_cpp.so[0m
[3.216s] [ 82%] Built target msg_interfaces__rosidl_typesupport_fastrtps_c
[3.242s] [ 82%] Built target msg_interfaces__rosidl_typesupport_fastrtps_cpp
[3.260s] [ 82%] Built target msg_interfaces
[3.273s] [ 83%] [34m[1mGenerating Python code for ROS interfaces[0m
[3.894s] [ 83%] Built target msg_interfaces__py
[3.912s] [ 85%] [32mBuilding C object CMakeFiles/msg_interfaces__rosidl_generator_py.dir/rosidl_generator_py/msg_interfaces/msg/_shoulder_joint_velocity_s.c.o[0m
[3.912s] [ 85%] [32mBuilding C object CMakeFiles/msg_interfaces__rosidl_generator_py.dir/rosidl_generator_py/msg_interfaces/msg/_arm_end_motion_s.c.o[0m
[3.912s] [ 86%] [32mBuilding C object CMakeFiles/msg_interfaces__rosidl_generator_py.dir/rosidl_generator_py/msg_interfaces/msg/_wrist_joint_velocity_s.c.o[0m
[3.912s] [ 87%] [32mBuilding C object CMakeFiles/msg_interfaces__rosidl_generator_py.dir/rosidl_generator_py/msg_interfaces/msg/_base_motion_s.c.o[0m
[3.913s] [ 88%] [32mBuilding C object CMakeFiles/msg_interfaces__rosidl_generator_py.dir/rosidl_generator_py/msg_interfaces/msg/_arm_angle_s.c.o[0m
[3.914s] [ 90%] [32mBuilding C object CMakeFiles/msg_interfaces__rosidl_generator_py.dir/rosidl_generator_py/msg_interfaces/msg/_encoder_arm_s.c.o[0m
[3.914s] [ 90%] [32mBuilding C object CMakeFiles/msg_interfaces__rosidl_generator_py.dir/rosidl_generator_py/msg_interfaces/msg/_drive_s.c.o[0m
[3.914s] [ 91%] [32mBuilding C object CMakeFiles/msg_interfaces__rosidl_generator_py.dir/rosidl_generator_py/msg_interfaces/msg/_encoder_drive_s.c.o[0m
[3.915s] [ 92%] [32mBuilding C object CMakeFiles/msg_interfaces__rosidl_generator_py.dir/rosidl_generator_py/msg_interfaces/msg/_final_vel_s.c.o[0m
[3.915s] [ 93%] [32mBuilding C object CMakeFiles/msg_interfaces__rosidl_generator_py.dir/rosidl_generator_py/msg_interfaces/msg/_target_pose_s.c.o[0m
[4.027s] [ 94%] [32m[1mLinking C shared library rosidl_generator_py/msg_interfaces/libmsg_interfaces__rosidl_generator_py.so[0m
[4.058s] [ 94%] Built target msg_interfaces__rosidl_generator_py
[4.075s] [ 95%] [32mBuilding C object CMakeFiles/msg_interfaces__rosidl_typesupport_c__pyext.dir/rosidl_generator_py/msg_interfaces/_msg_interfaces_s.ep.rosidl_typesupport_c.c.o[0m
[4.075s] [ 96%] [32mBuilding C object CMakeFiles/msg_interfaces__rosidl_typesupport_fastrtps_c__pyext.dir/rosidl_generator_py/msg_interfaces/_msg_interfaces_s.ep.rosidl_typesupport_fastrtps_c.c.o[0m
[4.076s] [ 97%] [32mBuilding C object CMakeFiles/msg_interfaces__rosidl_typesupport_introspection_c__pyext.dir/rosidl_generator_py/msg_interfaces/_msg_interfaces_s.ep.rosidl_typesupport_introspection_c.c.o[0m
[4.158s] [ 99%] [32m[1mLinking C shared library rosidl_generator_py/msg_interfaces/msg_interfaces_s__rosidl_typesupport_introspection_c.cpython-310-x86_64-linux-gnu.so[0m
[4.158s] [ 99%] [32m[1mLinking C shared library rosidl_generator_py/msg_interfaces/msg_interfaces_s__rosidl_typesupport_c.cpython-310-x86_64-linux-gnu.so[0m
[4.160s] [100%] [32m[1mLinking C shared library rosidl_generator_py/msg_interfaces/msg_interfaces_s__rosidl_typesupport_fastrtps_c.cpython-310-x86_64-linux-gnu.so[0m
[4.188s] [100%] Built target msg_interfaces__rosidl_typesupport_c__pyext
[4.189s] [100%] Built target msg_interfaces__rosidl_typesupport_fastrtps_c__pyext
[4.190s] [100%] Built target msg_interfaces__rosidl_typesupport_introspection_c__pyext
[4.198s] Invoked command in '/home/siddhant/irc_rover_controls_2025/arm_control/build/msg_interfaces' returned '0': CMAKE_PREFIX_PATH=${CMAKE_PREFIX_PATH}:/home/siddhant/irc_rover_controls_2025/arm_control/install/wrist_testing:/home/siddhant/irc_rover_controls_2025/arm_control/install/ik_control:/opt/ros/humble PS1=\[\e]0;\u@\h: \w\a\]${debian_chroot:+($debian_chroot)}\[\033[01;32m\]\u@\h\[\033[00m\]:\[\033[01;34m\]\w\[\033[00m\]\$ /usr/bin/cmake --build /home/siddhant/irc_rover_controls_2025/arm_control/build/msg_interfaces -- -j22 -l22
[4.204s] Invoking command in '/home/siddhant/irc_rover_controls_2025/arm_control/build/msg_interfaces': CMAKE_PREFIX_PATH=${CMAKE_PREFIX_PATH}:/home/siddhant/irc_rover_controls_2025/arm_control/install/wrist_testing:/home/siddhant/irc_rover_controls_2025/arm_control/install/ik_control:/opt/ros/humble PS1=\[\e]0;\u@\h: \w\a\]${debian_chroot:+($debian_chroot)}\[\033[01;32m\]\u@\h\[\033[00m\]:\[\033[01;34m\]\w\[\033[00m\]\$ /usr/bin/cmake --install /home/siddhant/irc_rover_controls_2025/arm_control/build/msg_interfaces
[4.208s] -- Install configuration: ""
[4.208s] -- Installing: /home/siddhant/irc_rover_controls_2025/arm_control/install/msg_interfaces/share/ament_index/resource_index/rosidl_interfaces/msg_interfaces
[4.208s] -- Installing: /home/siddhant/irc_rover_controls_2025/arm_control/install/msg_interfaces/include/msg_interfaces/msg_interfaces
[4.208s] -- Installing: /home/siddhant/irc_rover_controls_2025/arm_control/install/msg_interfaces/include/msg_interfaces/msg_interfaces/msg
[4.208s] -- Installing: /home/siddhant/irc_rover_controls_2025/arm_control/install/msg_interfaces/include/msg_interfaces/msg_interfaces/msg/encoder_arm.h
[4.208s] -- Installing: /home/siddhant/irc_rover_controls_2025/arm_control/install/msg_interfaces/include/msg_interfaces/msg_interfaces/msg/target_pose.h
[4.208s] -- Installing: /home/siddhant/irc_rover_controls_2025/arm_control/install/msg_interfaces/include/msg_interfaces/msg_interfaces/msg/rosidl_generator_c__visibility_control.h
[4.209s] -- Installing: /home/siddhant/irc_rover_controls_2025/arm_control/install/msg_interfaces/include/msg_interfaces/msg_interfaces/msg/arm_angle.h
[4.209s] -- Installing: /home/siddhant/irc_rover_controls_2025/arm_control/install/msg_interfaces/include/msg_interfaces/msg_interfaces/msg/wrist_joint_velocity.h
[4.209s] -- Installing: /home/siddhant/irc_rover_controls_2025/arm_control/install/msg_interfaces/include/msg_interfaces/msg_interfaces/msg/base_motion.h
[4.209s] -- Installing: /home/siddhant/irc_rover_controls_2025/arm_control/install/msg_interfaces/include/msg_interfaces/msg_interfaces/msg/drive.h
[4.209s] -- Installing: /home/siddhant/irc_rover_controls_2025/arm_control/install/msg_interfaces/include/msg_interfaces/msg_interfaces/msg/final_vel.h
[4.209s] -- Installing: /home/siddhant/irc_rover_controls_2025/arm_control/install/msg_interfaces/include/msg_interfaces/msg_interfaces/msg/encoder_drive.h
[4.209s] -- Installing: /home/siddhant/irc_rover_controls_2025/arm_control/install/msg_interfaces/include/msg_interfaces/msg_interfaces/msg/shoulder_joint_velocity.h
[4.209s] -- Installing: /home/siddhant/irc_rover_controls_2025/arm_control/install/msg_interfaces/include/msg_interfaces/msg_interfaces/msg/arm_end_motion.h
[4.209s] -- Installing: /home/siddhant/irc_rover_controls_2025/arm_control/install/msg_interfaces/include/msg_interfaces/msg_interfaces/msg/detail
[4.209s] -- Installing: /home/siddhant/irc_rover_controls_2025/arm_control/install/msg_interfaces/include/msg_interfaces/msg_interfaces/msg/detail/arm_angle__struct.h
[4.209s] -- Installing: /home/siddhant/irc_rover_controls_2025/arm_control/install/msg_interfaces/include/msg_interfaces/msg_interfaces/msg/detail/encoder_arm__type_support.h
[4.209s] -- Installing: /home/siddhant/irc_rover_controls_2025/arm_control/install/msg_interfaces/include/msg_interfaces/msg_interfaces/msg/detail/base_motion__type_support.h
[4.209s] -- Installing: /home/siddhant/irc_rover_controls_2025/arm_control/install/msg_interfaces/include/msg_interfaces/msg_interfaces/msg/detail/arm_end_motion__type_support.h
[4.209s] -- Installing: /home/siddhant/irc_rover_controls_2025/arm_control/install/msg_interfaces/include/msg_interfaces/msg_interfaces/msg/detail/final_vel__functions.c
[4.209s] -- Installing: /home/siddhant/irc_rover_controls_2025/arm_control/install/msg_interfaces/include/msg_interfaces/msg_interfaces/msg/detail/encoder_drive__functions.c
[4.209s] -- Installing: /home/siddhant/irc_rover_controls_2025/arm_control/install/msg_interfaces/include/msg_interfaces/msg_interfaces/msg/detail/encoder_drive__struct.h
[4.210s] -- Installing: /home/siddhant/irc_rover_controls_2025/arm_control/install/msg_interfaces/include/msg_interfaces/msg_interfaces/msg/detail/shoulder_joint_velocity__functions.h
[4.210s] -- Installing: /home/siddhant/irc_rover_controls_2025/arm_control/install/msg_interfaces/include/msg_interfaces/msg_interfaces/msg/detail/encoder_drive__type_support.h
[4.210s] -- Installing: /home/siddhant/irc_rover_controls_2025/arm_control/install/msg_interfaces/include/msg_interfaces/msg_interfaces/msg/detail/target_pose__struct.h
[4.210s] -- Installing: /home/siddhant/irc_rover_controls_2025/arm_control/install/msg_interfaces/include/msg_interfaces/msg_interfaces/msg/detail/shoulder_joint_velocity__struct.h
[4.210s] -- Installing: /home/siddhant/irc_rover_controls_2025/arm_control/install/msg_interfaces/include/msg_interfaces/msg_interfaces/msg/detail/wrist_joint_velocity__type_support.h
[4.210s] -- Installing: /home/siddhant/irc_rover_controls_2025/arm_control/install/msg_interfaces/include/msg_interfaces/msg_interfaces/msg/detail/arm_end_motion__functions.h
[4.210s] -- Installing: /home/siddhant/irc_rover_controls_2025/arm_control/install/msg_interfaces/include/msg_interfaces/msg_interfaces/msg/detail/encoder_arm__struct.h
[4.210s] -- Installing: /home/siddhant/irc_rover_controls_2025/arm_control/install/msg_interfaces/include/msg_interfaces/msg_interfaces/msg/detail/base_motion__functions.c
[4.210s] -- Installing: /home/siddhant/irc_rover_controls_2025/arm_control/install/msg_interfaces/include/msg_interfaces/msg_interfaces/msg/detail/encoder_drive__functions.h
[4.210s] -- Installing: /home/siddhant/irc_rover_controls_2025/arm_control/install/msg_interfaces/include/msg_interfaces/msg_interfaces/msg/detail/target_pose__type_support.h
[4.210s] -- Installing: /home/siddhant/irc_rover_controls_2025/arm_control/install/msg_interfaces/include/msg_interfaces/msg_interfaces/msg/detail/arm_end_motion__functions.c
[4.210s] -- Installing: /home/siddhant/irc_rover_controls_2025/arm_control/install/msg_interfaces/include/msg_interfaces/msg_interfaces/msg/detail/drive__functions.c
[4.210s] -- Installing: /home/siddhant/irc_rover_controls_2025/arm_control/install/msg_interfaces/include/msg_interfaces/msg_interfaces/msg/detail/final_vel__type_support.h
[4.210s] -- Installing: /home/siddhant/irc_rover_controls_2025/arm_control/install/msg_interfaces/include/msg_interfaces/msg_interfaces/msg/detail/drive__functions.h
[4.210s] -- Installing: /home/siddhant/irc_rover_controls_2025/arm_control/install/msg_interfaces/include/msg_interfaces/msg_interfaces/msg/detail/drive__type_support.h
[4.210s] -- Installing: /home/siddhant/irc_rover_controls_2025/arm_control/install/msg_interfaces/include/msg_interfaces/msg_interfaces/msg/detail/target_pose__functions.h
[4.210s] -- Installing: /home/siddhant/irc_rover_controls_2025/arm_control/install/msg_interfaces/include/msg_interfaces/msg_interfaces/msg/detail/final_vel__functions.h
[4.210s] -- Installing: /home/siddhant/irc_rover_controls_2025/arm_control/install/msg_interfaces/include/msg_interfaces/msg_interfaces/msg/detail/base_motion__functions.h
[4.210s] -- Installing: /home/siddhant/irc_rover_controls_2025/arm_control/install/msg_interfaces/include/msg_interfaces/msg_interfaces/msg/detail/final_vel__struct.h
[4.210s] -- Installing: /home/siddhant/irc_rover_controls_2025/arm_control/install/msg_interfaces/include/msg_interfaces/msg_interfaces/msg/detail/encoder_arm__functions.h
[4.210s] -- Installing: /home/siddhant/irc_rover_controls_2025/arm_control/install/msg_interfaces/include/msg_interfaces/msg_interfaces/msg/detail/wrist_joint_velocity__functions.h
[4.210s] -- Installing: /home/siddhant/irc_rover_controls_2025/arm_control/install/msg_interfaces/include/msg_interfaces/msg_interfaces/msg/detail/arm_angle__functions.c
[4.210s] -- Installing: /home/siddhant/irc_rover_controls_2025/arm_control/install/msg_interfaces/include/msg_interfaces/msg_interfaces/msg/detail/base_motion__struct.h
[4.210s] -- Installing: /home/siddhant/irc_rover_controls_2025/arm_control/install/msg_interfaces/include/msg_interfaces/msg_interfaces/msg/detail/arm_end_motion__struct.h
[4.211s] -- Installing: /home/siddhant/irc_rover_controls_2025/arm_control/install/msg_interfaces/include/msg_interfaces/msg_interfaces/msg/detail/encoder_arm__functions.c
[4.211s] -- Installing: /home/siddhant/irc_rover_controls_2025/arm_control/install/msg_interfaces/include/msg_interfaces/msg_interfaces/msg/detail/shoulder_joint_velocity__type_support.h
[4.211s] -- Installing: /home/siddhant/irc_rover_controls_2025/arm_control/install/msg_interfaces/include/msg_interfaces/msg_interfaces/msg/detail/wrist_joint_velocity__functions.c
[4.211s] -- Installing: /home/siddhant/irc_rover_controls_2025/arm_control/install/msg_interfaces/include/msg_interfaces/msg_interfaces/msg/detail/drive__struct.h
[4.211s] -- Installing: /home/siddhant/irc_rover_controls_2025/arm_control/install/msg_interfaces/include/msg_interfaces/msg_interfaces/msg/detail/arm_angle__type_support.h
[4.211s] -- Installing: /home/siddhant/irc_rover_controls_2025/arm_control/install/msg_interfaces/include/msg_interfaces/msg_interfaces/msg/detail/arm_angle__functions.h
[4.211s] -- Installing: /home/siddhant/irc_rover_controls_2025/arm_control/install/msg_interfaces/include/msg_interfaces/msg_interfaces/msg/detail/shoulder_joint_velocity__functions.c
[4.211s] -- Installing: /home/siddhant/irc_rover_controls_2025/arm_control/install/msg_interfaces/include/msg_interfaces/msg_interfaces/msg/detail/target_pose__functions.c
[4.211s] -- Installing: /home/siddhant/irc_rover_controls_2025/arm_control/install/msg_interfaces/include/msg_interfaces/msg_interfaces/msg/detail/wrist_joint_velocity__struct.h
[4.211s] -- Installing: /home/siddhant/irc_rover_controls_2025/arm_control/install/msg_interfaces/share/msg_interfaces/environment/library_path.sh
[4.211s] -- Installing: /home/siddhant/irc_rover_controls_2025/arm_control/install/msg_interfaces/share/msg_interfaces/environment/library_path.dsv
[4.211s] -- Installing: /home/siddhant/irc_rover_controls_2025/arm_control/install/msg_interfaces/lib/libmsg_interfaces__rosidl_generator_c.so
[4.212s] -- Set runtime path of "/home/siddhant/irc_rover_controls_2025/arm_control/install/msg_interfaces/lib/libmsg_interfaces__rosidl_generator_c.so" to ""
[4.212s] -- Up-to-date: /home/siddhant/irc_rover_controls_2025/arm_control/install/msg_interfaces/include/msg_interfaces/msg_interfaces
[4.212s] -- Up-to-date: /home/siddhant/irc_rover_controls_2025/arm_control/install/msg_interfaces/include/msg_interfaces/msg_interfaces/msg
[4.212s] -- Installing: /home/siddhant/irc_rover_controls_2025/arm_control/install/msg_interfaces/include/msg_interfaces/msg_interfaces/msg/rosidl_typesupport_fastrtps_c__visibility_control.h
[4.212s] -- Up-to-date: /home/siddhant/irc_rover_controls_2025/arm_control/install/msg_interfaces/include/msg_interfaces/msg_interfaces/msg/detail
[4.212s] -- Installing: /home/siddhant/irc_rover_controls_2025/arm_control/install/msg_interfaces/include/msg_interfaces/msg_interfaces/msg/detail/shoulder_joint_velocity__rosidl_typesupport_fastrtps_c.h
[4.212s] -- Installing: /home/siddhant/irc_rover_controls_2025/arm_control/install/msg_interfaces/include/msg_interfaces/msg_interfaces/msg/detail/drive__rosidl_typesupport_fastrtps_c.h
[4.212s] -- Installing: /home/siddhant/irc_rover_controls_2025/arm_control/install/msg_interfaces/include/msg_interfaces/msg_interfaces/msg/detail/wrist_joint_velocity__rosidl_typesupport_fastrtps_c.h
[4.212s] -- Installing: /home/siddhant/irc_rover_controls_2025/arm_control/install/msg_interfaces/include/msg_interfaces/msg_interfaces/msg/detail/target_pose__rosidl_typesupport_fastrtps_c.h
[4.212s] -- Installing: /home/siddhant/irc_rover_controls_2025/arm_control/install/msg_interfaces/include/msg_interfaces/msg_interfaces/msg/detail/encoder_arm__rosidl_typesupport_fastrtps_c.h
[4.212s] -- Installing: /home/siddhant/irc_rover_controls_2025/arm_control/install/msg_interfaces/include/msg_interfaces/msg_interfaces/msg/detail/arm_end_motion__rosidl_typesupport_fastrtps_c.h
[4.212s] -- Installing: /home/siddhant/irc_rover_controls_2025/arm_control/install/msg_interfaces/include/msg_interfaces/msg_interfaces/msg/detail/base_motion__rosidl_typesupport_fastrtps_c.h
[4.212s] -- Installing: /home/siddhant/irc_rover_controls_2025/arm_control/install/msg_interfaces/include/msg_interfaces/msg_interfaces/msg/detail/final_vel__rosidl_typesupport_fastrtps_c.h
[4.212s] -- Installing: /home/siddhant/irc_rover_controls_2025/arm_control/install/msg_interfaces/include/msg_interfaces/msg_interfaces/msg/detail/arm_angle__rosidl_typesupport_fastrtps_c.h
[4.212s] -- Installing: /home/siddhant/irc_rover_controls_2025/arm_control/install/msg_interfaces/include/msg_interfaces/msg_interfaces/msg/detail/encoder_drive__rosidl_typesupport_fastrtps_c.h
[4.212s] -- Installing: /home/siddhant/irc_rover_controls_2025/arm_control/install/msg_interfaces/lib/libmsg_interfaces__rosidl_typesupport_fastrtps_c.so
[4.212s] -- Set runtime path of "/home/siddhant/irc_rover_controls_2025/arm_control/install/msg_interfaces/lib/libmsg_interfaces__rosidl_typesupport_fastrtps_c.so" to ""
[4.212s] -- Up-to-date: /home/siddhant/irc_rover_controls_2025/arm_control/install/msg_interfaces/include/msg_interfaces/msg_interfaces
[4.212s] -- Up-to-date: /home/siddhant/irc_rover_controls_2025/arm_control/install/msg_interfaces/include/msg_interfaces/msg_interfaces/msg
[4.212s] -- Installing: /home/siddhant/irc_rover_controls_2025/arm_control/install/msg_interfaces/include/msg_interfaces/msg_interfaces/msg/target_pose.hpp
[4.212s] -- Installing: /home/siddhant/irc_rover_controls_2025/arm_control/install/msg_interfaces/include/msg_interfaces/msg_interfaces/msg/encoder_arm.hpp
[4.212s] -- Installing: /home/siddhant/irc_rover_controls_2025/arm_control/install/msg_interfaces/include/msg_interfaces/msg_interfaces/msg/shoulder_joint_velocity.hpp
[4.212s] -- Installing: /home/siddhant/irc_rover_controls_2025/arm_control/install/msg_interfaces/include/msg_interfaces/msg_interfaces/msg/rosidl_generator_cpp__visibility_control.hpp
[4.212s] -- Installing: /home/siddhant/irc_rover_controls_2025/arm_control/install/msg_interfaces/include/msg_interfaces/msg_interfaces/msg/base_motion.hpp
[4.212s] -- Installing: /home/siddhant/irc_rover_controls_2025/arm_control/install/msg_interfaces/include/msg_interfaces/msg_interfaces/msg/drive.hpp
[4.212s] -- Installing: /home/siddhant/irc_rover_controls_2025/arm_control/install/msg_interfaces/include/msg_interfaces/msg_interfaces/msg/arm_end_motion.hpp
[4.213s] -- Up-to-date: /home/siddhant/irc_rover_controls_2025/arm_control/install/msg_interfaces/include/msg_interfaces/msg_interfaces/msg/detail
[4.213s] -- Installing: /home/siddhant/irc_rover_controls_2025/arm_control/install/msg_interfaces/include/msg_interfaces/msg_interfaces/msg/detail/base_motion__type_support.hpp
[4.213s] -- Installing: /home/siddhant/irc_rover_controls_2025/arm_control/install/msg_interfaces/include/msg_interfaces/msg_interfaces/msg/detail/final_vel__struct.hpp
[4.213s] -- Installing: /home/siddhant/irc_rover_controls_2025/arm_control/install/msg_interfaces/include/msg_interfaces/msg_interfaces/msg/detail/drive__struct.hpp
[4.213s] -- Installing: /home/siddhant/irc_rover_controls_2025/arm_control/install/msg_interfaces/include/msg_interfaces/msg_interfaces/msg/detail/drive__traits.hpp
[4.213s] -- Installing: /home/siddhant/irc_rover_controls_2025/arm_control/install/msg_interfaces/include/msg_interfaces/msg_interfaces/msg/detail/arm_angle__struct.hpp
[4.213s] -- Installing: /home/siddhant/irc_rover_controls_2025/arm_control/install/msg_interfaces/include/msg_interfaces/msg_interfaces/msg/detail/encoder_drive__builder.hpp
[4.213s] -- Installing: /home/siddhant/irc_rover_controls_2025/arm_control/install/msg_interfaces/include/msg_interfaces/msg_interfaces/msg/detail/shoulder_joint_velocity__traits.hpp
[4.213s] -- Installing: /home/siddhant/irc_rover_controls_2025/arm_control/install/msg_interfaces/include/msg_interfaces/msg_interfaces/msg/detail/drive__type_support.hpp
[4.213s] -- Installing: /home/siddhant/irc_rover_controls_2025/arm_control/install/msg_interfaces/include/msg_interfaces/msg_interfaces/msg/detail/encoder_arm__struct.hpp
[4.213s] -- Installing: /home/siddhant/irc_rover_controls_2025/arm_control/install/msg_interfaces/include/msg_interfaces/msg_interfaces/msg/detail/base_motion__traits.hpp
[4.213s] -- Installing: /home/siddhant/irc_rover_controls_2025/arm_control/install/msg_interfaces/include/msg_interfaces/msg_interfaces/msg/detail/arm_angle__builder.hpp
[4.213s] -- Installing: /home/siddhant/irc_rover_controls_2025/arm_control/install/msg_interfaces/include/msg_interfaces/msg_interfaces/msg/detail/target_pose__type_support.hpp
[4.213s] -- Installing: /home/siddhant/irc_rover_controls_2025/arm_control/install/msg_interfaces/include/msg_interfaces/msg_interfaces/msg/detail/arm_end_motion__struct.hpp
[4.213s] -- Installing: /home/siddhant/irc_rover_controls_2025/arm_control/install/msg_interfaces/include/msg_interfaces/msg_interfaces/msg/detail/wrist_joint_velocity__builder.hpp
[4.213s] -- Installing: /home/siddhant/irc_rover_controls_2025/arm_control/install/msg_interfaces/include/msg_interfaces/msg_interfaces/msg/detail/target_pose__traits.hpp
[4.213s] -- Installing: /home/siddhant/irc_rover_controls_2025/arm_control/install/msg_interfaces/include/msg_interfaces/msg_interfaces/msg/detail/wrist_joint_velocity__type_support.hpp
[4.213s] -- Installing: /home/siddhant/irc_rover_controls_2025/arm_control/install/msg_interfaces/include/msg_interfaces/msg_interfaces/msg/detail/base_motion__struct.hpp
[4.213s] -- Installing: /home/siddhant/irc_rover_controls_2025/arm_control/install/msg_interfaces/include/msg_interfaces/msg_interfaces/msg/detail/encoder_drive__type_support.hpp
[4.213s] -- Installing: /home/siddhant/irc_rover_controls_2025/arm_control/install/msg_interfaces/include/msg_interfaces/msg_interfaces/msg/detail/final_vel__type_support.hpp
[4.213s] -- Installing: /home/siddhant/irc_rover_controls_2025/arm_control/install/msg_interfaces/include/msg_interfaces/msg_interfaces/msg/detail/drive__builder.hpp
[4.213s] -- Installing: /home/siddhant/irc_rover_controls_2025/arm_control/install/msg_interfaces/include/msg_interfaces/msg_interfaces/msg/detail/encoder_arm__traits.hpp
[4.213s] -- Installing: /home/siddhant/irc_rover_controls_2025/arm_control/install/msg_interfaces/include/msg_interfaces/msg_interfaces/msg/detail/shoulder_joint_velocity__struct.hpp
[4.213s] -- Installing: /home/siddhant/irc_rover_controls_2025/arm_control/install/msg_interfaces/include/msg_interfaces/msg_interfaces/msg/detail/final_vel__traits.hpp
[4.213s] -- Installing: /home/siddhant/irc_rover_controls_2025/arm_control/install/msg_interfaces/include/msg_interfaces/msg_interfaces/msg/detail/arm_angle__traits.hpp
[4.213s] -- Installing: /home/siddhant/irc_rover_controls_2025/arm_control/install/msg_interfaces/include/msg_interfaces/msg_interfaces/msg/detail/encoder_drive__traits.hpp
[4.213s] -- Installing: /home/siddhant/irc_rover_controls_2025/arm_control/install/msg_interfaces/include/msg_interfaces/msg_interfaces/msg/detail/shoulder_joint_velocity__builder.hpp
[4.213s] -- Installing: /home/siddhant/irc_rover_controls_2025/arm_control/install/msg_interfaces/include/msg_interfaces/msg_interfaces/msg/detail/encoder_arm__type_support.hpp
[4.213s] -- Installing: /home/siddhant/irc_rover_controls_2025/arm_control/install/msg_interfaces/include/msg_interfaces/msg_interfaces/msg/detail/base_motion__builder.hpp
[4.213s] -- Installing: /home/siddhant/irc_rover_controls_2025/arm_control/install/msg_interfaces/include/msg_interfaces/msg_interfaces/msg/detail/arm_end_motion__builder.hpp
[4.213s] -- Installing: /home/siddhant/irc_rover_controls_2025/arm_control/install/msg_interfaces/include/msg_interfaces/msg_interfaces/msg/detail/shoulder_joint_velocity__type_support.hpp
[4.213s] -- Installing: /home/siddhant/irc_rover_controls_2025/arm_control/install/msg_interfaces/include/msg_interfaces/msg_interfaces/msg/detail/encoder_drive__struct.hpp
[4.214s] -- Installing: /home/siddhant/irc_rover_controls_2025/arm_control/install/msg_interfaces/include/msg_interfaces/msg_interfaces/msg/detail/wrist_joint_velocity__struct.hpp
[4.214s] -- Installing: /home/siddhant/irc_rover_controls_2025/arm_control/install/msg_interfaces/include/msg_interfaces/msg_interfaces/msg/detail/arm_end_motion__type_support.hpp
[4.214s] -- Installing: /home/siddhant/irc_rover_controls_2025/arm_control/install/msg_interfaces/include/msg_interfaces/msg_interfaces/msg/detail/wrist_joint_velocity__traits.hpp
[4.214s] -- Installing: /home/siddhant/irc_rover_controls_2025/arm_control/install/msg_interfaces/include/msg_interfaces/msg_interfaces/msg/detail/target_pose__builder.hpp
[4.214s] -- Installing: /home/siddhant/irc_rover_controls_2025/arm_control/install/msg_interfaces/include/msg_interfaces/msg_interfaces/msg/detail/final_vel__builder.hpp
[4.214s] -- Installing: /home/siddhant/irc_rover_controls_2025/arm_control/install/msg_interfaces/include/msg_interfaces/msg_interfaces/msg/detail/encoder_arm__builder.hpp
[4.214s] -- Installing: /home/siddhant/irc_rover_controls_2025/arm_control/install/msg_interfaces/include/msg_interfaces/msg_interfaces/msg/detail/target_pose__struct.hpp
[4.214s] -- Installing: /home/siddhant/irc_rover_controls_2025/arm_control/install/msg_interfaces/include/msg_interfaces/msg_interfaces/msg/detail/arm_angle__type_support.hpp
[4.214s] -- Installing: /home/siddhant/irc_rover_controls_2025/arm_control/install/msg_interfaces/include/msg_interfaces/msg_interfaces/msg/detail/arm_end_motion__traits.hpp
[4.214s] -- Installing: /home/siddhant/irc_rover_controls_2025/arm_control/install/msg_interfaces/include/msg_interfaces/msg_interfaces/msg/arm_angle.hpp
[4.214s] -- Installing: /home/siddhant/irc_rover_controls_2025/arm_control/install/msg_interfaces/include/msg_interfaces/msg_interfaces/msg/wrist_joint_velocity.hpp
[4.214s] -- Installing: /home/siddhant/irc_rover_controls_2025/arm_control/install/msg_interfaces/include/msg_interfaces/msg_interfaces/msg/encoder_drive.hpp
[4.214s] -- Installing: /home/siddhant/irc_rover_controls_2025/arm_control/install/msg_interfaces/include/msg_interfaces/msg_interfaces/msg/final_vel.hpp
[4.214s] -- Up-to-date: /home/siddhant/irc_rover_controls_2025/arm_control/install/msg_interfaces/include/msg_interfaces/msg_interfaces
[4.214s] -- Up-to-date: /home/siddhant/irc_rover_controls_2025/arm_control/install/msg_interfaces/include/msg_interfaces/msg_interfaces/msg
[4.214s] -- Up-to-date: /home/siddhant/irc_rover_controls_2025/arm_control/install/msg_interfaces/include/msg_interfaces/msg_interfaces/msg/detail
[4.214s] -- Installing: /home/siddhant/irc_rover_controls_2025/arm_control/install/msg_interfaces/include/msg_interfaces/msg_interfaces/msg/detail/base_motion__rosidl_typesupport_fastrtps_cpp.hpp
[4.214s] -- Installing: /home/siddhant/irc_rover_controls_2025/arm_control/install/msg_interfaces/include/msg_interfaces/msg_interfaces/msg/detail/drive__rosidl_typesupport_fastrtps_cpp.hpp
[4.214s] -- Installing: /home/siddhant/irc_rover_controls_2025/arm_control/install/msg_interfaces/include/msg_interfaces/msg_interfaces/msg/detail/shoulder_joint_velocity__rosidl_typesupport_fastrtps_cpp.hpp
[4.214s] -- Installing: /home/siddhant/irc_rover_controls_2025/arm_control/install/msg_interfaces/include/msg_interfaces/msg_interfaces/msg/detail/final_vel__rosidl_typesupport_fastrtps_cpp.hpp
[4.214s] -- Installing: /home/siddhant/irc_rover_controls_2025/arm_control/install/msg_interfaces/include/msg_interfaces/msg_interfaces/msg/detail/arm_end_motion__rosidl_typesupport_fastrtps_cpp.hpp
[4.214s] -- Installing: /home/siddhant/irc_rover_controls_2025/arm_control/install/msg_interfaces/include/msg_interfaces/msg_interfaces/msg/detail/encoder_arm__rosidl_typesupport_fastrtps_cpp.hpp
[4.214s] -- Installing: /home/siddhant/irc_rover_controls_2025/arm_control/install/msg_interfaces/include/msg_interfaces/msg_interfaces/msg/detail/dds_fastrtps
[4.214s] -- Installing: /home/siddhant/irc_rover_controls_2025/arm_control/install/msg_interfaces/include/msg_interfaces/msg_interfaces/msg/detail/arm_angle__rosidl_typesupport_fastrtps_cpp.hpp
[4.214s] -- Installing: /home/siddhant/irc_rover_controls_2025/arm_control/install/msg_interfaces/include/msg_interfaces/msg_interfaces/msg/detail/target_pose__rosidl_typesupport_fastrtps_cpp.hpp
[4.214s] -- Installing: /home/siddhant/irc_rover_controls_2025/arm_control/install/msg_interfaces/include/msg_interfaces/msg_interfaces/msg/detail/wrist_joint_velocity__rosidl_typesupport_fastrtps_cpp.hpp
[4.214s] -- Installing: /home/siddhant/irc_rover_controls_2025/arm_control/install/msg_interfaces/include/msg_interfaces/msg_interfaces/msg/detail/encoder_drive__rosidl_typesupport_fastrtps_cpp.hpp
[4.214s] -- Installing: /home/siddhant/irc_rover_controls_2025/arm_control/install/msg_interfaces/include/msg_interfaces/msg_interfaces/msg/rosidl_typesupport_fastrtps_cpp__visibility_control.h
[4.214s] -- Installing: /home/siddhant/irc_rover_controls_2025/arm_control/install/msg_interfaces/lib/libmsg_interfaces__rosidl_typesupport_fastrtps_cpp.so
[4.214s] -- Set runtime path of "/home/siddhant/irc_rover_controls_2025/arm_control/install/msg_interfaces/lib/libmsg_interfaces__rosidl_typesupport_fastrtps_cpp.so" to ""
[4.214s] -- Up-to-date: /home/siddhant/irc_rover_controls_2025/arm_control/install/msg_interfaces/include/msg_interfaces/msg_interfaces
[4.214s] -- Up-to-date: /home/siddhant/irc_rover_controls_2025/arm_control/install/msg_interfaces/include/msg_interfaces/msg_interfaces/msg
[4.215s] -- Installing: /home/siddhant/irc_rover_controls_2025/arm_control/install/msg_interfaces/include/msg_interfaces/msg_interfaces/msg/rosidl_typesupport_introspection_c__visibility_control.h
[4.215s] -- Up-to-date: /home/siddhant/irc_rover_controls_2025/arm_control/install/msg_interfaces/include/msg_interfaces/msg_interfaces/msg/detail
[4.215s] -- Installing: /home/siddhant/irc_rover_controls_2025/arm_control/install/msg_interfaces/include/msg_interfaces/msg_interfaces/msg/detail/target_pose__rosidl_typesupport_introspection_c.h
[4.215s] -- Installing: /home/siddhant/irc_rover_controls_2025/arm_control/install/msg_interfaces/include/msg_interfaces/msg_interfaces/msg/detail/encoder_arm__type_support.c
[4.215s] -- Installing: /home/siddhant/irc_rover_controls_2025/arm_control/install/msg_interfaces/include/msg_interfaces/msg_interfaces/msg/detail/drive__rosidl_typesupport_introspection_c.h
[4.215s] -- Installing: /home/siddhant/irc_rover_controls_2025/arm_control/install/msg_interfaces/include/msg_interfaces/msg_interfaces/msg/detail/final_vel__rosidl_typesupport_introspection_c.h
[4.215s] -- Installing: /home/siddhant/irc_rover_controls_2025/arm_control/install/msg_interfaces/include/msg_interfaces/msg_interfaces/msg/detail/encoder_arm__rosidl_typesupport_introspection_c.h
[4.215s] -- Installing: /home/siddhant/irc_rover_controls_2025/arm_control/install/msg_interfaces/include/msg_interfaces/msg_interfaces/msg/detail/arm_angle__rosidl_typesupport_introspection_c.h
[4.215s] -- Installing: /home/siddhant/irc_rover_controls_2025/arm_control/install/msg_interfaces/include/msg_interfaces/msg_interfaces/msg/detail/arm_end_motion__type_support.c
[4.215s] -- Installing: /home/siddhant/irc_rover_controls_2025/arm_control/install/msg_interfaces/include/msg_interfaces/msg_interfaces/msg/detail/base_motion__rosidl_typesupport_introspection_c.h
[4.215s] -- Installing: /home/siddhant/irc_rover_controls_2025/arm_control/install/msg_interfaces/include/msg_interfaces/msg_interfaces/msg/detail/wrist_joint_velocity__rosidl_typesupport_introspection_c.h
[4.215s] -- Installing: /home/siddhant/irc_rover_controls_2025/arm_control/install/msg_interfaces/include/msg_interfaces/msg_interfaces/msg/detail/shoulder_joint_velocity__rosidl_typesupport_introspection_c.h
[4.215s] -- Installing: /home/siddhant/irc_rover_controls_2025/arm_control/install/msg_interfaces/include/msg_interfaces/msg_interfaces/msg/detail/wrist_joint_velocity__type_support.c
[4.215s] -- Installing: /home/siddhant/irc_rover_controls_2025/arm_control/install/msg_interfaces/include/msg_interfaces/msg_interfaces/msg/detail/final_vel__type_support.c
[4.215s] -- Installing: /home/siddhant/irc_rover_controls_2025/arm_control/install/msg_interfaces/include/msg_interfaces/msg_interfaces/msg/detail/target_pose__type_support.c
[4.215s] -- Installing: /home/siddhant/irc_rover_controls_2025/arm_control/install/msg_interfaces/include/msg_interfaces/msg_interfaces/msg/detail/drive__type_support.c
[4.215s] -- Installing: /home/siddhant/irc_rover_controls_2025/arm_control/install/msg_interfaces/include/msg_interfaces/msg_interfaces/msg/detail/shoulder_joint_velocity__type_support.c
[4.215s] -- Installing: /home/siddhant/irc_rover_controls_2025/arm_control/install/msg_interfaces/include/msg_interfaces/msg_interfaces/msg/detail/arm_angle__type_support.c
[4.215s] -- Installing: /home/siddhant/irc_rover_controls_2025/arm_control/install/msg_interfaces/include/msg_interfaces/msg_interfaces/msg/detail/arm_end_motion__rosidl_typesupport_introspection_c.h
[4.215s] -- Installing: /home/siddhant/irc_rover_controls_2025/arm_control/install/msg_interfaces/include/msg_interfaces/msg_interfaces/msg/detail/encoder_drive__rosidl_typesupport_introspection_c.h
[4.215s] -- Installing: /home/siddhant/irc_rover_controls_2025/arm_control/install/msg_interfaces/include/msg_interfaces/msg_interfaces/msg/detail/encoder_drive__type_support.c
[4.215s] -- Installing: /home/siddhant/irc_rover_controls_2025/arm_control/install/msg_interfaces/include/msg_interfaces/msg_interfaces/msg/detail/base_motion__type_support.c
[4.215s] -- Installing: /home/siddhant/irc_rover_controls_2025/arm_control/install/msg_interfaces/lib/libmsg_interfaces__rosidl_typesupport_introspection_c.so
[4.215s] -- Set runtime path of "/home/siddhant/irc_rover_controls_2025/arm_control/install/msg_interfaces/lib/libmsg_interfaces__rosidl_typesupport_introspection_c.so" to ""
[4.215s] -- Installing: /home/siddhant/irc_rover_controls_2025/arm_control/install/msg_interfaces/lib/libmsg_interfaces__rosidl_typesupport_c.so
[4.215s] -- Set runtime path of "/home/siddhant/irc_rover_controls_2025/arm_control/install/msg_interfaces/lib/libmsg_interfaces__rosidl_typesupport_c.so" to ""
[4.216s] -- Up-to-date: /home/siddhant/irc_rover_controls_2025/arm_control/install/msg_interfaces/include/msg_interfaces/msg_interfaces
[4.216s] -- Up-to-date: /home/siddhant/irc_rover_controls_2025/arm_control/install/msg_interfaces/include/msg_interfaces/msg_interfaces/msg
[4.216s] -- Up-to-date: /home/siddhant/irc_rover_controls_2025/arm_control/install/msg_interfaces/include/msg_interfaces/msg_interfaces/msg/detail
[4.216s] -- Installing: /home/siddhant/irc_rover_controls_2025/arm_control/install/msg_interfaces/include/msg_interfaces/msg_interfaces/msg/detail/encoder_drive__type_support.cpp
[4.216s] -- Installing: /home/siddhant/irc_rover_controls_2025/arm_control/install/msg_interfaces/include/msg_interfaces/msg_interfaces/msg/detail/drive__type_support.cpp
[4.216s] -- Installing: /home/siddhant/irc_rover_controls_2025/arm_control/install/msg_interfaces/include/msg_interfaces/msg_interfaces/msg/detail/shoulder_joint_velocity__rosidl_typesupport_introspection_cpp.hpp
[4.216s] -- Installing: /home/siddhant/irc_rover_controls_2025/arm_control/install/msg_interfaces/include/msg_interfaces/msg_interfaces/msg/detail/final_vel__type_support.cpp
[4.216s] -- Installing: /home/siddhant/irc_rover_controls_2025/arm_control/install/msg_interfaces/include/msg_interfaces/msg_interfaces/msg/detail/encoder_arm__rosidl_typesupport_introspection_cpp.hpp
[4.216s] -- Installing: /home/siddhant/irc_rover_controls_2025/arm_control/install/msg_interfaces/include/msg_interfaces/msg_interfaces/msg/detail/arm_end_motion__type_support.cpp
[4.216s] -- Installing: /home/siddhant/irc_rover_controls_2025/arm_control/install/msg_interfaces/include/msg_interfaces/msg_interfaces/msg/detail/arm_angle__rosidl_typesupport_introspection_cpp.hpp
[4.216s] -- Installing: /home/siddhant/irc_rover_controls_2025/arm_control/install/msg_interfaces/include/msg_interfaces/msg_interfaces/msg/detail/arm_end_motion__rosidl_typesupport_introspection_cpp.hpp
[4.216s] -- Installing: /home/siddhant/irc_rover_controls_2025/arm_control/install/msg_interfaces/include/msg_interfaces/msg_interfaces/msg/detail/encoder_arm__type_support.cpp
[4.216s] -- Installing: /home/siddhant/irc_rover_controls_2025/arm_control/install/msg_interfaces/include/msg_interfaces/msg_interfaces/msg/detail/final_vel__rosidl_typesupport_introspection_cpp.hpp
[4.216s] -- Installing: /home/siddhant/irc_rover_controls_2025/arm_control/install/msg_interfaces/include/msg_interfaces/msg_interfaces/msg/detail/base_motion__type_support.cpp
[4.216s] -- Installing: /home/siddhant/irc_rover_controls_2025/arm_control/install/msg_interfaces/include/msg_interfaces/msg_interfaces/msg/detail/drive__rosidl_typesupport_introspection_cpp.hpp
[4.216s] -- Installing: /home/siddhant/irc_rover_controls_2025/arm_control/install/msg_interfaces/include/msg_interfaces/msg_interfaces/msg/detail/encoder_drive__rosidl_typesupport_introspection_cpp.hpp
[4.216s] -- Installing: /home/siddhant/irc_rover_controls_2025/arm_control/install/msg_interfaces/include/msg_interfaces/msg_interfaces/msg/detail/arm_angle__type_support.cpp
[4.216s] -- Installing: /home/siddhant/irc_rover_controls_2025/arm_control/install/msg_interfaces/include/msg_interfaces/msg_interfaces/msg/detail/shoulder_joint_velocity__type_support.cpp
[4.216s] -- Installing: /home/siddhant/irc_rover_controls_2025/arm_control/install/msg_interfaces/include/msg_interfaces/msg_interfaces/msg/detail/base_motion__rosidl_typesupport_introspection_cpp.hpp
[4.216s] -- Installing: /home/siddhant/irc_rover_controls_2025/arm_control/install/msg_interfaces/include/msg_interfaces/msg_interfaces/msg/detail/target_pose__rosidl_typesupport_introspection_cpp.hpp
[4.216s] -- Installing: /home/siddhant/irc_rover_controls_2025/arm_control/install/msg_interfaces/include/msg_interfaces/msg_interfaces/msg/detail/target_pose__type_support.cpp
[4.216s] -- Installing: /home/siddhant/irc_rover_controls_2025/arm_control/install/msg_interfaces/include/msg_interfaces/msg_interfaces/msg/detail/wrist_joint_velocity__rosidl_typesupport_introspection_cpp.hpp
[4.216s] -- Installing: /home/siddhant/irc_rover_controls_2025/arm_control/install/msg_interfaces/include/msg_interfaces/msg_interfaces/msg/detail/wrist_joint_velocity__type_support.cpp
[4.216s] -- Installing: /home/siddhant/irc_rover_controls_2025/arm_control/install/msg_interfaces/lib/libmsg_interfaces__rosidl_typesupport_introspection_cpp.so
[4.217s] -- Set runtime path of "/home/siddhant/irc_rover_controls_2025/arm_control/install/msg_interfaces/lib/libmsg_interfaces__rosidl_typesupport_introspection_cpp.so" to ""
[4.217s] -- Installing: /home/siddhant/irc_rover_controls_2025/arm_control/install/msg_interfaces/lib/libmsg_interfaces__rosidl_typesupport_cpp.so
[4.217s] -- Set runtime path of "/home/siddhant/irc_rover_controls_2025/arm_control/install/msg_interfaces/lib/libmsg_interfaces__rosidl_typesupport_cpp.so" to ""
[4.217s] -- Installing: /home/siddhant/irc_rover_controls_2025/arm_control/install/msg_interfaces/share/msg_interfaces/environment/pythonpath.sh
[4.217s] -- Installing: /home/siddhant/irc_rover_controls_2025/arm_control/install/msg_interfaces/share/msg_interfaces/environment/pythonpath.dsv
[4.217s] -- Installing: /home/siddhant/irc_rover_controls_2025/arm_control/install/msg_interfaces/local/lib/python3.10/dist-packages/msg_interfaces-0.0.0-py3.10.egg-info
[4.217s] -- Installing: /home/siddhant/irc_rover_controls_2025/arm_control/install/msg_interfaces/local/lib/python3.10/dist-packages/msg_interfaces-0.0.0-py3.10.egg-info/SOURCES.txt
[4.217s] -- Installing: /home/siddhant/irc_rover_controls_2025/arm_control/install/msg_interfaces/local/lib/python3.10/dist-packages/msg_interfaces-0.0.0-py3.10.egg-info/top_level.txt
[4.217s] -- Installing: /home/siddhant/irc_rover_controls_2025/arm_control/install/msg_interfaces/local/lib/python3.10/dist-packages/msg_interfaces-0.0.0-py3.10.egg-info/PKG-INFO
[4.217s] -- Installing: /home/siddhant/irc_rover_controls_2025/arm_control/install/msg_interfaces/local/lib/python3.10/dist-packages/msg_interfaces-0.0.0-py3.10.egg-info/dependency_links.txt
[4.217s] -- Installing: /home/siddhant/irc_rover_controls_2025/arm_control/install/msg_interfaces/local/lib/python3.10/dist-packages/msg_interfaces
[4.217s] -- Installing: /home/siddhant/irc_rover_controls_2025/arm_control/install/msg_interfaces/local/lib/python3.10/dist-packages/msg_interfaces/_msg_interfaces_s.ep.rosidl_typesupport_fastrtps_c.c
[4.217s] -- Installing: /home/siddhant/irc_rover_controls_2025/arm_control/install/msg_interfaces/local/lib/python3.10/dist-packages/msg_interfaces/_msg_interfaces_s.ep.rosidl_typesupport_introspection_c.c
[4.217s] -- Installing: /home/siddhant/irc_rover_controls_2025/arm_control/install/msg_interfaces/local/lib/python3.10/dist-packages/msg_interfaces/libmsg_interfaces__rosidl_generator_py.so
[4.217s] -- Installing: /home/siddhant/irc_rover_controls_2025/arm_control/install/msg_interfaces/local/lib/python3.10/dist-packages/msg_interfaces/msg_interfaces_s__rosidl_typesupport_fastrtps_c.cpython-310-x86_64-linux-gnu.so
[4.218s] -- Installing: /home/siddhant/irc_rover_controls_2025/arm_control/install/msg_interfaces/local/lib/python3.10/dist-packages/msg_interfaces/__init__.py
[4.218s] -- Installing: /home/siddhant/irc_rover_controls_2025/arm_control/install/msg_interfaces/local/lib/python3.10/dist-packages/msg_interfaces/msg_interfaces_s__rosidl_typesupport_c.cpython-310-x86_64-linux-gnu.so
[4.218s] -- Installing: /home/siddhant/irc_rover_controls_2025/arm_control/install/msg_interfaces/local/lib/python3.10/dist-packages/msg_interfaces/msg
[4.218s] -- Installing: /home/siddhant/irc_rover_controls_2025/arm_control/install/msg_interfaces/local/lib/python3.10/dist-packages/msg_interfaces/msg/_drive_s.c
[4.218s] -- Installing: /home/siddhant/irc_rover_controls_2025/arm_control/install/msg_interfaces/local/lib/python3.10/dist-packages/msg_interfaces/msg/_shoulder_joint_velocity_s.c
[4.218s] -- Installing: /home/siddhant/irc_rover_controls_2025/arm_control/install/msg_interfaces/local/lib/python3.10/dist-packages/msg_interfaces/msg/_wrist_joint_velocity_s.c
[4.218s] -- Installing: /home/siddhant/irc_rover_controls_2025/arm_control/install/msg_interfaces/local/lib/python3.10/dist-packages/msg_interfaces/msg/_encoder_drive_s.c
[4.218s] -- Installing: /home/siddhant/irc_rover_controls_2025/arm_control/install/msg_interfaces/local/lib/python3.10/dist-packages/msg_interfaces/msg/_drive.py
[4.218s] -- Installing: /home/siddhant/irc_rover_controls_2025/arm_control/install/msg_interfaces/local/lib/python3.10/dist-packages/msg_interfaces/msg/_arm_end_motion_s.c
[4.218s] -- Installing: /home/siddhant/irc_rover_controls_2025/arm_control/install/msg_interfaces/local/lib/python3.10/dist-packages/msg_interfaces/msg/_arm_end_motion.py
[4.218s] -- Installing: /home/siddhant/irc_rover_controls_2025/arm_control/install/msg_interfaces/local/lib/python3.10/dist-packages/msg_interfaces/msg/_base_motion.py
[4.218s] -- Installing: /home/siddhant/irc_rover_controls_2025/arm_control/install/msg_interfaces/local/lib/python3.10/dist-packages/msg_interfaces/msg/_encoder_arm_s.c
[4.218s] -- Installing: /home/siddhant/irc_rover_controls_2025/arm_control/install/msg_interfaces/local/lib/python3.10/dist-packages/msg_interfaces/msg/_encoder_drive.py
[4.218s] -- Installing: /home/siddhant/irc_rover_controls_2025/arm_control/install/msg_interfaces/local/lib/python3.10/dist-packages/msg_interfaces/msg/_target_pose_s.c
[4.218s] -- Installing: /home/siddhant/irc_rover_controls_2025/arm_control/install/msg_interfaces/local/lib/python3.10/dist-packages/msg_interfaces/msg/_target_pose.py
[4.218s] -- Installing: /home/siddhant/irc_rover_controls_2025/arm_control/install/msg_interfaces/local/lib/python3.10/dist-packages/msg_interfaces/msg/_encoder_arm.py
[4.218s] -- Installing: /home/siddhant/irc_rover_controls_2025/arm_control/install/msg_interfaces/local/lib/python3.10/dist-packages/msg_interfaces/msg/_final_vel.py
[4.218s] -- Installing: /home/siddhant/irc_rover_controls_2025/arm_control/install/msg_interfaces/local/lib/python3.10/dist-packages/msg_interfaces/msg/_arm_angle_s.c
[4.218s] -- Installing: /home/siddhant/irc_rover_controls_2025/arm_control/install/msg_interfaces/local/lib/python3.10/dist-packages/msg_interfaces/msg/_wrist_joint_velocity.py
[4.218s] -- Installing: /home/siddhant/irc_rover_controls_2025/arm_control/install/msg_interfaces/local/lib/python3.10/dist-packages/msg_interfaces/msg/__init__.py
[4.218s] -- Installing: /home/siddhant/irc_rover_controls_2025/arm_control/install/msg_interfaces/local/lib/python3.10/dist-packages/msg_interfaces/msg/_arm_angle.py
[4.218s] -- Installing: /home/siddhant/irc_rover_controls_2025/arm_control/install/msg_interfaces/local/lib/python3.10/dist-packages/msg_interfaces/msg/_base_motion_s.c
[4.218s] -- Installing: /home/siddhant/irc_rover_controls_2025/arm_control/install/msg_interfaces/local/lib/python3.10/dist-packages/msg_interfaces/msg/_final_vel_s.c
[4.218s] -- Installing: /home/siddhant/irc_rover_controls_2025/arm_control/install/msg_interfaces/local/lib/python3.10/dist-packages/msg_interfaces/msg/_shoulder_joint_velocity.py
[4.219s] -- Installing: /home/siddhant/irc_rover_controls_2025/arm_control/install/msg_interfaces/local/lib/python3.10/dist-packages/msg_interfaces/msg_interfaces_s__rosidl_typesupport_introspection_c.cpython-310-x86_64-linux-gnu.so
[4.219s] -- Installing: /home/siddhant/irc_rover_controls_2025/arm_control/install/msg_interfaces/local/lib/python3.10/dist-packages/msg_interfaces/_msg_interfaces_s.ep.rosidl_typesupport_c.c
[4.245s] Listing '/home/siddhant/irc_rover_controls_2025/arm_control/install/msg_interfaces/local/lib/python3.10/dist-packages/msg_interfaces'...
[4.245s] Compiling '/home/siddhant/irc_rover_controls_2025/arm_control/install/msg_interfaces/local/lib/python3.10/dist-packages/msg_interfaces/__init__.py'...
[4.245s] Listing '/home/siddhant/irc_rover_controls_2025/arm_control/install/msg_interfaces/local/lib/python3.10/dist-packages/msg_interfaces/msg'...
[4.245s] Compiling '/home/siddhant/irc_rover_controls_2025/arm_control/install/msg_interfaces/local/lib/python3.10/dist-packages/msg_interfaces/msg/__init__.py'...
[4.245s] Compiling '/home/siddhant/irc_rover_controls_2025/arm_control/install/msg_interfaces/local/lib/python3.10/dist-packages/msg_interfaces/msg/_arm_angle.py'...
[4.245s] Compiling '/home/siddhant/irc_rover_controls_2025/arm_control/install/msg_interfaces/local/lib/python3.10/dist-packages/msg_interfaces/msg/_arm_end_motion.py'...
[4.245s] Compiling '/home/siddhant/irc_rover_controls_2025/arm_control/install/msg_interfaces/local/lib/python3.10/dist-packages/msg_interfaces/msg/_base_motion.py'...
[4.245s] Compiling '/home/siddhant/irc_rover_controls_2025/arm_control/install/msg_interfaces/local/lib/python3.10/dist-packages/msg_interfaces/msg/_drive.py'...
[4.245s] Compiling '/home/siddhant/irc_rover_controls_2025/arm_control/install/msg_interfaces/local/lib/python3.10/dist-packages/msg_interfaces/msg/_encoder_arm.py'...
[4.245s] Compiling '/home/siddhant/irc_rover_controls_2025/arm_control/install/msg_interfaces/local/lib/python3.10/dist-packages/msg_interfaces/msg/_encoder_drive.py'...
[4.245s] Compiling '/home/siddhant/irc_rover_controls_2025/arm_control/install/msg_interfaces/local/lib/python3.10/dist-packages/msg_interfaces/msg/_final_vel.py'...
[4.245s] Compiling '/home/siddhant/irc_rover_controls_2025/arm_control/install/msg_interfaces/local/lib/python3.10/dist-packages/msg_interfaces/msg/_shoulder_joint_velocity.py'...
[4.245s] Compiling '/home/siddhant/irc_rover_controls_2025/arm_control/install/msg_interfaces/local/lib/python3.10/dist-packages/msg_interfaces/msg/_target_pose.py'...
[4.245s] Compiling '/home/siddhant/irc_rover_controls_2025/arm_control/install/msg_interfaces/local/lib/python3.10/dist-packages/msg_interfaces/msg/_wrist_joint_velocity.py'...
[4.248s] -- Installing: /home/siddhant/irc_rover_controls_2025/arm_control/install/msg_interfaces/local/lib/python3.10/dist-packages/msg_interfaces/msg_interfaces_s__rosidl_typesupport_fastrtps_c.cpython-310-x86_64-linux-gnu.so
[4.248s] -- Set runtime path of "/home/siddhant/irc_rover_controls_2025/arm_control/install/msg_interfaces/local/lib/python3.10/dist-packages/msg_interfaces/msg_interfaces_s__rosidl_typesupport_fastrtps_c.cpython-310-x86_64-linux-gnu.so" to ""
[4.248s] -- Installing: /home/siddhant/irc_rover_controls_2025/arm_control/install/msg_interfaces/local/lib/python3.10/dist-packages/msg_interfaces/msg_interfaces_s__rosidl_typesupport_introspection_c.cpython-310-x86_64-linux-gnu.so
[4.249s] -- Set runtime path of "/home/siddhant/irc_rover_controls_2025/arm_control/install/msg_interfaces/local/lib/python3.10/dist-packages/msg_interfaces/msg_interfaces_s__rosidl_typesupport_introspection_c.cpython-310-x86_64-linux-gnu.so" to ""
[4.249s] -- Installing: /home/siddhant/irc_rover_controls_2025/arm_control/install/msg_interfaces/local/lib/python3.10/dist-packages/msg_interfaces/msg_interfaces_s__rosidl_typesupport_c.cpython-310-x86_64-linux-gnu.so
[4.249s] -- Set runtime path of "/home/siddhant/irc_rover_controls_2025/arm_control/install/msg_interfaces/local/lib/python3.10/dist-packages/msg_interfaces/msg_interfaces_s__rosidl_typesupport_c.cpython-310-x86_64-linux-gnu.so" to ""
[4.249s] -- Installing: /home/siddhant/irc_rover_controls_2025/arm_control/install/msg_interfaces/lib/libmsg_interfaces__rosidl_generator_py.so
[4.249s] -- Set runtime path of "/home/siddhant/irc_rover_controls_2025/arm_control/install/msg_interfaces/lib/libmsg_interfaces__rosidl_generator_py.so" to ""
[4.249s] -- Installing: /home/siddhant/irc_rover_controls_2025/arm_control/install/msg_interfaces/share/msg_interfaces/msg/Drive.idl
[4.249s] -- Installing: /home/siddhant/irc_rover_controls_2025/arm_control/install/msg_interfaces/share/msg_interfaces/msg/ArmEndMotion.idl
[4.249s] -- Installing: /home/siddhant/irc_rover_controls_2025/arm_control/install/msg_interfaces/share/msg_interfaces/msg/EncoderArm.idl
[4.249s] -- Installing: /home/siddhant/irc_rover_controls_2025/arm_control/install/msg_interfaces/share/msg_interfaces/msg/EncoderDrive.idl
[4.249s] -- Installing: /home/siddhant/irc_rover_controls_2025/arm_control/install/msg_interfaces/share/msg_interfaces/msg/ShoulderJointVelocity.idl
[4.249s] -- Installing: /home/siddhant/irc_rover_controls_2025/arm_control/install/msg_interfaces/share/msg_interfaces/msg/WristJointVelocity.idl
[4.249s] -- Installing: /home/siddhant/irc_rover_controls_2025/arm_control/install/msg_interfaces/share/msg_interfaces/msg/BaseMotion.idl
[4.250s] -- Installing: /home/siddhant/irc_rover_controls_2025/arm_control/install/msg_interfaces/share/msg_interfaces/msg/FinalVel.idl
[4.250s] -- Installing: /home/siddhant/irc_rover_controls_2025/arm_control/install/msg_interfaces/share/msg_interfaces/msg/TargetPose.idl
[4.250s] -- Installing: /home/siddhant/irc_rover_controls_2025/arm_control/install/msg_interfaces/share/msg_interfaces/msg/ArmAngle.idl
[4.250s] -- Installing: /home/siddhant/irc_rover_controls_2025/arm_control/install/msg_interfaces/share/msg_interfaces/msg/Drive.msg
[4.250s] -- Installing: /home/siddhant/irc_rover_controls_2025/arm_control/install/msg_interfaces/share/msg_interfaces/msg/ArmEndMotion.msg
[4.250s] -- Installing: /home/siddhant/irc_rover_controls_2025/arm_control/install/msg_interfaces/share/msg_interfaces/msg/EncoderArm.msg
[4.250s] -- Installing: /home/siddhant/irc_rover_controls_2025/arm_control/install/msg_interfaces/share/msg_interfaces/msg/EncoderDrive.msg
[4.250s] -- Installing: /home/siddhant/irc_rover_controls_2025/arm_control/install/msg_interfaces/share/msg_interfaces/msg/ShoulderJointVelocity.msg
[4.250s] -- Installing: /home/siddhant/irc_rover_controls_2025/arm_control/install/msg_interfaces/share/msg_interfaces/msg/WristJointVelocity.msg
[4.250s] -- Installing: /home/siddhant/irc_rover_controls_2025/arm_control/install/msg_interfaces/share/msg_interfaces/msg/BaseMotion.msg
[4.250s] -- Installing: /home/siddhant/irc_rover_controls_2025/arm_control/install/msg_interfaces/share/msg_interfaces/msg/FinalVel.msg
[4.250s] -- Installing: /home/siddhant/irc_rover_controls_2025/arm_control/install/msg_interfaces/share/msg_interfaces/msg/TargetPose.msg
[4.250s] -- Installing: /home/siddhant/irc_rover_controls_2025/arm_control/install/msg_interfaces/share/msg_interfaces/msg/ArmAngle.msg
[4.250s] -- Installing: /home/siddhant/irc_rover_controls_2025/arm_control/install/msg_interfaces/share/ament_index/resource_index/package_run_dependencies/msg_interfaces
[4.250s] -- Installing: /home/siddhant/irc_rover_controls_2025/arm_control/install/msg_interfaces/share/ament_index/resource_index/parent_prefix_path/msg_interfaces
[4.250s] -- Installing: /home/siddhant/irc_rover_controls_2025/arm_control/install/msg_interfaces/share/msg_interfaces/environment/ament_prefix_path.sh
[4.250s] -- Installing: /home/siddhant/irc_rover_controls_2025/arm_control/install/msg_interfaces/share/msg_interfaces/environment/ament_prefix_path.dsv
[4.250s] -- Installing: /home/siddhant/irc_rover_controls_2025/arm_control/install/msg_interfaces/share/msg_interfaces/environment/path.sh
[4.250s] -- Installing: /home/siddhant/irc_rover_controls_2025/arm_control/install/msg_interfaces/share/msg_interfaces/environment/path.dsv
[4.251s] -- Installing: /home/siddhant/irc_rover_controls_2025/arm_control/install/msg_interfaces/share/msg_interfaces/local_setup.bash
[4.251s] -- Installing: /home/siddhant/irc_rover_controls_2025/arm_control/install/msg_interfaces/share/msg_interfaces/local_setup.sh
[4.251s] -- Installing: /home/siddhant/irc_rover_controls_2025/arm_control/install/msg_interfaces/share/msg_interfaces/local_setup.zsh
[4.251s] -- Installing: /home/siddhant/irc_rover_controls_2025/arm_control/install/msg_interfaces/share/msg_interfaces/local_setup.dsv
[4.251s] -- Installing: /home/siddhant/irc_rover_controls_2025/arm_control/install/msg_interfaces/share/msg_interfaces/package.dsv
[4.251s] -- Installing: /home/siddhant/irc_rover_controls_2025/arm_control/install/msg_interfaces/share/ament_index/resource_index/packages/msg_interfaces
[4.251s] -- Installing: /home/siddhant/irc_rover_controls_2025/arm_control/install/msg_interfaces/share/msg_interfaces/cmake/export_msg_interfaces__rosidl_generator_cExport.cmake
[4.251s] -- Installing: /home/siddhant/irc_rover_controls_2025/arm_control/install/msg_interfaces/share/msg_interfaces/cmake/export_msg_interfaces__rosidl_generator_cExport-noconfig.cmake
[4.251s] -- Installing: /home/siddhant/irc_rover_controls_2025/arm_control/install/msg_interfaces/share/msg_interfaces/cmake/export_msg_interfaces__rosidl_typesupport_fastrtps_cExport.cmake
[4.251s] -- Installing: /home/siddhant/irc_rover_controls_2025/arm_control/install/msg_interfaces/share/msg_interfaces/cmake/export_msg_interfaces__rosidl_typesupport_fastrtps_cExport-noconfig.cmake
[4.251s] -- Installing: /home/siddhant/irc_rover_controls_2025/arm_control/install/msg_interfaces/share/msg_interfaces/cmake/export_msg_interfaces__rosidl_generator_cppExport.cmake
[4.251s] -- Installing: /home/siddhant/irc_rover_controls_2025/arm_control/install/msg_interfaces/share/msg_interfaces/cmake/export_msg_interfaces__rosidl_typesupport_fastrtps_cppExport.cmake
[4.251s] -- Installing: /home/siddhant/irc_rover_controls_2025/arm_control/install/msg_interfaces/share/msg_interfaces/cmake/export_msg_interfaces__rosidl_typesupport_fastrtps_cppExport-noconfig.cmake
[4.251s] -- Installing: /home/siddhant/irc_rover_controls_2025/arm_control/install/msg_interfaces/share/msg_interfaces/cmake/msg_interfaces__rosidl_typesupport_introspection_cExport.cmake
[4.251s] -- Installing: /home/siddhant/irc_rover_controls_2025/arm_control/install/msg_interfaces/share/msg_interfaces/cmake/msg_interfaces__rosidl_typesupport_introspection_cExport-noconfig.cmake
[4.251s] -- Installing: /home/siddhant/irc_rover_controls_2025/arm_control/install/msg_interfaces/share/msg_interfaces/cmake/msg_interfaces__rosidl_typesupport_cExport.cmake
[4.251s] -- Installing: /home/siddhant/irc_rover_controls_2025/arm_control/install/msg_interfaces/share/msg_interfaces/cmake/msg_interfaces__rosidl_typesupport_cExport-noconfig.cmake
[4.252s] -- Installing: /home/siddhant/irc_rover_controls_2025/arm_control/install/msg_interfaces/share/msg_interfaces/cmake/msg_interfaces__rosidl_typesupport_introspection_cppExport.cmake
[4.252s] -- Installing: /home/siddhant/irc_rover_controls_2025/arm_control/install/msg_interfaces/share/msg_interfaces/cmake/msg_interfaces__rosidl_typesupport_introspection_cppExport-noconfig.cmake
[4.252s] -- Installing: /home/siddhant/irc_rover_controls_2025/arm_control/install/msg_interfaces/share/msg_interfaces/cmake/msg_interfaces__rosidl_typesupport_cppExport.cmake
[4.252s] -- Installing: /home/siddhant/irc_rover_controls_2025/arm_control/install/msg_interfaces/share/msg_interfaces/cmake/msg_interfaces__rosidl_typesupport_cppExport-noconfig.cmake
[4.252s] -- Installing: /home/siddhant/irc_rover_controls_2025/arm_control/install/msg_interfaces/share/msg_interfaces/cmake/export_msg_interfaces__rosidl_generator_pyExport.cmake
[4.252s] -- Installing: /home/siddhant/irc_rover_controls_2025/arm_control/install/msg_interfaces/share/msg_interfaces/cmake/export_msg_interfaces__rosidl_generator_pyExport-noconfig.cmake
[4.252s] -- Installing: /home/siddhant/irc_rover_controls_2025/arm_control/install/msg_interfaces/share/msg_interfaces/cmake/rosidl_cmake-extras.cmake
[4.252s] -- Installing: /home/siddhant/irc_rover_controls_2025/arm_control/install/msg_interfaces/share/msg_interfaces/cmake/ament_cmake_export_dependencies-extras.cmake
[4.252s] -- Installing: /home/siddhant/irc_rover_controls_2025/arm_control/install/msg_interfaces/share/msg_interfaces/cmake/ament_cmake_export_include_directories-extras.cmake
[4.252s] -- Installing: /home/siddhant/irc_rover_controls_2025/arm_control/install/msg_interfaces/share/msg_interfaces/cmake/ament_cmake_export_libraries-extras.cmake
[4.252s] -- Installing: /home/siddhant/irc_rover_controls_2025/arm_control/install/msg_interfaces/share/msg_interfaces/cmake/ament_cmake_export_targets-extras.cmake
[4.252s] -- Installing: /home/siddhant/irc_rover_controls_2025/arm_control/install/msg_interfaces/share/msg_interfaces/cmake/rosidl_cmake_export_typesupport_targets-extras.cmake
[4.252s] -- Installing: /home/siddhant/irc_rover_controls_2025/arm_control/install/msg_interfaces/share/msg_interfaces/cmake/rosidl_cmake_export_typesupport_libraries-extras.cmake
[4.252s] -- Installing: /home/siddhant/irc_rover_controls_2025/arm_control/install/msg_interfaces/share/msg_interfaces/cmake/msg_interfacesConfig.cmake
[4.252s] -- Installing: /home/siddhant/irc_rover_controls_2025/arm_control/install/msg_interfaces/share/msg_interfaces/cmake/msg_interfacesConfig-version.cmake
[4.252s] -- Installing: /home/siddhant/irc_rover_controls_2025/arm_control/install/msg_interfaces/share/msg_interfaces/package.xml
[4.254s] Invoked command in '/home/siddhant/irc_rover_controls_2025/arm_control/build/msg_interfaces' returned '0': CMAKE_PREFIX_PATH=${CMAKE_PREFIX_PATH}:/home/siddhant/irc_rover_controls_2025/arm_control/install/wrist_testing:/home/siddhant/irc_rover_controls_2025/arm_control/install/ik_control:/opt/ros/humble PS1=\[\e]0;\u@\h: \w\a\]${debian_chroot:+($debian_chroot)}\[\033[01;32m\]\u@\h\[\033[00m\]:\[\033[01;34m\]\w\[\033[00m\]\$ /usr/bin/cmake --install /home/siddhant/irc_rover_controls_2025/arm_control/build/msg_interfaces
