[0.144s] DEBUG:colcon:Command line arguments: ['/usr/bin/colcon', 'build']
[0.144s] DEBUG:colcon:Parsed command line arguments: Namespace(log_base=None, log_level=None, verb_name='build', build_base='build', install_base='install', merge_install=False, symlink_install=False, test_result_base=None, continue_on_error=False, executor='parallel', parallel_workers=22, event_handlers=None, ignore_user_meta=False, metas=['./colcon.meta'], base_paths=['.'], packages_ignore=None, packages_ignore_regex=None, paths=None, packages_up_to=None, packages_up_to_regex=None, packages_above=None, packages_above_and_dependencies=None, packages_above_depth=None, packages_select_by_dep=None, packages_skip_by_dep=None, packages_skip_up_to=None, packages_select_build_failed=False, packages_skip_build_finished=False, packages_select_test_failures=False, packages_skip_test_passed=False, packages_select=None, packages_skip=None, packages_select_regex=None, packages_skip_regex=None, packages_start=None, packages_end=None, allow_overriding=[], cmake_args=None, cmake_target=None, cmake_target_skip_unavailable=False, cmake_clean_cache=False, cmake_clean_first=False, cmake_force_configure=False, ament_cmake_args=None, catkin_cmake_args=None, catkin_skip_building_tests=False, mixin_files=None, mixin=None, verb_parser=<colcon_mixin.mixin.mixin_argument.MixinArgumentDecorator object at 0x75d5d25ca6b0>, verb_extension=<colcon_core.verb.build.BuildVerb object at 0x75d5d26d35b0>, main=<bound method BuildVerb.main of <colcon_core.verb.build.BuildVerb object at 0x75d5d26d35b0>>, mixin_verb=('build',))
[0.182s] Level 1:colcon.colcon_core.package_discovery:discover_packages(colcon_meta) check parameters
[0.182s] Level 1:colcon.colcon_core.package_discovery:discover_packages(recursive) check parameters
[0.182s] Level 1:colcon.colcon_core.package_discovery:discover_packages(ignore) check parameters
[0.182s] Level 1:colcon.colcon_core.package_discovery:discover_packages(path) check parameters
[0.182s] Level 1:colcon.colcon_core.package_discovery:discover_packages(colcon_meta) discover
[0.182s] Level 1:colcon.colcon_core.package_discovery:discover_packages(recursive) discover
[0.182s] INFO:colcon.colcon_core.package_discovery:Crawling recursively for packages in '/home/siddhant/irc_rover_controls_2025/arm_control'
[0.182s] Level 1:colcon.colcon_core.package_identification:_identify(.) by extensions ['ignore', 'ignore_ament_install']
[0.182s] Level 1:colcon.colcon_core.package_identification:_identify(.) by extension 'ignore'
[0.182s] Level 1:colcon.colcon_core.package_identification:_identify(.) by extension 'ignore_ament_install'
[0.182s] Level 1:colcon.colcon_core.package_identification:_identify(.) by extensions ['colcon_pkg']
[0.182s] Level 1:colcon.colcon_core.package_identification:_identify(.) by extension 'colcon_pkg'
[0.182s] Level 1:colcon.colcon_core.package_identification:_identify(.) by extensions ['colcon_meta']
[0.182s] Level 1:colcon.colcon_core.package_identification:_identify(.) by extension 'colcon_meta'
[0.182s] Level 1:colcon.colcon_core.package_identification:_identify(.) by extensions ['ros']
[0.182s] Level 1:colcon.colcon_core.package_identification:_identify(.) by extension 'ros'
[0.191s] Level 1:colcon.colcon_core.package_identification:_identify(.) by extensions ['cmake', 'python']
[0.191s] Level 1:colcon.colcon_core.package_identification:_identify(.) by extension 'cmake'
[0.191s] Level 1:colcon.colcon_core.package_identification:_identify(.) by extension 'python'
[0.191s] Level 1:colcon.colcon_core.package_identification:_identify(.) by extensions ['python_setup_py']
[0.191s] Level 1:colcon.colcon_core.package_identification:_identify(.) by extension 'python_setup_py'
[0.191s] Level 1:colcon.colcon_core.package_identification:_identify(build) by extensions ['ignore', 'ignore_ament_install']
[0.191s] Level 1:colcon.colcon_core.package_identification:_identify(build) by extension 'ignore'
[0.191s] Level 1:colcon.colcon_core.package_identification:_identify(build) ignored
[0.192s] Level 1:colcon.colcon_core.package_identification:_identify(install) by extensions ['ignore', 'ignore_ament_install']
[0.192s] Level 1:colcon.colcon_core.package_identification:_identify(install) by extension 'ignore'
[0.192s] Level 1:colcon.colcon_core.package_identification:_identify(install) ignored
[0.192s] Level 1:colcon.colcon_core.package_identification:_identify(log) by extensions ['ignore', 'ignore_ament_install']
[0.192s] Level 1:colcon.colcon_core.package_identification:_identify(log) by extension 'ignore'
[0.192s] Level 1:colcon.colcon_core.package_identification:_identify(log) ignored
[0.192s] Level 1:colcon.colcon_core.package_identification:_identify(src) by extensions ['ignore', 'ignore_ament_install']
[0.192s] Level 1:colcon.colcon_core.package_identification:_identify(src) by extension 'ignore'
[0.192s] Level 1:colcon.colcon_core.package_identification:_identify(src) by extension 'ignore_ament_install'
[0.192s] Level 1:colcon.colcon_core.package_identification:_identify(src) by extensions ['colcon_pkg']
[0.192s] Level 1:colcon.colcon_core.package_identification:_identify(src) by extension 'colcon_pkg'
[0.192s] Level 1:colcon.colcon_core.package_identification:_identify(src) by extensions ['colcon_meta']
[0.192s] Level 1:colcon.colcon_core.package_identification:_identify(src) by extension 'colcon_meta'
[0.192s] Level 1:colcon.colcon_core.package_identification:_identify(src) by extensions ['ros']
[0.192s] Level 1:colcon.colcon_core.package_identification:_identify(src) by extension 'ros'
[0.192s] Level 1:colcon.colcon_core.package_identification:_identify(src) by extensions ['cmake', 'python']
[0.192s] Level 1:colcon.colcon_core.package_identification:_identify(src) by extension 'cmake'
[0.192s] Level 1:colcon.colcon_core.package_identification:_identify(src) by extension 'python'
[0.192s] Level 1:colcon.colcon_core.package_identification:_identify(src) by extensions ['python_setup_py']
[0.192s] Level 1:colcon.colcon_core.package_identification:_identify(src) by extension 'python_setup_py'
[0.192s] Level 1:colcon.colcon_core.package_identification:_identify(src/ik_control) by extensions ['ignore', 'ignore_ament_install']
[0.192s] Level 1:colcon.colcon_core.package_identification:_identify(src/ik_control) by extension 'ignore'
[0.192s] Level 1:colcon.colcon_core.package_identification:_identify(src/ik_control) by extension 'ignore_ament_install'
[0.192s] Level 1:colcon.colcon_core.package_identification:_identify(src/ik_control) by extensions ['colcon_pkg']
[0.192s] Level 1:colcon.colcon_core.package_identification:_identify(src/ik_control) by extension 'colcon_pkg'
[0.192s] Level 1:colcon.colcon_core.package_identification:_identify(src/ik_control) by extensions ['colcon_meta']
[0.192s] Level 1:colcon.colcon_core.package_identification:_identify(src/ik_control) by extension 'colcon_meta'
[0.192s] Level 1:colcon.colcon_core.package_identification:_identify(src/ik_control) by extensions ['ros']
[0.192s] Level 1:colcon.colcon_core.package_identification:_identify(src/ik_control) by extension 'ros'
[0.194s] DEBUG:colcon.colcon_core.package_identification:Package 'src/ik_control' with type 'ros.ament_python' and name 'ik_control'
[0.195s] Level 1:colcon.colcon_core.package_identification:_identify(src/joint_control) by extensions ['ignore', 'ignore_ament_install']
[0.195s] Level 1:colcon.colcon_core.package_identification:_identify(src/joint_control) by extension 'ignore'
[0.195s] Level 1:colcon.colcon_core.package_identification:_identify(src/joint_control) by extension 'ignore_ament_install'
[0.195s] Level 1:colcon.colcon_core.package_identification:_identify(src/joint_control) by extensions ['colcon_pkg']
[0.195s] Level 1:colcon.colcon_core.package_identification:_identify(src/joint_control) by extension 'colcon_pkg'
[0.195s] Level 1:colcon.colcon_core.package_identification:_identify(src/joint_control) by extensions ['colcon_meta']
[0.195s] Level 1:colcon.colcon_core.package_identification:_identify(src/joint_control) by extension 'colcon_meta'
[0.195s] Level 1:colcon.colcon_core.package_identification:_identify(src/joint_control) by extensions ['ros']
[0.195s] Level 1:colcon.colcon_core.package_identification:_identify(src/joint_control) by extension 'ros'
[0.195s] DEBUG:colcon.colcon_core.package_identification:Package 'src/joint_control' with type 'ros.ament_python' and name 'joint_control'
[0.195s] Level 1:colcon.colcon_core.package_identification:_identify(src/msg_interfaces) by extensions ['ignore', 'ignore_ament_install']
[0.196s] Level 1:colcon.colcon_core.package_identification:_identify(src/msg_interfaces) by extension 'ignore'
[0.196s] Level 1:colcon.colcon_core.package_identification:_identify(src/msg_interfaces) by extension 'ignore_ament_install'
[0.196s] Level 1:colcon.colcon_core.package_identification:_identify(src/msg_interfaces) by extensions ['colcon_pkg']
[0.196s] Level 1:colcon.colcon_core.package_identification:_identify(src/msg_interfaces) by extension 'colcon_pkg'
[0.196s] Level 1:colcon.colcon_core.package_identification:_identify(src/msg_interfaces) by extensions ['colcon_meta']
[0.196s] Level 1:colcon.colcon_core.package_identification:_identify(src/msg_interfaces) by extension 'colcon_meta'
[0.196s] Level 1:colcon.colcon_core.package_identification:_identify(src/msg_interfaces) by extensions ['ros']
[0.196s] Level 1:colcon.colcon_core.package_identification:_identify(src/msg_interfaces) by extension 'ros'
[0.196s] DEBUG:colcon.colcon_core.package_identification:Package 'src/msg_interfaces' with type 'ros.ament_cmake' and name 'msg_interfaces'
[0.196s] Level 1:colcon.colcon_core.package_discovery:discover_packages(recursive) using defaults
[0.196s] Level 1:colcon.colcon_core.package_discovery:discover_packages(ignore) discover
[0.196s] Level 1:colcon.colcon_core.package_discovery:discover_packages(ignore) using defaults
[0.196s] Level 1:colcon.colcon_core.package_discovery:discover_packages(path) discover
[0.196s] Level 1:colcon.colcon_core.package_discovery:discover_packages(path) using defaults
[0.214s] Level 1:colcon.colcon_core.package_discovery:discover_packages(prefix_path) check parameters
[0.214s] Level 1:colcon.colcon_core.package_discovery:discover_packages(prefix_path) discover
[0.216s] DEBUG:colcon.colcon_installed_package_information.package_discovery:Found 267 installed packages in /opt/ros/humble
[0.217s] Level 1:colcon.colcon_core.package_discovery:discover_packages(prefix_path) using defaults
[0.236s] Level 5:colcon.colcon_core.verb:set package 'msg_interfaces' build argument 'cmake_args' from command line to 'None'
[0.237s] Level 5:colcon.colcon_core.verb:set package 'msg_interfaces' build argument 'cmake_target' from command line to 'None'
[0.237s] Level 5:colcon.colcon_core.verb:set package 'msg_interfaces' build argument 'cmake_target_skip_unavailable' from command line to 'False'
[0.237s] Level 5:colcon.colcon_core.verb:set package 'msg_interfaces' build argument 'cmake_clean_cache' from command line to 'False'
[0.237s] Level 5:colcon.colcon_core.verb:set package 'msg_interfaces' build argument 'cmake_clean_first' from command line to 'False'
[0.237s] Level 5:colcon.colcon_core.verb:set package 'msg_interfaces' build argument 'cmake_force_configure' from command line to 'False'
[0.237s] Level 5:colcon.colcon_core.verb:set package 'msg_interfaces' build argument 'ament_cmake_args' from command line to 'None'
[0.237s] Level 5:colcon.colcon_core.verb:set package 'msg_interfaces' build argument 'catkin_cmake_args' from command line to 'None'
[0.237s] Level 5:colcon.colcon_core.verb:set package 'msg_interfaces' build argument 'catkin_skip_building_tests' from command line to 'False'
[0.237s] DEBUG:colcon.colcon_core.verb:Building package 'msg_interfaces' with the following arguments: {'ament_cmake_args': None, 'build_base': '/home/siddhant/irc_rover_controls_2025/arm_control/build/msg_interfaces', 'catkin_cmake_args': None, 'catkin_skip_building_tests': False, 'cmake_args': None, 'cmake_clean_cache': False, 'cmake_clean_first': False, 'cmake_force_configure': False, 'cmake_target': None, 'cmake_target_skip_unavailable': False, 'install_base': '/home/siddhant/irc_rover_controls_2025/arm_control/install/msg_interfaces', 'merge_install': False, 'path': '/home/siddhant/irc_rover_controls_2025/arm_control/src/msg_interfaces', 'symlink_install': False, 'test_result_base': None}
[0.237s] Level 5:colcon.colcon_core.verb:set package 'ik_control' build argument 'cmake_args' from command line to 'None'
[0.237s] Level 5:colcon.colcon_core.verb:set package 'ik_control' build argument 'cmake_target' from command line to 'None'
[0.237s] Level 5:colcon.colcon_core.verb:set package 'ik_control' build argument 'cmake_target_skip_unavailable' from command line to 'False'
[0.237s] Level 5:colcon.colcon_core.verb:set package 'ik_control' build argument 'cmake_clean_cache' from command line to 'False'
[0.237s] Level 5:colcon.colcon_core.verb:set package 'ik_control' build argument 'cmake_clean_first' from command line to 'False'
[0.237s] Level 5:colcon.colcon_core.verb:set package 'ik_control' build argument 'cmake_force_configure' from command line to 'False'
[0.237s] Level 5:colcon.colcon_core.verb:set package 'ik_control' build argument 'ament_cmake_args' from command line to 'None'
[0.237s] Level 5:colcon.colcon_core.verb:set package 'ik_control' build argument 'catkin_cmake_args' from command line to 'None'
[0.237s] Level 5:colcon.colcon_core.verb:set package 'ik_control' build argument 'catkin_skip_building_tests' from command line to 'False'
[0.237s] DEBUG:colcon.colcon_core.verb:Building package 'ik_control' with the following arguments: {'ament_cmake_args': None, 'build_base': '/home/siddhant/irc_rover_controls_2025/arm_control/build/ik_control', 'catkin_cmake_args': None, 'catkin_skip_building_tests': False, 'cmake_args': None, 'cmake_clean_cache': False, 'cmake_clean_first': False, 'cmake_force_configure': False, 'cmake_target': None, 'cmake_target_skip_unavailable': False, 'install_base': '/home/siddhant/irc_rover_controls_2025/arm_control/install/ik_control', 'merge_install': False, 'path': '/home/siddhant/irc_rover_controls_2025/arm_control/src/ik_control', 'symlink_install': False, 'test_result_base': None}
[0.237s] Level 5:colcon.colcon_core.verb:set package 'joint_control' build argument 'cmake_args' from command line to 'None'
[0.237s] Level 5:colcon.colcon_core.verb:set package 'joint_control' build argument 'cmake_target' from command line to 'None'
[0.237s] Level 5:colcon.colcon_core.verb:set package 'joint_control' build argument 'cmake_target_skip_unavailable' from command line to 'False'
[0.237s] Level 5:colcon.colcon_core.verb:set package 'joint_control' build argument 'cmake_clean_cache' from command line to 'False'
[0.237s] Level 5:colcon.colcon_core.verb:set package 'joint_control' build argument 'cmake_clean_first' from command line to 'False'
[0.237s] Level 5:colcon.colcon_core.verb:set package 'joint_control' build argument 'cmake_force_configure' from command line to 'False'
[0.237s] Level 5:colcon.colcon_core.verb:set package 'joint_control' build argument 'ament_cmake_args' from command line to 'None'
[0.237s] Level 5:colcon.colcon_core.verb:set package 'joint_control' build argument 'catkin_cmake_args' from command line to 'None'
[0.237s] Level 5:colcon.colcon_core.verb:set package 'joint_control' build argument 'catkin_skip_building_tests' from command line to 'False'
[0.237s] DEBUG:colcon.colcon_core.verb:Building package 'joint_control' with the following arguments: {'ament_cmake_args': None, 'build_base': '/home/siddhant/irc_rover_controls_2025/arm_control/build/joint_control', 'catkin_cmake_args': None, 'catkin_skip_building_tests': False, 'cmake_args': None, 'cmake_clean_cache': False, 'cmake_clean_first': False, 'cmake_force_configure': False, 'cmake_target': None, 'cmake_target_skip_unavailable': False, 'install_base': '/home/siddhant/irc_rover_controls_2025/arm_control/install/joint_control', 'merge_install': False, 'path': '/home/siddhant/irc_rover_controls_2025/arm_control/src/joint_control', 'symlink_install': False, 'test_result_base': None}
[0.237s] INFO:colcon.colcon_core.executor:Executing jobs using 'parallel' executor
[0.238s] DEBUG:colcon.colcon_parallel_executor.executor.parallel:run_until_complete
[0.238s] INFO:colcon.colcon_ros.task.ament_cmake.build:Building ROS package in '/home/siddhant/irc_rover_controls_2025/arm_control/src/msg_interfaces' with build type 'ament_cmake'
[0.238s] INFO:colcon.colcon_cmake.task.cmake.build:Building CMake package in '/home/siddhant/irc_rover_controls_2025/arm_control/src/msg_interfaces'
[0.241s] INFO:colcon.colcon_core.plugin_system:Skipping extension 'colcon_core.shell.bat': Not used on non-Windows systems
[0.242s] INFO:colcon.colcon_core.shell:Skip shell extension 'powershell' for command environment: Not usable outside of PowerShell
[0.242s] DEBUG:colcon.colcon_core.shell:Skip shell extension 'dsv' for command environment
[0.250s] DEBUG:colcon.colcon_core.event_handler.log_command:Invoking command in '/home/siddhant/irc_rover_controls_2025/arm_control/build/msg_interfaces': CMAKE_PREFIX_PATH=/opt/ros/humble /usr/bin/cmake /home/siddhant/irc_rover_controls_2025/arm_control/src/msg_interfaces -DCMAKE_INSTALL_PREFIX=/home/siddhant/irc_rover_controls_2025/arm_control/install/msg_interfaces
[1.583s] DEBUG:colcon.colcon_core.event_handler.log_command:Invoked command in '/home/siddhant/irc_rover_controls_2025/arm_control/build/msg_interfaces' returned '0': CMAKE_PREFIX_PATH=/opt/ros/humble /usr/bin/cmake /home/siddhant/irc_rover_controls_2025/arm_control/src/msg_interfaces -DCMAKE_INSTALL_PREFIX=/home/siddhant/irc_rover_controls_2025/arm_control/install/msg_interfaces
[1.585s] DEBUG:colcon.colcon_core.event_handler.log_command:Invoking command in '/home/siddhant/irc_rover_controls_2025/arm_control/build/msg_interfaces': CMAKE_PREFIX_PATH=/opt/ros/humble /usr/bin/cmake --build /home/siddhant/irc_rover_controls_2025/arm_control/build/msg_interfaces -- -j22 -l22
[4.639s] DEBUG:colcon.colcon_core.event_handler.log_command:Invoked command in '/home/siddhant/irc_rover_controls_2025/arm_control/build/msg_interfaces' returned '0': CMAKE_PREFIX_PATH=/opt/ros/humble /usr/bin/cmake --build /home/siddhant/irc_rover_controls_2025/arm_control/build/msg_interfaces -- -j22 -l22
[4.648s] DEBUG:colcon.colcon_core.event_handler.log_command:Invoking command in '/home/siddhant/irc_rover_controls_2025/arm_control/build/msg_interfaces': CMAKE_PREFIX_PATH=/opt/ros/humble /usr/bin/cmake --install /home/siddhant/irc_rover_controls_2025/arm_control/build/msg_interfaces
[4.700s] Level 1:colcon.colcon_core.environment:create_environment_scripts_only(msg_interfaces)
[4.700s] DEBUG:colcon.colcon_core.event_handler.log_command:Invoked command in '/home/siddhant/irc_rover_controls_2025/arm_control/build/msg_interfaces' returned '0': CMAKE_PREFIX_PATH=/opt/ros/humble /usr/bin/cmake --install /home/siddhant/irc_rover_controls_2025/arm_control/build/msg_interfaces
[4.706s] Level 1:colcon.colcon_core.environment:checking '/home/siddhant/irc_rover_controls_2025/arm_control/install/msg_interfaces' for CMake module files
[4.706s] Level 1:colcon.colcon_core.environment:checking '/home/siddhant/irc_rover_controls_2025/arm_control/install/msg_interfaces' for CMake config files
[4.707s] Level 1:colcon.colcon_core.shell:create_environment_hook('msg_interfaces', 'cmake_prefix_path')
[4.707s] INFO:colcon.colcon_core.shell:Creating environment hook '/home/siddhant/irc_rover_controls_2025/arm_control/install/msg_interfaces/share/msg_interfaces/hook/cmake_prefix_path.ps1'
[4.707s] INFO:colcon.colcon_core.shell:Creating environment descriptor '/home/siddhant/irc_rover_controls_2025/arm_control/install/msg_interfaces/share/msg_interfaces/hook/cmake_prefix_path.dsv'
[4.708s] INFO:colcon.colcon_core.shell:Creating environment hook '/home/siddhant/irc_rover_controls_2025/arm_control/install/msg_interfaces/share/msg_interfaces/hook/cmake_prefix_path.sh'
[4.708s] Level 1:colcon.colcon_core.environment:checking '/home/siddhant/irc_rover_controls_2025/arm_control/install/msg_interfaces/lib'
[4.708s] Level 1:colcon.colcon_core.shell:create_environment_hook('msg_interfaces', 'ld_library_path_lib')
[4.708s] INFO:colcon.colcon_core.shell:Creating environment hook '/home/siddhant/irc_rover_controls_2025/arm_control/install/msg_interfaces/share/msg_interfaces/hook/ld_library_path_lib.ps1'
[4.709s] INFO:colcon.colcon_core.shell:Creating environment descriptor '/home/siddhant/irc_rover_controls_2025/arm_control/install/msg_interfaces/share/msg_interfaces/hook/ld_library_path_lib.dsv'
[4.709s] INFO:colcon.colcon_core.shell:Creating environment hook '/home/siddhant/irc_rover_controls_2025/arm_control/install/msg_interfaces/share/msg_interfaces/hook/ld_library_path_lib.sh'
[4.709s] Level 1:colcon.colcon_core.environment:checking '/home/siddhant/irc_rover_controls_2025/arm_control/install/msg_interfaces/bin'
[4.709s] Level 1:colcon.colcon_core.environment:checking '/home/siddhant/irc_rover_controls_2025/arm_control/install/msg_interfaces/lib/pkgconfig/msg_interfaces.pc'
[4.709s] Level 1:colcon.colcon_core.environment:checking '/home/siddhant/irc_rover_controls_2025/arm_control/install/msg_interfaces/lib/python3.10/site-packages'
[4.709s] Level 1:colcon.colcon_core.environment:checking '/home/siddhant/irc_rover_controls_2025/arm_control/install/msg_interfaces/bin'
[4.709s] INFO:colcon.colcon_core.shell:Creating package script '/home/siddhant/irc_rover_controls_2025/arm_control/install/msg_interfaces/share/msg_interfaces/package.ps1'
[4.710s] INFO:colcon.colcon_core.shell:Creating package descriptor '/home/siddhant/irc_rover_controls_2025/arm_control/install/msg_interfaces/share/msg_interfaces/package.dsv'
[4.710s] INFO:colcon.colcon_core.shell:Creating package script '/home/siddhant/irc_rover_controls_2025/arm_control/install/msg_interfaces/share/msg_interfaces/package.sh'
[4.711s] INFO:colcon.colcon_core.shell:Creating package script '/home/siddhant/irc_rover_controls_2025/arm_control/install/msg_interfaces/share/msg_interfaces/package.bash'
[4.711s] INFO:colcon.colcon_core.shell:Creating package script '/home/siddhant/irc_rover_controls_2025/arm_control/install/msg_interfaces/share/msg_interfaces/package.zsh'
[4.712s] Level 1:colcon.colcon_core.environment:create_file_with_runtime_dependencies(/home/siddhant/irc_rover_controls_2025/arm_control/install/msg_interfaces/share/colcon-core/packages/msg_interfaces)
[4.712s] Level 1:colcon.colcon_core.environment:create_environment_scripts_only(msg_interfaces)
[4.712s] Level 1:colcon.colcon_core.environment:checking '/home/siddhant/irc_rover_controls_2025/arm_control/install/msg_interfaces' for CMake module files
[4.713s] Level 1:colcon.colcon_core.environment:checking '/home/siddhant/irc_rover_controls_2025/arm_control/install/msg_interfaces' for CMake config files
[4.713s] Level 1:colcon.colcon_core.shell:create_environment_hook('msg_interfaces', 'cmake_prefix_path')
[4.713s] INFO:colcon.colcon_core.shell:Creating environment hook '/home/siddhant/irc_rover_controls_2025/arm_control/install/msg_interfaces/share/msg_interfaces/hook/cmake_prefix_path.ps1'
[4.713s] INFO:colcon.colcon_core.shell:Creating environment descriptor '/home/siddhant/irc_rover_controls_2025/arm_control/install/msg_interfaces/share/msg_interfaces/hook/cmake_prefix_path.dsv'
[4.714s] INFO:colcon.colcon_core.shell:Creating environment hook '/home/siddhant/irc_rover_controls_2025/arm_control/install/msg_interfaces/share/msg_interfaces/hook/cmake_prefix_path.sh'
[4.714s] Level 1:colcon.colcon_core.environment:checking '/home/siddhant/irc_rover_controls_2025/arm_control/install/msg_interfaces/lib'
[4.714s] Level 1:colcon.colcon_core.shell:create_environment_hook('msg_interfaces', 'ld_library_path_lib')
[4.714s] INFO:colcon.colcon_core.shell:Creating environment hook '/home/siddhant/irc_rover_controls_2025/arm_control/install/msg_interfaces/share/msg_interfaces/hook/ld_library_path_lib.ps1'
[4.714s] INFO:colcon.colcon_core.shell:Creating environment descriptor '/home/siddhant/irc_rover_controls_2025/arm_control/install/msg_interfaces/share/msg_interfaces/hook/ld_library_path_lib.dsv'
[4.714s] INFO:colcon.colcon_core.shell:Creating environment hook '/home/siddhant/irc_rover_controls_2025/arm_control/install/msg_interfaces/share/msg_interfaces/hook/ld_library_path_lib.sh'
[4.714s] Level 1:colcon.colcon_core.environment:checking '/home/siddhant/irc_rover_controls_2025/arm_control/install/msg_interfaces/bin'
[4.715s] Level 1:colcon.colcon_core.environment:checking '/home/siddhant/irc_rover_controls_2025/arm_control/install/msg_interfaces/lib/pkgconfig/msg_interfaces.pc'
[4.715s] Level 1:colcon.colcon_core.environment:checking '/home/siddhant/irc_rover_controls_2025/arm_control/install/msg_interfaces/lib/python3.10/site-packages'
[4.715s] Level 1:colcon.colcon_core.environment:checking '/home/siddhant/irc_rover_controls_2025/arm_control/install/msg_interfaces/bin'
[4.715s] INFO:colcon.colcon_core.shell:Creating package script '/home/siddhant/irc_rover_controls_2025/arm_control/install/msg_interfaces/share/msg_interfaces/package.ps1'
[4.715s] INFO:colcon.colcon_core.shell:Creating package descriptor '/home/siddhant/irc_rover_controls_2025/arm_control/install/msg_interfaces/share/msg_interfaces/package.dsv'
[4.715s] INFO:colcon.colcon_core.shell:Creating package script '/home/siddhant/irc_rover_controls_2025/arm_control/install/msg_interfaces/share/msg_interfaces/package.sh'
[4.716s] INFO:colcon.colcon_core.shell:Creating package script '/home/siddhant/irc_rover_controls_2025/arm_control/install/msg_interfaces/share/msg_interfaces/package.bash'
[4.716s] INFO:colcon.colcon_core.shell:Creating package script '/home/siddhant/irc_rover_controls_2025/arm_control/install/msg_interfaces/share/msg_interfaces/package.zsh'
[4.716s] Level 1:colcon.colcon_core.environment:create_file_with_runtime_dependencies(/home/siddhant/irc_rover_controls_2025/arm_control/install/msg_interfaces/share/colcon-core/packages/msg_interfaces)
[4.716s] INFO:colcon.colcon_ros.task.ament_python.build:Building ROS package in '/home/siddhant/irc_rover_controls_2025/arm_control/src/ik_control' with build type 'ament_python'
[4.716s] Level 1:colcon.colcon_core.shell:create_environment_hook('ik_control', 'ament_prefix_path')
[4.716s] INFO:colcon.colcon_core.shell:Creating environment hook '/home/siddhant/irc_rover_controls_2025/arm_control/install/ik_control/share/ik_control/hook/ament_prefix_path.ps1'
[4.717s] INFO:colcon.colcon_core.shell:Creating environment descriptor '/home/siddhant/irc_rover_controls_2025/arm_control/install/ik_control/share/ik_control/hook/ament_prefix_path.dsv'
[4.717s] INFO:colcon.colcon_core.shell:Creating environment hook '/home/siddhant/irc_rover_controls_2025/arm_control/install/ik_control/share/ik_control/hook/ament_prefix_path.sh'
[4.717s] INFO:colcon.colcon_core.shell:Skip shell extension 'powershell' for command environment: Not usable outside of PowerShell
[4.717s] DEBUG:colcon.colcon_core.shell:Skip shell extension 'dsv' for command environment
[4.719s] INFO:colcon.colcon_ros.task.ament_python.build:Building ROS package in '/home/siddhant/irc_rover_controls_2025/arm_control/src/joint_control' with build type 'ament_python'
[4.719s] Level 1:colcon.colcon_core.shell:create_environment_hook('joint_control', 'ament_prefix_path')
[4.719s] INFO:colcon.colcon_core.shell:Creating environment hook '/home/siddhant/irc_rover_controls_2025/arm_control/install/joint_control/share/joint_control/hook/ament_prefix_path.ps1'
[4.719s] INFO:colcon.colcon_core.shell:Creating environment descriptor '/home/siddhant/irc_rover_controls_2025/arm_control/install/joint_control/share/joint_control/hook/ament_prefix_path.dsv'
[4.719s] INFO:colcon.colcon_core.shell:Creating environment hook '/home/siddhant/irc_rover_controls_2025/arm_control/install/joint_control/share/joint_control/hook/ament_prefix_path.sh'
[4.720s] INFO:colcon.colcon_core.shell:Skip shell extension 'powershell' for command environment: Not usable outside of PowerShell
[4.720s] DEBUG:colcon.colcon_core.shell:Skip shell extension 'dsv' for command environment
[4.846s] INFO:colcon.colcon_core.task.python.build:Building Python package in '/home/siddhant/irc_rover_controls_2025/arm_control/src/ik_control'
[4.847s] INFO:colcon.colcon_core.shell:Skip shell extension 'powershell' for command environment: Not usable outside of PowerShell
[4.847s] DEBUG:colcon.colcon_core.shell:Skip shell extension 'dsv' for command environment
[4.978s] INFO:colcon.colcon_core.task.python.build:Building Python package in '/home/siddhant/irc_rover_controls_2025/arm_control/src/joint_control'
[4.978s] INFO:colcon.colcon_core.shell:Skip shell extension 'powershell' for command environment: Not usable outside of PowerShell
[4.978s] DEBUG:colcon.colcon_core.shell:Skip shell extension 'dsv' for command environment
[5.293s] DEBUG:colcon.colcon_core.event_handler.log_command:Invoking command in '/home/siddhant/irc_rover_controls_2025/arm_control/src/ik_control': AMENT_PREFIX_PATH=/home/siddhant/irc_rover_controls_2025/arm_control/install/msg_interfaces:${AMENT_PREFIX_PATH} CMAKE_PREFIX_PATH=/home/siddhant/irc_rover_controls_2025/arm_control/install/msg_interfaces LD_LIBRARY_PATH=/home/siddhant/irc_rover_controls_2025/arm_control/install/msg_interfaces/lib:${LD_LIBRARY_PATH} PYTHONPATH=/home/siddhant/irc_rover_controls_2025/arm_control/build/ik_control/prefix_override:/usr/lib/python3/dist-packages/colcon_core/task/python/colcon_distutils_commands:/home/siddhant/irc_rover_controls_2025/arm_control/install/ik_control/lib/python3.10/site-packages:/home/siddhant/irc_rover_controls_2025/arm_control/install/msg_interfaces/local/lib/python3.10/dist-packages:${PYTHONPATH} /usr/bin/python3 -W ignore:setup.py install is deprecated -W ignore:easy_install command is deprecated setup.py egg_info --egg-base ../../build/ik_control build --build-base /home/siddhant/irc_rover_controls_2025/arm_control/build/ik_control/build install --record /home/siddhant/irc_rover_controls_2025/arm_control/build/ik_control/install.log --single-version-externally-managed install_data
[5.296s] DEBUG:colcon.colcon_core.event_handler.log_command:Invoking command in '/home/siddhant/irc_rover_controls_2025/arm_control/src/joint_control': AMENT_PREFIX_PATH=/home/siddhant/irc_rover_controls_2025/arm_control/install/msg_interfaces:${AMENT_PREFIX_PATH} CMAKE_PREFIX_PATH=/home/siddhant/irc_rover_controls_2025/arm_control/install/msg_interfaces LD_LIBRARY_PATH=/home/siddhant/irc_rover_controls_2025/arm_control/install/msg_interfaces/lib:${LD_LIBRARY_PATH} PYTHONPATH=/home/siddhant/irc_rover_controls_2025/arm_control/build/joint_control/prefix_override:/usr/lib/python3/dist-packages/colcon_core/task/python/colcon_distutils_commands:/home/siddhant/irc_rover_controls_2025/arm_control/install/joint_control/lib/python3.10/site-packages:/home/siddhant/irc_rover_controls_2025/arm_control/install/msg_interfaces/local/lib/python3.10/dist-packages:${PYTHONPATH} /usr/bin/python3 -W ignore:setup.py install is deprecated -W ignore:easy_install command is deprecated setup.py egg_info --egg-base ../../build/joint_control build --build-base /home/siddhant/irc_rover_controls_2025/arm_control/build/joint_control/build install --record /home/siddhant/irc_rover_controls_2025/arm_control/build/joint_control/install.log --single-version-externally-managed install_data
[5.584s] Level 1:colcon.colcon_core.environment:checking '/home/siddhant/irc_rover_controls_2025/arm_control/install/joint_control' for CMake module files
[5.584s] DEBUG:colcon.colcon_core.event_handler.log_command:Invoked command in '/home/siddhant/irc_rover_controls_2025/arm_control/src/joint_control' returned '0': AMENT_PREFIX_PATH=/home/siddhant/irc_rover_controls_2025/arm_control/install/msg_interfaces:${AMENT_PREFIX_PATH} CMAKE_PREFIX_PATH=/home/siddhant/irc_rover_controls_2025/arm_control/install/msg_interfaces LD_LIBRARY_PATH=/home/siddhant/irc_rover_controls_2025/arm_control/install/msg_interfaces/lib:${LD_LIBRARY_PATH} PYTHONPATH=/home/siddhant/irc_rover_controls_2025/arm_control/build/joint_control/prefix_override:/usr/lib/python3/dist-packages/colcon_core/task/python/colcon_distutils_commands:/home/siddhant/irc_rover_controls_2025/arm_control/install/joint_control/lib/python3.10/site-packages:/home/siddhant/irc_rover_controls_2025/arm_control/install/msg_interfaces/local/lib/python3.10/dist-packages:${PYTHONPATH} /usr/bin/python3 -W ignore:setup.py install is deprecated -W ignore:easy_install command is deprecated setup.py egg_info --egg-base ../../build/joint_control build --build-base /home/siddhant/irc_rover_controls_2025/arm_control/build/joint_control/build install --record /home/siddhant/irc_rover_controls_2025/arm_control/build/joint_control/install.log --single-version-externally-managed install_data
[5.585s] Level 1:colcon.colcon_core.environment:checking '/home/siddhant/irc_rover_controls_2025/arm_control/install/joint_control' for CMake config files
[5.585s] Level 1:colcon.colcon_core.environment:checking '/home/siddhant/irc_rover_controls_2025/arm_control/install/joint_control/lib'
[5.585s] Level 1:colcon.colcon_core.environment:checking '/home/siddhant/irc_rover_controls_2025/arm_control/install/joint_control/bin'
[5.585s] Level 1:colcon.colcon_core.environment:checking '/home/siddhant/irc_rover_controls_2025/arm_control/install/joint_control/lib/pkgconfig/joint_control.pc'
[5.585s] Level 1:colcon.colcon_core.environment:checking '/home/siddhant/irc_rover_controls_2025/arm_control/install/joint_control/lib/python3.10/site-packages'
[5.585s] Level 1:colcon.colcon_core.shell:create_environment_hook('joint_control', 'pythonpath')
[5.585s] INFO:colcon.colcon_core.shell:Creating environment hook '/home/siddhant/irc_rover_controls_2025/arm_control/install/joint_control/share/joint_control/hook/pythonpath.ps1'
[5.586s] INFO:colcon.colcon_core.shell:Creating environment descriptor '/home/siddhant/irc_rover_controls_2025/arm_control/install/joint_control/share/joint_control/hook/pythonpath.dsv'
[5.586s] INFO:colcon.colcon_core.shell:Creating environment hook '/home/siddhant/irc_rover_controls_2025/arm_control/install/joint_control/share/joint_control/hook/pythonpath.sh'
[5.586s] Level 1:colcon.colcon_core.environment:checking '/home/siddhant/irc_rover_controls_2025/arm_control/install/joint_control/bin'
[5.586s] Level 1:colcon.colcon_core.environment:create_environment_scripts_only(joint_control)
[5.586s] INFO:colcon.colcon_core.shell:Creating package script '/home/siddhant/irc_rover_controls_2025/arm_control/install/joint_control/share/joint_control/package.ps1'
[5.587s] INFO:colcon.colcon_core.shell:Creating package descriptor '/home/siddhant/irc_rover_controls_2025/arm_control/install/joint_control/share/joint_control/package.dsv'
[5.587s] INFO:colcon.colcon_core.shell:Creating package script '/home/siddhant/irc_rover_controls_2025/arm_control/install/joint_control/share/joint_control/package.sh'
[5.587s] INFO:colcon.colcon_core.shell:Creating package script '/home/siddhant/irc_rover_controls_2025/arm_control/install/joint_control/share/joint_control/package.bash'
[5.587s] INFO:colcon.colcon_core.shell:Creating package script '/home/siddhant/irc_rover_controls_2025/arm_control/install/joint_control/share/joint_control/package.zsh'
[5.587s] Level 1:colcon.colcon_core.environment:create_file_with_runtime_dependencies(/home/siddhant/irc_rover_controls_2025/arm_control/install/joint_control/share/colcon-core/packages/joint_control)
[5.596s] Level 1:colcon.colcon_core.environment:checking '/home/siddhant/irc_rover_controls_2025/arm_control/install/ik_control' for CMake module files
[5.596s] DEBUG:colcon.colcon_core.event_handler.log_command:Invoked command in '/home/siddhant/irc_rover_controls_2025/arm_control/src/ik_control' returned '0': AMENT_PREFIX_PATH=/home/siddhant/irc_rover_controls_2025/arm_control/install/msg_interfaces:${AMENT_PREFIX_PATH} CMAKE_PREFIX_PATH=/home/siddhant/irc_rover_controls_2025/arm_control/install/msg_interfaces LD_LIBRARY_PATH=/home/siddhant/irc_rover_controls_2025/arm_control/install/msg_interfaces/lib:${LD_LIBRARY_PATH} PYTHONPATH=/home/siddhant/irc_rover_controls_2025/arm_control/build/ik_control/prefix_override:/usr/lib/python3/dist-packages/colcon_core/task/python/colcon_distutils_commands:/home/siddhant/irc_rover_controls_2025/arm_control/install/ik_control/lib/python3.10/site-packages:/home/siddhant/irc_rover_controls_2025/arm_control/install/msg_interfaces/local/lib/python3.10/dist-packages:${PYTHONPATH} /usr/bin/python3 -W ignore:setup.py install is deprecated -W ignore:easy_install command is deprecated setup.py egg_info --egg-base ../../build/ik_control build --build-base /home/siddhant/irc_rover_controls_2025/arm_control/build/ik_control/build install --record /home/siddhant/irc_rover_controls_2025/arm_control/build/ik_control/install.log --single-version-externally-managed install_data
[5.596s] Level 1:colcon.colcon_core.environment:checking '/home/siddhant/irc_rover_controls_2025/arm_control/install/ik_control' for CMake config files
[5.597s] Level 1:colcon.colcon_core.environment:checking '/home/siddhant/irc_rover_controls_2025/arm_control/install/ik_control/lib'
[5.597s] Level 1:colcon.colcon_core.environment:checking '/home/siddhant/irc_rover_controls_2025/arm_control/install/ik_control/bin'
[5.597s] Level 1:colcon.colcon_core.environment:checking '/home/siddhant/irc_rover_controls_2025/arm_control/install/ik_control/lib/pkgconfig/ik_control.pc'
[5.597s] Level 1:colcon.colcon_core.environment:checking '/home/siddhant/irc_rover_controls_2025/arm_control/install/ik_control/lib/python3.10/site-packages'
[5.597s] Level 1:colcon.colcon_core.shell:create_environment_hook('ik_control', 'pythonpath')
[5.597s] INFO:colcon.colcon_core.shell:Creating environment hook '/home/siddhant/irc_rover_controls_2025/arm_control/install/ik_control/share/ik_control/hook/pythonpath.ps1'
[5.597s] INFO:colcon.colcon_core.shell:Creating environment descriptor '/home/siddhant/irc_rover_controls_2025/arm_control/install/ik_control/share/ik_control/hook/pythonpath.dsv'
[5.597s] INFO:colcon.colcon_core.shell:Creating environment hook '/home/siddhant/irc_rover_controls_2025/arm_control/install/ik_control/share/ik_control/hook/pythonpath.sh'
[5.598s] Level 1:colcon.colcon_core.environment:checking '/home/siddhant/irc_rover_controls_2025/arm_control/install/ik_control/bin'
[5.598s] Level 1:colcon.colcon_core.environment:create_environment_scripts_only(ik_control)
[5.598s] INFO:colcon.colcon_core.shell:Creating package script '/home/siddhant/irc_rover_controls_2025/arm_control/install/ik_control/share/ik_control/package.ps1'
[5.598s] INFO:colcon.colcon_core.shell:Creating package descriptor '/home/siddhant/irc_rover_controls_2025/arm_control/install/ik_control/share/ik_control/package.dsv'
[5.598s] INFO:colcon.colcon_core.shell:Creating package script '/home/siddhant/irc_rover_controls_2025/arm_control/install/ik_control/share/ik_control/package.sh'
[5.598s] INFO:colcon.colcon_core.shell:Creating package script '/home/siddhant/irc_rover_controls_2025/arm_control/install/ik_control/share/ik_control/package.bash'
[5.599s] INFO:colcon.colcon_core.shell:Creating package script '/home/siddhant/irc_rover_controls_2025/arm_control/install/ik_control/share/ik_control/package.zsh'
[5.599s] Level 1:colcon.colcon_core.environment:create_file_with_runtime_dependencies(/home/siddhant/irc_rover_controls_2025/arm_control/install/ik_control/share/colcon-core/packages/ik_control)
[5.599s] DEBUG:colcon.colcon_parallel_executor.executor.parallel:closing loop
[5.599s] DEBUG:colcon.colcon_parallel_executor.executor.parallel:loop closed
[5.599s] DEBUG:colcon.colcon_parallel_executor.executor.parallel:run_until_complete finished with '0'
[5.599s] DEBUG:colcon.colcon_core.event_reactor:joining thread
[5.604s] INFO:colcon.colcon_core.plugin_system:Skipping extension 'colcon_notification.desktop_notification.terminal_notifier': Not used on non-Darwin systems
[5.604s] INFO:colcon.colcon_core.plugin_system:Skipping extension 'colcon_notification.desktop_notification.win32': Not used on non-Windows systems
[5.604s] INFO:colcon.colcon_notification.desktop_notification:Sending desktop notification using 'notify2'
[5.617s] DEBUG:colcon.colcon_core.event_reactor:joined thread
[5.617s] INFO:colcon.colcon_core.shell:Creating prefix script '/home/siddhant/irc_rover_controls_2025/arm_control/install/local_setup.ps1'
[5.618s] INFO:colcon.colcon_core.shell:Creating prefix util module '/home/siddhant/irc_rover_controls_2025/arm_control/install/_local_setup_util_ps1.py'
[5.619s] INFO:colcon.colcon_core.shell:Creating prefix chain script '/home/siddhant/irc_rover_controls_2025/arm_control/install/setup.ps1'
[5.620s] INFO:colcon.colcon_core.shell:Creating prefix script '/home/siddhant/irc_rover_controls_2025/arm_control/install/local_setup.sh'
[5.620s] INFO:colcon.colcon_core.shell:Creating prefix util module '/home/siddhant/irc_rover_controls_2025/arm_control/install/_local_setup_util_sh.py'
[5.620s] INFO:colcon.colcon_core.shell:Creating prefix chain script '/home/siddhant/irc_rover_controls_2025/arm_control/install/setup.sh'
[5.621s] INFO:colcon.colcon_core.shell:Creating prefix script '/home/siddhant/irc_rover_controls_2025/arm_control/install/local_setup.bash'
[5.621s] INFO:colcon.colcon_core.shell:Creating prefix chain script '/home/siddhant/irc_rover_controls_2025/arm_control/install/setup.bash'
[5.622s] INFO:colcon.colcon_core.shell:Creating prefix script '/home/siddhant/irc_rover_controls_2025/arm_control/install/local_setup.zsh'
[5.622s] INFO:colcon.colcon_core.shell:Creating prefix chain script '/home/siddhant/irc_rover_controls_2025/arm_control/install/setup.zsh'
