[  0%] Built target msg_interfaces__cpp
[ 12%] Built target msg_interfaces__rosidl_generator_c
[ 12%] Built target ament_cmake_python_copy_msg_interfaces
[ 24%] Built target msg_interfaces__rosidl_typesupport_introspection_c
[ 35%] Built target msg_interfaces__rosidl_typesupport_c
[ 53%] Built target msg_interfaces__rosidl_typesupport_introspection_cpp
[ 58%] Built target msg_interfaces__rosidl_typesupport_fastrtps_cpp
[ 70%] Built target msg_interfaces__rosidl_typesupport_cpp
[ 82%] Built target msg_interfaces__rosidl_typesupport_fastrtps_c
[ 82%] Built target msg_interfaces
[ 83%] Built target msg_interfaces__py
[ 94%] Built target msg_interfaces__rosidl_generator_py
[ 98%] Built target msg_interfaces__rosidl_typesupport_fastrtps_c__pyext
[ 98%] Built target msg_interfaces__rosidl_typesupport_c__pyext
[100%] Built target msg_interfaces__rosidl_typesupport_introspection_c__pyext
running egg_info
writing msg_interfaces.egg-info/PKG-INFO
writing dependency_links to msg_interfaces.egg-info/dependency_links.txt
writing top-level names to msg_interfaces.egg-info/top_level.txt
reading manifest file 'msg_interfaces.egg-info/SOURCES.txt'
writing manifest file 'msg_interfaces.egg-info/SOURCES.txt'
[100%] Built target ament_cmake_python_build_msg_interfaces_egg
-- Install configuration: ""
-- Up-to-date: /home/siddhant/irc_rover_controls_2025/arm_control/install/msg_interfaces/share/ament_index/resource_index/rosidl_interfaces/msg_interfaces
-- Up-to-date: /home/siddhant/irc_rover_controls_2025/arm_control/install/msg_interfaces/include/msg_interfaces/msg_interfaces
-- Up-to-date: /home/siddhant/irc_rover_controls_2025/arm_control/install/msg_interfaces/include/msg_interfaces/msg_interfaces/msg
-- Up-to-date: /home/siddhant/irc_rover_controls_2025/arm_control/install/msg_interfaces/include/msg_interfaces/msg_interfaces/msg/encoder_arm.h
-- Up-to-date: /home/siddhant/irc_rover_controls_2025/arm_control/install/msg_interfaces/include/msg_interfaces/msg_interfaces/msg/target_pose.h
-- Up-to-date: /home/siddhant/irc_rover_controls_2025/arm_control/install/msg_interfaces/include/msg_interfaces/msg_interfaces/msg/rosidl_generator_c__visibility_control.h
-- Up-to-date: /home/siddhant/irc_rover_controls_2025/arm_control/install/msg_interfaces/include/msg_interfaces/msg_interfaces/msg/arm_angle.h
-- Up-to-date: /home/siddhant/irc_rover_controls_2025/arm_control/install/msg_interfaces/include/msg_interfaces/msg_interfaces/msg/wrist_joint_velocity.h
-- Up-to-date: /home/siddhant/irc_rover_controls_2025/arm_control/install/msg_interfaces/include/msg_interfaces/msg_interfaces/msg/base_motion.h
-- Up-to-date: /home/siddhant/irc_rover_controls_2025/arm_control/install/msg_interfaces/include/msg_interfaces/msg_interfaces/msg/drive.h
-- Up-to-date: /home/siddhant/irc_rover_controls_2025/arm_control/install/msg_interfaces/include/msg_interfaces/msg_interfaces/msg/final_vel.h
-- Up-to-date: /home/siddhant/irc_rover_controls_2025/arm_control/install/msg_interfaces/include/msg_interfaces/msg_interfaces/msg/encoder_drive.h
-- Up-to-date: /home/siddhant/irc_rover_controls_2025/arm_control/install/msg_interfaces/include/msg_interfaces/msg_interfaces/msg/shoulder_joint_velocity.h
-- Up-to-date: /home/siddhant/irc_rover_controls_2025/arm_control/install/msg_interfaces/include/msg_interfaces/msg_interfaces/msg/arm_end_motion.h
-- Up-to-date: /home/siddhant/irc_rover_controls_2025/arm_control/install/msg_interfaces/include/msg_interfaces/msg_interfaces/msg/detail
-- Up-to-date: /home/siddhant/irc_rover_controls_2025/arm_control/install/msg_interfaces/include/msg_interfaces/msg_interfaces/msg/detail/arm_angle__struct.h
-- Up-to-date: /home/siddhant/irc_rover_controls_2025/arm_control/install/msg_interfaces/include/msg_interfaces/msg_interfaces/msg/detail/encoder_arm__type_support.h
-- Up-to-date: /home/siddhant/irc_rover_controls_2025/arm_control/install/msg_interfaces/include/msg_interfaces/msg_interfaces/msg/detail/base_motion__type_support.h
-- Up-to-date: /home/siddhant/irc_rover_controls_2025/arm_control/install/msg_interfaces/include/msg_interfaces/msg_interfaces/msg/detail/arm_end_motion__type_support.h
-- Up-to-date: /home/siddhant/irc_rover_controls_2025/arm_control/install/msg_interfaces/include/msg_interfaces/msg_interfaces/msg/detail/final_vel__functions.c
-- Up-to-date: /home/siddhant/irc_rover_controls_2025/arm_control/install/msg_interfaces/include/msg_interfaces/msg_interfaces/msg/detail/encoder_drive__functions.c
-- Up-to-date: /home/siddhant/irc_rover_controls_2025/arm_control/install/msg_interfaces/include/msg_interfaces/msg_interfaces/msg/detail/encoder_drive__struct.h
-- Up-to-date: /home/siddhant/irc_rover_controls_2025/arm_control/install/msg_interfaces/include/msg_interfaces/msg_interfaces/msg/detail/shoulder_joint_velocity__functions.h
-- Up-to-date: /home/siddhant/irc_rover_controls_2025/arm_control/install/msg_interfaces/include/msg_interfaces/msg_interfaces/msg/detail/encoder_drive__type_support.h
-- Up-to-date: /home/siddhant/irc_rover_controls_2025/arm_control/install/msg_interfaces/include/msg_interfaces/msg_interfaces/msg/detail/target_pose__struct.h
-- Up-to-date: /home/siddhant/irc_rover_controls_2025/arm_control/install/msg_interfaces/include/msg_interfaces/msg_interfaces/msg/detail/shoulder_joint_velocity__struct.h
-- Up-to-date: /home/siddhant/irc_rover_controls_2025/arm_control/install/msg_interfaces/include/msg_interfaces/msg_interfaces/msg/detail/wrist_joint_velocity__type_support.h
-- Up-to-date: /home/siddhant/irc_rover_controls_2025/arm_control/install/msg_interfaces/include/msg_interfaces/msg_interfaces/msg/detail/arm_end_motion__functions.h
-- Up-to-date: /home/siddhant/irc_rover_controls_2025/arm_control/install/msg_interfaces/include/msg_interfaces/msg_interfaces/msg/detail/encoder_arm__struct.h
-- Up-to-date: /home/siddhant/irc_rover_controls_2025/arm_control/install/msg_interfaces/include/msg_interfaces/msg_interfaces/msg/detail/base_motion__functions.c
-- Up-to-date: /home/siddhant/irc_rover_controls_2025/arm_control/install/msg_interfaces/include/msg_interfaces/msg_interfaces/msg/detail/encoder_drive__functions.h
-- Up-to-date: /home/siddhant/irc_rover_controls_2025/arm_control/install/msg_interfaces/include/msg_interfaces/msg_interfaces/msg/detail/target_pose__type_support.h
-- Up-to-date: /home/siddhant/irc_rover_controls_2025/arm_control/install/msg_interfaces/include/msg_interfaces/msg_interfaces/msg/detail/arm_end_motion__functions.c
-- Up-to-date: /home/siddhant/irc_rover_controls_2025/arm_control/install/msg_interfaces/include/msg_interfaces/msg_interfaces/msg/detail/drive__functions.c
-- Up-to-date: /home/siddhant/irc_rover_controls_2025/arm_control/install/msg_interfaces/include/msg_interfaces/msg_interfaces/msg/detail/final_vel__type_support.h
-- Up-to-date: /home/siddhant/irc_rover_controls_2025/arm_control/install/msg_interfaces/include/msg_interfaces/msg_interfaces/msg/detail/drive__functions.h
-- Up-to-date: /home/siddhant/irc_rover_controls_2025/arm_control/install/msg_interfaces/include/msg_interfaces/msg_interfaces/msg/detail/drive__type_support.h
-- Up-to-date: /home/siddhant/irc_rover_controls_2025/arm_control/install/msg_interfaces/include/msg_interfaces/msg_interfaces/msg/detail/target_pose__functions.h
-- Up-to-date: /home/siddhant/irc_rover_controls_2025/arm_control/install/msg_interfaces/include/msg_interfaces/msg_interfaces/msg/detail/final_vel__functions.h
-- Up-to-date: /home/siddhant/irc_rover_controls_2025/arm_control/install/msg_interfaces/include/msg_interfaces/msg_interfaces/msg/detail/base_motion__functions.h
-- Up-to-date: /home/siddhant/irc_rover_controls_2025/arm_control/install/msg_interfaces/include/msg_interfaces/msg_interfaces/msg/detail/final_vel__struct.h
-- Up-to-date: /home/siddhant/irc_rover_controls_2025/arm_control/install/msg_interfaces/include/msg_interfaces/msg_interfaces/msg/detail/encoder_arm__functions.h
-- Up-to-date: /home/siddhant/irc_rover_controls_2025/arm_control/install/msg_interfaces/include/msg_interfaces/msg_interfaces/msg/detail/wrist_joint_velocity__functions.h
-- Up-to-date: /home/siddhant/irc_rover_controls_2025/arm_control/install/msg_interfaces/include/msg_interfaces/msg_interfaces/msg/detail/arm_angle__functions.c
-- Up-to-date: /home/siddhant/irc_rover_controls_2025/arm_control/install/msg_interfaces/include/msg_interfaces/msg_interfaces/msg/detail/base_motion__struct.h
-- Up-to-date: /home/siddhant/irc_rover_controls_2025/arm_control/install/msg_interfaces/include/msg_interfaces/msg_interfaces/msg/detail/arm_end_motion__struct.h
-- Up-to-date: /home/siddhant/irc_rover_controls_2025/arm_control/install/msg_interfaces/include/msg_interfaces/msg_interfaces/msg/detail/encoder_arm__functions.c
-- Up-to-date: /home/siddhant/irc_rover_controls_2025/arm_control/install/msg_interfaces/include/msg_interfaces/msg_interfaces/msg/detail/shoulder_joint_velocity__type_support.h
-- Up-to-date: /home/siddhant/irc_rover_controls_2025/arm_control/install/msg_interfaces/include/msg_interfaces/msg_interfaces/msg/detail/wrist_joint_velocity__functions.c
-- Up-to-date: /home/siddhant/irc_rover_controls_2025/arm_control/install/msg_interfaces/include/msg_interfaces/msg_interfaces/msg/detail/drive__struct.h
-- Up-to-date: /home/siddhant/irc_rover_controls_2025/arm_control/install/msg_interfaces/include/msg_interfaces/msg_interfaces/msg/detail/arm_angle__type_support.h
-- Up-to-date: /home/siddhant/irc_rover_controls_2025/arm_control/install/msg_interfaces/include/msg_interfaces/msg_interfaces/msg/detail/arm_angle__functions.h
-- Up-to-date: /home/siddhant/irc_rover_controls_2025/arm_control/install/msg_interfaces/include/msg_interfaces/msg_interfaces/msg/detail/shoulder_joint_velocity__functions.c
-- Up-to-date: /home/siddhant/irc_rover_controls_2025/arm_control/install/msg_interfaces/include/msg_interfaces/msg_interfaces/msg/detail/target_pose__functions.c
-- Up-to-date: /home/siddhant/irc_rover_controls_2025/arm_control/install/msg_interfaces/include/msg_interfaces/msg_interfaces/msg/detail/wrist_joint_velocity__struct.h
-- Up-to-date: /home/siddhant/irc_rover_controls_2025/arm_control/install/msg_interfaces/share/msg_interfaces/environment/library_path.sh
-- Up-to-date: /home/siddhant/irc_rover_controls_2025/arm_control/install/msg_interfaces/share/msg_interfaces/environment/library_path.dsv
-- Up-to-date: /home/siddhant/irc_rover_controls_2025/arm_control/install/msg_interfaces/lib/libmsg_interfaces__rosidl_generator_c.so
-- Up-to-date: /home/siddhant/irc_rover_controls_2025/arm_control/install/msg_interfaces/include/msg_interfaces/msg_interfaces
-- Up-to-date: /home/siddhant/irc_rover_controls_2025/arm_control/install/msg_interfaces/include/msg_interfaces/msg_interfaces/msg
-- Up-to-date: /home/siddhant/irc_rover_controls_2025/arm_control/install/msg_interfaces/include/msg_interfaces/msg_interfaces/msg/rosidl_typesupport_fastrtps_c__visibility_control.h
-- Up-to-date: /home/siddhant/irc_rover_controls_2025/arm_control/install/msg_interfaces/include/msg_interfaces/msg_interfaces/msg/detail
-- Up-to-date: /home/siddhant/irc_rover_controls_2025/arm_control/install/msg_interfaces/include/msg_interfaces/msg_interfaces/msg/detail/shoulder_joint_velocity__rosidl_typesupport_fastrtps_c.h
-- Up-to-date: /home/siddhant/irc_rover_controls_2025/arm_control/install/msg_interfaces/include/msg_interfaces/msg_interfaces/msg/detail/drive__rosidl_typesupport_fastrtps_c.h
-- Up-to-date: /home/siddhant/irc_rover_controls_2025/arm_control/install/msg_interfaces/include/msg_interfaces/msg_interfaces/msg/detail/wrist_joint_velocity__rosidl_typesupport_fastrtps_c.h
-- Up-to-date: /home/siddhant/irc_rover_controls_2025/arm_control/install/msg_interfaces/include/msg_interfaces/msg_interfaces/msg/detail/target_pose__rosidl_typesupport_fastrtps_c.h
-- Up-to-date: /home/siddhant/irc_rover_controls_2025/arm_control/install/msg_interfaces/include/msg_interfaces/msg_interfaces/msg/detail/encoder_arm__rosidl_typesupport_fastrtps_c.h
-- Up-to-date: /home/siddhant/irc_rover_controls_2025/arm_control/install/msg_interfaces/include/msg_interfaces/msg_interfaces/msg/detail/arm_end_motion__rosidl_typesupport_fastrtps_c.h
-- Up-to-date: /home/siddhant/irc_rover_controls_2025/arm_control/install/msg_interfaces/include/msg_interfaces/msg_interfaces/msg/detail/base_motion__rosidl_typesupport_fastrtps_c.h
-- Up-to-date: /home/siddhant/irc_rover_controls_2025/arm_control/install/msg_interfaces/include/msg_interfaces/msg_interfaces/msg/detail/final_vel__rosidl_typesupport_fastrtps_c.h
-- Up-to-date: /home/siddhant/irc_rover_controls_2025/arm_control/install/msg_interfaces/include/msg_interfaces/msg_interfaces/msg/detail/arm_angle__rosidl_typesupport_fastrtps_c.h
-- Up-to-date: /home/siddhant/irc_rover_controls_2025/arm_control/install/msg_interfaces/include/msg_interfaces/msg_interfaces/msg/detail/encoder_drive__rosidl_typesupport_fastrtps_c.h
-- Up-to-date: /home/siddhant/irc_rover_controls_2025/arm_control/install/msg_interfaces/lib/libmsg_interfaces__rosidl_typesupport_fastrtps_c.so
-- Up-to-date: /home/siddhant/irc_rover_controls_2025/arm_control/install/msg_interfaces/include/msg_interfaces/msg_interfaces
-- Up-to-date: /home/siddhant/irc_rover_controls_2025/arm_control/install/msg_interfaces/include/msg_interfaces/msg_interfaces/msg
-- Up-to-date: /home/siddhant/irc_rover_controls_2025/arm_control/install/msg_interfaces/include/msg_interfaces/msg_interfaces/msg/target_pose.hpp
-- Up-to-date: /home/siddhant/irc_rover_controls_2025/arm_control/install/msg_interfaces/include/msg_interfaces/msg_interfaces/msg/encoder_arm.hpp
-- Up-to-date: /home/siddhant/irc_rover_controls_2025/arm_control/install/msg_interfaces/include/msg_interfaces/msg_interfaces/msg/shoulder_joint_velocity.hpp
-- Up-to-date: /home/siddhant/irc_rover_controls_2025/arm_control/install/msg_interfaces/include/msg_interfaces/msg_interfaces/msg/rosidl_generator_cpp__visibility_control.hpp
-- Up-to-date: /home/siddhant/irc_rover_controls_2025/arm_control/install/msg_interfaces/include/msg_interfaces/msg_interfaces/msg/base_motion.hpp
-- Up-to-date: /home/siddhant/irc_rover_controls_2025/arm_control/install/msg_interfaces/include/msg_interfaces/msg_interfaces/msg/drive.hpp
-- Up-to-date: /home/siddhant/irc_rover_controls_2025/arm_control/install/msg_interfaces/include/msg_interfaces/msg_interfaces/msg/arm_end_motion.hpp
-- Up-to-date: /home/siddhant/irc_rover_controls_2025/arm_control/install/msg_interfaces/include/msg_interfaces/msg_interfaces/msg/detail
-- Up-to-date: /home/siddhant/irc_rover_controls_2025/arm_control/install/msg_interfaces/include/msg_interfaces/msg_interfaces/msg/detail/base_motion__type_support.hpp
-- Up-to-date: /home/siddhant/irc_rover_controls_2025/arm_control/install/msg_interfaces/include/msg_interfaces/msg_interfaces/msg/detail/final_vel__struct.hpp
-- Up-to-date: /home/siddhant/irc_rover_controls_2025/arm_control/install/msg_interfaces/include/msg_interfaces/msg_interfaces/msg/detail/drive__struct.hpp
-- Up-to-date: /home/siddhant/irc_rover_controls_2025/arm_control/install/msg_interfaces/include/msg_interfaces/msg_interfaces/msg/detail/drive__traits.hpp
-- Up-to-date: /home/siddhant/irc_rover_controls_2025/arm_control/install/msg_interfaces/include/msg_interfaces/msg_interfaces/msg/detail/arm_angle__struct.hpp
-- Up-to-date: /home/siddhant/irc_rover_controls_2025/arm_control/install/msg_interfaces/include/msg_interfaces/msg_interfaces/msg/detail/encoder_drive__builder.hpp
-- Up-to-date: /home/siddhant/irc_rover_controls_2025/arm_control/install/msg_interfaces/include/msg_interfaces/msg_interfaces/msg/detail/shoulder_joint_velocity__traits.hpp
-- Up-to-date: /home/siddhant/irc_rover_controls_2025/arm_control/install/msg_interfaces/include/msg_interfaces/msg_interfaces/msg/detail/drive__type_support.hpp
-- Up-to-date: /home/siddhant/irc_rover_controls_2025/arm_control/install/msg_interfaces/include/msg_interfaces/msg_interfaces/msg/detail/encoder_arm__struct.hpp
-- Up-to-date: /home/siddhant/irc_rover_controls_2025/arm_control/install/msg_interfaces/include/msg_interfaces/msg_interfaces/msg/detail/base_motion__traits.hpp
-- Up-to-date: /home/siddhant/irc_rover_controls_2025/arm_control/install/msg_interfaces/include/msg_interfaces/msg_interfaces/msg/detail/arm_angle__builder.hpp
-- Up-to-date: /home/siddhant/irc_rover_controls_2025/arm_control/install/msg_interfaces/include/msg_interfaces/msg_interfaces/msg/detail/target_pose__type_support.hpp
-- Up-to-date: /home/siddhant/irc_rover_controls_2025/arm_control/install/msg_interfaces/include/msg_interfaces/msg_interfaces/msg/detail/arm_end_motion__struct.hpp
-- Up-to-date: /home/siddhant/irc_rover_controls_2025/arm_control/install/msg_interfaces/include/msg_interfaces/msg_interfaces/msg/detail/wrist_joint_velocity__builder.hpp
-- Up-to-date: /home/siddhant/irc_rover_controls_2025/arm_control/install/msg_interfaces/include/msg_interfaces/msg_interfaces/msg/detail/target_pose__traits.hpp
-- Up-to-date: /home/siddhant/irc_rover_controls_2025/arm_control/install/msg_interfaces/include/msg_interfaces/msg_interfaces/msg/detail/wrist_joint_velocity__type_support.hpp
-- Up-to-date: /home/siddhant/irc_rover_controls_2025/arm_control/install/msg_interfaces/include/msg_interfaces/msg_interfaces/msg/detail/base_motion__struct.hpp
-- Up-to-date: /home/siddhant/irc_rover_controls_2025/arm_control/install/msg_interfaces/include/msg_interfaces/msg_interfaces/msg/detail/encoder_drive__type_support.hpp
-- Up-to-date: /home/siddhant/irc_rover_controls_2025/arm_control/install/msg_interfaces/include/msg_interfaces/msg_interfaces/msg/detail/final_vel__type_support.hpp
-- Up-to-date: /home/siddhant/irc_rover_controls_2025/arm_control/install/msg_interfaces/include/msg_interfaces/msg_interfaces/msg/detail/drive__builder.hpp
-- Up-to-date: /home/siddhant/irc_rover_controls_2025/arm_control/install/msg_interfaces/include/msg_interfaces/msg_interfaces/msg/detail/encoder_arm__traits.hpp
-- Up-to-date: /home/siddhant/irc_rover_controls_2025/arm_control/install/msg_interfaces/include/msg_interfaces/msg_interfaces/msg/detail/shoulder_joint_velocity__struct.hpp
-- Up-to-date: /home/siddhant/irc_rover_controls_2025/arm_control/install/msg_interfaces/include/msg_interfaces/msg_interfaces/msg/detail/final_vel__traits.hpp
-- Up-to-date: /home/siddhant/irc_rover_controls_2025/arm_control/install/msg_interfaces/include/msg_interfaces/msg_interfaces/msg/detail/arm_angle__traits.hpp
-- Up-to-date: /home/siddhant/irc_rover_controls_2025/arm_control/install/msg_interfaces/include/msg_interfaces/msg_interfaces/msg/detail/encoder_drive__traits.hpp
-- Up-to-date: /home/siddhant/irc_rover_controls_2025/arm_control/install/msg_interfaces/include/msg_interfaces/msg_interfaces/msg/detail/shoulder_joint_velocity__builder.hpp
-- Up-to-date: /home/siddhant/irc_rover_controls_2025/arm_control/install/msg_interfaces/include/msg_interfaces/msg_interfaces/msg/detail/encoder_arm__type_support.hpp
-- Up-to-date: /home/siddhant/irc_rover_controls_2025/arm_control/install/msg_interfaces/include/msg_interfaces/msg_interfaces/msg/detail/base_motion__builder.hpp
-- Up-to-date: /home/siddhant/irc_rover_controls_2025/arm_control/install/msg_interfaces/include/msg_interfaces/msg_interfaces/msg/detail/arm_end_motion__builder.hpp
-- Up-to-date: /home/siddhant/irc_rover_controls_2025/arm_control/install/msg_interfaces/include/msg_interfaces/msg_interfaces/msg/detail/shoulder_joint_velocity__type_support.hpp
-- Up-to-date: /home/siddhant/irc_rover_controls_2025/arm_control/install/msg_interfaces/include/msg_interfaces/msg_interfaces/msg/detail/encoder_drive__struct.hpp
-- Up-to-date: /home/siddhant/irc_rover_controls_2025/arm_control/install/msg_interfaces/include/msg_interfaces/msg_interfaces/msg/detail/wrist_joint_velocity__struct.hpp
-- Up-to-date: /home/siddhant/irc_rover_controls_2025/arm_control/install/msg_interfaces/include/msg_interfaces/msg_interfaces/msg/detail/arm_end_motion__type_support.hpp
-- Up-to-date: /home/siddhant/irc_rover_controls_2025/arm_control/install/msg_interfaces/include/msg_interfaces/msg_interfaces/msg/detail/wrist_joint_velocity__traits.hpp
-- Up-to-date: /home/siddhant/irc_rover_controls_2025/arm_control/install/msg_interfaces/include/msg_interfaces/msg_interfaces/msg/detail/target_pose__builder.hpp
-- Up-to-date: /home/siddhant/irc_rover_controls_2025/arm_control/install/msg_interfaces/include/msg_interfaces/msg_interfaces/msg/detail/final_vel__builder.hpp
-- Up-to-date: /home/siddhant/irc_rover_controls_2025/arm_control/install/msg_interfaces/include/msg_interfaces/msg_interfaces/msg/detail/encoder_arm__builder.hpp
-- Up-to-date: /home/siddhant/irc_rover_controls_2025/arm_control/install/msg_interfaces/include/msg_interfaces/msg_interfaces/msg/detail/target_pose__struct.hpp
-- Up-to-date: /home/siddhant/irc_rover_controls_2025/arm_control/install/msg_interfaces/include/msg_interfaces/msg_interfaces/msg/detail/arm_angle__type_support.hpp
-- Up-to-date: /home/siddhant/irc_rover_controls_2025/arm_control/install/msg_interfaces/include/msg_interfaces/msg_interfaces/msg/detail/arm_end_motion__traits.hpp
-- Up-to-date: /home/siddhant/irc_rover_controls_2025/arm_control/install/msg_interfaces/include/msg_interfaces/msg_interfaces/msg/arm_angle.hpp
-- Up-to-date: /home/siddhant/irc_rover_controls_2025/arm_control/install/msg_interfaces/include/msg_interfaces/msg_interfaces/msg/wrist_joint_velocity.hpp
-- Up-to-date: /home/siddhant/irc_rover_controls_2025/arm_control/install/msg_interfaces/include/msg_interfaces/msg_interfaces/msg/encoder_drive.hpp
-- Up-to-date: /home/siddhant/irc_rover_controls_2025/arm_control/install/msg_interfaces/include/msg_interfaces/msg_interfaces/msg/final_vel.hpp
-- Up-to-date: /home/siddhant/irc_rover_controls_2025/arm_control/install/msg_interfaces/include/msg_interfaces/msg_interfaces
-- Up-to-date: /home/siddhant/irc_rover_controls_2025/arm_control/install/msg_interfaces/include/msg_interfaces/msg_interfaces/msg
-- Up-to-date: /home/siddhant/irc_rover_controls_2025/arm_control/install/msg_interfaces/include/msg_interfaces/msg_interfaces/msg/detail
-- Up-to-date: /home/siddhant/irc_rover_controls_2025/arm_control/install/msg_interfaces/include/msg_interfaces/msg_interfaces/msg/detail/base_motion__rosidl_typesupport_fastrtps_cpp.hpp
-- Up-to-date: /home/siddhant/irc_rover_controls_2025/arm_control/install/msg_interfaces/include/msg_interfaces/msg_interfaces/msg/detail/drive__rosidl_typesupport_fastrtps_cpp.hpp
-- Up-to-date: /home/siddhant/irc_rover_controls_2025/arm_control/install/msg_interfaces/include/msg_interfaces/msg_interfaces/msg/detail/shoulder_joint_velocity__rosidl_typesupport_fastrtps_cpp.hpp
-- Up-to-date: /home/siddhant/irc_rover_controls_2025/arm_control/install/msg_interfaces/include/msg_interfaces/msg_interfaces/msg/detail/final_vel__rosidl_typesupport_fastrtps_cpp.hpp
-- Up-to-date: /home/siddhant/irc_rover_controls_2025/arm_control/install/msg_interfaces/include/msg_interfaces/msg_interfaces/msg/detail/arm_end_motion__rosidl_typesupport_fastrtps_cpp.hpp
-- Up-to-date: /home/siddhant/irc_rover_controls_2025/arm_control/install/msg_interfaces/include/msg_interfaces/msg_interfaces/msg/detail/encoder_arm__rosidl_typesupport_fastrtps_cpp.hpp
-- Up-to-date: /home/siddhant/irc_rover_controls_2025/arm_control/install/msg_interfaces/include/msg_interfaces/msg_interfaces/msg/detail/dds_fastrtps
-- Up-to-date: /home/siddhant/irc_rover_controls_2025/arm_control/install/msg_interfaces/include/msg_interfaces/msg_interfaces/msg/detail/arm_angle__rosidl_typesupport_fastrtps_cpp.hpp
-- Up-to-date: /home/siddhant/irc_rover_controls_2025/arm_control/install/msg_interfaces/include/msg_interfaces/msg_interfaces/msg/detail/target_pose__rosidl_typesupport_fastrtps_cpp.hpp
-- Up-to-date: /home/siddhant/irc_rover_controls_2025/arm_control/install/msg_interfaces/include/msg_interfaces/msg_interfaces/msg/detail/wrist_joint_velocity__rosidl_typesupport_fastrtps_cpp.hpp
-- Up-to-date: /home/siddhant/irc_rover_controls_2025/arm_control/install/msg_interfaces/include/msg_interfaces/msg_interfaces/msg/detail/encoder_drive__rosidl_typesupport_fastrtps_cpp.hpp
-- Up-to-date: /home/siddhant/irc_rover_controls_2025/arm_control/install/msg_interfaces/include/msg_interfaces/msg_interfaces/msg/rosidl_typesupport_fastrtps_cpp__visibility_control.h
-- Up-to-date: /home/siddhant/irc_rover_controls_2025/arm_control/install/msg_interfaces/lib/libmsg_interfaces__rosidl_typesupport_fastrtps_cpp.so
-- Up-to-date: /home/siddhant/irc_rover_controls_2025/arm_control/install/msg_interfaces/include/msg_interfaces/msg_interfaces
-- Up-to-date: /home/siddhant/irc_rover_controls_2025/arm_control/install/msg_interfaces/include/msg_interfaces/msg_interfaces/msg
-- Up-to-date: /home/siddhant/irc_rover_controls_2025/arm_control/install/msg_interfaces/include/msg_interfaces/msg_interfaces/msg/rosidl_typesupport_introspection_c__visibility_control.h
-- Up-to-date: /home/siddhant/irc_rover_controls_2025/arm_control/install/msg_interfaces/include/msg_interfaces/msg_interfaces/msg/detail
-- Up-to-date: /home/siddhant/irc_rover_controls_2025/arm_control/install/msg_interfaces/include/msg_interfaces/msg_interfaces/msg/detail/target_pose__rosidl_typesupport_introspection_c.h
-- Up-to-date: /home/siddhant/irc_rover_controls_2025/arm_control/install/msg_interfaces/include/msg_interfaces/msg_interfaces/msg/detail/encoder_arm__type_support.c
-- Up-to-date: /home/siddhant/irc_rover_controls_2025/arm_control/install/msg_interfaces/include/msg_interfaces/msg_interfaces/msg/detail/drive__rosidl_typesupport_introspection_c.h
-- Up-to-date: /home/siddhant/irc_rover_controls_2025/arm_control/install/msg_interfaces/include/msg_interfaces/msg_interfaces/msg/detail/final_vel__rosidl_typesupport_introspection_c.h
-- Up-to-date: /home/siddhant/irc_rover_controls_2025/arm_control/install/msg_interfaces/include/msg_interfaces/msg_interfaces/msg/detail/encoder_arm__rosidl_typesupport_introspection_c.h
-- Up-to-date: /home/siddhant/irc_rover_controls_2025/arm_control/install/msg_interfaces/include/msg_interfaces/msg_interfaces/msg/detail/arm_angle__rosidl_typesupport_introspection_c.h
-- Up-to-date: /home/siddhant/irc_rover_controls_2025/arm_control/install/msg_interfaces/include/msg_interfaces/msg_interfaces/msg/detail/arm_end_motion__type_support.c
-- Up-to-date: /home/siddhant/irc_rover_controls_2025/arm_control/install/msg_interfaces/include/msg_interfaces/msg_interfaces/msg/detail/base_motion__rosidl_typesupport_introspection_c.h
-- Up-to-date: /home/siddhant/irc_rover_controls_2025/arm_control/install/msg_interfaces/include/msg_interfaces/msg_interfaces/msg/detail/wrist_joint_velocity__rosidl_typesupport_introspection_c.h
-- Up-to-date: /home/siddhant/irc_rover_controls_2025/arm_control/install/msg_interfaces/include/msg_interfaces/msg_interfaces/msg/detail/shoulder_joint_velocity__rosidl_typesupport_introspection_c.h
-- Up-to-date: /home/siddhant/irc_rover_controls_2025/arm_control/install/msg_interfaces/include/msg_interfaces/msg_interfaces/msg/detail/wrist_joint_velocity__type_support.c
-- Up-to-date: /home/siddhant/irc_rover_controls_2025/arm_control/install/msg_interfaces/include/msg_interfaces/msg_interfaces/msg/detail/final_vel__type_support.c
-- Up-to-date: /home/siddhant/irc_rover_controls_2025/arm_control/install/msg_interfaces/include/msg_interfaces/msg_interfaces/msg/detail/target_pose__type_support.c
-- Up-to-date: /home/siddhant/irc_rover_controls_2025/arm_control/install/msg_interfaces/include/msg_interfaces/msg_interfaces/msg/detail/drive__type_support.c
-- Up-to-date: /home/siddhant/irc_rover_controls_2025/arm_control/install/msg_interfaces/include/msg_interfaces/msg_interfaces/msg/detail/shoulder_joint_velocity__type_support.c
-- Up-to-date: /home/siddhant/irc_rover_controls_2025/arm_control/install/msg_interfaces/include/msg_interfaces/msg_interfaces/msg/detail/arm_angle__type_support.c
-- Up-to-date: /home/siddhant/irc_rover_controls_2025/arm_control/install/msg_interfaces/include/msg_interfaces/msg_interfaces/msg/detail/arm_end_motion__rosidl_typesupport_introspection_c.h
-- Up-to-date: /home/siddhant/irc_rover_controls_2025/arm_control/install/msg_interfaces/include/msg_interfaces/msg_interfaces/msg/detail/encoder_drive__rosidl_typesupport_introspection_c.h
-- Up-to-date: /home/siddhant/irc_rover_controls_2025/arm_control/install/msg_interfaces/include/msg_interfaces/msg_interfaces/msg/detail/encoder_drive__type_support.c
-- Up-to-date: /home/siddhant/irc_rover_controls_2025/arm_control/install/msg_interfaces/include/msg_interfaces/msg_interfaces/msg/detail/base_motion__type_support.c
-- Up-to-date: /home/siddhant/irc_rover_controls_2025/arm_control/install/msg_interfaces/lib/libmsg_interfaces__rosidl_typesupport_introspection_c.so
-- Up-to-date: /home/siddhant/irc_rover_controls_2025/arm_control/install/msg_interfaces/lib/libmsg_interfaces__rosidl_typesupport_c.so
-- Up-to-date: /home/siddhant/irc_rover_controls_2025/arm_control/install/msg_interfaces/include/msg_interfaces/msg_interfaces
-- Up-to-date: /home/siddhant/irc_rover_controls_2025/arm_control/install/msg_interfaces/include/msg_interfaces/msg_interfaces/msg
-- Up-to-date: /home/siddhant/irc_rover_controls_2025/arm_control/install/msg_interfaces/include/msg_interfaces/msg_interfaces/msg/detail
-- Up-to-date: /home/siddhant/irc_rover_controls_2025/arm_control/install/msg_interfaces/include/msg_interfaces/msg_interfaces/msg/detail/encoder_drive__type_support.cpp
-- Up-to-date: /home/siddhant/irc_rover_controls_2025/arm_control/install/msg_interfaces/include/msg_interfaces/msg_interfaces/msg/detail/drive__type_support.cpp
-- Up-to-date: /home/siddhant/irc_rover_controls_2025/arm_control/install/msg_interfaces/include/msg_interfaces/msg_interfaces/msg/detail/shoulder_joint_velocity__rosidl_typesupport_introspection_cpp.hpp
-- Up-to-date: /home/siddhant/irc_rover_controls_2025/arm_control/install/msg_interfaces/include/msg_interfaces/msg_interfaces/msg/detail/final_vel__type_support.cpp
-- Up-to-date: /home/siddhant/irc_rover_controls_2025/arm_control/install/msg_interfaces/include/msg_interfaces/msg_interfaces/msg/detail/encoder_arm__rosidl_typesupport_introspection_cpp.hpp
-- Up-to-date: /home/siddhant/irc_rover_controls_2025/arm_control/install/msg_interfaces/include/msg_interfaces/msg_interfaces/msg/detail/arm_end_motion__type_support.cpp
-- Up-to-date: /home/siddhant/irc_rover_controls_2025/arm_control/install/msg_interfaces/include/msg_interfaces/msg_interfaces/msg/detail/arm_angle__rosidl_typesupport_introspection_cpp.hpp
-- Up-to-date: /home/siddhant/irc_rover_controls_2025/arm_control/install/msg_interfaces/include/msg_interfaces/msg_interfaces/msg/detail/arm_end_motion__rosidl_typesupport_introspection_cpp.hpp
-- Up-to-date: /home/siddhant/irc_rover_controls_2025/arm_control/install/msg_interfaces/include/msg_interfaces/msg_interfaces/msg/detail/encoder_arm__type_support.cpp
-- Up-to-date: /home/siddhant/irc_rover_controls_2025/arm_control/install/msg_interfaces/include/msg_interfaces/msg_interfaces/msg/detail/final_vel__rosidl_typesupport_introspection_cpp.hpp
-- Up-to-date: /home/siddhant/irc_rover_controls_2025/arm_control/install/msg_interfaces/include/msg_interfaces/msg_interfaces/msg/detail/base_motion__type_support.cpp
-- Up-to-date: /home/siddhant/irc_rover_controls_2025/arm_control/install/msg_interfaces/include/msg_interfaces/msg_interfaces/msg/detail/drive__rosidl_typesupport_introspection_cpp.hpp
-- Up-to-date: /home/siddhant/irc_rover_controls_2025/arm_control/install/msg_interfaces/include/msg_interfaces/msg_interfaces/msg/detail/encoder_drive__rosidl_typesupport_introspection_cpp.hpp
-- Up-to-date: /home/siddhant/irc_rover_controls_2025/arm_control/install/msg_interfaces/include/msg_interfaces/msg_interfaces/msg/detail/arm_angle__type_support.cpp
-- Up-to-date: /home/siddhant/irc_rover_controls_2025/arm_control/install/msg_interfaces/include/msg_interfaces/msg_interfaces/msg/detail/shoulder_joint_velocity__type_support.cpp
-- Up-to-date: /home/siddhant/irc_rover_controls_2025/arm_control/install/msg_interfaces/include/msg_interfaces/msg_interfaces/msg/detail/base_motion__rosidl_typesupport_introspection_cpp.hpp
-- Up-to-date: /home/siddhant/irc_rover_controls_2025/arm_control/install/msg_interfaces/include/msg_interfaces/msg_interfaces/msg/detail/target_pose__rosidl_typesupport_introspection_cpp.hpp
-- Up-to-date: /home/siddhant/irc_rover_controls_2025/arm_control/install/msg_interfaces/include/msg_interfaces/msg_interfaces/msg/detail/target_pose__type_support.cpp
-- Up-to-date: /home/siddhant/irc_rover_controls_2025/arm_control/install/msg_interfaces/include/msg_interfaces/msg_interfaces/msg/detail/wrist_joint_velocity__rosidl_typesupport_introspection_cpp.hpp
-- Up-to-date: /home/siddhant/irc_rover_controls_2025/arm_control/install/msg_interfaces/include/msg_interfaces/msg_interfaces/msg/detail/wrist_joint_velocity__type_support.cpp
-- Up-to-date: /home/siddhant/irc_rover_controls_2025/arm_control/install/msg_interfaces/lib/libmsg_interfaces__rosidl_typesupport_introspection_cpp.so
-- Up-to-date: /home/siddhant/irc_rover_controls_2025/arm_control/install/msg_interfaces/lib/libmsg_interfaces__rosidl_typesupport_cpp.so
-- Up-to-date: /home/siddhant/irc_rover_controls_2025/arm_control/install/msg_interfaces/share/msg_interfaces/environment/pythonpath.sh
-- Up-to-date: /home/siddhant/irc_rover_controls_2025/arm_control/install/msg_interfaces/share/msg_interfaces/environment/pythonpath.dsv
-- Up-to-date: /home/siddhant/irc_rover_controls_2025/arm_control/install/msg_interfaces/local/lib/python3.10/dist-packages/msg_interfaces-0.0.0-py3.10.egg-info
-- Installing: /home/siddhant/irc_rover_controls_2025/arm_control/install/msg_interfaces/local/lib/python3.10/dist-packages/msg_interfaces-0.0.0-py3.10.egg-info/SOURCES.txt
-- Installing: /home/siddhant/irc_rover_controls_2025/arm_control/install/msg_interfaces/local/lib/python3.10/dist-packages/msg_interfaces-0.0.0-py3.10.egg-info/top_level.txt
-- Installing: /home/siddhant/irc_rover_controls_2025/arm_control/install/msg_interfaces/local/lib/python3.10/dist-packages/msg_interfaces-0.0.0-py3.10.egg-info/PKG-INFO
-- Installing: /home/siddhant/irc_rover_controls_2025/arm_control/install/msg_interfaces/local/lib/python3.10/dist-packages/msg_interfaces-0.0.0-py3.10.egg-info/dependency_links.txt
-- Up-to-date: /home/siddhant/irc_rover_controls_2025/arm_control/install/msg_interfaces/local/lib/python3.10/dist-packages/msg_interfaces
-- Up-to-date: /home/siddhant/irc_rover_controls_2025/arm_control/install/msg_interfaces/local/lib/python3.10/dist-packages/msg_interfaces/_msg_interfaces_s.ep.rosidl_typesupport_fastrtps_c.c
-- Up-to-date: /home/siddhant/irc_rover_controls_2025/arm_control/install/msg_interfaces/local/lib/python3.10/dist-packages/msg_interfaces/_msg_interfaces_s.ep.rosidl_typesupport_introspection_c.c
-- Up-to-date: /home/siddhant/irc_rover_controls_2025/arm_control/install/msg_interfaces/local/lib/python3.10/dist-packages/msg_interfaces/libmsg_interfaces__rosidl_generator_py.so
-- Up-to-date: /home/siddhant/irc_rover_controls_2025/arm_control/install/msg_interfaces/local/lib/python3.10/dist-packages/msg_interfaces/msg_interfaces_s__rosidl_typesupport_fastrtps_c.cpython-310-x86_64-linux-gnu.so
-- Up-to-date: /home/siddhant/irc_rover_controls_2025/arm_control/install/msg_interfaces/local/lib/python3.10/dist-packages/msg_interfaces/__init__.py
-- Up-to-date: /home/siddhant/irc_rover_controls_2025/arm_control/install/msg_interfaces/local/lib/python3.10/dist-packages/msg_interfaces/msg_interfaces_s__rosidl_typesupport_c.cpython-310-x86_64-linux-gnu.so
-- Up-to-date: /home/siddhant/irc_rover_controls_2025/arm_control/install/msg_interfaces/local/lib/python3.10/dist-packages/msg_interfaces/msg
-- Up-to-date: /home/siddhant/irc_rover_controls_2025/arm_control/install/msg_interfaces/local/lib/python3.10/dist-packages/msg_interfaces/msg/_drive_s.c
-- Up-to-date: /home/siddhant/irc_rover_controls_2025/arm_control/install/msg_interfaces/local/lib/python3.10/dist-packages/msg_interfaces/msg/_shoulder_joint_velocity_s.c
-- Up-to-date: /home/siddhant/irc_rover_controls_2025/arm_control/install/msg_interfaces/local/lib/python3.10/dist-packages/msg_interfaces/msg/_wrist_joint_velocity_s.c
-- Up-to-date: /home/siddhant/irc_rover_controls_2025/arm_control/install/msg_interfaces/local/lib/python3.10/dist-packages/msg_interfaces/msg/_encoder_drive_s.c
-- Up-to-date: /home/siddhant/irc_rover_controls_2025/arm_control/install/msg_interfaces/local/lib/python3.10/dist-packages/msg_interfaces/msg/_drive.py
-- Up-to-date: /home/siddhant/irc_rover_controls_2025/arm_control/install/msg_interfaces/local/lib/python3.10/dist-packages/msg_interfaces/msg/_arm_end_motion_s.c
-- Up-to-date: /home/siddhant/irc_rover_controls_2025/arm_control/install/msg_interfaces/local/lib/python3.10/dist-packages/msg_interfaces/msg/_arm_end_motion.py
-- Up-to-date: /home/siddhant/irc_rover_controls_2025/arm_control/install/msg_interfaces/local/lib/python3.10/dist-packages/msg_interfaces/msg/_base_motion.py
-- Up-to-date: /home/siddhant/irc_rover_controls_2025/arm_control/install/msg_interfaces/local/lib/python3.10/dist-packages/msg_interfaces/msg/_encoder_arm_s.c
-- Up-to-date: /home/siddhant/irc_rover_controls_2025/arm_control/install/msg_interfaces/local/lib/python3.10/dist-packages/msg_interfaces/msg/_encoder_drive.py
-- Up-to-date: /home/siddhant/irc_rover_controls_2025/arm_control/install/msg_interfaces/local/lib/python3.10/dist-packages/msg_interfaces/msg/_target_pose_s.c
-- Up-to-date: /home/siddhant/irc_rover_controls_2025/arm_control/install/msg_interfaces/local/lib/python3.10/dist-packages/msg_interfaces/msg/_target_pose.py
-- Up-to-date: /home/siddhant/irc_rover_controls_2025/arm_control/install/msg_interfaces/local/lib/python3.10/dist-packages/msg_interfaces/msg/_encoder_arm.py
-- Up-to-date: /home/siddhant/irc_rover_controls_2025/arm_control/install/msg_interfaces/local/lib/python3.10/dist-packages/msg_interfaces/msg/_final_vel.py
-- Up-to-date: /home/siddhant/irc_rover_controls_2025/arm_control/install/msg_interfaces/local/lib/python3.10/dist-packages/msg_interfaces/msg/_arm_angle_s.c
-- Up-to-date: /home/siddhant/irc_rover_controls_2025/arm_control/install/msg_interfaces/local/lib/python3.10/dist-packages/msg_interfaces/msg/_wrist_joint_velocity.py
-- Up-to-date: /home/siddhant/irc_rover_controls_2025/arm_control/install/msg_interfaces/local/lib/python3.10/dist-packages/msg_interfaces/msg/__init__.py
-- Up-to-date: /home/siddhant/irc_rover_controls_2025/arm_control/install/msg_interfaces/local/lib/python3.10/dist-packages/msg_interfaces/msg/_arm_angle.py
-- Up-to-date: /home/siddhant/irc_rover_controls_2025/arm_control/install/msg_interfaces/local/lib/python3.10/dist-packages/msg_interfaces/msg/_base_motion_s.c
-- Up-to-date: /home/siddhant/irc_rover_controls_2025/arm_control/install/msg_interfaces/local/lib/python3.10/dist-packages/msg_interfaces/msg/_final_vel_s.c
-- Up-to-date: /home/siddhant/irc_rover_controls_2025/arm_control/install/msg_interfaces/local/lib/python3.10/dist-packages/msg_interfaces/msg/_shoulder_joint_velocity.py
-- Up-to-date: /home/siddhant/irc_rover_controls_2025/arm_control/install/msg_interfaces/local/lib/python3.10/dist-packages/msg_interfaces/msg_interfaces_s__rosidl_typesupport_introspection_c.cpython-310-x86_64-linux-gnu.so
-- Up-to-date: /home/siddhant/irc_rover_controls_2025/arm_control/install/msg_interfaces/local/lib/python3.10/dist-packages/msg_interfaces/_msg_interfaces_s.ep.rosidl_typesupport_c.c
Listing '/home/siddhant/irc_rover_controls_2025/arm_control/install/msg_interfaces/local/lib/python3.10/dist-packages/msg_interfaces'...
Listing '/home/siddhant/irc_rover_controls_2025/arm_control/install/msg_interfaces/local/lib/python3.10/dist-packages/msg_interfaces/msg'...
-- Up-to-date: /home/siddhant/irc_rover_controls_2025/arm_control/install/msg_interfaces/local/lib/python3.10/dist-packages/msg_interfaces/msg_interfaces_s__rosidl_typesupport_fastrtps_c.cpython-310-x86_64-linux-gnu.so
-- Up-to-date: /home/siddhant/irc_rover_controls_2025/arm_control/install/msg_interfaces/local/lib/python3.10/dist-packages/msg_interfaces/msg_interfaces_s__rosidl_typesupport_introspection_c.cpython-310-x86_64-linux-gnu.so
-- Up-to-date: /home/siddhant/irc_rover_controls_2025/arm_control/install/msg_interfaces/local/lib/python3.10/dist-packages/msg_interfaces/msg_interfaces_s__rosidl_typesupport_c.cpython-310-x86_64-linux-gnu.so
-- Up-to-date: /home/siddhant/irc_rover_controls_2025/arm_control/install/msg_interfaces/lib/libmsg_interfaces__rosidl_generator_py.so
-- Up-to-date: /home/siddhant/irc_rover_controls_2025/arm_control/install/msg_interfaces/share/msg_interfaces/msg/Drive.idl
-- Up-to-date: /home/siddhant/irc_rover_controls_2025/arm_control/install/msg_interfaces/share/msg_interfaces/msg/ArmEndMotion.idl
-- Up-to-date: /home/siddhant/irc_rover_controls_2025/arm_control/install/msg_interfaces/share/msg_interfaces/msg/EncoderArm.idl
-- Up-to-date: /home/siddhant/irc_rover_controls_2025/arm_control/install/msg_interfaces/share/msg_interfaces/msg/EncoderDrive.idl
-- Up-to-date: /home/siddhant/irc_rover_controls_2025/arm_control/install/msg_interfaces/share/msg_interfaces/msg/ShoulderJointVelocity.idl
-- Up-to-date: /home/siddhant/irc_rover_controls_2025/arm_control/install/msg_interfaces/share/msg_interfaces/msg/WristJointVelocity.idl
-- Up-to-date: /home/siddhant/irc_rover_controls_2025/arm_control/install/msg_interfaces/share/msg_interfaces/msg/BaseMotion.idl
-- Up-to-date: /home/siddhant/irc_rover_controls_2025/arm_control/install/msg_interfaces/share/msg_interfaces/msg/FinalVel.idl
-- Up-to-date: /home/siddhant/irc_rover_controls_2025/arm_control/install/msg_interfaces/share/msg_interfaces/msg/TargetPose.idl
-- Up-to-date: /home/siddhant/irc_rover_controls_2025/arm_control/install/msg_interfaces/share/msg_interfaces/msg/ArmAngle.idl
-- Up-to-date: /home/siddhant/irc_rover_controls_2025/arm_control/install/msg_interfaces/share/msg_interfaces/msg/Drive.msg
-- Up-to-date: /home/siddhant/irc_rover_controls_2025/arm_control/install/msg_interfaces/share/msg_interfaces/msg/ArmEndMotion.msg
-- Up-to-date: /home/siddhant/irc_rover_controls_2025/arm_control/install/msg_interfaces/share/msg_interfaces/msg/EncoderArm.msg
-- Up-to-date: /home/siddhant/irc_rover_controls_2025/arm_control/install/msg_interfaces/share/msg_interfaces/msg/EncoderDrive.msg
-- Up-to-date: /home/siddhant/irc_rover_controls_2025/arm_control/install/msg_interfaces/share/msg_interfaces/msg/ShoulderJointVelocity.msg
-- Up-to-date: /home/siddhant/irc_rover_controls_2025/arm_control/install/msg_interfaces/share/msg_interfaces/msg/WristJointVelocity.msg
-- Up-to-date: /home/siddhant/irc_rover_controls_2025/arm_control/install/msg_interfaces/share/msg_interfaces/msg/BaseMotion.msg
-- Up-to-date: /home/siddhant/irc_rover_controls_2025/arm_control/install/msg_interfaces/share/msg_interfaces/msg/FinalVel.msg
-- Up-to-date: /home/siddhant/irc_rover_controls_2025/arm_control/install/msg_interfaces/share/msg_interfaces/msg/TargetPose.msg
-- Up-to-date: /home/siddhant/irc_rover_controls_2025/arm_control/install/msg_interfaces/share/msg_interfaces/msg/ArmAngle.msg
-- Up-to-date: /home/siddhant/irc_rover_controls_2025/arm_control/install/msg_interfaces/share/ament_index/resource_index/package_run_dependencies/msg_interfaces
-- Up-to-date: /home/siddhant/irc_rover_controls_2025/arm_control/install/msg_interfaces/share/ament_index/resource_index/parent_prefix_path/msg_interfaces
-- Up-to-date: /home/siddhant/irc_rover_controls_2025/arm_control/install/msg_interfaces/share/msg_interfaces/environment/ament_prefix_path.sh
-- Up-to-date: /home/siddhant/irc_rover_controls_2025/arm_control/install/msg_interfaces/share/msg_interfaces/environment/ament_prefix_path.dsv
-- Up-to-date: /home/siddhant/irc_rover_controls_2025/arm_control/install/msg_interfaces/share/msg_interfaces/environment/path.sh
-- Up-to-date: /home/siddhant/irc_rover_controls_2025/arm_control/install/msg_interfaces/share/msg_interfaces/environment/path.dsv
-- Up-to-date: /home/siddhant/irc_rover_controls_2025/arm_control/install/msg_interfaces/share/msg_interfaces/local_setup.bash
-- Up-to-date: /home/siddhant/irc_rover_controls_2025/arm_control/install/msg_interfaces/share/msg_interfaces/local_setup.sh
-- Up-to-date: /home/siddhant/irc_rover_controls_2025/arm_control/install/msg_interfaces/share/msg_interfaces/local_setup.zsh
-- Up-to-date: /home/siddhant/irc_rover_controls_2025/arm_control/install/msg_interfaces/share/msg_interfaces/local_setup.dsv
-- Installing: /home/siddhant/irc_rover_controls_2025/arm_control/install/msg_interfaces/share/msg_interfaces/package.dsv
-- Up-to-date: /home/siddhant/irc_rover_controls_2025/arm_control/install/msg_interfaces/share/ament_index/resource_index/packages/msg_interfaces
-- Up-to-date: /home/siddhant/irc_rover_controls_2025/arm_control/install/msg_interfaces/share/msg_interfaces/cmake/export_msg_interfaces__rosidl_generator_cExport.cmake
-- Up-to-date: /home/siddhant/irc_rover_controls_2025/arm_control/install/msg_interfaces/share/msg_interfaces/cmake/export_msg_interfaces__rosidl_generator_cExport-noconfig.cmake
-- Up-to-date: /home/siddhant/irc_rover_controls_2025/arm_control/install/msg_interfaces/share/msg_interfaces/cmake/export_msg_interfaces__rosidl_typesupport_fastrtps_cExport.cmake
-- Up-to-date: /home/siddhant/irc_rover_controls_2025/arm_control/install/msg_interfaces/share/msg_interfaces/cmake/export_msg_interfaces__rosidl_typesupport_fastrtps_cExport-noconfig.cmake
-- Up-to-date: /home/siddhant/irc_rover_controls_2025/arm_control/install/msg_interfaces/share/msg_interfaces/cmake/export_msg_interfaces__rosidl_generator_cppExport.cmake
-- Up-to-date: /home/siddhant/irc_rover_controls_2025/arm_control/install/msg_interfaces/share/msg_interfaces/cmake/export_msg_interfaces__rosidl_typesupport_fastrtps_cppExport.cmake
-- Up-to-date: /home/siddhant/irc_rover_controls_2025/arm_control/install/msg_interfaces/share/msg_interfaces/cmake/export_msg_interfaces__rosidl_typesupport_fastrtps_cppExport-noconfig.cmake
-- Up-to-date: /home/siddhant/irc_rover_controls_2025/arm_control/install/msg_interfaces/share/msg_interfaces/cmake/msg_interfaces__rosidl_typesupport_introspection_cExport.cmake
-- Up-to-date: /home/siddhant/irc_rover_controls_2025/arm_control/install/msg_interfaces/share/msg_interfaces/cmake/msg_interfaces__rosidl_typesupport_introspection_cExport-noconfig.cmake
-- Up-to-date: /home/siddhant/irc_rover_controls_2025/arm_control/install/msg_interfaces/share/msg_interfaces/cmake/msg_interfaces__rosidl_typesupport_cExport.cmake
-- Up-to-date: /home/siddhant/irc_rover_controls_2025/arm_control/install/msg_interfaces/share/msg_interfaces/cmake/msg_interfaces__rosidl_typesupport_cExport-noconfig.cmake
-- Up-to-date: /home/siddhant/irc_rover_controls_2025/arm_control/install/msg_interfaces/share/msg_interfaces/cmake/msg_interfaces__rosidl_typesupport_introspection_cppExport.cmake
-- Up-to-date: /home/siddhant/irc_rover_controls_2025/arm_control/install/msg_interfaces/share/msg_interfaces/cmake/msg_interfaces__rosidl_typesupport_introspection_cppExport-noconfig.cmake
-- Up-to-date: /home/siddhant/irc_rover_controls_2025/arm_control/install/msg_interfaces/share/msg_interfaces/cmake/msg_interfaces__rosidl_typesupport_cppExport.cmake
-- Up-to-date: /home/siddhant/irc_rover_controls_2025/arm_control/install/msg_interfaces/share/msg_interfaces/cmake/msg_interfaces__rosidl_typesupport_cppExport-noconfig.cmake
-- Up-to-date: /home/siddhant/irc_rover_controls_2025/arm_control/install/msg_interfaces/share/msg_interfaces/cmake/export_msg_interfaces__rosidl_generator_pyExport.cmake
-- Up-to-date: /home/siddhant/irc_rover_controls_2025/arm_control/install/msg_interfaces/share/msg_interfaces/cmake/export_msg_interfaces__rosidl_generator_pyExport-noconfig.cmake
-- Up-to-date: /home/siddhant/irc_rover_controls_2025/arm_control/install/msg_interfaces/share/msg_interfaces/cmake/rosidl_cmake-extras.cmake
-- Up-to-date: /home/siddhant/irc_rover_controls_2025/arm_control/install/msg_interfaces/share/msg_interfaces/cmake/ament_cmake_export_dependencies-extras.cmake
-- Up-to-date: /home/siddhant/irc_rover_controls_2025/arm_control/install/msg_interfaces/share/msg_interfaces/cmake/ament_cmake_export_include_directories-extras.cmake
-- Up-to-date: /home/siddhant/irc_rover_controls_2025/arm_control/install/msg_interfaces/share/msg_interfaces/cmake/ament_cmake_export_libraries-extras.cmake
-- Up-to-date: /home/siddhant/irc_rover_controls_2025/arm_control/install/msg_interfaces/share/msg_interfaces/cmake/ament_cmake_export_targets-extras.cmake
-- Up-to-date: /home/siddhant/irc_rover_controls_2025/arm_control/install/msg_interfaces/share/msg_interfaces/cmake/rosidl_cmake_export_typesupport_targets-extras.cmake
-- Up-to-date: /home/siddhant/irc_rover_controls_2025/arm_control/install/msg_interfaces/share/msg_interfaces/cmake/rosidl_cmake_export_typesupport_libraries-extras.cmake
-- Up-to-date: /home/siddhant/irc_rover_controls_2025/arm_control/install/msg_interfaces/share/msg_interfaces/cmake/msg_interfacesConfig.cmake
-- Up-to-date: /home/siddhant/irc_rover_controls_2025/arm_control/install/msg_interfaces/share/msg_interfaces/cmake/msg_interfacesConfig-version.cmake
-- Up-to-date: /home/siddhant/irc_rover_controls_2025/arm_control/install/msg_interfaces/share/msg_interfaces/package.xml
