[0.100s] DEBUG:colcon:Command line arguments: ['/usr/bin/colcon', 'build']
[0.100s] DEBUG:colcon:Parsed command line arguments: Namespace(log_base=None, log_level=None, verb_name='build', build_base='build', install_base='install', merge_install=False, symlink_install=False, test_result_base=None, continue_on_error=False, executor='parallel', parallel_workers=8, event_handlers=None, ignore_user_meta=False, metas=['./colcon.meta'], base_paths=['.'], packages_ignore=None, packages_ignore_regex=None, paths=None, packages_up_to=None, packages_up_to_regex=None, packages_above=None, packages_above_and_dependencies=None, packages_above_depth=None, packages_select_by_dep=None, packages_skip_by_dep=None, packages_skip_up_to=None, packages_select_build_failed=False, packages_skip_build_finished=False, packages_select_test_failures=False, packages_skip_test_passed=False, packages_select=None, packages_skip=None, packages_select_regex=None, packages_skip_regex=None, packages_start=None, packages_end=None, allow_overriding=[], cmake_args=None, cmake_target=None, cmake_target_skip_unavailable=False, cmake_clean_cache=False, cmake_clean_first=False, cmake_force_configure=False, ament_cmake_args=None, catkin_cmake_args=None, catkin_skip_building_tests=False, mixin_files=None, mixin=None, verb_parser=<colcon_mixin.mixin.mixin_argument.MixinArgumentDecorator object at 0x7729e13889a0>, verb_extension=<colcon_core.verb.build.BuildVerb object at 0x7729e149cfa0>, main=<bound method BuildVerb.main of <colcon_core.verb.build.BuildVerb object at 0x7729e149cfa0>>, mixin_verb=('build',))
[0.259s] Level 1:colcon.colcon_core.package_discovery:discover_packages(colcon_meta) check parameters
[0.259s] Level 1:colcon.colcon_core.package_discovery:discover_packages(recursive) check parameters
[0.259s] Level 1:colcon.colcon_core.package_discovery:discover_packages(ignore) check parameters
[0.259s] Level 1:colcon.colcon_core.package_discovery:discover_packages(path) check parameters
[0.259s] Level 1:colcon.colcon_core.package_discovery:discover_packages(colcon_meta) discover
[0.259s] Level 1:colcon.colcon_core.package_discovery:discover_packages(recursive) discover
[0.259s] INFO:colcon.colcon_core.package_discovery:Crawling recursively for packages in '/home/sudhindra/irc/drive_control'
[0.259s] Level 1:colcon.colcon_core.package_identification:_identify(.) by extensions ['ignore', 'ignore_ament_install']
[0.259s] Level 1:colcon.colcon_core.package_identification:_identify(.) by extension 'ignore'
[0.259s] Level 1:colcon.colcon_core.package_identification:_identify(.) by extension 'ignore_ament_install'
[0.259s] Level 1:colcon.colcon_core.package_identification:_identify(.) by extensions ['colcon_pkg']
[0.259s] Level 1:colcon.colcon_core.package_identification:_identify(.) by extension 'colcon_pkg'
[0.259s] Level 1:colcon.colcon_core.package_identification:_identify(.) by extensions ['colcon_meta']
[0.259s] Level 1:colcon.colcon_core.package_identification:_identify(.) by extension 'colcon_meta'
[0.259s] Level 1:colcon.colcon_core.package_identification:_identify(.) by extensions ['ros']
[0.259s] Level 1:colcon.colcon_core.package_identification:_identify(.) by extension 'ros'
[0.275s] Level 1:colcon.colcon_core.package_identification:_identify(.) by extensions ['cmake', 'python']
[0.275s] Level 1:colcon.colcon_core.package_identification:_identify(.) by extension 'cmake'
[0.276s] Level 1:colcon.colcon_core.package_identification:_identify(.) by extension 'python'
[0.276s] Level 1:colcon.colcon_core.package_identification:_identify(.) by extensions ['python_setup_py']
[0.276s] Level 1:colcon.colcon_core.package_identification:_identify(.) by extension 'python_setup_py'
[0.276s] Level 1:colcon.colcon_core.package_identification:_identify(build) by extensions ['ignore', 'ignore_ament_install']
[0.276s] Level 1:colcon.colcon_core.package_identification:_identify(build) by extension 'ignore'
[0.276s] Level 1:colcon.colcon_core.package_identification:_identify(build) ignored
[0.276s] Level 1:colcon.colcon_core.package_identification:_identify(install) by extensions ['ignore', 'ignore_ament_install']
[0.276s] Level 1:colcon.colcon_core.package_identification:_identify(install) by extension 'ignore'
[0.276s] Level 1:colcon.colcon_core.package_identification:_identify(install) ignored
[0.276s] Level 1:colcon.colcon_core.package_identification:_identify(log) by extensions ['ignore', 'ignore_ament_install']
[0.276s] Level 1:colcon.colcon_core.package_identification:_identify(log) by extension 'ignore'
[0.276s] Level 1:colcon.colcon_core.package_identification:_identify(log) ignored
[0.276s] Level 1:colcon.colcon_core.package_identification:_identify(src) by extensions ['ignore', 'ignore_ament_install']
[0.276s] Level 1:colcon.colcon_core.package_identification:_identify(src) by extension 'ignore'
[0.276s] Level 1:colcon.colcon_core.package_identification:_identify(src) by extension 'ignore_ament_install'
[0.276s] Level 1:colcon.colcon_core.package_identification:_identify(src) by extensions ['colcon_pkg']
[0.276s] Level 1:colcon.colcon_core.package_identification:_identify(src) by extension 'colcon_pkg'
[0.276s] Level 1:colcon.colcon_core.package_identification:_identify(src) by extensions ['colcon_meta']
[0.276s] Level 1:colcon.colcon_core.package_identification:_identify(src) by extension 'colcon_meta'
[0.276s] Level 1:colcon.colcon_core.package_identification:_identify(src) by extensions ['ros']
[0.276s] Level 1:colcon.colcon_core.package_identification:_identify(src) by extension 'ros'
[0.277s] Level 1:colcon.colcon_core.package_identification:_identify(src) by extensions ['cmake', 'python']
[0.277s] Level 1:colcon.colcon_core.package_identification:_identify(src) by extension 'cmake'
[0.277s] Level 1:colcon.colcon_core.package_identification:_identify(src) by extension 'python'
[0.277s] Level 1:colcon.colcon_core.package_identification:_identify(src) by extensions ['python_setup_py']
[0.277s] Level 1:colcon.colcon_core.package_identification:_identify(src) by extension 'python_setup_py'
[0.277s] Level 1:colcon.colcon_core.package_identification:_identify(src/differential) by extensions ['ignore', 'ignore_ament_install']
[0.277s] Level 1:colcon.colcon_core.package_identification:_identify(src/differential) by extension 'ignore'
[0.277s] Level 1:colcon.colcon_core.package_identification:_identify(src/differential) by extension 'ignore_ament_install'
[0.277s] Level 1:colcon.colcon_core.package_identification:_identify(src/differential) by extensions ['colcon_pkg']
[0.277s] Level 1:colcon.colcon_core.package_identification:_identify(src/differential) by extension 'colcon_pkg'
[0.277s] Level 1:colcon.colcon_core.package_identification:_identify(src/differential) by extensions ['colcon_meta']
[0.277s] Level 1:colcon.colcon_core.package_identification:_identify(src/differential) by extension 'colcon_meta'
[0.277s] Level 1:colcon.colcon_core.package_identification:_identify(src/differential) by extensions ['ros']
[0.277s] Level 1:colcon.colcon_core.package_identification:_identify(src/differential) by extension 'ros'
[0.279s] DEBUG:colcon.colcon_core.package_identification:Package 'src/differential' with type 'ros.ament_python' and name 'differential'
[0.279s] Level 1:colcon.colcon_core.package_identification:_identify(src/msg_interfaces) by extensions ['ignore', 'ignore_ament_install']
[0.279s] Level 1:colcon.colcon_core.package_identification:_identify(src/msg_interfaces) by extension 'ignore'
[0.279s] Level 1:colcon.colcon_core.package_identification:_identify(src/msg_interfaces) by extension 'ignore_ament_install'
[0.279s] Level 1:colcon.colcon_core.package_identification:_identify(src/msg_interfaces) by extensions ['colcon_pkg']
[0.279s] Level 1:colcon.colcon_core.package_identification:_identify(src/msg_interfaces) by extension 'colcon_pkg'
[0.279s] Level 1:colcon.colcon_core.package_identification:_identify(src/msg_interfaces) by extensions ['colcon_meta']
[0.279s] Level 1:colcon.colcon_core.package_identification:_identify(src/msg_interfaces) by extension 'colcon_meta'
[0.279s] Level 1:colcon.colcon_core.package_identification:_identify(src/msg_interfaces) by extensions ['ros']
[0.279s] Level 1:colcon.colcon_core.package_identification:_identify(src/msg_interfaces) by extension 'ros'
[0.280s] DEBUG:colcon.colcon_core.package_identification:Package 'src/msg_interfaces' with type 'ros.ament_cmake' and name 'msg_interfaces'
[0.280s] Level 1:colcon.colcon_core.package_discovery:discover_packages(recursive) using defaults
[0.280s] Level 1:colcon.colcon_core.package_discovery:discover_packages(ignore) discover
[0.280s] Level 1:colcon.colcon_core.package_discovery:discover_packages(ignore) using defaults
[0.280s] Level 1:colcon.colcon_core.package_discovery:discover_packages(path) discover
[0.280s] Level 1:colcon.colcon_core.package_discovery:discover_packages(path) using defaults
[0.295s] Level 1:colcon.colcon_core.package_discovery:discover_packages(prefix_path) check parameters
[0.295s] Level 1:colcon.colcon_core.package_discovery:discover_packages(prefix_path) discover
[0.297s] DEBUG:colcon.colcon_installed_package_information.package_discovery:Found 382 installed packages in /opt/ros/humble
[0.299s] Level 1:colcon.colcon_core.package_discovery:discover_packages(prefix_path) using defaults
[0.339s] Level 5:colcon.colcon_core.verb:set package 'differential' build argument 'cmake_args' from command line to 'None'
[0.339s] Level 5:colcon.colcon_core.verb:set package 'differential' build argument 'cmake_target' from command line to 'None'
[0.339s] Level 5:colcon.colcon_core.verb:set package 'differential' build argument 'cmake_target_skip_unavailable' from command line to 'False'
[0.339s] Level 5:colcon.colcon_core.verb:set package 'differential' build argument 'cmake_clean_cache' from command line to 'False'
[0.339s] Level 5:colcon.colcon_core.verb:set package 'differential' build argument 'cmake_clean_first' from command line to 'False'
[0.339s] Level 5:colcon.colcon_core.verb:set package 'differential' build argument 'cmake_force_configure' from command line to 'False'
[0.339s] Level 5:colcon.colcon_core.verb:set package 'differential' build argument 'ament_cmake_args' from command line to 'None'
[0.339s] Level 5:colcon.colcon_core.verb:set package 'differential' build argument 'catkin_cmake_args' from command line to 'None'
[0.339s] Level 5:colcon.colcon_core.verb:set package 'differential' build argument 'catkin_skip_building_tests' from command line to 'False'
[0.339s] DEBUG:colcon.colcon_core.verb:Building package 'differential' with the following arguments: {'ament_cmake_args': None, 'build_base': '/home/sudhindra/irc/drive_control/build/differential', 'catkin_cmake_args': None, 'catkin_skip_building_tests': False, 'cmake_args': None, 'cmake_clean_cache': False, 'cmake_clean_first': False, 'cmake_force_configure': False, 'cmake_target': None, 'cmake_target_skip_unavailable': False, 'install_base': '/home/sudhindra/irc/drive_control/install/differential', 'merge_install': False, 'path': '/home/sudhindra/irc/drive_control/src/differential', 'symlink_install': False, 'test_result_base': None}
[0.339s] Level 5:colcon.colcon_core.verb:set package 'msg_interfaces' build argument 'cmake_args' from command line to 'None'
[0.339s] Level 5:colcon.colcon_core.verb:set package 'msg_interfaces' build argument 'cmake_target' from command line to 'None'
[0.339s] Level 5:colcon.colcon_core.verb:set package 'msg_interfaces' build argument 'cmake_target_skip_unavailable' from command line to 'False'
[0.339s] Level 5:colcon.colcon_core.verb:set package 'msg_interfaces' build argument 'cmake_clean_cache' from command line to 'False'
[0.339s] Level 5:colcon.colcon_core.verb:set package 'msg_interfaces' build argument 'cmake_clean_first' from command line to 'False'
[0.339s] Level 5:colcon.colcon_core.verb:set package 'msg_interfaces' build argument 'cmake_force_configure' from command line to 'False'
[0.339s] Level 5:colcon.colcon_core.verb:set package 'msg_interfaces' build argument 'ament_cmake_args' from command line to 'None'
[0.339s] Level 5:colcon.colcon_core.verb:set package 'msg_interfaces' build argument 'catkin_cmake_args' from command line to 'None'
[0.339s] Level 5:colcon.colcon_core.verb:set package 'msg_interfaces' build argument 'catkin_skip_building_tests' from command line to 'False'
[0.339s] DEBUG:colcon.colcon_core.verb:Building package 'msg_interfaces' with the following arguments: {'ament_cmake_args': None, 'build_base': '/home/sudhindra/irc/drive_control/build/msg_interfaces', 'catkin_cmake_args': None, 'catkin_skip_building_tests': False, 'cmake_args': None, 'cmake_clean_cache': False, 'cmake_clean_first': False, 'cmake_force_configure': False, 'cmake_target': None, 'cmake_target_skip_unavailable': False, 'install_base': '/home/sudhindra/irc/drive_control/install/msg_interfaces', 'merge_install': False, 'path': '/home/sudhindra/irc/drive_control/src/msg_interfaces', 'symlink_install': False, 'test_result_base': None}
[0.340s] INFO:colcon.colcon_core.executor:Executing jobs using 'parallel' executor
[0.340s] DEBUG:colcon.colcon_parallel_executor.executor.parallel:run_until_complete
[0.341s] INFO:colcon.colcon_ros.task.ament_python.build:Building ROS package in '/home/sudhindra/irc/drive_control/src/differential' with build type 'ament_python'
[0.341s] Level 1:colcon.colcon_core.shell:create_environment_hook('differential', 'ament_prefix_path')
[0.342s] INFO:colcon.colcon_core.plugin_system:Skipping extension 'colcon_core.shell.bat': Not used on non-Windows systems
[0.342s] INFO:colcon.colcon_core.shell:Creating environment hook '/home/sudhindra/irc/drive_control/install/differential/share/differential/hook/ament_prefix_path.ps1'
[0.343s] INFO:colcon.colcon_core.shell:Creating environment descriptor '/home/sudhindra/irc/drive_control/install/differential/share/differential/hook/ament_prefix_path.dsv'
[0.343s] INFO:colcon.colcon_core.shell:Creating environment hook '/home/sudhindra/irc/drive_control/install/differential/share/differential/hook/ament_prefix_path.sh'
[0.344s] INFO:colcon.colcon_core.shell:Skip shell extension 'powershell' for command environment: Not usable outside of PowerShell
[0.344s] DEBUG:colcon.colcon_core.shell:Skip shell extension 'dsv' for command environment
[0.346s] INFO:colcon.colcon_ros.task.ament_cmake.build:Building ROS package in '/home/sudhindra/irc/drive_control/src/msg_interfaces' with build type 'ament_cmake'
[0.347s] INFO:colcon.colcon_cmake.task.cmake.build:Building CMake package in '/home/sudhindra/irc/drive_control/src/msg_interfaces'
[0.347s] INFO:colcon.colcon_core.shell:Skip shell extension 'powershell' for command environment: Not usable outside of PowerShell
[0.347s] DEBUG:colcon.colcon_core.shell:Skip shell extension 'dsv' for command environment
[0.574s] INFO:colcon.colcon_core.task.python.build:Building Python package in '/home/sudhindra/irc/drive_control/src/differential'
[0.575s] INFO:colcon.colcon_core.shell:Skip shell extension 'powershell' for command environment: Not usable outside of PowerShell
[0.575s] DEBUG:colcon.colcon_core.shell:Skip shell extension 'dsv' for command environment
[0.581s] DEBUG:colcon.colcon_core.event_handler.log_command:Invoking command in '/home/sudhindra/irc/drive_control/build/msg_interfaces': CMAKE_PREFIX_PATH=${CMAKE_PREFIX_PATH}:/opt/ros/humble /usr/bin/cmake --build /home/sudhindra/irc/drive_control/build/msg_interfaces -- -j8 -l8
[0.936s] DEBUG:colcon.colcon_core.event_handler.log_command:Invoking command in '/home/sudhindra/irc/drive_control/src/differential': PYTHONPATH=/home/sudhindra/irc/drive_control/build/differential/prefix_override:/usr/lib/python3/dist-packages/colcon_core/task/python/colcon_distutils_commands:/home/sudhindra/irc/drive_control/install/differential/lib/python3.10/site-packages:${PYTHONPATH} /usr/bin/python3 -W ignore:setup.py install is deprecated setup.py egg_info --egg-base ../../build/differential build --build-base /home/sudhindra/irc/drive_control/build/differential/build install --record /home/sudhindra/irc/drive_control/build/differential/install.log --single-version-externally-managed install_data
[1.215s] DEBUG:colcon.colcon_core.event_handler.log_command:Invoked command in '/home/sudhindra/irc/drive_control/src/differential' returned '0': PYTHONPATH=/home/sudhindra/irc/drive_control/build/differential/prefix_override:/usr/lib/python3/dist-packages/colcon_core/task/python/colcon_distutils_commands:/home/sudhindra/irc/drive_control/install/differential/lib/python3.10/site-packages:${PYTHONPATH} /usr/bin/python3 -W ignore:setup.py install is deprecated setup.py egg_info --egg-base ../../build/differential build --build-base /home/sudhindra/irc/drive_control/build/differential/build install --record /home/sudhindra/irc/drive_control/build/differential/install.log --single-version-externally-managed install_data
[1.217s] Level 1:colcon.colcon_core.environment:checking '/home/sudhindra/irc/drive_control/install/differential' for CMake module files
[1.217s] Level 1:colcon.colcon_core.environment:checking '/home/sudhindra/irc/drive_control/install/differential' for CMake config files
[1.218s] Level 1:colcon.colcon_core.environment:checking '/home/sudhindra/irc/drive_control/install/differential/lib'
[1.218s] Level 1:colcon.colcon_core.environment:checking '/home/sudhindra/irc/drive_control/install/differential/bin'
[1.218s] Level 1:colcon.colcon_core.environment:checking '/home/sudhindra/irc/drive_control/install/differential/lib/pkgconfig/differential.pc'
[1.218s] Level 1:colcon.colcon_core.environment:checking '/home/sudhindra/irc/drive_control/install/differential/lib/python3.10/site-packages'
[1.218s] Level 1:colcon.colcon_core.shell:create_environment_hook('differential', 'pythonpath')
[1.218s] INFO:colcon.colcon_core.shell:Creating environment hook '/home/sudhindra/irc/drive_control/install/differential/share/differential/hook/pythonpath.ps1'
[1.219s] INFO:colcon.colcon_core.shell:Creating environment descriptor '/home/sudhindra/irc/drive_control/install/differential/share/differential/hook/pythonpath.dsv'
[1.219s] INFO:colcon.colcon_core.shell:Creating environment hook '/home/sudhindra/irc/drive_control/install/differential/share/differential/hook/pythonpath.sh'
[1.219s] Level 1:colcon.colcon_core.environment:checking '/home/sudhindra/irc/drive_control/install/differential/bin'
[1.220s] Level 1:colcon.colcon_core.environment:create_environment_scripts_only(differential)
[1.220s] INFO:colcon.colcon_core.shell:Creating package script '/home/sudhindra/irc/drive_control/install/differential/share/differential/package.ps1'
[1.220s] INFO:colcon.colcon_core.shell:Creating package descriptor '/home/sudhindra/irc/drive_control/install/differential/share/differential/package.dsv'
[1.221s] INFO:colcon.colcon_core.shell:Creating package script '/home/sudhindra/irc/drive_control/install/differential/share/differential/package.sh'
[1.221s] INFO:colcon.colcon_core.shell:Creating package script '/home/sudhindra/irc/drive_control/install/differential/share/differential/package.bash'
[1.222s] INFO:colcon.colcon_core.shell:Creating package script '/home/sudhindra/irc/drive_control/install/differential/share/differential/package.zsh'
[1.223s] Level 1:colcon.colcon_core.environment:create_file_with_runtime_dependencies(/home/sudhindra/irc/drive_control/install/differential/share/colcon-core/packages/differential)
[2.381s] DEBUG:colcon.colcon_core.event_handler.log_command:Invoked command in '/home/sudhindra/irc/drive_control/build/msg_interfaces' returned '0': CMAKE_PREFIX_PATH=${CMAKE_PREFIX_PATH}:/opt/ros/humble /usr/bin/cmake --build /home/sudhindra/irc/drive_control/build/msg_interfaces -- -j8 -l8
[2.586s] DEBUG:colcon.colcon_core.event_handler.log_command:Invoking command in '/home/sudhindra/irc/drive_control/build/msg_interfaces': CMAKE_PREFIX_PATH=${CMAKE_PREFIX_PATH}:/opt/ros/humble /usr/bin/cmake --install /home/sudhindra/irc/drive_control/build/msg_interfaces
[2.654s] Level 1:colcon.colcon_core.environment:create_environment_scripts_only(msg_interfaces)
[2.654s] Level 1:colcon.colcon_core.environment:checking '/home/sudhindra/irc/drive_control/install/msg_interfaces' for CMake module files
[2.655s] DEBUG:colcon.colcon_core.event_handler.log_command:Invoked command in '/home/sudhindra/irc/drive_control/build/msg_interfaces' returned '0': CMAKE_PREFIX_PATH=${CMAKE_PREFIX_PATH}:/opt/ros/humble /usr/bin/cmake --install /home/sudhindra/irc/drive_control/build/msg_interfaces
[2.656s] Level 1:colcon.colcon_core.environment:checking '/home/sudhindra/irc/drive_control/install/msg_interfaces' for CMake config files
[2.656s] Level 1:colcon.colcon_core.shell:create_environment_hook('msg_interfaces', 'cmake_prefix_path')
[2.656s] INFO:colcon.colcon_core.shell:Creating environment hook '/home/sudhindra/irc/drive_control/install/msg_interfaces/share/msg_interfaces/hook/cmake_prefix_path.ps1'
[2.657s] INFO:colcon.colcon_core.shell:Creating environment descriptor '/home/sudhindra/irc/drive_control/install/msg_interfaces/share/msg_interfaces/hook/cmake_prefix_path.dsv'
[2.658s] INFO:colcon.colcon_core.shell:Creating environment hook '/home/sudhindra/irc/drive_control/install/msg_interfaces/share/msg_interfaces/hook/cmake_prefix_path.sh'
[2.658s] Level 1:colcon.colcon_core.environment:checking '/home/sudhindra/irc/drive_control/install/msg_interfaces/lib'
[2.658s] Level 1:colcon.colcon_core.shell:create_environment_hook('msg_interfaces', 'ld_library_path_lib')
[2.659s] INFO:colcon.colcon_core.shell:Creating environment hook '/home/sudhindra/irc/drive_control/install/msg_interfaces/share/msg_interfaces/hook/ld_library_path_lib.ps1'
[2.659s] INFO:colcon.colcon_core.shell:Creating environment descriptor '/home/sudhindra/irc/drive_control/install/msg_interfaces/share/msg_interfaces/hook/ld_library_path_lib.dsv'
[2.659s] INFO:colcon.colcon_core.shell:Creating environment hook '/home/sudhindra/irc/drive_control/install/msg_interfaces/share/msg_interfaces/hook/ld_library_path_lib.sh'
[2.660s] Level 1:colcon.colcon_core.environment:checking '/home/sudhindra/irc/drive_control/install/msg_interfaces/bin'
[2.660s] Level 1:colcon.colcon_core.environment:checking '/home/sudhindra/irc/drive_control/install/msg_interfaces/lib/pkgconfig/msg_interfaces.pc'
[2.660s] Level 1:colcon.colcon_core.environment:checking '/home/sudhindra/irc/drive_control/install/msg_interfaces/lib/python3.10/site-packages'
[2.660s] Level 1:colcon.colcon_core.shell:create_environment_hook('msg_interfaces', 'pythonpath')
[2.661s] INFO:colcon.colcon_core.shell:Creating environment hook '/home/sudhindra/irc/drive_control/install/msg_interfaces/share/msg_interfaces/hook/pythonpath.ps1'
[2.661s] INFO:colcon.colcon_core.shell:Creating environment descriptor '/home/sudhindra/irc/drive_control/install/msg_interfaces/share/msg_interfaces/hook/pythonpath.dsv'
[2.661s] INFO:colcon.colcon_core.shell:Creating environment hook '/home/sudhindra/irc/drive_control/install/msg_interfaces/share/msg_interfaces/hook/pythonpath.sh'
[2.662s] Level 1:colcon.colcon_core.environment:checking '/home/sudhindra/irc/drive_control/install/msg_interfaces/bin'
[2.662s] INFO:colcon.colcon_core.shell:Creating package script '/home/sudhindra/irc/drive_control/install/msg_interfaces/share/msg_interfaces/package.ps1'
[2.663s] INFO:colcon.colcon_core.shell:Creating package descriptor '/home/sudhindra/irc/drive_control/install/msg_interfaces/share/msg_interfaces/package.dsv'
[2.664s] INFO:colcon.colcon_core.shell:Creating package script '/home/sudhindra/irc/drive_control/install/msg_interfaces/share/msg_interfaces/package.sh'
[2.664s] INFO:colcon.colcon_core.shell:Creating package script '/home/sudhindra/irc/drive_control/install/msg_interfaces/share/msg_interfaces/package.bash'
[2.665s] INFO:colcon.colcon_core.shell:Creating package script '/home/sudhindra/irc/drive_control/install/msg_interfaces/share/msg_interfaces/package.zsh'
[2.665s] Level 1:colcon.colcon_core.environment:create_file_with_runtime_dependencies(/home/sudhindra/irc/drive_control/install/msg_interfaces/share/colcon-core/packages/msg_interfaces)
[2.835s] Level 1:colcon.colcon_core.environment:create_environment_scripts_only(msg_interfaces)
[2.835s] Level 1:colcon.colcon_core.environment:checking '/home/sudhindra/irc/drive_control/install/msg_interfaces' for CMake module files
[2.836s] Level 1:colcon.colcon_core.environment:checking '/home/sudhindra/irc/drive_control/install/msg_interfaces' for CMake config files
[2.836s] Level 1:colcon.colcon_core.shell:create_environment_hook('msg_interfaces', 'cmake_prefix_path')
[2.837s] INFO:colcon.colcon_core.shell:Creating environment hook '/home/sudhindra/irc/drive_control/install/msg_interfaces/share/msg_interfaces/hook/cmake_prefix_path.ps1'
[2.837s] INFO:colcon.colcon_core.shell:Creating environment descriptor '/home/sudhindra/irc/drive_control/install/msg_interfaces/share/msg_interfaces/hook/cmake_prefix_path.dsv'
[2.837s] INFO:colcon.colcon_core.shell:Creating environment hook '/home/sudhindra/irc/drive_control/install/msg_interfaces/share/msg_interfaces/hook/cmake_prefix_path.sh'
[2.838s] Level 1:colcon.colcon_core.environment:checking '/home/sudhindra/irc/drive_control/install/msg_interfaces/lib'
[2.838s] Level 1:colcon.colcon_core.shell:create_environment_hook('msg_interfaces', 'ld_library_path_lib')
[2.839s] INFO:colcon.colcon_core.shell:Creating environment hook '/home/sudhindra/irc/drive_control/install/msg_interfaces/share/msg_interfaces/hook/ld_library_path_lib.ps1'
[2.839s] INFO:colcon.colcon_core.shell:Creating environment descriptor '/home/sudhindra/irc/drive_control/install/msg_interfaces/share/msg_interfaces/hook/ld_library_path_lib.dsv'
[2.840s] INFO:colcon.colcon_core.shell:Creating environment hook '/home/sudhindra/irc/drive_control/install/msg_interfaces/share/msg_interfaces/hook/ld_library_path_lib.sh'
[2.840s] Level 1:colcon.colcon_core.environment:checking '/home/sudhindra/irc/drive_control/install/msg_interfaces/bin'
[2.841s] Level 1:colcon.colcon_core.environment:checking '/home/sudhindra/irc/drive_control/install/msg_interfaces/lib/pkgconfig/msg_interfaces.pc'
[2.841s] Level 1:colcon.colcon_core.environment:checking '/home/sudhindra/irc/drive_control/install/msg_interfaces/lib/python3.10/site-packages'
[2.841s] Level 1:colcon.colcon_core.shell:create_environment_hook('msg_interfaces', 'pythonpath')
[2.842s] INFO:colcon.colcon_core.shell:Creating environment hook '/home/sudhindra/irc/drive_control/install/msg_interfaces/share/msg_interfaces/hook/pythonpath.ps1'
[2.842s] INFO:colcon.colcon_core.shell:Creating environment descriptor '/home/sudhindra/irc/drive_control/install/msg_interfaces/share/msg_interfaces/hook/pythonpath.dsv'
[2.843s] INFO:colcon.colcon_core.shell:Creating environment hook '/home/sudhindra/irc/drive_control/install/msg_interfaces/share/msg_interfaces/hook/pythonpath.sh'
[2.843s] Level 1:colcon.colcon_core.environment:checking '/home/sudhindra/irc/drive_control/install/msg_interfaces/bin'
[2.844s] INFO:colcon.colcon_core.shell:Creating package script '/home/sudhindra/irc/drive_control/install/msg_interfaces/share/msg_interfaces/package.ps1'
[2.844s] INFO:colcon.colcon_core.shell:Creating package descriptor '/home/sudhindra/irc/drive_control/install/msg_interfaces/share/msg_interfaces/package.dsv'
[2.845s] INFO:colcon.colcon_core.shell:Creating package script '/home/sudhindra/irc/drive_control/install/msg_interfaces/share/msg_interfaces/package.sh'
[2.846s] INFO:colcon.colcon_core.shell:Creating package script '/home/sudhindra/irc/drive_control/install/msg_interfaces/share/msg_interfaces/package.bash'
[2.846s] INFO:colcon.colcon_core.shell:Creating package script '/home/sudhindra/irc/drive_control/install/msg_interfaces/share/msg_interfaces/package.zsh'
[2.847s] Level 1:colcon.colcon_core.environment:create_file_with_runtime_dependencies(/home/sudhindra/irc/drive_control/install/msg_interfaces/share/colcon-core/packages/msg_interfaces)
[2.847s] DEBUG:colcon.colcon_parallel_executor.executor.parallel:closing loop
[2.848s] DEBUG:colcon.colcon_parallel_executor.executor.parallel:loop closed
[2.848s] DEBUG:colcon.colcon_parallel_executor.executor.parallel:run_until_complete finished with '0'
[2.848s] DEBUG:colcon.colcon_core.event_reactor:joining thread
[2.853s] INFO:colcon.colcon_core.plugin_system:Skipping extension 'colcon_notification.desktop_notification.terminal_notifier': Not used on non-Darwin systems
[2.853s] INFO:colcon.colcon_core.plugin_system:Skipping extension 'colcon_notification.desktop_notification.win32': Not used on non-Windows systems
[2.853s] INFO:colcon.colcon_notification.desktop_notification:Sending desktop notification using 'notify2'
[2.867s] DEBUG:colcon.colcon_core.event_reactor:joined thread
[2.868s] INFO:colcon.colcon_core.shell:Creating prefix script '/home/sudhindra/irc/drive_control/install/local_setup.ps1'
[2.869s] INFO:colcon.colcon_core.shell:Creating prefix util module '/home/sudhindra/irc/drive_control/install/_local_setup_util_ps1.py'
[2.872s] INFO:colcon.colcon_core.shell:Creating prefix chain script '/home/sudhindra/irc/drive_control/install/setup.ps1'
[2.874s] INFO:colcon.colcon_core.shell:Creating prefix script '/home/sudhindra/irc/drive_control/install/local_setup.sh'
[2.874s] INFO:colcon.colcon_core.shell:Creating prefix util module '/home/sudhindra/irc/drive_control/install/_local_setup_util_sh.py'
[2.875s] INFO:colcon.colcon_core.shell:Creating prefix chain script '/home/sudhindra/irc/drive_control/install/setup.sh'
[2.876s] INFO:colcon.colcon_core.shell:Creating prefix script '/home/sudhindra/irc/drive_control/install/local_setup.bash'
[2.877s] INFO:colcon.colcon_core.shell:Creating prefix chain script '/home/sudhindra/irc/drive_control/install/setup.bash'
[2.878s] INFO:colcon.colcon_core.shell:Creating prefix script '/home/sudhindra/irc/drive_control/install/local_setup.zsh'
[2.879s] INFO:colcon.colcon_core.shell:Creating prefix chain script '/home/sudhindra/irc/drive_control/install/setup.zsh'
