/home/siddhant/irc_rover_controls_2025/rover_essentials/install/bio_drill/lib/python3.10/site-packages/bio_drill/drill.py
/home/siddhant/irc_rover_controls_2025/rover_essentials/install/bio_drill/lib/python3.10/site-packages/bio_drill/cache.py
/home/siddhant/irc_rover_controls_2025/rover_essentials/install/bio_drill/lib/python3.10/site-packages/bio_drill/drill_auto.py
/home/siddhant/irc_rover_controls_2025/rover_essentials/install/bio_drill/lib/python3.10/site-packages/bio_drill/__init__.py
/home/siddhant/irc_rover_controls_2025/rover_essentials/install/bio_drill/lib/python3.10/site-packages/bio_drill/__pycache__/drill.cpython-310.pyc
/home/siddhant/irc_rover_controls_2025/rover_essentials/install/bio_drill/lib/python3.10/site-packages/bio_drill/__pycache__/cache.cpython-310.pyc
/home/siddhant/irc_rover_controls_2025/rover_essentials/install/bio_drill/lib/python3.10/site-packages/bio_drill/__pycache__/drill_auto.cpython-310.pyc
/home/siddhant/irc_rover_controls_2025/rover_essentials/install/bio_drill/lib/python3.10/site-packages/bio_drill/__pycache__/__init__.cpython-310.pyc
/home/siddhant/irc_rover_controls_2025/rover_essentials/install/bio_drill/share/ament_index/resource_index/packages/bio_drill
/home/siddhant/irc_rover_controls_2025/rover_essentials/install/bio_drill/share/bio_drill/package.xml
/home/siddhant/irc_rover_controls_2025/rover_essentials/install/bio_drill/lib/python3.10/site-packages/bio_drill-0.0.0-py3.10.egg-info/SOURCES.txt
/home/siddhant/irc_rover_controls_2025/rover_essentials/install/bio_drill/lib/python3.10/site-packages/bio_drill-0.0.0-py3.10.egg-info/top_level.txt
/home/siddhant/irc_rover_controls_2025/rover_essentials/install/bio_drill/lib/python3.10/site-packages/bio_drill-0.0.0-py3.10.egg-info/entry_points.txt
/home/siddhant/irc_rover_controls_2025/rover_essentials/install/bio_drill/lib/python3.10/site-packages/bio_drill-0.0.0-py3.10.egg-info/PKG-INFO
/home/siddhant/irc_rover_controls_2025/rover_essentials/install/bio_drill/lib/python3.10/site-packages/bio_drill-0.0.0-py3.10.egg-info/zip-safe
/home/siddhant/irc_rover_controls_2025/rover_essentials/install/bio_drill/lib/python3.10/site-packages/bio_drill-0.0.0-py3.10.egg-info/requires.txt
/home/siddhant/irc_rover_controls_2025/rover_essentials/install/bio_drill/lib/python3.10/site-packages/bio_drill-0.0.0-py3.10.egg-info/dependency_links.txt
/home/siddhant/irc_rover_controls_2025/rover_essentials/install/bio_drill/lib/bio_drill/auto_drill
/home/siddhant/irc_rover_controls_2025/rover_essentials/install/bio_drill/lib/bio_drill/cache_box
/home/siddhant/irc_rover_controls_2025/rover_essentials/install/bio_drill/lib/bio_drill/drill
