[0.154s] Invoking command in '/home/siddhant/irc_rover_controls_2025/drive_control/build/msg_interfaces': CMAKE_PREFIX_PATH=/opt/ros/humble /usr/bin/cmake /home/siddhant/irc_rover_controls_2025/drive_control/src/msg_interfaces -DCMAKE_INSTALL_PREFIX=/home/siddhant/irc_rover_controls_2025/drive_control/install/msg_interfaces
[0.208s] -- The C compiler identification is GNU 11.4.0
[0.244s] -- The CXX compiler identification is GNU 11.4.0
[0.248s] -- Detecting C compiler ABI info
[0.298s] -- Detecting C compiler ABI info - done
[0.302s] -- Check for working C compiler: /usr/bin/cc - skipped
[0.302s] -- Detecting C compile features
[0.302s] -- Detecting C compile features - done
[0.304s] -- Detecting CXX compiler ABI info
[0.358s] -- Detecting CXX compiler ABI info - done
[0.363s] -- Check for working CXX compiler: /usr/bin/c++ - skipped
[0.363s] -- Detecting CXX compile features
[0.363s] -- Detecting CXX compile features - done
[0.364s] -- Found ament_cmake: 1.3.11 (/opt/ros/humble/share/ament_cmake/cmake)
[0.466s] -- Found Python3: /usr/bin/python3 (found version "3.10.12") found components: Interpreter 
[0.522s] -- Found geometry_msgs: 4.8.0 (/opt/ros/humble/share/geometry_msgs/cmake)
[0.541s] -- Found rosidl_generator_c: 3.1.6 (/opt/ros/humble/share/rosidl_generator_c/cmake)
[0.543s] -- Found rosidl_adapter: 3.1.6 (/opt/ros/humble/share/rosidl_adapter/cmake)
[0.547s] -- Found rosidl_generator_cpp: 3.1.6 (/opt/ros/humble/share/rosidl_generator_cpp/cmake)
[0.553s] -- Using all available rosidl_typesupport_c: rosidl_typesupport_fastrtps_c;rosidl_typesupport_introspection_c
[0.561s] -- Using all available rosidl_typesupport_cpp: rosidl_typesupport_fastrtps_cpp;rosidl_typesupport_introspection_cpp
[0.584s] -- Found rosidl_default_generators: 1.2.0 (/opt/ros/humble/share/rosidl_default_generators/cmake)
[0.783s] -- Found ament_cmake_ros: 0.10.0 (/opt/ros/humble/share/ament_cmake_ros/cmake)
[1.025s] -- Using all available rosidl_typesupport_c: rosidl_typesupport_fastrtps_c;rosidl_typesupport_introspection_c
[1.128s] -- Using all available rosidl_typesupport_cpp: rosidl_typesupport_fastrtps_cpp;rosidl_typesupport_introspection_cpp
[1.145s] -- Found PythonInterp: /usr/bin/python3 (found suitable version "3.10.12", minimum required is "3.6") 
[1.145s] -- Found python_cmake_module: 0.10.0 (/opt/ros/humble/share/python_cmake_module/cmake)
[1.160s] -- Found PythonLibs: /usr/lib/x86_64-linux-gnu/libpython3.10.so (found suitable version "3.10.12", minimum required is "3.5") 
[1.160s] -- Using PYTHON_EXECUTABLE: /usr/bin/python3
[1.160s] -- Using PYTHON_INCLUDE_DIRS: /usr/include/python3.10
[1.160s] -- Using PYTHON_LIBRARIES: /usr/lib/x86_64-linux-gnu/libpython3.10.so
[1.174s] -- Found PythonExtra: .so  
[1.203s] -- Found ament_lint_auto: 0.12.12 (/opt/ros/humble/share/ament_lint_auto/cmake)
[1.211s] -- Added test 'lint_cmake' to check CMake code style
[1.211s] -- Added test 'xmllint' to check XML markup files
[1.212s] -- Configuring done
[1.236s] -- Generating done
[1.244s] -- Build files have been written to: /home/siddhant/irc_rover_controls_2025/drive_control/build/msg_interfaces
[1.251s] Invoked command in '/home/siddhant/irc_rover_controls_2025/drive_control/build/msg_interfaces' returned '0': CMAKE_PREFIX_PATH=/opt/ros/humble /usr/bin/cmake /home/siddhant/irc_rover_controls_2025/drive_control/src/msg_interfaces -DCMAKE_INSTALL_PREFIX=/home/siddhant/irc_rover_controls_2025/drive_control/install/msg_interfaces
[1.253s] Invoking command in '/home/siddhant/irc_rover_controls_2025/drive_control/build/msg_interfaces': CMAKE_PREFIX_PATH=/opt/ros/humble /usr/bin/cmake --build /home/siddhant/irc_rover_controls_2025/drive_control/build/msg_interfaces -- -j22 -l22
[1.294s] [  1%] [34m[1mGenerating C code for ROS interfaces[0m
[1.304s] [  2%] [34m[1mGenerating C++ code for ROS interfaces[0m
[1.311s] [  2%] Built target ament_cmake_python_copy_msg_interfaces
[1.461s] running egg_info
[1.461s] creating msg_interfaces.egg-info
[1.461s] writing msg_interfaces.egg-info/PKG-INFO
[1.461s] writing dependency_links to msg_interfaces.egg-info/dependency_links.txt
[1.462s] writing top-level names to msg_interfaces.egg-info/top_level.txt
[1.462s] writing manifest file 'msg_interfaces.egg-info/SOURCES.txt'
[1.463s] reading manifest file 'msg_interfaces.egg-info/SOURCES.txt'
[1.463s] writing manifest file 'msg_interfaces.egg-info/SOURCES.txt'
[1.486s] [  2%] Built target ament_cmake_python_build_msg_interfaces_egg
[1.630s] [  2%] Built target msg_interfaces__cpp
[1.640s] [  4%] [34m[1mGenerating C++ type support dispatch for ROS interfaces[0m
[1.641s] [  5%] [34m[1mGenerating C++ type support for eProsima Fast-RTPS[0m
[1.643s] [  7%] [34m[1mGenerating C++ introspection for ROS interfaces[0m
[1.657s] [  9%] [32mBuilding C object CMakeFiles/msg_interfaces__rosidl_generator_c.dir/rosidl_generator_c/msg_interfaces/msg/detail/motor_six__functions.c.o[0m
[1.657s] [  9%] [32mBuilding C object CMakeFiles/msg_interfaces__rosidl_generator_c.dir/rosidl_generator_c/msg_interfaces/msg/detail/encoder_drive__functions.c.o[0m
[1.657s] [ 11%] [32mBuilding C object CMakeFiles/msg_interfaces__rosidl_generator_c.dir/rosidl_generator_c/msg_interfaces/msg/detail/drive__functions.c.o[0m
[1.659s] [ 12%] [32mBuilding C object CMakeFiles/msg_interfaces__rosidl_generator_c.dir/rosidl_generator_c/msg_interfaces/msg/detail/cam_drive__functions.c.o[0m
[1.659s] [ 14%] [32mBuilding C object CMakeFiles/msg_interfaces__rosidl_generator_c.dir/rosidl_generator_c/msg_interfaces/msg/detail/arm_end_motion__functions.c.o[0m
[1.659s] [ 15%] [32mBuilding C object CMakeFiles/msg_interfaces__rosidl_generator_c.dir/rosidl_generator_c/msg_interfaces/msg/detail/encoder_arm__functions.c.o[0m
[1.706s] [ 16%] [32m[1mLinking C shared library libmsg_interfaces__rosidl_generator_c.so[0m
[1.736s] [ 16%] Built target msg_interfaces__rosidl_generator_c
[1.745s] [ 18%] [34m[1mGenerating C type support for eProsima Fast-RTPS[0m
[1.746s] [ 19%] [34m[1mGenerating C introspection for ROS interfaces[0m
[1.746s] [ 21%] [34m[1mGenerating C type support dispatch for ROS interfaces[0m
[1.939s] [ 23%] [32mBuilding CXX object CMakeFiles/msg_interfaces__rosidl_typesupport_cpp.dir/rosidl_typesupport_cpp/msg_interfaces/msg/cam_drive__type_support.cpp.o[0m
[1.939s] [ 25%] [32mBuilding CXX object CMakeFiles/msg_interfaces__rosidl_typesupport_cpp.dir/rosidl_typesupport_cpp/msg_interfaces/msg/motor_six__type_support.cpp.o[0m
[1.939s] [ 23%] [32mBuilding CXX object CMakeFiles/msg_interfaces__rosidl_typesupport_cpp.dir/rosidl_typesupport_cpp/msg_interfaces/msg/drive__type_support.cpp.o[0m
[1.940s] [ 26%] [32mBuilding CXX object CMakeFiles/msg_interfaces__rosidl_typesupport_cpp.dir/rosidl_typesupport_cpp/msg_interfaces/msg/encoder_drive__type_support.cpp.o[0m
[1.941s] [ 28%] [32mBuilding CXX object CMakeFiles/msg_interfaces__rosidl_typesupport_cpp.dir/rosidl_typesupport_cpp/msg_interfaces/msg/encoder_arm__type_support.cpp.o[0m
[1.941s] [ 29%] [32mBuilding CXX object CMakeFiles/msg_interfaces__rosidl_typesupport_cpp.dir/rosidl_typesupport_cpp/msg_interfaces/msg/arm_end_motion__type_support.cpp.o[0m
[1.959s] [ 30%] [32mBuilding CXX object CMakeFiles/msg_interfaces__rosidl_typesupport_introspection_cpp.dir/rosidl_typesupport_introspection_cpp/msg_interfaces/msg/detail/cam_drive__type_support.cpp.o[0m
[1.960s] [ 32%] [32mBuilding CXX object CMakeFiles/msg_interfaces__rosidl_typesupport_introspection_cpp.dir/rosidl_typesupport_introspection_cpp/msg_interfaces/msg/detail/drive__type_support.cpp.o[0m
[1.965s] [ 33%] [32mBuilding CXX object CMakeFiles/msg_interfaces__rosidl_typesupport_introspection_cpp.dir/rosidl_typesupport_introspection_cpp/msg_interfaces/msg/detail/encoder_arm__type_support.cpp.o[0m
[1.966s] [ 36%] [32mBuilding CXX object CMakeFiles/msg_interfaces__rosidl_typesupport_introspection_cpp.dir/rosidl_typesupport_introspection_cpp/msg_interfaces/msg/detail/motor_six__type_support.cpp.o[0m
[1.966s] [ 36%] [32mBuilding CXX object CMakeFiles/msg_interfaces__rosidl_typesupport_introspection_cpp.dir/rosidl_typesupport_introspection_cpp/msg_interfaces/msg/detail/arm_end_motion__type_support.cpp.o[0m
[1.968s] [ 38%] [32mBuilding CXX object CMakeFiles/msg_interfaces__rosidl_typesupport_introspection_cpp.dir/rosidl_typesupport_introspection_cpp/msg_interfaces/msg/detail/encoder_drive__type_support.cpp.o[0m
[1.982s] [ 43%] [32mBuilding CXX object CMakeFiles/msg_interfaces__rosidl_typesupport_fastrtps_cpp.dir/rosidl_typesupport_fastrtps_cpp/msg_interfaces/msg/detail/dds_fastrtps/motor_six__type_support.cpp.o[0m
[1.983s] [ 43%] [32mBuilding CXX object CMakeFiles/msg_interfaces__rosidl_typesupport_fastrtps_cpp.dir/rosidl_typesupport_fastrtps_cpp/msg_interfaces/msg/detail/dds_fastrtps/arm_end_motion__type_support.cpp.o[0m
[1.984s] [ 43%] [32mBuilding CXX object CMakeFiles/msg_interfaces__rosidl_typesupport_fastrtps_cpp.dir/rosidl_typesupport_fastrtps_cpp/msg_interfaces/msg/detail/dds_fastrtps/cam_drive__type_support.cpp.o[0m
[1.984s] [ 45%] [32mBuilding CXX object CMakeFiles/msg_interfaces__rosidl_typesupport_fastrtps_cpp.dir/rosidl_typesupport_fastrtps_cpp/msg_interfaces/msg/detail/dds_fastrtps/drive__type_support.cpp.o[0m
[1.984s] [ 45%] [32mBuilding CXX object CMakeFiles/msg_interfaces__rosidl_typesupport_fastrtps_cpp.dir/rosidl_typesupport_fastrtps_cpp/msg_interfaces/msg/detail/dds_fastrtps/encoder_arm__type_support.cpp.o[0m
[1.987s] [ 46%] [32mBuilding CXX object CMakeFiles/msg_interfaces__rosidl_typesupport_fastrtps_cpp.dir/rosidl_typesupport_fastrtps_cpp/msg_interfaces/msg/detail/dds_fastrtps/encoder_drive__type_support.cpp.o[0m
[2.138s] [ 47%] [32mBuilding CXX object CMakeFiles/msg_interfaces__rosidl_typesupport_c.dir/rosidl_typesupport_c/msg_interfaces/msg/drive__type_support.cpp.o[0m
[2.140s] [ 49%] [32mBuilding CXX object CMakeFiles/msg_interfaces__rosidl_typesupport_c.dir/rosidl_typesupport_c/msg_interfaces/msg/cam_drive__type_support.cpp.o[0m
[2.181s] [ 50%] [32mBuilding CXX object CMakeFiles/msg_interfaces__rosidl_typesupport_c.dir/rosidl_typesupport_c/msg_interfaces/msg/motor_six__type_support.cpp.o[0m
[2.185s] [ 52%] [32mBuilding CXX object CMakeFiles/msg_interfaces__rosidl_typesupport_c.dir/rosidl_typesupport_c/msg_interfaces/msg/arm_end_motion__type_support.cpp.o[0m
[2.236s] [ 53%] [32mBuilding CXX object CMakeFiles/msg_interfaces__rosidl_typesupport_c.dir/rosidl_typesupport_c/msg_interfaces/msg/encoder_arm__type_support.cpp.o[0m
[2.249s] [ 54%] [32mBuilding CXX object CMakeFiles/msg_interfaces__rosidl_typesupport_c.dir/rosidl_typesupport_c/msg_interfaces/msg/encoder_drive__type_support.cpp.o[0m
[2.285s] [ 56%] [32m[1mLinking CXX shared library libmsg_interfaces__rosidl_typesupport_c.so[0m
[2.315s] [ 57%] [32mBuilding CXX object CMakeFiles/msg_interfaces__rosidl_typesupport_fastrtps_c.dir/rosidl_typesupport_fastrtps_c/msg_interfaces/msg/detail/drive__type_support_c.cpp.o[0m
[2.316s] [ 59%] [32mBuilding CXX object CMakeFiles/msg_interfaces__rosidl_typesupport_fastrtps_c.dir/rosidl_typesupport_fastrtps_c/msg_interfaces/msg/detail/cam_drive__type_support_c.cpp.o[0m
[2.318s] [ 60%] [32mBuilding CXX object CMakeFiles/msg_interfaces__rosidl_typesupport_fastrtps_c.dir/rosidl_typesupport_fastrtps_c/msg_interfaces/msg/detail/arm_end_motion__type_support_c.cpp.o[0m
[2.323s] [ 61%] [32mBuilding C object CMakeFiles/msg_interfaces__rosidl_typesupport_introspection_c.dir/rosidl_typesupport_introspection_c/msg_interfaces/msg/detail/drive__type_support.c.o[0m
[2.333s] [ 64%] [32mBuilding C object CMakeFiles/msg_interfaces__rosidl_typesupport_introspection_c.dir/rosidl_typesupport_introspection_c/msg_interfaces/msg/detail/cam_drive__type_support.c.o[0m
[2.333s] [ 64%] [32mBuilding C object CMakeFiles/msg_interfaces__rosidl_typesupport_introspection_c.dir/rosidl_typesupport_introspection_c/msg_interfaces/msg/detail/motor_six__type_support.c.o[0m
[2.333s] [ 66%] [32mBuilding C object CMakeFiles/msg_interfaces__rosidl_typesupport_introspection_c.dir/rosidl_typesupport_introspection_c/msg_interfaces/msg/detail/arm_end_motion__type_support.c.o[0m
[2.346s] [ 67%] [32mBuilding C object CMakeFiles/msg_interfaces__rosidl_typesupport_introspection_c.dir/rosidl_typesupport_introspection_c/msg_interfaces/msg/detail/encoder_arm__type_support.c.o[0m
[2.349s] [ 69%] [32m[1mLinking CXX shared library libmsg_interfaces__rosidl_typesupport_cpp.so[0m
[2.376s] [ 69%] Built target msg_interfaces__rosidl_typesupport_c
[2.382s] [ 70%] [32mBuilding C object CMakeFiles/msg_interfaces__rosidl_typesupport_introspection_c.dir/rosidl_typesupport_introspection_c/msg_interfaces/msg/detail/encoder_drive__type_support.c.o[0m
[2.382s] [ 71%] [32mBuilding CXX object CMakeFiles/msg_interfaces__rosidl_typesupport_fastrtps_c.dir/rosidl_typesupport_fastrtps_c/msg_interfaces/msg/detail/motor_six__type_support_c.cpp.o[0m
[2.390s] [ 73%] [32mBuilding CXX object CMakeFiles/msg_interfaces__rosidl_typesupport_fastrtps_c.dir/rosidl_typesupport_fastrtps_c/msg_interfaces/msg/detail/encoder_arm__type_support_c.cpp.o[0m
[2.390s] [ 74%] [32mBuilding CXX object CMakeFiles/msg_interfaces__rosidl_typesupport_fastrtps_c.dir/rosidl_typesupport_fastrtps_c/msg_interfaces/msg/detail/encoder_drive__type_support_c.cpp.o[0m
[2.411s] [ 74%] Built target msg_interfaces__rosidl_typesupport_cpp
[2.449s] [ 76%] [32m[1mLinking C shared library libmsg_interfaces__rosidl_typesupport_introspection_c.so[0m
[2.507s] [ 76%] Built target msg_interfaces__rosidl_typesupport_introspection_c
[2.602s] [ 77%] [32m[1mLinking CXX shared library libmsg_interfaces__rosidl_typesupport_introspection_cpp.so[0m
[2.672s] [ 77%] Built target msg_interfaces__rosidl_typesupport_introspection_cpp
[2.689s] [ 78%] [32m[1mLinking CXX shared library libmsg_interfaces__rosidl_typesupport_fastrtps_cpp.so[0m
[2.745s] [ 78%] Built target msg_interfaces__rosidl_typesupport_fastrtps_cpp
[2.754s] [ 80%] [32m[1mLinking CXX shared library libmsg_interfaces__rosidl_typesupport_fastrtps_c.so[0m
[2.801s] [ 80%] Built target msg_interfaces__rosidl_typesupport_fastrtps_c
[2.815s] [ 80%] Built target msg_interfaces
[2.829s] [ 81%] [34m[1mGenerating Python code for ROS interfaces[0m
[3.314s] [ 81%] Built target msg_interfaces__py
[3.327s] [ 83%] [32mBuilding C object CMakeFiles/msg_interfaces__rosidl_generator_py.dir/rosidl_generator_py/msg_interfaces/msg/_encoder_arm_s.c.o[0m
[3.327s] [ 84%] [32mBuilding C object CMakeFiles/msg_interfaces__rosidl_generator_py.dir/rosidl_generator_py/msg_interfaces/msg/_encoder_drive_s.c.o[0m
[3.328s] [ 85%] [32mBuilding C object CMakeFiles/msg_interfaces__rosidl_generator_py.dir/rosidl_generator_py/msg_interfaces/msg/_drive_s.c.o[0m
[3.328s] [ 90%] [32mBuilding C object CMakeFiles/msg_interfaces__rosidl_generator_py.dir/rosidl_generator_py/msg_interfaces/msg/_arm_end_motion_s.c.o[0m
[3.328s] [ 90%] [32mBuilding C object CMakeFiles/msg_interfaces__rosidl_generator_py.dir/rosidl_generator_py/msg_interfaces/msg/_motor_six_s.c.o[0m
[3.328s] [ 90%] [32mBuilding C object CMakeFiles/msg_interfaces__rosidl_generator_py.dir/rosidl_generator_py/msg_interfaces/msg/_cam_drive_s.c.o[0m
[3.418s] [ 91%] [32m[1mLinking C shared library rosidl_generator_py/msg_interfaces/libmsg_interfaces__rosidl_generator_py.so[0m
[3.452s] [ 91%] Built target msg_interfaces__rosidl_generator_py
[3.466s] [ 92%] [32mBuilding C object CMakeFiles/msg_interfaces__rosidl_typesupport_introspection_c__pyext.dir/rosidl_generator_py/msg_interfaces/_msg_interfaces_s.ep.rosidl_typesupport_introspection_c.c.o[0m
[3.468s] [ 94%] [32mBuilding C object CMakeFiles/msg_interfaces__rosidl_typesupport_fastrtps_c__pyext.dir/rosidl_generator_py/msg_interfaces/_msg_interfaces_s.ep.rosidl_typesupport_fastrtps_c.c.o[0m
[3.470s] [ 95%] [32mBuilding C object CMakeFiles/msg_interfaces__rosidl_typesupport_c__pyext.dir/rosidl_generator_py/msg_interfaces/_msg_interfaces_s.ep.rosidl_typesupport_c.c.o[0m
[3.540s] [ 97%] [32m[1mLinking C shared library rosidl_generator_py/msg_interfaces/msg_interfaces_s__rosidl_typesupport_introspection_c.cpython-310-x86_64-linux-gnu.so[0m
[3.541s] [ 98%] [32m[1mLinking C shared library rosidl_generator_py/msg_interfaces/msg_interfaces_s__rosidl_typesupport_fastrtps_c.cpython-310-x86_64-linux-gnu.so[0m
[3.543s] [100%] [32m[1mLinking C shared library rosidl_generator_py/msg_interfaces/msg_interfaces_s__rosidl_typesupport_c.cpython-310-x86_64-linux-gnu.so[0m
[3.566s] [100%] Built target msg_interfaces__rosidl_typesupport_introspection_c__pyext
[3.569s] [100%] Built target msg_interfaces__rosidl_typesupport_c__pyext
[3.569s] [100%] Built target msg_interfaces__rosidl_typesupport_fastrtps_c__pyext
[3.577s] Invoked command in '/home/siddhant/irc_rover_controls_2025/drive_control/build/msg_interfaces' returned '0': CMAKE_PREFIX_PATH=/opt/ros/humble /usr/bin/cmake --build /home/siddhant/irc_rover_controls_2025/drive_control/build/msg_interfaces -- -j22 -l22
[3.583s] Invoking command in '/home/siddhant/irc_rover_controls_2025/drive_control/build/msg_interfaces': CMAKE_PREFIX_PATH=/opt/ros/humble /usr/bin/cmake --install /home/siddhant/irc_rover_controls_2025/drive_control/build/msg_interfaces
[3.587s] -- Install configuration: ""
[3.587s] -- Installing: /home/siddhant/irc_rover_controls_2025/drive_control/install/msg_interfaces/share/ament_index/resource_index/rosidl_interfaces/msg_interfaces
[3.587s] -- Installing: /home/siddhant/irc_rover_controls_2025/drive_control/install/msg_interfaces/include/msg_interfaces/msg_interfaces
[3.587s] -- Installing: /home/siddhant/irc_rover_controls_2025/drive_control/install/msg_interfaces/include/msg_interfaces/msg_interfaces/msg
[3.587s] -- Installing: /home/siddhant/irc_rover_controls_2025/drive_control/install/msg_interfaces/include/msg_interfaces/msg_interfaces/msg/motor_six.h
[3.587s] -- Installing: /home/siddhant/irc_rover_controls_2025/drive_control/install/msg_interfaces/include/msg_interfaces/msg_interfaces/msg/encoder_arm.h
[3.588s] -- Installing: /home/siddhant/irc_rover_controls_2025/drive_control/install/msg_interfaces/include/msg_interfaces/msg_interfaces/msg/cam_drive.h
[3.588s] -- Installing: /home/siddhant/irc_rover_controls_2025/drive_control/install/msg_interfaces/include/msg_interfaces/msg_interfaces/msg/rosidl_generator_c__visibility_control.h
[3.588s] -- Installing: /home/siddhant/irc_rover_controls_2025/drive_control/install/msg_interfaces/include/msg_interfaces/msg_interfaces/msg/drive.h
[3.588s] -- Installing: /home/siddhant/irc_rover_controls_2025/drive_control/install/msg_interfaces/include/msg_interfaces/msg_interfaces/msg/encoder_drive.h
[3.588s] -- Installing: /home/siddhant/irc_rover_controls_2025/drive_control/install/msg_interfaces/include/msg_interfaces/msg_interfaces/msg/arm_end_motion.h
[3.588s] -- Installing: /home/siddhant/irc_rover_controls_2025/drive_control/install/msg_interfaces/include/msg_interfaces/msg_interfaces/msg/detail
[3.588s] -- Installing: /home/siddhant/irc_rover_controls_2025/drive_control/install/msg_interfaces/include/msg_interfaces/msg_interfaces/msg/detail/encoder_arm__type_support.h
[3.588s] -- Installing: /home/siddhant/irc_rover_controls_2025/drive_control/install/msg_interfaces/include/msg_interfaces/msg_interfaces/msg/detail/cam_drive__struct.h
[3.588s] -- Installing: /home/siddhant/irc_rover_controls_2025/drive_control/install/msg_interfaces/include/msg_interfaces/msg_interfaces/msg/detail/arm_end_motion__type_support.h
[3.588s] -- Installing: /home/siddhant/irc_rover_controls_2025/drive_control/install/msg_interfaces/include/msg_interfaces/msg_interfaces/msg/detail/encoder_drive__functions.c
[3.588s] -- Installing: /home/siddhant/irc_rover_controls_2025/drive_control/install/msg_interfaces/include/msg_interfaces/msg_interfaces/msg/detail/encoder_drive__struct.h
[3.588s] -- Installing: /home/siddhant/irc_rover_controls_2025/drive_control/install/msg_interfaces/include/msg_interfaces/msg_interfaces/msg/detail/encoder_drive__type_support.h
[3.588s] -- Installing: /home/siddhant/irc_rover_controls_2025/drive_control/install/msg_interfaces/include/msg_interfaces/msg_interfaces/msg/detail/cam_drive__functions.h
[3.588s] -- Installing: /home/siddhant/irc_rover_controls_2025/drive_control/install/msg_interfaces/include/msg_interfaces/msg_interfaces/msg/detail/arm_end_motion__functions.h
[3.588s] -- Installing: /home/siddhant/irc_rover_controls_2025/drive_control/install/msg_interfaces/include/msg_interfaces/msg_interfaces/msg/detail/encoder_arm__struct.h
[3.588s] -- Installing: /home/siddhant/irc_rover_controls_2025/drive_control/install/msg_interfaces/include/msg_interfaces/msg_interfaces/msg/detail/encoder_drive__functions.h
[3.588s] -- Installing: /home/siddhant/irc_rover_controls_2025/drive_control/install/msg_interfaces/include/msg_interfaces/msg_interfaces/msg/detail/arm_end_motion__functions.c
[3.588s] -- Installing: /home/siddhant/irc_rover_controls_2025/drive_control/install/msg_interfaces/include/msg_interfaces/msg_interfaces/msg/detail/drive__functions.c
[3.588s] -- Installing: /home/siddhant/irc_rover_controls_2025/drive_control/install/msg_interfaces/include/msg_interfaces/msg_interfaces/msg/detail/cam_drive__functions.c
[3.588s] -- Installing: /home/siddhant/irc_rover_controls_2025/drive_control/install/msg_interfaces/include/msg_interfaces/msg_interfaces/msg/detail/drive__functions.h
[3.588s] -- Installing: /home/siddhant/irc_rover_controls_2025/drive_control/install/msg_interfaces/include/msg_interfaces/msg_interfaces/msg/detail/drive__type_support.h
[3.588s] -- Installing: /home/siddhant/irc_rover_controls_2025/drive_control/install/msg_interfaces/include/msg_interfaces/msg_interfaces/msg/detail/motor_six__struct.h
[3.588s] -- Installing: /home/siddhant/irc_rover_controls_2025/drive_control/install/msg_interfaces/include/msg_interfaces/msg_interfaces/msg/detail/motor_six__functions.c
[3.588s] -- Installing: /home/siddhant/irc_rover_controls_2025/drive_control/install/msg_interfaces/include/msg_interfaces/msg_interfaces/msg/detail/encoder_arm__functions.h
[3.589s] -- Installing: /home/siddhant/irc_rover_controls_2025/drive_control/install/msg_interfaces/include/msg_interfaces/msg_interfaces/msg/detail/arm_end_motion__struct.h
[3.589s] -- Installing: /home/siddhant/irc_rover_controls_2025/drive_control/install/msg_interfaces/include/msg_interfaces/msg_interfaces/msg/detail/motor_six__type_support.h
[3.589s] -- Installing: /home/siddhant/irc_rover_controls_2025/drive_control/install/msg_interfaces/include/msg_interfaces/msg_interfaces/msg/detail/cam_drive__type_support.h
[3.589s] -- Installing: /home/siddhant/irc_rover_controls_2025/drive_control/install/msg_interfaces/include/msg_interfaces/msg_interfaces/msg/detail/encoder_arm__functions.c
[3.589s] -- Installing: /home/siddhant/irc_rover_controls_2025/drive_control/install/msg_interfaces/include/msg_interfaces/msg_interfaces/msg/detail/motor_six__functions.h
[3.589s] -- Installing: /home/siddhant/irc_rover_controls_2025/drive_control/install/msg_interfaces/include/msg_interfaces/msg_interfaces/msg/detail/drive__struct.h
[3.589s] -- Installing: /home/siddhant/irc_rover_controls_2025/drive_control/install/msg_interfaces/share/msg_interfaces/environment/library_path.sh
[3.589s] -- Installing: /home/siddhant/irc_rover_controls_2025/drive_control/install/msg_interfaces/share/msg_interfaces/environment/library_path.dsv
[3.589s] -- Installing: /home/siddhant/irc_rover_controls_2025/drive_control/install/msg_interfaces/lib/libmsg_interfaces__rosidl_generator_c.so
[3.589s] -- Set runtime path of "/home/siddhant/irc_rover_controls_2025/drive_control/install/msg_interfaces/lib/libmsg_interfaces__rosidl_generator_c.so" to ""
[3.589s] -- Up-to-date: /home/siddhant/irc_rover_controls_2025/drive_control/install/msg_interfaces/include/msg_interfaces/msg_interfaces
[3.589s] -- Up-to-date: /home/siddhant/irc_rover_controls_2025/drive_control/install/msg_interfaces/include/msg_interfaces/msg_interfaces/msg
[3.589s] -- Installing: /home/siddhant/irc_rover_controls_2025/drive_control/install/msg_interfaces/include/msg_interfaces/msg_interfaces/msg/rosidl_typesupport_fastrtps_c__visibility_control.h
[3.589s] -- Up-to-date: /home/siddhant/irc_rover_controls_2025/drive_control/install/msg_interfaces/include/msg_interfaces/msg_interfaces/msg/detail
[3.589s] -- Installing: /home/siddhant/irc_rover_controls_2025/drive_control/install/msg_interfaces/include/msg_interfaces/msg_interfaces/msg/detail/motor_six__rosidl_typesupport_fastrtps_c.h
[3.589s] -- Installing: /home/siddhant/irc_rover_controls_2025/drive_control/install/msg_interfaces/include/msg_interfaces/msg_interfaces/msg/detail/cam_drive__rosidl_typesupport_fastrtps_c.h
[3.589s] -- Installing: /home/siddhant/irc_rover_controls_2025/drive_control/install/msg_interfaces/include/msg_interfaces/msg_interfaces/msg/detail/drive__rosidl_typesupport_fastrtps_c.h
[3.589s] -- Installing: /home/siddhant/irc_rover_controls_2025/drive_control/install/msg_interfaces/include/msg_interfaces/msg_interfaces/msg/detail/encoder_arm__rosidl_typesupport_fastrtps_c.h
[3.589s] -- Installing: /home/siddhant/irc_rover_controls_2025/drive_control/install/msg_interfaces/include/msg_interfaces/msg_interfaces/msg/detail/arm_end_motion__rosidl_typesupport_fastrtps_c.h
[3.590s] -- Installing: /home/siddhant/irc_rover_controls_2025/drive_control/install/msg_interfaces/include/msg_interfaces/msg_interfaces/msg/detail/encoder_drive__rosidl_typesupport_fastrtps_c.h
[3.590s] -- Installing: /home/siddhant/irc_rover_controls_2025/drive_control/install/msg_interfaces/lib/libmsg_interfaces__rosidl_typesupport_fastrtps_c.so
[3.590s] -- Set runtime path of "/home/siddhant/irc_rover_controls_2025/drive_control/install/msg_interfaces/lib/libmsg_interfaces__rosidl_typesupport_fastrtps_c.so" to ""
[3.591s] -- Up-to-date: /home/siddhant/irc_rover_controls_2025/drive_control/install/msg_interfaces/include/msg_interfaces/msg_interfaces
[3.591s] -- Up-to-date: /home/siddhant/irc_rover_controls_2025/drive_control/install/msg_interfaces/include/msg_interfaces/msg_interfaces/msg
[3.591s] -- Installing: /home/siddhant/irc_rover_controls_2025/drive_control/install/msg_interfaces/include/msg_interfaces/msg_interfaces/msg/encoder_arm.hpp
[3.591s] -- Installing: /home/siddhant/irc_rover_controls_2025/drive_control/install/msg_interfaces/include/msg_interfaces/msg_interfaces/msg/motor_six.hpp
[3.591s] -- Installing: /home/siddhant/irc_rover_controls_2025/drive_control/install/msg_interfaces/include/msg_interfaces/msg_interfaces/msg/rosidl_generator_cpp__visibility_control.hpp
[3.591s] -- Installing: /home/siddhant/irc_rover_controls_2025/drive_control/install/msg_interfaces/include/msg_interfaces/msg_interfaces/msg/drive.hpp
[3.592s] -- Installing: /home/siddhant/irc_rover_controls_2025/drive_control/install/msg_interfaces/include/msg_interfaces/msg_interfaces/msg/arm_end_motion.hpp
[3.592s] -- Installing: /home/siddhant/irc_rover_controls_2025/drive_control/install/msg_interfaces/include/msg_interfaces/msg_interfaces/msg/cam_drive.hpp
[3.592s] -- Up-to-date: /home/siddhant/irc_rover_controls_2025/drive_control/install/msg_interfaces/include/msg_interfaces/msg_interfaces/msg/detail
[3.592s] -- Installing: /home/siddhant/irc_rover_controls_2025/drive_control/install/msg_interfaces/include/msg_interfaces/msg_interfaces/msg/detail/cam_drive__builder.hpp
[3.592s] -- Installing: /home/siddhant/irc_rover_controls_2025/drive_control/install/msg_interfaces/include/msg_interfaces/msg_interfaces/msg/detail/drive__struct.hpp
[3.592s] -- Installing: /home/siddhant/irc_rover_controls_2025/drive_control/install/msg_interfaces/include/msg_interfaces/msg_interfaces/msg/detail/drive__traits.hpp
[3.592s] -- Installing: /home/siddhant/irc_rover_controls_2025/drive_control/install/msg_interfaces/include/msg_interfaces/msg_interfaces/msg/detail/encoder_drive__builder.hpp
[3.592s] -- Installing: /home/siddhant/irc_rover_controls_2025/drive_control/install/msg_interfaces/include/msg_interfaces/msg_interfaces/msg/detail/drive__type_support.hpp
[3.592s] -- Installing: /home/siddhant/irc_rover_controls_2025/drive_control/install/msg_interfaces/include/msg_interfaces/msg_interfaces/msg/detail/encoder_arm__struct.hpp
[3.592s] -- Installing: /home/siddhant/irc_rover_controls_2025/drive_control/install/msg_interfaces/include/msg_interfaces/msg_interfaces/msg/detail/arm_end_motion__struct.hpp
[3.592s] -- Installing: /home/siddhant/irc_rover_controls_2025/drive_control/install/msg_interfaces/include/msg_interfaces/msg_interfaces/msg/detail/encoder_drive__type_support.hpp
[3.592s] -- Installing: /home/siddhant/irc_rover_controls_2025/drive_control/install/msg_interfaces/include/msg_interfaces/msg_interfaces/msg/detail/drive__builder.hpp
[3.592s] -- Installing: /home/siddhant/irc_rover_controls_2025/drive_control/install/msg_interfaces/include/msg_interfaces/msg_interfaces/msg/detail/encoder_arm__traits.hpp
[3.592s] -- Installing: /home/siddhant/irc_rover_controls_2025/drive_control/install/msg_interfaces/include/msg_interfaces/msg_interfaces/msg/detail/encoder_drive__traits.hpp
[3.592s] -- Installing: /home/siddhant/irc_rover_controls_2025/drive_control/install/msg_interfaces/include/msg_interfaces/msg_interfaces/msg/detail/motor_six__type_support.hpp
[3.592s] -- Installing: /home/siddhant/irc_rover_controls_2025/drive_control/install/msg_interfaces/include/msg_interfaces/msg_interfaces/msg/detail/cam_drive__struct.hpp
[3.592s] -- Installing: /home/siddhant/irc_rover_controls_2025/drive_control/install/msg_interfaces/include/msg_interfaces/msg_interfaces/msg/detail/encoder_arm__type_support.hpp
[3.592s] -- Installing: /home/siddhant/irc_rover_controls_2025/drive_control/install/msg_interfaces/include/msg_interfaces/msg_interfaces/msg/detail/arm_end_motion__builder.hpp
[3.592s] -- Installing: /home/siddhant/irc_rover_controls_2025/drive_control/install/msg_interfaces/include/msg_interfaces/msg_interfaces/msg/detail/encoder_drive__struct.hpp
[3.592s] -- Installing: /home/siddhant/irc_rover_controls_2025/drive_control/install/msg_interfaces/include/msg_interfaces/msg_interfaces/msg/detail/cam_drive__type_support.hpp
[3.593s] -- Installing: /home/siddhant/irc_rover_controls_2025/drive_control/install/msg_interfaces/include/msg_interfaces/msg_interfaces/msg/detail/cam_drive__traits.hpp
[3.593s] -- Installing: /home/siddhant/irc_rover_controls_2025/drive_control/install/msg_interfaces/include/msg_interfaces/msg_interfaces/msg/detail/arm_end_motion__type_support.hpp
[3.593s] -- Installing: /home/siddhant/irc_rover_controls_2025/drive_control/install/msg_interfaces/include/msg_interfaces/msg_interfaces/msg/detail/motor_six__struct.hpp
[3.593s] -- Installing: /home/siddhant/irc_rover_controls_2025/drive_control/install/msg_interfaces/include/msg_interfaces/msg_interfaces/msg/detail/encoder_arm__builder.hpp
[3.593s] -- Installing: /home/siddhant/irc_rover_controls_2025/drive_control/install/msg_interfaces/include/msg_interfaces/msg_interfaces/msg/detail/motor_six__builder.hpp
[3.593s] -- Installing: /home/siddhant/irc_rover_controls_2025/drive_control/install/msg_interfaces/include/msg_interfaces/msg_interfaces/msg/detail/arm_end_motion__traits.hpp
[3.593s] -- Installing: /home/siddhant/irc_rover_controls_2025/drive_control/install/msg_interfaces/include/msg_interfaces/msg_interfaces/msg/detail/motor_six__traits.hpp
[3.593s] -- Installing: /home/siddhant/irc_rover_controls_2025/drive_control/install/msg_interfaces/include/msg_interfaces/msg_interfaces/msg/encoder_drive.hpp
[3.593s] -- Up-to-date: /home/siddhant/irc_rover_controls_2025/drive_control/install/msg_interfaces/include/msg_interfaces/msg_interfaces
[3.593s] -- Up-to-date: /home/siddhant/irc_rover_controls_2025/drive_control/install/msg_interfaces/include/msg_interfaces/msg_interfaces/msg
[3.593s] -- Up-to-date: /home/siddhant/irc_rover_controls_2025/drive_control/install/msg_interfaces/include/msg_interfaces/msg_interfaces/msg/detail
[3.593s] -- Installing: /home/siddhant/irc_rover_controls_2025/drive_control/install/msg_interfaces/include/msg_interfaces/msg_interfaces/msg/detail/drive__rosidl_typesupport_fastrtps_cpp.hpp
[3.594s] -- Installing: /home/siddhant/irc_rover_controls_2025/drive_control/install/msg_interfaces/include/msg_interfaces/msg_interfaces/msg/detail/motor_six__rosidl_typesupport_fastrtps_cpp.hpp
[3.594s] -- Installing: /home/siddhant/irc_rover_controls_2025/drive_control/install/msg_interfaces/include/msg_interfaces/msg_interfaces/msg/detail/arm_end_motion__rosidl_typesupport_fastrtps_cpp.hpp
[3.594s] -- Installing: /home/siddhant/irc_rover_controls_2025/drive_control/install/msg_interfaces/include/msg_interfaces/msg_interfaces/msg/detail/cam_drive__rosidl_typesupport_fastrtps_cpp.hpp
[3.594s] -- Installing: /home/siddhant/irc_rover_controls_2025/drive_control/install/msg_interfaces/include/msg_interfaces/msg_interfaces/msg/detail/encoder_arm__rosidl_typesupport_fastrtps_cpp.hpp
[3.594s] -- Installing: /home/siddhant/irc_rover_controls_2025/drive_control/install/msg_interfaces/include/msg_interfaces/msg_interfaces/msg/detail/dds_fastrtps
[3.594s] -- Installing: /home/siddhant/irc_rover_controls_2025/drive_control/install/msg_interfaces/include/msg_interfaces/msg_interfaces/msg/detail/encoder_drive__rosidl_typesupport_fastrtps_cpp.hpp
[3.594s] -- Installing: /home/siddhant/irc_rover_controls_2025/drive_control/install/msg_interfaces/include/msg_interfaces/msg_interfaces/msg/rosidl_typesupport_fastrtps_cpp__visibility_control.h
[3.594s] -- Installing: /home/siddhant/irc_rover_controls_2025/drive_control/install/msg_interfaces/lib/libmsg_interfaces__rosidl_typesupport_fastrtps_cpp.so
[3.594s] -- Set runtime path of "/home/siddhant/irc_rover_controls_2025/drive_control/install/msg_interfaces/lib/libmsg_interfaces__rosidl_typesupport_fastrtps_cpp.so" to ""
[3.594s] -- Up-to-date: /home/siddhant/irc_rover_controls_2025/drive_control/install/msg_interfaces/include/msg_interfaces/msg_interfaces
[3.594s] -- Up-to-date: /home/siddhant/irc_rover_controls_2025/drive_control/install/msg_interfaces/include/msg_interfaces/msg_interfaces/msg
[3.594s] -- Installing: /home/siddhant/irc_rover_controls_2025/drive_control/install/msg_interfaces/include/msg_interfaces/msg_interfaces/msg/rosidl_typesupport_introspection_c__visibility_control.h
[3.594s] -- Up-to-date: /home/siddhant/irc_rover_controls_2025/drive_control/install/msg_interfaces/include/msg_interfaces/msg_interfaces/msg/detail
[3.594s] -- Installing: /home/siddhant/irc_rover_controls_2025/drive_control/install/msg_interfaces/include/msg_interfaces/msg_interfaces/msg/detail/encoder_arm__type_support.c
[3.594s] -- Installing: /home/siddhant/irc_rover_controls_2025/drive_control/install/msg_interfaces/include/msg_interfaces/msg_interfaces/msg/detail/motor_six__type_support.c
[3.595s] -- Installing: /home/siddhant/irc_rover_controls_2025/drive_control/install/msg_interfaces/include/msg_interfaces/msg_interfaces/msg/detail/drive__rosidl_typesupport_introspection_c.h
[3.595s] -- Installing: /home/siddhant/irc_rover_controls_2025/drive_control/install/msg_interfaces/include/msg_interfaces/msg_interfaces/msg/detail/encoder_arm__rosidl_typesupport_introspection_c.h
[3.595s] -- Installing: /home/siddhant/irc_rover_controls_2025/drive_control/install/msg_interfaces/include/msg_interfaces/msg_interfaces/msg/detail/arm_end_motion__type_support.c
[3.595s] -- Installing: /home/siddhant/irc_rover_controls_2025/drive_control/install/msg_interfaces/include/msg_interfaces/msg_interfaces/msg/detail/cam_drive__type_support.c
[3.595s] -- Installing: /home/siddhant/irc_rover_controls_2025/drive_control/install/msg_interfaces/include/msg_interfaces/msg_interfaces/msg/detail/cam_drive__rosidl_typesupport_introspection_c.h
[3.595s] -- Installing: /home/siddhant/irc_rover_controls_2025/drive_control/install/msg_interfaces/include/msg_interfaces/msg_interfaces/msg/detail/drive__type_support.c
[3.595s] -- Installing: /home/siddhant/irc_rover_controls_2025/drive_control/install/msg_interfaces/include/msg_interfaces/msg_interfaces/msg/detail/arm_end_motion__rosidl_typesupport_introspection_c.h
[3.595s] -- Installing: /home/siddhant/irc_rover_controls_2025/drive_control/install/msg_interfaces/include/msg_interfaces/msg_interfaces/msg/detail/encoder_drive__rosidl_typesupport_introspection_c.h
[3.595s] -- Installing: /home/siddhant/irc_rover_controls_2025/drive_control/install/msg_interfaces/include/msg_interfaces/msg_interfaces/msg/detail/motor_six__rosidl_typesupport_introspection_c.h
[3.595s] -- Installing: /home/siddhant/irc_rover_controls_2025/drive_control/install/msg_interfaces/include/msg_interfaces/msg_interfaces/msg/detail/encoder_drive__type_support.c
[3.595s] -- Installing: /home/siddhant/irc_rover_controls_2025/drive_control/install/msg_interfaces/lib/libmsg_interfaces__rosidl_typesupport_introspection_c.so
[3.595s] -- Set runtime path of "/home/siddhant/irc_rover_controls_2025/drive_control/install/msg_interfaces/lib/libmsg_interfaces__rosidl_typesupport_introspection_c.so" to ""
[3.595s] -- Installing: /home/siddhant/irc_rover_controls_2025/drive_control/install/msg_interfaces/lib/libmsg_interfaces__rosidl_typesupport_c.so
[3.595s] -- Set runtime path of "/home/siddhant/irc_rover_controls_2025/drive_control/install/msg_interfaces/lib/libmsg_interfaces__rosidl_typesupport_c.so" to ""
[3.595s] -- Up-to-date: /home/siddhant/irc_rover_controls_2025/drive_control/install/msg_interfaces/include/msg_interfaces/msg_interfaces
[3.595s] -- Up-to-date: /home/siddhant/irc_rover_controls_2025/drive_control/install/msg_interfaces/include/msg_interfaces/msg_interfaces/msg
[3.595s] -- Up-to-date: /home/siddhant/irc_rover_controls_2025/drive_control/install/msg_interfaces/include/msg_interfaces/msg_interfaces/msg/detail
[3.595s] -- Installing: /home/siddhant/irc_rover_controls_2025/drive_control/install/msg_interfaces/include/msg_interfaces/msg_interfaces/msg/detail/motor_six__rosidl_typesupport_introspection_cpp.hpp
[3.596s] -- Installing: /home/siddhant/irc_rover_controls_2025/drive_control/install/msg_interfaces/include/msg_interfaces/msg_interfaces/msg/detail/encoder_drive__type_support.cpp
[3.596s] -- Installing: /home/siddhant/irc_rover_controls_2025/drive_control/install/msg_interfaces/include/msg_interfaces/msg_interfaces/msg/detail/drive__type_support.cpp
[3.596s] -- Installing: /home/siddhant/irc_rover_controls_2025/drive_control/install/msg_interfaces/include/msg_interfaces/msg_interfaces/msg/detail/motor_six__type_support.cpp
[3.596s] -- Installing: /home/siddhant/irc_rover_controls_2025/drive_control/install/msg_interfaces/include/msg_interfaces/msg_interfaces/msg/detail/cam_drive__rosidl_typesupport_introspection_cpp.hpp
[3.596s] -- Installing: /home/siddhant/irc_rover_controls_2025/drive_control/install/msg_interfaces/include/msg_interfaces/msg_interfaces/msg/detail/encoder_arm__rosidl_typesupport_introspection_cpp.hpp
[3.596s] -- Installing: /home/siddhant/irc_rover_controls_2025/drive_control/install/msg_interfaces/include/msg_interfaces/msg_interfaces/msg/detail/arm_end_motion__type_support.cpp
[3.596s] -- Installing: /home/siddhant/irc_rover_controls_2025/drive_control/install/msg_interfaces/include/msg_interfaces/msg_interfaces/msg/detail/arm_end_motion__rosidl_typesupport_introspection_cpp.hpp
[3.596s] -- Installing: /home/siddhant/irc_rover_controls_2025/drive_control/install/msg_interfaces/include/msg_interfaces/msg_interfaces/msg/detail/encoder_arm__type_support.cpp
[3.596s] -- Installing: /home/siddhant/irc_rover_controls_2025/drive_control/install/msg_interfaces/include/msg_interfaces/msg_interfaces/msg/detail/drive__rosidl_typesupport_introspection_cpp.hpp
[3.596s] -- Installing: /home/siddhant/irc_rover_controls_2025/drive_control/install/msg_interfaces/include/msg_interfaces/msg_interfaces/msg/detail/encoder_drive__rosidl_typesupport_introspection_cpp.hpp
[3.596s] -- Installing: /home/siddhant/irc_rover_controls_2025/drive_control/install/msg_interfaces/include/msg_interfaces/msg_interfaces/msg/detail/cam_drive__type_support.cpp
[3.596s] -- Installing: /home/siddhant/irc_rover_controls_2025/drive_control/install/msg_interfaces/lib/libmsg_interfaces__rosidl_typesupport_introspection_cpp.so
[3.596s] -- Set runtime path of "/home/siddhant/irc_rover_controls_2025/drive_control/install/msg_interfaces/lib/libmsg_interfaces__rosidl_typesupport_introspection_cpp.so" to ""
[3.596s] -- Installing: /home/siddhant/irc_rover_controls_2025/drive_control/install/msg_interfaces/lib/libmsg_interfaces__rosidl_typesupport_cpp.so
[3.596s] -- Set runtime path of "/home/siddhant/irc_rover_controls_2025/drive_control/install/msg_interfaces/lib/libmsg_interfaces__rosidl_typesupport_cpp.so" to ""
[3.596s] -- Installing: /home/siddhant/irc_rover_controls_2025/drive_control/install/msg_interfaces/share/msg_interfaces/environment/pythonpath.sh
[3.596s] -- Installing: /home/siddhant/irc_rover_controls_2025/drive_control/install/msg_interfaces/share/msg_interfaces/environment/pythonpath.dsv
[3.596s] -- Installing: /home/siddhant/irc_rover_controls_2025/drive_control/install/msg_interfaces/local/lib/python3.10/dist-packages/msg_interfaces-0.0.0-py3.10.egg-info
[3.596s] -- Installing: /home/siddhant/irc_rover_controls_2025/drive_control/install/msg_interfaces/local/lib/python3.10/dist-packages/msg_interfaces-0.0.0-py3.10.egg-info/SOURCES.txt
[3.596s] -- Installing: /home/siddhant/irc_rover_controls_2025/drive_control/install/msg_interfaces/local/lib/python3.10/dist-packages/msg_interfaces-0.0.0-py3.10.egg-info/top_level.txt
[3.597s] -- Installing: /home/siddhant/irc_rover_controls_2025/drive_control/install/msg_interfaces/local/lib/python3.10/dist-packages/msg_interfaces-0.0.0-py3.10.egg-info/PKG-INFO
[3.597s] -- Installing: /home/siddhant/irc_rover_controls_2025/drive_control/install/msg_interfaces/local/lib/python3.10/dist-packages/msg_interfaces-0.0.0-py3.10.egg-info/dependency_links.txt
[3.597s] -- Installing: /home/siddhant/irc_rover_controls_2025/drive_control/install/msg_interfaces/local/lib/python3.10/dist-packages/msg_interfaces
[3.597s] -- Installing: /home/siddhant/irc_rover_controls_2025/drive_control/install/msg_interfaces/local/lib/python3.10/dist-packages/msg_interfaces/_msg_interfaces_s.ep.rosidl_typesupport_fastrtps_c.c
[3.597s] -- Installing: /home/siddhant/irc_rover_controls_2025/drive_control/install/msg_interfaces/local/lib/python3.10/dist-packages/msg_interfaces/_msg_interfaces_s.ep.rosidl_typesupport_introspection_c.c
[3.597s] -- Installing: /home/siddhant/irc_rover_controls_2025/drive_control/install/msg_interfaces/local/lib/python3.10/dist-packages/msg_interfaces/libmsg_interfaces__rosidl_generator_py.so
[3.597s] -- Installing: /home/siddhant/irc_rover_controls_2025/drive_control/install/msg_interfaces/local/lib/python3.10/dist-packages/msg_interfaces/msg_interfaces_s__rosidl_typesupport_fastrtps_c.cpython-310-x86_64-linux-gnu.so
[3.597s] -- Installing: /home/siddhant/irc_rover_controls_2025/drive_control/install/msg_interfaces/local/lib/python3.10/dist-packages/msg_interfaces/__init__.py
[3.597s] -- Installing: /home/siddhant/irc_rover_controls_2025/drive_control/install/msg_interfaces/local/lib/python3.10/dist-packages/msg_interfaces/msg_interfaces_s__rosidl_typesupport_c.cpython-310-x86_64-linux-gnu.so
[3.597s] -- Installing: /home/siddhant/irc_rover_controls_2025/drive_control/install/msg_interfaces/local/lib/python3.10/dist-packages/msg_interfaces/msg
[3.597s] -- Installing: /home/siddhant/irc_rover_controls_2025/drive_control/install/msg_interfaces/local/lib/python3.10/dist-packages/msg_interfaces/msg/_drive_s.c
[3.597s] -- Installing: /home/siddhant/irc_rover_controls_2025/drive_control/install/msg_interfaces/local/lib/python3.10/dist-packages/msg_interfaces/msg/_motor_six.py
[3.597s] -- Installing: /home/siddhant/irc_rover_controls_2025/drive_control/install/msg_interfaces/local/lib/python3.10/dist-packages/msg_interfaces/msg/_encoder_drive_s.c
[3.597s] -- Installing: /home/siddhant/irc_rover_controls_2025/drive_control/install/msg_interfaces/local/lib/python3.10/dist-packages/msg_interfaces/msg/_drive.py
[3.597s] -- Installing: /home/siddhant/irc_rover_controls_2025/drive_control/install/msg_interfaces/local/lib/python3.10/dist-packages/msg_interfaces/msg/_arm_end_motion_s.c
[3.597s] -- Installing: /home/siddhant/irc_rover_controls_2025/drive_control/install/msg_interfaces/local/lib/python3.10/dist-packages/msg_interfaces/msg/_arm_end_motion.py
[3.597s] -- Installing: /home/siddhant/irc_rover_controls_2025/drive_control/install/msg_interfaces/local/lib/python3.10/dist-packages/msg_interfaces/msg/_encoder_arm_s.c
[3.597s] -- Installing: /home/siddhant/irc_rover_controls_2025/drive_control/install/msg_interfaces/local/lib/python3.10/dist-packages/msg_interfaces/msg/_encoder_drive.py
[3.597s] -- Installing: /home/siddhant/irc_rover_controls_2025/drive_control/install/msg_interfaces/local/lib/python3.10/dist-packages/msg_interfaces/msg/_motor_six_s.c
[3.597s] -- Installing: /home/siddhant/irc_rover_controls_2025/drive_control/install/msg_interfaces/local/lib/python3.10/dist-packages/msg_interfaces/msg/_encoder_arm.py
[3.597s] -- Installing: /home/siddhant/irc_rover_controls_2025/drive_control/install/msg_interfaces/local/lib/python3.10/dist-packages/msg_interfaces/msg/_cam_drive_s.c
[3.597s] -- Installing: /home/siddhant/irc_rover_controls_2025/drive_control/install/msg_interfaces/local/lib/python3.10/dist-packages/msg_interfaces/msg/__init__.py
[3.598s] -- Installing: /home/siddhant/irc_rover_controls_2025/drive_control/install/msg_interfaces/local/lib/python3.10/dist-packages/msg_interfaces/msg/_cam_drive.py
[3.598s] -- Installing: /home/siddhant/irc_rover_controls_2025/drive_control/install/msg_interfaces/local/lib/python3.10/dist-packages/msg_interfaces/msg_interfaces_s__rosidl_typesupport_introspection_c.cpython-310-x86_64-linux-gnu.so
[3.598s] -- Installing: /home/siddhant/irc_rover_controls_2025/drive_control/install/msg_interfaces/local/lib/python3.10/dist-packages/msg_interfaces/_msg_interfaces_s.ep.rosidl_typesupport_c.c
[3.624s] Listing '/home/siddhant/irc_rover_controls_2025/drive_control/install/msg_interfaces/local/lib/python3.10/dist-packages/msg_interfaces'...
[3.624s] Compiling '/home/siddhant/irc_rover_controls_2025/drive_control/install/msg_interfaces/local/lib/python3.10/dist-packages/msg_interfaces/__init__.py'...
[3.624s] Listing '/home/siddhant/irc_rover_controls_2025/drive_control/install/msg_interfaces/local/lib/python3.10/dist-packages/msg_interfaces/msg'...
[3.624s] Compiling '/home/siddhant/irc_rover_controls_2025/drive_control/install/msg_interfaces/local/lib/python3.10/dist-packages/msg_interfaces/msg/__init__.py'...
[3.624s] Compiling '/home/siddhant/irc_rover_controls_2025/drive_control/install/msg_interfaces/local/lib/python3.10/dist-packages/msg_interfaces/msg/_arm_end_motion.py'...
[3.624s] Compiling '/home/siddhant/irc_rover_controls_2025/drive_control/install/msg_interfaces/local/lib/python3.10/dist-packages/msg_interfaces/msg/_cam_drive.py'...
[3.624s] Compiling '/home/siddhant/irc_rover_controls_2025/drive_control/install/msg_interfaces/local/lib/python3.10/dist-packages/msg_interfaces/msg/_drive.py'...
[3.624s] Compiling '/home/siddhant/irc_rover_controls_2025/drive_control/install/msg_interfaces/local/lib/python3.10/dist-packages/msg_interfaces/msg/_encoder_arm.py'...
[3.624s] Compiling '/home/siddhant/irc_rover_controls_2025/drive_control/install/msg_interfaces/local/lib/python3.10/dist-packages/msg_interfaces/msg/_encoder_drive.py'...
[3.624s] Compiling '/home/siddhant/irc_rover_controls_2025/drive_control/install/msg_interfaces/local/lib/python3.10/dist-packages/msg_interfaces/msg/_motor_six.py'...
[3.627s] -- Installing: /home/siddhant/irc_rover_controls_2025/drive_control/install/msg_interfaces/local/lib/python3.10/dist-packages/msg_interfaces/msg_interfaces_s__rosidl_typesupport_fastrtps_c.cpython-310-x86_64-linux-gnu.so
[3.627s] -- Set runtime path of "/home/siddhant/irc_rover_controls_2025/drive_control/install/msg_interfaces/local/lib/python3.10/dist-packages/msg_interfaces/msg_interfaces_s__rosidl_typesupport_fastrtps_c.cpython-310-x86_64-linux-gnu.so" to ""
[3.628s] -- Installing: /home/siddhant/irc_rover_controls_2025/drive_control/install/msg_interfaces/local/lib/python3.10/dist-packages/msg_interfaces/msg_interfaces_s__rosidl_typesupport_introspection_c.cpython-310-x86_64-linux-gnu.so
[3.628s] -- Set runtime path of "/home/siddhant/irc_rover_controls_2025/drive_control/install/msg_interfaces/local/lib/python3.10/dist-packages/msg_interfaces/msg_interfaces_s__rosidl_typesupport_introspection_c.cpython-310-x86_64-linux-gnu.so" to ""
[3.628s] -- Installing: /home/siddhant/irc_rover_controls_2025/drive_control/install/msg_interfaces/local/lib/python3.10/dist-packages/msg_interfaces/msg_interfaces_s__rosidl_typesupport_c.cpython-310-x86_64-linux-gnu.so
[3.629s] -- Set runtime path of "/home/siddhant/irc_rover_controls_2025/drive_control/install/msg_interfaces/local/lib/python3.10/dist-packages/msg_interfaces/msg_interfaces_s__rosidl_typesupport_c.cpython-310-x86_64-linux-gnu.so" to ""
[3.629s] -- Installing: /home/siddhant/irc_rover_controls_2025/drive_control/install/msg_interfaces/lib/libmsg_interfaces__rosidl_generator_py.so
[3.629s] -- Set runtime path of "/home/siddhant/irc_rover_controls_2025/drive_control/install/msg_interfaces/lib/libmsg_interfaces__rosidl_generator_py.so" to ""
[3.629s] -- Installing: /home/siddhant/irc_rover_controls_2025/drive_control/install/msg_interfaces/share/msg_interfaces/msg/Drive.idl
[3.629s] -- Installing: /home/siddhant/irc_rover_controls_2025/drive_control/install/msg_interfaces/share/msg_interfaces/msg/CamDrive.idl
[3.630s] -- Installing: /home/siddhant/irc_rover_controls_2025/drive_control/install/msg_interfaces/share/msg_interfaces/msg/ArmEndMotion.idl
[3.630s] -- Installing: /home/siddhant/irc_rover_controls_2025/drive_control/install/msg_interfaces/share/msg_interfaces/msg/MotorSix.idl
[3.630s] -- Installing: /home/siddhant/irc_rover_controls_2025/drive_control/install/msg_interfaces/share/msg_interfaces/msg/EncoderArm.idl
[3.630s] -- Installing: /home/siddhant/irc_rover_controls_2025/drive_control/install/msg_interfaces/share/msg_interfaces/msg/EncoderDrive.idl
[3.630s] -- Installing: /home/siddhant/irc_rover_controls_2025/drive_control/install/msg_interfaces/share/msg_interfaces/msg/Drive.msg
[3.630s] -- Installing: /home/siddhant/irc_rover_controls_2025/drive_control/install/msg_interfaces/share/msg_interfaces/msg/CamDrive.msg
[3.630s] -- Installing: /home/siddhant/irc_rover_controls_2025/drive_control/install/msg_interfaces/share/msg_interfaces/msg/ArmEndMotion.msg
[3.630s] -- Installing: /home/siddhant/irc_rover_controls_2025/drive_control/install/msg_interfaces/share/msg_interfaces/msg/MotorSix.msg
[3.630s] -- Installing: /home/siddhant/irc_rover_controls_2025/drive_control/install/msg_interfaces/share/msg_interfaces/msg/EncoderArm.msg
[3.630s] -- Installing: /home/siddhant/irc_rover_controls_2025/drive_control/install/msg_interfaces/share/msg_interfaces/msg/EncoderDrive.msg
[3.630s] -- Installing: /home/siddhant/irc_rover_controls_2025/drive_control/install/msg_interfaces/share/ament_index/resource_index/package_run_dependencies/msg_interfaces
[3.630s] -- Installing: /home/siddhant/irc_rover_controls_2025/drive_control/install/msg_interfaces/share/ament_index/resource_index/parent_prefix_path/msg_interfaces
[3.630s] -- Installing: /home/siddhant/irc_rover_controls_2025/drive_control/install/msg_interfaces/share/msg_interfaces/environment/ament_prefix_path.sh
[3.630s] -- Installing: /home/siddhant/irc_rover_controls_2025/drive_control/install/msg_interfaces/share/msg_interfaces/environment/ament_prefix_path.dsv
[3.631s] -- Installing: /home/siddhant/irc_rover_controls_2025/drive_control/install/msg_interfaces/share/msg_interfaces/environment/path.sh
[3.631s] -- Installing: /home/siddhant/irc_rover_controls_2025/drive_control/install/msg_interfaces/share/msg_interfaces/environment/path.dsv
[3.631s] -- Installing: /home/siddhant/irc_rover_controls_2025/drive_control/install/msg_interfaces/share/msg_interfaces/local_setup.bash
[3.631s] -- Installing: /home/siddhant/irc_rover_controls_2025/drive_control/install/msg_interfaces/share/msg_interfaces/local_setup.sh
[3.631s] -- Installing: /home/siddhant/irc_rover_controls_2025/drive_control/install/msg_interfaces/share/msg_interfaces/local_setup.zsh
[3.631s] -- Installing: /home/siddhant/irc_rover_controls_2025/drive_control/install/msg_interfaces/share/msg_interfaces/local_setup.dsv
[3.631s] -- Installing: /home/siddhant/irc_rover_controls_2025/drive_control/install/msg_interfaces/share/msg_interfaces/package.dsv
[3.631s] -- Installing: /home/siddhant/irc_rover_controls_2025/drive_control/install/msg_interfaces/share/ament_index/resource_index/packages/msg_interfaces
[3.631s] -- Installing: /home/siddhant/irc_rover_controls_2025/drive_control/install/msg_interfaces/share/msg_interfaces/cmake/export_msg_interfaces__rosidl_generator_cExport.cmake
[3.631s] -- Installing: /home/siddhant/irc_rover_controls_2025/drive_control/install/msg_interfaces/share/msg_interfaces/cmake/export_msg_interfaces__rosidl_generator_cExport-noconfig.cmake
[3.631s] -- Installing: /home/siddhant/irc_rover_controls_2025/drive_control/install/msg_interfaces/share/msg_interfaces/cmake/export_msg_interfaces__rosidl_typesupport_fastrtps_cExport.cmake
[3.631s] -- Installing: /home/siddhant/irc_rover_controls_2025/drive_control/install/msg_interfaces/share/msg_interfaces/cmake/export_msg_interfaces__rosidl_typesupport_fastrtps_cExport-noconfig.cmake
[3.631s] -- Installing: /home/siddhant/irc_rover_controls_2025/drive_control/install/msg_interfaces/share/msg_interfaces/cmake/export_msg_interfaces__rosidl_generator_cppExport.cmake
[3.631s] -- Installing: /home/siddhant/irc_rover_controls_2025/drive_control/install/msg_interfaces/share/msg_interfaces/cmake/export_msg_interfaces__rosidl_typesupport_fastrtps_cppExport.cmake
[3.632s] -- Installing: /home/siddhant/irc_rover_controls_2025/drive_control/install/msg_interfaces/share/msg_interfaces/cmake/export_msg_interfaces__rosidl_typesupport_fastrtps_cppExport-noconfig.cmake
[3.632s] -- Installing: /home/siddhant/irc_rover_controls_2025/drive_control/install/msg_interfaces/share/msg_interfaces/cmake/msg_interfaces__rosidl_typesupport_introspection_cExport.cmake
[3.632s] -- Installing: /home/siddhant/irc_rover_controls_2025/drive_control/install/msg_interfaces/share/msg_interfaces/cmake/msg_interfaces__rosidl_typesupport_introspection_cExport-noconfig.cmake
[3.632s] -- Installing: /home/siddhant/irc_rover_controls_2025/drive_control/install/msg_interfaces/share/msg_interfaces/cmake/msg_interfaces__rosidl_typesupport_cExport.cmake
[3.632s] -- Installing: /home/siddhant/irc_rover_controls_2025/drive_control/install/msg_interfaces/share/msg_interfaces/cmake/msg_interfaces__rosidl_typesupport_cExport-noconfig.cmake
[3.632s] -- Installing: /home/siddhant/irc_rover_controls_2025/drive_control/install/msg_interfaces/share/msg_interfaces/cmake/msg_interfaces__rosidl_typesupport_introspection_cppExport.cmake
[3.632s] -- Installing: /home/siddhant/irc_rover_controls_2025/drive_control/install/msg_interfaces/share/msg_interfaces/cmake/msg_interfaces__rosidl_typesupport_introspection_cppExport-noconfig.cmake
[3.632s] -- Installing: /home/siddhant/irc_rover_controls_2025/drive_control/install/msg_interfaces/share/msg_interfaces/cmake/msg_interfaces__rosidl_typesupport_cppExport.cmake
[3.632s] -- Installing: /home/siddhant/irc_rover_controls_2025/drive_control/install/msg_interfaces/share/msg_interfaces/cmake/msg_interfaces__rosidl_typesupport_cppExport-noconfig.cmake
[3.632s] -- Installing: /home/siddhant/irc_rover_controls_2025/drive_control/install/msg_interfaces/share/msg_interfaces/cmake/export_msg_interfaces__rosidl_generator_pyExport.cmake
[3.632s] -- Installing: /home/siddhant/irc_rover_controls_2025/drive_control/install/msg_interfaces/share/msg_interfaces/cmake/export_msg_interfaces__rosidl_generator_pyExport-noconfig.cmake
[3.632s] -- Installing: /home/siddhant/irc_rover_controls_2025/drive_control/install/msg_interfaces/share/msg_interfaces/cmake/rosidl_cmake-extras.cmake
[3.632s] -- Installing: /home/siddhant/irc_rover_controls_2025/drive_control/install/msg_interfaces/share/msg_interfaces/cmake/ament_cmake_export_dependencies-extras.cmake
[3.632s] -- Installing: /home/siddhant/irc_rover_controls_2025/drive_control/install/msg_interfaces/share/msg_interfaces/cmake/ament_cmake_export_include_directories-extras.cmake
[3.632s] -- Installing: /home/siddhant/irc_rover_controls_2025/drive_control/install/msg_interfaces/share/msg_interfaces/cmake/ament_cmake_export_libraries-extras.cmake
[3.633s] -- Installing: /home/siddhant/irc_rover_controls_2025/drive_control/install/msg_interfaces/share/msg_interfaces/cmake/ament_cmake_export_targets-extras.cmake
[3.633s] -- Installing: /home/siddhant/irc_rover_controls_2025/drive_control/install/msg_interfaces/share/msg_interfaces/cmake/rosidl_cmake_export_typesupport_targets-extras.cmake
[3.633s] -- Installing: /home/siddhant/irc_rover_controls_2025/drive_control/install/msg_interfaces/share/msg_interfaces/cmake/rosidl_cmake_export_typesupport_libraries-extras.cmake
[3.633s] -- Installing: /home/siddhant/irc_rover_controls_2025/drive_control/install/msg_interfaces/share/msg_interfaces/cmake/msg_interfacesConfig.cmake
[3.633s] -- Installing: /home/siddhant/irc_rover_controls_2025/drive_control/install/msg_interfaces/share/msg_interfaces/cmake/msg_interfacesConfig-version.cmake
[3.633s] -- Installing: /home/siddhant/irc_rover_controls_2025/drive_control/install/msg_interfaces/share/msg_interfaces/package.xml
[3.635s] Invoked command in '/home/siddhant/irc_rover_controls_2025/drive_control/build/msg_interfaces' returned '0': CMAKE_PREFIX_PATH=/opt/ros/humble /usr/bin/cmake --install /home/siddhant/irc_rover_controls_2025/drive_control/build/msg_interfaces
