[0.101s] DEBUG:colcon:Command line arguments: ['/usr/bin/colcon', 'build']
[0.101s] DEBUG:colcon:Parsed command line arguments: Namespace(log_base=None, log_level=None, verb_name='build', build_base='build', install_base='install', merge_install=False, symlink_install=False, test_result_base=None, continue_on_error=False, executor='parallel', parallel_workers=8, event_handlers=None, ignore_user_meta=False, metas=['./colcon.meta'], base_paths=['.'], packages_ignore=None, packages_ignore_regex=None, paths=None, packages_up_to=None, packages_up_to_regex=None, packages_above=None, packages_above_and_dependencies=None, packages_above_depth=None, packages_select_by_dep=None, packages_skip_by_dep=None, packages_skip_up_to=None, packages_select_build_failed=False, packages_skip_build_finished=False, packages_select_test_failures=False, packages_skip_test_passed=False, packages_select=None, packages_skip=None, packages_select_regex=None, packages_skip_regex=None, packages_start=None, packages_end=None, allow_overriding=[], cmake_args=None, cmake_target=None, cmake_target_skip_unavailable=False, cmake_clean_cache=False, cmake_clean_first=False, cmake_force_configure=False, ament_cmake_args=None, catkin_cmake_args=None, catkin_skip_building_tests=False, mixin_files=None, mixin=None, verb_parser=<colcon_mixin.mixin.mixin_argument.MixinArgumentDecorator object at 0x7fb4ff0849a0>, verb_extension=<colcon_core.verb.build.BuildVerb object at 0x7fb4ff198fa0>, main=<bound method BuildVerb.main of <colcon_core.verb.build.BuildVerb object at 0x7fb4ff198fa0>>, mixin_verb=('build',))
[0.262s] Level 1:colcon.colcon_core.package_discovery:discover_packages(colcon_meta) check parameters
[0.262s] Level 1:colcon.colcon_core.package_discovery:discover_packages(recursive) check parameters
[0.262s] Level 1:colcon.colcon_core.package_discovery:discover_packages(ignore) check parameters
[0.262s] Level 1:colcon.colcon_core.package_discovery:discover_packages(path) check parameters
[0.262s] Level 1:colcon.colcon_core.package_discovery:discover_packages(colcon_meta) discover
[0.262s] Level 1:colcon.colcon_core.package_discovery:discover_packages(recursive) discover
[0.262s] INFO:colcon.colcon_core.package_discovery:Crawling recursively for packages in '/home/sudhindra/irc/arm_control'
[0.262s] Level 1:colcon.colcon_core.package_identification:_identify(.) by extensions ['ignore', 'ignore_ament_install']
[0.262s] Level 1:colcon.colcon_core.package_identification:_identify(.) by extension 'ignore'
[0.262s] Level 1:colcon.colcon_core.package_identification:_identify(.) by extension 'ignore_ament_install'
[0.262s] Level 1:colcon.colcon_core.package_identification:_identify(.) by extensions ['colcon_pkg']
[0.262s] Level 1:colcon.colcon_core.package_identification:_identify(.) by extension 'colcon_pkg'
[0.262s] Level 1:colcon.colcon_core.package_identification:_identify(.) by extensions ['colcon_meta']
[0.262s] Level 1:colcon.colcon_core.package_identification:_identify(.) by extension 'colcon_meta'
[0.262s] Level 1:colcon.colcon_core.package_identification:_identify(.) by extensions ['ros']
[0.262s] Level 1:colcon.colcon_core.package_identification:_identify(.) by extension 'ros'
[0.278s] Level 1:colcon.colcon_core.package_identification:_identify(.) by extensions ['cmake', 'python']
[0.278s] Level 1:colcon.colcon_core.package_identification:_identify(.) by extension 'cmake'
[0.278s] Level 1:colcon.colcon_core.package_identification:_identify(.) by extension 'python'
[0.278s] Level 1:colcon.colcon_core.package_identification:_identify(.) by extensions ['python_setup_py']
[0.279s] Level 1:colcon.colcon_core.package_identification:_identify(.) by extension 'python_setup_py'
[0.279s] Level 1:colcon.colcon_core.package_identification:_identify(build) by extensions ['ignore', 'ignore_ament_install']
[0.279s] Level 1:colcon.colcon_core.package_identification:_identify(build) by extension 'ignore'
[0.279s] Level 1:colcon.colcon_core.package_identification:_identify(build) ignored
[0.279s] Level 1:colcon.colcon_core.package_identification:_identify(install) by extensions ['ignore', 'ignore_ament_install']
[0.279s] Level 1:colcon.colcon_core.package_identification:_identify(install) by extension 'ignore'
[0.279s] Level 1:colcon.colcon_core.package_identification:_identify(install) ignored
[0.279s] Level 1:colcon.colcon_core.package_identification:_identify(log) by extensions ['ignore', 'ignore_ament_install']
[0.279s] Level 1:colcon.colcon_core.package_identification:_identify(log) by extension 'ignore'
[0.279s] Level 1:colcon.colcon_core.package_identification:_identify(log) ignored
[0.279s] Level 1:colcon.colcon_core.package_identification:_identify(src) by extensions ['ignore', 'ignore_ament_install']
[0.279s] Level 1:colcon.colcon_core.package_identification:_identify(src) by extension 'ignore'
[0.279s] Level 1:colcon.colcon_core.package_identification:_identify(src) by extension 'ignore_ament_install'
[0.279s] Level 1:colcon.colcon_core.package_identification:_identify(src) by extensions ['colcon_pkg']
[0.279s] Level 1:colcon.colcon_core.package_identification:_identify(src) by extension 'colcon_pkg'
[0.279s] Level 1:colcon.colcon_core.package_identification:_identify(src) by extensions ['colcon_meta']
[0.279s] Level 1:colcon.colcon_core.package_identification:_identify(src) by extension 'colcon_meta'
[0.279s] Level 1:colcon.colcon_core.package_identification:_identify(src) by extensions ['ros']
[0.279s] Level 1:colcon.colcon_core.package_identification:_identify(src) by extension 'ros'
[0.279s] Level 1:colcon.colcon_core.package_identification:_identify(src) by extensions ['cmake', 'python']
[0.279s] Level 1:colcon.colcon_core.package_identification:_identify(src) by extension 'cmake'
[0.280s] Level 1:colcon.colcon_core.package_identification:_identify(src) by extension 'python'
[0.280s] Level 1:colcon.colcon_core.package_identification:_identify(src) by extensions ['python_setup_py']
[0.280s] Level 1:colcon.colcon_core.package_identification:_identify(src) by extension 'python_setup_py'
[0.280s] Level 1:colcon.colcon_core.package_identification:_identify(src/ik_control) by extensions ['ignore', 'ignore_ament_install']
[0.280s] Level 1:colcon.colcon_core.package_identification:_identify(src/ik_control) by extension 'ignore'
[0.280s] Level 1:colcon.colcon_core.package_identification:_identify(src/ik_control) by extension 'ignore_ament_install'
[0.280s] Level 1:colcon.colcon_core.package_identification:_identify(src/ik_control) by extensions ['colcon_pkg']
[0.280s] Level 1:colcon.colcon_core.package_identification:_identify(src/ik_control) by extension 'colcon_pkg'
[0.280s] Level 1:colcon.colcon_core.package_identification:_identify(src/ik_control) by extensions ['colcon_meta']
[0.280s] Level 1:colcon.colcon_core.package_identification:_identify(src/ik_control) by extension 'colcon_meta'
[0.280s] Level 1:colcon.colcon_core.package_identification:_identify(src/ik_control) by extensions ['ros']
[0.280s] Level 1:colcon.colcon_core.package_identification:_identify(src/ik_control) by extension 'ros'
[0.282s] DEBUG:colcon.colcon_core.package_identification:Package 'src/ik_control' with type 'ros.ament_python' and name 'ik_control'
[0.282s] Level 1:colcon.colcon_core.package_identification:_identify(src/joint_control) by extensions ['ignore', 'ignore_ament_install']
[0.282s] Level 1:colcon.colcon_core.package_identification:_identify(src/joint_control) by extension 'ignore'
[0.282s] Level 1:colcon.colcon_core.package_identification:_identify(src/joint_control) by extension 'ignore_ament_install'
[0.282s] Level 1:colcon.colcon_core.package_identification:_identify(src/joint_control) by extensions ['colcon_pkg']
[0.282s] Level 1:colcon.colcon_core.package_identification:_identify(src/joint_control) by extension 'colcon_pkg'
[0.282s] Level 1:colcon.colcon_core.package_identification:_identify(src/joint_control) by extensions ['colcon_meta']
[0.282s] Level 1:colcon.colcon_core.package_identification:_identify(src/joint_control) by extension 'colcon_meta'
[0.282s] Level 1:colcon.colcon_core.package_identification:_identify(src/joint_control) by extensions ['ros']
[0.282s] Level 1:colcon.colcon_core.package_identification:_identify(src/joint_control) by extension 'ros'
[0.283s] DEBUG:colcon.colcon_core.package_identification:Package 'src/joint_control' with type 'ros.ament_python' and name 'wrist_testing'
[0.283s] Level 1:colcon.colcon_core.package_identification:_identify(src/msg_interfaces) by extensions ['ignore', 'ignore_ament_install']
[0.283s] Level 1:colcon.colcon_core.package_identification:_identify(src/msg_interfaces) by extension 'ignore'
[0.283s] Level 1:colcon.colcon_core.package_identification:_identify(src/msg_interfaces) by extension 'ignore_ament_install'
[0.283s] Level 1:colcon.colcon_core.package_identification:_identify(src/msg_interfaces) by extensions ['colcon_pkg']
[0.283s] Level 1:colcon.colcon_core.package_identification:_identify(src/msg_interfaces) by extension 'colcon_pkg'
[0.283s] Level 1:colcon.colcon_core.package_identification:_identify(src/msg_interfaces) by extensions ['colcon_meta']
[0.283s] Level 1:colcon.colcon_core.package_identification:_identify(src/msg_interfaces) by extension 'colcon_meta'
[0.283s] Level 1:colcon.colcon_core.package_identification:_identify(src/msg_interfaces) by extensions ['ros']
[0.283s] Level 1:colcon.colcon_core.package_identification:_identify(src/msg_interfaces) by extension 'ros'
[0.284s] DEBUG:colcon.colcon_core.package_identification:Package 'src/msg_interfaces' with type 'ros.ament_cmake' and name 'msg_interfaces'
[0.284s] Level 1:colcon.colcon_core.package_discovery:discover_packages(recursive) using defaults
[0.284s] Level 1:colcon.colcon_core.package_discovery:discover_packages(ignore) discover
[0.284s] Level 1:colcon.colcon_core.package_discovery:discover_packages(ignore) using defaults
[0.284s] Level 1:colcon.colcon_core.package_discovery:discover_packages(path) discover
[0.284s] Level 1:colcon.colcon_core.package_discovery:discover_packages(path) using defaults
[0.299s] Level 1:colcon.colcon_core.package_discovery:discover_packages(prefix_path) check parameters
[0.299s] Level 1:colcon.colcon_core.package_discovery:discover_packages(prefix_path) discover
[0.301s] DEBUG:colcon.colcon_installed_package_information.package_discovery:Found 382 installed packages in /opt/ros/humble
[0.303s] Level 1:colcon.colcon_core.package_discovery:discover_packages(prefix_path) using defaults
[0.342s] Level 5:colcon.colcon_core.verb:set package 'msg_interfaces' build argument 'cmake_args' from command line to 'None'
[0.342s] Level 5:colcon.colcon_core.verb:set package 'msg_interfaces' build argument 'cmake_target' from command line to 'None'
[0.342s] Level 5:colcon.colcon_core.verb:set package 'msg_interfaces' build argument 'cmake_target_skip_unavailable' from command line to 'False'
[0.342s] Level 5:colcon.colcon_core.verb:set package 'msg_interfaces' build argument 'cmake_clean_cache' from command line to 'False'
[0.342s] Level 5:colcon.colcon_core.verb:set package 'msg_interfaces' build argument 'cmake_clean_first' from command line to 'False'
[0.342s] Level 5:colcon.colcon_core.verb:set package 'msg_interfaces' build argument 'cmake_force_configure' from command line to 'False'
[0.342s] Level 5:colcon.colcon_core.verb:set package 'msg_interfaces' build argument 'ament_cmake_args' from command line to 'None'
[0.342s] Level 5:colcon.colcon_core.verb:set package 'msg_interfaces' build argument 'catkin_cmake_args' from command line to 'None'
[0.342s] Level 5:colcon.colcon_core.verb:set package 'msg_interfaces' build argument 'catkin_skip_building_tests' from command line to 'False'
[0.342s] DEBUG:colcon.colcon_core.verb:Building package 'msg_interfaces' with the following arguments: {'ament_cmake_args': None, 'build_base': '/home/sudhindra/irc/arm_control/build/msg_interfaces', 'catkin_cmake_args': None, 'catkin_skip_building_tests': False, 'cmake_args': None, 'cmake_clean_cache': False, 'cmake_clean_first': False, 'cmake_force_configure': False, 'cmake_target': None, 'cmake_target_skip_unavailable': False, 'install_base': '/home/sudhindra/irc/arm_control/install/msg_interfaces', 'merge_install': False, 'path': '/home/sudhindra/irc/arm_control/src/msg_interfaces', 'symlink_install': False, 'test_result_base': None}
[0.342s] Level 5:colcon.colcon_core.verb:set package 'ik_control' build argument 'cmake_args' from command line to 'None'
[0.342s] Level 5:colcon.colcon_core.verb:set package 'ik_control' build argument 'cmake_target' from command line to 'None'
[0.342s] Level 5:colcon.colcon_core.verb:set package 'ik_control' build argument 'cmake_target_skip_unavailable' from command line to 'False'
[0.342s] Level 5:colcon.colcon_core.verb:set package 'ik_control' build argument 'cmake_clean_cache' from command line to 'False'
[0.342s] Level 5:colcon.colcon_core.verb:set package 'ik_control' build argument 'cmake_clean_first' from command line to 'False'
[0.342s] Level 5:colcon.colcon_core.verb:set package 'ik_control' build argument 'cmake_force_configure' from command line to 'False'
[0.342s] Level 5:colcon.colcon_core.verb:set package 'ik_control' build argument 'ament_cmake_args' from command line to 'None'
[0.342s] Level 5:colcon.colcon_core.verb:set package 'ik_control' build argument 'catkin_cmake_args' from command line to 'None'
[0.342s] Level 5:colcon.colcon_core.verb:set package 'ik_control' build argument 'catkin_skip_building_tests' from command line to 'False'
[0.342s] DEBUG:colcon.colcon_core.verb:Building package 'ik_control' with the following arguments: {'ament_cmake_args': None, 'build_base': '/home/sudhindra/irc/arm_control/build/ik_control', 'catkin_cmake_args': None, 'catkin_skip_building_tests': False, 'cmake_args': None, 'cmake_clean_cache': False, 'cmake_clean_first': False, 'cmake_force_configure': False, 'cmake_target': None, 'cmake_target_skip_unavailable': False, 'install_base': '/home/sudhindra/irc/arm_control/install/ik_control', 'merge_install': False, 'path': '/home/sudhindra/irc/arm_control/src/ik_control', 'symlink_install': False, 'test_result_base': None}
[0.343s] Level 5:colcon.colcon_core.verb:set package 'wrist_testing' build argument 'cmake_args' from command line to 'None'
[0.343s] Level 5:colcon.colcon_core.verb:set package 'wrist_testing' build argument 'cmake_target' from command line to 'None'
[0.343s] Level 5:colcon.colcon_core.verb:set package 'wrist_testing' build argument 'cmake_target_skip_unavailable' from command line to 'False'
[0.343s] Level 5:colcon.colcon_core.verb:set package 'wrist_testing' build argument 'cmake_clean_cache' from command line to 'False'
[0.343s] Level 5:colcon.colcon_core.verb:set package 'wrist_testing' build argument 'cmake_clean_first' from command line to 'False'
[0.343s] Level 5:colcon.colcon_core.verb:set package 'wrist_testing' build argument 'cmake_force_configure' from command line to 'False'
[0.343s] Level 5:colcon.colcon_core.verb:set package 'wrist_testing' build argument 'ament_cmake_args' from command line to 'None'
[0.343s] Level 5:colcon.colcon_core.verb:set package 'wrist_testing' build argument 'catkin_cmake_args' from command line to 'None'
[0.343s] Level 5:colcon.colcon_core.verb:set package 'wrist_testing' build argument 'catkin_skip_building_tests' from command line to 'False'
[0.343s] DEBUG:colcon.colcon_core.verb:Building package 'wrist_testing' with the following arguments: {'ament_cmake_args': None, 'build_base': '/home/sudhindra/irc/arm_control/build/wrist_testing', 'catkin_cmake_args': None, 'catkin_skip_building_tests': False, 'cmake_args': None, 'cmake_clean_cache': False, 'cmake_clean_first': False, 'cmake_force_configure': False, 'cmake_target': None, 'cmake_target_skip_unavailable': False, 'install_base': '/home/sudhindra/irc/arm_control/install/wrist_testing', 'merge_install': False, 'path': '/home/sudhindra/irc/arm_control/src/joint_control', 'symlink_install': False, 'test_result_base': None}
[0.343s] INFO:colcon.colcon_core.executor:Executing jobs using 'parallel' executor
[0.344s] DEBUG:colcon.colcon_parallel_executor.executor.parallel:run_until_complete
[0.344s] INFO:colcon.colcon_ros.task.ament_cmake.build:Building ROS package in '/home/sudhindra/irc/arm_control/src/msg_interfaces' with build type 'ament_cmake'
[0.344s] INFO:colcon.colcon_cmake.task.cmake.build:Building CMake package in '/home/sudhindra/irc/arm_control/src/msg_interfaces'
[0.346s] INFO:colcon.colcon_core.plugin_system:Skipping extension 'colcon_core.shell.bat': Not used on non-Windows systems
[0.346s] INFO:colcon.colcon_core.shell:Skip shell extension 'powershell' for command environment: Not usable outside of PowerShell
[0.346s] DEBUG:colcon.colcon_core.shell:Skip shell extension 'dsv' for command environment
[0.353s] DEBUG:colcon.colcon_core.event_handler.log_command:Invoking command in '/home/sudhindra/irc/arm_control/build/msg_interfaces': CMAKE_PREFIX_PATH=${CMAKE_PREFIX_PATH}:/opt/ros/humble /usr/bin/cmake --build /home/sudhindra/irc/arm_control/build/msg_interfaces -- -j8 -l8
[5.147s] DEBUG:colcon.colcon_core.event_handler.log_command:Invoked command in '/home/sudhindra/irc/arm_control/build/msg_interfaces' returned '0': CMAKE_PREFIX_PATH=${CMAKE_PREFIX_PATH}:/opt/ros/humble /usr/bin/cmake --build /home/sudhindra/irc/arm_control/build/msg_interfaces -- -j8 -l8
[5.294s] DEBUG:colcon.colcon_core.event_handler.log_command:Invoking command in '/home/sudhindra/irc/arm_control/build/msg_interfaces': CMAKE_PREFIX_PATH=${CMAKE_PREFIX_PATH}:/opt/ros/humble /usr/bin/cmake --install /home/sudhindra/irc/arm_control/build/msg_interfaces
[5.349s] Level 1:colcon.colcon_core.environment:create_environment_scripts_only(msg_interfaces)
[5.349s] DEBUG:colcon.colcon_core.event_handler.log_command:Invoked command in '/home/sudhindra/irc/arm_control/build/msg_interfaces' returned '0': CMAKE_PREFIX_PATH=${CMAKE_PREFIX_PATH}:/opt/ros/humble /usr/bin/cmake --install /home/sudhindra/irc/arm_control/build/msg_interfaces
[5.351s] Level 1:colcon.colcon_core.environment:checking '/home/sudhindra/irc/arm_control/install/msg_interfaces' for CMake module files
[5.351s] Level 1:colcon.colcon_core.environment:checking '/home/sudhindra/irc/arm_control/install/msg_interfaces' for CMake config files
[5.352s] Level 1:colcon.colcon_core.shell:create_environment_hook('msg_interfaces', 'cmake_prefix_path')
[5.352s] INFO:colcon.colcon_core.shell:Creating environment hook '/home/sudhindra/irc/arm_control/install/msg_interfaces/share/msg_interfaces/hook/cmake_prefix_path.ps1'
[5.352s] INFO:colcon.colcon_core.shell:Creating environment descriptor '/home/sudhindra/irc/arm_control/install/msg_interfaces/share/msg_interfaces/hook/cmake_prefix_path.dsv'
[5.353s] INFO:colcon.colcon_core.shell:Creating environment hook '/home/sudhindra/irc/arm_control/install/msg_interfaces/share/msg_interfaces/hook/cmake_prefix_path.sh'
[5.353s] Level 1:colcon.colcon_core.environment:checking '/home/sudhindra/irc/arm_control/install/msg_interfaces/lib'
[5.353s] Level 1:colcon.colcon_core.shell:create_environment_hook('msg_interfaces', 'ld_library_path_lib')
[5.354s] INFO:colcon.colcon_core.shell:Creating environment hook '/home/sudhindra/irc/arm_control/install/msg_interfaces/share/msg_interfaces/hook/ld_library_path_lib.ps1'
[5.354s] INFO:colcon.colcon_core.shell:Creating environment descriptor '/home/sudhindra/irc/arm_control/install/msg_interfaces/share/msg_interfaces/hook/ld_library_path_lib.dsv'
[5.354s] INFO:colcon.colcon_core.shell:Creating environment hook '/home/sudhindra/irc/arm_control/install/msg_interfaces/share/msg_interfaces/hook/ld_library_path_lib.sh'
[5.354s] Level 1:colcon.colcon_core.environment:checking '/home/sudhindra/irc/arm_control/install/msg_interfaces/bin'
[5.354s] Level 1:colcon.colcon_core.environment:checking '/home/sudhindra/irc/arm_control/install/msg_interfaces/lib/pkgconfig/msg_interfaces.pc'
[5.355s] Level 1:colcon.colcon_core.environment:checking '/home/sudhindra/irc/arm_control/install/msg_interfaces/lib/python3.10/site-packages'
[5.355s] Level 1:colcon.colcon_core.environment:checking '/home/sudhindra/irc/arm_control/install/msg_interfaces/bin'
[5.355s] INFO:colcon.colcon_core.shell:Creating package script '/home/sudhindra/irc/arm_control/install/msg_interfaces/share/msg_interfaces/package.ps1'
[5.356s] INFO:colcon.colcon_core.shell:Creating package descriptor '/home/sudhindra/irc/arm_control/install/msg_interfaces/share/msg_interfaces/package.dsv'
[5.356s] INFO:colcon.colcon_core.shell:Creating package script '/home/sudhindra/irc/arm_control/install/msg_interfaces/share/msg_interfaces/package.sh'
[5.357s] INFO:colcon.colcon_core.shell:Creating package script '/home/sudhindra/irc/arm_control/install/msg_interfaces/share/msg_interfaces/package.bash'
[5.357s] INFO:colcon.colcon_core.shell:Creating package script '/home/sudhindra/irc/arm_control/install/msg_interfaces/share/msg_interfaces/package.zsh'
[5.358s] Level 1:colcon.colcon_core.environment:create_file_with_runtime_dependencies(/home/sudhindra/irc/arm_control/install/msg_interfaces/share/colcon-core/packages/msg_interfaces)
[5.501s] Level 1:colcon.colcon_core.environment:create_environment_scripts_only(msg_interfaces)
[5.501s] Level 1:colcon.colcon_core.environment:checking '/home/sudhindra/irc/arm_control/install/msg_interfaces' for CMake module files
[5.502s] Level 1:colcon.colcon_core.environment:checking '/home/sudhindra/irc/arm_control/install/msg_interfaces' for CMake config files
[5.502s] Level 1:colcon.colcon_core.shell:create_environment_hook('msg_interfaces', 'cmake_prefix_path')
[5.502s] INFO:colcon.colcon_core.shell:Creating environment hook '/home/sudhindra/irc/arm_control/install/msg_interfaces/share/msg_interfaces/hook/cmake_prefix_path.ps1'
[5.503s] INFO:colcon.colcon_core.shell:Creating environment descriptor '/home/sudhindra/irc/arm_control/install/msg_interfaces/share/msg_interfaces/hook/cmake_prefix_path.dsv'
[5.503s] INFO:colcon.colcon_core.shell:Creating environment hook '/home/sudhindra/irc/arm_control/install/msg_interfaces/share/msg_interfaces/hook/cmake_prefix_path.sh'
[5.503s] Level 1:colcon.colcon_core.environment:checking '/home/sudhindra/irc/arm_control/install/msg_interfaces/lib'
[5.503s] Level 1:colcon.colcon_core.shell:create_environment_hook('msg_interfaces', 'ld_library_path_lib')
[5.503s] INFO:colcon.colcon_core.shell:Creating environment hook '/home/sudhindra/irc/arm_control/install/msg_interfaces/share/msg_interfaces/hook/ld_library_path_lib.ps1'
[5.504s] INFO:colcon.colcon_core.shell:Creating environment descriptor '/home/sudhindra/irc/arm_control/install/msg_interfaces/share/msg_interfaces/hook/ld_library_path_lib.dsv'
[5.504s] INFO:colcon.colcon_core.shell:Creating environment hook '/home/sudhindra/irc/arm_control/install/msg_interfaces/share/msg_interfaces/hook/ld_library_path_lib.sh'
[5.504s] Level 1:colcon.colcon_core.environment:checking '/home/sudhindra/irc/arm_control/install/msg_interfaces/bin'
[5.504s] Level 1:colcon.colcon_core.environment:checking '/home/sudhindra/irc/arm_control/install/msg_interfaces/lib/pkgconfig/msg_interfaces.pc'
[5.504s] Level 1:colcon.colcon_core.environment:checking '/home/sudhindra/irc/arm_control/install/msg_interfaces/lib/python3.10/site-packages'
[5.505s] Level 1:colcon.colcon_core.environment:checking '/home/sudhindra/irc/arm_control/install/msg_interfaces/bin'
[5.505s] INFO:colcon.colcon_core.shell:Creating package script '/home/sudhindra/irc/arm_control/install/msg_interfaces/share/msg_interfaces/package.ps1'
[5.505s] INFO:colcon.colcon_core.shell:Creating package descriptor '/home/sudhindra/irc/arm_control/install/msg_interfaces/share/msg_interfaces/package.dsv'
[5.506s] INFO:colcon.colcon_core.shell:Creating package script '/home/sudhindra/irc/arm_control/install/msg_interfaces/share/msg_interfaces/package.sh'
[5.506s] INFO:colcon.colcon_core.shell:Creating package script '/home/sudhindra/irc/arm_control/install/msg_interfaces/share/msg_interfaces/package.bash'
[5.506s] INFO:colcon.colcon_core.shell:Creating package script '/home/sudhindra/irc/arm_control/install/msg_interfaces/share/msg_interfaces/package.zsh'
[5.506s] Level 1:colcon.colcon_core.environment:create_file_with_runtime_dependencies(/home/sudhindra/irc/arm_control/install/msg_interfaces/share/colcon-core/packages/msg_interfaces)
[5.507s] INFO:colcon.colcon_ros.task.ament_python.build:Building ROS package in '/home/sudhindra/irc/arm_control/src/ik_control' with build type 'ament_python'
[5.507s] Level 1:colcon.colcon_core.shell:create_environment_hook('ik_control', 'ament_prefix_path')
[5.507s] INFO:colcon.colcon_core.shell:Creating environment hook '/home/sudhindra/irc/arm_control/install/ik_control/share/ik_control/hook/ament_prefix_path.ps1'
[5.508s] INFO:colcon.colcon_core.shell:Creating environment descriptor '/home/sudhindra/irc/arm_control/install/ik_control/share/ik_control/hook/ament_prefix_path.dsv'
[5.509s] INFO:colcon.colcon_core.shell:Creating environment hook '/home/sudhindra/irc/arm_control/install/ik_control/share/ik_control/hook/ament_prefix_path.sh'
[5.509s] INFO:colcon.colcon_core.shell:Skip shell extension 'powershell' for command environment: Not usable outside of PowerShell
[5.509s] DEBUG:colcon.colcon_core.shell:Skip shell extension 'dsv' for command environment
[5.512s] INFO:colcon.colcon_ros.task.ament_python.build:Building ROS package in '/home/sudhindra/irc/arm_control/src/joint_control' with build type 'ament_python'
[5.512s] Level 1:colcon.colcon_core.shell:create_environment_hook('wrist_testing', 'ament_prefix_path')
[5.512s] INFO:colcon.colcon_core.shell:Creating environment hook '/home/sudhindra/irc/arm_control/install/wrist_testing/share/wrist_testing/hook/ament_prefix_path.ps1'
[5.513s] INFO:colcon.colcon_core.shell:Creating environment descriptor '/home/sudhindra/irc/arm_control/install/wrist_testing/share/wrist_testing/hook/ament_prefix_path.dsv'
[5.513s] INFO:colcon.colcon_core.shell:Creating environment hook '/home/sudhindra/irc/arm_control/install/wrist_testing/share/wrist_testing/hook/ament_prefix_path.sh'
[5.514s] INFO:colcon.colcon_core.shell:Skip shell extension 'powershell' for command environment: Not usable outside of PowerShell
[5.514s] DEBUG:colcon.colcon_core.shell:Skip shell extension 'dsv' for command environment
[5.752s] INFO:colcon.colcon_core.task.python.build:Building Python package in '/home/sudhindra/irc/arm_control/src/ik_control'
[5.752s] INFO:colcon.colcon_core.shell:Skip shell extension 'powershell' for command environment: Not usable outside of PowerShell
[5.752s] DEBUG:colcon.colcon_core.shell:Skip shell extension 'dsv' for command environment
[5.996s] WARNING:colcon.colcon_ros.task.ament_python.build:Package 'wrist_testing' doesn't explicitly install a marker in the package index (colcon-ros currently does it implicitly but that fallback will be removed in the future)
[5.996s] WARNING:colcon.colcon_ros.task.ament_python.build:Package 'wrist_testing' doesn't explicitly install the 'package.xml' file (colcon-ros currently does it implicitly but that fallback will be removed in the future)
[5.996s] INFO:colcon.colcon_core.task.python.build:Building Python package in '/home/sudhindra/irc/arm_control/src/joint_control'
[5.997s] INFO:colcon.colcon_core.shell:Skip shell extension 'powershell' for command environment: Not usable outside of PowerShell
[5.997s] DEBUG:colcon.colcon_core.shell:Skip shell extension 'dsv' for command environment
[6.355s] DEBUG:colcon.colcon_core.event_handler.log_command:Invoking command in '/home/sudhindra/irc/arm_control/src/joint_control': AMENT_PREFIX_PATH=/home/sudhindra/irc_2025/arm_control/install/msg_interfaces:${AMENT_PREFIX_PATH} CMAKE_PREFIX_PATH=/home/sudhindra/irc/arm_control/install/msg_interfaces:${CMAKE_PREFIX_PATH} LD_LIBRARY_PATH=/home/sudhindra/irc_2025/arm_control/install/msg_interfaces/lib:/home/sudhindra/irc/arm_control/install/msg_interfaces/lib:${LD_LIBRARY_PATH} PYTHONPATH=/home/sudhindra/irc/arm_control/build/wrist_testing/prefix_override:/usr/lib/python3/dist-packages/colcon_core/task/python/colcon_distutils_commands:/home/sudhindra/irc/arm_control/install/wrist_testing/lib/python3.10/site-packages:/home/sudhindra/irc_2025/arm_control/install/msg_interfaces/local/lib/python3.10/dist-packages:${PYTHONPATH} /usr/bin/python3 -W ignore:setup.py install is deprecated setup.py egg_info --egg-base ../../build/wrist_testing build --build-base /home/sudhindra/irc/arm_control/build/wrist_testing/build install --record /home/sudhindra/irc/arm_control/build/wrist_testing/install.log --single-version-externally-managed install_data
[6.356s] DEBUG:colcon.colcon_core.event_handler.log_command:Invoking command in '/home/sudhindra/irc/arm_control/src/ik_control': AMENT_PREFIX_PATH=/home/sudhindra/irc_2025/arm_control/install/msg_interfaces:${AMENT_PREFIX_PATH} CMAKE_PREFIX_PATH=/home/sudhindra/irc/arm_control/install/msg_interfaces:${CMAKE_PREFIX_PATH} LD_LIBRARY_PATH=/home/sudhindra/irc_2025/arm_control/install/msg_interfaces/lib:/home/sudhindra/irc/arm_control/install/msg_interfaces/lib:${LD_LIBRARY_PATH} PYTHONPATH=/home/sudhindra/irc/arm_control/build/ik_control/prefix_override:/usr/lib/python3/dist-packages/colcon_core/task/python/colcon_distutils_commands:/home/sudhindra/irc/arm_control/install/ik_control/lib/python3.10/site-packages:/home/sudhindra/irc_2025/arm_control/install/msg_interfaces/local/lib/python3.10/dist-packages:${PYTHONPATH} /usr/bin/python3 -W ignore:setup.py install is deprecated setup.py egg_info --egg-base ../../build/ik_control build --build-base /home/sudhindra/irc/arm_control/build/ik_control/build install --record /home/sudhindra/irc/arm_control/build/ik_control/install.log --single-version-externally-managed install_data
[6.645s] Level 1:colcon.colcon_core.environment:checking '/home/sudhindra/irc/arm_control/install/wrist_testing' for CMake module files
[6.646s] DEBUG:colcon.colcon_core.event_handler.log_command:Invoked command in '/home/sudhindra/irc/arm_control/src/joint_control' returned '0': AMENT_PREFIX_PATH=/home/sudhindra/irc_2025/arm_control/install/msg_interfaces:${AMENT_PREFIX_PATH} CMAKE_PREFIX_PATH=/home/sudhindra/irc/arm_control/install/msg_interfaces:${CMAKE_PREFIX_PATH} LD_LIBRARY_PATH=/home/sudhindra/irc_2025/arm_control/install/msg_interfaces/lib:/home/sudhindra/irc/arm_control/install/msg_interfaces/lib:${LD_LIBRARY_PATH} PYTHONPATH=/home/sudhindra/irc/arm_control/build/wrist_testing/prefix_override:/usr/lib/python3/dist-packages/colcon_core/task/python/colcon_distutils_commands:/home/sudhindra/irc/arm_control/install/wrist_testing/lib/python3.10/site-packages:/home/sudhindra/irc_2025/arm_control/install/msg_interfaces/local/lib/python3.10/dist-packages:${PYTHONPATH} /usr/bin/python3 -W ignore:setup.py install is deprecated setup.py egg_info --egg-base ../../build/wrist_testing build --build-base /home/sudhindra/irc/arm_control/build/wrist_testing/build install --record /home/sudhindra/irc/arm_control/build/wrist_testing/install.log --single-version-externally-managed install_data
[6.646s] Level 1:colcon.colcon_core.environment:checking '/home/sudhindra/irc/arm_control/install/wrist_testing' for CMake config files
[6.646s] Level 1:colcon.colcon_core.environment:checking '/home/sudhindra/irc/arm_control/install/wrist_testing/lib'
[6.646s] Level 1:colcon.colcon_core.environment:checking '/home/sudhindra/irc/arm_control/install/wrist_testing/bin'
[6.646s] Level 1:colcon.colcon_core.environment:checking '/home/sudhindra/irc/arm_control/install/wrist_testing/lib/pkgconfig/wrist_testing.pc'
[6.647s] Level 1:colcon.colcon_core.environment:checking '/home/sudhindra/irc/arm_control/install/wrist_testing/lib/python3.10/site-packages'
[6.647s] Level 1:colcon.colcon_core.shell:create_environment_hook('wrist_testing', 'pythonpath')
[6.647s] INFO:colcon.colcon_core.shell:Creating environment hook '/home/sudhindra/irc/arm_control/install/wrist_testing/share/wrist_testing/hook/pythonpath.ps1'
[6.647s] INFO:colcon.colcon_core.shell:Creating environment descriptor '/home/sudhindra/irc/arm_control/install/wrist_testing/share/wrist_testing/hook/pythonpath.dsv'
[6.647s] INFO:colcon.colcon_core.shell:Creating environment hook '/home/sudhindra/irc/arm_control/install/wrist_testing/share/wrist_testing/hook/pythonpath.sh'
[6.648s] Level 1:colcon.colcon_core.environment:checking '/home/sudhindra/irc/arm_control/install/wrist_testing/bin'
[6.648s] Level 1:colcon.colcon_core.environment:create_environment_scripts_only(wrist_testing)
[6.648s] INFO:colcon.colcon_core.shell:Creating package script '/home/sudhindra/irc/arm_control/install/wrist_testing/share/wrist_testing/package.ps1'
[6.649s] INFO:colcon.colcon_core.shell:Creating package descriptor '/home/sudhindra/irc/arm_control/install/wrist_testing/share/wrist_testing/package.dsv'
[6.649s] INFO:colcon.colcon_core.shell:Creating package script '/home/sudhindra/irc/arm_control/install/wrist_testing/share/wrist_testing/package.sh'
[6.649s] INFO:colcon.colcon_core.shell:Creating package script '/home/sudhindra/irc/arm_control/install/wrist_testing/share/wrist_testing/package.bash'
[6.650s] INFO:colcon.colcon_core.shell:Creating package script '/home/sudhindra/irc/arm_control/install/wrist_testing/share/wrist_testing/package.zsh'
[6.650s] Level 1:colcon.colcon_core.environment:create_file_with_runtime_dependencies(/home/sudhindra/irc/arm_control/install/wrist_testing/share/colcon-core/packages/wrist_testing)
[6.650s] Level 1:colcon.colcon_core.environment:checking '/home/sudhindra/irc/arm_control/install/ik_control' for CMake module files
[6.651s] DEBUG:colcon.colcon_core.event_handler.log_command:Invoked command in '/home/sudhindra/irc/arm_control/src/ik_control' returned '0': AMENT_PREFIX_PATH=/home/sudhindra/irc_2025/arm_control/install/msg_interfaces:${AMENT_PREFIX_PATH} CMAKE_PREFIX_PATH=/home/sudhindra/irc/arm_control/install/msg_interfaces:${CMAKE_PREFIX_PATH} LD_LIBRARY_PATH=/home/sudhindra/irc_2025/arm_control/install/msg_interfaces/lib:/home/sudhindra/irc/arm_control/install/msg_interfaces/lib:${LD_LIBRARY_PATH} PYTHONPATH=/home/sudhindra/irc/arm_control/build/ik_control/prefix_override:/usr/lib/python3/dist-packages/colcon_core/task/python/colcon_distutils_commands:/home/sudhindra/irc/arm_control/install/ik_control/lib/python3.10/site-packages:/home/sudhindra/irc_2025/arm_control/install/msg_interfaces/local/lib/python3.10/dist-packages:${PYTHONPATH} /usr/bin/python3 -W ignore:setup.py install is deprecated setup.py egg_info --egg-base ../../build/ik_control build --build-base /home/sudhindra/irc/arm_control/build/ik_control/build install --record /home/sudhindra/irc/arm_control/build/ik_control/install.log --single-version-externally-managed install_data
[6.651s] Level 1:colcon.colcon_core.environment:checking '/home/sudhindra/irc/arm_control/install/ik_control' for CMake config files
[6.652s] Level 1:colcon.colcon_core.environment:checking '/home/sudhindra/irc/arm_control/install/ik_control/lib'
[6.652s] Level 1:colcon.colcon_core.environment:checking '/home/sudhindra/irc/arm_control/install/ik_control/bin'
[6.652s] Level 1:colcon.colcon_core.environment:checking '/home/sudhindra/irc/arm_control/install/ik_control/lib/pkgconfig/ik_control.pc'
[6.652s] Level 1:colcon.colcon_core.environment:checking '/home/sudhindra/irc/arm_control/install/ik_control/lib/python3.10/site-packages'
[6.652s] Level 1:colcon.colcon_core.shell:create_environment_hook('ik_control', 'pythonpath')
[6.652s] INFO:colcon.colcon_core.shell:Creating environment hook '/home/sudhindra/irc/arm_control/install/ik_control/share/ik_control/hook/pythonpath.ps1'
[6.652s] INFO:colcon.colcon_core.shell:Creating environment descriptor '/home/sudhindra/irc/arm_control/install/ik_control/share/ik_control/hook/pythonpath.dsv'
[6.653s] INFO:colcon.colcon_core.shell:Creating environment hook '/home/sudhindra/irc/arm_control/install/ik_control/share/ik_control/hook/pythonpath.sh'
[6.653s] Level 1:colcon.colcon_core.environment:checking '/home/sudhindra/irc/arm_control/install/ik_control/bin'
[6.653s] Level 1:colcon.colcon_core.environment:create_environment_scripts_only(ik_control)
[6.653s] INFO:colcon.colcon_core.shell:Creating package script '/home/sudhindra/irc/arm_control/install/ik_control/share/ik_control/package.ps1'
[6.654s] INFO:colcon.colcon_core.shell:Creating package descriptor '/home/sudhindra/irc/arm_control/install/ik_control/share/ik_control/package.dsv'
[6.654s] INFO:colcon.colcon_core.shell:Creating package script '/home/sudhindra/irc/arm_control/install/ik_control/share/ik_control/package.sh'
[6.654s] INFO:colcon.colcon_core.shell:Creating package script '/home/sudhindra/irc/arm_control/install/ik_control/share/ik_control/package.bash'
[6.655s] INFO:colcon.colcon_core.shell:Creating package script '/home/sudhindra/irc/arm_control/install/ik_control/share/ik_control/package.zsh'
[6.655s] Level 1:colcon.colcon_core.environment:create_file_with_runtime_dependencies(/home/sudhindra/irc/arm_control/install/ik_control/share/colcon-core/packages/ik_control)
[6.655s] DEBUG:colcon.colcon_parallel_executor.executor.parallel:closing loop
[6.655s] DEBUG:colcon.colcon_parallel_executor.executor.parallel:loop closed
[6.655s] DEBUG:colcon.colcon_parallel_executor.executor.parallel:run_until_complete finished with '0'
[6.655s] DEBUG:colcon.colcon_core.event_reactor:joining thread
[6.659s] INFO:colcon.colcon_core.plugin_system:Skipping extension 'colcon_notification.desktop_notification.terminal_notifier': Not used on non-Darwin systems
[6.659s] INFO:colcon.colcon_core.plugin_system:Skipping extension 'colcon_notification.desktop_notification.win32': Not used on non-Windows systems
[6.659s] INFO:colcon.colcon_notification.desktop_notification:Sending desktop notification using 'notify2'
[6.668s] DEBUG:colcon.colcon_core.event_reactor:joined thread
[6.669s] INFO:colcon.colcon_core.shell:Creating prefix script '/home/sudhindra/irc/arm_control/install/local_setup.ps1'
[6.669s] INFO:colcon.colcon_core.shell:Creating prefix util module '/home/sudhindra/irc/arm_control/install/_local_setup_util_ps1.py'
[6.670s] INFO:colcon.colcon_core.shell:Creating prefix chain script '/home/sudhindra/irc/arm_control/install/setup.ps1'
[6.671s] INFO:colcon.colcon_core.shell:Creating prefix script '/home/sudhindra/irc/arm_control/install/local_setup.sh'
[6.672s] INFO:colcon.colcon_core.shell:Creating prefix util module '/home/sudhindra/irc/arm_control/install/_local_setup_util_sh.py'
[6.672s] INFO:colcon.colcon_core.shell:Creating prefix chain script '/home/sudhindra/irc/arm_control/install/setup.sh'
[6.673s] INFO:colcon.colcon_core.shell:Creating prefix script '/home/sudhindra/irc/arm_control/install/local_setup.bash'
[6.673s] INFO:colcon.colcon_core.shell:Creating prefix chain script '/home/sudhindra/irc/arm_control/install/setup.bash'
[6.674s] INFO:colcon.colcon_core.shell:Creating prefix script '/home/sudhindra/irc/arm_control/install/local_setup.zsh'
[6.675s] INFO:colcon.colcon_core.shell:Creating prefix chain script '/home/sudhindra/irc/arm_control/install/setup.zsh'
