[0.058s] DEBUG:colcon:Command line arguments: ['/usr/bin/colcon', 'build']
[0.058s] DEBUG:colcon:Parsed command line arguments: Namespace(log_base=None, log_level=None, verb_name='build', build_base='build', install_base='install', merge_install=False, symlink_install=False, test_result_base=None, continue_on_error=False, executor='parallel', parallel_workers=22, event_handlers=None, ignore_user_meta=False, metas=['./colcon.meta'], base_paths=['.'], packages_ignore=None, packages_ignore_regex=None, paths=None, packages_up_to=None, packages_up_to_regex=None, packages_above=None, packages_above_and_dependencies=None, packages_above_depth=None, packages_select_by_dep=None, packages_skip_by_dep=None, packages_skip_up_to=None, packages_select_build_failed=False, packages_skip_build_finished=False, packages_select_test_failures=False, packages_skip_test_passed=False, packages_select=None, packages_skip=None, packages_select_regex=None, packages_skip_regex=None, packages_start=None, packages_end=None, allow_overriding=[], cmake_args=None, cmake_target=None, cmake_target_skip_unavailable=False, cmake_clean_cache=False, cmake_clean_first=False, cmake_force_configure=False, ament_cmake_args=None, catkin_cmake_args=None, catkin_skip_building_tests=False, mixin_files=None, mixin=None, verb_parser=<colcon_mixin.mixin.mixin_argument.MixinArgumentDecorator object at 0x7ad8b27ca2c0>, verb_extension=<colcon_core.verb.build.BuildVerb object at 0x7ad8b28cb1c0>, main=<bound method BuildVerb.main of <colcon_core.verb.build.BuildVerb object at 0x7ad8b28cb1c0>>, mixin_verb=('build',))
[0.147s] Level 1:colcon.colcon_core.package_discovery:discover_packages(colcon_meta) check parameters
[0.147s] Level 1:colcon.colcon_core.package_discovery:discover_packages(recursive) check parameters
[0.147s] Level 1:colcon.colcon_core.package_discovery:discover_packages(ignore) check parameters
[0.147s] Level 1:colcon.colcon_core.package_discovery:discover_packages(path) check parameters
[0.147s] Level 1:colcon.colcon_core.package_discovery:discover_packages(colcon_meta) discover
[0.148s] Level 1:colcon.colcon_core.package_discovery:discover_packages(recursive) discover
[0.148s] INFO:colcon.colcon_core.package_discovery:Crawling recursively for packages in '/home/siddhant/irc_rover_controls_2025/rover_essentials'
[0.148s] Level 1:colcon.colcon_core.package_identification:_identify(.) by extensions ['ignore', 'ignore_ament_install']
[0.148s] Level 1:colcon.colcon_core.package_identification:_identify(.) by extension 'ignore'
[0.148s] Level 1:colcon.colcon_core.package_identification:_identify(.) by extension 'ignore_ament_install'
[0.148s] Level 1:colcon.colcon_core.package_identification:_identify(.) by extensions ['colcon_pkg']
[0.148s] Level 1:colcon.colcon_core.package_identification:_identify(.) by extension 'colcon_pkg'
[0.148s] Level 1:colcon.colcon_core.package_identification:_identify(.) by extensions ['colcon_meta']
[0.148s] Level 1:colcon.colcon_core.package_identification:_identify(.) by extension 'colcon_meta'
[0.148s] Level 1:colcon.colcon_core.package_identification:_identify(.) by extensions ['ros']
[0.148s] Level 1:colcon.colcon_core.package_identification:_identify(.) by extension 'ros'
[0.154s] Level 1:colcon.colcon_core.package_identification:_identify(.) by extensions ['cmake', 'python']
[0.154s] Level 1:colcon.colcon_core.package_identification:_identify(.) by extension 'cmake'
[0.154s] Level 1:colcon.colcon_core.package_identification:_identify(.) by extension 'python'
[0.154s] Level 1:colcon.colcon_core.package_identification:_identify(.) by extensions ['python_setup_py']
[0.154s] Level 1:colcon.colcon_core.package_identification:_identify(.) by extension 'python_setup_py'
[0.154s] Level 1:colcon.colcon_core.package_identification:_identify(build) by extensions ['ignore', 'ignore_ament_install']
[0.154s] Level 1:colcon.colcon_core.package_identification:_identify(build) by extension 'ignore'
[0.154s] Level 1:colcon.colcon_core.package_identification:_identify(build) ignored
[0.154s] Level 1:colcon.colcon_core.package_identification:_identify(install) by extensions ['ignore', 'ignore_ament_install']
[0.154s] Level 1:colcon.colcon_core.package_identification:_identify(install) by extension 'ignore'
[0.154s] Level 1:colcon.colcon_core.package_identification:_identify(install) ignored
[0.154s] Level 1:colcon.colcon_core.package_identification:_identify(log) by extensions ['ignore', 'ignore_ament_install']
[0.154s] Level 1:colcon.colcon_core.package_identification:_identify(log) by extension 'ignore'
[0.154s] Level 1:colcon.colcon_core.package_identification:_identify(log) ignored
[0.155s] Level 1:colcon.colcon_core.package_identification:_identify(misc) by extensions ['ignore', 'ignore_ament_install']
[0.155s] Level 1:colcon.colcon_core.package_identification:_identify(misc) by extension 'ignore'
[0.155s] Level 1:colcon.colcon_core.package_identification:_identify(misc) by extension 'ignore_ament_install'
[0.155s] Level 1:colcon.colcon_core.package_identification:_identify(misc) by extensions ['colcon_pkg']
[0.155s] Level 1:colcon.colcon_core.package_identification:_identify(misc) by extension 'colcon_pkg'
[0.155s] Level 1:colcon.colcon_core.package_identification:_identify(misc) by extensions ['colcon_meta']
[0.155s] Level 1:colcon.colcon_core.package_identification:_identify(misc) by extension 'colcon_meta'
[0.155s] Level 1:colcon.colcon_core.package_identification:_identify(misc) by extensions ['ros']
[0.155s] Level 1:colcon.colcon_core.package_identification:_identify(misc) by extension 'ros'
[0.155s] Level 1:colcon.colcon_core.package_identification:_identify(misc) by extensions ['cmake', 'python']
[0.155s] Level 1:colcon.colcon_core.package_identification:_identify(misc) by extension 'cmake'
[0.155s] Level 1:colcon.colcon_core.package_identification:_identify(misc) by extension 'python'
[0.155s] Level 1:colcon.colcon_core.package_identification:_identify(misc) by extensions ['python_setup_py']
[0.155s] Level 1:colcon.colcon_core.package_identification:_identify(misc) by extension 'python_setup_py'
[0.155s] Level 1:colcon.colcon_core.package_identification:_identify(src) by extensions ['ignore', 'ignore_ament_install']
[0.155s] Level 1:colcon.colcon_core.package_identification:_identify(src) by extension 'ignore'
[0.155s] Level 1:colcon.colcon_core.package_identification:_identify(src) by extension 'ignore_ament_install'
[0.155s] Level 1:colcon.colcon_core.package_identification:_identify(src) by extensions ['colcon_pkg']
[0.155s] Level 1:colcon.colcon_core.package_identification:_identify(src) by extension 'colcon_pkg'
[0.155s] Level 1:colcon.colcon_core.package_identification:_identify(src) by extensions ['colcon_meta']
[0.155s] Level 1:colcon.colcon_core.package_identification:_identify(src) by extension 'colcon_meta'
[0.155s] Level 1:colcon.colcon_core.package_identification:_identify(src) by extensions ['ros']
[0.155s] Level 1:colcon.colcon_core.package_identification:_identify(src) by extension 'ros'
[0.155s] Level 1:colcon.colcon_core.package_identification:_identify(src) by extensions ['cmake', 'python']
[0.155s] Level 1:colcon.colcon_core.package_identification:_identify(src) by extension 'cmake'
[0.155s] Level 1:colcon.colcon_core.package_identification:_identify(src) by extension 'python'
[0.155s] Level 1:colcon.colcon_core.package_identification:_identify(src) by extensions ['python_setup_py']
[0.155s] Level 1:colcon.colcon_core.package_identification:_identify(src) by extension 'python_setup_py'
[0.155s] Level 1:colcon.colcon_core.package_identification:_identify(src/auto_bridge) by extensions ['ignore', 'ignore_ament_install']
[0.155s] Level 1:colcon.colcon_core.package_identification:_identify(src/auto_bridge) by extension 'ignore'
[0.155s] Level 1:colcon.colcon_core.package_identification:_identify(src/auto_bridge) by extension 'ignore_ament_install'
[0.155s] Level 1:colcon.colcon_core.package_identification:_identify(src/auto_bridge) by extensions ['colcon_pkg']
[0.155s] Level 1:colcon.colcon_core.package_identification:_identify(src/auto_bridge) by extension 'colcon_pkg'
[0.155s] Level 1:colcon.colcon_core.package_identification:_identify(src/auto_bridge) by extensions ['colcon_meta']
[0.155s] Level 1:colcon.colcon_core.package_identification:_identify(src/auto_bridge) by extension 'colcon_meta'
[0.155s] Level 1:colcon.colcon_core.package_identification:_identify(src/auto_bridge) by extensions ['ros']
[0.155s] Level 1:colcon.colcon_core.package_identification:_identify(src/auto_bridge) by extension 'ros'
[0.157s] DEBUG:colcon.colcon_core.package_identification:Package 'src/auto_bridge' with type 'ros.ament_python' and name 'auto_bridge'
[0.157s] Level 1:colcon.colcon_core.package_identification:_identify(src/bio_drill) by extensions ['ignore', 'ignore_ament_install']
[0.157s] Level 1:colcon.colcon_core.package_identification:_identify(src/bio_drill) by extension 'ignore'
[0.157s] Level 1:colcon.colcon_core.package_identification:_identify(src/bio_drill) by extension 'ignore_ament_install'
[0.157s] Level 1:colcon.colcon_core.package_identification:_identify(src/bio_drill) by extensions ['colcon_pkg']
[0.157s] Level 1:colcon.colcon_core.package_identification:_identify(src/bio_drill) by extension 'colcon_pkg'
[0.157s] Level 1:colcon.colcon_core.package_identification:_identify(src/bio_drill) by extensions ['colcon_meta']
[0.157s] Level 1:colcon.colcon_core.package_identification:_identify(src/bio_drill) by extension 'colcon_meta'
[0.157s] Level 1:colcon.colcon_core.package_identification:_identify(src/bio_drill) by extensions ['ros']
[0.157s] Level 1:colcon.colcon_core.package_identification:_identify(src/bio_drill) by extension 'ros'
[0.157s] DEBUG:colcon.colcon_core.package_identification:Package 'src/bio_drill' with type 'ros.ament_python' and name 'bio_drill'
[0.157s] Level 1:colcon.colcon_core.package_identification:_identify(src/bio_package) by extensions ['ignore', 'ignore_ament_install']
[0.157s] Level 1:colcon.colcon_core.package_identification:_identify(src/bio_package) by extension 'ignore'
[0.157s] Level 1:colcon.colcon_core.package_identification:_identify(src/bio_package) by extension 'ignore_ament_install'
[0.157s] Level 1:colcon.colcon_core.package_identification:_identify(src/bio_package) by extensions ['colcon_pkg']
[0.157s] Level 1:colcon.colcon_core.package_identification:_identify(src/bio_package) by extension 'colcon_pkg'
[0.157s] Level 1:colcon.colcon_core.package_identification:_identify(src/bio_package) by extensions ['colcon_meta']
[0.157s] Level 1:colcon.colcon_core.package_identification:_identify(src/bio_package) by extension 'colcon_meta'
[0.157s] Level 1:colcon.colcon_core.package_identification:_identify(src/bio_package) by extensions ['ros']
[0.157s] Level 1:colcon.colcon_core.package_identification:_identify(src/bio_package) by extension 'ros'
[0.158s] DEBUG:colcon.colcon_core.package_identification:Package 'src/bio_package' with type 'ros.ament_python' and name 'bio_package'
[0.158s] Level 1:colcon.colcon_core.package_identification:_identify(src/fpv_pkg) by extensions ['ignore', 'ignore_ament_install']
[0.158s] Level 1:colcon.colcon_core.package_identification:_identify(src/fpv_pkg) by extension 'ignore'
[0.158s] Level 1:colcon.colcon_core.package_identification:_identify(src/fpv_pkg) by extension 'ignore_ament_install'
[0.158s] Level 1:colcon.colcon_core.package_identification:_identify(src/fpv_pkg) by extensions ['colcon_pkg']
[0.158s] Level 1:colcon.colcon_core.package_identification:_identify(src/fpv_pkg) by extension 'colcon_pkg'
[0.158s] Level 1:colcon.colcon_core.package_identification:_identify(src/fpv_pkg) by extensions ['colcon_meta']
[0.158s] Level 1:colcon.colcon_core.package_identification:_identify(src/fpv_pkg) by extension 'colcon_meta'
[0.158s] Level 1:colcon.colcon_core.package_identification:_identify(src/fpv_pkg) by extensions ['ros']
[0.158s] Level 1:colcon.colcon_core.package_identification:_identify(src/fpv_pkg) by extension 'ros'
[0.158s] DEBUG:colcon.colcon_core.package_identification:Package 'src/fpv_pkg' with type 'ros.ament_python' and name 'fpv_pkg'
[0.158s] Level 1:colcon.colcon_core.package_identification:_identify(src/joy_can) by extensions ['ignore', 'ignore_ament_install']
[0.158s] Level 1:colcon.colcon_core.package_identification:_identify(src/joy_can) by extension 'ignore'
[0.158s] Level 1:colcon.colcon_core.package_identification:_identify(src/joy_can) by extension 'ignore_ament_install'
[0.159s] Level 1:colcon.colcon_core.package_identification:_identify(src/joy_can) by extensions ['colcon_pkg']
[0.159s] Level 1:colcon.colcon_core.package_identification:_identify(src/joy_can) by extension 'colcon_pkg'
[0.159s] Level 1:colcon.colcon_core.package_identification:_identify(src/joy_can) by extensions ['colcon_meta']
[0.159s] Level 1:colcon.colcon_core.package_identification:_identify(src/joy_can) by extension 'colcon_meta'
[0.159s] Level 1:colcon.colcon_core.package_identification:_identify(src/joy_can) by extensions ['ros']
[0.159s] Level 1:colcon.colcon_core.package_identification:_identify(src/joy_can) by extension 'ros'
[0.159s] DEBUG:colcon.colcon_core.package_identification:Package 'src/joy_can' with type 'ros.ament_python' and name 'joy_can'
[0.159s] Level 1:colcon.colcon_core.package_identification:_identify(src/msg_interfaces) by extensions ['ignore', 'ignore_ament_install']
[0.159s] Level 1:colcon.colcon_core.package_identification:_identify(src/msg_interfaces) by extension 'ignore'
[0.159s] Level 1:colcon.colcon_core.package_identification:_identify(src/msg_interfaces) by extension 'ignore_ament_install'
[0.159s] Level 1:colcon.colcon_core.package_identification:_identify(src/msg_interfaces) by extensions ['colcon_pkg']
[0.159s] Level 1:colcon.colcon_core.package_identification:_identify(src/msg_interfaces) by extension 'colcon_pkg'
[0.159s] Level 1:colcon.colcon_core.package_identification:_identify(src/msg_interfaces) by extensions ['colcon_meta']
[0.159s] Level 1:colcon.colcon_core.package_identification:_identify(src/msg_interfaces) by extension 'colcon_meta'
[0.159s] Level 1:colcon.colcon_core.package_identification:_identify(src/msg_interfaces) by extensions ['ros']
[0.159s] Level 1:colcon.colcon_core.package_identification:_identify(src/msg_interfaces) by extension 'ros'
[0.159s] DEBUG:colcon.colcon_core.package_identification:Package 'src/msg_interfaces' with type 'ros.ament_cmake' and name 'msg_interfaces'
[0.160s] Level 1:colcon.colcon_core.package_identification:_identify(src/realsense_servo) by extensions ['ignore', 'ignore_ament_install']
[0.160s] Level 1:colcon.colcon_core.package_identification:_identify(src/realsense_servo) by extension 'ignore'
[0.160s] Level 1:colcon.colcon_core.package_identification:_identify(src/realsense_servo) by extension 'ignore_ament_install'
[0.160s] Level 1:colcon.colcon_core.package_identification:_identify(src/realsense_servo) by extensions ['colcon_pkg']
[0.160s] Level 1:colcon.colcon_core.package_identification:_identify(src/realsense_servo) by extension 'colcon_pkg'
[0.160s] Level 1:colcon.colcon_core.package_identification:_identify(src/realsense_servo) by extensions ['colcon_meta']
[0.160s] Level 1:colcon.colcon_core.package_identification:_identify(src/realsense_servo) by extension 'colcon_meta'
[0.160s] Level 1:colcon.colcon_core.package_identification:_identify(src/realsense_servo) by extensions ['ros']
[0.160s] Level 1:colcon.colcon_core.package_identification:_identify(src/realsense_servo) by extension 'ros'
[0.160s] DEBUG:colcon.colcon_core.package_identification:Package 'src/realsense_servo' with type 'ros.ament_python' and name 'realsense_servo'
[0.160s] Level 1:colcon.colcon_core.package_discovery:discover_packages(recursive) using defaults
[0.160s] Level 1:colcon.colcon_core.package_discovery:discover_packages(ignore) discover
[0.160s] Level 1:colcon.colcon_core.package_discovery:discover_packages(ignore) using defaults
[0.160s] Level 1:colcon.colcon_core.package_discovery:discover_packages(path) discover
[0.160s] Level 1:colcon.colcon_core.package_discovery:discover_packages(path) using defaults
[0.177s] Level 1:colcon.colcon_core.package_discovery:discover_packages(prefix_path) check parameters
[0.177s] Level 1:colcon.colcon_core.package_discovery:discover_packages(prefix_path) discover
[0.179s] DEBUG:colcon.colcon_installed_package_information.package_discovery:Found 271 installed packages in /opt/ros/humble
[0.179s] Level 1:colcon.colcon_core.package_discovery:discover_packages(prefix_path) using defaults
[0.199s] Level 5:colcon.colcon_core.verb:set package 'auto_bridge' build argument 'cmake_args' from command line to 'None'
[0.199s] Level 5:colcon.colcon_core.verb:set package 'auto_bridge' build argument 'cmake_target' from command line to 'None'
[0.199s] Level 5:colcon.colcon_core.verb:set package 'auto_bridge' build argument 'cmake_target_skip_unavailable' from command line to 'False'
[0.199s] Level 5:colcon.colcon_core.verb:set package 'auto_bridge' build argument 'cmake_clean_cache' from command line to 'False'
[0.199s] Level 5:colcon.colcon_core.verb:set package 'auto_bridge' build argument 'cmake_clean_first' from command line to 'False'
[0.199s] Level 5:colcon.colcon_core.verb:set package 'auto_bridge' build argument 'cmake_force_configure' from command line to 'False'
[0.199s] Level 5:colcon.colcon_core.verb:set package 'auto_bridge' build argument 'ament_cmake_args' from command line to 'None'
[0.199s] Level 5:colcon.colcon_core.verb:set package 'auto_bridge' build argument 'catkin_cmake_args' from command line to 'None'
[0.199s] Level 5:colcon.colcon_core.verb:set package 'auto_bridge' build argument 'catkin_skip_building_tests' from command line to 'False'
[0.199s] DEBUG:colcon.colcon_core.verb:Building package 'auto_bridge' with the following arguments: {'ament_cmake_args': None, 'build_base': '/home/siddhant/irc_rover_controls_2025/rover_essentials/build/auto_bridge', 'catkin_cmake_args': None, 'catkin_skip_building_tests': False, 'cmake_args': None, 'cmake_clean_cache': False, 'cmake_clean_first': False, 'cmake_force_configure': False, 'cmake_target': None, 'cmake_target_skip_unavailable': False, 'install_base': '/home/siddhant/irc_rover_controls_2025/rover_essentials/install/auto_bridge', 'merge_install': False, 'path': '/home/siddhant/irc_rover_controls_2025/rover_essentials/src/auto_bridge', 'symlink_install': False, 'test_result_base': None}
[0.199s] Level 5:colcon.colcon_core.verb:set package 'bio_drill' build argument 'cmake_args' from command line to 'None'
[0.199s] Level 5:colcon.colcon_core.verb:set package 'bio_drill' build argument 'cmake_target' from command line to 'None'
[0.199s] Level 5:colcon.colcon_core.verb:set package 'bio_drill' build argument 'cmake_target_skip_unavailable' from command line to 'False'
[0.199s] Level 5:colcon.colcon_core.verb:set package 'bio_drill' build argument 'cmake_clean_cache' from command line to 'False'
[0.199s] Level 5:colcon.colcon_core.verb:set package 'bio_drill' build argument 'cmake_clean_first' from command line to 'False'
[0.199s] Level 5:colcon.colcon_core.verb:set package 'bio_drill' build argument 'cmake_force_configure' from command line to 'False'
[0.199s] Level 5:colcon.colcon_core.verb:set package 'bio_drill' build argument 'ament_cmake_args' from command line to 'None'
[0.199s] Level 5:colcon.colcon_core.verb:set package 'bio_drill' build argument 'catkin_cmake_args' from command line to 'None'
[0.199s] Level 5:colcon.colcon_core.verb:set package 'bio_drill' build argument 'catkin_skip_building_tests' from command line to 'False'
[0.199s] DEBUG:colcon.colcon_core.verb:Building package 'bio_drill' with the following arguments: {'ament_cmake_args': None, 'build_base': '/home/siddhant/irc_rover_controls_2025/rover_essentials/build/bio_drill', 'catkin_cmake_args': None, 'catkin_skip_building_tests': False, 'cmake_args': None, 'cmake_clean_cache': False, 'cmake_clean_first': False, 'cmake_force_configure': False, 'cmake_target': None, 'cmake_target_skip_unavailable': False, 'install_base': '/home/siddhant/irc_rover_controls_2025/rover_essentials/install/bio_drill', 'merge_install': False, 'path': '/home/siddhant/irc_rover_controls_2025/rover_essentials/src/bio_drill', 'symlink_install': False, 'test_result_base': None}
[0.200s] Level 5:colcon.colcon_core.verb:set package 'bio_package' build argument 'cmake_args' from command line to 'None'
[0.200s] Level 5:colcon.colcon_core.verb:set package 'bio_package' build argument 'cmake_target' from command line to 'None'
[0.200s] Level 5:colcon.colcon_core.verb:set package 'bio_package' build argument 'cmake_target_skip_unavailable' from command line to 'False'
[0.200s] Level 5:colcon.colcon_core.verb:set package 'bio_package' build argument 'cmake_clean_cache' from command line to 'False'
[0.200s] Level 5:colcon.colcon_core.verb:set package 'bio_package' build argument 'cmake_clean_first' from command line to 'False'
[0.200s] Level 5:colcon.colcon_core.verb:set package 'bio_package' build argument 'cmake_force_configure' from command line to 'False'
[0.200s] Level 5:colcon.colcon_core.verb:set package 'bio_package' build argument 'ament_cmake_args' from command line to 'None'
[0.200s] Level 5:colcon.colcon_core.verb:set package 'bio_package' build argument 'catkin_cmake_args' from command line to 'None'
[0.200s] Level 5:colcon.colcon_core.verb:set package 'bio_package' build argument 'catkin_skip_building_tests' from command line to 'False'
[0.200s] DEBUG:colcon.colcon_core.verb:Building package 'bio_package' with the following arguments: {'ament_cmake_args': None, 'build_base': '/home/siddhant/irc_rover_controls_2025/rover_essentials/build/bio_package', 'catkin_cmake_args': None, 'catkin_skip_building_tests': False, 'cmake_args': None, 'cmake_clean_cache': False, 'cmake_clean_first': False, 'cmake_force_configure': False, 'cmake_target': None, 'cmake_target_skip_unavailable': False, 'install_base': '/home/siddhant/irc_rover_controls_2025/rover_essentials/install/bio_package', 'merge_install': False, 'path': '/home/siddhant/irc_rover_controls_2025/rover_essentials/src/bio_package', 'symlink_install': False, 'test_result_base': None}
[0.200s] Level 5:colcon.colcon_core.verb:set package 'fpv_pkg' build argument 'cmake_args' from command line to 'None'
[0.200s] Level 5:colcon.colcon_core.verb:set package 'fpv_pkg' build argument 'cmake_target' from command line to 'None'
[0.200s] Level 5:colcon.colcon_core.verb:set package 'fpv_pkg' build argument 'cmake_target_skip_unavailable' from command line to 'False'
[0.200s] Level 5:colcon.colcon_core.verb:set package 'fpv_pkg' build argument 'cmake_clean_cache' from command line to 'False'
[0.200s] Level 5:colcon.colcon_core.verb:set package 'fpv_pkg' build argument 'cmake_clean_first' from command line to 'False'
[0.200s] Level 5:colcon.colcon_core.verb:set package 'fpv_pkg' build argument 'cmake_force_configure' from command line to 'False'
[0.200s] Level 5:colcon.colcon_core.verb:set package 'fpv_pkg' build argument 'ament_cmake_args' from command line to 'None'
[0.200s] Level 5:colcon.colcon_core.verb:set package 'fpv_pkg' build argument 'catkin_cmake_args' from command line to 'None'
[0.200s] Level 5:colcon.colcon_core.verb:set package 'fpv_pkg' build argument 'catkin_skip_building_tests' from command line to 'False'
[0.200s] DEBUG:colcon.colcon_core.verb:Building package 'fpv_pkg' with the following arguments: {'ament_cmake_args': None, 'build_base': '/home/siddhant/irc_rover_controls_2025/rover_essentials/build/fpv_pkg', 'catkin_cmake_args': None, 'catkin_skip_building_tests': False, 'cmake_args': None, 'cmake_clean_cache': False, 'cmake_clean_first': False, 'cmake_force_configure': False, 'cmake_target': None, 'cmake_target_skip_unavailable': False, 'install_base': '/home/siddhant/irc_rover_controls_2025/rover_essentials/install/fpv_pkg', 'merge_install': False, 'path': '/home/siddhant/irc_rover_controls_2025/rover_essentials/src/fpv_pkg', 'symlink_install': False, 'test_result_base': None}
[0.200s] Level 5:colcon.colcon_core.verb:set package 'joy_can' build argument 'cmake_args' from command line to 'None'
[0.200s] Level 5:colcon.colcon_core.verb:set package 'joy_can' build argument 'cmake_target' from command line to 'None'
[0.200s] Level 5:colcon.colcon_core.verb:set package 'joy_can' build argument 'cmake_target_skip_unavailable' from command line to 'False'
[0.200s] Level 5:colcon.colcon_core.verb:set package 'joy_can' build argument 'cmake_clean_cache' from command line to 'False'
[0.200s] Level 5:colcon.colcon_core.verb:set package 'joy_can' build argument 'cmake_clean_first' from command line to 'False'
[0.200s] Level 5:colcon.colcon_core.verb:set package 'joy_can' build argument 'cmake_force_configure' from command line to 'False'
[0.200s] Level 5:colcon.colcon_core.verb:set package 'joy_can' build argument 'ament_cmake_args' from command line to 'None'
[0.200s] Level 5:colcon.colcon_core.verb:set package 'joy_can' build argument 'catkin_cmake_args' from command line to 'None'
[0.200s] Level 5:colcon.colcon_core.verb:set package 'joy_can' build argument 'catkin_skip_building_tests' from command line to 'False'
[0.200s] DEBUG:colcon.colcon_core.verb:Building package 'joy_can' with the following arguments: {'ament_cmake_args': None, 'build_base': '/home/siddhant/irc_rover_controls_2025/rover_essentials/build/joy_can', 'catkin_cmake_args': None, 'catkin_skip_building_tests': False, 'cmake_args': None, 'cmake_clean_cache': False, 'cmake_clean_first': False, 'cmake_force_configure': False, 'cmake_target': None, 'cmake_target_skip_unavailable': False, 'install_base': '/home/siddhant/irc_rover_controls_2025/rover_essentials/install/joy_can', 'merge_install': False, 'path': '/home/siddhant/irc_rover_controls_2025/rover_essentials/src/joy_can', 'symlink_install': False, 'test_result_base': None}
[0.200s] Level 5:colcon.colcon_core.verb:set package 'msg_interfaces' build argument 'cmake_args' from command line to 'None'
[0.200s] Level 5:colcon.colcon_core.verb:set package 'msg_interfaces' build argument 'cmake_target' from command line to 'None'
[0.200s] Level 5:colcon.colcon_core.verb:set package 'msg_interfaces' build argument 'cmake_target_skip_unavailable' from command line to 'False'
[0.200s] Level 5:colcon.colcon_core.verb:set package 'msg_interfaces' build argument 'cmake_clean_cache' from command line to 'False'
[0.200s] Level 5:colcon.colcon_core.verb:set package 'msg_interfaces' build argument 'cmake_clean_first' from command line to 'False'
[0.201s] Level 5:colcon.colcon_core.verb:set package 'msg_interfaces' build argument 'cmake_force_configure' from command line to 'False'
[0.201s] Level 5:colcon.colcon_core.verb:set package 'msg_interfaces' build argument 'ament_cmake_args' from command line to 'None'
[0.201s] Level 5:colcon.colcon_core.verb:set package 'msg_interfaces' build argument 'catkin_cmake_args' from command line to 'None'
[0.201s] Level 5:colcon.colcon_core.verb:set package 'msg_interfaces' build argument 'catkin_skip_building_tests' from command line to 'False'
[0.201s] DEBUG:colcon.colcon_core.verb:Building package 'msg_interfaces' with the following arguments: {'ament_cmake_args': None, 'build_base': '/home/siddhant/irc_rover_controls_2025/rover_essentials/build/msg_interfaces', 'catkin_cmake_args': None, 'catkin_skip_building_tests': False, 'cmake_args': None, 'cmake_clean_cache': False, 'cmake_clean_first': False, 'cmake_force_configure': False, 'cmake_target': None, 'cmake_target_skip_unavailable': False, 'install_base': '/home/siddhant/irc_rover_controls_2025/rover_essentials/install/msg_interfaces', 'merge_install': False, 'path': '/home/siddhant/irc_rover_controls_2025/rover_essentials/src/msg_interfaces', 'symlink_install': False, 'test_result_base': None}
[0.201s] Level 5:colcon.colcon_core.verb:set package 'realsense_servo' build argument 'cmake_args' from command line to 'None'
[0.201s] Level 5:colcon.colcon_core.verb:set package 'realsense_servo' build argument 'cmake_target' from command line to 'None'
[0.201s] Level 5:colcon.colcon_core.verb:set package 'realsense_servo' build argument 'cmake_target_skip_unavailable' from command line to 'False'
[0.201s] Level 5:colcon.colcon_core.verb:set package 'realsense_servo' build argument 'cmake_clean_cache' from command line to 'False'
[0.201s] Level 5:colcon.colcon_core.verb:set package 'realsense_servo' build argument 'cmake_clean_first' from command line to 'False'
[0.201s] Level 5:colcon.colcon_core.verb:set package 'realsense_servo' build argument 'cmake_force_configure' from command line to 'False'
[0.201s] Level 5:colcon.colcon_core.verb:set package 'realsense_servo' build argument 'ament_cmake_args' from command line to 'None'
[0.201s] Level 5:colcon.colcon_core.verb:set package 'realsense_servo' build argument 'catkin_cmake_args' from command line to 'None'
[0.201s] Level 5:colcon.colcon_core.verb:set package 'realsense_servo' build argument 'catkin_skip_building_tests' from command line to 'False'
[0.201s] DEBUG:colcon.colcon_core.verb:Building package 'realsense_servo' with the following arguments: {'ament_cmake_args': None, 'build_base': '/home/siddhant/irc_rover_controls_2025/rover_essentials/build/realsense_servo', 'catkin_cmake_args': None, 'catkin_skip_building_tests': False, 'cmake_args': None, 'cmake_clean_cache': False, 'cmake_clean_first': False, 'cmake_force_configure': False, 'cmake_target': None, 'cmake_target_skip_unavailable': False, 'install_base': '/home/siddhant/irc_rover_controls_2025/rover_essentials/install/realsense_servo', 'merge_install': False, 'path': '/home/siddhant/irc_rover_controls_2025/rover_essentials/src/realsense_servo', 'symlink_install': False, 'test_result_base': None}
[0.201s] INFO:colcon.colcon_core.executor:Executing jobs using 'parallel' executor
[0.202s] DEBUG:colcon.colcon_parallel_executor.executor.parallel:run_until_complete
[0.202s] INFO:colcon.colcon_ros.task.ament_python.build:Building ROS package in '/home/siddhant/irc_rover_controls_2025/rover_essentials/src/auto_bridge' with build type 'ament_python'
[0.202s] Level 1:colcon.colcon_core.shell:create_environment_hook('auto_bridge', 'ament_prefix_path')
[0.204s] INFO:colcon.colcon_core.plugin_system:Skipping extension 'colcon_core.shell.bat': Not used on non-Windows systems
[0.204s] INFO:colcon.colcon_core.shell:Creating environment hook '/home/siddhant/irc_rover_controls_2025/rover_essentials/install/auto_bridge/share/auto_bridge/hook/ament_prefix_path.ps1'
[0.204s] INFO:colcon.colcon_core.shell:Creating environment descriptor '/home/siddhant/irc_rover_controls_2025/rover_essentials/install/auto_bridge/share/auto_bridge/hook/ament_prefix_path.dsv'
[0.204s] INFO:colcon.colcon_core.shell:Creating environment hook '/home/siddhant/irc_rover_controls_2025/rover_essentials/install/auto_bridge/share/auto_bridge/hook/ament_prefix_path.sh'
[0.205s] INFO:colcon.colcon_core.shell:Skip shell extension 'powershell' for command environment: Not usable outside of PowerShell
[0.205s] DEBUG:colcon.colcon_core.shell:Skip shell extension 'dsv' for command environment
[0.207s] INFO:colcon.colcon_ros.task.ament_python.build:Building ROS package in '/home/siddhant/irc_rover_controls_2025/rover_essentials/src/bio_drill' with build type 'ament_python'
[0.207s] Level 1:colcon.colcon_core.shell:create_environment_hook('bio_drill', 'ament_prefix_path')
[0.207s] INFO:colcon.colcon_core.shell:Creating environment hook '/home/siddhant/irc_rover_controls_2025/rover_essentials/install/bio_drill/share/bio_drill/hook/ament_prefix_path.ps1'
[0.207s] INFO:colcon.colcon_core.shell:Creating environment descriptor '/home/siddhant/irc_rover_controls_2025/rover_essentials/install/bio_drill/share/bio_drill/hook/ament_prefix_path.dsv'
[0.207s] INFO:colcon.colcon_core.shell:Creating environment hook '/home/siddhant/irc_rover_controls_2025/rover_essentials/install/bio_drill/share/bio_drill/hook/ament_prefix_path.sh'
[0.207s] INFO:colcon.colcon_core.shell:Skip shell extension 'powershell' for command environment: Not usable outside of PowerShell
[0.207s] DEBUG:colcon.colcon_core.shell:Skip shell extension 'dsv' for command environment
[0.209s] INFO:colcon.colcon_ros.task.ament_python.build:Building ROS package in '/home/siddhant/irc_rover_controls_2025/rover_essentials/src/bio_package' with build type 'ament_python'
[0.209s] Level 1:colcon.colcon_core.shell:create_environment_hook('bio_package', 'ament_prefix_path')
[0.209s] INFO:colcon.colcon_core.shell:Creating environment hook '/home/siddhant/irc_rover_controls_2025/rover_essentials/install/bio_package/share/bio_package/hook/ament_prefix_path.ps1'
[0.210s] INFO:colcon.colcon_core.shell:Creating environment descriptor '/home/siddhant/irc_rover_controls_2025/rover_essentials/install/bio_package/share/bio_package/hook/ament_prefix_path.dsv'
[0.210s] INFO:colcon.colcon_core.shell:Creating environment hook '/home/siddhant/irc_rover_controls_2025/rover_essentials/install/bio_package/share/bio_package/hook/ament_prefix_path.sh'
[0.210s] INFO:colcon.colcon_core.shell:Skip shell extension 'powershell' for command environment: Not usable outside of PowerShell
[0.210s] DEBUG:colcon.colcon_core.shell:Skip shell extension 'dsv' for command environment
[0.211s] INFO:colcon.colcon_ros.task.ament_python.build:Building ROS package in '/home/siddhant/irc_rover_controls_2025/rover_essentials/src/fpv_pkg' with build type 'ament_python'
[0.212s] Level 1:colcon.colcon_core.shell:create_environment_hook('fpv_pkg', 'ament_prefix_path')
[0.212s] INFO:colcon.colcon_core.shell:Creating environment hook '/home/siddhant/irc_rover_controls_2025/rover_essentials/install/fpv_pkg/share/fpv_pkg/hook/ament_prefix_path.ps1'
[0.212s] INFO:colcon.colcon_core.shell:Creating environment descriptor '/home/siddhant/irc_rover_controls_2025/rover_essentials/install/fpv_pkg/share/fpv_pkg/hook/ament_prefix_path.dsv'
[0.212s] INFO:colcon.colcon_core.shell:Creating environment hook '/home/siddhant/irc_rover_controls_2025/rover_essentials/install/fpv_pkg/share/fpv_pkg/hook/ament_prefix_path.sh'
[0.213s] INFO:colcon.colcon_core.shell:Skip shell extension 'powershell' for command environment: Not usable outside of PowerShell
[0.213s] DEBUG:colcon.colcon_core.shell:Skip shell extension 'dsv' for command environment
[0.214s] INFO:colcon.colcon_ros.task.ament_python.build:Building ROS package in '/home/siddhant/irc_rover_controls_2025/rover_essentials/src/joy_can' with build type 'ament_python'
[0.214s] Level 1:colcon.colcon_core.shell:create_environment_hook('joy_can', 'ament_prefix_path')
[0.214s] INFO:colcon.colcon_core.shell:Creating environment hook '/home/siddhant/irc_rover_controls_2025/rover_essentials/install/joy_can/share/joy_can/hook/ament_prefix_path.ps1'
[0.214s] INFO:colcon.colcon_core.shell:Creating environment descriptor '/home/siddhant/irc_rover_controls_2025/rover_essentials/install/joy_can/share/joy_can/hook/ament_prefix_path.dsv'
[0.215s] INFO:colcon.colcon_core.shell:Creating environment hook '/home/siddhant/irc_rover_controls_2025/rover_essentials/install/joy_can/share/joy_can/hook/ament_prefix_path.sh'
[0.215s] INFO:colcon.colcon_core.shell:Skip shell extension 'powershell' for command environment: Not usable outside of PowerShell
[0.215s] DEBUG:colcon.colcon_core.shell:Skip shell extension 'dsv' for command environment
[0.216s] INFO:colcon.colcon_ros.task.ament_cmake.build:Building ROS package in '/home/siddhant/irc_rover_controls_2025/rover_essentials/src/msg_interfaces' with build type 'ament_cmake'
[0.216s] INFO:colcon.colcon_cmake.task.cmake.build:Building CMake package in '/home/siddhant/irc_rover_controls_2025/rover_essentials/src/msg_interfaces'
[0.216s] INFO:colcon.colcon_core.shell:Skip shell extension 'powershell' for command environment: Not usable outside of PowerShell
[0.216s] DEBUG:colcon.colcon_core.shell:Skip shell extension 'dsv' for command environment
[0.218s] INFO:colcon.colcon_ros.task.ament_python.build:Building ROS package in '/home/siddhant/irc_rover_controls_2025/rover_essentials/src/realsense_servo' with build type 'ament_python'
[0.218s] Level 1:colcon.colcon_core.shell:create_environment_hook('realsense_servo', 'ament_prefix_path')
[0.218s] INFO:colcon.colcon_core.shell:Creating environment hook '/home/siddhant/irc_rover_controls_2025/rover_essentials/install/realsense_servo/share/realsense_servo/hook/ament_prefix_path.ps1'
[0.218s] INFO:colcon.colcon_core.shell:Creating environment descriptor '/home/siddhant/irc_rover_controls_2025/rover_essentials/install/realsense_servo/share/realsense_servo/hook/ament_prefix_path.dsv'
[0.218s] INFO:colcon.colcon_core.shell:Creating environment hook '/home/siddhant/irc_rover_controls_2025/rover_essentials/install/realsense_servo/share/realsense_servo/hook/ament_prefix_path.sh'
[0.218s] INFO:colcon.colcon_core.shell:Skip shell extension 'powershell' for command environment: Not usable outside of PowerShell
[0.219s] DEBUG:colcon.colcon_core.shell:Skip shell extension 'dsv' for command environment
[0.359s] INFO:colcon.colcon_core.task.python.build:Building Python package in '/home/siddhant/irc_rover_controls_2025/rover_essentials/src/auto_bridge'
[0.359s] INFO:colcon.colcon_core.shell:Skip shell extension 'powershell' for command environment: Not usable outside of PowerShell
[0.359s] DEBUG:colcon.colcon_core.shell:Skip shell extension 'dsv' for command environment
[0.504s] INFO:colcon.colcon_core.task.python.build:Building Python package in '/home/siddhant/irc_rover_controls_2025/rover_essentials/src/bio_drill'
[0.504s] INFO:colcon.colcon_core.shell:Skip shell extension 'powershell' for command environment: Not usable outside of PowerShell
[0.504s] DEBUG:colcon.colcon_core.shell:Skip shell extension 'dsv' for command environment
[0.648s] INFO:colcon.colcon_core.task.python.build:Building Python package in '/home/siddhant/irc_rover_controls_2025/rover_essentials/src/bio_package'
[0.648s] INFO:colcon.colcon_core.shell:Skip shell extension 'powershell' for command environment: Not usable outside of PowerShell
[0.648s] DEBUG:colcon.colcon_core.shell:Skip shell extension 'dsv' for command environment
[0.793s] INFO:colcon.colcon_core.task.python.build:Building Python package in '/home/siddhant/irc_rover_controls_2025/rover_essentials/src/fpv_pkg'
[0.794s] INFO:colcon.colcon_core.shell:Skip shell extension 'powershell' for command environment: Not usable outside of PowerShell
[0.794s] DEBUG:colcon.colcon_core.shell:Skip shell extension 'dsv' for command environment
[0.938s] INFO:colcon.colcon_core.task.python.build:Building Python package in '/home/siddhant/irc_rover_controls_2025/rover_essentials/src/joy_can'
[0.938s] INFO:colcon.colcon_core.shell:Skip shell extension 'powershell' for command environment: Not usable outside of PowerShell
[0.938s] DEBUG:colcon.colcon_core.shell:Skip shell extension 'dsv' for command environment
[0.945s] DEBUG:colcon.colcon_core.event_handler.log_command:Invoking command in '/home/siddhant/irc_rover_controls_2025/rover_essentials/build/msg_interfaces': CMAKE_PREFIX_PATH=/opt/ros/humble /usr/bin/cmake /home/siddhant/irc_rover_controls_2025/rover_essentials/src/msg_interfaces -DCMAKE_INSTALL_PREFIX=/home/siddhant/irc_rover_controls_2025/rover_essentials/install/msg_interfaces
[1.098s] INFO:colcon.colcon_core.task.python.build:Building Python package in '/home/siddhant/irc_rover_controls_2025/rover_essentials/src/realsense_servo'
[1.099s] INFO:colcon.colcon_core.shell:Skip shell extension 'powershell' for command environment: Not usable outside of PowerShell
[1.099s] DEBUG:colcon.colcon_core.shell:Skip shell extension 'dsv' for command environment
[1.453s] DEBUG:colcon.colcon_core.event_handler.log_command:Invoking command in '/home/siddhant/irc_rover_controls_2025/rover_essentials/src/fpv_pkg': PYTHONPATH=/home/siddhant/irc_rover_controls_2025/rover_essentials/build/fpv_pkg/prefix_override:/usr/lib/python3/dist-packages/colcon_core/task/python/colcon_distutils_commands:/home/siddhant/irc_rover_controls_2025/rover_essentials/install/fpv_pkg/lib/python3.10/site-packages:${PYTHONPATH} /usr/bin/python3 -W ignore:setup.py install is deprecated -W ignore:easy_install command is deprecated setup.py egg_info --egg-base ../../build/fpv_pkg build --build-base /home/siddhant/irc_rover_controls_2025/rover_essentials/build/fpv_pkg/build install --record /home/siddhant/irc_rover_controls_2025/rover_essentials/build/fpv_pkg/install.log --single-version-externally-managed install_data
[1.480s] DEBUG:colcon.colcon_core.event_handler.log_command:Invoking command in '/home/siddhant/irc_rover_controls_2025/rover_essentials/src/auto_bridge': PYTHONPATH=/home/siddhant/irc_rover_controls_2025/rover_essentials/build/auto_bridge/prefix_override:/usr/lib/python3/dist-packages/colcon_core/task/python/colcon_distutils_commands:/home/siddhant/irc_rover_controls_2025/rover_essentials/install/auto_bridge/lib/python3.10/site-packages:${PYTHONPATH} /usr/bin/python3 -W ignore:setup.py install is deprecated -W ignore:easy_install command is deprecated setup.py egg_info --egg-base ../../build/auto_bridge build --build-base /home/siddhant/irc_rover_controls_2025/rover_essentials/build/auto_bridge/build install --record /home/siddhant/irc_rover_controls_2025/rover_essentials/build/auto_bridge/install.log --single-version-externally-managed install_data
[1.486s] DEBUG:colcon.colcon_core.event_handler.log_command:Invoking command in '/home/siddhant/irc_rover_controls_2025/rover_essentials/src/bio_package': PYTHONPATH=/home/siddhant/irc_rover_controls_2025/rover_essentials/build/bio_package/prefix_override:/usr/lib/python3/dist-packages/colcon_core/task/python/colcon_distutils_commands:/home/siddhant/irc_rover_controls_2025/rover_essentials/install/bio_package/lib/python3.10/site-packages:${PYTHONPATH} /usr/bin/python3 -W ignore:setup.py install is deprecated -W ignore:easy_install command is deprecated setup.py egg_info --egg-base ../../build/bio_package build --build-base /home/siddhant/irc_rover_controls_2025/rover_essentials/build/bio_package/build install --record /home/siddhant/irc_rover_controls_2025/rover_essentials/build/bio_package/install.log --single-version-externally-managed install_data
[1.487s] DEBUG:colcon.colcon_core.event_handler.log_command:Invoking command in '/home/siddhant/irc_rover_controls_2025/rover_essentials/src/joy_can': PYTHONPATH=/home/siddhant/irc_rover_controls_2025/rover_essentials/build/joy_can/prefix_override:/usr/lib/python3/dist-packages/colcon_core/task/python/colcon_distutils_commands:/home/siddhant/irc_rover_controls_2025/rover_essentials/install/joy_can/lib/python3.10/site-packages:${PYTHONPATH} /usr/bin/python3 -W ignore:setup.py install is deprecated -W ignore:easy_install command is deprecated setup.py egg_info --egg-base ../../build/joy_can build --build-base /home/siddhant/irc_rover_controls_2025/rover_essentials/build/joy_can/build install --record /home/siddhant/irc_rover_controls_2025/rover_essentials/build/joy_can/install.log --single-version-externally-managed install_data
[1.495s] DEBUG:colcon.colcon_core.event_handler.log_command:Invoking command in '/home/siddhant/irc_rover_controls_2025/rover_essentials/src/realsense_servo': PYTHONPATH=/home/siddhant/irc_rover_controls_2025/rover_essentials/build/realsense_servo/prefix_override:/usr/lib/python3/dist-packages/colcon_core/task/python/colcon_distutils_commands:/home/siddhant/irc_rover_controls_2025/rover_essentials/install/realsense_servo/lib/python3.10/site-packages:${PYTHONPATH} /usr/bin/python3 -W ignore:setup.py install is deprecated -W ignore:easy_install command is deprecated setup.py egg_info --egg-base ../../build/realsense_servo build --build-base /home/siddhant/irc_rover_controls_2025/rover_essentials/build/realsense_servo/build install --record /home/siddhant/irc_rover_controls_2025/rover_essentials/build/realsense_servo/install.log --single-version-externally-managed install_data
[1.646s] DEBUG:colcon.colcon_core.event_handler.log_command:Invoking command in '/home/siddhant/irc_rover_controls_2025/rover_essentials/src/bio_drill': PYTHONPATH=/home/siddhant/irc_rover_controls_2025/rover_essentials/build/bio_drill/prefix_override:/usr/lib/python3/dist-packages/colcon_core/task/python/colcon_distutils_commands:/home/siddhant/irc_rover_controls_2025/rover_essentials/install/bio_drill/lib/python3.10/site-packages:${PYTHONPATH} /usr/bin/python3 -W ignore:setup.py install is deprecated -W ignore:easy_install command is deprecated setup.py egg_info --egg-base ../../build/bio_drill build --build-base /home/siddhant/irc_rover_controls_2025/rover_essentials/build/bio_drill/build install --record /home/siddhant/irc_rover_controls_2025/rover_essentials/build/bio_drill/install.log --single-version-externally-managed install_data
[1.769s] DEBUG:colcon.colcon_core.event_handler.log_command:Invoked command in '/home/siddhant/irc_rover_controls_2025/rover_essentials/src/fpv_pkg' returned '0': PYTHONPATH=/home/siddhant/irc_rover_controls_2025/rover_essentials/build/fpv_pkg/prefix_override:/usr/lib/python3/dist-packages/colcon_core/task/python/colcon_distutils_commands:/home/siddhant/irc_rover_controls_2025/rover_essentials/install/fpv_pkg/lib/python3.10/site-packages:${PYTHONPATH} /usr/bin/python3 -W ignore:setup.py install is deprecated -W ignore:easy_install command is deprecated setup.py egg_info --egg-base ../../build/fpv_pkg build --build-base /home/siddhant/irc_rover_controls_2025/rover_essentials/build/fpv_pkg/build install --record /home/siddhant/irc_rover_controls_2025/rover_essentials/build/fpv_pkg/install.log --single-version-externally-managed install_data
[1.778s] Level 1:colcon.colcon_core.environment:checking '/home/siddhant/irc_rover_controls_2025/rover_essentials/install/fpv_pkg' for CMake module files
[1.779s] Level 1:colcon.colcon_core.environment:checking '/home/siddhant/irc_rover_controls_2025/rover_essentials/install/fpv_pkg' for CMake config files
[1.781s] Level 1:colcon.colcon_core.environment:checking '/home/siddhant/irc_rover_controls_2025/rover_essentials/install/fpv_pkg/lib'
[1.781s] Level 1:colcon.colcon_core.environment:checking '/home/siddhant/irc_rover_controls_2025/rover_essentials/install/fpv_pkg/bin'
[1.781s] Level 1:colcon.colcon_core.environment:checking '/home/siddhant/irc_rover_controls_2025/rover_essentials/install/fpv_pkg/lib/pkgconfig/fpv_pkg.pc'
[1.782s] Level 1:colcon.colcon_core.environment:checking '/home/siddhant/irc_rover_controls_2025/rover_essentials/install/fpv_pkg/lib/python3.10/site-packages'
[1.782s] Level 1:colcon.colcon_core.shell:create_environment_hook('fpv_pkg', 'pythonpath')
[1.782s] INFO:colcon.colcon_core.shell:Creating environment hook '/home/siddhant/irc_rover_controls_2025/rover_essentials/install/fpv_pkg/share/fpv_pkg/hook/pythonpath.ps1'
[1.783s] INFO:colcon.colcon_core.shell:Creating environment descriptor '/home/siddhant/irc_rover_controls_2025/rover_essentials/install/fpv_pkg/share/fpv_pkg/hook/pythonpath.dsv'
[1.784s] INFO:colcon.colcon_core.shell:Creating environment hook '/home/siddhant/irc_rover_controls_2025/rover_essentials/install/fpv_pkg/share/fpv_pkg/hook/pythonpath.sh'
[1.785s] Level 1:colcon.colcon_core.environment:checking '/home/siddhant/irc_rover_controls_2025/rover_essentials/install/fpv_pkg/bin'
[1.785s] Level 1:colcon.colcon_core.environment:create_environment_scripts_only(fpv_pkg)
[1.786s] INFO:colcon.colcon_core.shell:Creating package script '/home/siddhant/irc_rover_controls_2025/rover_essentials/install/fpv_pkg/share/fpv_pkg/package.ps1'
[1.787s] INFO:colcon.colcon_core.shell:Creating package descriptor '/home/siddhant/irc_rover_controls_2025/rover_essentials/install/fpv_pkg/share/fpv_pkg/package.dsv'
[1.788s] INFO:colcon.colcon_core.shell:Creating package script '/home/siddhant/irc_rover_controls_2025/rover_essentials/install/fpv_pkg/share/fpv_pkg/package.sh'
[1.789s] INFO:colcon.colcon_core.shell:Creating package script '/home/siddhant/irc_rover_controls_2025/rover_essentials/install/fpv_pkg/share/fpv_pkg/package.bash'
[1.790s] INFO:colcon.colcon_core.shell:Creating package script '/home/siddhant/irc_rover_controls_2025/rover_essentials/install/fpv_pkg/share/fpv_pkg/package.zsh'
[1.790s] Level 1:colcon.colcon_core.environment:create_file_with_runtime_dependencies(/home/siddhant/irc_rover_controls_2025/rover_essentials/install/fpv_pkg/share/colcon-core/packages/fpv_pkg)
[1.800s] Level 1:colcon.colcon_core.environment:checking '/home/siddhant/irc_rover_controls_2025/rover_essentials/install/bio_package' for CMake module files
[1.801s] DEBUG:colcon.colcon_core.event_handler.log_command:Invoked command in '/home/siddhant/irc_rover_controls_2025/rover_essentials/src/bio_package' returned '0': PYTHONPATH=/home/siddhant/irc_rover_controls_2025/rover_essentials/build/bio_package/prefix_override:/usr/lib/python3/dist-packages/colcon_core/task/python/colcon_distutils_commands:/home/siddhant/irc_rover_controls_2025/rover_essentials/install/bio_package/lib/python3.10/site-packages:${PYTHONPATH} /usr/bin/python3 -W ignore:setup.py install is deprecated -W ignore:easy_install command is deprecated setup.py egg_info --egg-base ../../build/bio_package build --build-base /home/siddhant/irc_rover_controls_2025/rover_essentials/build/bio_package/build install --record /home/siddhant/irc_rover_controls_2025/rover_essentials/build/bio_package/install.log --single-version-externally-managed install_data
[1.802s] Level 1:colcon.colcon_core.environment:checking '/home/siddhant/irc_rover_controls_2025/rover_essentials/install/bio_package' for CMake config files
[1.803s] Level 1:colcon.colcon_core.environment:checking '/home/siddhant/irc_rover_controls_2025/rover_essentials/install/bio_package/lib'
[1.804s] Level 1:colcon.colcon_core.environment:checking '/home/siddhant/irc_rover_controls_2025/rover_essentials/install/bio_package/bin'
[1.804s] Level 1:colcon.colcon_core.environment:checking '/home/siddhant/irc_rover_controls_2025/rover_essentials/install/bio_package/lib/pkgconfig/bio_package.pc'
[1.804s] Level 1:colcon.colcon_core.environment:checking '/home/siddhant/irc_rover_controls_2025/rover_essentials/install/bio_package/lib/python3.10/site-packages'
[1.805s] Level 1:colcon.colcon_core.shell:create_environment_hook('bio_package', 'pythonpath')
[1.805s] INFO:colcon.colcon_core.shell:Creating environment hook '/home/siddhant/irc_rover_controls_2025/rover_essentials/install/bio_package/share/bio_package/hook/pythonpath.ps1'
[1.806s] INFO:colcon.colcon_core.shell:Creating environment descriptor '/home/siddhant/irc_rover_controls_2025/rover_essentials/install/bio_package/share/bio_package/hook/pythonpath.dsv'
[1.807s] INFO:colcon.colcon_core.shell:Creating environment hook '/home/siddhant/irc_rover_controls_2025/rover_essentials/install/bio_package/share/bio_package/hook/pythonpath.sh'
[1.808s] Level 1:colcon.colcon_core.environment:checking '/home/siddhant/irc_rover_controls_2025/rover_essentials/install/bio_package/bin'
[1.808s] Level 1:colcon.colcon_core.environment:create_environment_scripts_only(bio_package)
[1.809s] INFO:colcon.colcon_core.shell:Creating package script '/home/siddhant/irc_rover_controls_2025/rover_essentials/install/bio_package/share/bio_package/package.ps1'
[1.810s] INFO:colcon.colcon_core.shell:Creating package descriptor '/home/siddhant/irc_rover_controls_2025/rover_essentials/install/bio_package/share/bio_package/package.dsv'
[1.811s] INFO:colcon.colcon_core.shell:Creating package script '/home/siddhant/irc_rover_controls_2025/rover_essentials/install/bio_package/share/bio_package/package.sh'
[1.812s] INFO:colcon.colcon_core.shell:Creating package script '/home/siddhant/irc_rover_controls_2025/rover_essentials/install/bio_package/share/bio_package/package.bash'
[1.812s] INFO:colcon.colcon_core.shell:Creating package script '/home/siddhant/irc_rover_controls_2025/rover_essentials/install/bio_package/share/bio_package/package.zsh'
[1.813s] Level 1:colcon.colcon_core.environment:create_file_with_runtime_dependencies(/home/siddhant/irc_rover_controls_2025/rover_essentials/install/bio_package/share/colcon-core/packages/bio_package)
[1.826s] Level 1:colcon.colcon_core.environment:checking '/home/siddhant/irc_rover_controls_2025/rover_essentials/install/auto_bridge' for CMake module files
[1.827s] DEBUG:colcon.colcon_core.event_handler.log_command:Invoked command in '/home/siddhant/irc_rover_controls_2025/rover_essentials/src/auto_bridge' returned '0': PYTHONPATH=/home/siddhant/irc_rover_controls_2025/rover_essentials/build/auto_bridge/prefix_override:/usr/lib/python3/dist-packages/colcon_core/task/python/colcon_distutils_commands:/home/siddhant/irc_rover_controls_2025/rover_essentials/install/auto_bridge/lib/python3.10/site-packages:${PYTHONPATH} /usr/bin/python3 -W ignore:setup.py install is deprecated -W ignore:easy_install command is deprecated setup.py egg_info --egg-base ../../build/auto_bridge build --build-base /home/siddhant/irc_rover_controls_2025/rover_essentials/build/auto_bridge/build install --record /home/siddhant/irc_rover_controls_2025/rover_essentials/build/auto_bridge/install.log --single-version-externally-managed install_data
[1.827s] Level 1:colcon.colcon_core.environment:checking '/home/siddhant/irc_rover_controls_2025/rover_essentials/install/auto_bridge' for CMake config files
[1.828s] Level 1:colcon.colcon_core.environment:checking '/home/siddhant/irc_rover_controls_2025/rover_essentials/install/auto_bridge/lib'
[1.828s] Level 1:colcon.colcon_core.environment:checking '/home/siddhant/irc_rover_controls_2025/rover_essentials/install/auto_bridge/bin'
[1.828s] Level 1:colcon.colcon_core.environment:checking '/home/siddhant/irc_rover_controls_2025/rover_essentials/install/auto_bridge/lib/pkgconfig/auto_bridge.pc'
[1.829s] Level 1:colcon.colcon_core.environment:checking '/home/siddhant/irc_rover_controls_2025/rover_essentials/install/auto_bridge/lib/python3.10/site-packages'
[1.829s] Level 1:colcon.colcon_core.shell:create_environment_hook('auto_bridge', 'pythonpath')
[1.829s] INFO:colcon.colcon_core.shell:Creating environment hook '/home/siddhant/irc_rover_controls_2025/rover_essentials/install/auto_bridge/share/auto_bridge/hook/pythonpath.ps1'
[1.832s] INFO:colcon.colcon_core.shell:Creating environment descriptor '/home/siddhant/irc_rover_controls_2025/rover_essentials/install/auto_bridge/share/auto_bridge/hook/pythonpath.dsv'
[1.832s] INFO:colcon.colcon_core.shell:Creating environment hook '/home/siddhant/irc_rover_controls_2025/rover_essentials/install/auto_bridge/share/auto_bridge/hook/pythonpath.sh'
[1.834s] Level 1:colcon.colcon_core.environment:checking '/home/siddhant/irc_rover_controls_2025/rover_essentials/install/auto_bridge/bin'
[1.834s] Level 1:colcon.colcon_core.environment:create_environment_scripts_only(auto_bridge)
[1.835s] INFO:colcon.colcon_core.shell:Creating package script '/home/siddhant/irc_rover_controls_2025/rover_essentials/install/auto_bridge/share/auto_bridge/package.ps1'
[1.835s] INFO:colcon.colcon_core.shell:Creating package descriptor '/home/siddhant/irc_rover_controls_2025/rover_essentials/install/auto_bridge/share/auto_bridge/package.dsv'
[1.836s] INFO:colcon.colcon_core.shell:Creating package script '/home/siddhant/irc_rover_controls_2025/rover_essentials/install/auto_bridge/share/auto_bridge/package.sh'
[1.837s] INFO:colcon.colcon_core.shell:Creating package script '/home/siddhant/irc_rover_controls_2025/rover_essentials/install/auto_bridge/share/auto_bridge/package.bash'
[1.837s] INFO:colcon.colcon_core.shell:Creating package script '/home/siddhant/irc_rover_controls_2025/rover_essentials/install/auto_bridge/share/auto_bridge/package.zsh'
[1.837s] Level 1:colcon.colcon_core.environment:create_file_with_runtime_dependencies(/home/siddhant/irc_rover_controls_2025/rover_essentials/install/auto_bridge/share/colcon-core/packages/auto_bridge)
[1.838s] Level 1:colcon.colcon_core.environment:checking '/home/siddhant/irc_rover_controls_2025/rover_essentials/install/realsense_servo' for CMake module files
[1.839s] Level 1:colcon.colcon_core.environment:checking '/home/siddhant/irc_rover_controls_2025/rover_essentials/install/realsense_servo' for CMake config files
[1.839s] Level 1:colcon.colcon_core.environment:checking '/home/siddhant/irc_rover_controls_2025/rover_essentials/install/realsense_servo/lib'
[1.840s] Level 1:colcon.colcon_core.environment:checking '/home/siddhant/irc_rover_controls_2025/rover_essentials/install/realsense_servo/bin'
[1.840s] Level 1:colcon.colcon_core.environment:checking '/home/siddhant/irc_rover_controls_2025/rover_essentials/install/realsense_servo/lib/pkgconfig/realsense_servo.pc'
[1.840s] Level 1:colcon.colcon_core.environment:checking '/home/siddhant/irc_rover_controls_2025/rover_essentials/install/realsense_servo/lib/python3.10/site-packages'
[1.840s] Level 1:colcon.colcon_core.shell:create_environment_hook('realsense_servo', 'pythonpath')
[1.840s] INFO:colcon.colcon_core.shell:Creating environment hook '/home/siddhant/irc_rover_controls_2025/rover_essentials/install/realsense_servo/share/realsense_servo/hook/pythonpath.ps1'
[1.841s] DEBUG:colcon.colcon_core.event_handler.log_command:Invoked command in '/home/siddhant/irc_rover_controls_2025/rover_essentials/src/realsense_servo' returned '0': PYTHONPATH=/home/siddhant/irc_rover_controls_2025/rover_essentials/build/realsense_servo/prefix_override:/usr/lib/python3/dist-packages/colcon_core/task/python/colcon_distutils_commands:/home/siddhant/irc_rover_controls_2025/rover_essentials/install/realsense_servo/lib/python3.10/site-packages:${PYTHONPATH} /usr/bin/python3 -W ignore:setup.py install is deprecated -W ignore:easy_install command is deprecated setup.py egg_info --egg-base ../../build/realsense_servo build --build-base /home/siddhant/irc_rover_controls_2025/rover_essentials/build/realsense_servo/build install --record /home/siddhant/irc_rover_controls_2025/rover_essentials/build/realsense_servo/install.log --single-version-externally-managed install_data
[1.841s] INFO:colcon.colcon_core.shell:Creating environment descriptor '/home/siddhant/irc_rover_controls_2025/rover_essentials/install/realsense_servo/share/realsense_servo/hook/pythonpath.dsv'
[1.842s] INFO:colcon.colcon_core.shell:Creating environment hook '/home/siddhant/irc_rover_controls_2025/rover_essentials/install/realsense_servo/share/realsense_servo/hook/pythonpath.sh'
[1.844s] Level 1:colcon.colcon_core.environment:checking '/home/siddhant/irc_rover_controls_2025/rover_essentials/install/realsense_servo/bin'
[1.844s] Level 1:colcon.colcon_core.environment:create_environment_scripts_only(realsense_servo)
[1.844s] INFO:colcon.colcon_core.shell:Creating package script '/home/siddhant/irc_rover_controls_2025/rover_essentials/install/realsense_servo/share/realsense_servo/package.ps1'
[1.844s] INFO:colcon.colcon_core.shell:Creating package descriptor '/home/siddhant/irc_rover_controls_2025/rover_essentials/install/realsense_servo/share/realsense_servo/package.dsv'
[1.845s] INFO:colcon.colcon_core.shell:Creating package script '/home/siddhant/irc_rover_controls_2025/rover_essentials/install/realsense_servo/share/realsense_servo/package.sh'
[1.845s] INFO:colcon.colcon_core.shell:Creating package script '/home/siddhant/irc_rover_controls_2025/rover_essentials/install/realsense_servo/share/realsense_servo/package.bash'
[1.846s] INFO:colcon.colcon_core.shell:Creating package script '/home/siddhant/irc_rover_controls_2025/rover_essentials/install/realsense_servo/share/realsense_servo/package.zsh'
[1.846s] Level 1:colcon.colcon_core.environment:create_file_with_runtime_dependencies(/home/siddhant/irc_rover_controls_2025/rover_essentials/install/realsense_servo/share/colcon-core/packages/realsense_servo)
[1.882s] Level 1:colcon.colcon_core.environment:checking '/home/siddhant/irc_rover_controls_2025/rover_essentials/install/joy_can' for CMake module files
[1.883s] DEBUG:colcon.colcon_core.event_handler.log_command:Invoked command in '/home/siddhant/irc_rover_controls_2025/rover_essentials/src/joy_can' returned '0': PYTHONPATH=/home/siddhant/irc_rover_controls_2025/rover_essentials/build/joy_can/prefix_override:/usr/lib/python3/dist-packages/colcon_core/task/python/colcon_distutils_commands:/home/siddhant/irc_rover_controls_2025/rover_essentials/install/joy_can/lib/python3.10/site-packages:${PYTHONPATH} /usr/bin/python3 -W ignore:setup.py install is deprecated -W ignore:easy_install command is deprecated setup.py egg_info --egg-base ../../build/joy_can build --build-base /home/siddhant/irc_rover_controls_2025/rover_essentials/build/joy_can/build install --record /home/siddhant/irc_rover_controls_2025/rover_essentials/build/joy_can/install.log --single-version-externally-managed install_data
[1.883s] Level 1:colcon.colcon_core.environment:checking '/home/siddhant/irc_rover_controls_2025/rover_essentials/install/joy_can' for CMake config files
[1.884s] Level 1:colcon.colcon_core.environment:checking '/home/siddhant/irc_rover_controls_2025/rover_essentials/install/joy_can/lib'
[1.884s] Level 1:colcon.colcon_core.environment:checking '/home/siddhant/irc_rover_controls_2025/rover_essentials/install/joy_can/bin'
[1.884s] Level 1:colcon.colcon_core.environment:checking '/home/siddhant/irc_rover_controls_2025/rover_essentials/install/joy_can/lib/pkgconfig/joy_can.pc'
[1.884s] Level 1:colcon.colcon_core.environment:checking '/home/siddhant/irc_rover_controls_2025/rover_essentials/install/joy_can/lib/python3.10/site-packages'
[1.884s] Level 1:colcon.colcon_core.shell:create_environment_hook('joy_can', 'pythonpath')
[1.884s] INFO:colcon.colcon_core.shell:Creating environment hook '/home/siddhant/irc_rover_controls_2025/rover_essentials/install/joy_can/share/joy_can/hook/pythonpath.ps1'
[1.884s] INFO:colcon.colcon_core.shell:Creating environment descriptor '/home/siddhant/irc_rover_controls_2025/rover_essentials/install/joy_can/share/joy_can/hook/pythonpath.dsv'
[1.885s] INFO:colcon.colcon_core.shell:Creating environment hook '/home/siddhant/irc_rover_controls_2025/rover_essentials/install/joy_can/share/joy_can/hook/pythonpath.sh'
[1.885s] Level 1:colcon.colcon_core.environment:checking '/home/siddhant/irc_rover_controls_2025/rover_essentials/install/joy_can/bin'
[1.885s] Level 1:colcon.colcon_core.environment:create_environment_scripts_only(joy_can)
[1.885s] INFO:colcon.colcon_core.shell:Creating package script '/home/siddhant/irc_rover_controls_2025/rover_essentials/install/joy_can/share/joy_can/package.ps1'
[1.885s] INFO:colcon.colcon_core.shell:Creating package descriptor '/home/siddhant/irc_rover_controls_2025/rover_essentials/install/joy_can/share/joy_can/package.dsv'
[1.886s] INFO:colcon.colcon_core.shell:Creating package script '/home/siddhant/irc_rover_controls_2025/rover_essentials/install/joy_can/share/joy_can/package.sh'
[1.886s] INFO:colcon.colcon_core.shell:Creating package script '/home/siddhant/irc_rover_controls_2025/rover_essentials/install/joy_can/share/joy_can/package.bash'
[1.886s] INFO:colcon.colcon_core.shell:Creating package script '/home/siddhant/irc_rover_controls_2025/rover_essentials/install/joy_can/share/joy_can/package.zsh'
[1.886s] Level 1:colcon.colcon_core.environment:create_file_with_runtime_dependencies(/home/siddhant/irc_rover_controls_2025/rover_essentials/install/joy_can/share/colcon-core/packages/joy_can)
[1.933s] Level 1:colcon.colcon_core.environment:checking '/home/siddhant/irc_rover_controls_2025/rover_essentials/install/bio_drill' for CMake module files
[1.934s] DEBUG:colcon.colcon_core.event_handler.log_command:Invoked command in '/home/siddhant/irc_rover_controls_2025/rover_essentials/src/bio_drill' returned '0': PYTHONPATH=/home/siddhant/irc_rover_controls_2025/rover_essentials/build/bio_drill/prefix_override:/usr/lib/python3/dist-packages/colcon_core/task/python/colcon_distutils_commands:/home/siddhant/irc_rover_controls_2025/rover_essentials/install/bio_drill/lib/python3.10/site-packages:${PYTHONPATH} /usr/bin/python3 -W ignore:setup.py install is deprecated -W ignore:easy_install command is deprecated setup.py egg_info --egg-base ../../build/bio_drill build --build-base /home/siddhant/irc_rover_controls_2025/rover_essentials/build/bio_drill/build install --record /home/siddhant/irc_rover_controls_2025/rover_essentials/build/bio_drill/install.log --single-version-externally-managed install_data
[1.934s] Level 1:colcon.colcon_core.environment:checking '/home/siddhant/irc_rover_controls_2025/rover_essentials/install/bio_drill' for CMake config files
[1.935s] Level 1:colcon.colcon_core.environment:checking '/home/siddhant/irc_rover_controls_2025/rover_essentials/install/bio_drill/lib'
[1.935s] Level 1:colcon.colcon_core.environment:checking '/home/siddhant/irc_rover_controls_2025/rover_essentials/install/bio_drill/bin'
[1.935s] Level 1:colcon.colcon_core.environment:checking '/home/siddhant/irc_rover_controls_2025/rover_essentials/install/bio_drill/lib/pkgconfig/bio_drill.pc'
[1.935s] Level 1:colcon.colcon_core.environment:checking '/home/siddhant/irc_rover_controls_2025/rover_essentials/install/bio_drill/lib/python3.10/site-packages'
[1.935s] Level 1:colcon.colcon_core.shell:create_environment_hook('bio_drill', 'pythonpath')
[1.936s] INFO:colcon.colcon_core.shell:Creating environment hook '/home/siddhant/irc_rover_controls_2025/rover_essentials/install/bio_drill/share/bio_drill/hook/pythonpath.ps1'
[1.936s] INFO:colcon.colcon_core.shell:Creating environment descriptor '/home/siddhant/irc_rover_controls_2025/rover_essentials/install/bio_drill/share/bio_drill/hook/pythonpath.dsv'
[1.936s] INFO:colcon.colcon_core.shell:Creating environment hook '/home/siddhant/irc_rover_controls_2025/rover_essentials/install/bio_drill/share/bio_drill/hook/pythonpath.sh'
[1.937s] Level 1:colcon.colcon_core.environment:checking '/home/siddhant/irc_rover_controls_2025/rover_essentials/install/bio_drill/bin'
[1.937s] Level 1:colcon.colcon_core.environment:create_environment_scripts_only(bio_drill)
[1.937s] INFO:colcon.colcon_core.shell:Creating package script '/home/siddhant/irc_rover_controls_2025/rover_essentials/install/bio_drill/share/bio_drill/package.ps1'
[1.937s] INFO:colcon.colcon_core.shell:Creating package descriptor '/home/siddhant/irc_rover_controls_2025/rover_essentials/install/bio_drill/share/bio_drill/package.dsv'
[1.937s] INFO:colcon.colcon_core.shell:Creating package script '/home/siddhant/irc_rover_controls_2025/rover_essentials/install/bio_drill/share/bio_drill/package.sh'
[1.938s] INFO:colcon.colcon_core.shell:Creating package script '/home/siddhant/irc_rover_controls_2025/rover_essentials/install/bio_drill/share/bio_drill/package.bash'
[1.938s] INFO:colcon.colcon_core.shell:Creating package script '/home/siddhant/irc_rover_controls_2025/rover_essentials/install/bio_drill/share/bio_drill/package.zsh'
[1.938s] Level 1:colcon.colcon_core.environment:create_file_with_runtime_dependencies(/home/siddhant/irc_rover_controls_2025/rover_essentials/install/bio_drill/share/colcon-core/packages/bio_drill)
[2.472s] DEBUG:colcon.colcon_core.event_handler.log_command:Invoked command in '/home/siddhant/irc_rover_controls_2025/rover_essentials/build/msg_interfaces' returned '0': CMAKE_PREFIX_PATH=/opt/ros/humble /usr/bin/cmake /home/siddhant/irc_rover_controls_2025/rover_essentials/src/msg_interfaces -DCMAKE_INSTALL_PREFIX=/home/siddhant/irc_rover_controls_2025/rover_essentials/install/msg_interfaces
[2.473s] DEBUG:colcon.colcon_core.event_handler.log_command:Invoking command in '/home/siddhant/irc_rover_controls_2025/rover_essentials/build/msg_interfaces': CMAKE_PREFIX_PATH=/opt/ros/humble /usr/bin/cmake --build /home/siddhant/irc_rover_controls_2025/rover_essentials/build/msg_interfaces -- -j22 -l22
[6.872s] DEBUG:colcon.colcon_core.event_handler.log_command:Invoked command in '/home/siddhant/irc_rover_controls_2025/rover_essentials/build/msg_interfaces' returned '0': CMAKE_PREFIX_PATH=/opt/ros/humble /usr/bin/cmake --build /home/siddhant/irc_rover_controls_2025/rover_essentials/build/msg_interfaces -- -j22 -l22
[6.879s] DEBUG:colcon.colcon_core.event_handler.log_command:Invoking command in '/home/siddhant/irc_rover_controls_2025/rover_essentials/build/msg_interfaces': CMAKE_PREFIX_PATH=/opt/ros/humble /usr/bin/cmake --install /home/siddhant/irc_rover_controls_2025/rover_essentials/build/msg_interfaces
[6.938s] Level 1:colcon.colcon_core.environment:create_environment_scripts_only(msg_interfaces)
[6.939s] Level 1:colcon.colcon_core.environment:checking '/home/siddhant/irc_rover_controls_2025/rover_essentials/install/msg_interfaces' for CMake module files
[6.939s] DEBUG:colcon.colcon_core.event_handler.log_command:Invoked command in '/home/siddhant/irc_rover_controls_2025/rover_essentials/build/msg_interfaces' returned '0': CMAKE_PREFIX_PATH=/opt/ros/humble /usr/bin/cmake --install /home/siddhant/irc_rover_controls_2025/rover_essentials/build/msg_interfaces
[6.939s] Level 1:colcon.colcon_core.environment:checking '/home/siddhant/irc_rover_controls_2025/rover_essentials/install/msg_interfaces' for CMake config files
[6.940s] Level 1:colcon.colcon_core.shell:create_environment_hook('msg_interfaces', 'cmake_prefix_path')
[6.940s] INFO:colcon.colcon_core.shell:Creating environment hook '/home/siddhant/irc_rover_controls_2025/rover_essentials/install/msg_interfaces/share/msg_interfaces/hook/cmake_prefix_path.ps1'
[6.940s] INFO:colcon.colcon_core.shell:Creating environment descriptor '/home/siddhant/irc_rover_controls_2025/rover_essentials/install/msg_interfaces/share/msg_interfaces/hook/cmake_prefix_path.dsv'
[6.940s] INFO:colcon.colcon_core.shell:Creating environment hook '/home/siddhant/irc_rover_controls_2025/rover_essentials/install/msg_interfaces/share/msg_interfaces/hook/cmake_prefix_path.sh'
[6.940s] Level 1:colcon.colcon_core.environment:checking '/home/siddhant/irc_rover_controls_2025/rover_essentials/install/msg_interfaces/lib'
[6.940s] Level 1:colcon.colcon_core.shell:create_environment_hook('msg_interfaces', 'ld_library_path_lib')
[6.941s] INFO:colcon.colcon_core.shell:Creating environment hook '/home/siddhant/irc_rover_controls_2025/rover_essentials/install/msg_interfaces/share/msg_interfaces/hook/ld_library_path_lib.ps1'
[6.941s] INFO:colcon.colcon_core.shell:Creating environment descriptor '/home/siddhant/irc_rover_controls_2025/rover_essentials/install/msg_interfaces/share/msg_interfaces/hook/ld_library_path_lib.dsv'
[6.941s] INFO:colcon.colcon_core.shell:Creating environment hook '/home/siddhant/irc_rover_controls_2025/rover_essentials/install/msg_interfaces/share/msg_interfaces/hook/ld_library_path_lib.sh'
[6.941s] Level 1:colcon.colcon_core.environment:checking '/home/siddhant/irc_rover_controls_2025/rover_essentials/install/msg_interfaces/bin'
[6.941s] Level 1:colcon.colcon_core.environment:checking '/home/siddhant/irc_rover_controls_2025/rover_essentials/install/msg_interfaces/lib/pkgconfig/msg_interfaces.pc'
[6.941s] Level 1:colcon.colcon_core.environment:checking '/home/siddhant/irc_rover_controls_2025/rover_essentials/install/msg_interfaces/lib/python3.10/site-packages'
[6.941s] Level 1:colcon.colcon_core.environment:checking '/home/siddhant/irc_rover_controls_2025/rover_essentials/install/msg_interfaces/bin'
[6.942s] INFO:colcon.colcon_core.shell:Creating package script '/home/siddhant/irc_rover_controls_2025/rover_essentials/install/msg_interfaces/share/msg_interfaces/package.ps1'
[6.942s] INFO:colcon.colcon_core.shell:Creating package descriptor '/home/siddhant/irc_rover_controls_2025/rover_essentials/install/msg_interfaces/share/msg_interfaces/package.dsv'
[6.942s] INFO:colcon.colcon_core.shell:Creating package script '/home/siddhant/irc_rover_controls_2025/rover_essentials/install/msg_interfaces/share/msg_interfaces/package.sh'
[6.942s] INFO:colcon.colcon_core.shell:Creating package script '/home/siddhant/irc_rover_controls_2025/rover_essentials/install/msg_interfaces/share/msg_interfaces/package.bash'
[6.942s] INFO:colcon.colcon_core.shell:Creating package script '/home/siddhant/irc_rover_controls_2025/rover_essentials/install/msg_interfaces/share/msg_interfaces/package.zsh'
[6.943s] Level 1:colcon.colcon_core.environment:create_file_with_runtime_dependencies(/home/siddhant/irc_rover_controls_2025/rover_essentials/install/msg_interfaces/share/colcon-core/packages/msg_interfaces)
[6.943s] Level 1:colcon.colcon_core.environment:create_environment_scripts_only(msg_interfaces)
[6.943s] Level 1:colcon.colcon_core.environment:checking '/home/siddhant/irc_rover_controls_2025/rover_essentials/install/msg_interfaces' for CMake module files
[6.943s] Level 1:colcon.colcon_core.environment:checking '/home/siddhant/irc_rover_controls_2025/rover_essentials/install/msg_interfaces' for CMake config files
[6.944s] Level 1:colcon.colcon_core.shell:create_environment_hook('msg_interfaces', 'cmake_prefix_path')
[6.944s] INFO:colcon.colcon_core.shell:Creating environment hook '/home/siddhant/irc_rover_controls_2025/rover_essentials/install/msg_interfaces/share/msg_interfaces/hook/cmake_prefix_path.ps1'
[6.944s] INFO:colcon.colcon_core.shell:Creating environment descriptor '/home/siddhant/irc_rover_controls_2025/rover_essentials/install/msg_interfaces/share/msg_interfaces/hook/cmake_prefix_path.dsv'
[6.944s] INFO:colcon.colcon_core.shell:Creating environment hook '/home/siddhant/irc_rover_controls_2025/rover_essentials/install/msg_interfaces/share/msg_interfaces/hook/cmake_prefix_path.sh'
[6.944s] Level 1:colcon.colcon_core.environment:checking '/home/siddhant/irc_rover_controls_2025/rover_essentials/install/msg_interfaces/lib'
[6.944s] Level 1:colcon.colcon_core.shell:create_environment_hook('msg_interfaces', 'ld_library_path_lib')
[6.945s] INFO:colcon.colcon_core.shell:Creating environment hook '/home/siddhant/irc_rover_controls_2025/rover_essentials/install/msg_interfaces/share/msg_interfaces/hook/ld_library_path_lib.ps1'
[6.945s] INFO:colcon.colcon_core.shell:Creating environment descriptor '/home/siddhant/irc_rover_controls_2025/rover_essentials/install/msg_interfaces/share/msg_interfaces/hook/ld_library_path_lib.dsv'
[6.945s] INFO:colcon.colcon_core.shell:Creating environment hook '/home/siddhant/irc_rover_controls_2025/rover_essentials/install/msg_interfaces/share/msg_interfaces/hook/ld_library_path_lib.sh'
[6.945s] Level 1:colcon.colcon_core.environment:checking '/home/siddhant/irc_rover_controls_2025/rover_essentials/install/msg_interfaces/bin'
[6.945s] Level 1:colcon.colcon_core.environment:checking '/home/siddhant/irc_rover_controls_2025/rover_essentials/install/msg_interfaces/lib/pkgconfig/msg_interfaces.pc'
[6.945s] Level 1:colcon.colcon_core.environment:checking '/home/siddhant/irc_rover_controls_2025/rover_essentials/install/msg_interfaces/lib/python3.10/site-packages'
[6.945s] Level 1:colcon.colcon_core.environment:checking '/home/siddhant/irc_rover_controls_2025/rover_essentials/install/msg_interfaces/bin'
[6.946s] INFO:colcon.colcon_core.shell:Creating package script '/home/siddhant/irc_rover_controls_2025/rover_essentials/install/msg_interfaces/share/msg_interfaces/package.ps1'
[6.946s] INFO:colcon.colcon_core.shell:Creating package descriptor '/home/siddhant/irc_rover_controls_2025/rover_essentials/install/msg_interfaces/share/msg_interfaces/package.dsv'
[6.946s] INFO:colcon.colcon_core.shell:Creating package script '/home/siddhant/irc_rover_controls_2025/rover_essentials/install/msg_interfaces/share/msg_interfaces/package.sh'
[6.946s] INFO:colcon.colcon_core.shell:Creating package script '/home/siddhant/irc_rover_controls_2025/rover_essentials/install/msg_interfaces/share/msg_interfaces/package.bash'
[6.946s] INFO:colcon.colcon_core.shell:Creating package script '/home/siddhant/irc_rover_controls_2025/rover_essentials/install/msg_interfaces/share/msg_interfaces/package.zsh'
[6.947s] Level 1:colcon.colcon_core.environment:create_file_with_runtime_dependencies(/home/siddhant/irc_rover_controls_2025/rover_essentials/install/msg_interfaces/share/colcon-core/packages/msg_interfaces)
[6.947s] DEBUG:colcon.colcon_parallel_executor.executor.parallel:closing loop
[6.947s] DEBUG:colcon.colcon_parallel_executor.executor.parallel:loop closed
[6.947s] DEBUG:colcon.colcon_parallel_executor.executor.parallel:run_until_complete finished with '0'
[6.947s] DEBUG:colcon.colcon_core.event_reactor:joining thread
[6.951s] INFO:colcon.colcon_core.plugin_system:Skipping extension 'colcon_notification.desktop_notification.terminal_notifier': Not used on non-Darwin systems
[6.951s] INFO:colcon.colcon_core.plugin_system:Skipping extension 'colcon_notification.desktop_notification.win32': Not used on non-Windows systems
[6.951s] INFO:colcon.colcon_notification.desktop_notification:Sending desktop notification using 'notify2'
[6.965s] DEBUG:colcon.colcon_core.event_reactor:joined thread
[6.965s] INFO:colcon.colcon_core.shell:Creating prefix script '/home/siddhant/irc_rover_controls_2025/rover_essentials/install/local_setup.ps1'
[6.965s] INFO:colcon.colcon_core.shell:Creating prefix util module '/home/siddhant/irc_rover_controls_2025/rover_essentials/install/_local_setup_util_ps1.py'
[6.966s] INFO:colcon.colcon_core.shell:Creating prefix chain script '/home/siddhant/irc_rover_controls_2025/rover_essentials/install/setup.ps1'
[6.966s] INFO:colcon.colcon_core.shell:Creating prefix script '/home/siddhant/irc_rover_controls_2025/rover_essentials/install/local_setup.sh'
[6.967s] INFO:colcon.colcon_core.shell:Creating prefix util module '/home/siddhant/irc_rover_controls_2025/rover_essentials/install/_local_setup_util_sh.py'
[6.967s] INFO:colcon.colcon_core.shell:Creating prefix chain script '/home/siddhant/irc_rover_controls_2025/rover_essentials/install/setup.sh'
[6.967s] INFO:colcon.colcon_core.shell:Creating prefix script '/home/siddhant/irc_rover_controls_2025/rover_essentials/install/local_setup.bash'
[6.968s] INFO:colcon.colcon_core.shell:Creating prefix chain script '/home/siddhant/irc_rover_controls_2025/rover_essentials/install/setup.bash'
[6.968s] INFO:colcon.colcon_core.shell:Creating prefix script '/home/siddhant/irc_rover_controls_2025/rover_essentials/install/local_setup.zsh'
[6.968s] INFO:colcon.colcon_core.shell:Creating prefix chain script '/home/siddhant/irc_rover_controls_2025/rover_essentials/install/setup.zsh'
