[1.276s] Invoking command in '/home/siddhant/irc_rover_controls_2025/rover_essentials/src/bio_package': PYTHONPATH=/home/siddhant/irc_rover_controls_2025/rover_essentials/build/bio_package/prefix_override:/usr/lib/python3/dist-packages/colcon_core/task/python/colcon_distutils_commands:/home/siddhant/irc_rover_controls_2025/rover_essentials/install/bio_package/lib/python3.10/site-packages:${PYTHONPATH} /usr/bin/python3 -W ignore:setup.py install is deprecated -W ignore:easy_install command is deprecated setup.py egg_info --egg-base ../../build/bio_package build --build-base /home/siddhant/irc_rover_controls_2025/rover_essentials/build/bio_package/build install --record /home/siddhant/irc_rover_controls_2025/rover_essentials/build/bio_package/install.log --single-version-externally-managed install_data
[1.514s] running egg_info
[1.515s] creating ../../build/bio_package/bio_package.egg-info
[1.515s] writing ../../build/bio_package/bio_package.egg-info/PKG-INFO
[1.515s] writing dependency_links to ../../build/bio_package/bio_package.egg-info/dependency_links.txt
[1.515s] writing entry points to ../../build/bio_package/bio_package.egg-info/entry_points.txt
[1.515s] writing requirements to ../../build/bio_package/bio_package.egg-info/requires.txt
[1.516s] writing top-level names to ../../build/bio_package/bio_package.egg-info/top_level.txt
[1.516s] writing manifest file '../../build/bio_package/bio_package.egg-info/SOURCES.txt'
[1.517s] reading manifest file '../../build/bio_package/bio_package.egg-info/SOURCES.txt'
[1.518s] writing manifest file '../../build/bio_package/bio_package.egg-info/SOURCES.txt'
[1.518s] running build
[1.519s] running build_py
[1.519s] creating /home/siddhant/irc_rover_controls_2025/rover_essentials/build/bio_package/build
[1.519s] creating /home/siddhant/irc_rover_controls_2025/rover_essentials/build/bio_package/build/lib
[1.519s] creating /home/siddhant/irc_rover_controls_2025/rover_essentials/build/bio_package/build/lib/bio_package
[1.519s] copying bio_package/relay.py -> /home/siddhant/irc_rover_controls_2025/rover_essentials/build/bio_package/build/lib/bio_package
[1.519s] copying bio_package/cameras.py -> /home/siddhant/irc_rover_controls_2025/rover_essentials/build/bio_package/build/lib/bio_package
[1.519s] copying bio_package/bio_controller.py -> /home/siddhant/irc_rover_controls_2025/rover_essentials/build/bio_package/build/lib/bio_package
[1.519s] copying bio_package/pid.py -> /home/siddhant/irc_rover_controls_2025/rover_essentials/build/bio_package/build/lib/bio_package
[1.520s] copying bio_package/__init__.py -> /home/siddhant/irc_rover_controls_2025/rover_essentials/build/bio_package/build/lib/bio_package
[1.520s] copying bio_package/joining_node.py -> /home/siddhant/irc_rover_controls_2025/rover_essentials/build/bio_package/build/lib/bio_package
[1.520s] copying bio_package/node_mcu_interface.py -> /home/siddhant/irc_rover_controls_2025/rover_essentials/build/bio_package/build/lib/bio_package
[1.520s] running install
[1.520s] running install_lib
[1.520s] creating /home/siddhant/irc_rover_controls_2025/rover_essentials/install/bio_package/lib/python3.10/site-packages/bio_package
[1.520s] copying /home/siddhant/irc_rover_controls_2025/rover_essentials/build/bio_package/build/lib/bio_package/relay.py -> /home/siddhant/irc_rover_controls_2025/rover_essentials/install/bio_package/lib/python3.10/site-packages/bio_package
[1.521s] copying /home/siddhant/irc_rover_controls_2025/rover_essentials/build/bio_package/build/lib/bio_package/cameras.py -> /home/siddhant/irc_rover_controls_2025/rover_essentials/install/bio_package/lib/python3.10/site-packages/bio_package
[1.521s] copying /home/siddhant/irc_rover_controls_2025/rover_essentials/build/bio_package/build/lib/bio_package/bio_controller.py -> /home/siddhant/irc_rover_controls_2025/rover_essentials/install/bio_package/lib/python3.10/site-packages/bio_package
[1.521s] copying /home/siddhant/irc_rover_controls_2025/rover_essentials/build/bio_package/build/lib/bio_package/pid.py -> /home/siddhant/irc_rover_controls_2025/rover_essentials/install/bio_package/lib/python3.10/site-packages/bio_package
[1.521s] copying /home/siddhant/irc_rover_controls_2025/rover_essentials/build/bio_package/build/lib/bio_package/__init__.py -> /home/siddhant/irc_rover_controls_2025/rover_essentials/install/bio_package/lib/python3.10/site-packages/bio_package
[1.521s] copying /home/siddhant/irc_rover_controls_2025/rover_essentials/build/bio_package/build/lib/bio_package/joining_node.py -> /home/siddhant/irc_rover_controls_2025/rover_essentials/install/bio_package/lib/python3.10/site-packages/bio_package
[1.521s] copying /home/siddhant/irc_rover_controls_2025/rover_essentials/build/bio_package/build/lib/bio_package/node_mcu_interface.py -> /home/siddhant/irc_rover_controls_2025/rover_essentials/install/bio_package/lib/python3.10/site-packages/bio_package
[1.521s] byte-compiling /home/siddhant/irc_rover_controls_2025/rover_essentials/install/bio_package/lib/python3.10/site-packages/bio_package/relay.py to relay.cpython-310.pyc
[1.523s] byte-compiling /home/siddhant/irc_rover_controls_2025/rover_essentials/install/bio_package/lib/python3.10/site-packages/bio_package/cameras.py to cameras.cpython-310.pyc
[1.524s] byte-compiling /home/siddhant/irc_rover_controls_2025/rover_essentials/install/bio_package/lib/python3.10/site-packages/bio_package/bio_controller.py to bio_controller.cpython-310.pyc
[1.525s] byte-compiling /home/siddhant/irc_rover_controls_2025/rover_essentials/install/bio_package/lib/python3.10/site-packages/bio_package/pid.py to pid.cpython-310.pyc
[1.527s] byte-compiling /home/siddhant/irc_rover_controls_2025/rover_essentials/install/bio_package/lib/python3.10/site-packages/bio_package/__init__.py to __init__.cpython-310.pyc
[1.527s] byte-compiling /home/siddhant/irc_rover_controls_2025/rover_essentials/install/bio_package/lib/python3.10/site-packages/bio_package/joining_node.py to joining_node.cpython-310.pyc
[1.528s] byte-compiling /home/siddhant/irc_rover_controls_2025/rover_essentials/install/bio_package/lib/python3.10/site-packages/bio_package/node_mcu_interface.py to node_mcu_interface.cpython-310.pyc
[1.528s] running install_data
[1.529s] creating /home/siddhant/irc_rover_controls_2025/rover_essentials/install/bio_package/share/ament_index
[1.529s] creating /home/siddhant/irc_rover_controls_2025/rover_essentials/install/bio_package/share/ament_index/resource_index
[1.529s] creating /home/siddhant/irc_rover_controls_2025/rover_essentials/install/bio_package/share/ament_index/resource_index/packages
[1.529s] copying resource/bio_package -> /home/siddhant/irc_rover_controls_2025/rover_essentials/install/bio_package/share/ament_index/resource_index/packages
[1.529s] copying package.xml -> /home/siddhant/irc_rover_controls_2025/rover_essentials/install/bio_package/share/bio_package
[1.529s] creating /home/siddhant/irc_rover_controls_2025/rover_essentials/install/bio_package/share/bio_package/launch
[1.530s] copying launch/bio_launch.py -> /home/siddhant/irc_rover_controls_2025/rover_essentials/install/bio_package/share/bio_package/launch
[1.530s] running install_egg_info
[1.532s] Copying ../../build/bio_package/bio_package.egg-info to /home/siddhant/irc_rover_controls_2025/rover_essentials/install/bio_package/lib/python3.10/site-packages/bio_package-0.0.0-py3.10.egg-info
[1.533s] running install_scripts
[1.560s] Installing bio_cache script to /home/siddhant/irc_rover_controls_2025/rover_essentials/install/bio_package/lib/bio_package
[1.560s] Installing bio_controller script to /home/siddhant/irc_rover_controls_2025/rover_essentials/install/bio_package/lib/bio_package
[1.561s] Installing cameras script to /home/siddhant/irc_rover_controls_2025/rover_essentials/install/bio_package/lib/bio_package
[1.561s] Installing joining_node script to /home/siddhant/irc_rover_controls_2025/rover_essentials/install/bio_package/lib/bio_package
[1.561s] Installing node_mcu_interface script to /home/siddhant/irc_rover_controls_2025/rover_essentials/install/bio_package/lib/bio_package
[1.561s] Installing pid script to /home/siddhant/irc_rover_controls_2025/rover_essentials/install/bio_package/lib/bio_package
[1.561s] Installing relay script to /home/siddhant/irc_rover_controls_2025/rover_essentials/install/bio_package/lib/bio_package
[1.561s] writing list of installed files to '/home/siddhant/irc_rover_controls_2025/rover_essentials/build/bio_package/install.log'
[1.591s] Invoked command in '/home/siddhant/irc_rover_controls_2025/rover_essentials/src/bio_package' returned '0': PYTHONPATH=/home/siddhant/irc_rover_controls_2025/rover_essentials/build/bio_package/prefix_override:/usr/lib/python3/dist-packages/colcon_core/task/python/colcon_distutils_commands:/home/siddhant/irc_rover_controls_2025/rover_essentials/install/bio_package/lib/python3.10/site-packages:${PYTHONPATH} /usr/bin/python3 -W ignore:setup.py install is deprecated -W ignore:easy_install command is deprecated setup.py egg_info --egg-base ../../build/bio_package build --build-base /home/siddhant/irc_rover_controls_2025/rover_essentials/build/bio_package/build install --record /home/siddhant/irc_rover_controls_2025/rover_essentials/build/bio_package/install.log --single-version-externally-managed install_data
