[0.777s] DEBUG:colcon:Command line arguments: ['/usr/bin/colcon', 'build']
[0.777s] DEBUG:colcon:Parsed command line arguments: Namespace(log_base=None, log_level=None, verb_name='build', build_base='build', install_base='install', merge_install=False, symlink_install=False, test_result_base=None, continue_on_error=False, executor='parallel', parallel_workers=8, event_handlers=None, ignore_user_meta=False, metas=['./colcon.meta'], base_paths=['.'], packages_ignore=None, packages_ignore_regex=None, paths=None, packages_up_to=None, packages_up_to_regex=None, packages_above=None, packages_above_and_dependencies=None, packages_above_depth=None, packages_select_by_dep=None, packages_skip_by_dep=None, packages_skip_up_to=None, packages_select_build_failed=False, packages_skip_build_finished=False, packages_select_test_failures=False, packages_skip_test_passed=False, packages_select=None, packages_skip=None, packages_select_regex=None, packages_skip_regex=None, packages_start=None, packages_end=None, allow_overriding=[], cmake_args=None, cmake_target=None, cmake_target_skip_unavailable=False, cmake_clean_cache=False, cmake_clean_first=False, cmake_force_configure=False, ament_cmake_args=None, catkin_cmake_args=None, catkin_skip_building_tests=False, mixin_files=None, mixin=None, verb_parser=<colcon_mixin.mixin.mixin_argument.MixinArgumentDecorator object at 0x7327310749a0>, verb_extension=<colcon_core.verb.build.BuildVerb object at 0x732731188fa0>, main=<bound method BuildVerb.main of <colcon_core.verb.build.BuildVerb object at 0x732731188fa0>>, mixin_verb=('build',))
[1.629s] Level 1:colcon.colcon_core.package_discovery:discover_packages(colcon_meta) check parameters
[1.629s] Level 1:colcon.colcon_core.package_discovery:discover_packages(recursive) check parameters
[1.629s] Level 1:colcon.colcon_core.package_discovery:discover_packages(ignore) check parameters
[1.629s] Level 1:colcon.colcon_core.package_discovery:discover_packages(path) check parameters
[1.629s] Level 1:colcon.colcon_core.package_discovery:discover_packages(colcon_meta) discover
[1.629s] Level 1:colcon.colcon_core.package_discovery:discover_packages(recursive) discover
[1.629s] INFO:colcon.colcon_core.package_discovery:Crawling recursively for packages in '/home/sudhindra/irc/drive_control'
[1.630s] Level 1:colcon.colcon_core.package_identification:_identify(.) by extensions ['ignore', 'ignore_ament_install']
[1.630s] Level 1:colcon.colcon_core.package_identification:_identify(.) by extension 'ignore'
[1.630s] Level 1:colcon.colcon_core.package_identification:_identify(.) by extension 'ignore_ament_install'
[1.630s] Level 1:colcon.colcon_core.package_identification:_identify(.) by extensions ['colcon_pkg']
[1.630s] Level 1:colcon.colcon_core.package_identification:_identify(.) by extension 'colcon_pkg'
[1.630s] Level 1:colcon.colcon_core.package_identification:_identify(.) by extensions ['colcon_meta']
[1.630s] Level 1:colcon.colcon_core.package_identification:_identify(.) by extension 'colcon_meta'
[1.630s] Level 1:colcon.colcon_core.package_identification:_identify(.) by extensions ['ros']
[1.630s] Level 1:colcon.colcon_core.package_identification:_identify(.) by extension 'ros'
[1.670s] Level 1:colcon.colcon_core.package_identification:_identify(.) by extensions ['cmake', 'python']
[1.670s] Level 1:colcon.colcon_core.package_identification:_identify(.) by extension 'cmake'
[1.670s] Level 1:colcon.colcon_core.package_identification:_identify(.) by extension 'python'
[1.670s] Level 1:colcon.colcon_core.package_identification:_identify(.) by extensions ['python_setup_py']
[1.670s] Level 1:colcon.colcon_core.package_identification:_identify(.) by extension 'python_setup_py'
[1.670s] Level 1:colcon.colcon_core.package_identification:_identify(build) by extensions ['ignore', 'ignore_ament_install']
[1.670s] Level 1:colcon.colcon_core.package_identification:_identify(build) by extension 'ignore'
[1.670s] Level 1:colcon.colcon_core.package_identification:_identify(build) ignored
[1.670s] Level 1:colcon.colcon_core.package_identification:_identify(install) by extensions ['ignore', 'ignore_ament_install']
[1.670s] Level 1:colcon.colcon_core.package_identification:_identify(install) by extension 'ignore'
[1.670s] Level 1:colcon.colcon_core.package_identification:_identify(install) ignored
[1.671s] Level 1:colcon.colcon_core.package_identification:_identify(log) by extensions ['ignore', 'ignore_ament_install']
[1.671s] Level 1:colcon.colcon_core.package_identification:_identify(log) by extension 'ignore'
[1.671s] Level 1:colcon.colcon_core.package_identification:_identify(log) ignored
[1.671s] Level 1:colcon.colcon_core.package_identification:_identify(src) by extensions ['ignore', 'ignore_ament_install']
[1.671s] Level 1:colcon.colcon_core.package_identification:_identify(src) by extension 'ignore'
[1.671s] Level 1:colcon.colcon_core.package_identification:_identify(src) by extension 'ignore_ament_install'
[1.671s] Level 1:colcon.colcon_core.package_identification:_identify(src) by extensions ['colcon_pkg']
[1.671s] Level 1:colcon.colcon_core.package_identification:_identify(src) by extension 'colcon_pkg'
[1.671s] Level 1:colcon.colcon_core.package_identification:_identify(src) by extensions ['colcon_meta']
[1.671s] Level 1:colcon.colcon_core.package_identification:_identify(src) by extension 'colcon_meta'
[1.671s] Level 1:colcon.colcon_core.package_identification:_identify(src) by extensions ['ros']
[1.671s] Level 1:colcon.colcon_core.package_identification:_identify(src) by extension 'ros'
[1.671s] Level 1:colcon.colcon_core.package_identification:_identify(src) by extensions ['cmake', 'python']
[1.671s] Level 1:colcon.colcon_core.package_identification:_identify(src) by extension 'cmake'
[1.671s] Level 1:colcon.colcon_core.package_identification:_identify(src) by extension 'python'
[1.671s] Level 1:colcon.colcon_core.package_identification:_identify(src) by extensions ['python_setup_py']
[1.671s] Level 1:colcon.colcon_core.package_identification:_identify(src) by extension 'python_setup_py'
[1.671s] Level 1:colcon.colcon_core.package_identification:_identify(src/differential) by extensions ['ignore', 'ignore_ament_install']
[1.671s] Level 1:colcon.colcon_core.package_identification:_identify(src/differential) by extension 'ignore'
[1.671s] Level 1:colcon.colcon_core.package_identification:_identify(src/differential) by extension 'ignore_ament_install'
[1.672s] Level 1:colcon.colcon_core.package_identification:_identify(src/differential) by extensions ['colcon_pkg']
[1.672s] Level 1:colcon.colcon_core.package_identification:_identify(src/differential) by extension 'colcon_pkg'
[1.672s] Level 1:colcon.colcon_core.package_identification:_identify(src/differential) by extensions ['colcon_meta']
[1.672s] Level 1:colcon.colcon_core.package_identification:_identify(src/differential) by extension 'colcon_meta'
[1.672s] Level 1:colcon.colcon_core.package_identification:_identify(src/differential) by extensions ['ros']
[1.672s] Level 1:colcon.colcon_core.package_identification:_identify(src/differential) by extension 'ros'
[1.678s] DEBUG:colcon.colcon_core.package_identification:Package 'src/differential' with type 'ros.ament_python' and name 'differential'
[1.679s] Level 1:colcon.colcon_core.package_identification:_identify(src/msg_interfaces) by extensions ['ignore', 'ignore_ament_install']
[1.679s] Level 1:colcon.colcon_core.package_identification:_identify(src/msg_interfaces) by extension 'ignore'
[1.679s] Level 1:colcon.colcon_core.package_identification:_identify(src/msg_interfaces) by extension 'ignore_ament_install'
[1.679s] Level 1:colcon.colcon_core.package_identification:_identify(src/msg_interfaces) by extensions ['colcon_pkg']
[1.679s] Level 1:colcon.colcon_core.package_identification:_identify(src/msg_interfaces) by extension 'colcon_pkg'
[1.679s] Level 1:colcon.colcon_core.package_identification:_identify(src/msg_interfaces) by extensions ['colcon_meta']
[1.679s] Level 1:colcon.colcon_core.package_identification:_identify(src/msg_interfaces) by extension 'colcon_meta'
[1.679s] Level 1:colcon.colcon_core.package_identification:_identify(src/msg_interfaces) by extensions ['ros']
[1.679s] Level 1:colcon.colcon_core.package_identification:_identify(src/msg_interfaces) by extension 'ros'
[1.681s] DEBUG:colcon.colcon_core.package_identification:Package 'src/msg_interfaces' with type 'ros.ament_cmake' and name 'msg_interfaces'
[1.682s] Level 1:colcon.colcon_core.package_discovery:discover_packages(recursive) using defaults
[1.682s] Level 1:colcon.colcon_core.package_discovery:discover_packages(ignore) discover
[1.682s] Level 1:colcon.colcon_core.package_discovery:discover_packages(ignore) using defaults
[1.682s] Level 1:colcon.colcon_core.package_discovery:discover_packages(path) discover
[1.682s] Level 1:colcon.colcon_core.package_discovery:discover_packages(path) using defaults
[1.816s] Level 1:colcon.colcon_core.package_discovery:discover_packages(prefix_path) check parameters
[1.816s] Level 1:colcon.colcon_core.package_discovery:discover_packages(prefix_path) discover
[1.826s] DEBUG:colcon.colcon_installed_package_information.package_discovery:Found 382 installed packages in /opt/ros/humble
[1.828s] Level 1:colcon.colcon_core.package_discovery:discover_packages(prefix_path) using defaults
[1.880s] Level 5:colcon.colcon_core.verb:set package 'differential' build argument 'cmake_args' from command line to 'None'
[1.880s] Level 5:colcon.colcon_core.verb:set package 'differential' build argument 'cmake_target' from command line to 'None'
[1.880s] Level 5:colcon.colcon_core.verb:set package 'differential' build argument 'cmake_target_skip_unavailable' from command line to 'False'
[1.880s] Level 5:colcon.colcon_core.verb:set package 'differential' build argument 'cmake_clean_cache' from command line to 'False'
[1.880s] Level 5:colcon.colcon_core.verb:set package 'differential' build argument 'cmake_clean_first' from command line to 'False'
[1.880s] Level 5:colcon.colcon_core.verb:set package 'differential' build argument 'cmake_force_configure' from command line to 'False'
[1.880s] Level 5:colcon.colcon_core.verb:set package 'differential' build argument 'ament_cmake_args' from command line to 'None'
[1.880s] Level 5:colcon.colcon_core.verb:set package 'differential' build argument 'catkin_cmake_args' from command line to 'None'
[1.880s] Level 5:colcon.colcon_core.verb:set package 'differential' build argument 'catkin_skip_building_tests' from command line to 'False'
[1.880s] DEBUG:colcon.colcon_core.verb:Building package 'differential' with the following arguments: {'ament_cmake_args': None, 'build_base': '/home/sudhindra/irc/drive_control/build/differential', 'catkin_cmake_args': None, 'catkin_skip_building_tests': False, 'cmake_args': None, 'cmake_clean_cache': False, 'cmake_clean_first': False, 'cmake_force_configure': False, 'cmake_target': None, 'cmake_target_skip_unavailable': False, 'install_base': '/home/sudhindra/irc/drive_control/install/differential', 'merge_install': False, 'path': '/home/sudhindra/irc/drive_control/src/differential', 'symlink_install': False, 'test_result_base': None}
[1.880s] Level 5:colcon.colcon_core.verb:set package 'msg_interfaces' build argument 'cmake_args' from command line to 'None'
[1.880s] Level 5:colcon.colcon_core.verb:set package 'msg_interfaces' build argument 'cmake_target' from command line to 'None'
[1.880s] Level 5:colcon.colcon_core.verb:set package 'msg_interfaces' build argument 'cmake_target_skip_unavailable' from command line to 'False'
[1.880s] Level 5:colcon.colcon_core.verb:set package 'msg_interfaces' build argument 'cmake_clean_cache' from command line to 'False'
[1.880s] Level 5:colcon.colcon_core.verb:set package 'msg_interfaces' build argument 'cmake_clean_first' from command line to 'False'
[1.880s] Level 5:colcon.colcon_core.verb:set package 'msg_interfaces' build argument 'cmake_force_configure' from command line to 'False'
[1.881s] Level 5:colcon.colcon_core.verb:set package 'msg_interfaces' build argument 'ament_cmake_args' from command line to 'None'
[1.881s] Level 5:colcon.colcon_core.verb:set package 'msg_interfaces' build argument 'catkin_cmake_args' from command line to 'None'
[1.881s] Level 5:colcon.colcon_core.verb:set package 'msg_interfaces' build argument 'catkin_skip_building_tests' from command line to 'False'
[1.881s] DEBUG:colcon.colcon_core.verb:Building package 'msg_interfaces' with the following arguments: {'ament_cmake_args': None, 'build_base': '/home/sudhindra/irc/drive_control/build/msg_interfaces', 'catkin_cmake_args': None, 'catkin_skip_building_tests': False, 'cmake_args': None, 'cmake_clean_cache': False, 'cmake_clean_first': False, 'cmake_force_configure': False, 'cmake_target': None, 'cmake_target_skip_unavailable': False, 'install_base': '/home/sudhindra/irc/drive_control/install/msg_interfaces', 'merge_install': False, 'path': '/home/sudhindra/irc/drive_control/src/msg_interfaces', 'symlink_install': False, 'test_result_base': None}
[1.881s] INFO:colcon.colcon_core.executor:Executing jobs using 'parallel' executor
[1.881s] DEBUG:colcon.colcon_parallel_executor.executor.parallel:run_until_complete
[1.882s] INFO:colcon.colcon_ros.task.ament_python.build:Building ROS package in '/home/sudhindra/irc/drive_control/src/differential' with build type 'ament_python'
[1.882s] Level 1:colcon.colcon_core.shell:create_environment_hook('differential', 'ament_prefix_path')
[1.885s] INFO:colcon.colcon_core.plugin_system:Skipping extension 'colcon_core.shell.bat': Not used on non-Windows systems
[1.886s] INFO:colcon.colcon_core.shell:Creating environment hook '/home/sudhindra/irc/drive_control/install/differential/share/differential/hook/ament_prefix_path.ps1'
[1.887s] INFO:colcon.colcon_core.shell:Creating environment descriptor '/home/sudhindra/irc/drive_control/install/differential/share/differential/hook/ament_prefix_path.dsv'
[1.887s] INFO:colcon.colcon_core.shell:Creating environment hook '/home/sudhindra/irc/drive_control/install/differential/share/differential/hook/ament_prefix_path.sh'
[1.888s] INFO:colcon.colcon_core.shell:Skip shell extension 'powershell' for command environment: Not usable outside of PowerShell
[1.888s] DEBUG:colcon.colcon_core.shell:Skip shell extension 'dsv' for command environment
[1.890s] INFO:colcon.colcon_ros.task.ament_cmake.build:Building ROS package in '/home/sudhindra/irc/drive_control/src/msg_interfaces' with build type 'ament_cmake'
[1.890s] INFO:colcon.colcon_cmake.task.cmake.build:Building CMake package in '/home/sudhindra/irc/drive_control/src/msg_interfaces'
[1.890s] INFO:colcon.colcon_core.shell:Skip shell extension 'powershell' for command environment: Not usable outside of PowerShell
[1.891s] DEBUG:colcon.colcon_core.shell:Skip shell extension 'dsv' for command environment
[2.128s] INFO:colcon.colcon_core.task.python.build:Building Python package in '/home/sudhindra/irc/drive_control/src/differential'
[2.128s] INFO:colcon.colcon_core.shell:Skip shell extension 'powershell' for command environment: Not usable outside of PowerShell
[2.128s] DEBUG:colcon.colcon_core.shell:Skip shell extension 'dsv' for command environment
[2.133s] DEBUG:colcon.colcon_core.event_handler.log_command:Invoking command in '/home/sudhindra/irc/drive_control/build/msg_interfaces': CMAKE_PREFIX_PATH=${CMAKE_PREFIX_PATH}:/opt/ros/humble /usr/bin/cmake --build /home/sudhindra/irc/drive_control/build/msg_interfaces -- -j8 -l8
[2.927s] DEBUG:colcon.colcon_core.event_handler.log_command:Invoking command in '/home/sudhindra/irc/drive_control/src/differential': PYTHONPATH=/home/sudhindra/irc/drive_control/build/differential/prefix_override:/usr/lib/python3/dist-packages/colcon_core/task/python/colcon_distutils_commands:/home/sudhindra/irc/drive_control/install/differential/lib/python3.10/site-packages:${PYTHONPATH} /usr/bin/python3 -W ignore:setup.py install is deprecated setup.py egg_info --egg-base ../../build/differential build --build-base /home/sudhindra/irc/drive_control/build/differential/build install --record /home/sudhindra/irc/drive_control/build/differential/install.log --single-version-externally-managed install_data
[3.211s] DEBUG:colcon.colcon_core.event_handler.log_command:Invoked command in '/home/sudhindra/irc/drive_control/src/differential' returned '0': PYTHONPATH=/home/sudhindra/irc/drive_control/build/differential/prefix_override:/usr/lib/python3/dist-packages/colcon_core/task/python/colcon_distutils_commands:/home/sudhindra/irc/drive_control/install/differential/lib/python3.10/site-packages:${PYTHONPATH} /usr/bin/python3 -W ignore:setup.py install is deprecated setup.py egg_info --egg-base ../../build/differential build --build-base /home/sudhindra/irc/drive_control/build/differential/build install --record /home/sudhindra/irc/drive_control/build/differential/install.log --single-version-externally-managed install_data
[3.214s] Level 1:colcon.colcon_core.environment:checking '/home/sudhindra/irc/drive_control/install/differential' for CMake module files
[3.215s] Level 1:colcon.colcon_core.environment:checking '/home/sudhindra/irc/drive_control/install/differential' for CMake config files
[3.216s] Level 1:colcon.colcon_core.environment:checking '/home/sudhindra/irc/drive_control/install/differential/lib'
[3.216s] Level 1:colcon.colcon_core.environment:checking '/home/sudhindra/irc/drive_control/install/differential/bin'
[3.216s] Level 1:colcon.colcon_core.environment:checking '/home/sudhindra/irc/drive_control/install/differential/lib/pkgconfig/differential.pc'
[3.216s] Level 1:colcon.colcon_core.environment:checking '/home/sudhindra/irc/drive_control/install/differential/lib/python3.10/site-packages'
[3.216s] Level 1:colcon.colcon_core.shell:create_environment_hook('differential', 'pythonpath')
[3.216s] INFO:colcon.colcon_core.shell:Creating environment hook '/home/sudhindra/irc/drive_control/install/differential/share/differential/hook/pythonpath.ps1'
[3.217s] INFO:colcon.colcon_core.shell:Creating environment descriptor '/home/sudhindra/irc/drive_control/install/differential/share/differential/hook/pythonpath.dsv'
[3.217s] INFO:colcon.colcon_core.shell:Creating environment hook '/home/sudhindra/irc/drive_control/install/differential/share/differential/hook/pythonpath.sh'
[3.217s] Level 1:colcon.colcon_core.environment:checking '/home/sudhindra/irc/drive_control/install/differential/bin'
[3.217s] Level 1:colcon.colcon_core.environment:create_environment_scripts_only(differential)
[3.218s] INFO:colcon.colcon_core.shell:Creating package script '/home/sudhindra/irc/drive_control/install/differential/share/differential/package.ps1'
[3.218s] INFO:colcon.colcon_core.shell:Creating package descriptor '/home/sudhindra/irc/drive_control/install/differential/share/differential/package.dsv'
[3.219s] INFO:colcon.colcon_core.shell:Creating package script '/home/sudhindra/irc/drive_control/install/differential/share/differential/package.sh'
[3.220s] INFO:colcon.colcon_core.shell:Creating package script '/home/sudhindra/irc/drive_control/install/differential/share/differential/package.bash'
[3.220s] INFO:colcon.colcon_core.shell:Creating package script '/home/sudhindra/irc/drive_control/install/differential/share/differential/package.zsh'
[3.221s] Level 1:colcon.colcon_core.environment:create_file_with_runtime_dependencies(/home/sudhindra/irc/drive_control/install/differential/share/colcon-core/packages/differential)
[11.588s] DEBUG:colcon.colcon_core.event_handler.log_command:Invoked command in '/home/sudhindra/irc/drive_control/build/msg_interfaces' returned '0': CMAKE_PREFIX_PATH=${CMAKE_PREFIX_PATH}:/opt/ros/humble /usr/bin/cmake --build /home/sudhindra/irc/drive_control/build/msg_interfaces -- -j8 -l8
[11.689s] DEBUG:colcon.colcon_core.event_handler.log_command:Invoking command in '/home/sudhindra/irc/drive_control/build/msg_interfaces': CMAKE_PREFIX_PATH=${CMAKE_PREFIX_PATH}:/opt/ros/humble /usr/bin/cmake --install /home/sudhindra/irc/drive_control/build/msg_interfaces
[11.745s] Level 1:colcon.colcon_core.environment:create_environment_scripts_only(msg_interfaces)
[11.746s] Level 1:colcon.colcon_core.environment:checking '/home/sudhindra/irc/drive_control/install/msg_interfaces' for CMake module files
[11.746s] DEBUG:colcon.colcon_core.event_handler.log_command:Invoked command in '/home/sudhindra/irc/drive_control/build/msg_interfaces' returned '0': CMAKE_PREFIX_PATH=${CMAKE_PREFIX_PATH}:/opt/ros/humble /usr/bin/cmake --install /home/sudhindra/irc/drive_control/build/msg_interfaces
[11.747s] Level 1:colcon.colcon_core.environment:checking '/home/sudhindra/irc/drive_control/install/msg_interfaces' for CMake config files
[11.749s] Level 1:colcon.colcon_core.shell:create_environment_hook('msg_interfaces', 'cmake_prefix_path')
[11.750s] INFO:colcon.colcon_core.shell:Creating environment hook '/home/sudhindra/irc/drive_control/install/msg_interfaces/share/msg_interfaces/hook/cmake_prefix_path.ps1'
[11.750s] INFO:colcon.colcon_core.shell:Creating environment descriptor '/home/sudhindra/irc/drive_control/install/msg_interfaces/share/msg_interfaces/hook/cmake_prefix_path.dsv'
[11.750s] INFO:colcon.colcon_core.shell:Creating environment hook '/home/sudhindra/irc/drive_control/install/msg_interfaces/share/msg_interfaces/hook/cmake_prefix_path.sh'
[11.751s] Level 1:colcon.colcon_core.environment:checking '/home/sudhindra/irc/drive_control/install/msg_interfaces/lib'
[11.751s] Level 1:colcon.colcon_core.shell:create_environment_hook('msg_interfaces', 'ld_library_path_lib')
[11.751s] INFO:colcon.colcon_core.shell:Creating environment hook '/home/sudhindra/irc/drive_control/install/msg_interfaces/share/msg_interfaces/hook/ld_library_path_lib.ps1'
[11.751s] INFO:colcon.colcon_core.shell:Creating environment descriptor '/home/sudhindra/irc/drive_control/install/msg_interfaces/share/msg_interfaces/hook/ld_library_path_lib.dsv'
[11.752s] INFO:colcon.colcon_core.shell:Creating environment hook '/home/sudhindra/irc/drive_control/install/msg_interfaces/share/msg_interfaces/hook/ld_library_path_lib.sh'
[11.752s] Level 1:colcon.colcon_core.environment:checking '/home/sudhindra/irc/drive_control/install/msg_interfaces/bin'
[11.752s] Level 1:colcon.colcon_core.environment:checking '/home/sudhindra/irc/drive_control/install/msg_interfaces/lib/pkgconfig/msg_interfaces.pc'
[11.752s] Level 1:colcon.colcon_core.environment:checking '/home/sudhindra/irc/drive_control/install/msg_interfaces/lib/python3.10/site-packages'
[11.752s] Level 1:colcon.colcon_core.shell:create_environment_hook('msg_interfaces', 'pythonpath')
[11.753s] INFO:colcon.colcon_core.shell:Creating environment hook '/home/sudhindra/irc/drive_control/install/msg_interfaces/share/msg_interfaces/hook/pythonpath.ps1'
[11.753s] INFO:colcon.colcon_core.shell:Creating environment descriptor '/home/sudhindra/irc/drive_control/install/msg_interfaces/share/msg_interfaces/hook/pythonpath.dsv'
[11.753s] INFO:colcon.colcon_core.shell:Creating environment hook '/home/sudhindra/irc/drive_control/install/msg_interfaces/share/msg_interfaces/hook/pythonpath.sh'
[11.754s] Level 1:colcon.colcon_core.environment:checking '/home/sudhindra/irc/drive_control/install/msg_interfaces/bin'
[11.754s] INFO:colcon.colcon_core.shell:Creating package script '/home/sudhindra/irc/drive_control/install/msg_interfaces/share/msg_interfaces/package.ps1'
[11.754s] INFO:colcon.colcon_core.shell:Creating package descriptor '/home/sudhindra/irc/drive_control/install/msg_interfaces/share/msg_interfaces/package.dsv'
[11.755s] INFO:colcon.colcon_core.shell:Creating package script '/home/sudhindra/irc/drive_control/install/msg_interfaces/share/msg_interfaces/package.sh'
[11.755s] INFO:colcon.colcon_core.shell:Creating package script '/home/sudhindra/irc/drive_control/install/msg_interfaces/share/msg_interfaces/package.bash'
[11.755s] INFO:colcon.colcon_core.shell:Creating package script '/home/sudhindra/irc/drive_control/install/msg_interfaces/share/msg_interfaces/package.zsh'
[11.756s] Level 1:colcon.colcon_core.environment:create_file_with_runtime_dependencies(/home/sudhindra/irc/drive_control/install/msg_interfaces/share/colcon-core/packages/msg_interfaces)
[11.850s] Level 1:colcon.colcon_core.environment:create_environment_scripts_only(msg_interfaces)
[11.850s] Level 1:colcon.colcon_core.environment:checking '/home/sudhindra/irc/drive_control/install/msg_interfaces' for CMake module files
[11.850s] Level 1:colcon.colcon_core.environment:checking '/home/sudhindra/irc/drive_control/install/msg_interfaces' for CMake config files
[11.851s] Level 1:colcon.colcon_core.shell:create_environment_hook('msg_interfaces', 'cmake_prefix_path')
[11.851s] INFO:colcon.colcon_core.shell:Creating environment hook '/home/sudhindra/irc/drive_control/install/msg_interfaces/share/msg_interfaces/hook/cmake_prefix_path.ps1'
[11.851s] INFO:colcon.colcon_core.shell:Creating environment descriptor '/home/sudhindra/irc/drive_control/install/msg_interfaces/share/msg_interfaces/hook/cmake_prefix_path.dsv'
[11.852s] INFO:colcon.colcon_core.shell:Creating environment hook '/home/sudhindra/irc/drive_control/install/msg_interfaces/share/msg_interfaces/hook/cmake_prefix_path.sh'
[11.852s] Level 1:colcon.colcon_core.environment:checking '/home/sudhindra/irc/drive_control/install/msg_interfaces/lib'
[11.852s] Level 1:colcon.colcon_core.shell:create_environment_hook('msg_interfaces', 'ld_library_path_lib')
[11.852s] INFO:colcon.colcon_core.shell:Creating environment hook '/home/sudhindra/irc/drive_control/install/msg_interfaces/share/msg_interfaces/hook/ld_library_path_lib.ps1'
[11.853s] INFO:colcon.colcon_core.shell:Creating environment descriptor '/home/sudhindra/irc/drive_control/install/msg_interfaces/share/msg_interfaces/hook/ld_library_path_lib.dsv'
[11.853s] INFO:colcon.colcon_core.shell:Creating environment hook '/home/sudhindra/irc/drive_control/install/msg_interfaces/share/msg_interfaces/hook/ld_library_path_lib.sh'
[11.853s] Level 1:colcon.colcon_core.environment:checking '/home/sudhindra/irc/drive_control/install/msg_interfaces/bin'
[11.853s] Level 1:colcon.colcon_core.environment:checking '/home/sudhindra/irc/drive_control/install/msg_interfaces/lib/pkgconfig/msg_interfaces.pc'
[11.853s] Level 1:colcon.colcon_core.environment:checking '/home/sudhindra/irc/drive_control/install/msg_interfaces/lib/python3.10/site-packages'
[11.853s] Level 1:colcon.colcon_core.shell:create_environment_hook('msg_interfaces', 'pythonpath')
[11.853s] INFO:colcon.colcon_core.shell:Creating environment hook '/home/sudhindra/irc/drive_control/install/msg_interfaces/share/msg_interfaces/hook/pythonpath.ps1'
[11.854s] INFO:colcon.colcon_core.shell:Creating environment descriptor '/home/sudhindra/irc/drive_control/install/msg_interfaces/share/msg_interfaces/hook/pythonpath.dsv'
[11.854s] INFO:colcon.colcon_core.shell:Creating environment hook '/home/sudhindra/irc/drive_control/install/msg_interfaces/share/msg_interfaces/hook/pythonpath.sh'
[11.854s] Level 1:colcon.colcon_core.environment:checking '/home/sudhindra/irc/drive_control/install/msg_interfaces/bin'
[11.855s] INFO:colcon.colcon_core.shell:Creating package script '/home/sudhindra/irc/drive_control/install/msg_interfaces/share/msg_interfaces/package.ps1'
[11.855s] INFO:colcon.colcon_core.shell:Creating package descriptor '/home/sudhindra/irc/drive_control/install/msg_interfaces/share/msg_interfaces/package.dsv'
[11.855s] INFO:colcon.colcon_core.shell:Creating package script '/home/sudhindra/irc/drive_control/install/msg_interfaces/share/msg_interfaces/package.sh'
[11.856s] INFO:colcon.colcon_core.shell:Creating package script '/home/sudhindra/irc/drive_control/install/msg_interfaces/share/msg_interfaces/package.bash'
[11.856s] INFO:colcon.colcon_core.shell:Creating package script '/home/sudhindra/irc/drive_control/install/msg_interfaces/share/msg_interfaces/package.zsh'
[11.856s] Level 1:colcon.colcon_core.environment:create_file_with_runtime_dependencies(/home/sudhindra/irc/drive_control/install/msg_interfaces/share/colcon-core/packages/msg_interfaces)
[11.857s] DEBUG:colcon.colcon_parallel_executor.executor.parallel:closing loop
[11.857s] DEBUG:colcon.colcon_parallel_executor.executor.parallel:loop closed
[11.857s] DEBUG:colcon.colcon_parallel_executor.executor.parallel:run_until_complete finished with '0'
[11.857s] DEBUG:colcon.colcon_core.event_reactor:joining thread
[11.862s] INFO:colcon.colcon_core.plugin_system:Skipping extension 'colcon_notification.desktop_notification.terminal_notifier': Not used on non-Darwin systems
[11.862s] INFO:colcon.colcon_core.plugin_system:Skipping extension 'colcon_notification.desktop_notification.win32': Not used on non-Windows systems
[11.862s] INFO:colcon.colcon_notification.desktop_notification:Sending desktop notification using 'notify2'
[11.874s] DEBUG:colcon.colcon_core.event_reactor:joined thread
[11.874s] INFO:colcon.colcon_core.shell:Creating prefix script '/home/sudhindra/irc/drive_control/install/local_setup.ps1'
[11.876s] INFO:colcon.colcon_core.shell:Creating prefix util module '/home/sudhindra/irc/drive_control/install/_local_setup_util_ps1.py'
[11.878s] INFO:colcon.colcon_core.shell:Creating prefix chain script '/home/sudhindra/irc/drive_control/install/setup.ps1'
[11.879s] INFO:colcon.colcon_core.shell:Creating prefix script '/home/sudhindra/irc/drive_control/install/local_setup.sh'
[11.880s] INFO:colcon.colcon_core.shell:Creating prefix util module '/home/sudhindra/irc/drive_control/install/_local_setup_util_sh.py'
[11.881s] INFO:colcon.colcon_core.shell:Creating prefix chain script '/home/sudhindra/irc/drive_control/install/setup.sh'
[11.882s] INFO:colcon.colcon_core.shell:Creating prefix script '/home/sudhindra/irc/drive_control/install/local_setup.bash'
[11.883s] INFO:colcon.colcon_core.shell:Creating prefix chain script '/home/sudhindra/irc/drive_control/install/setup.bash'
[11.884s] INFO:colcon.colcon_core.shell:Creating prefix script '/home/sudhindra/irc/drive_control/install/local_setup.zsh'
[11.885s] INFO:colcon.colcon_core.shell:Creating prefix chain script '/home/sudhindra/irc/drive_control/install/setup.zsh'
