[0.243s] Invoking command in '/home/sudhindra/irc/drive_control/build/msg_interfaces': CMAKE_PREFIX_PATH=${CMAKE_PREFIX_PATH}:/opt/ros/humble /usr/bin/cmake --build /home/sudhindra/irc/drive_control/build/msg_interfaces -- -j8 -l8
[0.285s] [0mCMake Error: The current CMakeCache.txt directory /home/sudhindra/irc/drive_control/build/msg_interfaces/CMakeCache.txt is different than the directory /home/sudhindra/irc_2025/drive_control/build/msg_interfaces where CMakeCache.txt was created. This may result in binaries being created in the wrong place. If you are not sure, reedit the CMakeCache.txt[0m
[0.402s] -- Found ament_cmake: 1.3.10 (/opt/ros/humble/share/ament_cmake/cmake)
[0.638s] -- Found geometry_msgs: 4.2.4 (/opt/ros/humble/share/geometry_msgs/cmake)
[0.730s] -- Found rosidl_generator_c: 3.1.5 (/opt/ros/humble/share/rosidl_generator_c/cmake)
[0.743s] -- Found rosidl_adapter: 3.1.5 (/opt/ros/humble/share/rosidl_adapter/cmake)
[0.780s] -- Found rosidl_generator_cpp: 3.1.5 (/opt/ros/humble/share/rosidl_generator_cpp/cmake)
[0.843s] -- Using all available rosidl_typesupport_c: rosidl_typesupport_fastrtps_c;rosidl_typesupport_introspection_c
[0.932s] -- Using all available rosidl_typesupport_cpp: rosidl_typesupport_fastrtps_cpp;rosidl_typesupport_introspection_cpp
[1.026s] -- Found rosidl_default_generators: 1.2.0 (/opt/ros/humble/share/rosidl_default_generators/cmake)
[1.301s] -- Found ament_cmake_ros: 0.10.0 (/opt/ros/humble/share/ament_cmake_ros/cmake)
[1.639s] -- Using all available rosidl_typesupport_c: rosidl_typesupport_fastrtps_c;rosidl_typesupport_introspection_c
[1.766s] -- Using all available rosidl_typesupport_cpp: rosidl_typesupport_fastrtps_cpp;rosidl_typesupport_introspection_cpp
[1.785s] -- Found python_cmake_module: 0.10.0 (/opt/ros/humble/share/python_cmake_module/cmake)
[1.803s] -- Using PYTHON_EXECUTABLE: /usr/bin/python3
[1.803s] -- Using PYTHON_INCLUDE_DIRS: /usr/include/python3.10
[1.803s] -- Using PYTHON_LIBRARIES: /usr/lib/x86_64-linux-gnu/libpython3.10.so
[1.836s] -- Found ament_lint_auto: 0.12.11 (/opt/ros/humble/share/ament_lint_auto/cmake)
[1.858s] -- Added test 'lint_cmake' to check CMake code style
[1.859s] -- Added test 'xmllint' to check XML markup files
[1.861s] -- Configuring done
[1.917s] -- Generating done
[1.919s] -- Build files have been written to: /home/sudhindra/irc_2025/drive_control/build/msg_interfaces
[1.976s] [  0%] Built target ament_cmake_python_copy_msg_interfaces
[1.982s] [  1%] Built target msg_interfaces__cpp
[1.995s] [35m[1mConsolidate compiler generated dependencies of target msg_interfaces__rosidl_generator_c[0m
[1.997s] [35m[1mConsolidate compiler generated dependencies of target msg_interfaces__rosidl_typesupport_introspection_cpp[0m
[2.006s] [  2%] [32mBuilding C object CMakeFiles/msg_interfaces__rosidl_generator_c.dir/rosidl_generator_c/msg_interfaces/msg/detail/drive__functions.c.o[0m
[2.006s] [  5%] [32mBuilding C object CMakeFiles/msg_interfaces__rosidl_generator_c.dir/rosidl_generator_c/msg_interfaces/msg/detail/motor_six__functions.c.o[0m
[2.008s] [  5%] [32mBuilding C object CMakeFiles/msg_interfaces__rosidl_generator_c.dir/rosidl_generator_c/msg_interfaces/msg/detail/arm_end_motion__functions.c.o[0m
[2.008s] [35m[1mConsolidate compiler generated dependencies of target msg_interfaces__rosidl_typesupport_fastrtps_cpp[0m
[2.009s] [  7%] [32mBuilding C object CMakeFiles/msg_interfaces__rosidl_generator_c.dir/rosidl_generator_c/msg_interfaces/msg/detail/cam_drive__functions.c.o[0m
[2.012s] [  8%] [32mBuilding CXX object CMakeFiles/msg_interfaces__rosidl_typesupport_introspection_cpp.dir/rosidl_typesupport_introspection_cpp/msg_interfaces/msg/detail/drive__type_support.cpp.o[0m
[2.044s] [  9%] [32mBuilding CXX object CMakeFiles/msg_interfaces__rosidl_typesupport_fastrtps_cpp.dir/rosidl_typesupport_fastrtps_cpp/msg_interfaces/msg/detail/dds_fastrtps/drive__type_support.cpp.o[0m
[2.044s] [35m[1mConsolidate compiler generated dependencies of target msg_interfaces__rosidl_typesupport_cpp[0m
[2.072s] [ 11%] [32mBuilding CXX object CMakeFiles/msg_interfaces__rosidl_typesupport_cpp.dir/rosidl_typesupport_cpp/msg_interfaces/msg/drive__type_support.cpp.o[0m
[2.245s] running egg_info
[2.246s] writing msg_interfaces.egg-info/PKG-INFO
[2.246s] writing dependency_links to msg_interfaces.egg-info/dependency_links.txt
[2.247s] writing top-level names to msg_interfaces.egg-info/top_level.txt
[2.249s] reading manifest file 'msg_interfaces.egg-info/SOURCES.txt'
[2.251s] writing manifest file 'msg_interfaces.egg-info/SOURCES.txt'
[2.274s] [ 11%] Built target ament_cmake_python_build_msg_interfaces_egg
[2.280s] [ 12%] [32mBuilding CXX object CMakeFiles/msg_interfaces__rosidl_typesupport_cpp.dir/rosidl_typesupport_cpp/msg_interfaces/msg/cam_drive__type_support.cpp.o[0m
[3.889s] [ 15%] [32mBuilding CXX object CMakeFiles/msg_interfaces__rosidl_typesupport_cpp.dir/rosidl_typesupport_cpp/msg_interfaces/msg/arm_end_motion__type_support.cpp.o[0m
[3.889s] [ 15%] [32mBuilding C object CMakeFiles/msg_interfaces__rosidl_generator_c.dir/rosidl_generator_c/msg_interfaces/msg/detail/encoder_arm__functions.c.o[0m
[3.889s] [ 16%] [32mBuilding CXX object CMakeFiles/msg_interfaces__rosidl_typesupport_fastrtps_cpp.dir/rosidl_typesupport_fastrtps_cpp/msg_interfaces/msg/detail/dds_fastrtps/cam_drive__type_support.cpp.o[0m
[3.889s] [ 18%] [32mBuilding CXX object CMakeFiles/msg_interfaces__rosidl_typesupport_introspection_cpp.dir/rosidl_typesupport_introspection_cpp/msg_interfaces/msg/detail/cam_drive__type_support.cpp.o[0m
[3.947s] [ 19%] [32mBuilding C object CMakeFiles/msg_interfaces__rosidl_generator_c.dir/rosidl_generator_c/msg_interfaces/msg/detail/encoder_drive__functions.c.o[0m
[4.006s] [ 21%] [32m[1mLinking C shared library libmsg_interfaces__rosidl_generator_c.so[0m
[5.369s] [ 22%] Built target msg_interfaces__rosidl_generator_c
[5.375s] [ 23%] [32mBuilding CXX object CMakeFiles/msg_interfaces__rosidl_typesupport_introspection_cpp.dir/rosidl_typesupport_introspection_cpp/msg_interfaces/msg/detail/arm_end_motion__type_support.cpp.o[0m
[6.776s] [ 26%] [32mBuilding CXX object CMakeFiles/msg_interfaces__rosidl_typesupport_cpp.dir/rosidl_typesupport_cpp/msg_interfaces/msg/motor_six__type_support.cpp.o[0m
[6.776s] [ 26%] [32mBuilding CXX object CMakeFiles/msg_interfaces__rosidl_typesupport_fastrtps_cpp.dir/rosidl_typesupport_fastrtps_cpp/msg_interfaces/msg/detail/dds_fastrtps/arm_end_motion__type_support.cpp.o[0m
[6.776s] [ 28%] [32mBuilding CXX object CMakeFiles/msg_interfaces__rosidl_typesupport_fastrtps_cpp.dir/rosidl_typesupport_fastrtps_cpp/msg_interfaces/msg/detail/dds_fastrtps/motor_six__type_support.cpp.o[0m
[6.859s] [ 29%] [32mBuilding CXX object CMakeFiles/msg_interfaces__rosidl_typesupport_introspection_cpp.dir/rosidl_typesupport_introspection_cpp/msg_interfaces/msg/detail/motor_six__type_support.cpp.o[0m
[6.865s] [ 30%] [32mBuilding CXX object CMakeFiles/msg_interfaces__rosidl_typesupport_introspection_cpp.dir/rosidl_typesupport_introspection_cpp/msg_interfaces/msg/detail/encoder_arm__type_support.cpp.o[0m
[6.883s] [ 33%] [32mBuilding CXX object CMakeFiles/msg_interfaces__rosidl_typesupport_introspection_cpp.dir/rosidl_typesupport_introspection_cpp/msg_interfaces/msg/detail/encoder_drive__type_support.cpp.o[0m
[6.883s] [ 33%] [32mBuilding CXX object CMakeFiles/msg_interfaces__rosidl_typesupport_fastrtps_cpp.dir/rosidl_typesupport_fastrtps_cpp/msg_interfaces/msg/detail/dds_fastrtps/encoder_arm__type_support.cpp.o[0m
[6.913s] [35m[1mConsolidate compiler generated dependencies of target msg_interfaces__rosidl_typesupport_fastrtps_c[0m
[6.931s] [ 35%] [32mBuilding CXX object CMakeFiles/msg_interfaces__rosidl_typesupport_fastrtps_c.dir/rosidl_typesupport_fastrtps_c/msg_interfaces/msg/detail/drive__type_support_c.cpp.o[0m
[7.153s] [ 36%] [32mBuilding CXX object CMakeFiles/msg_interfaces__rosidl_typesupport_cpp.dir/rosidl_typesupport_cpp/msg_interfaces/msg/encoder_arm__type_support.cpp.o[0m
[7.479s] [ 38%] [32mBuilding CXX object CMakeFiles/msg_interfaces__rosidl_typesupport_fastrtps_c.dir/rosidl_typesupport_fastrtps_c/msg_interfaces/msg/detail/cam_drive__type_support_c.cpp.o[0m
[7.604s] [ 39%] [32mBuilding CXX object CMakeFiles/msg_interfaces__rosidl_typesupport_fastrtps_c.dir/rosidl_typesupport_fastrtps_c/msg_interfaces/msg/detail/arm_end_motion__type_support_c.cpp.o[0m
[7.610s] [ 40%] [32mBuilding CXX object CMakeFiles/msg_interfaces__rosidl_typesupport_cpp.dir/rosidl_typesupport_cpp/msg_interfaces/msg/encoder_drive__type_support.cpp.o[0m
[7.682s] [35m[1mConsolidate compiler generated dependencies of target msg_interfaces__rosidl_typesupport_introspection_c[0m
[7.715s] [ 42%] [32mBuilding C object CMakeFiles/msg_interfaces__rosidl_typesupport_introspection_c.dir/rosidl_typesupport_introspection_c/msg_interfaces/msg/detail/drive__type_support.c.o[0m
[7.743s] [35m[1mConsolidate compiler generated dependencies of target msg_interfaces__rosidl_typesupport_c[0m
[7.766s] [ 43%] [32mBuilding CXX object CMakeFiles/msg_interfaces__rosidl_typesupport_c.dir/rosidl_typesupport_c/msg_interfaces/msg/drive__type_support.cpp.o[0m
[7.775s] [ 45%] [32m[1mLinking CXX shared library libmsg_interfaces__rosidl_typesupport_introspection_cpp.so[0m
[7.810s] [ 46%] [32mBuilding CXX object CMakeFiles/msg_interfaces__rosidl_typesupport_fastrtps_cpp.dir/rosidl_typesupport_fastrtps_cpp/msg_interfaces/msg/detail/dds_fastrtps/encoder_drive__type_support.cpp.o[0m
[7.817s] [ 47%] [32mBuilding C object CMakeFiles/msg_interfaces__rosidl_typesupport_introspection_c.dir/rosidl_typesupport_introspection_c/msg_interfaces/msg/detail/cam_drive__type_support.c.o[0m
[7.836s] [ 49%] [32mBuilding CXX object CMakeFiles/msg_interfaces__rosidl_typesupport_c.dir/rosidl_typesupport_c/msg_interfaces/msg/cam_drive__type_support.cpp.o[0m
[7.839s] [ 50%] [32mBuilding CXX object CMakeFiles/msg_interfaces__rosidl_typesupport_fastrtps_c.dir/rosidl_typesupport_fastrtps_c/msg_interfaces/msg/detail/motor_six__type_support_c.cpp.o[0m
[7.905s] [ 52%] [32mBuilding C object CMakeFiles/msg_interfaces__rosidl_typesupport_introspection_c.dir/rosidl_typesupport_introspection_c/msg_interfaces/msg/detail/arm_end_motion__type_support.c.o[0m
[7.919s] [ 53%] [32mBuilding CXX object CMakeFiles/msg_interfaces__rosidl_typesupport_c.dir/rosidl_typesupport_c/msg_interfaces/msg/arm_end_motion__type_support.cpp.o[0m
[7.986s] [ 54%] Built target msg_interfaces__rosidl_typesupport_introspection_cpp
[7.987s] [ 56%] [32mBuilding CXX object CMakeFiles/msg_interfaces__rosidl_typesupport_c.dir/rosidl_typesupport_c/msg_interfaces/msg/motor_six__type_support.cpp.o[0m
[8.005s] [ 59%] [32mBuilding CXX object CMakeFiles/msg_interfaces__rosidl_typesupport_fastrtps_c.dir/rosidl_typesupport_fastrtps_c/msg_interfaces/msg/detail/encoder_arm__type_support_c.cpp.o[0m
[8.006s] [ 59%] [32mBuilding C object CMakeFiles/msg_interfaces__rosidl_typesupport_introspection_c.dir/rosidl_typesupport_introspection_c/msg_interfaces/msg/detail/motor_six__type_support.c.o[0m
[8.060s] [ 60%] [32mBuilding CXX object CMakeFiles/msg_interfaces__rosidl_typesupport_c.dir/rosidl_typesupport_c/msg_interfaces/msg/encoder_arm__type_support.cpp.o[0m
[8.088s] [ 61%] [32mBuilding C object CMakeFiles/msg_interfaces__rosidl_typesupport_introspection_c.dir/rosidl_typesupport_introspection_c/msg_interfaces/msg/detail/encoder_arm__type_support.c.o[0m
[8.135s] [ 63%] [32mBuilding CXX object CMakeFiles/msg_interfaces__rosidl_typesupport_c.dir/rosidl_typesupport_c/msg_interfaces/msg/encoder_drive__type_support.cpp.o[0m
[8.204s] [ 64%] [32m[1mLinking CXX shared library libmsg_interfaces__rosidl_typesupport_c.so[0m
[8.214s] [ 66%] [32mBuilding C object CMakeFiles/msg_interfaces__rosidl_typesupport_introspection_c.dir/rosidl_typesupport_introspection_c/msg_interfaces/msg/detail/encoder_drive__type_support.c.o[0m
[8.314s] [ 67%] Built target msg_interfaces__rosidl_typesupport_c
[8.333s] [ 69%] [32mBuilding CXX object CMakeFiles/msg_interfaces__rosidl_typesupport_fastrtps_c.dir/rosidl_typesupport_fastrtps_c/msg_interfaces/msg/detail/encoder_drive__type_support_c.cpp.o[0m
[8.346s] [ 70%] [32m[1mLinking C shared library libmsg_interfaces__rosidl_typesupport_introspection_c.so[0m
[8.347s] [ 71%] [32m[1mLinking CXX shared library libmsg_interfaces__rosidl_typesupport_cpp.so[0m
[8.444s] [ 73%] Built target msg_interfaces__rosidl_typesupport_introspection_c
[8.475s] [ 74%] Built target msg_interfaces__rosidl_typesupport_cpp
[8.771s] [ 76%] [32m[1mLinking CXX shared library libmsg_interfaces__rosidl_typesupport_fastrtps_cpp.so[0m
[8.912s] [ 77%] [32m[1mLinking CXX shared library libmsg_interfaces__rosidl_typesupport_fastrtps_c.so[0m
[8.922s] [ 78%] Built target msg_interfaces__rosidl_typesupport_fastrtps_cpp
[9.008s] [ 80%] Built target msg_interfaces__rosidl_typesupport_fastrtps_c
[9.028s] [ 80%] Built target msg_interfaces
[9.050s] [ 81%] Built target msg_interfaces__py
[9.065s] [35m[1mConsolidate compiler generated dependencies of target msg_interfaces__rosidl_generator_py[0m
[9.085s] [ 84%] [32mBuilding C object CMakeFiles/msg_interfaces__rosidl_generator_py.dir/rosidl_generator_py/msg_interfaces/msg/_motor_six_s.c.o[0m
[9.086s] [ 84%] [32mBuilding C object CMakeFiles/msg_interfaces__rosidl_generator_py.dir/rosidl_generator_py/msg_interfaces/msg/_encoder_drive_s.c.o[0m
[9.088s] [ 87%] [32mBuilding C object CMakeFiles/msg_interfaces__rosidl_generator_py.dir/rosidl_generator_py/msg_interfaces/msg/_cam_drive_s.c.o[0m
[9.089s] [ 87%] [32mBuilding C object CMakeFiles/msg_interfaces__rosidl_generator_py.dir/rosidl_generator_py/msg_interfaces/msg/_drive_s.c.o[0m
[9.089s] [ 88%] [32mBuilding C object CMakeFiles/msg_interfaces__rosidl_generator_py.dir/rosidl_generator_py/msg_interfaces/msg/_arm_end_motion_s.c.o[0m
[9.089s] [ 90%] [32mBuilding C object CMakeFiles/msg_interfaces__rosidl_generator_py.dir/rosidl_generator_py/msg_interfaces/msg/_encoder_arm_s.c.o[0m
[9.426s] [ 91%] [32m[1mLinking C shared library rosidl_generator_py/msg_interfaces/libmsg_interfaces__rosidl_generator_py.so[0m
[9.523s] [ 91%] Built target msg_interfaces__rosidl_generator_py
[9.537s] [35m[1mConsolidate compiler generated dependencies of target msg_interfaces__rosidl_typesupport_fastrtps_c__pyext[0m
[9.537s] [35m[1mConsolidate compiler generated dependencies of target msg_interfaces__rosidl_typesupport_introspection_c__pyext[0m
[9.537s] [35m[1mConsolidate compiler generated dependencies of target msg_interfaces__rosidl_typesupport_c__pyext[0m
[9.552s] [ 95%] [32mBuilding C object CMakeFiles/msg_interfaces__rosidl_typesupport_fastrtps_c__pyext.dir/rosidl_generator_py/msg_interfaces/_msg_interfaces_s.ep.rosidl_typesupport_fastrtps_c.c.o[0m
[9.552s] [ 95%] [32mBuilding C object CMakeFiles/msg_interfaces__rosidl_typesupport_c__pyext.dir/rosidl_generator_py/msg_interfaces/_msg_interfaces_s.ep.rosidl_typesupport_c.c.o[0m
[9.553s] [ 95%] [32mBuilding C object CMakeFiles/msg_interfaces__rosidl_typesupport_introspection_c__pyext.dir/rosidl_generator_py/msg_interfaces/_msg_interfaces_s.ep.rosidl_typesupport_introspection_c.c.o[0m
[9.656s] [100%] [32m[1mLinking C shared library rosidl_generator_py/msg_interfaces/msg_interfaces_s__rosidl_typesupport_fastrtps_c.cpython-310-x86_64-linux-gnu.so[0m
[9.656s] [100%] [32m[1mLinking C shared library rosidl_generator_py/msg_interfaces/msg_interfaces_s__rosidl_typesupport_c.cpython-310-x86_64-linux-gnu.so[0m
[9.656s] [100%] [32m[1mLinking C shared library rosidl_generator_py/msg_interfaces/msg_interfaces_s__rosidl_typesupport_introspection_c.cpython-310-x86_64-linux-gnu.so[0m
[9.689s] [100%] Built target msg_interfaces__rosidl_typesupport_introspection_c__pyext
[9.689s] [100%] Built target msg_interfaces__rosidl_typesupport_c__pyext
[9.689s] [100%] Built target msg_interfaces__rosidl_typesupport_fastrtps_c__pyext
[9.698s] Invoked command in '/home/sudhindra/irc/drive_control/build/msg_interfaces' returned '0': CMAKE_PREFIX_PATH=${CMAKE_PREFIX_PATH}:/opt/ros/humble /usr/bin/cmake --build /home/sudhindra/irc/drive_control/build/msg_interfaces -- -j8 -l8
[9.798s] Invoking command in '/home/sudhindra/irc/drive_control/build/msg_interfaces': CMAKE_PREFIX_PATH=${CMAKE_PREFIX_PATH}:/opt/ros/humble /usr/bin/cmake --install /home/sudhindra/irc/drive_control/build/msg_interfaces
[9.805s] -- Install configuration: ""
[9.805s] -- Up-to-date: /home/sudhindra/irc_2025/drive_control/install/msg_interfaces/share/ament_index/resource_index/rosidl_interfaces/msg_interfaces
[9.805s] -- Up-to-date: /home/sudhindra/irc_2025/drive_control/install/msg_interfaces/include/msg_interfaces/msg_interfaces
[9.805s] -- Up-to-date: /home/sudhindra/irc_2025/drive_control/install/msg_interfaces/include/msg_interfaces/msg_interfaces/msg
[9.806s] -- Up-to-date: /home/sudhindra/irc_2025/drive_control/install/msg_interfaces/include/msg_interfaces/msg_interfaces/msg/arm_end_motion.h
[9.806s] -- Up-to-date: /home/sudhindra/irc_2025/drive_control/install/msg_interfaces/include/msg_interfaces/msg_interfaces/msg/encoder_drive.h
[9.806s] -- Up-to-date: /home/sudhindra/irc_2025/drive_control/install/msg_interfaces/include/msg_interfaces/msg_interfaces/msg/motor_six.h
[9.806s] -- Up-to-date: /home/sudhindra/irc_2025/drive_control/install/msg_interfaces/include/msg_interfaces/msg_interfaces/msg/encoder_arm.h
[9.806s] -- Up-to-date: /home/sudhindra/irc_2025/drive_control/install/msg_interfaces/include/msg_interfaces/msg_interfaces/msg/detail
[9.806s] -- Up-to-date: /home/sudhindra/irc_2025/drive_control/install/msg_interfaces/include/msg_interfaces/msg_interfaces/msg/detail/cam_drive__functions.h
[9.806s] -- Up-to-date: /home/sudhindra/irc_2025/drive_control/install/msg_interfaces/include/msg_interfaces/msg_interfaces/msg/detail/motor_six__functions.h
[9.806s] -- Up-to-date: /home/sudhindra/irc_2025/drive_control/install/msg_interfaces/include/msg_interfaces/msg_interfaces/msg/detail/encoder_drive__struct.h
[9.806s] -- Up-to-date: /home/sudhindra/irc_2025/drive_control/install/msg_interfaces/include/msg_interfaces/msg_interfaces/msg/detail/encoder_drive__functions.h
[9.806s] -- Up-to-date: /home/sudhindra/irc_2025/drive_control/install/msg_interfaces/include/msg_interfaces/msg_interfaces/msg/detail/encoder_arm__functions.c
[9.807s] -- Up-to-date: /home/sudhindra/irc_2025/drive_control/install/msg_interfaces/include/msg_interfaces/msg_interfaces/msg/detail/cam_drive__functions.c
[9.807s] -- Up-to-date: /home/sudhindra/irc_2025/drive_control/install/msg_interfaces/include/msg_interfaces/msg_interfaces/msg/detail/motor_six__struct.h
[9.807s] -- Up-to-date: /home/sudhindra/irc_2025/drive_control/install/msg_interfaces/include/msg_interfaces/msg_interfaces/msg/detail/arm_end_motion__functions.h
[9.807s] -- Up-to-date: /home/sudhindra/irc_2025/drive_control/install/msg_interfaces/include/msg_interfaces/msg_interfaces/msg/detail/arm_end_motion__type_support.h
[9.807s] -- Up-to-date: /home/sudhindra/irc_2025/drive_control/install/msg_interfaces/include/msg_interfaces/msg_interfaces/msg/detail/encoder_arm__struct.h
[9.807s] -- Up-to-date: /home/sudhindra/irc_2025/drive_control/install/msg_interfaces/include/msg_interfaces/msg_interfaces/msg/detail/cam_drive__struct.h
[9.807s] -- Up-to-date: /home/sudhindra/irc_2025/drive_control/install/msg_interfaces/include/msg_interfaces/msg_interfaces/msg/detail/encoder_drive__type_support.h
[9.807s] -- Up-to-date: /home/sudhindra/irc_2025/drive_control/install/msg_interfaces/include/msg_interfaces/msg_interfaces/msg/detail/motor_six__functions.c
[9.807s] -- Up-to-date: /home/sudhindra/irc_2025/drive_control/install/msg_interfaces/include/msg_interfaces/msg_interfaces/msg/detail/arm_end_motion__functions.c
[9.807s] -- Up-to-date: /home/sudhindra/irc_2025/drive_control/install/msg_interfaces/include/msg_interfaces/msg_interfaces/msg/detail/cam_drive__type_support.h
[9.807s] -- Up-to-date: /home/sudhindra/irc_2025/drive_control/install/msg_interfaces/include/msg_interfaces/msg_interfaces/msg/detail/encoder_arm__functions.h
[9.807s] -- Up-to-date: /home/sudhindra/irc_2025/drive_control/install/msg_interfaces/include/msg_interfaces/msg_interfaces/msg/detail/drive__functions.c
[9.807s] -- Up-to-date: /home/sudhindra/irc_2025/drive_control/install/msg_interfaces/include/msg_interfaces/msg_interfaces/msg/detail/encoder_arm__type_support.h
[9.807s] -- Up-to-date: /home/sudhindra/irc_2025/drive_control/install/msg_interfaces/include/msg_interfaces/msg_interfaces/msg/detail/drive__functions.h
[9.807s] -- Up-to-date: /home/sudhindra/irc_2025/drive_control/install/msg_interfaces/include/msg_interfaces/msg_interfaces/msg/detail/drive__struct.h
[9.807s] -- Up-to-date: /home/sudhindra/irc_2025/drive_control/install/msg_interfaces/include/msg_interfaces/msg_interfaces/msg/detail/encoder_drive__functions.c
[9.808s] -- Up-to-date: /home/sudhindra/irc_2025/drive_control/install/msg_interfaces/include/msg_interfaces/msg_interfaces/msg/detail/arm_end_motion__struct.h
[9.808s] -- Up-to-date: /home/sudhindra/irc_2025/drive_control/install/msg_interfaces/include/msg_interfaces/msg_interfaces/msg/detail/drive__type_support.h
[9.808s] -- Up-to-date: /home/sudhindra/irc_2025/drive_control/install/msg_interfaces/include/msg_interfaces/msg_interfaces/msg/detail/motor_six__type_support.h
[9.808s] -- Up-to-date: /home/sudhindra/irc_2025/drive_control/install/msg_interfaces/include/msg_interfaces/msg_interfaces/msg/rosidl_generator_c__visibility_control.h
[9.808s] -- Up-to-date: /home/sudhindra/irc_2025/drive_control/install/msg_interfaces/include/msg_interfaces/msg_interfaces/msg/cam_drive.h
[9.808s] -- Up-to-date: /home/sudhindra/irc_2025/drive_control/install/msg_interfaces/include/msg_interfaces/msg_interfaces/msg/drive.h
[9.808s] -- Up-to-date: /home/sudhindra/irc_2025/drive_control/install/msg_interfaces/share/msg_interfaces/environment/library_path.sh
[9.808s] -- Installing: /home/sudhindra/irc_2025/drive_control/install/msg_interfaces/share/msg_interfaces/environment/library_path.dsv
[9.808s] -- Up-to-date: /home/sudhindra/irc_2025/drive_control/install/msg_interfaces/lib/libmsg_interfaces__rosidl_generator_c.so
[9.808s] -- Up-to-date: /home/sudhindra/irc_2025/drive_control/install/msg_interfaces/include/msg_interfaces/msg_interfaces
[9.808s] -- Up-to-date: /home/sudhindra/irc_2025/drive_control/install/msg_interfaces/include/msg_interfaces/msg_interfaces/msg
[9.808s] -- Up-to-date: /home/sudhindra/irc_2025/drive_control/install/msg_interfaces/include/msg_interfaces/msg_interfaces/msg/detail
[9.808s] -- Up-to-date: /home/sudhindra/irc_2025/drive_control/install/msg_interfaces/include/msg_interfaces/msg_interfaces/msg/detail/encoder_drive__rosidl_typesupport_fastrtps_c.h
[9.809s] -- Up-to-date: /home/sudhindra/irc_2025/drive_control/install/msg_interfaces/include/msg_interfaces/msg_interfaces/msg/detail/arm_end_motion__rosidl_typesupport_fastrtps_c.h
[9.809s] -- Up-to-date: /home/sudhindra/irc_2025/drive_control/install/msg_interfaces/include/msg_interfaces/msg_interfaces/msg/detail/cam_drive__rosidl_typesupport_fastrtps_c.h
[9.809s] -- Up-to-date: /home/sudhindra/irc_2025/drive_control/install/msg_interfaces/include/msg_interfaces/msg_interfaces/msg/detail/encoder_arm__rosidl_typesupport_fastrtps_c.h
[9.809s] -- Up-to-date: /home/sudhindra/irc_2025/drive_control/install/msg_interfaces/include/msg_interfaces/msg_interfaces/msg/detail/motor_six__rosidl_typesupport_fastrtps_c.h
[9.809s] -- Up-to-date: /home/sudhindra/irc_2025/drive_control/install/msg_interfaces/include/msg_interfaces/msg_interfaces/msg/detail/drive__rosidl_typesupport_fastrtps_c.h
[9.809s] -- Up-to-date: /home/sudhindra/irc_2025/drive_control/install/msg_interfaces/include/msg_interfaces/msg_interfaces/msg/rosidl_typesupport_fastrtps_c__visibility_control.h
[9.809s] -- Up-to-date: /home/sudhindra/irc_2025/drive_control/install/msg_interfaces/lib/libmsg_interfaces__rosidl_typesupport_fastrtps_c.so
[9.809s] -- Up-to-date: /home/sudhindra/irc_2025/drive_control/install/msg_interfaces/include/msg_interfaces/msg_interfaces
[9.809s] -- Up-to-date: /home/sudhindra/irc_2025/drive_control/install/msg_interfaces/include/msg_interfaces/msg_interfaces/msg
[9.809s] -- Up-to-date: /home/sudhindra/irc_2025/drive_control/install/msg_interfaces/include/msg_interfaces/msg_interfaces/msg/encoder_drive.hpp
[9.809s] -- Up-to-date: /home/sudhindra/irc_2025/drive_control/install/msg_interfaces/include/msg_interfaces/msg_interfaces/msg/motor_six.hpp
[9.809s] -- Up-to-date: /home/sudhindra/irc_2025/drive_control/install/msg_interfaces/include/msg_interfaces/msg_interfaces/msg/detail
[9.809s] -- Up-to-date: /home/sudhindra/irc_2025/drive_control/install/msg_interfaces/include/msg_interfaces/msg_interfaces/msg/detail/drive__struct.hpp
[9.809s] -- Up-to-date: /home/sudhindra/irc_2025/drive_control/install/msg_interfaces/include/msg_interfaces/msg_interfaces/msg/detail/encoder_arm__builder.hpp
[9.810s] -- Up-to-date: /home/sudhindra/irc_2025/drive_control/install/msg_interfaces/include/msg_interfaces/msg_interfaces/msg/detail/encoder_drive__struct.hpp
[9.810s] -- Up-to-date: /home/sudhindra/irc_2025/drive_control/install/msg_interfaces/include/msg_interfaces/msg_interfaces/msg/detail/motor_six__struct.hpp
[9.810s] -- Up-to-date: /home/sudhindra/irc_2025/drive_control/install/msg_interfaces/include/msg_interfaces/msg_interfaces/msg/detail/arm_end_motion__struct.hpp
[9.810s] -- Up-to-date: /home/sudhindra/irc_2025/drive_control/install/msg_interfaces/include/msg_interfaces/msg_interfaces/msg/detail/drive__traits.hpp
[9.810s] -- Up-to-date: /home/sudhindra/irc_2025/drive_control/install/msg_interfaces/include/msg_interfaces/msg_interfaces/msg/detail/encoder_arm__struct.hpp
[9.810s] -- Up-to-date: /home/sudhindra/irc_2025/drive_control/install/msg_interfaces/include/msg_interfaces/msg_interfaces/msg/detail/arm_end_motion__builder.hpp
[9.810s] -- Up-to-date: /home/sudhindra/irc_2025/drive_control/install/msg_interfaces/include/msg_interfaces/msg_interfaces/msg/detail/arm_end_motion__traits.hpp
[9.810s] -- Up-to-date: /home/sudhindra/irc_2025/drive_control/install/msg_interfaces/include/msg_interfaces/msg_interfaces/msg/detail/motor_six__traits.hpp
[9.810s] -- Up-to-date: /home/sudhindra/irc_2025/drive_control/install/msg_interfaces/include/msg_interfaces/msg_interfaces/msg/detail/drive__builder.hpp
[9.810s] -- Up-to-date: /home/sudhindra/irc_2025/drive_control/install/msg_interfaces/include/msg_interfaces/msg_interfaces/msg/detail/cam_drive__traits.hpp
[9.810s] -- Up-to-date: /home/sudhindra/irc_2025/drive_control/install/msg_interfaces/include/msg_interfaces/msg_interfaces/msg/detail/motor_six__builder.hpp
[9.810s] -- Up-to-date: /home/sudhindra/irc_2025/drive_control/install/msg_interfaces/include/msg_interfaces/msg_interfaces/msg/detail/cam_drive__struct.hpp
[9.810s] -- Up-to-date: /home/sudhindra/irc_2025/drive_control/install/msg_interfaces/include/msg_interfaces/msg_interfaces/msg/detail/encoder_arm__traits.hpp
[9.810s] -- Up-to-date: /home/sudhindra/irc_2025/drive_control/install/msg_interfaces/include/msg_interfaces/msg_interfaces/msg/detail/encoder_drive__traits.hpp
[9.811s] -- Up-to-date: /home/sudhindra/irc_2025/drive_control/install/msg_interfaces/include/msg_interfaces/msg_interfaces/msg/detail/cam_drive__builder.hpp
[9.811s] -- Up-to-date: /home/sudhindra/irc_2025/drive_control/install/msg_interfaces/include/msg_interfaces/msg_interfaces/msg/detail/encoder_drive__builder.hpp
[9.811s] -- Up-to-date: /home/sudhindra/irc_2025/drive_control/install/msg_interfaces/include/msg_interfaces/msg_interfaces/msg/cam_drive.hpp
[9.811s] -- Up-to-date: /home/sudhindra/irc_2025/drive_control/install/msg_interfaces/include/msg_interfaces/msg_interfaces/msg/drive.hpp
[9.811s] -- Up-to-date: /home/sudhindra/irc_2025/drive_control/install/msg_interfaces/include/msg_interfaces/msg_interfaces/msg/arm_end_motion.hpp
[9.811s] -- Up-to-date: /home/sudhindra/irc_2025/drive_control/install/msg_interfaces/include/msg_interfaces/msg_interfaces/msg/encoder_arm.hpp
[9.811s] -- Up-to-date: /home/sudhindra/irc_2025/drive_control/install/msg_interfaces/include/msg_interfaces/msg_interfaces
[9.811s] -- Up-to-date: /home/sudhindra/irc_2025/drive_control/install/msg_interfaces/include/msg_interfaces/msg_interfaces/msg
[9.811s] -- Up-to-date: /home/sudhindra/irc_2025/drive_control/install/msg_interfaces/include/msg_interfaces/msg_interfaces/msg/rosidl_typesupport_fastrtps_cpp__visibility_control.h
[9.811s] -- Up-to-date: /home/sudhindra/irc_2025/drive_control/install/msg_interfaces/include/msg_interfaces/msg_interfaces/msg/detail
[9.811s] -- Up-to-date: /home/sudhindra/irc_2025/drive_control/install/msg_interfaces/include/msg_interfaces/msg_interfaces/msg/detail/motor_six__rosidl_typesupport_fastrtps_cpp.hpp
[9.811s] -- Up-to-date: /home/sudhindra/irc_2025/drive_control/install/msg_interfaces/include/msg_interfaces/msg_interfaces/msg/detail/dds_fastrtps
[9.811s] -- Up-to-date: /home/sudhindra/irc_2025/drive_control/install/msg_interfaces/include/msg_interfaces/msg_interfaces/msg/detail/drive__rosidl_typesupport_fastrtps_cpp.hpp
[9.811s] -- Up-to-date: /home/sudhindra/irc_2025/drive_control/install/msg_interfaces/include/msg_interfaces/msg_interfaces/msg/detail/encoder_arm__rosidl_typesupport_fastrtps_cpp.hpp
[9.811s] -- Up-to-date: /home/sudhindra/irc_2025/drive_control/install/msg_interfaces/include/msg_interfaces/msg_interfaces/msg/detail/encoder_drive__rosidl_typesupport_fastrtps_cpp.hpp
[9.812s] -- Up-to-date: /home/sudhindra/irc_2025/drive_control/install/msg_interfaces/include/msg_interfaces/msg_interfaces/msg/detail/cam_drive__rosidl_typesupport_fastrtps_cpp.hpp
[9.812s] -- Up-to-date: /home/sudhindra/irc_2025/drive_control/install/msg_interfaces/include/msg_interfaces/msg_interfaces/msg/detail/arm_end_motion__rosidl_typesupport_fastrtps_cpp.hpp
[9.812s] -- Up-to-date: /home/sudhindra/irc_2025/drive_control/install/msg_interfaces/lib/libmsg_interfaces__rosidl_typesupport_fastrtps_cpp.so
[9.812s] -- Up-to-date: /home/sudhindra/irc_2025/drive_control/install/msg_interfaces/include/msg_interfaces/msg_interfaces
[9.812s] -- Up-to-date: /home/sudhindra/irc_2025/drive_control/install/msg_interfaces/include/msg_interfaces/msg_interfaces/msg
[9.812s] -- Up-to-date: /home/sudhindra/irc_2025/drive_control/install/msg_interfaces/include/msg_interfaces/msg_interfaces/msg/detail
[9.812s] -- Up-to-date: /home/sudhindra/irc_2025/drive_control/install/msg_interfaces/include/msg_interfaces/msg_interfaces/msg/detail/motor_six__type_support.c
[9.812s] -- Up-to-date: /home/sudhindra/irc_2025/drive_control/install/msg_interfaces/include/msg_interfaces/msg_interfaces/msg/detail/arm_end_motion__rosidl_typesupport_introspection_c.h
[9.812s] -- Up-to-date: /home/sudhindra/irc_2025/drive_control/install/msg_interfaces/include/msg_interfaces/msg_interfaces/msg/detail/encoder_arm__type_support.c
[9.812s] -- Up-to-date: /home/sudhindra/irc_2025/drive_control/install/msg_interfaces/include/msg_interfaces/msg_interfaces/msg/detail/drive__type_support.c
[9.812s] -- Up-to-date: /home/sudhindra/irc_2025/drive_control/install/msg_interfaces/include/msg_interfaces/msg_interfaces/msg/detail/motor_six__rosidl_typesupport_introspection_c.h
[9.812s] -- Up-to-date: /home/sudhindra/irc_2025/drive_control/install/msg_interfaces/include/msg_interfaces/msg_interfaces/msg/detail/cam_drive__rosidl_typesupport_introspection_c.h
[9.812s] -- Up-to-date: /home/sudhindra/irc_2025/drive_control/install/msg_interfaces/include/msg_interfaces/msg_interfaces/msg/detail/arm_end_motion__type_support.c
[9.812s] -- Up-to-date: /home/sudhindra/irc_2025/drive_control/install/msg_interfaces/include/msg_interfaces/msg_interfaces/msg/detail/encoder_drive__rosidl_typesupport_introspection_c.h
[9.812s] -- Up-to-date: /home/sudhindra/irc_2025/drive_control/install/msg_interfaces/include/msg_interfaces/msg_interfaces/msg/detail/encoder_arm__rosidl_typesupport_introspection_c.h
[9.813s] -- Up-to-date: /home/sudhindra/irc_2025/drive_control/install/msg_interfaces/include/msg_interfaces/msg_interfaces/msg/detail/drive__rosidl_typesupport_introspection_c.h
[9.813s] -- Up-to-date: /home/sudhindra/irc_2025/drive_control/install/msg_interfaces/include/msg_interfaces/msg_interfaces/msg/detail/cam_drive__type_support.c
[9.813s] -- Up-to-date: /home/sudhindra/irc_2025/drive_control/install/msg_interfaces/include/msg_interfaces/msg_interfaces/msg/detail/encoder_drive__type_support.c
[9.813s] -- Up-to-date: /home/sudhindra/irc_2025/drive_control/install/msg_interfaces/include/msg_interfaces/msg_interfaces/msg/rosidl_typesupport_introspection_c__visibility_control.h
[9.813s] -- Up-to-date: /home/sudhindra/irc_2025/drive_control/install/msg_interfaces/lib/libmsg_interfaces__rosidl_typesupport_introspection_c.so
[9.813s] -- Up-to-date: /home/sudhindra/irc_2025/drive_control/install/msg_interfaces/lib/libmsg_interfaces__rosidl_typesupport_c.so
[9.813s] -- Up-to-date: /home/sudhindra/irc_2025/drive_control/install/msg_interfaces/include/msg_interfaces/msg_interfaces
[9.813s] -- Up-to-date: /home/sudhindra/irc_2025/drive_control/install/msg_interfaces/include/msg_interfaces/msg_interfaces/msg
[9.813s] -- Up-to-date: /home/sudhindra/irc_2025/drive_control/install/msg_interfaces/include/msg_interfaces/msg_interfaces/msg/detail
[9.813s] -- Up-to-date: /home/sudhindra/irc_2025/drive_control/install/msg_interfaces/include/msg_interfaces/msg_interfaces/msg/detail/cam_drive__type_support.cpp
[9.813s] -- Up-to-date: /home/sudhindra/irc_2025/drive_control/install/msg_interfaces/include/msg_interfaces/msg_interfaces/msg/detail/cam_drive__rosidl_typesupport_introspection_cpp.hpp
[9.813s] -- Up-to-date: /home/sudhindra/irc_2025/drive_control/install/msg_interfaces/include/msg_interfaces/msg_interfaces/msg/detail/arm_end_motion__type_support.cpp
[9.813s] -- Up-to-date: /home/sudhindra/irc_2025/drive_control/install/msg_interfaces/include/msg_interfaces/msg_interfaces/msg/detail/drive__type_support.cpp
[9.813s] -- Up-to-date: /home/sudhindra/irc_2025/drive_control/install/msg_interfaces/include/msg_interfaces/msg_interfaces/msg/detail/drive__rosidl_typesupport_introspection_cpp.hpp
[9.813s] -- Up-to-date: /home/sudhindra/irc_2025/drive_control/install/msg_interfaces/include/msg_interfaces/msg_interfaces/msg/detail/motor_six__rosidl_typesupport_introspection_cpp.hpp
[9.813s] -- Up-to-date: /home/sudhindra/irc_2025/drive_control/install/msg_interfaces/include/msg_interfaces/msg_interfaces/msg/detail/arm_end_motion__rosidl_typesupport_introspection_cpp.hpp
[9.814s] -- Up-to-date: /home/sudhindra/irc_2025/drive_control/install/msg_interfaces/include/msg_interfaces/msg_interfaces/msg/detail/encoder_arm__rosidl_typesupport_introspection_cpp.hpp
[9.814s] -- Up-to-date: /home/sudhindra/irc_2025/drive_control/install/msg_interfaces/include/msg_interfaces/msg_interfaces/msg/detail/encoder_drive__type_support.cpp
[9.814s] -- Up-to-date: /home/sudhindra/irc_2025/drive_control/install/msg_interfaces/include/msg_interfaces/msg_interfaces/msg/detail/motor_six__type_support.cpp
[9.814s] -- Up-to-date: /home/sudhindra/irc_2025/drive_control/install/msg_interfaces/include/msg_interfaces/msg_interfaces/msg/detail/encoder_arm__type_support.cpp
[9.814s] -- Up-to-date: /home/sudhindra/irc_2025/drive_control/install/msg_interfaces/include/msg_interfaces/msg_interfaces/msg/detail/encoder_drive__rosidl_typesupport_introspection_cpp.hpp
[9.814s] -- Up-to-date: /home/sudhindra/irc_2025/drive_control/install/msg_interfaces/lib/libmsg_interfaces__rosidl_typesupport_introspection_cpp.so
[9.814s] -- Up-to-date: /home/sudhindra/irc_2025/drive_control/install/msg_interfaces/lib/libmsg_interfaces__rosidl_typesupport_cpp.so
[9.814s] -- Up-to-date: /home/sudhindra/irc_2025/drive_control/install/msg_interfaces/share/msg_interfaces/environment/pythonpath.sh
[9.814s] -- Installing: /home/sudhindra/irc_2025/drive_control/install/msg_interfaces/share/msg_interfaces/environment/pythonpath.dsv
[9.814s] -- Up-to-date: /home/sudhindra/irc_2025/drive_control/install/msg_interfaces/local/lib/python3.10/dist-packages/msg_interfaces-0.0.0-py3.10.egg-info
[9.814s] -- Installing: /home/sudhindra/irc_2025/drive_control/install/msg_interfaces/local/lib/python3.10/dist-packages/msg_interfaces-0.0.0-py3.10.egg-info/top_level.txt
[9.814s] -- Installing: /home/sudhindra/irc_2025/drive_control/install/msg_interfaces/local/lib/python3.10/dist-packages/msg_interfaces-0.0.0-py3.10.egg-info/SOURCES.txt
[9.814s] -- Installing: /home/sudhindra/irc_2025/drive_control/install/msg_interfaces/local/lib/python3.10/dist-packages/msg_interfaces-0.0.0-py3.10.egg-info/PKG-INFO
[9.814s] -- Installing: /home/sudhindra/irc_2025/drive_control/install/msg_interfaces/local/lib/python3.10/dist-packages/msg_interfaces-0.0.0-py3.10.egg-info/dependency_links.txt
[9.814s] -- Up-to-date: /home/sudhindra/irc_2025/drive_control/install/msg_interfaces/local/lib/python3.10/dist-packages/msg_interfaces
[9.814s] -- Up-to-date: /home/sudhindra/irc_2025/drive_control/install/msg_interfaces/local/lib/python3.10/dist-packages/msg_interfaces/_msg_interfaces_s.ep.rosidl_typesupport_c.c
[9.814s] -- Up-to-date: /home/sudhindra/irc_2025/drive_control/install/msg_interfaces/local/lib/python3.10/dist-packages/msg_interfaces/msg
[9.815s] -- Up-to-date: /home/sudhindra/irc_2025/drive_control/install/msg_interfaces/local/lib/python3.10/dist-packages/msg_interfaces/msg/_cam_drive.py
[9.815s] -- Up-to-date: /home/sudhindra/irc_2025/drive_control/install/msg_interfaces/local/lib/python3.10/dist-packages/msg_interfaces/msg/_encoder_drive.py
[9.815s] -- Up-to-date: /home/sudhindra/irc_2025/drive_control/install/msg_interfaces/local/lib/python3.10/dist-packages/msg_interfaces/msg/_drive_s.c
[9.815s] -- Up-to-date: /home/sudhindra/irc_2025/drive_control/install/msg_interfaces/local/lib/python3.10/dist-packages/msg_interfaces/msg/_motor_six.py
[9.815s] -- Up-to-date: /home/sudhindra/irc_2025/drive_control/install/msg_interfaces/local/lib/python3.10/dist-packages/msg_interfaces/msg/__init__.py
[9.815s] -- Up-to-date: /home/sudhindra/irc_2025/drive_control/install/msg_interfaces/local/lib/python3.10/dist-packages/msg_interfaces/msg/_encoder_arm_s.c
[9.815s] -- Up-to-date: /home/sudhindra/irc_2025/drive_control/install/msg_interfaces/local/lib/python3.10/dist-packages/msg_interfaces/msg/_arm_end_motion.py
[9.815s] -- Up-to-date: /home/sudhindra/irc_2025/drive_control/install/msg_interfaces/local/lib/python3.10/dist-packages/msg_interfaces/msg/_arm_end_motion_s.c
[9.815s] -- Up-to-date: /home/sudhindra/irc_2025/drive_control/install/msg_interfaces/local/lib/python3.10/dist-packages/msg_interfaces/msg/_cam_drive_s.c
[9.815s] -- Up-to-date: /home/sudhindra/irc_2025/drive_control/install/msg_interfaces/local/lib/python3.10/dist-packages/msg_interfaces/msg/_encoder_drive_s.c
[9.815s] -- Up-to-date: /home/sudhindra/irc_2025/drive_control/install/msg_interfaces/local/lib/python3.10/dist-packages/msg_interfaces/msg/_encoder_arm.py
[9.815s] -- Up-to-date: /home/sudhindra/irc_2025/drive_control/install/msg_interfaces/local/lib/python3.10/dist-packages/msg_interfaces/msg/_drive.py
[9.815s] -- Up-to-date: /home/sudhindra/irc_2025/drive_control/install/msg_interfaces/local/lib/python3.10/dist-packages/msg_interfaces/msg/_motor_six_s.c
[9.815s] -- Installing: /home/sudhindra/irc_2025/drive_control/install/msg_interfaces/local/lib/python3.10/dist-packages/msg_interfaces/__init__.py
[9.815s] -- Up-to-date: /home/sudhindra/irc_2025/drive_control/install/msg_interfaces/local/lib/python3.10/dist-packages/msg_interfaces/_msg_interfaces_s.ep.rosidl_typesupport_introspection_c.c
[9.815s] -- Up-to-date: /home/sudhindra/irc_2025/drive_control/install/msg_interfaces/local/lib/python3.10/dist-packages/msg_interfaces/msg_interfaces_s__rosidl_typesupport_c.cpython-310-x86_64-linux-gnu.so
[9.815s] -- Up-to-date: /home/sudhindra/irc_2025/drive_control/install/msg_interfaces/local/lib/python3.10/dist-packages/msg_interfaces/libmsg_interfaces__rosidl_generator_py.so
[9.815s] -- Up-to-date: /home/sudhindra/irc_2025/drive_control/install/msg_interfaces/local/lib/python3.10/dist-packages/msg_interfaces/_msg_interfaces_s.ep.rosidl_typesupport_fastrtps_c.c
[9.815s] -- Up-to-date: /home/sudhindra/irc_2025/drive_control/install/msg_interfaces/local/lib/python3.10/dist-packages/msg_interfaces/msg_interfaces_s__rosidl_typesupport_fastrtps_c.cpython-310-x86_64-linux-gnu.so
[9.815s] -- Up-to-date: /home/sudhindra/irc_2025/drive_control/install/msg_interfaces/local/lib/python3.10/dist-packages/msg_interfaces/msg_interfaces_s__rosidl_typesupport_introspection_c.cpython-310-x86_64-linux-gnu.so
[9.843s] Listing '/home/sudhindra/irc_2025/drive_control/install/msg_interfaces/local/lib/python3.10/dist-packages/msg_interfaces'...
[9.844s] Compiling '/home/sudhindra/irc_2025/drive_control/install/msg_interfaces/local/lib/python3.10/dist-packages/msg_interfaces/__init__.py'...
[9.844s] Listing '/home/sudhindra/irc_2025/drive_control/install/msg_interfaces/local/lib/python3.10/dist-packages/msg_interfaces/msg'...
[9.847s] -- Up-to-date: /home/sudhindra/irc_2025/drive_control/install/msg_interfaces/local/lib/python3.10/dist-packages/msg_interfaces/msg_interfaces_s__rosidl_typesupport_fastrtps_c.cpython-310-x86_64-linux-gnu.so
[9.848s] -- Up-to-date: /home/sudhindra/irc_2025/drive_control/install/msg_interfaces/local/lib/python3.10/dist-packages/msg_interfaces/msg_interfaces_s__rosidl_typesupport_introspection_c.cpython-310-x86_64-linux-gnu.so
[9.848s] -- Up-to-date: /home/sudhindra/irc_2025/drive_control/install/msg_interfaces/local/lib/python3.10/dist-packages/msg_interfaces/msg_interfaces_s__rosidl_typesupport_c.cpython-310-x86_64-linux-gnu.so
[9.849s] -- Up-to-date: /home/sudhindra/irc_2025/drive_control/install/msg_interfaces/lib/libmsg_interfaces__rosidl_generator_py.so
[9.849s] -- Up-to-date: /home/sudhindra/irc_2025/drive_control/install/msg_interfaces/share/msg_interfaces/msg/Drive.idl
[9.849s] -- Up-to-date: /home/sudhindra/irc_2025/drive_control/install/msg_interfaces/share/msg_interfaces/msg/CamDrive.idl
[9.849s] -- Up-to-date: /home/sudhindra/irc_2025/drive_control/install/msg_interfaces/share/msg_interfaces/msg/ArmEndMotion.idl
[9.849s] -- Up-to-date: /home/sudhindra/irc_2025/drive_control/install/msg_interfaces/share/msg_interfaces/msg/MotorSix.idl
[9.849s] -- Up-to-date: /home/sudhindra/irc_2025/drive_control/install/msg_interfaces/share/msg_interfaces/msg/EncoderArm.idl
[9.849s] -- Up-to-date: /home/sudhindra/irc_2025/drive_control/install/msg_interfaces/share/msg_interfaces/msg/EncoderDrive.idl
[9.849s] -- Up-to-date: /home/sudhindra/irc_2025/drive_control/install/msg_interfaces/share/msg_interfaces/msg/Drive.msg
[9.849s] -- Up-to-date: /home/sudhindra/irc_2025/drive_control/install/msg_interfaces/share/msg_interfaces/msg/CamDrive.msg
[9.850s] -- Up-to-date: /home/sudhindra/irc_2025/drive_control/install/msg_interfaces/share/msg_interfaces/msg/ArmEndMotion.msg
[9.850s] -- Up-to-date: /home/sudhindra/irc_2025/drive_control/install/msg_interfaces/share/msg_interfaces/msg/MotorSix.msg
[9.850s] -- Up-to-date: /home/sudhindra/irc_2025/drive_control/install/msg_interfaces/share/msg_interfaces/msg/EncoderArm.msg
[9.850s] -- Up-to-date: /home/sudhindra/irc_2025/drive_control/install/msg_interfaces/share/msg_interfaces/msg/EncoderDrive.msg
[9.850s] -- Up-to-date: /home/sudhindra/irc_2025/drive_control/install/msg_interfaces/share/ament_index/resource_index/package_run_dependencies/msg_interfaces
[9.850s] -- Up-to-date: /home/sudhindra/irc_2025/drive_control/install/msg_interfaces/share/ament_index/resource_index/parent_prefix_path/msg_interfaces
[9.850s] -- Up-to-date: /home/sudhindra/irc_2025/drive_control/install/msg_interfaces/share/msg_interfaces/environment/ament_prefix_path.sh
[9.850s] -- Installing: /home/sudhindra/irc_2025/drive_control/install/msg_interfaces/share/msg_interfaces/environment/ament_prefix_path.dsv
[9.850s] -- Up-to-date: /home/sudhindra/irc_2025/drive_control/install/msg_interfaces/share/msg_interfaces/environment/path.sh
[9.850s] -- Installing: /home/sudhindra/irc_2025/drive_control/install/msg_interfaces/share/msg_interfaces/environment/path.dsv
[9.850s] -- Up-to-date: /home/sudhindra/irc_2025/drive_control/install/msg_interfaces/share/msg_interfaces/local_setup.bash
[9.850s] -- Up-to-date: /home/sudhindra/irc_2025/drive_control/install/msg_interfaces/share/msg_interfaces/local_setup.sh
[9.850s] -- Up-to-date: /home/sudhindra/irc_2025/drive_control/install/msg_interfaces/share/msg_interfaces/local_setup.zsh
[9.850s] -- Installing: /home/sudhindra/irc_2025/drive_control/install/msg_interfaces/share/msg_interfaces/local_setup.dsv
[9.850s] -- Installing: /home/sudhindra/irc_2025/drive_control/install/msg_interfaces/share/msg_interfaces/package.dsv
[9.850s] -- Up-to-date: /home/sudhindra/irc_2025/drive_control/install/msg_interfaces/share/ament_index/resource_index/packages/msg_interfaces
[9.851s] -- Up-to-date: /home/sudhindra/irc_2025/drive_control/install/msg_interfaces/share/msg_interfaces/cmake/export_msg_interfaces__rosidl_generator_cExport.cmake
[9.851s] -- Up-to-date: /home/sudhindra/irc_2025/drive_control/install/msg_interfaces/share/msg_interfaces/cmake/export_msg_interfaces__rosidl_generator_cExport-noconfig.cmake
[9.851s] -- Up-to-date: /home/sudhindra/irc_2025/drive_control/install/msg_interfaces/share/msg_interfaces/cmake/export_msg_interfaces__rosidl_typesupport_fastrtps_cExport.cmake
[9.851s] -- Up-to-date: /home/sudhindra/irc_2025/drive_control/install/msg_interfaces/share/msg_interfaces/cmake/export_msg_interfaces__rosidl_typesupport_fastrtps_cExport-noconfig.cmake
[9.851s] -- Up-to-date: /home/sudhindra/irc_2025/drive_control/install/msg_interfaces/share/msg_interfaces/cmake/export_msg_interfaces__rosidl_generator_cppExport.cmake
[9.851s] -- Up-to-date: /home/sudhindra/irc_2025/drive_control/install/msg_interfaces/share/msg_interfaces/cmake/export_msg_interfaces__rosidl_typesupport_fastrtps_cppExport.cmake
[9.851s] -- Up-to-date: /home/sudhindra/irc_2025/drive_control/install/msg_interfaces/share/msg_interfaces/cmake/export_msg_interfaces__rosidl_typesupport_fastrtps_cppExport-noconfig.cmake
[9.851s] -- Up-to-date: /home/sudhindra/irc_2025/drive_control/install/msg_interfaces/share/msg_interfaces/cmake/msg_interfaces__rosidl_typesupport_introspection_cExport.cmake
[9.852s] -- Up-to-date: /home/sudhindra/irc_2025/drive_control/install/msg_interfaces/share/msg_interfaces/cmake/msg_interfaces__rosidl_typesupport_introspection_cExport-noconfig.cmake
[9.852s] -- Up-to-date: /home/sudhindra/irc_2025/drive_control/install/msg_interfaces/share/msg_interfaces/cmake/msg_interfaces__rosidl_typesupport_cExport.cmake
[9.852s] -- Up-to-date: /home/sudhindra/irc_2025/drive_control/install/msg_interfaces/share/msg_interfaces/cmake/msg_interfaces__rosidl_typesupport_cExport-noconfig.cmake
[9.852s] -- Up-to-date: /home/sudhindra/irc_2025/drive_control/install/msg_interfaces/share/msg_interfaces/cmake/msg_interfaces__rosidl_typesupport_introspection_cppExport.cmake
[9.852s] -- Up-to-date: /home/sudhindra/irc_2025/drive_control/install/msg_interfaces/share/msg_interfaces/cmake/msg_interfaces__rosidl_typesupport_introspection_cppExport-noconfig.cmake
[9.852s] -- Up-to-date: /home/sudhindra/irc_2025/drive_control/install/msg_interfaces/share/msg_interfaces/cmake/msg_interfaces__rosidl_typesupport_cppExport.cmake
[9.852s] -- Up-to-date: /home/sudhindra/irc_2025/drive_control/install/msg_interfaces/share/msg_interfaces/cmake/msg_interfaces__rosidl_typesupport_cppExport-noconfig.cmake
[9.852s] -- Up-to-date: /home/sudhindra/irc_2025/drive_control/install/msg_interfaces/share/msg_interfaces/cmake/export_msg_interfaces__rosidl_generator_pyExport.cmake
[9.852s] -- Up-to-date: /home/sudhindra/irc_2025/drive_control/install/msg_interfaces/share/msg_interfaces/cmake/export_msg_interfaces__rosidl_generator_pyExport-noconfig.cmake
[9.852s] -- Up-to-date: /home/sudhindra/irc_2025/drive_control/install/msg_interfaces/share/msg_interfaces/cmake/rosidl_cmake-extras.cmake
[9.853s] -- Up-to-date: /home/sudhindra/irc_2025/drive_control/install/msg_interfaces/share/msg_interfaces/cmake/ament_cmake_export_dependencies-extras.cmake
[9.853s] -- Up-to-date: /home/sudhindra/irc_2025/drive_control/install/msg_interfaces/share/msg_interfaces/cmake/ament_cmake_export_include_directories-extras.cmake
[9.853s] -- Up-to-date: /home/sudhindra/irc_2025/drive_control/install/msg_interfaces/share/msg_interfaces/cmake/ament_cmake_export_libraries-extras.cmake
[9.853s] -- Up-to-date: /home/sudhindra/irc_2025/drive_control/install/msg_interfaces/share/msg_interfaces/cmake/ament_cmake_export_targets-extras.cmake
[9.853s] -- Up-to-date: /home/sudhindra/irc_2025/drive_control/install/msg_interfaces/share/msg_interfaces/cmake/rosidl_cmake_export_typesupport_targets-extras.cmake
[9.853s] -- Up-to-date: /home/sudhindra/irc_2025/drive_control/install/msg_interfaces/share/msg_interfaces/cmake/rosidl_cmake_export_typesupport_libraries-extras.cmake
[9.853s] -- Up-to-date: /home/sudhindra/irc_2025/drive_control/install/msg_interfaces/share/msg_interfaces/cmake/msg_interfacesConfig.cmake
[9.853s] -- Up-to-date: /home/sudhindra/irc_2025/drive_control/install/msg_interfaces/share/msg_interfaces/cmake/msg_interfacesConfig-version.cmake
[9.853s] -- Up-to-date: /home/sudhindra/irc_2025/drive_control/install/msg_interfaces/share/msg_interfaces/package.xml
[9.855s] Invoked command in '/home/sudhindra/irc/drive_control/build/msg_interfaces' returned '0': CMAKE_PREFIX_PATH=${CMAKE_PREFIX_PATH}:/opt/ros/humble /usr/bin/cmake --install /home/sudhindra/irc/drive_control/build/msg_interfaces
