[1.085s] Invoking command in '/home/siddhant/irc_rover_controls_2025/rover_essentials/src/bio_package': PYTHONPATH=/home/siddhant/irc_rover_controls_2025/rover_essentials/build/bio_package/prefix_override:/usr/lib/python3/dist-packages/colcon_core/task/python/colcon_distutils_commands:/home/siddhant/irc_rover_controls_2025/rover_essentials/install/bio_package/lib/python3.10/site-packages:${PYTHONPATH} /usr/bin/python3 -W ignore:setup.py install is deprecated -W ignore:easy_install command is deprecated setup.py egg_info --egg-base ../../build/bio_package build --build-base /home/siddhant/irc_rover_controls_2025/rover_essentials/build/bio_package/build install --record /home/siddhant/irc_rover_controls_2025/rover_essentials/build/bio_package/install.log --single-version-externally-managed install_data
[1.281s] running egg_info
[1.292s] creating ../../build/bio_package/bio_package.egg-info
[1.292s] writing ../../build/bio_package/bio_package.egg-info/PKG-INFO
[1.293s] writing dependency_links to ../../build/bio_package/bio_package.egg-info/dependency_links.txt
[1.293s] writing entry points to ../../build/bio_package/bio_package.egg-info/entry_points.txt
[1.293s] writing requirements to ../../build/bio_package/bio_package.egg-info/requires.txt
[1.293s] writing top-level names to ../../build/bio_package/bio_package.egg-info/top_level.txt
[1.293s] writing manifest file '../../build/bio_package/bio_package.egg-info/SOURCES.txt'
[1.318s] reading manifest file '../../build/bio_package/bio_package.egg-info/SOURCES.txt'
[1.319s] writing manifest file '../../build/bio_package/bio_package.egg-info/SOURCES.txt'
[1.319s] running build
[1.319s] running build_py
[1.320s] creating /home/siddhant/irc_rover_controls_2025/rover_essentials/build/bio_package/build/lib/bio_package
[1.320s] copying bio_package/relay.py -> /home/siddhant/irc_rover_controls_2025/rover_essentials/build/bio_package/build/lib/bio_package
[1.320s] copying bio_package/cameras.py -> /home/siddhant/irc_rover_controls_2025/rover_essentials/build/bio_package/build/lib/bio_package
[1.320s] copying bio_package/bio_controller.py -> /home/siddhant/irc_rover_controls_2025/rover_essentials/build/bio_package/build/lib/bio_package
[1.320s] copying bio_package/pid.py -> /home/siddhant/irc_rover_controls_2025/rover_essentials/build/bio_package/build/lib/bio_package
[1.320s] copying bio_package/__init__.py -> /home/siddhant/irc_rover_controls_2025/rover_essentials/build/bio_package/build/lib/bio_package
[1.320s] copying bio_package/joining_node.py -> /home/siddhant/irc_rover_controls_2025/rover_essentials/build/bio_package/build/lib/bio_package
[1.320s] copying bio_package/node_mcu_interface.py -> /home/siddhant/irc_rover_controls_2025/rover_essentials/build/bio_package/build/lib/bio_package
[1.320s] running install
[1.324s] running install_lib
[1.336s] creating /home/siddhant/irc_rover_controls_2025/rover_essentials/install/bio_package/lib/python3.10/site-packages/bio_package
[1.336s] copying /home/siddhant/irc_rover_controls_2025/rover_essentials/build/bio_package/build/lib/bio_package/relay.py -> /home/siddhant/irc_rover_controls_2025/rover_essentials/install/bio_package/lib/python3.10/site-packages/bio_package
[1.336s] copying /home/siddhant/irc_rover_controls_2025/rover_essentials/build/bio_package/build/lib/bio_package/cameras.py -> /home/siddhant/irc_rover_controls_2025/rover_essentials/install/bio_package/lib/python3.10/site-packages/bio_package
[1.336s] copying /home/siddhant/irc_rover_controls_2025/rover_essentials/build/bio_package/build/lib/bio_package/bio_controller.py -> /home/siddhant/irc_rover_controls_2025/rover_essentials/install/bio_package/lib/python3.10/site-packages/bio_package
[1.336s] copying /home/siddhant/irc_rover_controls_2025/rover_essentials/build/bio_package/build/lib/bio_package/pid.py -> /home/siddhant/irc_rover_controls_2025/rover_essentials/install/bio_package/lib/python3.10/site-packages/bio_package
[1.336s] copying /home/siddhant/irc_rover_controls_2025/rover_essentials/build/bio_package/build/lib/bio_package/__init__.py -> /home/siddhant/irc_rover_controls_2025/rover_essentials/install/bio_package/lib/python3.10/site-packages/bio_package
[1.336s] copying /home/siddhant/irc_rover_controls_2025/rover_essentials/build/bio_package/build/lib/bio_package/joining_node.py -> /home/siddhant/irc_rover_controls_2025/rover_essentials/install/bio_package/lib/python3.10/site-packages/bio_package
[1.336s] copying /home/siddhant/irc_rover_controls_2025/rover_essentials/build/bio_package/build/lib/bio_package/node_mcu_interface.py -> /home/siddhant/irc_rover_controls_2025/rover_essentials/install/bio_package/lib/python3.10/site-packages/bio_package
[1.337s] byte-compiling /home/siddhant/irc_rover_controls_2025/rover_essentials/install/bio_package/lib/python3.10/site-packages/bio_package/relay.py to relay.cpython-310.pyc
[1.338s] byte-compiling /home/siddhant/irc_rover_controls_2025/rover_essentials/install/bio_package/lib/python3.10/site-packages/bio_package/cameras.py to cameras.cpython-310.pyc
[1.338s] byte-compiling /home/siddhant/irc_rover_controls_2025/rover_essentials/install/bio_package/lib/python3.10/site-packages/bio_package/bio_controller.py to bio_controller.cpython-310.pyc
[1.339s] byte-compiling /home/siddhant/irc_rover_controls_2025/rover_essentials/install/bio_package/lib/python3.10/site-packages/bio_package/pid.py to pid.cpython-310.pyc
[1.341s] byte-compiling /home/siddhant/irc_rover_controls_2025/rover_essentials/install/bio_package/lib/python3.10/site-packages/bio_package/__init__.py to __init__.cpython-310.pyc
[1.341s] byte-compiling /home/siddhant/irc_rover_controls_2025/rover_essentials/install/bio_package/lib/python3.10/site-packages/bio_package/joining_node.py to joining_node.cpython-310.pyc
[1.341s] byte-compiling /home/siddhant/irc_rover_controls_2025/rover_essentials/install/bio_package/lib/python3.10/site-packages/bio_package/node_mcu_interface.py to node_mcu_interface.cpython-310.pyc
[1.342s] running install_data
[1.342s] creating /home/siddhant/irc_rover_controls_2025/rover_essentials/install/bio_package/share/ament_index/resource_index/packages
[1.342s] copying resource/bio_package -> /home/siddhant/irc_rover_controls_2025/rover_essentials/install/bio_package/share/ament_index/resource_index/packages
[1.342s] copying package.xml -> /home/siddhant/irc_rover_controls_2025/rover_essentials/install/bio_package/share/bio_package
[1.342s] creating /home/siddhant/irc_rover_controls_2025/rover_essentials/install/bio_package/share/bio_package/launch
[1.343s] copying launch/bio_launch.py -> /home/siddhant/irc_rover_controls_2025/rover_essentials/install/bio_package/share/bio_package/launch
[1.343s] running install_egg_info
[1.355s] Copying ../../build/bio_package/bio_package.egg-info to /home/siddhant/irc_rover_controls_2025/rover_essentials/install/bio_package/lib/python3.10/site-packages/bio_package-0.0.0-py3.10.egg-info
[1.356s] running install_scripts
[1.438s] Installing bio_cache script to /home/siddhant/irc_rover_controls_2025/rover_essentials/install/bio_package/lib/bio_package
[1.438s] Installing bio_controller script to /home/siddhant/irc_rover_controls_2025/rover_essentials/install/bio_package/lib/bio_package
[1.439s] Installing cameras script to /home/siddhant/irc_rover_controls_2025/rover_essentials/install/bio_package/lib/bio_package
[1.439s] Installing joining_node script to /home/siddhant/irc_rover_controls_2025/rover_essentials/install/bio_package/lib/bio_package
[1.439s] Installing node_mcu_interface script to /home/siddhant/irc_rover_controls_2025/rover_essentials/install/bio_package/lib/bio_package
[1.439s] Installing pid script to /home/siddhant/irc_rover_controls_2025/rover_essentials/install/bio_package/lib/bio_package
[1.439s] Installing relay script to /home/siddhant/irc_rover_controls_2025/rover_essentials/install/bio_package/lib/bio_package
[1.439s] writing list of installed files to '/home/siddhant/irc_rover_controls_2025/rover_essentials/build/bio_package/install.log'
[1.459s] Invoked command in '/home/siddhant/irc_rover_controls_2025/rover_essentials/src/bio_package' returned '0': PYTHONPATH=/home/siddhant/irc_rover_controls_2025/rover_essentials/build/bio_package/prefix_override:/usr/lib/python3/dist-packages/colcon_core/task/python/colcon_distutils_commands:/home/siddhant/irc_rover_controls_2025/rover_essentials/install/bio_package/lib/python3.10/site-packages:${PYTHONPATH} /usr/bin/python3 -W ignore:setup.py install is deprecated -W ignore:easy_install command is deprecated setup.py egg_info --egg-base ../../build/bio_package build --build-base /home/siddhant/irc_rover_controls_2025/rover_essentials/build/bio_package/build install --record /home/siddhant/irc_rover_controls_2025/rover_essentials/build/bio_package/install.log --single-version-externally-managed install_data
