[0.009s] Invoking command in '/home/sudhindra/irc/arm_control/build/msg_interfaces': CMAKE_PREFIX_PATH=${CMAKE_PREFIX_PATH}:/opt/ros/humble /usr/bin/cmake --build /home/sudhindra/irc/arm_control/build/msg_interfaces -- -j8 -l8
[0.013s] [0mCMake Error: The current CMakeCache.txt directory /home/sudhindra/irc/arm_control/build/msg_interfaces/CMakeCache.txt is different than the directory /home/sudhindra/irc_2025/arm_control/build/msg_interfaces where CMakeCache.txt was created. This may result in binaries being created in the wrong place. If you are not sure, reedit the CMakeCache.txt[0m
[0.027s] -- Found ament_cmake: 1.3.10 (/opt/ros/humble/share/ament_cmake/cmake)
[0.123s] -- Found geometry_msgs: 4.2.4 (/opt/ros/humble/share/geometry_msgs/cmake)
[0.143s] -- Found rosidl_generator_c: 3.1.5 (/opt/ros/humble/share/rosidl_generator_c/cmake)
[0.144s] -- Found rosidl_adapter: 3.1.5 (/opt/ros/humble/share/rosidl_adapter/cmake)
[0.149s] -- Found rosidl_generator_cpp: 3.1.5 (/opt/ros/humble/share/rosidl_generator_cpp/cmake)
[0.156s] -- Using all available rosidl_typesupport_c: rosidl_typesupport_fastrtps_c;rosidl_typesupport_introspection_c
[0.165s] -- Using all available rosidl_typesupport_cpp: rosidl_typesupport_fastrtps_cpp;rosidl_typesupport_introspection_cpp
[0.193s] -- Found rosidl_default_generators: 1.2.0 (/opt/ros/humble/share/rosidl_default_generators/cmake)
[0.440s] -- Found ament_cmake_ros: 0.10.0 (/opt/ros/humble/share/ament_cmake_ros/cmake)
[0.747s] -- Using all available rosidl_typesupport_c: rosidl_typesupport_fastrtps_c;rosidl_typesupport_introspection_c
[0.871s] -- Using all available rosidl_typesupport_cpp: rosidl_typesupport_fastrtps_cpp;rosidl_typesupport_introspection_cpp
[0.888s] -- Found python_cmake_module: 0.10.0 (/opt/ros/humble/share/python_cmake_module/cmake)
[0.906s] -- Using PYTHON_EXECUTABLE: /usr/bin/python3
[0.906s] -- Using PYTHON_INCLUDE_DIRS: /usr/include/python3.10
[0.906s] -- Using PYTHON_LIBRARIES: /usr/lib/x86_64-linux-gnu/libpython3.10.so
[0.934s] -- Found ament_lint_auto: 0.12.11 (/opt/ros/humble/share/ament_lint_auto/cmake)
[0.941s] -- Added test 'lint_cmake' to check CMake code style
[0.942s] -- Added test 'xmllint' to check XML markup files
[0.943s] -- Configuring done
[0.978s] -- Generating done
[0.980s] -- Build files have been written to: /home/sudhindra/irc_2025/arm_control/build/msg_interfaces
[1.024s] [  0%] Built target ament_cmake_python_copy_msg_interfaces
[1.062s] [35m[1mConsolidate compiler generated dependencies of target msg_interfaces__rosidl_generator_c[0m
[1.077s] [  3%] [32mBuilding C object CMakeFiles/msg_interfaces__rosidl_generator_c.dir/rosidl_generator_c/msg_interfaces/msg/detail/encoder_arm__functions.c.o[0m
[1.077s] [  3%] [32mBuilding C object CMakeFiles/msg_interfaces__rosidl_generator_c.dir/rosidl_generator_c/msg_interfaces/msg/detail/drive__functions.c.o[0m
[1.077s] [  2%] [32mBuilding C object CMakeFiles/msg_interfaces__rosidl_generator_c.dir/rosidl_generator_c/msg_interfaces/msg/detail/arm_end_motion__functions.c.o[0m
[1.081s] [  4%] [32mBuilding C object CMakeFiles/msg_interfaces__rosidl_generator_c.dir/rosidl_generator_c/msg_interfaces/msg/detail/encoder_drive__functions.c.o[0m
[1.082s] [  5%] [32mBuilding C object CMakeFiles/msg_interfaces__rosidl_generator_c.dir/rosidl_generator_c/msg_interfaces/msg/detail/shoulder_joint_velocity__functions.c.o[0m
[1.087s] [  6%] Built target msg_interfaces__cpp
[1.088s] [  6%] [32mBuilding C object CMakeFiles/msg_interfaces__rosidl_generator_c.dir/rosidl_generator_c/msg_interfaces/msg/detail/wrist_joint_velocity__functions.c.o[0m
[1.102s] [35m[1mConsolidate compiler generated dependencies of target msg_interfaces__rosidl_typesupport_cpp[0m
[1.120s] [  7%] [32mBuilding CXX object CMakeFiles/msg_interfaces__rosidl_typesupport_cpp.dir/rosidl_typesupport_cpp/msg_interfaces/msg/drive__type_support.cpp.o[0m
[1.143s] [  8%] [32mBuilding CXX object CMakeFiles/msg_interfaces__rosidl_typesupport_cpp.dir/rosidl_typesupport_cpp/msg_interfaces/msg/arm_end_motion__type_support.cpp.o[0m
[1.144s] [ 10%] [32mBuilding CXX object CMakeFiles/msg_interfaces__rosidl_typesupport_cpp.dir/rosidl_typesupport_cpp/msg_interfaces/msg/encoder_arm__type_support.cpp.o[0m
[1.144s] [ 10%] [32mBuilding C object CMakeFiles/msg_interfaces__rosidl_generator_c.dir/rosidl_generator_c/msg_interfaces/msg/detail/base_motion__functions.c.o[0m
[1.148s] [ 11%] [32mBuilding CXX object CMakeFiles/msg_interfaces__rosidl_typesupport_cpp.dir/rosidl_typesupport_cpp/msg_interfaces/msg/encoder_drive__type_support.cpp.o[0m
[1.150s] [35m[1mConsolidate compiler generated dependencies of target msg_interfaces__rosidl_typesupport_fastrtps_cpp[0m
[1.153s] [ 12%] [32mBuilding C object CMakeFiles/msg_interfaces__rosidl_generator_c.dir/rosidl_generator_c/msg_interfaces/msg/detail/final_vel__functions.c.o[0m
[1.172s] [ 13%] [32mBuilding CXX object CMakeFiles/msg_interfaces__rosidl_typesupport_fastrtps_cpp.dir/rosidl_typesupport_fastrtps_cpp/msg_interfaces/msg/detail/dds_fastrtps/drive__type_support.cpp.o[0m
[1.213s] [ 14%] [32mBuilding CXX object CMakeFiles/msg_interfaces__rosidl_typesupport_cpp.dir/rosidl_typesupport_cpp/msg_interfaces/msg/shoulder_joint_velocity__type_support.cpp.o[0m
[1.219s] [ 15%] [32mBuilding C object CMakeFiles/msg_interfaces__rosidl_generator_c.dir/rosidl_generator_c/msg_interfaces/msg/detail/target_pose__functions.c.o[0m
[1.287s] [ 16%] [32mBuilding C object CMakeFiles/msg_interfaces__rosidl_generator_c.dir/rosidl_generator_c/msg_interfaces/msg/detail/arm_angle__functions.c.o[0m
[1.355s] [ 17%] [32m[1mLinking C shared library libmsg_interfaces__rosidl_generator_c.so[0m
[1.410s] [ 18%] Built target msg_interfaces__rosidl_generator_c
[1.420s] [ 19%] [32mBuilding CXX object CMakeFiles/msg_interfaces__rosidl_typesupport_cpp.dir/rosidl_typesupport_cpp/msg_interfaces/msg/wrist_joint_velocity__type_support.cpp.o[0m
[1.469s] running egg_info
[1.471s] writing msg_interfaces.egg-info/PKG-INFO
[1.471s] writing dependency_links to msg_interfaces.egg-info/dependency_links.txt
[1.471s] writing top-level names to msg_interfaces.egg-info/top_level.txt
[1.475s] reading manifest file 'msg_interfaces.egg-info/SOURCES.txt'
[1.476s] writing manifest file 'msg_interfaces.egg-info/SOURCES.txt'
[1.521s] [ 20%] Built target ament_cmake_python_build_msg_interfaces_egg
[1.521s] [ 20%] [32mBuilding CXX object CMakeFiles/msg_interfaces__rosidl_typesupport_fastrtps_cpp.dir/rosidl_typesupport_fastrtps_cpp/msg_interfaces/msg/detail/dds_fastrtps/arm_end_motion__type_support.cpp.o[0m
[1.540s] [35m[1mConsolidate compiler generated dependencies of target msg_interfaces__rosidl_typesupport_introspection_cpp[0m
[1.549s] [ 20%] [32mBuilding CXX object CMakeFiles/msg_interfaces__rosidl_typesupport_fastrtps_cpp.dir/rosidl_typesupport_fastrtps_cpp/msg_interfaces/msg/detail/dds_fastrtps/encoder_arm__type_support.cpp.o[0m
[1.552s] [ 21%] [32mBuilding CXX object CMakeFiles/msg_interfaces__rosidl_typesupport_fastrtps_cpp.dir/rosidl_typesupport_fastrtps_cpp/msg_interfaces/msg/detail/dds_fastrtps/encoder_drive__type_support.cpp.o[0m
[1.557s] [ 22%] [32mBuilding CXX object CMakeFiles/msg_interfaces__rosidl_typesupport_fastrtps_cpp.dir/rosidl_typesupport_fastrtps_cpp/msg_interfaces/msg/detail/dds_fastrtps/shoulder_joint_velocity__type_support.cpp.o[0m
[1.559s] [ 23%] [32mBuilding CXX object CMakeFiles/msg_interfaces__rosidl_typesupport_introspection_cpp.dir/rosidl_typesupport_introspection_cpp/msg_interfaces/msg/detail/drive__type_support.cpp.o[0m
[1.612s] [ 24%] [32mBuilding CXX object CMakeFiles/msg_interfaces__rosidl_typesupport_fastrtps_cpp.dir/rosidl_typesupport_fastrtps_cpp/msg_interfaces/msg/detail/dds_fastrtps/wrist_joint_velocity__type_support.cpp.o[0m
[1.807s] [ 25%] [32mBuilding CXX object CMakeFiles/msg_interfaces__rosidl_typesupport_cpp.dir/rosidl_typesupport_cpp/msg_interfaces/msg/base_motion__type_support.cpp.o[0m
[1.834s] [ 26%] [32mBuilding CXX object CMakeFiles/msg_interfaces__rosidl_typesupport_cpp.dir/rosidl_typesupport_cpp/msg_interfaces/msg/final_vel__type_support.cpp.o[0m
[2.152s] [ 27%] [32mBuilding CXX object CMakeFiles/msg_interfaces__rosidl_typesupport_fastrtps_cpp.dir/rosidl_typesupport_fastrtps_cpp/msg_interfaces/msg/detail/dds_fastrtps/base_motion__type_support.cpp.o[0m
[2.187s] [ 28%] [32mBuilding CXX object CMakeFiles/msg_interfaces__rosidl_typesupport_introspection_cpp.dir/rosidl_typesupport_introspection_cpp/msg_interfaces/msg/detail/arm_end_motion__type_support.cpp.o[0m
[2.200s] [ 29%] [32mBuilding CXX object CMakeFiles/msg_interfaces__rosidl_typesupport_introspection_cpp.dir/rosidl_typesupport_introspection_cpp/msg_interfaces/msg/detail/encoder_arm__type_support.cpp.o[0m
[2.208s] [ 30%] [32mBuilding CXX object CMakeFiles/msg_interfaces__rosidl_typesupport_introspection_cpp.dir/rosidl_typesupport_introspection_cpp/msg_interfaces/msg/detail/encoder_drive__type_support.cpp.o[0m
[2.210s] [ 31%] [32mBuilding CXX object CMakeFiles/msg_interfaces__rosidl_typesupport_introspection_cpp.dir/rosidl_typesupport_introspection_cpp/msg_interfaces/msg/detail/shoulder_joint_velocity__type_support.cpp.o[0m
[2.214s] [ 32%] [32mBuilding CXX object CMakeFiles/msg_interfaces__rosidl_typesupport_introspection_cpp.dir/rosidl_typesupport_introspection_cpp/msg_interfaces/msg/detail/wrist_joint_velocity__type_support.cpp.o[0m
[2.236s] [ 33%] [32mBuilding CXX object CMakeFiles/msg_interfaces__rosidl_typesupport_cpp.dir/rosidl_typesupport_cpp/msg_interfaces/msg/target_pose__type_support.cpp.o[0m
[2.275s] [ 34%] [32mBuilding CXX object CMakeFiles/msg_interfaces__rosidl_typesupport_introspection_cpp.dir/rosidl_typesupport_introspection_cpp/msg_interfaces/msg/detail/base_motion__type_support.cpp.o[0m
[2.640s] [ 35%] [32mBuilding CXX object CMakeFiles/msg_interfaces__rosidl_typesupport_cpp.dir/rosidl_typesupport_cpp/msg_interfaces/msg/arm_angle__type_support.cpp.o[0m
[2.741s] [ 36%] [32mBuilding CXX object CMakeFiles/msg_interfaces__rosidl_typesupport_fastrtps_cpp.dir/rosidl_typesupport_fastrtps_cpp/msg_interfaces/msg/detail/dds_fastrtps/final_vel__type_support.cpp.o[0m
[2.782s] [ 37%] [32mBuilding CXX object CMakeFiles/msg_interfaces__rosidl_typesupport_fastrtps_cpp.dir/rosidl_typesupport_fastrtps_cpp/msg_interfaces/msg/detail/dds_fastrtps/target_pose__type_support.cpp.o[0m
[2.810s] [ 38%] [32mBuilding CXX object CMakeFiles/msg_interfaces__rosidl_typesupport_fastrtps_cpp.dir/rosidl_typesupport_fastrtps_cpp/msg_interfaces/msg/detail/dds_fastrtps/arm_angle__type_support.cpp.o[0m
[2.834s] [ 39%] [32mBuilding CXX object CMakeFiles/msg_interfaces__rosidl_typesupport_introspection_cpp.dir/rosidl_typesupport_introspection_cpp/msg_interfaces/msg/detail/final_vel__type_support.cpp.o[0m
[2.845s] [ 40%] [32mBuilding CXX object CMakeFiles/msg_interfaces__rosidl_typesupport_introspection_cpp.dir/rosidl_typesupport_introspection_cpp/msg_interfaces/msg/detail/target_pose__type_support.cpp.o[0m
[2.849s] [ 41%] [32mBuilding CXX object CMakeFiles/msg_interfaces__rosidl_typesupport_introspection_cpp.dir/rosidl_typesupport_introspection_cpp/msg_interfaces/msg/detail/arm_angle__type_support.cpp.o[0m
[3.030s] [ 42%] [32m[1mLinking CXX shared library libmsg_interfaces__rosidl_typesupport_cpp.so[0m
[3.089s] [ 43%] Built target msg_interfaces__rosidl_typesupport_cpp
[3.107s] [35m[1mConsolidate compiler generated dependencies of target msg_interfaces__rosidl_typesupport_introspection_c[0m
[3.121s] [ 44%] [32mBuilding C object CMakeFiles/msg_interfaces__rosidl_typesupport_introspection_c.dir/rosidl_typesupport_introspection_c/msg_interfaces/msg/detail/drive__type_support.c.o[0m
[3.154s] [35m[1mConsolidate compiler generated dependencies of target msg_interfaces__rosidl_typesupport_fastrtps_c[0m
[3.175s] [ 45%] [32mBuilding CXX object CMakeFiles/msg_interfaces__rosidl_typesupport_fastrtps_c.dir/rosidl_typesupport_fastrtps_c/msg_interfaces/msg/detail/drive__type_support_c.cpp.o[0m
[3.179s] [ 46%] [32mBuilding C object CMakeFiles/msg_interfaces__rosidl_typesupport_introspection_c.dir/rosidl_typesupport_introspection_c/msg_interfaces/msg/detail/arm_end_motion__type_support.c.o[0m
[3.241s] [ 47%] [32mBuilding C object CMakeFiles/msg_interfaces__rosidl_typesupport_introspection_c.dir/rosidl_typesupport_introspection_c/msg_interfaces/msg/detail/encoder_arm__type_support.c.o[0m
[3.310s] [35m[1mConsolidate compiler generated dependencies of target msg_interfaces__rosidl_typesupport_c[0m
[3.310s] [ 48%] [32mBuilding C object CMakeFiles/msg_interfaces__rosidl_typesupport_introspection_c.dir/rosidl_typesupport_introspection_c/msg_interfaces/msg/detail/encoder_drive__type_support.c.o[0m
[3.323s] [ 49%] [32mBuilding CXX object CMakeFiles/msg_interfaces__rosidl_typesupport_c.dir/rosidl_typesupport_c/msg_interfaces/msg/drive__type_support.cpp.o[0m
[3.336s] [ 50%] [32mBuilding C object CMakeFiles/msg_interfaces__rosidl_typesupport_introspection_c.dir/rosidl_typesupport_introspection_c/msg_interfaces/msg/detail/shoulder_joint_velocity__type_support.c.o[0m
[3.363s] [ 51%] [32mBuilding CXX object CMakeFiles/msg_interfaces__rosidl_typesupport_c.dir/rosidl_typesupport_c/msg_interfaces/msg/arm_end_motion__type_support.cpp.o[0m
[3.374s] [ 53%] [32mBuilding C object CMakeFiles/msg_interfaces__rosidl_typesupport_introspection_c.dir/rosidl_typesupport_introspection_c/msg_interfaces/msg/detail/wrist_joint_velocity__type_support.c.o[0m
[3.375s] [ 53%] [32mBuilding CXX object CMakeFiles/msg_interfaces__rosidl_typesupport_fastrtps_c.dir/rosidl_typesupport_fastrtps_c/msg_interfaces/msg/detail/arm_end_motion__type_support_c.cpp.o[0m
[3.380s] [ 55%] [32mBuilding CXX object CMakeFiles/msg_interfaces__rosidl_typesupport_fastrtps_c.dir/rosidl_typesupport_fastrtps_c/msg_interfaces/msg/detail/encoder_arm__type_support_c.cpp.o[0m
[3.380s] [ 55%] [32mBuilding CXX object CMakeFiles/msg_interfaces__rosidl_typesupport_c.dir/rosidl_typesupport_c/msg_interfaces/msg/encoder_arm__type_support.cpp.o[0m
[3.404s] [ 56%] [32mBuilding CXX object CMakeFiles/msg_interfaces__rosidl_typesupport_fastrtps_c.dir/rosidl_typesupport_fastrtps_c/msg_interfaces/msg/detail/encoder_drive__type_support_c.cpp.o[0m
[3.407s] [ 57%] [32m[1mLinking CXX shared library libmsg_interfaces__rosidl_typesupport_fastrtps_cpp.so[0m
[3.407s] [ 58%] [32m[1mLinking CXX shared library libmsg_interfaces__rosidl_typesupport_introspection_cpp.so[0m
[3.421s] [ 59%] [32mBuilding CXX object CMakeFiles/msg_interfaces__rosidl_typesupport_c.dir/rosidl_typesupport_c/msg_interfaces/msg/encoder_drive__type_support.cpp.o[0m
[3.422s] [ 60%] [32mBuilding C object CMakeFiles/msg_interfaces__rosidl_typesupport_introspection_c.dir/rosidl_typesupport_introspection_c/msg_interfaces/msg/detail/base_motion__type_support.c.o[0m
[3.466s] [ 61%] [32mBuilding CXX object CMakeFiles/msg_interfaces__rosidl_typesupport_c.dir/rosidl_typesupport_c/msg_interfaces/msg/shoulder_joint_velocity__type_support.cpp.o[0m
[3.467s] [ 62%] [32mBuilding C object CMakeFiles/msg_interfaces__rosidl_typesupport_introspection_c.dir/rosidl_typesupport_introspection_c/msg_interfaces/msg/detail/final_vel__type_support.c.o[0m
[3.507s] [ 63%] [32mBuilding CXX object CMakeFiles/msg_interfaces__rosidl_typesupport_c.dir/rosidl_typesupport_c/msg_interfaces/msg/wrist_joint_velocity__type_support.cpp.o[0m
[3.510s] [ 64%] [32mBuilding C object CMakeFiles/msg_interfaces__rosidl_typesupport_introspection_c.dir/rosidl_typesupport_introspection_c/msg_interfaces/msg/detail/target_pose__type_support.c.o[0m
[3.552s] [ 65%] [32mBuilding CXX object CMakeFiles/msg_interfaces__rosidl_typesupport_c.dir/rosidl_typesupport_c/msg_interfaces/msg/base_motion__type_support.cpp.o[0m
[3.553s] [ 66%] Built target msg_interfaces__rosidl_typesupport_fastrtps_cpp
[3.555s] [ 67%] [32mBuilding C object CMakeFiles/msg_interfaces__rosidl_typesupport_introspection_c.dir/rosidl_typesupport_introspection_c/msg_interfaces/msg/detail/arm_angle__type_support.c.o[0m
[3.561s] [ 68%] Built target msg_interfaces__rosidl_typesupport_introspection_cpp
[3.565s] [ 69%] [32mBuilding CXX object CMakeFiles/msg_interfaces__rosidl_typesupport_fastrtps_c.dir/rosidl_typesupport_fastrtps_c/msg_interfaces/msg/detail/shoulder_joint_velocity__type_support_c.cpp.o[0m
[3.575s] [ 70%] [32mBuilding CXX object CMakeFiles/msg_interfaces__rosidl_typesupport_c.dir/rosidl_typesupport_c/msg_interfaces/msg/final_vel__type_support.cpp.o[0m
[3.591s] [ 71%] [32mBuilding CXX object CMakeFiles/msg_interfaces__rosidl_typesupport_fastrtps_c.dir/rosidl_typesupport_fastrtps_c/msg_interfaces/msg/detail/wrist_joint_velocity__type_support_c.cpp.o[0m
[3.603s] [ 72%] [32m[1mLinking C shared library libmsg_interfaces__rosidl_typesupport_introspection_c.so[0m
[3.611s] [ 72%] [32mBuilding CXX object CMakeFiles/msg_interfaces__rosidl_typesupport_c.dir/rosidl_typesupport_c/msg_interfaces/msg/target_pose__type_support.cpp.o[0m
[3.646s] [ 73%] Built target msg_interfaces__rosidl_typesupport_introspection_c
[3.654s] [ 74%] [32mBuilding CXX object CMakeFiles/msg_interfaces__rosidl_typesupport_c.dir/rosidl_typesupport_c/msg_interfaces/msg/arm_angle__type_support.cpp.o[0m
[3.659s] [ 75%] [32mBuilding CXX object CMakeFiles/msg_interfaces__rosidl_typesupport_fastrtps_c.dir/rosidl_typesupport_fastrtps_c/msg_interfaces/msg/detail/base_motion__type_support_c.cpp.o[0m
[3.693s] [ 76%] [32m[1mLinking CXX shared library libmsg_interfaces__rosidl_typesupport_c.so[0m
[3.703s] [ 77%] [32mBuilding CXX object CMakeFiles/msg_interfaces__rosidl_typesupport_fastrtps_c.dir/rosidl_typesupport_fastrtps_c/msg_interfaces/msg/detail/final_vel__type_support_c.cpp.o[0m
[3.755s] [ 78%] Built target msg_interfaces__rosidl_typesupport_c
[3.766s] [ 79%] [32mBuilding CXX object CMakeFiles/msg_interfaces__rosidl_typesupport_fastrtps_c.dir/rosidl_typesupport_fastrtps_c/msg_interfaces/msg/detail/target_pose__type_support_c.cpp.o[0m
[3.858s] [ 80%] [32mBuilding CXX object CMakeFiles/msg_interfaces__rosidl_typesupport_fastrtps_c.dir/rosidl_typesupport_fastrtps_c/msg_interfaces/msg/detail/arm_angle__type_support_c.cpp.o[0m
[4.241s] [ 81%] [32m[1mLinking CXX shared library libmsg_interfaces__rosidl_typesupport_fastrtps_c.so[0m
[4.301s] [ 82%] Built target msg_interfaces__rosidl_typesupport_fastrtps_c
[4.315s] [ 82%] Built target msg_interfaces
[4.329s] [ 83%] Built target msg_interfaces__py
[4.338s] [35m[1mConsolidate compiler generated dependencies of target msg_interfaces__rosidl_generator_py[0m
[4.353s] [ 86%] [32mBuilding C object CMakeFiles/msg_interfaces__rosidl_generator_py.dir/rosidl_generator_py/msg_interfaces/msg/_encoder_arm_s.c.o[0m
[4.353s] [ 86%] [32mBuilding C object CMakeFiles/msg_interfaces__rosidl_generator_py.dir/rosidl_generator_py/msg_interfaces/msg/_drive_s.c.o[0m
[4.353s] [ 88%] [32mBuilding C object CMakeFiles/msg_interfaces__rosidl_generator_py.dir/rosidl_generator_py/msg_interfaces/msg/_encoder_drive_s.c.o[0m
[4.353s] [ 88%] [32mBuilding C object CMakeFiles/msg_interfaces__rosidl_generator_py.dir/rosidl_generator_py/msg_interfaces/msg/_arm_end_motion_s.c.o[0m
[4.353s] [ 88%] [32mBuilding C object CMakeFiles/msg_interfaces__rosidl_generator_py.dir/rosidl_generator_py/msg_interfaces/msg/_shoulder_joint_velocity_s.c.o[0m
[4.353s] [ 89%] [32mBuilding C object CMakeFiles/msg_interfaces__rosidl_generator_py.dir/rosidl_generator_py/msg_interfaces/msg/_wrist_joint_velocity_s.c.o[0m
[4.353s] [ 90%] [32mBuilding C object CMakeFiles/msg_interfaces__rosidl_generator_py.dir/rosidl_generator_py/msg_interfaces/msg/_base_motion_s.c.o[0m
[4.353s] [ 91%] [32mBuilding C object CMakeFiles/msg_interfaces__rosidl_generator_py.dir/rosidl_generator_py/msg_interfaces/msg/_final_vel_s.c.o[0m
[4.504s] [ 93%] [32mBuilding C object CMakeFiles/msg_interfaces__rosidl_generator_py.dir/rosidl_generator_py/msg_interfaces/msg/_arm_angle_s.c.o[0m
[4.504s] [ 93%] [32mBuilding C object CMakeFiles/msg_interfaces__rosidl_generator_py.dir/rosidl_generator_py/msg_interfaces/msg/_target_pose_s.c.o[0m
[4.606s] [ 94%] [32m[1mLinking C shared library rosidl_generator_py/msg_interfaces/libmsg_interfaces__rosidl_generator_py.so[0m
[4.637s] [ 94%] Built target msg_interfaces__rosidl_generator_py
[4.645s] [35m[1mConsolidate compiler generated dependencies of target msg_interfaces__rosidl_typesupport_fastrtps_c__pyext[0m
[4.645s] [35m[1mConsolidate compiler generated dependencies of target msg_interfaces__rosidl_typesupport_introspection_c__pyext[0m
[4.645s] [35m[1mConsolidate compiler generated dependencies of target msg_interfaces__rosidl_typesupport_c__pyext[0m
[4.654s] [ 97%] [32mBuilding C object CMakeFiles/msg_interfaces__rosidl_typesupport_introspection_c__pyext.dir/rosidl_generator_py/msg_interfaces/_msg_interfaces_s.ep.rosidl_typesupport_introspection_c.c.o[0m
[4.654s] [ 97%] [32mBuilding C object CMakeFiles/msg_interfaces__rosidl_typesupport_fastrtps_c__pyext.dir/rosidl_generator_py/msg_interfaces/_msg_interfaces_s.ep.rosidl_typesupport_fastrtps_c.c.o[0m
[4.654s] [ 97%] [32mBuilding C object CMakeFiles/msg_interfaces__rosidl_typesupport_c__pyext.dir/rosidl_generator_py/msg_interfaces/_msg_interfaces_s.ep.rosidl_typesupport_c.c.o[0m
[4.759s] [100%] [32m[1mLinking C shared library rosidl_generator_py/msg_interfaces/msg_interfaces_s__rosidl_typesupport_introspection_c.cpython-310-x86_64-linux-gnu.so[0m
[4.759s] [100%] [32m[1mLinking C shared library rosidl_generator_py/msg_interfaces/msg_interfaces_s__rosidl_typesupport_fastrtps_c.cpython-310-x86_64-linux-gnu.so[0m
[4.759s] [100%] [32m[1mLinking C shared library rosidl_generator_py/msg_interfaces/msg_interfaces_s__rosidl_typesupport_c.cpython-310-x86_64-linux-gnu.so[0m
[4.793s] [100%] Built target msg_interfaces__rosidl_typesupport_c__pyext
[4.793s] [100%] Built target msg_interfaces__rosidl_typesupport_fastrtps_c__pyext
[4.793s] [100%] Built target msg_interfaces__rosidl_typesupport_introspection_c__pyext
[4.802s] Invoked command in '/home/sudhindra/irc/arm_control/build/msg_interfaces' returned '0': CMAKE_PREFIX_PATH=${CMAKE_PREFIX_PATH}:/opt/ros/humble /usr/bin/cmake --build /home/sudhindra/irc/arm_control/build/msg_interfaces -- -j8 -l8
[4.949s] Invoking command in '/home/sudhindra/irc/arm_control/build/msg_interfaces': CMAKE_PREFIX_PATH=${CMAKE_PREFIX_PATH}:/opt/ros/humble /usr/bin/cmake --install /home/sudhindra/irc/arm_control/build/msg_interfaces
[4.956s] -- Install configuration: ""
[4.956s] -- Up-to-date: /home/sudhindra/irc_2025/arm_control/install/msg_interfaces/share/ament_index/resource_index/rosidl_interfaces/msg_interfaces
[4.956s] -- Up-to-date: /home/sudhindra/irc_2025/arm_control/install/msg_interfaces/include/msg_interfaces/msg_interfaces
[4.956s] -- Up-to-date: /home/sudhindra/irc_2025/arm_control/install/msg_interfaces/include/msg_interfaces/msg_interfaces/msg
[4.956s] -- Up-to-date: /home/sudhindra/irc_2025/arm_control/install/msg_interfaces/include/msg_interfaces/msg_interfaces/msg/target_pose.h
[4.956s] -- Up-to-date: /home/sudhindra/irc_2025/arm_control/install/msg_interfaces/include/msg_interfaces/msg_interfaces/msg/arm_end_motion.h
[4.956s] -- Up-to-date: /home/sudhindra/irc_2025/arm_control/install/msg_interfaces/include/msg_interfaces/msg_interfaces/msg/base_motion.h
[4.956s] -- Up-to-date: /home/sudhindra/irc_2025/arm_control/install/msg_interfaces/include/msg_interfaces/msg_interfaces/msg/encoder_drive.h
[4.956s] -- Up-to-date: /home/sudhindra/irc_2025/arm_control/install/msg_interfaces/include/msg_interfaces/msg_interfaces/msg/encoder_arm.h
[4.956s] -- Up-to-date: /home/sudhindra/irc_2025/arm_control/install/msg_interfaces/include/msg_interfaces/msg_interfaces/msg/detail
[4.956s] -- Up-to-date: /home/sudhindra/irc_2025/arm_control/install/msg_interfaces/include/msg_interfaces/msg_interfaces/msg/detail/wrist_joint_velocity__functions.c
[4.956s] -- Up-to-date: /home/sudhindra/irc_2025/arm_control/install/msg_interfaces/include/msg_interfaces/msg_interfaces/msg/detail/base_motion__functions.h
[4.957s] -- Up-to-date: /home/sudhindra/irc_2025/arm_control/install/msg_interfaces/include/msg_interfaces/msg_interfaces/msg/detail/encoder_drive__struct.h
[4.957s] -- Up-to-date: /home/sudhindra/irc_2025/arm_control/install/msg_interfaces/include/msg_interfaces/msg_interfaces/msg/detail/encoder_drive__functions.h
[4.957s] -- Up-to-date: /home/sudhindra/irc_2025/arm_control/install/msg_interfaces/include/msg_interfaces/msg_interfaces/msg/detail/encoder_arm__functions.c
[4.957s] -- Up-to-date: /home/sudhindra/irc_2025/arm_control/install/msg_interfaces/include/msg_interfaces/msg_interfaces/msg/detail/shoulder_joint_velocity__struct.h
[4.957s] -- Up-to-date: /home/sudhindra/irc_2025/arm_control/install/msg_interfaces/include/msg_interfaces/msg_interfaces/msg/detail/arm_angle__functions.c
[4.957s] -- Up-to-date: /home/sudhindra/irc_2025/arm_control/install/msg_interfaces/include/msg_interfaces/msg_interfaces/msg/detail/arm_end_motion__functions.h
[4.957s] -- Up-to-date: /home/sudhindra/irc_2025/arm_control/install/msg_interfaces/include/msg_interfaces/msg_interfaces/msg/detail/arm_end_motion__type_support.h
[4.957s] -- Up-to-date: /home/sudhindra/irc_2025/arm_control/install/msg_interfaces/include/msg_interfaces/msg_interfaces/msg/detail/base_motion__struct.h
[4.957s] -- Up-to-date: /home/sudhindra/irc_2025/arm_control/install/msg_interfaces/include/msg_interfaces/msg_interfaces/msg/detail/encoder_arm__struct.h
[4.957s] -- Up-to-date: /home/sudhindra/irc_2025/arm_control/install/msg_interfaces/include/msg_interfaces/msg_interfaces/msg/detail/arm_angle__functions.h
[4.957s] -- Up-to-date: /home/sudhindra/irc_2025/arm_control/install/msg_interfaces/include/msg_interfaces/msg_interfaces/msg/detail/target_pose__functions.h
[4.957s] -- Up-to-date: /home/sudhindra/irc_2025/arm_control/install/msg_interfaces/include/msg_interfaces/msg_interfaces/msg/detail/final_vel__type_support.h
[4.957s] -- Up-to-date: /home/sudhindra/irc_2025/arm_control/install/msg_interfaces/include/msg_interfaces/msg_interfaces/msg/detail/encoder_drive__type_support.h
[4.957s] -- Up-to-date: /home/sudhindra/irc_2025/arm_control/install/msg_interfaces/include/msg_interfaces/msg_interfaces/msg/detail/shoulder_joint_velocity__type_support.h
[4.957s] -- Up-to-date: /home/sudhindra/irc_2025/arm_control/install/msg_interfaces/include/msg_interfaces/msg_interfaces/msg/detail/final_vel__struct.h
[4.957s] -- Up-to-date: /home/sudhindra/irc_2025/arm_control/install/msg_interfaces/include/msg_interfaces/msg_interfaces/msg/detail/arm_angle__struct.h
[4.958s] -- Up-to-date: /home/sudhindra/irc_2025/arm_control/install/msg_interfaces/include/msg_interfaces/msg_interfaces/msg/detail/base_motion__type_support.h
[4.958s] -- Up-to-date: /home/sudhindra/irc_2025/arm_control/install/msg_interfaces/include/msg_interfaces/msg_interfaces/msg/detail/shoulder_joint_velocity__functions.c
[4.958s] -- Up-to-date: /home/sudhindra/irc_2025/arm_control/install/msg_interfaces/include/msg_interfaces/msg_interfaces/msg/detail/arm_end_motion__functions.c
[4.958s] -- Up-to-date: /home/sudhindra/irc_2025/arm_control/install/msg_interfaces/include/msg_interfaces/msg_interfaces/msg/detail/arm_angle__type_support.h
[4.958s] -- Up-to-date: /home/sudhindra/irc_2025/arm_control/install/msg_interfaces/include/msg_interfaces/msg_interfaces/msg/detail/encoder_arm__functions.h
[4.958s] -- Up-to-date: /home/sudhindra/irc_2025/arm_control/install/msg_interfaces/include/msg_interfaces/msg_interfaces/msg/detail/wrist_joint_velocity__struct.h
[4.958s] -- Up-to-date: /home/sudhindra/irc_2025/arm_control/install/msg_interfaces/include/msg_interfaces/msg_interfaces/msg/detail/target_pose__functions.c
[4.958s] -- Up-to-date: /home/sudhindra/irc_2025/arm_control/install/msg_interfaces/include/msg_interfaces/msg_interfaces/msg/detail/drive__functions.c
[4.958s] -- Up-to-date: /home/sudhindra/irc_2025/arm_control/install/msg_interfaces/include/msg_interfaces/msg_interfaces/msg/detail/encoder_arm__type_support.h
[4.958s] -- Up-to-date: /home/sudhindra/irc_2025/arm_control/install/msg_interfaces/include/msg_interfaces/msg_interfaces/msg/detail/drive__functions.h
[4.958s] -- Up-to-date: /home/sudhindra/irc_2025/arm_control/install/msg_interfaces/include/msg_interfaces/msg_interfaces/msg/detail/drive__struct.h
[4.958s] -- Up-to-date: /home/sudhindra/irc_2025/arm_control/install/msg_interfaces/include/msg_interfaces/msg_interfaces/msg/detail/wrist_joint_velocity__type_support.h
[4.958s] -- Up-to-date: /home/sudhindra/irc_2025/arm_control/install/msg_interfaces/include/msg_interfaces/msg_interfaces/msg/detail/final_vel__functions.h
[4.958s] -- Up-to-date: /home/sudhindra/irc_2025/arm_control/install/msg_interfaces/include/msg_interfaces/msg_interfaces/msg/detail/encoder_drive__functions.c
[4.959s] -- Up-to-date: /home/sudhindra/irc_2025/arm_control/install/msg_interfaces/include/msg_interfaces/msg_interfaces/msg/detail/shoulder_joint_velocity__functions.h
[4.959s] -- Up-to-date: /home/sudhindra/irc_2025/arm_control/install/msg_interfaces/include/msg_interfaces/msg_interfaces/msg/detail/base_motion__functions.c
[4.959s] -- Up-to-date: /home/sudhindra/irc_2025/arm_control/install/msg_interfaces/include/msg_interfaces/msg_interfaces/msg/detail/arm_end_motion__struct.h
[4.959s] -- Up-to-date: /home/sudhindra/irc_2025/arm_control/install/msg_interfaces/include/msg_interfaces/msg_interfaces/msg/detail/final_vel__functions.c
[4.959s] -- Up-to-date: /home/sudhindra/irc_2025/arm_control/install/msg_interfaces/include/msg_interfaces/msg_interfaces/msg/detail/target_pose__type_support.h
[4.959s] -- Up-to-date: /home/sudhindra/irc_2025/arm_control/install/msg_interfaces/include/msg_interfaces/msg_interfaces/msg/detail/wrist_joint_velocity__functions.h
[4.959s] -- Up-to-date: /home/sudhindra/irc_2025/arm_control/install/msg_interfaces/include/msg_interfaces/msg_interfaces/msg/detail/drive__type_support.h
[4.959s] -- Up-to-date: /home/sudhindra/irc_2025/arm_control/install/msg_interfaces/include/msg_interfaces/msg_interfaces/msg/detail/target_pose__struct.h
[4.959s] -- Up-to-date: /home/sudhindra/irc_2025/arm_control/install/msg_interfaces/include/msg_interfaces/msg_interfaces/msg/rosidl_generator_c__visibility_control.h
[4.959s] -- Up-to-date: /home/sudhindra/irc_2025/arm_control/install/msg_interfaces/include/msg_interfaces/msg_interfaces/msg/drive.h
[4.959s] -- Up-to-date: /home/sudhindra/irc_2025/arm_control/install/msg_interfaces/include/msg_interfaces/msg_interfaces/msg/arm_angle.h
[4.959s] -- Up-to-date: /home/sudhindra/irc_2025/arm_control/install/msg_interfaces/include/msg_interfaces/msg_interfaces/msg/wrist_joint_velocity.h
[4.959s] -- Up-to-date: /home/sudhindra/irc_2025/arm_control/install/msg_interfaces/include/msg_interfaces/msg_interfaces/msg/final_vel.h
[4.959s] -- Up-to-date: /home/sudhindra/irc_2025/arm_control/install/msg_interfaces/include/msg_interfaces/msg_interfaces/msg/shoulder_joint_velocity.h
[4.959s] -- Installing: /home/sudhindra/irc_2025/arm_control/install/msg_interfaces/share/msg_interfaces/environment/library_path.sh
[4.959s] -- Installing: /home/sudhindra/irc_2025/arm_control/install/msg_interfaces/share/msg_interfaces/environment/library_path.dsv
[4.959s] -- Up-to-date: /home/sudhindra/irc_2025/arm_control/install/msg_interfaces/lib/libmsg_interfaces__rosidl_generator_c.so
[4.960s] -- Up-to-date: /home/sudhindra/irc_2025/arm_control/install/msg_interfaces/include/msg_interfaces/msg_interfaces
[4.960s] -- Up-to-date: /home/sudhindra/irc_2025/arm_control/install/msg_interfaces/include/msg_interfaces/msg_interfaces/msg
[4.960s] -- Up-to-date: /home/sudhindra/irc_2025/arm_control/install/msg_interfaces/include/msg_interfaces/msg_interfaces/msg/detail
[4.960s] -- Up-to-date: /home/sudhindra/irc_2025/arm_control/install/msg_interfaces/include/msg_interfaces/msg_interfaces/msg/detail/encoder_drive__rosidl_typesupport_fastrtps_c.h
[4.960s] -- Up-to-date: /home/sudhindra/irc_2025/arm_control/install/msg_interfaces/include/msg_interfaces/msg_interfaces/msg/detail/base_motion__rosidl_typesupport_fastrtps_c.h
[4.960s] -- Up-to-date: /home/sudhindra/irc_2025/arm_control/install/msg_interfaces/include/msg_interfaces/msg_interfaces/msg/detail/arm_end_motion__rosidl_typesupport_fastrtps_c.h
[4.960s] -- Up-to-date: /home/sudhindra/irc_2025/arm_control/install/msg_interfaces/include/msg_interfaces/msg_interfaces/msg/detail/encoder_arm__rosidl_typesupport_fastrtps_c.h
[4.960s] -- Up-to-date: /home/sudhindra/irc_2025/arm_control/install/msg_interfaces/include/msg_interfaces/msg_interfaces/msg/detail/final_vel__rosidl_typesupport_fastrtps_c.h
[4.960s] -- Up-to-date: /home/sudhindra/irc_2025/arm_control/install/msg_interfaces/include/msg_interfaces/msg_interfaces/msg/detail/target_pose__rosidl_typesupport_fastrtps_c.h
[4.960s] -- Up-to-date: /home/sudhindra/irc_2025/arm_control/install/msg_interfaces/include/msg_interfaces/msg_interfaces/msg/detail/wrist_joint_velocity__rosidl_typesupport_fastrtps_c.h
[4.960s] -- Up-to-date: /home/sudhindra/irc_2025/arm_control/install/msg_interfaces/include/msg_interfaces/msg_interfaces/msg/detail/shoulder_joint_velocity__rosidl_typesupport_fastrtps_c.h
[4.960s] -- Up-to-date: /home/sudhindra/irc_2025/arm_control/install/msg_interfaces/include/msg_interfaces/msg_interfaces/msg/detail/arm_angle__rosidl_typesupport_fastrtps_c.h
[4.960s] -- Up-to-date: /home/sudhindra/irc_2025/arm_control/install/msg_interfaces/include/msg_interfaces/msg_interfaces/msg/detail/drive__rosidl_typesupport_fastrtps_c.h
[4.960s] -- Up-to-date: /home/sudhindra/irc_2025/arm_control/install/msg_interfaces/include/msg_interfaces/msg_interfaces/msg/rosidl_typesupport_fastrtps_c__visibility_control.h
[4.960s] -- Up-to-date: /home/sudhindra/irc_2025/arm_control/install/msg_interfaces/lib/libmsg_interfaces__rosidl_typesupport_fastrtps_c.so
[4.961s] -- Up-to-date: /home/sudhindra/irc_2025/arm_control/install/msg_interfaces/include/msg_interfaces/msg_interfaces
[4.961s] -- Up-to-date: /home/sudhindra/irc_2025/arm_control/install/msg_interfaces/include/msg_interfaces/msg_interfaces/msg
[4.961s] -- Up-to-date: /home/sudhindra/irc_2025/arm_control/install/msg_interfaces/include/msg_interfaces/msg_interfaces/msg/base_motion.hpp
[4.961s] -- Up-to-date: /home/sudhindra/irc_2025/arm_control/install/msg_interfaces/include/msg_interfaces/msg_interfaces/msg/arm_angle.hpp
[4.961s] -- Up-to-date: /home/sudhindra/irc_2025/arm_control/install/msg_interfaces/include/msg_interfaces/msg_interfaces/msg/encoder_drive.hpp
[4.961s] -- Up-to-date: /home/sudhindra/irc_2025/arm_control/install/msg_interfaces/include/msg_interfaces/msg_interfaces/msg/final_vel.hpp
[4.961s] -- Up-to-date: /home/sudhindra/irc_2025/arm_control/install/msg_interfaces/include/msg_interfaces/msg_interfaces/msg/wrist_joint_velocity.hpp
[4.961s] -- Up-to-date: /home/sudhindra/irc_2025/arm_control/install/msg_interfaces/include/msg_interfaces/msg_interfaces/msg/detail
[4.961s] -- Up-to-date: /home/sudhindra/irc_2025/arm_control/install/msg_interfaces/include/msg_interfaces/msg_interfaces/msg/detail/final_vel__builder.hpp
[4.961s] -- Up-to-date: /home/sudhindra/irc_2025/arm_control/install/msg_interfaces/include/msg_interfaces/msg_interfaces/msg/detail/final_vel__traits.hpp
[4.961s] -- Up-to-date: /home/sudhindra/irc_2025/arm_control/install/msg_interfaces/include/msg_interfaces/msg_interfaces/msg/detail/drive__struct.hpp
[4.961s] -- Up-to-date: /home/sudhindra/irc_2025/arm_control/install/msg_interfaces/include/msg_interfaces/msg_interfaces/msg/detail/encoder_arm__builder.hpp
[4.961s] -- Up-to-date: /home/sudhindra/irc_2025/arm_control/install/msg_interfaces/include/msg_interfaces/msg_interfaces/msg/detail/base_motion__struct.hpp
[4.961s] -- Up-to-date: /home/sudhindra/irc_2025/arm_control/install/msg_interfaces/include/msg_interfaces/msg_interfaces/msg/detail/arm_angle__traits.hpp
[4.961s] -- Up-to-date: /home/sudhindra/irc_2025/arm_control/install/msg_interfaces/include/msg_interfaces/msg_interfaces/msg/detail/encoder_drive__struct.hpp
[4.961s] -- Up-to-date: /home/sudhindra/irc_2025/arm_control/install/msg_interfaces/include/msg_interfaces/msg_interfaces/msg/detail/arm_end_motion__struct.hpp
[4.961s] -- Up-to-date: /home/sudhindra/irc_2025/arm_control/install/msg_interfaces/include/msg_interfaces/msg_interfaces/msg/detail/drive__traits.hpp
[4.962s] -- Up-to-date: /home/sudhindra/irc_2025/arm_control/install/msg_interfaces/include/msg_interfaces/msg_interfaces/msg/detail/arm_angle__builder.hpp
[4.962s] -- Up-to-date: /home/sudhindra/irc_2025/arm_control/install/msg_interfaces/include/msg_interfaces/msg_interfaces/msg/detail/wrist_joint_velocity__struct.hpp
[4.962s] -- Up-to-date: /home/sudhindra/irc_2025/arm_control/install/msg_interfaces/include/msg_interfaces/msg_interfaces/msg/detail/encoder_arm__struct.hpp
[4.962s] -- Up-to-date: /home/sudhindra/irc_2025/arm_control/install/msg_interfaces/include/msg_interfaces/msg_interfaces/msg/detail/arm_end_motion__builder.hpp
[4.962s] -- Up-to-date: /home/sudhindra/irc_2025/arm_control/install/msg_interfaces/include/msg_interfaces/msg_interfaces/msg/detail/wrist_joint_velocity__builder.hpp
[4.962s] -- Up-to-date: /home/sudhindra/irc_2025/arm_control/install/msg_interfaces/include/msg_interfaces/msg_interfaces/msg/detail/arm_end_motion__traits.hpp
[4.962s] -- Up-to-date: /home/sudhindra/irc_2025/arm_control/install/msg_interfaces/include/msg_interfaces/msg_interfaces/msg/detail/target_pose__struct.hpp
[4.962s] -- Up-to-date: /home/sudhindra/irc_2025/arm_control/install/msg_interfaces/include/msg_interfaces/msg_interfaces/msg/detail/target_pose__traits.hpp
[4.962s] -- Up-to-date: /home/sudhindra/irc_2025/arm_control/install/msg_interfaces/include/msg_interfaces/msg_interfaces/msg/detail/wrist_joint_velocity__traits.hpp
[4.962s] -- Up-to-date: /home/sudhindra/irc_2025/arm_control/install/msg_interfaces/include/msg_interfaces/msg_interfaces/msg/detail/base_motion__traits.hpp
[4.962s] -- Up-to-date: /home/sudhindra/irc_2025/arm_control/install/msg_interfaces/include/msg_interfaces/msg_interfaces/msg/detail/drive__builder.hpp
[4.962s] -- Up-to-date: /home/sudhindra/irc_2025/arm_control/install/msg_interfaces/include/msg_interfaces/msg_interfaces/msg/detail/arm_angle__struct.hpp
[4.962s] -- Up-to-date: /home/sudhindra/irc_2025/arm_control/install/msg_interfaces/include/msg_interfaces/msg_interfaces/msg/detail/shoulder_joint_velocity__traits.hpp
[4.962s] -- Up-to-date: /home/sudhindra/irc_2025/arm_control/install/msg_interfaces/include/msg_interfaces/msg_interfaces/msg/detail/shoulder_joint_velocity__struct.hpp
[4.962s] -- Up-to-date: /home/sudhindra/irc_2025/arm_control/install/msg_interfaces/include/msg_interfaces/msg_interfaces/msg/detail/encoder_arm__traits.hpp
[4.962s] -- Up-to-date: /home/sudhindra/irc_2025/arm_control/install/msg_interfaces/include/msg_interfaces/msg_interfaces/msg/detail/target_pose__builder.hpp
[4.962s] -- Up-to-date: /home/sudhindra/irc_2025/arm_control/install/msg_interfaces/include/msg_interfaces/msg_interfaces/msg/detail/encoder_drive__traits.hpp
[4.962s] -- Up-to-date: /home/sudhindra/irc_2025/arm_control/install/msg_interfaces/include/msg_interfaces/msg_interfaces/msg/detail/final_vel__struct.hpp
[4.962s] -- Up-to-date: /home/sudhindra/irc_2025/arm_control/install/msg_interfaces/include/msg_interfaces/msg_interfaces/msg/detail/encoder_drive__builder.hpp
[4.962s] -- Up-to-date: /home/sudhindra/irc_2025/arm_control/install/msg_interfaces/include/msg_interfaces/msg_interfaces/msg/detail/shoulder_joint_velocity__builder.hpp
[4.962s] -- Up-to-date: /home/sudhindra/irc_2025/arm_control/install/msg_interfaces/include/msg_interfaces/msg_interfaces/msg/detail/base_motion__builder.hpp
[4.962s] -- Up-to-date: /home/sudhindra/irc_2025/arm_control/install/msg_interfaces/include/msg_interfaces/msg_interfaces/msg/drive.hpp
[4.963s] -- Up-to-date: /home/sudhindra/irc_2025/arm_control/install/msg_interfaces/include/msg_interfaces/msg_interfaces/msg/arm_end_motion.hpp
[4.963s] -- Up-to-date: /home/sudhindra/irc_2025/arm_control/install/msg_interfaces/include/msg_interfaces/msg_interfaces/msg/encoder_arm.hpp
[4.963s] -- Up-to-date: /home/sudhindra/irc_2025/arm_control/install/msg_interfaces/include/msg_interfaces/msg_interfaces/msg/shoulder_joint_velocity.hpp
[4.963s] -- Up-to-date: /home/sudhindra/irc_2025/arm_control/install/msg_interfaces/include/msg_interfaces/msg_interfaces/msg/target_pose.hpp
[4.963s] -- Up-to-date: /home/sudhindra/irc_2025/arm_control/install/msg_interfaces/include/msg_interfaces/msg_interfaces
[4.963s] -- Up-to-date: /home/sudhindra/irc_2025/arm_control/install/msg_interfaces/include/msg_interfaces/msg_interfaces/msg
[4.963s] -- Up-to-date: /home/sudhindra/irc_2025/arm_control/install/msg_interfaces/include/msg_interfaces/msg_interfaces/msg/rosidl_typesupport_fastrtps_cpp__visibility_control.h
[4.963s] -- Up-to-date: /home/sudhindra/irc_2025/arm_control/install/msg_interfaces/include/msg_interfaces/msg_interfaces/msg/detail
[4.963s] -- Up-to-date: /home/sudhindra/irc_2025/arm_control/install/msg_interfaces/include/msg_interfaces/msg_interfaces/msg/detail/arm_angle__rosidl_typesupport_fastrtps_cpp.hpp
[4.963s] -- Up-to-date: /home/sudhindra/irc_2025/arm_control/install/msg_interfaces/include/msg_interfaces/msg_interfaces/msg/detail/final_vel__rosidl_typesupport_fastrtps_cpp.hpp
[4.963s] -- Up-to-date: /home/sudhindra/irc_2025/arm_control/install/msg_interfaces/include/msg_interfaces/msg_interfaces/msg/detail/dds_fastrtps
[4.963s] -- Up-to-date: /home/sudhindra/irc_2025/arm_control/install/msg_interfaces/include/msg_interfaces/msg_interfaces/msg/detail/drive__rosidl_typesupport_fastrtps_cpp.hpp
[4.963s] -- Up-to-date: /home/sudhindra/irc_2025/arm_control/install/msg_interfaces/include/msg_interfaces/msg_interfaces/msg/detail/encoder_arm__rosidl_typesupport_fastrtps_cpp.hpp
[4.963s] -- Up-to-date: /home/sudhindra/irc_2025/arm_control/install/msg_interfaces/include/msg_interfaces/msg_interfaces/msg/detail/wrist_joint_velocity__rosidl_typesupport_fastrtps_cpp.hpp
[4.963s] -- Up-to-date: /home/sudhindra/irc_2025/arm_control/install/msg_interfaces/include/msg_interfaces/msg_interfaces/msg/detail/encoder_drive__rosidl_typesupport_fastrtps_cpp.hpp
[4.963s] -- Up-to-date: /home/sudhindra/irc_2025/arm_control/install/msg_interfaces/include/msg_interfaces/msg_interfaces/msg/detail/base_motion__rosidl_typesupport_fastrtps_cpp.hpp
[4.963s] -- Up-to-date: /home/sudhindra/irc_2025/arm_control/install/msg_interfaces/include/msg_interfaces/msg_interfaces/msg/detail/shoulder_joint_velocity__rosidl_typesupport_fastrtps_cpp.hpp
[4.963s] -- Up-to-date: /home/sudhindra/irc_2025/arm_control/install/msg_interfaces/include/msg_interfaces/msg_interfaces/msg/detail/arm_end_motion__rosidl_typesupport_fastrtps_cpp.hpp
[4.963s] -- Up-to-date: /home/sudhindra/irc_2025/arm_control/install/msg_interfaces/include/msg_interfaces/msg_interfaces/msg/detail/target_pose__rosidl_typesupport_fastrtps_cpp.hpp
[4.963s] -- Up-to-date: /home/sudhindra/irc_2025/arm_control/install/msg_interfaces/lib/libmsg_interfaces__rosidl_typesupport_fastrtps_cpp.so
[4.963s] -- Up-to-date: /home/sudhindra/irc_2025/arm_control/install/msg_interfaces/include/msg_interfaces/msg_interfaces
[4.964s] -- Up-to-date: /home/sudhindra/irc_2025/arm_control/install/msg_interfaces/include/msg_interfaces/msg_interfaces/msg
[4.964s] -- Up-to-date: /home/sudhindra/irc_2025/arm_control/install/msg_interfaces/include/msg_interfaces/msg_interfaces/msg/detail
[4.964s] -- Up-to-date: /home/sudhindra/irc_2025/arm_control/install/msg_interfaces/include/msg_interfaces/msg_interfaces/msg/detail/arm_end_motion__rosidl_typesupport_introspection_c.h
[4.964s] -- Up-to-date: /home/sudhindra/irc_2025/arm_control/install/msg_interfaces/include/msg_interfaces/msg_interfaces/msg/detail/shoulder_joint_velocity__rosidl_typesupport_introspection_c.h
[4.964s] -- Up-to-date: /home/sudhindra/irc_2025/arm_control/install/msg_interfaces/include/msg_interfaces/msg_interfaces/msg/detail/encoder_arm__type_support.c
[4.964s] -- Up-to-date: /home/sudhindra/irc_2025/arm_control/install/msg_interfaces/include/msg_interfaces/msg_interfaces/msg/detail/drive__type_support.c
[4.964s] -- Up-to-date: /home/sudhindra/irc_2025/arm_control/install/msg_interfaces/include/msg_interfaces/msg_interfaces/msg/detail/target_pose__type_support.c
[4.964s] -- Up-to-date: /home/sudhindra/irc_2025/arm_control/install/msg_interfaces/include/msg_interfaces/msg_interfaces/msg/detail/wrist_joint_velocity__rosidl_typesupport_introspection_c.h
[4.964s] -- Up-to-date: /home/sudhindra/irc_2025/arm_control/install/msg_interfaces/include/msg_interfaces/msg_interfaces/msg/detail/wrist_joint_velocity__type_support.c
[4.964s] -- Up-to-date: /home/sudhindra/irc_2025/arm_control/install/msg_interfaces/include/msg_interfaces/msg_interfaces/msg/detail/final_vel__type_support.c
[4.964s] -- Up-to-date: /home/sudhindra/irc_2025/arm_control/install/msg_interfaces/include/msg_interfaces/msg_interfaces/msg/detail/arm_angle__rosidl_typesupport_introspection_c.h
[4.964s] -- Up-to-date: /home/sudhindra/irc_2025/arm_control/install/msg_interfaces/include/msg_interfaces/msg_interfaces/msg/detail/arm_end_motion__type_support.c
[4.964s] -- Up-to-date: /home/sudhindra/irc_2025/arm_control/install/msg_interfaces/include/msg_interfaces/msg_interfaces/msg/detail/arm_angle__type_support.c
[4.964s] -- Up-to-date: /home/sudhindra/irc_2025/arm_control/install/msg_interfaces/include/msg_interfaces/msg_interfaces/msg/detail/encoder_drive__rosidl_typesupport_introspection_c.h
[4.964s] -- Up-to-date: /home/sudhindra/irc_2025/arm_control/install/msg_interfaces/include/msg_interfaces/msg_interfaces/msg/detail/target_pose__rosidl_typesupport_introspection_c.h
[4.964s] -- Up-to-date: /home/sudhindra/irc_2025/arm_control/install/msg_interfaces/include/msg_interfaces/msg_interfaces/msg/detail/base_motion__rosidl_typesupport_introspection_c.h
[4.964s] -- Up-to-date: /home/sudhindra/irc_2025/arm_control/install/msg_interfaces/include/msg_interfaces/msg_interfaces/msg/detail/encoder_arm__rosidl_typesupport_introspection_c.h
[4.964s] -- Up-to-date: /home/sudhindra/irc_2025/arm_control/install/msg_interfaces/include/msg_interfaces/msg_interfaces/msg/detail/drive__rosidl_typesupport_introspection_c.h
[4.964s] -- Up-to-date: /home/sudhindra/irc_2025/arm_control/install/msg_interfaces/include/msg_interfaces/msg_interfaces/msg/detail/final_vel__rosidl_typesupport_introspection_c.h
[4.964s] -- Up-to-date: /home/sudhindra/irc_2025/arm_control/install/msg_interfaces/include/msg_interfaces/msg_interfaces/msg/detail/base_motion__type_support.c
[4.964s] -- Up-to-date: /home/sudhindra/irc_2025/arm_control/install/msg_interfaces/include/msg_interfaces/msg_interfaces/msg/detail/encoder_drive__type_support.c
[4.965s] -- Up-to-date: /home/sudhindra/irc_2025/arm_control/install/msg_interfaces/include/msg_interfaces/msg_interfaces/msg/detail/shoulder_joint_velocity__type_support.c
[4.965s] -- Up-to-date: /home/sudhindra/irc_2025/arm_control/install/msg_interfaces/include/msg_interfaces/msg_interfaces/msg/rosidl_typesupport_introspection_c__visibility_control.h
[4.965s] -- Up-to-date: /home/sudhindra/irc_2025/arm_control/install/msg_interfaces/lib/libmsg_interfaces__rosidl_typesupport_introspection_c.so
[4.965s] -- Up-to-date: /home/sudhindra/irc_2025/arm_control/install/msg_interfaces/lib/libmsg_interfaces__rosidl_typesupport_c.so
[4.965s] -- Up-to-date: /home/sudhindra/irc_2025/arm_control/install/msg_interfaces/include/msg_interfaces/msg_interfaces
[4.965s] -- Up-to-date: /home/sudhindra/irc_2025/arm_control/install/msg_interfaces/include/msg_interfaces/msg_interfaces/msg
[4.965s] -- Up-to-date: /home/sudhindra/irc_2025/arm_control/install/msg_interfaces/include/msg_interfaces/msg_interfaces/msg/detail
[4.965s] -- Up-to-date: /home/sudhindra/irc_2025/arm_control/install/msg_interfaces/include/msg_interfaces/msg_interfaces/msg/detail/target_pose__rosidl_typesupport_introspection_cpp.hpp
[4.965s] -- Up-to-date: /home/sudhindra/irc_2025/arm_control/install/msg_interfaces/include/msg_interfaces/msg_interfaces/msg/detail/wrist_joint_velocity__rosidl_typesupport_introspection_cpp.hpp
[4.965s] -- Up-to-date: /home/sudhindra/irc_2025/arm_control/install/msg_interfaces/include/msg_interfaces/msg_interfaces/msg/detail/arm_end_motion__type_support.cpp
[4.965s] -- Up-to-date: /home/sudhindra/irc_2025/arm_control/install/msg_interfaces/include/msg_interfaces/msg_interfaces/msg/detail/arm_angle__type_support.cpp
[4.965s] -- Up-to-date: /home/sudhindra/irc_2025/arm_control/install/msg_interfaces/include/msg_interfaces/msg_interfaces/msg/detail/drive__type_support.cpp
[4.965s] -- Up-to-date: /home/sudhindra/irc_2025/arm_control/install/msg_interfaces/include/msg_interfaces/msg_interfaces/msg/detail/base_motion__rosidl_typesupport_introspection_cpp.hpp
[4.965s] -- Up-to-date: /home/sudhindra/irc_2025/arm_control/install/msg_interfaces/include/msg_interfaces/msg_interfaces/msg/detail/drive__rosidl_typesupport_introspection_cpp.hpp
[4.965s] -- Up-to-date: /home/sudhindra/irc_2025/arm_control/install/msg_interfaces/include/msg_interfaces/msg_interfaces/msg/detail/shoulder_joint_velocity__rosidl_typesupport_introspection_cpp.hpp
[4.965s] -- Up-to-date: /home/sudhindra/irc_2025/arm_control/install/msg_interfaces/include/msg_interfaces/msg_interfaces/msg/detail/shoulder_joint_velocity__type_support.cpp
[4.965s] -- Up-to-date: /home/sudhindra/irc_2025/arm_control/install/msg_interfaces/include/msg_interfaces/msg_interfaces/msg/detail/base_motion__type_support.cpp
[4.965s] -- Up-to-date: /home/sudhindra/irc_2025/arm_control/install/msg_interfaces/include/msg_interfaces/msg_interfaces/msg/detail/final_vel__type_support.cpp
[4.965s] -- Up-to-date: /home/sudhindra/irc_2025/arm_control/install/msg_interfaces/include/msg_interfaces/msg_interfaces/msg/detail/arm_angle__rosidl_typesupport_introspection_cpp.hpp
[4.965s] -- Up-to-date: /home/sudhindra/irc_2025/arm_control/install/msg_interfaces/include/msg_interfaces/msg_interfaces/msg/detail/arm_end_motion__rosidl_typesupport_introspection_cpp.hpp
[4.965s] -- Up-to-date: /home/sudhindra/irc_2025/arm_control/install/msg_interfaces/include/msg_interfaces/msg_interfaces/msg/detail/encoder_arm__rosidl_typesupport_introspection_cpp.hpp
[4.965s] -- Up-to-date: /home/sudhindra/irc_2025/arm_control/install/msg_interfaces/include/msg_interfaces/msg_interfaces/msg/detail/wrist_joint_velocity__type_support.cpp
[4.966s] -- Up-to-date: /home/sudhindra/irc_2025/arm_control/install/msg_interfaces/include/msg_interfaces/msg_interfaces/msg/detail/encoder_drive__type_support.cpp
[4.966s] -- Up-to-date: /home/sudhindra/irc_2025/arm_control/install/msg_interfaces/include/msg_interfaces/msg_interfaces/msg/detail/encoder_arm__type_support.cpp
[4.966s] -- Up-to-date: /home/sudhindra/irc_2025/arm_control/install/msg_interfaces/include/msg_interfaces/msg_interfaces/msg/detail/target_pose__type_support.cpp
[4.966s] -- Up-to-date: /home/sudhindra/irc_2025/arm_control/install/msg_interfaces/include/msg_interfaces/msg_interfaces/msg/detail/final_vel__rosidl_typesupport_introspection_cpp.hpp
[4.966s] -- Up-to-date: /home/sudhindra/irc_2025/arm_control/install/msg_interfaces/include/msg_interfaces/msg_interfaces/msg/detail/encoder_drive__rosidl_typesupport_introspection_cpp.hpp
[4.966s] -- Up-to-date: /home/sudhindra/irc_2025/arm_control/install/msg_interfaces/lib/libmsg_interfaces__rosidl_typesupport_introspection_cpp.so
[4.966s] -- Up-to-date: /home/sudhindra/irc_2025/arm_control/install/msg_interfaces/lib/libmsg_interfaces__rosidl_typesupport_cpp.so
[4.966s] -- Up-to-date: /home/sudhindra/irc_2025/arm_control/install/msg_interfaces/share/msg_interfaces/environment/pythonpath.sh
[4.966s] -- Installing: /home/sudhindra/irc_2025/arm_control/install/msg_interfaces/share/msg_interfaces/environment/pythonpath.dsv
[4.966s] -- Up-to-date: /home/sudhindra/irc_2025/arm_control/install/msg_interfaces/local/lib/python3.10/dist-packages/msg_interfaces-0.0.0-py3.10.egg-info
[4.966s] -- Installing: /home/sudhindra/irc_2025/arm_control/install/msg_interfaces/local/lib/python3.10/dist-packages/msg_interfaces-0.0.0-py3.10.egg-info/top_level.txt
[4.966s] -- Installing: /home/sudhindra/irc_2025/arm_control/install/msg_interfaces/local/lib/python3.10/dist-packages/msg_interfaces-0.0.0-py3.10.egg-info/SOURCES.txt
[4.966s] -- Installing: /home/sudhindra/irc_2025/arm_control/install/msg_interfaces/local/lib/python3.10/dist-packages/msg_interfaces-0.0.0-py3.10.egg-info/PKG-INFO
[4.966s] -- Installing: /home/sudhindra/irc_2025/arm_control/install/msg_interfaces/local/lib/python3.10/dist-packages/msg_interfaces-0.0.0-py3.10.egg-info/dependency_links.txt
[4.966s] -- Up-to-date: /home/sudhindra/irc_2025/arm_control/install/msg_interfaces/local/lib/python3.10/dist-packages/msg_interfaces
[4.966s] -- Up-to-date: /home/sudhindra/irc_2025/arm_control/install/msg_interfaces/local/lib/python3.10/dist-packages/msg_interfaces/_msg_interfaces_s.ep.rosidl_typesupport_c.c
[4.966s] -- Up-to-date: /home/sudhindra/irc_2025/arm_control/install/msg_interfaces/local/lib/python3.10/dist-packages/msg_interfaces/msg
[4.966s] -- Up-to-date: /home/sudhindra/irc_2025/arm_control/install/msg_interfaces/local/lib/python3.10/dist-packages/msg_interfaces/msg/_target_pose.py
[4.966s] -- Up-to-date: /home/sudhindra/irc_2025/arm_control/install/msg_interfaces/local/lib/python3.10/dist-packages/msg_interfaces/msg/_encoder_drive.py
[4.966s] -- Up-to-date: /home/sudhindra/irc_2025/arm_control/install/msg_interfaces/local/lib/python3.10/dist-packages/msg_interfaces/msg/_drive_s.c
[4.966s] -- Up-to-date: /home/sudhindra/irc_2025/arm_control/install/msg_interfaces/local/lib/python3.10/dist-packages/msg_interfaces/msg/_shoulder_joint_velocity.py
[4.966s] -- Up-to-date: /home/sudhindra/irc_2025/arm_control/install/msg_interfaces/local/lib/python3.10/dist-packages/msg_interfaces/msg/_final_vel_s.c
[4.966s] -- Up-to-date: /home/sudhindra/irc_2025/arm_control/install/msg_interfaces/local/lib/python3.10/dist-packages/msg_interfaces/msg/__init__.py
[4.967s] -- Up-to-date: /home/sudhindra/irc_2025/arm_control/install/msg_interfaces/local/lib/python3.10/dist-packages/msg_interfaces/msg/_base_motion_s.c
[4.967s] -- Up-to-date: /home/sudhindra/irc_2025/arm_control/install/msg_interfaces/local/lib/python3.10/dist-packages/msg_interfaces/msg/_shoulder_joint_velocity_s.c
[4.967s] -- Up-to-date: /home/sudhindra/irc_2025/arm_control/install/msg_interfaces/local/lib/python3.10/dist-packages/msg_interfaces/msg/_target_pose_s.c
[4.967s] -- Up-to-date: /home/sudhindra/irc_2025/arm_control/install/msg_interfaces/local/lib/python3.10/dist-packages/msg_interfaces/msg/_wrist_joint_velocity.py
[4.967s] -- Up-to-date: /home/sudhindra/irc_2025/arm_control/install/msg_interfaces/local/lib/python3.10/dist-packages/msg_interfaces/msg/_arm_angle_s.c
[4.967s] -- Up-to-date: /home/sudhindra/irc_2025/arm_control/install/msg_interfaces/local/lib/python3.10/dist-packages/msg_interfaces/msg/_encoder_arm_s.c
[4.967s] -- Up-to-date: /home/sudhindra/irc_2025/arm_control/install/msg_interfaces/local/lib/python3.10/dist-packages/msg_interfaces/msg/_final_vel.py
[4.967s] -- Up-to-date: /home/sudhindra/irc_2025/arm_control/install/msg_interfaces/local/lib/python3.10/dist-packages/msg_interfaces/msg/_arm_end_motion.py
[4.967s] -- Up-to-date: /home/sudhindra/irc_2025/arm_control/install/msg_interfaces/local/lib/python3.10/dist-packages/msg_interfaces/msg/_arm_end_motion_s.c
[4.967s] -- Up-to-date: /home/sudhindra/irc_2025/arm_control/install/msg_interfaces/local/lib/python3.10/dist-packages/msg_interfaces/msg/_arm_angle.py
[4.967s] -- Up-to-date: /home/sudhindra/irc_2025/arm_control/install/msg_interfaces/local/lib/python3.10/dist-packages/msg_interfaces/msg/_encoder_drive_s.c
[4.967s] -- Up-to-date: /home/sudhindra/irc_2025/arm_control/install/msg_interfaces/local/lib/python3.10/dist-packages/msg_interfaces/msg/_base_motion.py
[4.967s] -- Up-to-date: /home/sudhindra/irc_2025/arm_control/install/msg_interfaces/local/lib/python3.10/dist-packages/msg_interfaces/msg/_encoder_arm.py
[4.967s] -- Up-to-date: /home/sudhindra/irc_2025/arm_control/install/msg_interfaces/local/lib/python3.10/dist-packages/msg_interfaces/msg/_drive.py
[4.967s] -- Up-to-date: /home/sudhindra/irc_2025/arm_control/install/msg_interfaces/local/lib/python3.10/dist-packages/msg_interfaces/msg/_wrist_joint_velocity_s.c
[4.967s] -- Installing: /home/sudhindra/irc_2025/arm_control/install/msg_interfaces/local/lib/python3.10/dist-packages/msg_interfaces/__init__.py
[4.967s] -- Up-to-date: /home/sudhindra/irc_2025/arm_control/install/msg_interfaces/local/lib/python3.10/dist-packages/msg_interfaces/_msg_interfaces_s.ep.rosidl_typesupport_introspection_c.c
[4.967s] -- Up-to-date: /home/sudhindra/irc_2025/arm_control/install/msg_interfaces/local/lib/python3.10/dist-packages/msg_interfaces/msg_interfaces_s__rosidl_typesupport_c.cpython-310-x86_64-linux-gnu.so
[4.967s] -- Up-to-date: /home/sudhindra/irc_2025/arm_control/install/msg_interfaces/local/lib/python3.10/dist-packages/msg_interfaces/libmsg_interfaces__rosidl_generator_py.so
[4.967s] -- Up-to-date: /home/sudhindra/irc_2025/arm_control/install/msg_interfaces/local/lib/python3.10/dist-packages/msg_interfaces/_msg_interfaces_s.ep.rosidl_typesupport_fastrtps_c.c
[4.968s] -- Up-to-date: /home/sudhindra/irc_2025/arm_control/install/msg_interfaces/local/lib/python3.10/dist-packages/msg_interfaces/msg_interfaces_s__rosidl_typesupport_fastrtps_c.cpython-310-x86_64-linux-gnu.so
[4.968s] -- Up-to-date: /home/sudhindra/irc_2025/arm_control/install/msg_interfaces/local/lib/python3.10/dist-packages/msg_interfaces/msg_interfaces_s__rosidl_typesupport_introspection_c.cpython-310-x86_64-linux-gnu.so
[4.995s] Listing '/home/sudhindra/irc_2025/arm_control/install/msg_interfaces/local/lib/python3.10/dist-packages/msg_interfaces'...
[4.995s] Compiling '/home/sudhindra/irc_2025/arm_control/install/msg_interfaces/local/lib/python3.10/dist-packages/msg_interfaces/__init__.py'...
[4.995s] Listing '/home/sudhindra/irc_2025/arm_control/install/msg_interfaces/local/lib/python3.10/dist-packages/msg_interfaces/msg'...
[4.995s] Compiling '/home/sudhindra/irc_2025/arm_control/install/msg_interfaces/local/lib/python3.10/dist-packages/msg_interfaces/msg/__init__.py'...
[4.995s] Compiling '/home/sudhindra/irc_2025/arm_control/install/msg_interfaces/local/lib/python3.10/dist-packages/msg_interfaces/msg/_arm_angle.py'...
[4.995s] Compiling '/home/sudhindra/irc_2025/arm_control/install/msg_interfaces/local/lib/python3.10/dist-packages/msg_interfaces/msg/_arm_end_motion.py'...
[4.995s] Compiling '/home/sudhindra/irc_2025/arm_control/install/msg_interfaces/local/lib/python3.10/dist-packages/msg_interfaces/msg/_base_motion.py'...
[4.995s] Compiling '/home/sudhindra/irc_2025/arm_control/install/msg_interfaces/local/lib/python3.10/dist-packages/msg_interfaces/msg/_drive.py'...
[4.995s] Compiling '/home/sudhindra/irc_2025/arm_control/install/msg_interfaces/local/lib/python3.10/dist-packages/msg_interfaces/msg/_encoder_arm.py'...
[4.995s] Compiling '/home/sudhindra/irc_2025/arm_control/install/msg_interfaces/local/lib/python3.10/dist-packages/msg_interfaces/msg/_encoder_drive.py'...
[4.995s] Compiling '/home/sudhindra/irc_2025/arm_control/install/msg_interfaces/local/lib/python3.10/dist-packages/msg_interfaces/msg/_final_vel.py'...
[4.995s] Compiling '/home/sudhindra/irc_2025/arm_control/install/msg_interfaces/local/lib/python3.10/dist-packages/msg_interfaces/msg/_shoulder_joint_velocity.py'...
[4.995s] Compiling '/home/sudhindra/irc_2025/arm_control/install/msg_interfaces/local/lib/python3.10/dist-packages/msg_interfaces/msg/_target_pose.py'...
[4.995s] Compiling '/home/sudhindra/irc_2025/arm_control/install/msg_interfaces/local/lib/python3.10/dist-packages/msg_interfaces/msg/_wrist_joint_velocity.py'...
[4.999s] -- Up-to-date: /home/sudhindra/irc_2025/arm_control/install/msg_interfaces/local/lib/python3.10/dist-packages/msg_interfaces/msg_interfaces_s__rosidl_typesupport_fastrtps_c.cpython-310-x86_64-linux-gnu.so
[4.999s] -- Up-to-date: /home/sudhindra/irc_2025/arm_control/install/msg_interfaces/local/lib/python3.10/dist-packages/msg_interfaces/msg_interfaces_s__rosidl_typesupport_introspection_c.cpython-310-x86_64-linux-gnu.so
[4.999s] -- Up-to-date: /home/sudhindra/irc_2025/arm_control/install/msg_interfaces/local/lib/python3.10/dist-packages/msg_interfaces/msg_interfaces_s__rosidl_typesupport_c.cpython-310-x86_64-linux-gnu.so
[4.999s] -- Up-to-date: /home/sudhindra/irc_2025/arm_control/install/msg_interfaces/lib/libmsg_interfaces__rosidl_generator_py.so
[5.000s] -- Up-to-date: /home/sudhindra/irc_2025/arm_control/install/msg_interfaces/share/msg_interfaces/msg/Drive.idl
[5.000s] -- Up-to-date: /home/sudhindra/irc_2025/arm_control/install/msg_interfaces/share/msg_interfaces/msg/ArmEndMotion.idl
[5.000s] -- Up-to-date: /home/sudhindra/irc_2025/arm_control/install/msg_interfaces/share/msg_interfaces/msg/EncoderArm.idl
[5.000s] -- Up-to-date: /home/sudhindra/irc_2025/arm_control/install/msg_interfaces/share/msg_interfaces/msg/EncoderDrive.idl
[5.000s] -- Up-to-date: /home/sudhindra/irc_2025/arm_control/install/msg_interfaces/share/msg_interfaces/msg/ShoulderJointVelocity.idl
[5.000s] -- Up-to-date: /home/sudhindra/irc_2025/arm_control/install/msg_interfaces/share/msg_interfaces/msg/WristJointVelocity.idl
[5.000s] -- Up-to-date: /home/sudhindra/irc_2025/arm_control/install/msg_interfaces/share/msg_interfaces/msg/BaseMotion.idl
[5.000s] -- Up-to-date: /home/sudhindra/irc_2025/arm_control/install/msg_interfaces/share/msg_interfaces/msg/FinalVel.idl
[5.000s] -- Up-to-date: /home/sudhindra/irc_2025/arm_control/install/msg_interfaces/share/msg_interfaces/msg/TargetPose.idl
[5.000s] -- Up-to-date: /home/sudhindra/irc_2025/arm_control/install/msg_interfaces/share/msg_interfaces/msg/ArmAngle.idl
[5.001s] -- Up-to-date: /home/sudhindra/irc_2025/arm_control/install/msg_interfaces/share/msg_interfaces/msg/Drive.msg
[5.001s] -- Up-to-date: /home/sudhindra/irc_2025/arm_control/install/msg_interfaces/share/msg_interfaces/msg/ArmEndMotion.msg
[5.001s] -- Up-to-date: /home/sudhindra/irc_2025/arm_control/install/msg_interfaces/share/msg_interfaces/msg/EncoderArm.msg
[5.001s] -- Up-to-date: /home/sudhindra/irc_2025/arm_control/install/msg_interfaces/share/msg_interfaces/msg/EncoderDrive.msg
[5.001s] -- Up-to-date: /home/sudhindra/irc_2025/arm_control/install/msg_interfaces/share/msg_interfaces/msg/ShoulderJointVelocity.msg
[5.001s] -- Up-to-date: /home/sudhindra/irc_2025/arm_control/install/msg_interfaces/share/msg_interfaces/msg/WristJointVelocity.msg
[5.001s] -- Up-to-date: /home/sudhindra/irc_2025/arm_control/install/msg_interfaces/share/msg_interfaces/msg/BaseMotion.msg
[5.001s] -- Up-to-date: /home/sudhindra/irc_2025/arm_control/install/msg_interfaces/share/msg_interfaces/msg/FinalVel.msg
[5.001s] -- Up-to-date: /home/sudhindra/irc_2025/arm_control/install/msg_interfaces/share/msg_interfaces/msg/TargetPose.msg
[5.001s] -- Up-to-date: /home/sudhindra/irc_2025/arm_control/install/msg_interfaces/share/msg_interfaces/msg/ArmAngle.msg
[5.001s] -- Up-to-date: /home/sudhindra/irc_2025/arm_control/install/msg_interfaces/share/ament_index/resource_index/package_run_dependencies/msg_interfaces
[5.001s] -- Up-to-date: /home/sudhindra/irc_2025/arm_control/install/msg_interfaces/share/ament_index/resource_index/parent_prefix_path/msg_interfaces
[5.001s] -- Installing: /home/sudhindra/irc_2025/arm_control/install/msg_interfaces/share/msg_interfaces/environment/ament_prefix_path.sh
[5.001s] -- Installing: /home/sudhindra/irc_2025/arm_control/install/msg_interfaces/share/msg_interfaces/environment/ament_prefix_path.dsv
[5.001s] -- Installing: /home/sudhindra/irc_2025/arm_control/install/msg_interfaces/share/msg_interfaces/environment/path.sh
[5.001s] -- Installing: /home/sudhindra/irc_2025/arm_control/install/msg_interfaces/share/msg_interfaces/environment/path.dsv
[5.002s] -- Up-to-date: /home/sudhindra/irc_2025/arm_control/install/msg_interfaces/share/msg_interfaces/local_setup.bash
[5.002s] -- Up-to-date: /home/sudhindra/irc_2025/arm_control/install/msg_interfaces/share/msg_interfaces/local_setup.sh
[5.002s] -- Up-to-date: /home/sudhindra/irc_2025/arm_control/install/msg_interfaces/share/msg_interfaces/local_setup.zsh
[5.002s] -- Installing: /home/sudhindra/irc_2025/arm_control/install/msg_interfaces/share/msg_interfaces/local_setup.dsv
[5.002s] -- Installing: /home/sudhindra/irc_2025/arm_control/install/msg_interfaces/share/msg_interfaces/package.dsv
[5.002s] -- Up-to-date: /home/sudhindra/irc_2025/arm_control/install/msg_interfaces/share/ament_index/resource_index/packages/msg_interfaces
[5.002s] -- Up-to-date: /home/sudhindra/irc_2025/arm_control/install/msg_interfaces/share/msg_interfaces/cmake/export_msg_interfaces__rosidl_generator_cExport.cmake
[5.002s] -- Up-to-date: /home/sudhindra/irc_2025/arm_control/install/msg_interfaces/share/msg_interfaces/cmake/export_msg_interfaces__rosidl_generator_cExport-noconfig.cmake
[5.002s] -- Up-to-date: /home/sudhindra/irc_2025/arm_control/install/msg_interfaces/share/msg_interfaces/cmake/export_msg_interfaces__rosidl_typesupport_fastrtps_cExport.cmake
[5.002s] -- Up-to-date: /home/sudhindra/irc_2025/arm_control/install/msg_interfaces/share/msg_interfaces/cmake/export_msg_interfaces__rosidl_typesupport_fastrtps_cExport-noconfig.cmake
[5.002s] -- Up-to-date: /home/sudhindra/irc_2025/arm_control/install/msg_interfaces/share/msg_interfaces/cmake/export_msg_interfaces__rosidl_generator_cppExport.cmake
[5.002s] -- Up-to-date: /home/sudhindra/irc_2025/arm_control/install/msg_interfaces/share/msg_interfaces/cmake/export_msg_interfaces__rosidl_typesupport_fastrtps_cppExport.cmake
[5.002s] -- Up-to-date: /home/sudhindra/irc_2025/arm_control/install/msg_interfaces/share/msg_interfaces/cmake/export_msg_interfaces__rosidl_typesupport_fastrtps_cppExport-noconfig.cmake
[5.002s] -- Up-to-date: /home/sudhindra/irc_2025/arm_control/install/msg_interfaces/share/msg_interfaces/cmake/msg_interfaces__rosidl_typesupport_introspection_cExport.cmake
[5.002s] -- Up-to-date: /home/sudhindra/irc_2025/arm_control/install/msg_interfaces/share/msg_interfaces/cmake/msg_interfaces__rosidl_typesupport_introspection_cExport-noconfig.cmake
[5.002s] -- Up-to-date: /home/sudhindra/irc_2025/arm_control/install/msg_interfaces/share/msg_interfaces/cmake/msg_interfaces__rosidl_typesupport_cExport.cmake
[5.003s] -- Up-to-date: /home/sudhindra/irc_2025/arm_control/install/msg_interfaces/share/msg_interfaces/cmake/msg_interfaces__rosidl_typesupport_cExport-noconfig.cmake
[5.003s] -- Up-to-date: /home/sudhindra/irc_2025/arm_control/install/msg_interfaces/share/msg_interfaces/cmake/msg_interfaces__rosidl_typesupport_introspection_cppExport.cmake
[5.003s] -- Up-to-date: /home/sudhindra/irc_2025/arm_control/install/msg_interfaces/share/msg_interfaces/cmake/msg_interfaces__rosidl_typesupport_introspection_cppExport-noconfig.cmake
[5.003s] -- Up-to-date: /home/sudhindra/irc_2025/arm_control/install/msg_interfaces/share/msg_interfaces/cmake/msg_interfaces__rosidl_typesupport_cppExport.cmake
[5.003s] -- Up-to-date: /home/sudhindra/irc_2025/arm_control/install/msg_interfaces/share/msg_interfaces/cmake/msg_interfaces__rosidl_typesupport_cppExport-noconfig.cmake
[5.003s] -- Up-to-date: /home/sudhindra/irc_2025/arm_control/install/msg_interfaces/share/msg_interfaces/cmake/export_msg_interfaces__rosidl_generator_pyExport.cmake
[5.003s] -- Up-to-date: /home/sudhindra/irc_2025/arm_control/install/msg_interfaces/share/msg_interfaces/cmake/export_msg_interfaces__rosidl_generator_pyExport-noconfig.cmake
[5.003s] -- Up-to-date: /home/sudhindra/irc_2025/arm_control/install/msg_interfaces/share/msg_interfaces/cmake/rosidl_cmake-extras.cmake
[5.003s] -- Up-to-date: /home/sudhindra/irc_2025/arm_control/install/msg_interfaces/share/msg_interfaces/cmake/ament_cmake_export_dependencies-extras.cmake
[5.003s] -- Up-to-date: /home/sudhindra/irc_2025/arm_control/install/msg_interfaces/share/msg_interfaces/cmake/ament_cmake_export_include_directories-extras.cmake
[5.003s] -- Up-to-date: /home/sudhindra/irc_2025/arm_control/install/msg_interfaces/share/msg_interfaces/cmake/ament_cmake_export_libraries-extras.cmake
[5.003s] -- Up-to-date: /home/sudhindra/irc_2025/arm_control/install/msg_interfaces/share/msg_interfaces/cmake/ament_cmake_export_targets-extras.cmake
[5.003s] -- Up-to-date: /home/sudhindra/irc_2025/arm_control/install/msg_interfaces/share/msg_interfaces/cmake/rosidl_cmake_export_typesupport_targets-extras.cmake
[5.003s] -- Up-to-date: /home/sudhindra/irc_2025/arm_control/install/msg_interfaces/share/msg_interfaces/cmake/rosidl_cmake_export_typesupport_libraries-extras.cmake
[5.003s] -- Up-to-date: /home/sudhindra/irc_2025/arm_control/install/msg_interfaces/share/msg_interfaces/cmake/msg_interfacesConfig.cmake
[5.003s] -- Up-to-date: /home/sudhindra/irc_2025/arm_control/install/msg_interfaces/share/msg_interfaces/cmake/msg_interfacesConfig-version.cmake
[5.003s] -- Up-to-date: /home/sudhindra/irc_2025/arm_control/install/msg_interfaces/share/msg_interfaces/package.xml
[5.005s] Invoked command in '/home/sudhindra/irc/arm_control/build/msg_interfaces' returned '0': CMAKE_PREFIX_PATH=${CMAKE_PREFIX_PATH}:/opt/ros/humble /usr/bin/cmake --install /home/sudhindra/irc/arm_control/build/msg_interfaces
