[0.562s] Invoking command in '/home/siddhant/irc_rover_controls_2025/arm_control/src/joint_control': PYTHONPATH=/home/siddhant/irc_rover_controls_2025/arm_control/build/joint_control/prefix_override:/usr/lib/python3/dist-packages/colcon_core/task/python/colcon_distutils_commands:/home/siddhant/irc_rover_controls_2025/arm_control/install/joint_control/lib/python3.10/site-packages:${PYTHONPATH} /usr/bin/python3 -W ignore:setup.py install is deprecated -W ignore:easy_install command is deprecated setup.py egg_info --egg-base ../../build/joint_control build --build-base /home/siddhant/irc_rover_controls_2025/arm_control/build/joint_control/build install --record /home/siddhant/irc_rover_controls_2025/arm_control/build/joint_control/install.log --single-version-externally-managed install_data
[0.707s] running egg_info
[0.715s] creating ../../build/joint_control/joint_control.egg-info
[0.715s] writing ../../build/joint_control/joint_control.egg-info/PKG-INFO
[0.715s] writing dependency_links to ../../build/joint_control/joint_control.egg-info/dependency_links.txt
[0.715s] writing entry points to ../../build/joint_control/joint_control.egg-info/entry_points.txt
[0.716s] writing requirements to ../../build/joint_control/joint_control.egg-info/requires.txt
[0.716s] writing top-level names to ../../build/joint_control/joint_control.egg-info/top_level.txt
[0.716s] writing manifest file '../../build/joint_control/joint_control.egg-info/SOURCES.txt'
[0.733s] reading manifest file '../../build/joint_control/joint_control.egg-info/SOURCES.txt'
[0.734s] writing manifest file '../../build/joint_control/joint_control.egg-info/SOURCES.txt'
[0.734s] running build
[0.734s] running build_py
[0.734s] creating /home/siddhant/irc_rover_controls_2025/arm_control/build/joint_control/build/lib/joint_control
[0.734s] copying joint_control/pos_control_elbow.py -> /home/siddhant/irc_rover_controls_2025/arm_control/build/joint_control/build/lib/joint_control
[0.734s] copying joint_control/__init__.py -> /home/siddhant/irc_rover_controls_2025/arm_control/build/joint_control/build/lib/joint_control
[0.734s] copying joint_control/full_command.py -> /home/siddhant/irc_rover_controls_2025/arm_control/build/joint_control/build/lib/joint_control
[0.734s] copying joint_control/pos_control_shoulder.py -> /home/siddhant/irc_rover_controls_2025/arm_control/build/joint_control/build/lib/joint_control
[0.734s] running install
[0.737s] running install_lib
[0.745s] creating /home/siddhant/irc_rover_controls_2025/arm_control/install/joint_control/lib/python3.10/site-packages/joint_control
[0.745s] copying /home/siddhant/irc_rover_controls_2025/arm_control/build/joint_control/build/lib/joint_control/pos_control_elbow.py -> /home/siddhant/irc_rover_controls_2025/arm_control/install/joint_control/lib/python3.10/site-packages/joint_control
[0.746s] copying /home/siddhant/irc_rover_controls_2025/arm_control/build/joint_control/build/lib/joint_control/__init__.py -> /home/siddhant/irc_rover_controls_2025/arm_control/install/joint_control/lib/python3.10/site-packages/joint_control
[0.746s] copying /home/siddhant/irc_rover_controls_2025/arm_control/build/joint_control/build/lib/joint_control/full_command.py -> /home/siddhant/irc_rover_controls_2025/arm_control/install/joint_control/lib/python3.10/site-packages/joint_control
[0.746s] copying /home/siddhant/irc_rover_controls_2025/arm_control/build/joint_control/build/lib/joint_control/pos_control_shoulder.py -> /home/siddhant/irc_rover_controls_2025/arm_control/install/joint_control/lib/python3.10/site-packages/joint_control
[0.746s] byte-compiling /home/siddhant/irc_rover_controls_2025/arm_control/install/joint_control/lib/python3.10/site-packages/joint_control/pos_control_elbow.py to pos_control_elbow.cpython-310.pyc
[0.747s] byte-compiling /home/siddhant/irc_rover_controls_2025/arm_control/install/joint_control/lib/python3.10/site-packages/joint_control/__init__.py to __init__.cpython-310.pyc
[0.747s] byte-compiling /home/siddhant/irc_rover_controls_2025/arm_control/install/joint_control/lib/python3.10/site-packages/joint_control/full_command.py to full_command.cpython-310.pyc
[0.748s] byte-compiling /home/siddhant/irc_rover_controls_2025/arm_control/install/joint_control/lib/python3.10/site-packages/joint_control/pos_control_shoulder.py to pos_control_shoulder.cpython-310.pyc
[0.748s] running install_data
[0.748s] creating /home/siddhant/irc_rover_controls_2025/arm_control/install/joint_control/share/ament_index/resource_index/packages
[0.748s] copying resource/joint_control -> /home/siddhant/irc_rover_controls_2025/arm_control/install/joint_control/share/ament_index/resource_index/packages
[0.749s] copying package.xml -> /home/siddhant/irc_rover_controls_2025/arm_control/install/joint_control/share/joint_control
[0.749s] running install_egg_info
[0.757s] Copying ../../build/joint_control/joint_control.egg-info to /home/siddhant/irc_rover_controls_2025/arm_control/install/joint_control/lib/python3.10/site-packages/joint_control-0.0.0-py3.10.egg-info
[0.758s] running install_scripts
[0.824s] Installing full_command script to /home/siddhant/irc_rover_controls_2025/arm_control/install/joint_control/lib/joint_control
[0.825s] Installing pos_control_elbow script to /home/siddhant/irc_rover_controls_2025/arm_control/install/joint_control/lib/joint_control
[0.825s] Installing pos_control_shoulder script to /home/siddhant/irc_rover_controls_2025/arm_control/install/joint_control/lib/joint_control
[0.825s] writing list of installed files to '/home/siddhant/irc_rover_controls_2025/arm_control/build/joint_control/install.log'
[0.841s] Invoked command in '/home/siddhant/irc_rover_controls_2025/arm_control/src/joint_control' returned '0': PYTHONPATH=/home/siddhant/irc_rover_controls_2025/arm_control/build/joint_control/prefix_override:/usr/lib/python3/dist-packages/colcon_core/task/python/colcon_distutils_commands:/home/siddhant/irc_rover_controls_2025/arm_control/install/joint_control/lib/python3.10/site-packages:${PYTHONPATH} /usr/bin/python3 -W ignore:setup.py install is deprecated -W ignore:easy_install command is deprecated setup.py egg_info --egg-base ../../build/joint_control build --build-base /home/siddhant/irc_rover_controls_2025/arm_control/build/joint_control/build install --record /home/siddhant/irc_rover_controls_2025/arm_control/build/joint_control/install.log --single-version-externally-managed install_data
