[0.198s] DEBUG:colcon:Command line arguments: ['/usr/bin/colcon', 'list', '-p', '--base-paths', '/home/sudhindra/irc_2025/drive_control']
[0.198s] DEBUG:colcon:Parsed command line arguments: Namespace(log_base=None, log_level=None, verb_name='list', build_base='build', ignore_user_meta=False, metas=['./colcon.meta'], base_paths=['/home/sudhindra/irc_2025/drive_control'], packages_ignore=None, packages_ignore_regex=None, paths=None, packages_up_to=None, packages_up_to_regex=None, packages_above=None, packages_above_and_dependencies=None, packages_above_depth=None, packages_select_by_dep=None, packages_skip_by_dep=None, packages_skip_up_to=None, packages_select_build_failed=False, packages_skip_build_finished=False, packages_select_test_failures=False, packages_skip_test_passed=False, packages_select=None, packages_skip=None, packages_select_regex=None, packages_skip_regex=None, packages_start=None, packages_end=None, allow_overriding=[], topological_order=False, names_only=False, paths_only=True, topological_graph=False, topological_graph_dot=False, topological_graph_density=False, topological_graph_legend=False, topological_graph_dot_cluster=False, topological_graph_dot_include_skipped=False, mixin_files=None, mixin=None, verb_parser=<colcon_mixin.mixin.mixin_argument.MixinArgumentDecorator object at 0x6fff73c7d2a0>, verb_extension=<colcon_package_information.verb.list.ListVerb object at 0x6fff73c7c6d0>, main=<bound method ListVerb.main of <colcon_package_information.verb.list.ListVerb object at 0x6fff73c7c6d0>>, mixin_verb=('list',))
[0.521s] Level 1:colcon.colcon_core.package_discovery:discover_packages(colcon_meta) check parameters
[0.521s] Level 1:colcon.colcon_core.package_discovery:discover_packages(recursive) check parameters
[0.521s] Level 1:colcon.colcon_core.package_discovery:discover_packages(ignore) check parameters
[0.521s] Level 1:colcon.colcon_core.package_discovery:discover_packages(path) check parameters
[0.521s] Level 1:colcon.colcon_core.package_discovery:discover_packages(recursive) discover
[0.521s] INFO:colcon.colcon_core.package_discovery:Crawling recursively for packages in '/home/sudhindra/irc_2025/drive_control'
[0.522s] Level 1:colcon.colcon_core.package_identification:_identify(/home/sudhindra/irc_2025/drive_control) by extensions ['ignore', 'ignore_ament_install']
[0.522s] Level 1:colcon.colcon_core.package_identification:_identify(/home/sudhindra/irc_2025/drive_control) by extension 'ignore'
[0.522s] Level 1:colcon.colcon_core.package_identification:_identify(/home/sudhindra/irc_2025/drive_control) by extension 'ignore_ament_install'
[0.522s] Level 1:colcon.colcon_core.package_identification:_identify(/home/sudhindra/irc_2025/drive_control) by extensions ['colcon_pkg']
[0.522s] Level 1:colcon.colcon_core.package_identification:_identify(/home/sudhindra/irc_2025/drive_control) by extension 'colcon_pkg'
[0.522s] Level 1:colcon.colcon_core.package_identification:_identify(/home/sudhindra/irc_2025/drive_control) by extensions ['colcon_meta']
[0.522s] Level 1:colcon.colcon_core.package_identification:_identify(/home/sudhindra/irc_2025/drive_control) by extension 'colcon_meta'
[0.522s] Level 1:colcon.colcon_core.package_identification:_identify(/home/sudhindra/irc_2025/drive_control) by extensions ['ros']
[0.522s] Level 1:colcon.colcon_core.package_identification:_identify(/home/sudhindra/irc_2025/drive_control) by extension 'ros'
[0.545s] Level 1:colcon.colcon_core.package_identification:_identify(/home/sudhindra/irc_2025/drive_control) by extensions ['cmake', 'python']
[0.545s] Level 1:colcon.colcon_core.package_identification:_identify(/home/sudhindra/irc_2025/drive_control) by extension 'cmake'
[0.545s] Level 1:colcon.colcon_core.package_identification:_identify(/home/sudhindra/irc_2025/drive_control) by extension 'python'
[0.546s] Level 1:colcon.colcon_core.package_identification:_identify(/home/sudhindra/irc_2025/drive_control) by extensions ['python_setup_py']
[0.546s] Level 1:colcon.colcon_core.package_identification:_identify(/home/sudhindra/irc_2025/drive_control) by extension 'python_setup_py'
[0.546s] Level 1:colcon.colcon_core.package_identification:_identify(/home/sudhindra/irc_2025/drive_control/build) by extensions ['ignore', 'ignore_ament_install']
[0.546s] Level 1:colcon.colcon_core.package_identification:_identify(/home/sudhindra/irc_2025/drive_control/build) by extension 'ignore'
[0.546s] Level 1:colcon.colcon_core.package_identification:_identify(/home/sudhindra/irc_2025/drive_control/build) ignored
[0.546s] Level 1:colcon.colcon_core.package_identification:_identify(/home/sudhindra/irc_2025/drive_control/install) by extensions ['ignore', 'ignore_ament_install']
[0.547s] Level 1:colcon.colcon_core.package_identification:_identify(/home/sudhindra/irc_2025/drive_control/install) by extension 'ignore'
[0.547s] Level 1:colcon.colcon_core.package_identification:_identify(/home/sudhindra/irc_2025/drive_control/install) ignored
[0.547s] Level 1:colcon.colcon_core.package_identification:_identify(/home/sudhindra/irc_2025/drive_control/log) by extensions ['ignore', 'ignore_ament_install']
[0.547s] Level 1:colcon.colcon_core.package_identification:_identify(/home/sudhindra/irc_2025/drive_control/log) by extension 'ignore'
[0.547s] Level 1:colcon.colcon_core.package_identification:_identify(/home/sudhindra/irc_2025/drive_control/log) ignored
[0.547s] Level 1:colcon.colcon_core.package_identification:_identify(/home/sudhindra/irc_2025/drive_control/src) by extensions ['ignore', 'ignore_ament_install']
[0.548s] Level 1:colcon.colcon_core.package_identification:_identify(/home/sudhindra/irc_2025/drive_control/src) by extension 'ignore'
[0.548s] Level 1:colcon.colcon_core.package_identification:_identify(/home/sudhindra/irc_2025/drive_control/src) by extension 'ignore_ament_install'
[0.548s] Level 1:colcon.colcon_core.package_identification:_identify(/home/sudhindra/irc_2025/drive_control/src) by extensions ['colcon_pkg']
[0.548s] Level 1:colcon.colcon_core.package_identification:_identify(/home/sudhindra/irc_2025/drive_control/src) by extension 'colcon_pkg'
[0.548s] Level 1:colcon.colcon_core.package_identification:_identify(/home/sudhindra/irc_2025/drive_control/src) by extensions ['colcon_meta']
[0.548s] Level 1:colcon.colcon_core.package_identification:_identify(/home/sudhindra/irc_2025/drive_control/src) by extension 'colcon_meta'
[0.548s] Level 1:colcon.colcon_core.package_identification:_identify(/home/sudhindra/irc_2025/drive_control/src) by extensions ['ros']
[0.548s] Level 1:colcon.colcon_core.package_identification:_identify(/home/sudhindra/irc_2025/drive_control/src) by extension 'ros'
[0.548s] Level 1:colcon.colcon_core.package_identification:_identify(/home/sudhindra/irc_2025/drive_control/src) by extensions ['cmake', 'python']
[0.549s] Level 1:colcon.colcon_core.package_identification:_identify(/home/sudhindra/irc_2025/drive_control/src) by extension 'cmake'
[0.549s] Level 1:colcon.colcon_core.package_identification:_identify(/home/sudhindra/irc_2025/drive_control/src) by extension 'python'
[0.549s] Level 1:colcon.colcon_core.package_identification:_identify(/home/sudhindra/irc_2025/drive_control/src) by extensions ['python_setup_py']
[0.549s] Level 1:colcon.colcon_core.package_identification:_identify(/home/sudhindra/irc_2025/drive_control/src) by extension 'python_setup_py'
[0.549s] Level 1:colcon.colcon_core.package_identification:_identify(/home/sudhindra/irc_2025/drive_control/src/differential) by extensions ['ignore', 'ignore_ament_install']
[0.549s] Level 1:colcon.colcon_core.package_identification:_identify(/home/sudhindra/irc_2025/drive_control/src/differential) by extension 'ignore'
[0.549s] Level 1:colcon.colcon_core.package_identification:_identify(/home/sudhindra/irc_2025/drive_control/src/differential) by extension 'ignore_ament_install'
[0.550s] Level 1:colcon.colcon_core.package_identification:_identify(/home/sudhindra/irc_2025/drive_control/src/differential) by extensions ['colcon_pkg']
[0.550s] Level 1:colcon.colcon_core.package_identification:_identify(/home/sudhindra/irc_2025/drive_control/src/differential) by extension 'colcon_pkg'
[0.550s] Level 1:colcon.colcon_core.package_identification:_identify(/home/sudhindra/irc_2025/drive_control/src/differential) by extensions ['colcon_meta']
[0.550s] Level 1:colcon.colcon_core.package_identification:_identify(/home/sudhindra/irc_2025/drive_control/src/differential) by extension 'colcon_meta'
[0.550s] Level 1:colcon.colcon_core.package_identification:_identify(/home/sudhindra/irc_2025/drive_control/src/differential) by extensions ['ros']
[0.550s] Level 1:colcon.colcon_core.package_identification:_identify(/home/sudhindra/irc_2025/drive_control/src/differential) by extension 'ros'
[0.579s] DEBUG:colcon.colcon_core.package_identification:Package '/home/sudhindra/irc_2025/drive_control/src/differential' with type 'ros.ament_python' and name 'differential'
[0.580s] Level 1:colcon.colcon_core.package_identification:_identify(/home/sudhindra/irc_2025/drive_control/src/msg_interfaces) by extensions ['ignore', 'ignore_ament_install']
[0.580s] Level 1:colcon.colcon_core.package_identification:_identify(/home/sudhindra/irc_2025/drive_control/src/msg_interfaces) by extension 'ignore'
[0.580s] Level 1:colcon.colcon_core.package_identification:_identify(/home/sudhindra/irc_2025/drive_control/src/msg_interfaces) by extension 'ignore_ament_install'
[0.580s] Level 1:colcon.colcon_core.package_identification:_identify(/home/sudhindra/irc_2025/drive_control/src/msg_interfaces) by extensions ['colcon_pkg']
[0.580s] Level 1:colcon.colcon_core.package_identification:_identify(/home/sudhindra/irc_2025/drive_control/src/msg_interfaces) by extension 'colcon_pkg'
[0.580s] Level 1:colcon.colcon_core.package_identification:_identify(/home/sudhindra/irc_2025/drive_control/src/msg_interfaces) by extensions ['colcon_meta']
[0.580s] Level 1:colcon.colcon_core.package_identification:_identify(/home/sudhindra/irc_2025/drive_control/src/msg_interfaces) by extension 'colcon_meta'
[0.580s] Level 1:colcon.colcon_core.package_identification:_identify(/home/sudhindra/irc_2025/drive_control/src/msg_interfaces) by extensions ['ros']
[0.580s] Level 1:colcon.colcon_core.package_identification:_identify(/home/sudhindra/irc_2025/drive_control/src/msg_interfaces) by extension 'ros'
[0.581s] DEBUG:colcon.colcon_core.package_identification:Package '/home/sudhindra/irc_2025/drive_control/src/msg_interfaces' with type 'ros.ament_cmake' and name 'msg_interfaces'
[0.582s] Level 1:colcon.colcon_core.package_discovery:discover_packages(recursive) using defaults
