[0.126s] Invoking command in '/home/siddhant/irc_rover_controls_2025/drive_control/build/msg_interfaces': CMAKE_PREFIX_PATH=/opt/ros/humble /usr/bin/cmake /home/siddhant/irc_rover_controls_2025/drive_control/src/msg_interfaces -DCMAKE_INSTALL_PREFIX=/home/siddhant/irc_rover_controls_2025/drive_control/install/msg_interfaces
[0.178s] -- The C compiler identification is GNU 11.4.0
[0.216s] -- The CXX compiler identification is GNU 11.4.0
[0.221s] -- Detecting C compiler ABI info
[0.272s] -- Detecting C compiler ABI info - done
[0.279s] -- Check for working C compiler: /usr/bin/cc - skipped
[0.279s] -- Detecting C compile features
[0.279s] -- Detecting C compile features - done
[0.281s] -- Detecting CXX compiler ABI info
[0.339s] -- Detecting CXX compiler ABI info - done
[0.343s] -- Check for working CXX compiler: /usr/bin/c++ - skipped
[0.343s] -- Detecting CXX compile features
[0.343s] -- Detecting CXX compile features - done
[0.345s] -- Found ament_cmake: 1.3.11 (/opt/ros/humble/share/ament_cmake/cmake)
[0.584s] -- Found Python3: /usr/bin/python3 (found version "3.10.12") found components: Interpreter 
[0.642s] -- Found geometry_msgs: 4.8.0 (/opt/ros/humble/share/geometry_msgs/cmake)
[0.662s] -- Found rosidl_generator_c: 3.1.6 (/opt/ros/humble/share/rosidl_generator_c/cmake)
[0.665s] -- Found rosidl_adapter: 3.1.6 (/opt/ros/humble/share/rosidl_adapter/cmake)
[0.671s] -- Found rosidl_generator_cpp: 3.1.6 (/opt/ros/humble/share/rosidl_generator_cpp/cmake)
[0.677s] -- Using all available rosidl_typesupport_c: rosidl_typesupport_fastrtps_c;rosidl_typesupport_introspection_c
[0.686s] -- Using all available rosidl_typesupport_cpp: rosidl_typesupport_fastrtps_cpp;rosidl_typesupport_introspection_cpp
[0.709s] -- Found rosidl_default_generators: 1.2.0 (/opt/ros/humble/share/rosidl_default_generators/cmake)
[0.904s] -- Found ament_cmake_ros: 0.10.0 (/opt/ros/humble/share/ament_cmake_ros/cmake)
[1.158s] -- Using all available rosidl_typesupport_c: rosidl_typesupport_fastrtps_c;rosidl_typesupport_introspection_c
[1.249s] -- Using all available rosidl_typesupport_cpp: rosidl_typesupport_fastrtps_cpp;rosidl_typesupport_introspection_cpp
[1.263s] -- Found PythonInterp: /usr/bin/python3 (found suitable version "3.10.12", minimum required is "3.6") 
[1.264s] -- Found python_cmake_module: 0.10.0 (/opt/ros/humble/share/python_cmake_module/cmake)
[1.280s] -- Found PythonLibs: /usr/lib/x86_64-linux-gnu/libpython3.10.so (found suitable version "3.10.12", minimum required is "3.5") 
[1.280s] -- Using PYTHON_EXECUTABLE: /usr/bin/python3
[1.280s] -- Using PYTHON_INCLUDE_DIRS: /usr/include/python3.10
[1.280s] -- Using PYTHON_LIBRARIES: /usr/lib/x86_64-linux-gnu/libpython3.10.so
[1.295s] -- Found PythonExtra: .so  
[1.328s] -- Found ament_lint_auto: 0.12.12 (/opt/ros/humble/share/ament_lint_auto/cmake)
[1.336s] -- Added test 'lint_cmake' to check CMake code style
[1.336s] -- Added test 'xmllint' to check XML markup files
[1.337s] -- Configuring done
[1.361s] -- Generating done
[1.369s] -- Build files have been written to: /home/siddhant/irc_rover_controls_2025/drive_control/build/msg_interfaces
[1.379s] Invoked command in '/home/siddhant/irc_rover_controls_2025/drive_control/build/msg_interfaces' returned '0': CMAKE_PREFIX_PATH=/opt/ros/humble /usr/bin/cmake /home/siddhant/irc_rover_controls_2025/drive_control/src/msg_interfaces -DCMAKE_INSTALL_PREFIX=/home/siddhant/irc_rover_controls_2025/drive_control/install/msg_interfaces
[1.379s] Invoking command in '/home/siddhant/irc_rover_controls_2025/drive_control/build/msg_interfaces': CMAKE_PREFIX_PATH=/opt/ros/humble /usr/bin/cmake --build /home/siddhant/irc_rover_controls_2025/drive_control/build/msg_interfaces -- -j22 -l22
[1.414s] [  1%] [34m[1mGenerating C code for ROS interfaces[0m
[1.423s] [  2%] [34m[1mGenerating C++ code for ROS interfaces[0m
[1.430s] [  2%] Built target ament_cmake_python_copy_msg_interfaces
[1.558s] running egg_info
[1.567s] creating msg_interfaces.egg-info
[1.567s] writing msg_interfaces.egg-info/PKG-INFO
[1.568s] writing dependency_links to msg_interfaces.egg-info/dependency_links.txt
[1.568s] writing top-level names to msg_interfaces.egg-info/top_level.txt
[1.568s] writing manifest file 'msg_interfaces.egg-info/SOURCES.txt'
[1.593s] reading manifest file 'msg_interfaces.egg-info/SOURCES.txt'
[1.594s] writing manifest file 'msg_interfaces.egg-info/SOURCES.txt'
[1.618s] [  2%] Built target ament_cmake_python_build_msg_interfaces_egg
[1.723s] [  5%] [32mBuilding C object CMakeFiles/msg_interfaces__rosidl_generator_c.dir/rosidl_generator_c/msg_interfaces/msg/detail/encoder_arm__functions.c.o[0m
[1.723s] [  5%] [32mBuilding C object CMakeFiles/msg_interfaces__rosidl_generator_c.dir/rosidl_generator_c/msg_interfaces/msg/detail/encoder_drive__functions.c.o[0m
[1.724s] [  7%] [32mBuilding C object CMakeFiles/msg_interfaces__rosidl_generator_c.dir/rosidl_generator_c/msg_interfaces/msg/detail/arm_end_motion__functions.c.o[0m
[1.725s] [  8%] [32mBuilding C object CMakeFiles/msg_interfaces__rosidl_generator_c.dir/rosidl_generator_c/msg_interfaces/msg/detail/cam_drive__functions.c.o[0m
[1.725s] [  9%] [32mBuilding C object CMakeFiles/msg_interfaces__rosidl_generator_c.dir/rosidl_generator_c/msg_interfaces/msg/detail/drive__functions.c.o[0m
[1.725s] [ 11%] [32mBuilding C object CMakeFiles/msg_interfaces__rosidl_generator_c.dir/rosidl_generator_c/msg_interfaces/msg/detail/motor_six__functions.c.o[0m
[1.769s] [ 11%] Built target msg_interfaces__cpp
[1.771s] [ 12%] [32m[1mLinking C shared library libmsg_interfaces__rosidl_generator_c.so[0m
[1.776s] [ 14%] [34m[1mGenerating C++ type support for eProsima Fast-RTPS[0m
[1.776s] [ 15%] [34m[1mGenerating C++ type support dispatch for ROS interfaces[0m
[1.778s] [ 16%] [34m[1mGenerating C++ introspection for ROS interfaces[0m
[1.798s] [ 16%] Built target msg_interfaces__rosidl_generator_c
[1.806s] [ 18%] [34m[1mGenerating C introspection for ROS interfaces[0m
[1.807s] [ 21%] [34m[1mGenerating C type support dispatch for ROS interfaces[0m
[1.807s] [ 21%] [34m[1mGenerating C type support for eProsima Fast-RTPS[0m
[2.029s] [ 25%] [32mBuilding CXX object CMakeFiles/msg_interfaces__rosidl_typesupport_cpp.dir/rosidl_typesupport_cpp/msg_interfaces/msg/motor_six__type_support.cpp.o[0m
[2.029s] [ 25%] [32mBuilding CXX object CMakeFiles/msg_interfaces__rosidl_typesupport_cpp.dir/rosidl_typesupport_cpp/msg_interfaces/msg/drive__type_support.cpp.o[0m
[2.029s] [ 26%] [32mBuilding CXX object CMakeFiles/msg_interfaces__rosidl_typesupport_cpp.dir/rosidl_typesupport_cpp/msg_interfaces/msg/cam_drive__type_support.cpp.o[0m
[2.029s] [ 26%] [32mBuilding CXX object CMakeFiles/msg_interfaces__rosidl_typesupport_cpp.dir/rosidl_typesupport_cpp/msg_interfaces/msg/arm_end_motion__type_support.cpp.o[0m
[2.029s] [ 28%] [32mBuilding CXX object CMakeFiles/msg_interfaces__rosidl_typesupport_cpp.dir/rosidl_typesupport_cpp/msg_interfaces/msg/encoder_arm__type_support.cpp.o[0m
[2.029s] [ 29%] [32mBuilding CXX object CMakeFiles/msg_interfaces__rosidl_typesupport_cpp.dir/rosidl_typesupport_cpp/msg_interfaces/msg/encoder_drive__type_support.cpp.o[0m
[2.050s] [ 33%] [32mBuilding CXX object CMakeFiles/msg_interfaces__rosidl_typesupport_c.dir/rosidl_typesupport_c/msg_interfaces/msg/cam_drive__type_support.cpp.o[0m
[2.050s] [ 33%] [32mBuilding CXX object CMakeFiles/msg_interfaces__rosidl_typesupport_c.dir/rosidl_typesupport_c/msg_interfaces/msg/arm_end_motion__type_support.cpp.o[0m
[2.050s] [ 33%] [32mBuilding CXX object CMakeFiles/msg_interfaces__rosidl_typesupport_c.dir/rosidl_typesupport_c/msg_interfaces/msg/drive__type_support.cpp.o[0m
[2.052s] [ 35%] [32mBuilding CXX object CMakeFiles/msg_interfaces__rosidl_typesupport_c.dir/rosidl_typesupport_c/msg_interfaces/msg/encoder_drive__type_support.cpp.o[0m
[2.052s] [ 36%] [32mBuilding CXX object CMakeFiles/msg_interfaces__rosidl_typesupport_c.dir/rosidl_typesupport_c/msg_interfaces/msg/encoder_arm__type_support.cpp.o[0m
[2.052s] [ 38%] [32mBuilding CXX object CMakeFiles/msg_interfaces__rosidl_typesupport_c.dir/rosidl_typesupport_c/msg_interfaces/msg/motor_six__type_support.cpp.o[0m
[2.062s] [ 39%] [32mBuilding CXX object CMakeFiles/msg_interfaces__rosidl_typesupport_introspection_cpp.dir/rosidl_typesupport_introspection_cpp/msg_interfaces/msg/detail/motor_six__type_support.cpp.o[0m
[2.062s] [ 40%] [32mBuilding CXX object CMakeFiles/msg_interfaces__rosidl_typesupport_introspection_cpp.dir/rosidl_typesupport_introspection_cpp/msg_interfaces/msg/detail/drive__type_support.cpp.o[0m
[2.062s] [ 42%] [32mBuilding CXX object CMakeFiles/msg_interfaces__rosidl_typesupport_introspection_cpp.dir/rosidl_typesupport_introspection_cpp/msg_interfaces/msg/detail/encoder_arm__type_support.cpp.o[0m
[2.065s] [ 43%] [32mBuilding CXX object CMakeFiles/msg_interfaces__rosidl_typesupport_introspection_cpp.dir/rosidl_typesupport_introspection_cpp/msg_interfaces/msg/detail/cam_drive__type_support.cpp.o[0m
[2.066s] [ 45%] [32mBuilding CXX object CMakeFiles/msg_interfaces__rosidl_typesupport_introspection_cpp.dir/rosidl_typesupport_introspection_cpp/msg_interfaces/msg/detail/encoder_drive__type_support.cpp.o[0m
[2.066s] [ 46%] [32mBuilding CXX object CMakeFiles/msg_interfaces__rosidl_typesupport_introspection_cpp.dir/rosidl_typesupport_introspection_cpp/msg_interfaces/msg/detail/arm_end_motion__type_support.cpp.o[0m
[2.103s] [ 47%] [32m[1mLinking CXX shared library libmsg_interfaces__rosidl_typesupport_c.so[0m
[2.125s] [ 50%] [32mBuilding CXX object CMakeFiles/msg_interfaces__rosidl_typesupport_fastrtps_cpp.dir/rosidl_typesupport_fastrtps_cpp/msg_interfaces/msg/detail/dds_fastrtps/encoder_arm__type_support.cpp.o[0m
[2.126s] [ 50%] [32mBuilding CXX object CMakeFiles/msg_interfaces__rosidl_typesupport_fastrtps_cpp.dir/rosidl_typesupport_fastrtps_cpp/msg_interfaces/msg/detail/dds_fastrtps/drive__type_support.cpp.o[0m
[2.126s] [ 52%] [32mBuilding CXX object CMakeFiles/msg_interfaces__rosidl_typesupport_fastrtps_cpp.dir/rosidl_typesupport_fastrtps_cpp/msg_interfaces/msg/detail/dds_fastrtps/motor_six__type_support.cpp.o[0m
[2.126s] [ 53%] [32mBuilding CXX object CMakeFiles/msg_interfaces__rosidl_typesupport_fastrtps_cpp.dir/rosidl_typesupport_fastrtps_cpp/msg_interfaces/msg/detail/dds_fastrtps/cam_drive__type_support.cpp.o[0m
[2.126s] [ 54%] [32mBuilding CXX object CMakeFiles/msg_interfaces__rosidl_typesupport_fastrtps_cpp.dir/rosidl_typesupport_fastrtps_cpp/msg_interfaces/msg/detail/dds_fastrtps/arm_end_motion__type_support.cpp.o[0m
[2.128s] [ 56%] [32mBuilding CXX object CMakeFiles/msg_interfaces__rosidl_typesupport_fastrtps_cpp.dir/rosidl_typesupport_fastrtps_cpp/msg_interfaces/msg/detail/dds_fastrtps/encoder_drive__type_support.cpp.o[0m
[2.170s] [ 56%] Built target msg_interfaces__rosidl_typesupport_c
[2.219s] [ 57%] [32mBuilding CXX object CMakeFiles/msg_interfaces__rosidl_typesupport_fastrtps_c.dir/rosidl_typesupport_fastrtps_c/msg_interfaces/msg/detail/drive__type_support_c.cpp.o[0m
[2.221s] [ 59%] [32mBuilding CXX object CMakeFiles/msg_interfaces__rosidl_typesupport_fastrtps_c.dir/rosidl_typesupport_fastrtps_c/msg_interfaces/msg/detail/arm_end_motion__type_support_c.cpp.o[0m
[2.235s] [ 60%] [32mBuilding CXX object CMakeFiles/msg_interfaces__rosidl_typesupport_fastrtps_c.dir/rosidl_typesupport_fastrtps_c/msg_interfaces/msg/detail/cam_drive__type_support_c.cpp.o[0m
[2.366s] [ 61%] [32mBuilding CXX object CMakeFiles/msg_interfaces__rosidl_typesupport_fastrtps_c.dir/rosidl_typesupport_fastrtps_c/msg_interfaces/msg/detail/motor_six__type_support_c.cpp.o[0m
[2.372s] [ 63%] [32mBuilding CXX object CMakeFiles/msg_interfaces__rosidl_typesupport_fastrtps_c.dir/rosidl_typesupport_fastrtps_c/msg_interfaces/msg/detail/encoder_arm__type_support_c.cpp.o[0m
[2.372s] [ 64%] [32mBuilding CXX object CMakeFiles/msg_interfaces__rosidl_typesupport_fastrtps_c.dir/rosidl_typesupport_fastrtps_c/msg_interfaces/msg/detail/encoder_drive__type_support_c.cpp.o[0m
[2.403s] [ 66%] [32mBuilding C object CMakeFiles/msg_interfaces__rosidl_typesupport_introspection_c.dir/rosidl_typesupport_introspection_c/msg_interfaces/msg/detail/drive__type_support.c.o[0m
[2.411s] [ 67%] [32mBuilding C object CMakeFiles/msg_interfaces__rosidl_typesupport_introspection_c.dir/rosidl_typesupport_introspection_c/msg_interfaces/msg/detail/arm_end_motion__type_support.c.o[0m
[2.412s] [ 69%] [32mBuilding C object CMakeFiles/msg_interfaces__rosidl_typesupport_introspection_c.dir/rosidl_typesupport_introspection_c/msg_interfaces/msg/detail/cam_drive__type_support.c.o[0m
[2.450s] [ 70%] [32m[1mLinking CXX shared library libmsg_interfaces__rosidl_typesupport_cpp.so[0m
[2.467s] [ 71%] [32mBuilding C object CMakeFiles/msg_interfaces__rosidl_typesupport_introspection_c.dir/rosidl_typesupport_introspection_c/msg_interfaces/msg/detail/motor_six__type_support.c.o[0m
[2.472s] [ 73%] [32mBuilding C object CMakeFiles/msg_interfaces__rosidl_typesupport_introspection_c.dir/rosidl_typesupport_introspection_c/msg_interfaces/msg/detail/encoder_arm__type_support.c.o[0m
[2.513s] [ 73%] Built target msg_interfaces__rosidl_typesupport_cpp
[2.514s] [ 74%] [32mBuilding C object CMakeFiles/msg_interfaces__rosidl_typesupport_introspection_c.dir/rosidl_typesupport_introspection_c/msg_interfaces/msg/detail/encoder_drive__type_support.c.o[0m
[2.568s] [ 76%] [32m[1mLinking C shared library libmsg_interfaces__rosidl_typesupport_introspection_c.so[0m
[2.600s] [ 76%] Built target msg_interfaces__rosidl_typesupport_introspection_c
[2.608s] [ 77%] [32m[1mLinking CXX shared library libmsg_interfaces__rosidl_typesupport_introspection_cpp.so[0m
[2.665s] [ 77%] Built target msg_interfaces__rosidl_typesupport_introspection_cpp
[2.689s] [ 78%] [32m[1mLinking CXX shared library libmsg_interfaces__rosidl_typesupport_fastrtps_cpp.so[0m
[2.743s] [ 78%] Built target msg_interfaces__rosidl_typesupport_fastrtps_cpp
[2.748s] [ 80%] [32m[1mLinking CXX shared library libmsg_interfaces__rosidl_typesupport_fastrtps_c.so[0m
[2.797s] [ 80%] Built target msg_interfaces__rosidl_typesupport_fastrtps_c
[2.811s] [ 80%] Built target msg_interfaces
[2.829s] [ 81%] [34m[1mGenerating Python code for ROS interfaces[0m
[3.323s] [ 81%] Built target msg_interfaces__py
[3.336s] [ 83%] [32mBuilding C object CMakeFiles/msg_interfaces__rosidl_generator_py.dir/rosidl_generator_py/msg_interfaces/msg/_encoder_arm_s.c.o[0m
[3.336s] [ 84%] [32mBuilding C object CMakeFiles/msg_interfaces__rosidl_generator_py.dir/rosidl_generator_py/msg_interfaces/msg/_encoder_drive_s.c.o[0m
[3.338s] [ 88%] [32mBuilding C object CMakeFiles/msg_interfaces__rosidl_generator_py.dir/rosidl_generator_py/msg_interfaces/msg/_cam_drive_s.c.o[0m
[3.338s] [ 88%] [32mBuilding C object CMakeFiles/msg_interfaces__rosidl_generator_py.dir/rosidl_generator_py/msg_interfaces/msg/_drive_s.c.o[0m
[3.338s] [ 88%] [32mBuilding C object CMakeFiles/msg_interfaces__rosidl_generator_py.dir/rosidl_generator_py/msg_interfaces/msg/_arm_end_motion_s.c.o[0m
[3.338s] [ 90%] [32mBuilding C object CMakeFiles/msg_interfaces__rosidl_generator_py.dir/rosidl_generator_py/msg_interfaces/msg/_motor_six_s.c.o[0m
[3.432s] [ 91%] [32m[1mLinking C shared library rosidl_generator_py/msg_interfaces/libmsg_interfaces__rosidl_generator_py.so[0m
[3.462s] [ 91%] Built target msg_interfaces__rosidl_generator_py
[3.479s] [ 92%] [32mBuilding C object CMakeFiles/msg_interfaces__rosidl_typesupport_fastrtps_c__pyext.dir/rosidl_generator_py/msg_interfaces/_msg_interfaces_s.ep.rosidl_typesupport_fastrtps_c.c.o[0m
[3.479s] [ 95%] [32mBuilding C object CMakeFiles/msg_interfaces__rosidl_typesupport_c__pyext.dir/rosidl_generator_py/msg_interfaces/_msg_interfaces_s.ep.rosidl_typesupport_c.c.o[0m
[3.479s] [ 95%] [32mBuilding C object CMakeFiles/msg_interfaces__rosidl_typesupport_introspection_c__pyext.dir/rosidl_generator_py/msg_interfaces/_msg_interfaces_s.ep.rosidl_typesupport_introspection_c.c.o[0m
[3.547s] [ 97%] [32m[1mLinking C shared library rosidl_generator_py/msg_interfaces/msg_interfaces_s__rosidl_typesupport_fastrtps_c.cpython-310-x86_64-linux-gnu.so[0m
[3.549s] [100%] [32m[1mLinking C shared library rosidl_generator_py/msg_interfaces/msg_interfaces_s__rosidl_typesupport_c.cpython-310-x86_64-linux-gnu.so[0m
[3.549s] [100%] [32m[1mLinking C shared library rosidl_generator_py/msg_interfaces/msg_interfaces_s__rosidl_typesupport_introspection_c.cpython-310-x86_64-linux-gnu.so[0m
[3.577s] [100%] Built target msg_interfaces__rosidl_typesupport_fastrtps_c__pyext
[3.579s] [100%] Built target msg_interfaces__rosidl_typesupport_introspection_c__pyext
[3.583s] [100%] Built target msg_interfaces__rosidl_typesupport_c__pyext
[3.593s] Invoked command in '/home/siddhant/irc_rover_controls_2025/drive_control/build/msg_interfaces' returned '0': CMAKE_PREFIX_PATH=/opt/ros/humble /usr/bin/cmake --build /home/siddhant/irc_rover_controls_2025/drive_control/build/msg_interfaces -- -j22 -l22
[3.602s] Invoking command in '/home/siddhant/irc_rover_controls_2025/drive_control/build/msg_interfaces': CMAKE_PREFIX_PATH=/opt/ros/humble /usr/bin/cmake --install /home/siddhant/irc_rover_controls_2025/drive_control/build/msg_interfaces
[3.609s] -- Install configuration: ""
[3.609s] -- Installing: /home/siddhant/irc_rover_controls_2025/drive_control/install/msg_interfaces/share/ament_index/resource_index/rosidl_interfaces/msg_interfaces
[3.610s] -- Installing: /home/siddhant/irc_rover_controls_2025/drive_control/install/msg_interfaces/include/msg_interfaces/msg_interfaces
[3.610s] -- Installing: /home/siddhant/irc_rover_controls_2025/drive_control/install/msg_interfaces/include/msg_interfaces/msg_interfaces/msg
[3.610s] -- Installing: /home/siddhant/irc_rover_controls_2025/drive_control/install/msg_interfaces/include/msg_interfaces/msg_interfaces/msg/motor_six.h
[3.610s] -- Installing: /home/siddhant/irc_rover_controls_2025/drive_control/install/msg_interfaces/include/msg_interfaces/msg_interfaces/msg/encoder_arm.h
[3.610s] -- Installing: /home/siddhant/irc_rover_controls_2025/drive_control/install/msg_interfaces/include/msg_interfaces/msg_interfaces/msg/cam_drive.h
[3.610s] -- Installing: /home/siddhant/irc_rover_controls_2025/drive_control/install/msg_interfaces/include/msg_interfaces/msg_interfaces/msg/rosidl_generator_c__visibility_control.h
[3.610s] -- Installing: /home/siddhant/irc_rover_controls_2025/drive_control/install/msg_interfaces/include/msg_interfaces/msg_interfaces/msg/drive.h
[3.610s] -- Installing: /home/siddhant/irc_rover_controls_2025/drive_control/install/msg_interfaces/include/msg_interfaces/msg_interfaces/msg/encoder_drive.h
[3.610s] -- Installing: /home/siddhant/irc_rover_controls_2025/drive_control/install/msg_interfaces/include/msg_interfaces/msg_interfaces/msg/arm_end_motion.h
[3.610s] -- Installing: /home/siddhant/irc_rover_controls_2025/drive_control/install/msg_interfaces/include/msg_interfaces/msg_interfaces/msg/detail
[3.610s] -- Installing: /home/siddhant/irc_rover_controls_2025/drive_control/install/msg_interfaces/include/msg_interfaces/msg_interfaces/msg/detail/encoder_arm__type_support.h
[3.610s] -- Installing: /home/siddhant/irc_rover_controls_2025/drive_control/install/msg_interfaces/include/msg_interfaces/msg_interfaces/msg/detail/cam_drive__struct.h
[3.611s] -- Installing: /home/siddhant/irc_rover_controls_2025/drive_control/install/msg_interfaces/include/msg_interfaces/msg_interfaces/msg/detail/arm_end_motion__type_support.h
[3.611s] -- Installing: /home/siddhant/irc_rover_controls_2025/drive_control/install/msg_interfaces/include/msg_interfaces/msg_interfaces/msg/detail/encoder_drive__functions.c
[3.611s] -- Installing: /home/siddhant/irc_rover_controls_2025/drive_control/install/msg_interfaces/include/msg_interfaces/msg_interfaces/msg/detail/encoder_drive__struct.h
[3.611s] -- Installing: /home/siddhant/irc_rover_controls_2025/drive_control/install/msg_interfaces/include/msg_interfaces/msg_interfaces/msg/detail/encoder_drive__type_support.h
[3.611s] -- Installing: /home/siddhant/irc_rover_controls_2025/drive_control/install/msg_interfaces/include/msg_interfaces/msg_interfaces/msg/detail/cam_drive__functions.h
[3.611s] -- Installing: /home/siddhant/irc_rover_controls_2025/drive_control/install/msg_interfaces/include/msg_interfaces/msg_interfaces/msg/detail/arm_end_motion__functions.h
[3.611s] -- Installing: /home/siddhant/irc_rover_controls_2025/drive_control/install/msg_interfaces/include/msg_interfaces/msg_interfaces/msg/detail/encoder_arm__struct.h
[3.611s] -- Installing: /home/siddhant/irc_rover_controls_2025/drive_control/install/msg_interfaces/include/msg_interfaces/msg_interfaces/msg/detail/encoder_drive__functions.h
[3.611s] -- Installing: /home/siddhant/irc_rover_controls_2025/drive_control/install/msg_interfaces/include/msg_interfaces/msg_interfaces/msg/detail/arm_end_motion__functions.c
[3.611s] -- Installing: /home/siddhant/irc_rover_controls_2025/drive_control/install/msg_interfaces/include/msg_interfaces/msg_interfaces/msg/detail/drive__functions.c
[3.611s] -- Installing: /home/siddhant/irc_rover_controls_2025/drive_control/install/msg_interfaces/include/msg_interfaces/msg_interfaces/msg/detail/cam_drive__functions.c
[3.611s] -- Installing: /home/siddhant/irc_rover_controls_2025/drive_control/install/msg_interfaces/include/msg_interfaces/msg_interfaces/msg/detail/drive__functions.h
[3.612s] -- Installing: /home/siddhant/irc_rover_controls_2025/drive_control/install/msg_interfaces/include/msg_interfaces/msg_interfaces/msg/detail/drive__type_support.h
[3.612s] -- Installing: /home/siddhant/irc_rover_controls_2025/drive_control/install/msg_interfaces/include/msg_interfaces/msg_interfaces/msg/detail/motor_six__struct.h
[3.612s] -- Installing: /home/siddhant/irc_rover_controls_2025/drive_control/install/msg_interfaces/include/msg_interfaces/msg_interfaces/msg/detail/motor_six__functions.c
[3.612s] -- Installing: /home/siddhant/irc_rover_controls_2025/drive_control/install/msg_interfaces/include/msg_interfaces/msg_interfaces/msg/detail/encoder_arm__functions.h
[3.612s] -- Installing: /home/siddhant/irc_rover_controls_2025/drive_control/install/msg_interfaces/include/msg_interfaces/msg_interfaces/msg/detail/arm_end_motion__struct.h
[3.612s] -- Installing: /home/siddhant/irc_rover_controls_2025/drive_control/install/msg_interfaces/include/msg_interfaces/msg_interfaces/msg/detail/motor_six__type_support.h
[3.612s] -- Installing: /home/siddhant/irc_rover_controls_2025/drive_control/install/msg_interfaces/include/msg_interfaces/msg_interfaces/msg/detail/cam_drive__type_support.h
[3.612s] -- Installing: /home/siddhant/irc_rover_controls_2025/drive_control/install/msg_interfaces/include/msg_interfaces/msg_interfaces/msg/detail/encoder_arm__functions.c
[3.612s] -- Installing: /home/siddhant/irc_rover_controls_2025/drive_control/install/msg_interfaces/include/msg_interfaces/msg_interfaces/msg/detail/motor_six__functions.h
[3.612s] -- Installing: /home/siddhant/irc_rover_controls_2025/drive_control/install/msg_interfaces/include/msg_interfaces/msg_interfaces/msg/detail/drive__struct.h
[3.612s] -- Installing: /home/siddhant/irc_rover_controls_2025/drive_control/install/msg_interfaces/share/msg_interfaces/environment/library_path.sh
[3.612s] -- Installing: /home/siddhant/irc_rover_controls_2025/drive_control/install/msg_interfaces/share/msg_interfaces/environment/library_path.dsv
[3.613s] -- Installing: /home/siddhant/irc_rover_controls_2025/drive_control/install/msg_interfaces/lib/libmsg_interfaces__rosidl_generator_c.so
[3.613s] -- Set runtime path of "/home/siddhant/irc_rover_controls_2025/drive_control/install/msg_interfaces/lib/libmsg_interfaces__rosidl_generator_c.so" to ""
[3.613s] -- Up-to-date: /home/siddhant/irc_rover_controls_2025/drive_control/install/msg_interfaces/include/msg_interfaces/msg_interfaces
[3.613s] -- Up-to-date: /home/siddhant/irc_rover_controls_2025/drive_control/install/msg_interfaces/include/msg_interfaces/msg_interfaces/msg
[3.613s] -- Installing: /home/siddhant/irc_rover_controls_2025/drive_control/install/msg_interfaces/include/msg_interfaces/msg_interfaces/msg/rosidl_typesupport_fastrtps_c__visibility_control.h
[3.613s] -- Up-to-date: /home/siddhant/irc_rover_controls_2025/drive_control/install/msg_interfaces/include/msg_interfaces/msg_interfaces/msg/detail
[3.613s] -- Installing: /home/siddhant/irc_rover_controls_2025/drive_control/install/msg_interfaces/include/msg_interfaces/msg_interfaces/msg/detail/motor_six__rosidl_typesupport_fastrtps_c.h
[3.613s] -- Installing: /home/siddhant/irc_rover_controls_2025/drive_control/install/msg_interfaces/include/msg_interfaces/msg_interfaces/msg/detail/cam_drive__rosidl_typesupport_fastrtps_c.h
[3.613s] -- Installing: /home/siddhant/irc_rover_controls_2025/drive_control/install/msg_interfaces/include/msg_interfaces/msg_interfaces/msg/detail/drive__rosidl_typesupport_fastrtps_c.h
[3.613s] -- Installing: /home/siddhant/irc_rover_controls_2025/drive_control/install/msg_interfaces/include/msg_interfaces/msg_interfaces/msg/detail/encoder_arm__rosidl_typesupport_fastrtps_c.h
[3.613s] -- Installing: /home/siddhant/irc_rover_controls_2025/drive_control/install/msg_interfaces/include/msg_interfaces/msg_interfaces/msg/detail/arm_end_motion__rosidl_typesupport_fastrtps_c.h
[3.614s] -- Installing: /home/siddhant/irc_rover_controls_2025/drive_control/install/msg_interfaces/include/msg_interfaces/msg_interfaces/msg/detail/encoder_drive__rosidl_typesupport_fastrtps_c.h
[3.614s] -- Installing: /home/siddhant/irc_rover_controls_2025/drive_control/install/msg_interfaces/lib/libmsg_interfaces__rosidl_typesupport_fastrtps_c.so
[3.614s] -- Set runtime path of "/home/siddhant/irc_rover_controls_2025/drive_control/install/msg_interfaces/lib/libmsg_interfaces__rosidl_typesupport_fastrtps_c.so" to ""
[3.614s] -- Up-to-date: /home/siddhant/irc_rover_controls_2025/drive_control/install/msg_interfaces/include/msg_interfaces/msg_interfaces
[3.614s] -- Up-to-date: /home/siddhant/irc_rover_controls_2025/drive_control/install/msg_interfaces/include/msg_interfaces/msg_interfaces/msg
[3.614s] -- Installing: /home/siddhant/irc_rover_controls_2025/drive_control/install/msg_interfaces/include/msg_interfaces/msg_interfaces/msg/encoder_arm.hpp
[3.614s] -- Installing: /home/siddhant/irc_rover_controls_2025/drive_control/install/msg_interfaces/include/msg_interfaces/msg_interfaces/msg/motor_six.hpp
[3.614s] -- Installing: /home/siddhant/irc_rover_controls_2025/drive_control/install/msg_interfaces/include/msg_interfaces/msg_interfaces/msg/rosidl_generator_cpp__visibility_control.hpp
[3.614s] -- Installing: /home/siddhant/irc_rover_controls_2025/drive_control/install/msg_interfaces/include/msg_interfaces/msg_interfaces/msg/drive.hpp
[3.614s] -- Installing: /home/siddhant/irc_rover_controls_2025/drive_control/install/msg_interfaces/include/msg_interfaces/msg_interfaces/msg/arm_end_motion.hpp
[3.614s] -- Installing: /home/siddhant/irc_rover_controls_2025/drive_control/install/msg_interfaces/include/msg_interfaces/msg_interfaces/msg/cam_drive.hpp
[3.614s] -- Up-to-date: /home/siddhant/irc_rover_controls_2025/drive_control/install/msg_interfaces/include/msg_interfaces/msg_interfaces/msg/detail
[3.615s] -- Installing: /home/siddhant/irc_rover_controls_2025/drive_control/install/msg_interfaces/include/msg_interfaces/msg_interfaces/msg/detail/cam_drive__builder.hpp
[3.615s] -- Installing: /home/siddhant/irc_rover_controls_2025/drive_control/install/msg_interfaces/include/msg_interfaces/msg_interfaces/msg/detail/drive__struct.hpp
[3.615s] -- Installing: /home/siddhant/irc_rover_controls_2025/drive_control/install/msg_interfaces/include/msg_interfaces/msg_interfaces/msg/detail/drive__traits.hpp
[3.615s] -- Installing: /home/siddhant/irc_rover_controls_2025/drive_control/install/msg_interfaces/include/msg_interfaces/msg_interfaces/msg/detail/encoder_drive__builder.hpp
[3.615s] -- Installing: /home/siddhant/irc_rover_controls_2025/drive_control/install/msg_interfaces/include/msg_interfaces/msg_interfaces/msg/detail/drive__type_support.hpp
[3.615s] -- Installing: /home/siddhant/irc_rover_controls_2025/drive_control/install/msg_interfaces/include/msg_interfaces/msg_interfaces/msg/detail/encoder_arm__struct.hpp
[3.615s] -- Installing: /home/siddhant/irc_rover_controls_2025/drive_control/install/msg_interfaces/include/msg_interfaces/msg_interfaces/msg/detail/arm_end_motion__struct.hpp
[3.615s] -- Installing: /home/siddhant/irc_rover_controls_2025/drive_control/install/msg_interfaces/include/msg_interfaces/msg_interfaces/msg/detail/encoder_drive__type_support.hpp
[3.615s] -- Installing: /home/siddhant/irc_rover_controls_2025/drive_control/install/msg_interfaces/include/msg_interfaces/msg_interfaces/msg/detail/drive__builder.hpp
[3.615s] -- Installing: /home/siddhant/irc_rover_controls_2025/drive_control/install/msg_interfaces/include/msg_interfaces/msg_interfaces/msg/detail/encoder_arm__traits.hpp
[3.615s] -- Installing: /home/siddhant/irc_rover_controls_2025/drive_control/install/msg_interfaces/include/msg_interfaces/msg_interfaces/msg/detail/encoder_drive__traits.hpp
[3.615s] -- Installing: /home/siddhant/irc_rover_controls_2025/drive_control/install/msg_interfaces/include/msg_interfaces/msg_interfaces/msg/detail/motor_six__type_support.hpp
[3.615s] -- Installing: /home/siddhant/irc_rover_controls_2025/drive_control/install/msg_interfaces/include/msg_interfaces/msg_interfaces/msg/detail/cam_drive__struct.hpp
[3.616s] -- Installing: /home/siddhant/irc_rover_controls_2025/drive_control/install/msg_interfaces/include/msg_interfaces/msg_interfaces/msg/detail/encoder_arm__type_support.hpp
[3.616s] -- Installing: /home/siddhant/irc_rover_controls_2025/drive_control/install/msg_interfaces/include/msg_interfaces/msg_interfaces/msg/detail/arm_end_motion__builder.hpp
[3.616s] -- Installing: /home/siddhant/irc_rover_controls_2025/drive_control/install/msg_interfaces/include/msg_interfaces/msg_interfaces/msg/detail/encoder_drive__struct.hpp
[3.616s] -- Installing: /home/siddhant/irc_rover_controls_2025/drive_control/install/msg_interfaces/include/msg_interfaces/msg_interfaces/msg/detail/cam_drive__type_support.hpp
[3.616s] -- Installing: /home/siddhant/irc_rover_controls_2025/drive_control/install/msg_interfaces/include/msg_interfaces/msg_interfaces/msg/detail/cam_drive__traits.hpp
[3.616s] -- Installing: /home/siddhant/irc_rover_controls_2025/drive_control/install/msg_interfaces/include/msg_interfaces/msg_interfaces/msg/detail/arm_end_motion__type_support.hpp
[3.616s] -- Installing: /home/siddhant/irc_rover_controls_2025/drive_control/install/msg_interfaces/include/msg_interfaces/msg_interfaces/msg/detail/motor_six__struct.hpp
[3.616s] -- Installing: /home/siddhant/irc_rover_controls_2025/drive_control/install/msg_interfaces/include/msg_interfaces/msg_interfaces/msg/detail/encoder_arm__builder.hpp
[3.616s] -- Installing: /home/siddhant/irc_rover_controls_2025/drive_control/install/msg_interfaces/include/msg_interfaces/msg_interfaces/msg/detail/motor_six__builder.hpp
[3.616s] -- Installing: /home/siddhant/irc_rover_controls_2025/drive_control/install/msg_interfaces/include/msg_interfaces/msg_interfaces/msg/detail/arm_end_motion__traits.hpp
[3.616s] -- Installing: /home/siddhant/irc_rover_controls_2025/drive_control/install/msg_interfaces/include/msg_interfaces/msg_interfaces/msg/detail/motor_six__traits.hpp
[3.616s] -- Installing: /home/siddhant/irc_rover_controls_2025/drive_control/install/msg_interfaces/include/msg_interfaces/msg_interfaces/msg/encoder_drive.hpp
[3.617s] -- Up-to-date: /home/siddhant/irc_rover_controls_2025/drive_control/install/msg_interfaces/include/msg_interfaces/msg_interfaces
[3.617s] -- Up-to-date: /home/siddhant/irc_rover_controls_2025/drive_control/install/msg_interfaces/include/msg_interfaces/msg_interfaces/msg
[3.617s] -- Up-to-date: /home/siddhant/irc_rover_controls_2025/drive_control/install/msg_interfaces/include/msg_interfaces/msg_interfaces/msg/detail
[3.617s] -- Installing: /home/siddhant/irc_rover_controls_2025/drive_control/install/msg_interfaces/include/msg_interfaces/msg_interfaces/msg/detail/drive__rosidl_typesupport_fastrtps_cpp.hpp
[3.617s] -- Installing: /home/siddhant/irc_rover_controls_2025/drive_control/install/msg_interfaces/include/msg_interfaces/msg_interfaces/msg/detail/motor_six__rosidl_typesupport_fastrtps_cpp.hpp
[3.617s] -- Installing: /home/siddhant/irc_rover_controls_2025/drive_control/install/msg_interfaces/include/msg_interfaces/msg_interfaces/msg/detail/arm_end_motion__rosidl_typesupport_fastrtps_cpp.hpp
[3.617s] -- Installing: /home/siddhant/irc_rover_controls_2025/drive_control/install/msg_interfaces/include/msg_interfaces/msg_interfaces/msg/detail/cam_drive__rosidl_typesupport_fastrtps_cpp.hpp
[3.617s] -- Installing: /home/siddhant/irc_rover_controls_2025/drive_control/install/msg_interfaces/include/msg_interfaces/msg_interfaces/msg/detail/encoder_arm__rosidl_typesupport_fastrtps_cpp.hpp
[3.617s] -- Installing: /home/siddhant/irc_rover_controls_2025/drive_control/install/msg_interfaces/include/msg_interfaces/msg_interfaces/msg/detail/dds_fastrtps
[3.617s] -- Installing: /home/siddhant/irc_rover_controls_2025/drive_control/install/msg_interfaces/include/msg_interfaces/msg_interfaces/msg/detail/encoder_drive__rosidl_typesupport_fastrtps_cpp.hpp
[3.617s] -- Installing: /home/siddhant/irc_rover_controls_2025/drive_control/install/msg_interfaces/include/msg_interfaces/msg_interfaces/msg/rosidl_typesupport_fastrtps_cpp__visibility_control.h
[3.617s] -- Installing: /home/siddhant/irc_rover_controls_2025/drive_control/install/msg_interfaces/lib/libmsg_interfaces__rosidl_typesupport_fastrtps_cpp.so
[3.618s] -- Set runtime path of "/home/siddhant/irc_rover_controls_2025/drive_control/install/msg_interfaces/lib/libmsg_interfaces__rosidl_typesupport_fastrtps_cpp.so" to ""
[3.618s] -- Up-to-date: /home/siddhant/irc_rover_controls_2025/drive_control/install/msg_interfaces/include/msg_interfaces/msg_interfaces
[3.618s] -- Up-to-date: /home/siddhant/irc_rover_controls_2025/drive_control/install/msg_interfaces/include/msg_interfaces/msg_interfaces/msg
[3.618s] -- Installing: /home/siddhant/irc_rover_controls_2025/drive_control/install/msg_interfaces/include/msg_interfaces/msg_interfaces/msg/rosidl_typesupport_introspection_c__visibility_control.h
[3.618s] -- Up-to-date: /home/siddhant/irc_rover_controls_2025/drive_control/install/msg_interfaces/include/msg_interfaces/msg_interfaces/msg/detail
[3.618s] -- Installing: /home/siddhant/irc_rover_controls_2025/drive_control/install/msg_interfaces/include/msg_interfaces/msg_interfaces/msg/detail/encoder_arm__type_support.c
[3.618s] -- Installing: /home/siddhant/irc_rover_controls_2025/drive_control/install/msg_interfaces/include/msg_interfaces/msg_interfaces/msg/detail/motor_six__type_support.c
[3.618s] -- Installing: /home/siddhant/irc_rover_controls_2025/drive_control/install/msg_interfaces/include/msg_interfaces/msg_interfaces/msg/detail/drive__rosidl_typesupport_introspection_c.h
[3.618s] -- Installing: /home/siddhant/irc_rover_controls_2025/drive_control/install/msg_interfaces/include/msg_interfaces/msg_interfaces/msg/detail/encoder_arm__rosidl_typesupport_introspection_c.h
[3.618s] -- Installing: /home/siddhant/irc_rover_controls_2025/drive_control/install/msg_interfaces/include/msg_interfaces/msg_interfaces/msg/detail/arm_end_motion__type_support.c
[3.618s] -- Installing: /home/siddhant/irc_rover_controls_2025/drive_control/install/msg_interfaces/include/msg_interfaces/msg_interfaces/msg/detail/cam_drive__type_support.c
[3.619s] -- Installing: /home/siddhant/irc_rover_controls_2025/drive_control/install/msg_interfaces/include/msg_interfaces/msg_interfaces/msg/detail/cam_drive__rosidl_typesupport_introspection_c.h
[3.619s] -- Installing: /home/siddhant/irc_rover_controls_2025/drive_control/install/msg_interfaces/include/msg_interfaces/msg_interfaces/msg/detail/drive__type_support.c
[3.619s] -- Installing: /home/siddhant/irc_rover_controls_2025/drive_control/install/msg_interfaces/include/msg_interfaces/msg_interfaces/msg/detail/arm_end_motion__rosidl_typesupport_introspection_c.h
[3.619s] -- Installing: /home/siddhant/irc_rover_controls_2025/drive_control/install/msg_interfaces/include/msg_interfaces/msg_interfaces/msg/detail/encoder_drive__rosidl_typesupport_introspection_c.h
[3.619s] -- Installing: /home/siddhant/irc_rover_controls_2025/drive_control/install/msg_interfaces/include/msg_interfaces/msg_interfaces/msg/detail/motor_six__rosidl_typesupport_introspection_c.h
[3.619s] -- Installing: /home/siddhant/irc_rover_controls_2025/drive_control/install/msg_interfaces/include/msg_interfaces/msg_interfaces/msg/detail/encoder_drive__type_support.c
[3.619s] -- Installing: /home/siddhant/irc_rover_controls_2025/drive_control/install/msg_interfaces/lib/libmsg_interfaces__rosidl_typesupport_introspection_c.so
[3.620s] -- Set runtime path of "/home/siddhant/irc_rover_controls_2025/drive_control/install/msg_interfaces/lib/libmsg_interfaces__rosidl_typesupport_introspection_c.so" to ""
[3.620s] -- Installing: /home/siddhant/irc_rover_controls_2025/drive_control/install/msg_interfaces/lib/libmsg_interfaces__rosidl_typesupport_c.so
[3.620s] -- Set runtime path of "/home/siddhant/irc_rover_controls_2025/drive_control/install/msg_interfaces/lib/libmsg_interfaces__rosidl_typesupport_c.so" to ""
[3.620s] -- Up-to-date: /home/siddhant/irc_rover_controls_2025/drive_control/install/msg_interfaces/include/msg_interfaces/msg_interfaces
[3.620s] -- Up-to-date: /home/siddhant/irc_rover_controls_2025/drive_control/install/msg_interfaces/include/msg_interfaces/msg_interfaces/msg
[3.620s] -- Up-to-date: /home/siddhant/irc_rover_controls_2025/drive_control/install/msg_interfaces/include/msg_interfaces/msg_interfaces/msg/detail
[3.620s] -- Installing: /home/siddhant/irc_rover_controls_2025/drive_control/install/msg_interfaces/include/msg_interfaces/msg_interfaces/msg/detail/motor_six__rosidl_typesupport_introspection_cpp.hpp
[3.620s] -- Installing: /home/siddhant/irc_rover_controls_2025/drive_control/install/msg_interfaces/include/msg_interfaces/msg_interfaces/msg/detail/encoder_drive__type_support.cpp
[3.620s] -- Installing: /home/siddhant/irc_rover_controls_2025/drive_control/install/msg_interfaces/include/msg_interfaces/msg_interfaces/msg/detail/drive__type_support.cpp
[3.620s] -- Installing: /home/siddhant/irc_rover_controls_2025/drive_control/install/msg_interfaces/include/msg_interfaces/msg_interfaces/msg/detail/motor_six__type_support.cpp
[3.620s] -- Installing: /home/siddhant/irc_rover_controls_2025/drive_control/install/msg_interfaces/include/msg_interfaces/msg_interfaces/msg/detail/cam_drive__rosidl_typesupport_introspection_cpp.hpp
[3.620s] -- Installing: /home/siddhant/irc_rover_controls_2025/drive_control/install/msg_interfaces/include/msg_interfaces/msg_interfaces/msg/detail/encoder_arm__rosidl_typesupport_introspection_cpp.hpp
[3.621s] -- Installing: /home/siddhant/irc_rover_controls_2025/drive_control/install/msg_interfaces/include/msg_interfaces/msg_interfaces/msg/detail/arm_end_motion__type_support.cpp
[3.621s] -- Installing: /home/siddhant/irc_rover_controls_2025/drive_control/install/msg_interfaces/include/msg_interfaces/msg_interfaces/msg/detail/arm_end_motion__rosidl_typesupport_introspection_cpp.hpp
[3.621s] -- Installing: /home/siddhant/irc_rover_controls_2025/drive_control/install/msg_interfaces/include/msg_interfaces/msg_interfaces/msg/detail/encoder_arm__type_support.cpp
[3.621s] -- Installing: /home/siddhant/irc_rover_controls_2025/drive_control/install/msg_interfaces/include/msg_interfaces/msg_interfaces/msg/detail/drive__rosidl_typesupport_introspection_cpp.hpp
[3.621s] -- Installing: /home/siddhant/irc_rover_controls_2025/drive_control/install/msg_interfaces/include/msg_interfaces/msg_interfaces/msg/detail/encoder_drive__rosidl_typesupport_introspection_cpp.hpp
[3.621s] -- Installing: /home/siddhant/irc_rover_controls_2025/drive_control/install/msg_interfaces/include/msg_interfaces/msg_interfaces/msg/detail/cam_drive__type_support.cpp
[3.621s] -- Installing: /home/siddhant/irc_rover_controls_2025/drive_control/install/msg_interfaces/lib/libmsg_interfaces__rosidl_typesupport_introspection_cpp.so
[3.621s] -- Set runtime path of "/home/siddhant/irc_rover_controls_2025/drive_control/install/msg_interfaces/lib/libmsg_interfaces__rosidl_typesupport_introspection_cpp.so" to ""
[3.621s] -- Installing: /home/siddhant/irc_rover_controls_2025/drive_control/install/msg_interfaces/lib/libmsg_interfaces__rosidl_typesupport_cpp.so
[3.621s] -- Set runtime path of "/home/siddhant/irc_rover_controls_2025/drive_control/install/msg_interfaces/lib/libmsg_interfaces__rosidl_typesupport_cpp.so" to ""
[3.621s] -- Installing: /home/siddhant/irc_rover_controls_2025/drive_control/install/msg_interfaces/share/msg_interfaces/environment/pythonpath.sh
[3.622s] -- Installing: /home/siddhant/irc_rover_controls_2025/drive_control/install/msg_interfaces/share/msg_interfaces/environment/pythonpath.dsv
[3.622s] -- Installing: /home/siddhant/irc_rover_controls_2025/drive_control/install/msg_interfaces/local/lib/python3.10/dist-packages/msg_interfaces-0.0.0-py3.10.egg-info
[3.622s] -- Installing: /home/siddhant/irc_rover_controls_2025/drive_control/install/msg_interfaces/local/lib/python3.10/dist-packages/msg_interfaces-0.0.0-py3.10.egg-info/SOURCES.txt
[3.622s] -- Installing: /home/siddhant/irc_rover_controls_2025/drive_control/install/msg_interfaces/local/lib/python3.10/dist-packages/msg_interfaces-0.0.0-py3.10.egg-info/top_level.txt
[3.622s] -- Installing: /home/siddhant/irc_rover_controls_2025/drive_control/install/msg_interfaces/local/lib/python3.10/dist-packages/msg_interfaces-0.0.0-py3.10.egg-info/PKG-INFO
[3.622s] -- Installing: /home/siddhant/irc_rover_controls_2025/drive_control/install/msg_interfaces/local/lib/python3.10/dist-packages/msg_interfaces-0.0.0-py3.10.egg-info/dependency_links.txt
[3.622s] -- Installing: /home/siddhant/irc_rover_controls_2025/drive_control/install/msg_interfaces/local/lib/python3.10/dist-packages/msg_interfaces
[3.622s] -- Installing: /home/siddhant/irc_rover_controls_2025/drive_control/install/msg_interfaces/local/lib/python3.10/dist-packages/msg_interfaces/_msg_interfaces_s.ep.rosidl_typesupport_fastrtps_c.c
[3.622s] -- Installing: /home/siddhant/irc_rover_controls_2025/drive_control/install/msg_interfaces/local/lib/python3.10/dist-packages/msg_interfaces/_msg_interfaces_s.ep.rosidl_typesupport_introspection_c.c
[3.622s] -- Installing: /home/siddhant/irc_rover_controls_2025/drive_control/install/msg_interfaces/local/lib/python3.10/dist-packages/msg_interfaces/libmsg_interfaces__rosidl_generator_py.so
[3.622s] -- Installing: /home/siddhant/irc_rover_controls_2025/drive_control/install/msg_interfaces/local/lib/python3.10/dist-packages/msg_interfaces/msg_interfaces_s__rosidl_typesupport_fastrtps_c.cpython-310-x86_64-linux-gnu.so
[3.622s] -- Installing: /home/siddhant/irc_rover_controls_2025/drive_control/install/msg_interfaces/local/lib/python3.10/dist-packages/msg_interfaces/__init__.py
[3.622s] -- Installing: /home/siddhant/irc_rover_controls_2025/drive_control/install/msg_interfaces/local/lib/python3.10/dist-packages/msg_interfaces/msg_interfaces_s__rosidl_typesupport_c.cpython-310-x86_64-linux-gnu.so
[3.622s] -- Installing: /home/siddhant/irc_rover_controls_2025/drive_control/install/msg_interfaces/local/lib/python3.10/dist-packages/msg_interfaces/msg
[3.622s] -- Installing: /home/siddhant/irc_rover_controls_2025/drive_control/install/msg_interfaces/local/lib/python3.10/dist-packages/msg_interfaces/msg/_drive_s.c
[3.623s] -- Installing: /home/siddhant/irc_rover_controls_2025/drive_control/install/msg_interfaces/local/lib/python3.10/dist-packages/msg_interfaces/msg/_motor_six.py
[3.623s] -- Installing: /home/siddhant/irc_rover_controls_2025/drive_control/install/msg_interfaces/local/lib/python3.10/dist-packages/msg_interfaces/msg/_encoder_drive_s.c
[3.623s] -- Installing: /home/siddhant/irc_rover_controls_2025/drive_control/install/msg_interfaces/local/lib/python3.10/dist-packages/msg_interfaces/msg/_drive.py
[3.623s] -- Installing: /home/siddhant/irc_rover_controls_2025/drive_control/install/msg_interfaces/local/lib/python3.10/dist-packages/msg_interfaces/msg/_arm_end_motion_s.c
[3.623s] -- Installing: /home/siddhant/irc_rover_controls_2025/drive_control/install/msg_interfaces/local/lib/python3.10/dist-packages/msg_interfaces/msg/_arm_end_motion.py
[3.623s] -- Installing: /home/siddhant/irc_rover_controls_2025/drive_control/install/msg_interfaces/local/lib/python3.10/dist-packages/msg_interfaces/msg/_encoder_arm_s.c
[3.623s] -- Installing: /home/siddhant/irc_rover_controls_2025/drive_control/install/msg_interfaces/local/lib/python3.10/dist-packages/msg_interfaces/msg/_encoder_drive.py
[3.623s] -- Installing: /home/siddhant/irc_rover_controls_2025/drive_control/install/msg_interfaces/local/lib/python3.10/dist-packages/msg_interfaces/msg/_motor_six_s.c
[3.623s] -- Installing: /home/siddhant/irc_rover_controls_2025/drive_control/install/msg_interfaces/local/lib/python3.10/dist-packages/msg_interfaces/msg/_encoder_arm.py
[3.623s] -- Installing: /home/siddhant/irc_rover_controls_2025/drive_control/install/msg_interfaces/local/lib/python3.10/dist-packages/msg_interfaces/msg/_cam_drive_s.c
[3.623s] -- Installing: /home/siddhant/irc_rover_controls_2025/drive_control/install/msg_interfaces/local/lib/python3.10/dist-packages/msg_interfaces/msg/__init__.py
[3.623s] -- Installing: /home/siddhant/irc_rover_controls_2025/drive_control/install/msg_interfaces/local/lib/python3.10/dist-packages/msg_interfaces/msg/_cam_drive.py
[3.623s] -- Installing: /home/siddhant/irc_rover_controls_2025/drive_control/install/msg_interfaces/local/lib/python3.10/dist-packages/msg_interfaces/msg_interfaces_s__rosidl_typesupport_introspection_c.cpython-310-x86_64-linux-gnu.so
[3.623s] -- Installing: /home/siddhant/irc_rover_controls_2025/drive_control/install/msg_interfaces/local/lib/python3.10/dist-packages/msg_interfaces/_msg_interfaces_s.ep.rosidl_typesupport_c.c
[3.655s] Listing '/home/siddhant/irc_rover_controls_2025/drive_control/install/msg_interfaces/local/lib/python3.10/dist-packages/msg_interfaces'...
[3.655s] Compiling '/home/siddhant/irc_rover_controls_2025/drive_control/install/msg_interfaces/local/lib/python3.10/dist-packages/msg_interfaces/__init__.py'...
[3.655s] Listing '/home/siddhant/irc_rover_controls_2025/drive_control/install/msg_interfaces/local/lib/python3.10/dist-packages/msg_interfaces/msg'...
[3.655s] Compiling '/home/siddhant/irc_rover_controls_2025/drive_control/install/msg_interfaces/local/lib/python3.10/dist-packages/msg_interfaces/msg/__init__.py'...
[3.655s] Compiling '/home/siddhant/irc_rover_controls_2025/drive_control/install/msg_interfaces/local/lib/python3.10/dist-packages/msg_interfaces/msg/_arm_end_motion.py'...
[3.655s] Compiling '/home/siddhant/irc_rover_controls_2025/drive_control/install/msg_interfaces/local/lib/python3.10/dist-packages/msg_interfaces/msg/_cam_drive.py'...
[3.655s] Compiling '/home/siddhant/irc_rover_controls_2025/drive_control/install/msg_interfaces/local/lib/python3.10/dist-packages/msg_interfaces/msg/_drive.py'...
[3.655s] Compiling '/home/siddhant/irc_rover_controls_2025/drive_control/install/msg_interfaces/local/lib/python3.10/dist-packages/msg_interfaces/msg/_encoder_arm.py'...
[3.655s] Compiling '/home/siddhant/irc_rover_controls_2025/drive_control/install/msg_interfaces/local/lib/python3.10/dist-packages/msg_interfaces/msg/_encoder_drive.py'...
[3.655s] Compiling '/home/siddhant/irc_rover_controls_2025/drive_control/install/msg_interfaces/local/lib/python3.10/dist-packages/msg_interfaces/msg/_motor_six.py'...
[3.658s] -- Installing: /home/siddhant/irc_rover_controls_2025/drive_control/install/msg_interfaces/local/lib/python3.10/dist-packages/msg_interfaces/msg_interfaces_s__rosidl_typesupport_fastrtps_c.cpython-310-x86_64-linux-gnu.so
[3.658s] -- Set runtime path of "/home/siddhant/irc_rover_controls_2025/drive_control/install/msg_interfaces/local/lib/python3.10/dist-packages/msg_interfaces/msg_interfaces_s__rosidl_typesupport_fastrtps_c.cpython-310-x86_64-linux-gnu.so" to ""
[3.658s] -- Installing: /home/siddhant/irc_rover_controls_2025/drive_control/install/msg_interfaces/local/lib/python3.10/dist-packages/msg_interfaces/msg_interfaces_s__rosidl_typesupport_introspection_c.cpython-310-x86_64-linux-gnu.so
[3.659s] -- Set runtime path of "/home/siddhant/irc_rover_controls_2025/drive_control/install/msg_interfaces/local/lib/python3.10/dist-packages/msg_interfaces/msg_interfaces_s__rosidl_typesupport_introspection_c.cpython-310-x86_64-linux-gnu.so" to ""
[3.659s] -- Installing: /home/siddhant/irc_rover_controls_2025/drive_control/install/msg_interfaces/local/lib/python3.10/dist-packages/msg_interfaces/msg_interfaces_s__rosidl_typesupport_c.cpython-310-x86_64-linux-gnu.so
[3.659s] -- Set runtime path of "/home/siddhant/irc_rover_controls_2025/drive_control/install/msg_interfaces/local/lib/python3.10/dist-packages/msg_interfaces/msg_interfaces_s__rosidl_typesupport_c.cpython-310-x86_64-linux-gnu.so" to ""
[3.659s] -- Installing: /home/siddhant/irc_rover_controls_2025/drive_control/install/msg_interfaces/lib/libmsg_interfaces__rosidl_generator_py.so
[3.660s] -- Set runtime path of "/home/siddhant/irc_rover_controls_2025/drive_control/install/msg_interfaces/lib/libmsg_interfaces__rosidl_generator_py.so" to ""
[3.660s] -- Installing: /home/siddhant/irc_rover_controls_2025/drive_control/install/msg_interfaces/share/msg_interfaces/msg/Drive.idl
[3.660s] -- Installing: /home/siddhant/irc_rover_controls_2025/drive_control/install/msg_interfaces/share/msg_interfaces/msg/CamDrive.idl
[3.660s] -- Installing: /home/siddhant/irc_rover_controls_2025/drive_control/install/msg_interfaces/share/msg_interfaces/msg/ArmEndMotion.idl
[3.660s] -- Installing: /home/siddhant/irc_rover_controls_2025/drive_control/install/msg_interfaces/share/msg_interfaces/msg/MotorSix.idl
[3.660s] -- Installing: /home/siddhant/irc_rover_controls_2025/drive_control/install/msg_interfaces/share/msg_interfaces/msg/EncoderArm.idl
[3.660s] -- Installing: /home/siddhant/irc_rover_controls_2025/drive_control/install/msg_interfaces/share/msg_interfaces/msg/EncoderDrive.idl
[3.660s] -- Installing: /home/siddhant/irc_rover_controls_2025/drive_control/install/msg_interfaces/share/msg_interfaces/msg/Drive.msg
[3.660s] -- Installing: /home/siddhant/irc_rover_controls_2025/drive_control/install/msg_interfaces/share/msg_interfaces/msg/CamDrive.msg
[3.660s] -- Installing: /home/siddhant/irc_rover_controls_2025/drive_control/install/msg_interfaces/share/msg_interfaces/msg/ArmEndMotion.msg
[3.660s] -- Installing: /home/siddhant/irc_rover_controls_2025/drive_control/install/msg_interfaces/share/msg_interfaces/msg/MotorSix.msg
[3.661s] -- Installing: /home/siddhant/irc_rover_controls_2025/drive_control/install/msg_interfaces/share/msg_interfaces/msg/EncoderArm.msg
[3.661s] -- Installing: /home/siddhant/irc_rover_controls_2025/drive_control/install/msg_interfaces/share/msg_interfaces/msg/EncoderDrive.msg
[3.661s] -- Installing: /home/siddhant/irc_rover_controls_2025/drive_control/install/msg_interfaces/share/ament_index/resource_index/package_run_dependencies/msg_interfaces
[3.661s] -- Installing: /home/siddhant/irc_rover_controls_2025/drive_control/install/msg_interfaces/share/ament_index/resource_index/parent_prefix_path/msg_interfaces
[3.661s] -- Installing: /home/siddhant/irc_rover_controls_2025/drive_control/install/msg_interfaces/share/msg_interfaces/environment/ament_prefix_path.sh
[3.661s] -- Installing: /home/siddhant/irc_rover_controls_2025/drive_control/install/msg_interfaces/share/msg_interfaces/environment/ament_prefix_path.dsv
[3.661s] -- Installing: /home/siddhant/irc_rover_controls_2025/drive_control/install/msg_interfaces/share/msg_interfaces/environment/path.sh
[3.661s] -- Installing: /home/siddhant/irc_rover_controls_2025/drive_control/install/msg_interfaces/share/msg_interfaces/environment/path.dsv
[3.661s] -- Installing: /home/siddhant/irc_rover_controls_2025/drive_control/install/msg_interfaces/share/msg_interfaces/local_setup.bash
[3.661s] -- Installing: /home/siddhant/irc_rover_controls_2025/drive_control/install/msg_interfaces/share/msg_interfaces/local_setup.sh
[3.661s] -- Installing: /home/siddhant/irc_rover_controls_2025/drive_control/install/msg_interfaces/share/msg_interfaces/local_setup.zsh
[3.661s] -- Installing: /home/siddhant/irc_rover_controls_2025/drive_control/install/msg_interfaces/share/msg_interfaces/local_setup.dsv
[3.661s] -- Installing: /home/siddhant/irc_rover_controls_2025/drive_control/install/msg_interfaces/share/msg_interfaces/package.dsv
[3.662s] -- Installing: /home/siddhant/irc_rover_controls_2025/drive_control/install/msg_interfaces/share/ament_index/resource_index/packages/msg_interfaces
[3.662s] -- Installing: /home/siddhant/irc_rover_controls_2025/drive_control/install/msg_interfaces/share/msg_interfaces/cmake/export_msg_interfaces__rosidl_generator_cExport.cmake
[3.662s] -- Installing: /home/siddhant/irc_rover_controls_2025/drive_control/install/msg_interfaces/share/msg_interfaces/cmake/export_msg_interfaces__rosidl_generator_cExport-noconfig.cmake
[3.662s] -- Installing: /home/siddhant/irc_rover_controls_2025/drive_control/install/msg_interfaces/share/msg_interfaces/cmake/export_msg_interfaces__rosidl_typesupport_fastrtps_cExport.cmake
[3.662s] -- Installing: /home/siddhant/irc_rover_controls_2025/drive_control/install/msg_interfaces/share/msg_interfaces/cmake/export_msg_interfaces__rosidl_typesupport_fastrtps_cExport-noconfig.cmake
[3.662s] -- Installing: /home/siddhant/irc_rover_controls_2025/drive_control/install/msg_interfaces/share/msg_interfaces/cmake/export_msg_interfaces__rosidl_generator_cppExport.cmake
[3.662s] -- Installing: /home/siddhant/irc_rover_controls_2025/drive_control/install/msg_interfaces/share/msg_interfaces/cmake/export_msg_interfaces__rosidl_typesupport_fastrtps_cppExport.cmake
[3.662s] -- Installing: /home/siddhant/irc_rover_controls_2025/drive_control/install/msg_interfaces/share/msg_interfaces/cmake/export_msg_interfaces__rosidl_typesupport_fastrtps_cppExport-noconfig.cmake
[3.662s] -- Installing: /home/siddhant/irc_rover_controls_2025/drive_control/install/msg_interfaces/share/msg_interfaces/cmake/msg_interfaces__rosidl_typesupport_introspection_cExport.cmake
[3.662s] -- Installing: /home/siddhant/irc_rover_controls_2025/drive_control/install/msg_interfaces/share/msg_interfaces/cmake/msg_interfaces__rosidl_typesupport_introspection_cExport-noconfig.cmake
[3.662s] -- Installing: /home/siddhant/irc_rover_controls_2025/drive_control/install/msg_interfaces/share/msg_interfaces/cmake/msg_interfaces__rosidl_typesupport_cExport.cmake
[3.662s] -- Installing: /home/siddhant/irc_rover_controls_2025/drive_control/install/msg_interfaces/share/msg_interfaces/cmake/msg_interfaces__rosidl_typesupport_cExport-noconfig.cmake
[3.662s] -- Installing: /home/siddhant/irc_rover_controls_2025/drive_control/install/msg_interfaces/share/msg_interfaces/cmake/msg_interfaces__rosidl_typesupport_introspection_cppExport.cmake
[3.662s] -- Installing: /home/siddhant/irc_rover_controls_2025/drive_control/install/msg_interfaces/share/msg_interfaces/cmake/msg_interfaces__rosidl_typesupport_introspection_cppExport-noconfig.cmake
[3.663s] -- Installing: /home/siddhant/irc_rover_controls_2025/drive_control/install/msg_interfaces/share/msg_interfaces/cmake/msg_interfaces__rosidl_typesupport_cppExport.cmake
[3.663s] -- Installing: /home/siddhant/irc_rover_controls_2025/drive_control/install/msg_interfaces/share/msg_interfaces/cmake/msg_interfaces__rosidl_typesupport_cppExport-noconfig.cmake
[3.663s] -- Installing: /home/siddhant/irc_rover_controls_2025/drive_control/install/msg_interfaces/share/msg_interfaces/cmake/export_msg_interfaces__rosidl_generator_pyExport.cmake
[3.663s] -- Installing: /home/siddhant/irc_rover_controls_2025/drive_control/install/msg_interfaces/share/msg_interfaces/cmake/export_msg_interfaces__rosidl_generator_pyExport-noconfig.cmake
[3.663s] -- Installing: /home/siddhant/irc_rover_controls_2025/drive_control/install/msg_interfaces/share/msg_interfaces/cmake/rosidl_cmake-extras.cmake
[3.663s] -- Installing: /home/siddhant/irc_rover_controls_2025/drive_control/install/msg_interfaces/share/msg_interfaces/cmake/ament_cmake_export_dependencies-extras.cmake
[3.663s] -- Installing: /home/siddhant/irc_rover_controls_2025/drive_control/install/msg_interfaces/share/msg_interfaces/cmake/ament_cmake_export_include_directories-extras.cmake
[3.663s] -- Installing: /home/siddhant/irc_rover_controls_2025/drive_control/install/msg_interfaces/share/msg_interfaces/cmake/ament_cmake_export_libraries-extras.cmake
[3.663s] -- Installing: /home/siddhant/irc_rover_controls_2025/drive_control/install/msg_interfaces/share/msg_interfaces/cmake/ament_cmake_export_targets-extras.cmake
[3.663s] -- Installing: /home/siddhant/irc_rover_controls_2025/drive_control/install/msg_interfaces/share/msg_interfaces/cmake/rosidl_cmake_export_typesupport_targets-extras.cmake
[3.663s] -- Installing: /home/siddhant/irc_rover_controls_2025/drive_control/install/msg_interfaces/share/msg_interfaces/cmake/rosidl_cmake_export_typesupport_libraries-extras.cmake
[3.663s] -- Installing: /home/siddhant/irc_rover_controls_2025/drive_control/install/msg_interfaces/share/msg_interfaces/cmake/msg_interfacesConfig.cmake
[3.663s] -- Installing: /home/siddhant/irc_rover_controls_2025/drive_control/install/msg_interfaces/share/msg_interfaces/cmake/msg_interfacesConfig-version.cmake
[3.663s] -- Installing: /home/siddhant/irc_rover_controls_2025/drive_control/install/msg_interfaces/share/msg_interfaces/package.xml
[3.665s] Invoked command in '/home/siddhant/irc_rover_controls_2025/drive_control/build/msg_interfaces' returned '0': CMAKE_PREFIX_PATH=/opt/ros/humble /usr/bin/cmake --install /home/siddhant/irc_rover_controls_2025/drive_control/build/msg_interfaces
