[1.277s] Invoking command in '/home/siddhant/irc_rover_controls_2025/rover_essentials/src/realsense_servo': PYTHONPATH=/home/siddhant/irc_rover_controls_2025/rover_essentials/build/realsense_servo/prefix_override:/usr/lib/python3/dist-packages/colcon_core/task/python/colcon_distutils_commands:/home/siddhant/irc_rover_controls_2025/rover_essentials/install/realsense_servo/lib/python3.10/site-packages:${PYTHONPATH} /usr/bin/python3 -W ignore:setup.py install is deprecated -W ignore:easy_install command is deprecated setup.py egg_info --egg-base ../../build/realsense_servo build --build-base /home/siddhant/irc_rover_controls_2025/rover_essentials/build/realsense_servo/build install --record /home/siddhant/irc_rover_controls_2025/rover_essentials/build/realsense_servo/install.log --single-version-externally-managed install_data
[1.547s] running egg_info
[1.548s] creating ../../build/realsense_servo/realsense_servo.egg-info
[1.548s] writing ../../build/realsense_servo/realsense_servo.egg-info/PKG-INFO
[1.548s] writing dependency_links to ../../build/realsense_servo/realsense_servo.egg-info/dependency_links.txt
[1.549s] writing entry points to ../../build/realsense_servo/realsense_servo.egg-info/entry_points.txt
[1.549s] writing requirements to ../../build/realsense_servo/realsense_servo.egg-info/requires.txt
[1.549s] writing top-level names to ../../build/realsense_servo/realsense_servo.egg-info/top_level.txt
[1.549s] writing manifest file '../../build/realsense_servo/realsense_servo.egg-info/SOURCES.txt'
[1.553s] reading manifest file '../../build/realsense_servo/realsense_servo.egg-info/SOURCES.txt'
[1.554s] writing manifest file '../../build/realsense_servo/realsense_servo.egg-info/SOURCES.txt'
[1.554s] running build
[1.554s] running build_py
[1.554s] creating /home/siddhant/irc_rover_controls_2025/rover_essentials/build/realsense_servo/build
[1.554s] creating /home/siddhant/irc_rover_controls_2025/rover_essentials/build/realsense_servo/build/lib
[1.554s] creating /home/siddhant/irc_rover_controls_2025/rover_essentials/build/realsense_servo/build/lib/realsense_servo
[1.554s] copying realsense_servo/real_servo.py -> /home/siddhant/irc_rover_controls_2025/rover_essentials/build/realsense_servo/build/lib/realsense_servo
[1.554s] copying realsense_servo/__init__.py -> /home/siddhant/irc_rover_controls_2025/rover_essentials/build/realsense_servo/build/lib/realsense_servo
[1.555s] running install
[1.555s] running install_lib
[1.555s] creating /home/siddhant/irc_rover_controls_2025/rover_essentials/install/realsense_servo/lib/python3.10/site-packages/realsense_servo
[1.555s] copying /home/siddhant/irc_rover_controls_2025/rover_essentials/build/realsense_servo/build/lib/realsense_servo/real_servo.py -> /home/siddhant/irc_rover_controls_2025/rover_essentials/install/realsense_servo/lib/python3.10/site-packages/realsense_servo
[1.555s] copying /home/siddhant/irc_rover_controls_2025/rover_essentials/build/realsense_servo/build/lib/realsense_servo/__init__.py -> /home/siddhant/irc_rover_controls_2025/rover_essentials/install/realsense_servo/lib/python3.10/site-packages/realsense_servo
[1.556s] byte-compiling /home/siddhant/irc_rover_controls_2025/rover_essentials/install/realsense_servo/lib/python3.10/site-packages/realsense_servo/real_servo.py to real_servo.cpython-310.pyc
[1.556s] byte-compiling /home/siddhant/irc_rover_controls_2025/rover_essentials/install/realsense_servo/lib/python3.10/site-packages/realsense_servo/__init__.py to __init__.cpython-310.pyc
[1.556s] running install_data
[1.556s] creating /home/siddhant/irc_rover_controls_2025/rover_essentials/install/realsense_servo/share/ament_index
[1.556s] creating /home/siddhant/irc_rover_controls_2025/rover_essentials/install/realsense_servo/share/ament_index/resource_index
[1.556s] creating /home/siddhant/irc_rover_controls_2025/rover_essentials/install/realsense_servo/share/ament_index/resource_index/packages
[1.557s] copying resource/realsense_servo -> /home/siddhant/irc_rover_controls_2025/rover_essentials/install/realsense_servo/share/ament_index/resource_index/packages
[1.557s] copying package.xml -> /home/siddhant/irc_rover_controls_2025/rover_essentials/install/realsense_servo/share/realsense_servo
[1.557s] running install_egg_info
[1.559s] Copying ../../build/realsense_servo/realsense_servo.egg-info to /home/siddhant/irc_rover_controls_2025/rover_essentials/install/realsense_servo/lib/python3.10/site-packages/realsense_servo-0.0.0-py3.10.egg-info
[1.559s] running install_scripts
[1.585s] Installing real_servo script to /home/siddhant/irc_rover_controls_2025/rover_essentials/install/realsense_servo/lib/realsense_servo
[1.585s] writing list of installed files to '/home/siddhant/irc_rover_controls_2025/rover_essentials/build/realsense_servo/install.log'
[1.623s] Invoked command in '/home/siddhant/irc_rover_controls_2025/rover_essentials/src/realsense_servo' returned '0': PYTHONPATH=/home/siddhant/irc_rover_controls_2025/rover_essentials/build/realsense_servo/prefix_override:/usr/lib/python3/dist-packages/colcon_core/task/python/colcon_distutils_commands:/home/siddhant/irc_rover_controls_2025/rover_essentials/install/realsense_servo/lib/python3.10/site-packages:${PYTHONPATH} /usr/bin/python3 -W ignore:setup.py install is deprecated -W ignore:easy_install command is deprecated setup.py egg_info --egg-base ../../build/realsense_servo build --build-base /home/siddhant/irc_rover_controls_2025/rover_essentials/build/realsense_servo/build install --record /home/siddhant/irc_rover_controls_2025/rover_essentials/build/realsense_servo/install.log --single-version-externally-managed install_data
