[0.728s] Invoking command in '/home/siddhant/irc_rover_controls_2025/rover_essentials/build/msg_interfaces': CMAKE_PREFIX_PATH=/opt/ros/humble /usr/bin/cmake /home/siddhant/irc_rover_controls_2025/rover_essentials/src/msg_interfaces -DCMAKE_INSTALL_PREFIX=/home/siddhant/irc_rover_controls_2025/rover_essentials/install/msg_interfaces
[0.773s] -- The C compiler identification is GNU 11.4.0
[0.813s] -- The CXX compiler identification is GNU 11.4.0
[0.820s] -- Detecting C compiler ABI info
[0.877s] -- Detecting C compiler ABI info - done
[0.883s] -- Check for working C compiler: /usr/bin/cc - skipped
[0.883s] -- Detecting C compile features
[0.884s] -- Detecting C compile features - done
[0.886s] -- Detecting CXX compiler ABI info
[0.976s] -- Detecting CXX compiler ABI info - done
[0.986s] -- Check for working CXX compiler: /usr/bin/c++ - skipped
[0.986s] -- Detecting CXX compile features
[0.987s] -- Detecting CXX compile features - done
[0.989s] -- Found ament_cmake: 1.3.11 (/opt/ros/humble/share/ament_cmake/cmake)
[1.188s] -- Found Python3: /usr/bin/python3 (found version "3.10.12") found components: Interpreter 
[1.303s] -- Found geometry_msgs: 4.8.0 (/opt/ros/humble/share/geometry_msgs/cmake)
[1.341s] -- Found rosidl_generator_c: 3.1.6 (/opt/ros/humble/share/rosidl_generator_c/cmake)
[1.346s] -- Found rosidl_adapter: 3.1.6 (/opt/ros/humble/share/rosidl_adapter/cmake)
[1.355s] -- Found rosidl_generator_cpp: 3.1.6 (/opt/ros/humble/share/rosidl_generator_cpp/cmake)
[1.368s] -- Using all available rosidl_typesupport_c: rosidl_typesupport_fastrtps_c;rosidl_typesupport_introspection_c
[1.385s] -- Using all available rosidl_typesupport_cpp: rosidl_typesupport_fastrtps_cpp;rosidl_typesupport_introspection_cpp
[1.430s] -- Found rosidl_default_generators: 1.2.0 (/opt/ros/humble/share/rosidl_default_generators/cmake)
[1.752s] -- Found ament_cmake_ros: 0.10.0 (/opt/ros/humble/share/ament_cmake_ros/cmake)
[2.012s] -- Using all available rosidl_typesupport_c: rosidl_typesupport_fastrtps_c;rosidl_typesupport_introspection_c
[2.109s] -- Using all available rosidl_typesupport_cpp: rosidl_typesupport_fastrtps_cpp;rosidl_typesupport_introspection_cpp
[2.126s] -- Found PythonInterp: /usr/bin/python3 (found suitable version "3.10.12", minimum required is "3.6") 
[2.127s] -- Found python_cmake_module: 0.10.0 (/opt/ros/humble/share/python_cmake_module/cmake)
[2.145s] -- Found PythonLibs: /usr/lib/x86_64-linux-gnu/libpython3.10.so (found suitable version "3.10.12", minimum required is "3.5") 
[2.145s] -- Using PYTHON_EXECUTABLE: /usr/bin/python3
[2.145s] -- Using PYTHON_INCLUDE_DIRS: /usr/include/python3.10
[2.145s] -- Using PYTHON_LIBRARIES: /usr/lib/x86_64-linux-gnu/libpython3.10.so
[2.160s] -- Found PythonExtra: .so  
[2.194s] -- Found ament_lint_auto: 0.12.12 (/opt/ros/humble/share/ament_lint_auto/cmake)
[2.205s] -- Added test 'lint_cmake' to check CMake code style
[2.206s] -- Added test 'xmllint' to check XML markup files
[2.207s] -- Configuring done
[2.239s] -- Generating done
[2.247s] -- Build files have been written to: /home/siddhant/irc_rover_controls_2025/rover_essentials/build/msg_interfaces
[2.256s] Invoked command in '/home/siddhant/irc_rover_controls_2025/rover_essentials/build/msg_interfaces' returned '0': CMAKE_PREFIX_PATH=/opt/ros/humble /usr/bin/cmake /home/siddhant/irc_rover_controls_2025/rover_essentials/src/msg_interfaces -DCMAKE_INSTALL_PREFIX=/home/siddhant/irc_rover_controls_2025/rover_essentials/install/msg_interfaces
[2.256s] Invoking command in '/home/siddhant/irc_rover_controls_2025/rover_essentials/build/msg_interfaces': CMAKE_PREFIX_PATH=/opt/ros/humble /usr/bin/cmake --build /home/siddhant/irc_rover_controls_2025/rover_essentials/build/msg_interfaces -- -j22 -l22
[2.294s] [  1%] [34m[1mGenerating C code for ROS interfaces[0m
[2.308s] [  1%] [34m[1mGenerating C++ code for ROS interfaces[0m
[2.311s] [  1%] Built target ament_cmake_python_copy_msg_interfaces
[2.501s] running egg_info
[2.501s] creating msg_interfaces.egg-info
[2.501s] writing msg_interfaces.egg-info/PKG-INFO
[2.501s] writing dependency_links to msg_interfaces.egg-info/dependency_links.txt
[2.501s] writing top-level names to msg_interfaces.egg-info/top_level.txt
[2.502s] writing manifest file 'msg_interfaces.egg-info/SOURCES.txt'
[2.503s] reading manifest file 'msg_interfaces.egg-info/SOURCES.txt'
[2.504s] writing manifest file 'msg_interfaces.egg-info/SOURCES.txt'
[2.527s] [  1%] Built target ament_cmake_python_build_msg_interfaces_egg
[2.807s] [  1%] Built target msg_interfaces__cpp
[2.821s] [  2%] [34m[1mGenerating C++ type support for eProsima Fast-RTPS[0m
[2.821s] [  3%] [34m[1mGenerating C++ introspection for ROS interfaces[0m
[2.822s] [  4%] [34m[1mGenerating C++ type support dispatch for ROS interfaces[0m
[2.881s] [  5%] [32mBuilding C object CMakeFiles/msg_interfaces__rosidl_generator_c.dir/rosidl_generator_c/msg_interfaces/msg/detail/arm_end_motion__functions.c.o[0m
[2.882s] [  6%] [32mBuilding C object CMakeFiles/msg_interfaces__rosidl_generator_c.dir/rosidl_generator_c/msg_interfaces/msg/detail/encoder_drive__functions.c.o[0m
[2.884s] [  7%] [32mBuilding C object CMakeFiles/msg_interfaces__rosidl_generator_c.dir/rosidl_generator_c/msg_interfaces/msg/detail/drive__functions.c.o[0m
[2.884s] [  8%] [32mBuilding C object CMakeFiles/msg_interfaces__rosidl_generator_c.dir/rosidl_generator_c/msg_interfaces/msg/detail/wrist_joint_velocity__functions.c.o[0m
[2.885s] [ 10%] [32mBuilding C object CMakeFiles/msg_interfaces__rosidl_generator_c.dir/rosidl_generator_c/msg_interfaces/msg/detail/encoder_arm__functions.c.o[0m
[2.885s] [ 10%] [32mBuilding C object CMakeFiles/msg_interfaces__rosidl_generator_c.dir/rosidl_generator_c/msg_interfaces/msg/detail/shoulder_joint_velocity__functions.c.o[0m
[2.885s] [ 11%] [32mBuilding C object CMakeFiles/msg_interfaces__rosidl_generator_c.dir/rosidl_generator_c/msg_interfaces/msg/detail/base_motion__functions.c.o[0m
[2.886s] [ 13%] [32mBuilding C object CMakeFiles/msg_interfaces__rosidl_generator_c.dir/rosidl_generator_c/msg_interfaces/msg/detail/target_pose__functions.c.o[0m
[2.887s] [ 13%] [32mBuilding C object CMakeFiles/msg_interfaces__rosidl_generator_c.dir/rosidl_generator_c/msg_interfaces/msg/detail/final_vel__functions.c.o[0m
[2.887s] [ 14%] [32mBuilding C object CMakeFiles/msg_interfaces__rosidl_generator_c.dir/rosidl_generator_c/msg_interfaces/msg/detail/arm_angle__functions.c.o[0m
[2.971s] [ 15%] [32m[1mLinking C shared library libmsg_interfaces__rosidl_generator_c.so[0m
[3.010s] [ 15%] Built target msg_interfaces__rosidl_generator_c
[3.023s] [ 16%] [34m[1mGenerating C type support dispatch for ROS interfaces[0m
[3.023s] [ 17%] [34m[1mGenerating C type support for eProsima Fast-RTPS[0m
[3.024s] [ 18%] [34m[1mGenerating C introspection for ROS interfaces[0m
[3.260s] [ 19%] [32mBuilding CXX object CMakeFiles/msg_interfaces__rosidl_typesupport_cpp.dir/rosidl_typesupport_cpp/msg_interfaces/msg/shoulder_joint_velocity__type_support.cpp.o[0m
[3.260s] [ 20%] [32mBuilding CXX object CMakeFiles/msg_interfaces__rosidl_typesupport_cpp.dir/rosidl_typesupport_cpp/msg_interfaces/msg/wrist_joint_velocity__type_support.cpp.o[0m
[3.261s] [ 21%] [32mBuilding CXX object CMakeFiles/msg_interfaces__rosidl_typesupport_cpp.dir/rosidl_typesupport_cpp/msg_interfaces/msg/target_pose__type_support.cpp.o[0m
[3.262s] [ 22%] [32mBuilding CXX object CMakeFiles/msg_interfaces__rosidl_typesupport_cpp.dir/rosidl_typesupport_cpp/msg_interfaces/msg/drive__type_support.cpp.o[0m
[3.263s] [ 23%] [32mBuilding CXX object CMakeFiles/msg_interfaces__rosidl_typesupport_cpp.dir/rosidl_typesupport_cpp/msg_interfaces/msg/encoder_arm__type_support.cpp.o[0m
[3.263s] [ 24%] [32mBuilding CXX object CMakeFiles/msg_interfaces__rosidl_typesupport_cpp.dir/rosidl_typesupport_cpp/msg_interfaces/msg/arm_end_motion__type_support.cpp.o[0m
[3.264s] [ 25%] [32mBuilding CXX object CMakeFiles/msg_interfaces__rosidl_typesupport_cpp.dir/rosidl_typesupport_cpp/msg_interfaces/msg/encoder_drive__type_support.cpp.o[0m
[3.264s] [ 26%] [32mBuilding CXX object CMakeFiles/msg_interfaces__rosidl_typesupport_cpp.dir/rosidl_typesupport_cpp/msg_interfaces/msg/final_vel__type_support.cpp.o[0m
[3.266s] [ 27%] [32mBuilding CXX object CMakeFiles/msg_interfaces__rosidl_typesupport_cpp.dir/rosidl_typesupport_cpp/msg_interfaces/msg/base_motion__type_support.cpp.o[0m
[3.268s] [ 28%] [32mBuilding CXX object CMakeFiles/msg_interfaces__rosidl_typesupport_cpp.dir/rosidl_typesupport_cpp/msg_interfaces/msg/arm_angle__type_support.cpp.o[0m
[3.484s] [ 29%] [32mBuilding CXX object CMakeFiles/msg_interfaces__rosidl_typesupport_introspection_cpp.dir/rosidl_typesupport_introspection_cpp/msg_interfaces/msg/detail/encoder_arm__type_support.cpp.o[0m
[3.484s] [ 30%] [32mBuilding CXX object CMakeFiles/msg_interfaces__rosidl_typesupport_introspection_cpp.dir/rosidl_typesupport_introspection_cpp/msg_interfaces/msg/detail/shoulder_joint_velocity__type_support.cpp.o[0m
[3.485s] [ 31%] [32mBuilding CXX object CMakeFiles/msg_interfaces__rosidl_typesupport_introspection_cpp.dir/rosidl_typesupport_introspection_cpp/msg_interfaces/msg/detail/base_motion__type_support.cpp.o[0m
[3.488s] [ 32%] [32mBuilding CXX object CMakeFiles/msg_interfaces__rosidl_typesupport_introspection_cpp.dir/rosidl_typesupport_introspection_cpp/msg_interfaces/msg/detail/wrist_joint_velocity__type_support.cpp.o[0m
[3.492s] [ 34%] [32mBuilding CXX object CMakeFiles/msg_interfaces__rosidl_typesupport_introspection_cpp.dir/rosidl_typesupport_introspection_cpp/msg_interfaces/msg/detail/arm_end_motion__type_support.cpp.o[0m
[3.492s] [ 34%] [32mBuilding CXX object CMakeFiles/msg_interfaces__rosidl_typesupport_introspection_cpp.dir/rosidl_typesupport_introspection_cpp/msg_interfaces/msg/detail/encoder_drive__type_support.cpp.o[0m
[3.492s] [ 35%] [32mBuilding CXX object CMakeFiles/msg_interfaces__rosidl_typesupport_introspection_cpp.dir/rosidl_typesupport_introspection_cpp/msg_interfaces/msg/detail/drive__type_support.cpp.o[0m
[3.497s] [ 36%] [32mBuilding CXX object CMakeFiles/msg_interfaces__rosidl_typesupport_introspection_cpp.dir/rosidl_typesupport_introspection_cpp/msg_interfaces/msg/detail/final_vel__type_support.cpp.o[0m
[3.706s] [ 37%] [32mBuilding CXX object CMakeFiles/msg_interfaces__rosidl_typesupport_introspection_cpp.dir/rosidl_typesupport_introspection_cpp/msg_interfaces/msg/detail/target_pose__type_support.cpp.o[0m
[3.724s] [ 38%] [32mBuilding CXX object CMakeFiles/msg_interfaces__rosidl_typesupport_introspection_cpp.dir/rosidl_typesupport_introspection_cpp/msg_interfaces/msg/detail/arm_angle__type_support.cpp.o[0m
[3.906s] [ 39%] [32mBuilding CXX object CMakeFiles/msg_interfaces__rosidl_typesupport_fastrtps_cpp.dir/rosidl_typesupport_fastrtps_cpp/msg_interfaces/msg/detail/dds_fastrtps/drive__type_support.cpp.o[0m
[3.923s] [ 39%] [32mBuilding CXX object CMakeFiles/msg_interfaces__rosidl_typesupport_fastrtps_cpp.dir/rosidl_typesupport_fastrtps_cpp/msg_interfaces/msg/detail/dds_fastrtps/encoder_arm__type_support.cpp.o[0m
[3.958s] [ 40%] [32mBuilding CXX object CMakeFiles/msg_interfaces__rosidl_typesupport_fastrtps_cpp.dir/rosidl_typesupport_fastrtps_cpp/msg_interfaces/msg/detail/dds_fastrtps/arm_end_motion__type_support.cpp.o[0m
[3.959s] [ 41%] [32mBuilding CXX object CMakeFiles/msg_interfaces__rosidl_typesupport_c.dir/rosidl_typesupport_c/msg_interfaces/msg/drive__type_support.cpp.o[0m
[4.042s] [ 42%] [32mBuilding CXX object CMakeFiles/msg_interfaces__rosidl_typesupport_c.dir/rosidl_typesupport_c/msg_interfaces/msg/arm_end_motion__type_support.cpp.o[0m
[4.051s] [ 43%] [32mBuilding CXX object CMakeFiles/msg_interfaces__rosidl_typesupport_c.dir/rosidl_typesupport_c/msg_interfaces/msg/encoder_arm__type_support.cpp.o[0m
[4.056s] [ 44%] [32m[1mLinking CXX shared library libmsg_interfaces__rosidl_typesupport_cpp.so[0m
[4.061s] [ 45%] [32mBuilding CXX object CMakeFiles/msg_interfaces__rosidl_typesupport_fastrtps_cpp.dir/rosidl_typesupport_fastrtps_cpp/msg_interfaces/msg/detail/dds_fastrtps/wrist_joint_velocity__type_support.cpp.o[0m
[4.063s] [ 46%] [32mBuilding CXX object CMakeFiles/msg_interfaces__rosidl_typesupport_fastrtps_cpp.dir/rosidl_typesupport_fastrtps_cpp/msg_interfaces/msg/detail/dds_fastrtps/shoulder_joint_velocity__type_support.cpp.o[0m
[4.063s] [ 47%] [32mBuilding CXX object CMakeFiles/msg_interfaces__rosidl_typesupport_fastrtps_cpp.dir/rosidl_typesupport_fastrtps_cpp/msg_interfaces/msg/detail/dds_fastrtps/encoder_drive__type_support.cpp.o[0m
[4.089s] [ 48%] [32mBuilding CXX object CMakeFiles/msg_interfaces__rosidl_typesupport_c.dir/rosidl_typesupport_c/msg_interfaces/msg/encoder_drive__type_support.cpp.o[0m
[4.135s] [ 49%] [32mBuilding CXX object CMakeFiles/msg_interfaces__rosidl_typesupport_c.dir/rosidl_typesupport_c/msg_interfaces/msg/shoulder_joint_velocity__type_support.cpp.o[0m
[4.159s] [ 50%] [32mBuilding CXX object CMakeFiles/msg_interfaces__rosidl_typesupport_fastrtps_cpp.dir/rosidl_typesupport_fastrtps_cpp/msg_interfaces/msg/detail/dds_fastrtps/base_motion__type_support.cpp.o[0m
[4.178s] [ 50%] Built target msg_interfaces__rosidl_typesupport_cpp
[4.178s] [ 51%] [32mBuilding CXX object CMakeFiles/msg_interfaces__rosidl_typesupport_c.dir/rosidl_typesupport_c/msg_interfaces/msg/wrist_joint_velocity__type_support.cpp.o[0m
[4.194s] [ 52%] [32mBuilding CXX object CMakeFiles/msg_interfaces__rosidl_typesupport_fastrtps_cpp.dir/rosidl_typesupport_fastrtps_cpp/msg_interfaces/msg/detail/dds_fastrtps/final_vel__type_support.cpp.o[0m
[4.229s] [ 53%] [32mBuilding CXX object CMakeFiles/msg_interfaces__rosidl_typesupport_fastrtps_cpp.dir/rosidl_typesupport_fastrtps_cpp/msg_interfaces/msg/detail/dds_fastrtps/target_pose__type_support.cpp.o[0m
[4.305s] [ 54%] [32mBuilding CXX object CMakeFiles/msg_interfaces__rosidl_typesupport_c.dir/rosidl_typesupport_c/msg_interfaces/msg/base_motion__type_support.cpp.o[0m
[4.375s] [ 54%] [32mBuilding CXX object CMakeFiles/msg_interfaces__rosidl_typesupport_c.dir/rosidl_typesupport_c/msg_interfaces/msg/target_pose__type_support.cpp.o[0m
[4.381s] [ 55%] [32mBuilding CXX object CMakeFiles/msg_interfaces__rosidl_typesupport_c.dir/rosidl_typesupport_c/msg_interfaces/msg/final_vel__type_support.cpp.o[0m
[4.430s] [ 56%] [32mBuilding CXX object CMakeFiles/msg_interfaces__rosidl_typesupport_c.dir/rosidl_typesupport_c/msg_interfaces/msg/arm_angle__type_support.cpp.o[0m
[4.437s] [ 57%] [32mBuilding CXX object CMakeFiles/msg_interfaces__rosidl_typesupport_fastrtps_c.dir/rosidl_typesupport_fastrtps_c/msg_interfaces/msg/detail/drive__type_support_c.cpp.o[0m
[4.441s] [ 58%] [32mBuilding CXX object CMakeFiles/msg_interfaces__rosidl_typesupport_fastrtps_cpp.dir/rosidl_typesupport_fastrtps_cpp/msg_interfaces/msg/detail/dds_fastrtps/arm_angle__type_support.cpp.o[0m
[4.453s] [ 59%] [32mBuilding CXX object CMakeFiles/msg_interfaces__rosidl_typesupport_fastrtps_c.dir/rosidl_typesupport_fastrtps_c/msg_interfaces/msg/detail/arm_end_motion__type_support_c.cpp.o[0m
[4.467s] [ 60%] [32mBuilding CXX object CMakeFiles/msg_interfaces__rosidl_typesupport_fastrtps_c.dir/rosidl_typesupport_fastrtps_c/msg_interfaces/msg/detail/encoder_arm__type_support_c.cpp.o[0m
[4.478s] [ 61%] [32mBuilding CXX object CMakeFiles/msg_interfaces__rosidl_typesupport_fastrtps_c.dir/rosidl_typesupport_fastrtps_c/msg_interfaces/msg/detail/encoder_drive__type_support_c.cpp.o[0m
[4.491s] [ 62%] [32mBuilding CXX object CMakeFiles/msg_interfaces__rosidl_typesupport_fastrtps_c.dir/rosidl_typesupport_fastrtps_c/msg_interfaces/msg/detail/shoulder_joint_velocity__type_support_c.cpp.o[0m
[4.499s] [ 63%] [32m[1mLinking CXX shared library libmsg_interfaces__rosidl_typesupport_c.so[0m
[4.543s] [ 64%] [32mBuilding CXX object CMakeFiles/msg_interfaces__rosidl_typesupport_fastrtps_c.dir/rosidl_typesupport_fastrtps_c/msg_interfaces/msg/detail/wrist_joint_velocity__type_support_c.cpp.o[0m
[4.604s] [ 64%] Built target msg_interfaces__rosidl_typesupport_c
[4.613s] [ 65%] [32mBuilding C object CMakeFiles/msg_interfaces__rosidl_typesupport_introspection_c.dir/rosidl_typesupport_introspection_c/msg_interfaces/msg/detail/drive__type_support.c.o[0m
[4.623s] [ 66%] [32mBuilding C object CMakeFiles/msg_interfaces__rosidl_typesupport_introspection_c.dir/rosidl_typesupport_introspection_c/msg_interfaces/msg/detail/arm_end_motion__type_support.c.o[0m
[4.721s] [ 67%] [32mBuilding CXX object CMakeFiles/msg_interfaces__rosidl_typesupport_fastrtps_c.dir/rosidl_typesupport_fastrtps_c/msg_interfaces/msg/detail/base_motion__type_support_c.cpp.o[0m
[4.721s] [ 68%] [32mBuilding C object CMakeFiles/msg_interfaces__rosidl_typesupport_introspection_c.dir/rosidl_typesupport_introspection_c/msg_interfaces/msg/detail/encoder_arm__type_support.c.o[0m
[4.825s] [ 69%] [32mBuilding C object CMakeFiles/msg_interfaces__rosidl_typesupport_introspection_c.dir/rosidl_typesupport_introspection_c/msg_interfaces/msg/detail/encoder_drive__type_support.c.o[0m
[4.845s] [ 70%] [32mBuilding C object CMakeFiles/msg_interfaces__rosidl_typesupport_introspection_c.dir/rosidl_typesupport_introspection_c/msg_interfaces/msg/detail/shoulder_joint_velocity__type_support.c.o[0m
[4.934s] [ 71%] [32mBuilding C object CMakeFiles/msg_interfaces__rosidl_typesupport_introspection_c.dir/rosidl_typesupport_introspection_c/msg_interfaces/msg/detail/wrist_joint_velocity__type_support.c.o[0m
[4.979s] [ 72%] [32mBuilding C object CMakeFiles/msg_interfaces__rosidl_typesupport_introspection_c.dir/rosidl_typesupport_introspection_c/msg_interfaces/msg/detail/base_motion__type_support.c.o[0m
[4.995s] [ 73%] [32mBuilding C object CMakeFiles/msg_interfaces__rosidl_typesupport_introspection_c.dir/rosidl_typesupport_introspection_c/msg_interfaces/msg/detail/final_vel__type_support.c.o[0m
[5.007s] [ 74%] [32mBuilding C object CMakeFiles/msg_interfaces__rosidl_typesupport_introspection_c.dir/rosidl_typesupport_introspection_c/msg_interfaces/msg/detail/target_pose__type_support.c.o[0m
[5.009s] [ 75%] [32mBuilding C object CMakeFiles/msg_interfaces__rosidl_typesupport_introspection_c.dir/rosidl_typesupport_introspection_c/msg_interfaces/msg/detail/arm_angle__type_support.c.o[0m
[5.009s] [ 76%] [32mBuilding CXX object CMakeFiles/msg_interfaces__rosidl_typesupport_fastrtps_c.dir/rosidl_typesupport_fastrtps_c/msg_interfaces/msg/detail/final_vel__type_support_c.cpp.o[0m
[5.029s] [ 77%] [32mBuilding CXX object CMakeFiles/msg_interfaces__rosidl_typesupport_fastrtps_c.dir/rosidl_typesupport_fastrtps_c/msg_interfaces/msg/detail/target_pose__type_support_c.cpp.o[0m
[5.034s] [ 78%] [32mBuilding CXX object CMakeFiles/msg_interfaces__rosidl_typesupport_fastrtps_c.dir/rosidl_typesupport_fastrtps_c/msg_interfaces/msg/detail/arm_angle__type_support_c.cpp.o[0m
[5.094s] [ 79%] [32m[1mLinking C shared library libmsg_interfaces__rosidl_typesupport_introspection_c.so[0m
[5.155s] [ 80%] [32m[1mLinking CXX shared library libmsg_interfaces__rosidl_typesupport_introspection_cpp.so[0m
[5.170s] [ 80%] Built target msg_interfaces__rosidl_typesupport_introspection_c
[5.310s] [ 80%] Built target msg_interfaces__rosidl_typesupport_introspection_cpp
[5.496s] [ 81%] [32m[1mLinking CXX shared library libmsg_interfaces__rosidl_typesupport_fastrtps_cpp.so[0m
[5.557s] [ 82%] [32m[1mLinking CXX shared library libmsg_interfaces__rosidl_typesupport_fastrtps_c.so[0m
[5.561s] [ 82%] Built target msg_interfaces__rosidl_typesupport_fastrtps_cpp
[5.611s] [ 82%] Built target msg_interfaces__rosidl_typesupport_fastrtps_c
[5.626s] [ 82%] Built target msg_interfaces
[5.643s] [ 83%] [34m[1mGenerating Python code for ROS interfaces[0m
[6.271s] [ 83%] Built target msg_interfaces__py
[6.288s] [ 84%] [32mBuilding C object CMakeFiles/msg_interfaces__rosidl_generator_py.dir/rosidl_generator_py/msg_interfaces/msg/_base_motion_s.c.o[0m
[6.289s] [ 86%] [32mBuilding C object CMakeFiles/msg_interfaces__rosidl_generator_py.dir/rosidl_generator_py/msg_interfaces/msg/_shoulder_joint_velocity_s.c.o[0m
[6.289s] [ 86%] [32mBuilding C object CMakeFiles/msg_interfaces__rosidl_generator_py.dir/rosidl_generator_py/msg_interfaces/msg/_arm_end_motion_s.c.o[0m
[6.289s] [ 87%] [32mBuilding C object CMakeFiles/msg_interfaces__rosidl_generator_py.dir/rosidl_generator_py/msg_interfaces/msg/_arm_angle_s.c.o[0m
[6.289s] [ 89%] [32mBuilding C object CMakeFiles/msg_interfaces__rosidl_generator_py.dir/rosidl_generator_py/msg_interfaces/msg/_final_vel_s.c.o[0m
[6.290s] [ 89%] [32mBuilding C object CMakeFiles/msg_interfaces__rosidl_generator_py.dir/rosidl_generator_py/msg_interfaces/msg/_target_pose_s.c.o[0m
[6.290s] [ 92%] [32mBuilding C object CMakeFiles/msg_interfaces__rosidl_generator_py.dir/rosidl_generator_py/msg_interfaces/msg/_encoder_drive_s.c.o[0m
[6.290s] [ 92%] [32mBuilding C object CMakeFiles/msg_interfaces__rosidl_generator_py.dir/rosidl_generator_py/msg_interfaces/msg/_drive_s.c.o[0m
[6.290s] [ 92%] [32mBuilding C object CMakeFiles/msg_interfaces__rosidl_generator_py.dir/rosidl_generator_py/msg_interfaces/msg/_encoder_arm_s.c.o[0m
[6.291s] [ 93%] [32mBuilding C object CMakeFiles/msg_interfaces__rosidl_generator_py.dir/rosidl_generator_py/msg_interfaces/msg/_wrist_joint_velocity_s.c.o[0m
[6.462s] [ 94%] [32m[1mLinking C shared library rosidl_generator_py/msg_interfaces/libmsg_interfaces__rosidl_generator_py.so[0m
[6.493s] [ 94%] Built target msg_interfaces__rosidl_generator_py
[6.509s] [ 95%] [32mBuilding C object CMakeFiles/msg_interfaces__rosidl_typesupport_c__pyext.dir/rosidl_generator_py/msg_interfaces/_msg_interfaces_s.ep.rosidl_typesupport_c.c.o[0m
[6.509s] [ 96%] [32mBuilding C object CMakeFiles/msg_interfaces__rosidl_typesupport_introspection_c__pyext.dir/rosidl_generator_py/msg_interfaces/_msg_interfaces_s.ep.rosidl_typesupport_introspection_c.c.o[0m
[6.511s] [ 97%] [32mBuilding C object CMakeFiles/msg_interfaces__rosidl_typesupport_fastrtps_c__pyext.dir/rosidl_generator_py/msg_interfaces/_msg_interfaces_s.ep.rosidl_typesupport_fastrtps_c.c.o[0m
[6.605s] [ 98%] [32m[1mLinking C shared library rosidl_generator_py/msg_interfaces/msg_interfaces_s__rosidl_typesupport_c.cpython-310-x86_64-linux-gnu.so[0m
[6.605s] [ 99%] [32m[1mLinking C shared library rosidl_generator_py/msg_interfaces/msg_interfaces_s__rosidl_typesupport_fastrtps_c.cpython-310-x86_64-linux-gnu.so[0m
[6.613s] [100%] [32m[1mLinking C shared library rosidl_generator_py/msg_interfaces/msg_interfaces_s__rosidl_typesupport_introspection_c.cpython-310-x86_64-linux-gnu.so[0m
[6.635s] [100%] Built target msg_interfaces__rosidl_typesupport_fastrtps_c__pyext
[6.641s] [100%] Built target msg_interfaces__rosidl_typesupport_c__pyext
[6.646s] [100%] Built target msg_interfaces__rosidl_typesupport_introspection_c__pyext
[6.655s] Invoked command in '/home/siddhant/irc_rover_controls_2025/rover_essentials/build/msg_interfaces' returned '0': CMAKE_PREFIX_PATH=/opt/ros/humble /usr/bin/cmake --build /home/siddhant/irc_rover_controls_2025/rover_essentials/build/msg_interfaces -- -j22 -l22
[6.662s] Invoking command in '/home/siddhant/irc_rover_controls_2025/rover_essentials/build/msg_interfaces': CMAKE_PREFIX_PATH=/opt/ros/humble /usr/bin/cmake --install /home/siddhant/irc_rover_controls_2025/rover_essentials/build/msg_interfaces
[6.668s] -- Install configuration: ""
[6.668s] -- Installing: /home/siddhant/irc_rover_controls_2025/rover_essentials/install/msg_interfaces/share/ament_index/resource_index/rosidl_interfaces/msg_interfaces
[6.668s] -- Installing: /home/siddhant/irc_rover_controls_2025/rover_essentials/install/msg_interfaces/include/msg_interfaces/msg_interfaces
[6.669s] -- Installing: /home/siddhant/irc_rover_controls_2025/rover_essentials/install/msg_interfaces/include/msg_interfaces/msg_interfaces/msg
[6.669s] -- Installing: /home/siddhant/irc_rover_controls_2025/rover_essentials/install/msg_interfaces/include/msg_interfaces/msg_interfaces/msg/encoder_arm.h
[6.669s] -- Installing: /home/siddhant/irc_rover_controls_2025/rover_essentials/install/msg_interfaces/include/msg_interfaces/msg_interfaces/msg/target_pose.h
[6.669s] -- Installing: /home/siddhant/irc_rover_controls_2025/rover_essentials/install/msg_interfaces/include/msg_interfaces/msg_interfaces/msg/rosidl_generator_c__visibility_control.h
[6.669s] -- Installing: /home/siddhant/irc_rover_controls_2025/rover_essentials/install/msg_interfaces/include/msg_interfaces/msg_interfaces/msg/arm_angle.h
[6.669s] -- Installing: /home/siddhant/irc_rover_controls_2025/rover_essentials/install/msg_interfaces/include/msg_interfaces/msg_interfaces/msg/wrist_joint_velocity.h
[6.669s] -- Installing: /home/siddhant/irc_rover_controls_2025/rover_essentials/install/msg_interfaces/include/msg_interfaces/msg_interfaces/msg/base_motion.h
[6.669s] -- Installing: /home/siddhant/irc_rover_controls_2025/rover_essentials/install/msg_interfaces/include/msg_interfaces/msg_interfaces/msg/drive.h
[6.669s] -- Installing: /home/siddhant/irc_rover_controls_2025/rover_essentials/install/msg_interfaces/include/msg_interfaces/msg_interfaces/msg/final_vel.h
[6.669s] -- Installing: /home/siddhant/irc_rover_controls_2025/rover_essentials/install/msg_interfaces/include/msg_interfaces/msg_interfaces/msg/encoder_drive.h
[6.669s] -- Installing: /home/siddhant/irc_rover_controls_2025/rover_essentials/install/msg_interfaces/include/msg_interfaces/msg_interfaces/msg/shoulder_joint_velocity.h
[6.669s] -- Installing: /home/siddhant/irc_rover_controls_2025/rover_essentials/install/msg_interfaces/include/msg_interfaces/msg_interfaces/msg/arm_end_motion.h
[6.669s] -- Installing: /home/siddhant/irc_rover_controls_2025/rover_essentials/install/msg_interfaces/include/msg_interfaces/msg_interfaces/msg/detail
[6.669s] -- Installing: /home/siddhant/irc_rover_controls_2025/rover_essentials/install/msg_interfaces/include/msg_interfaces/msg_interfaces/msg/detail/arm_angle__struct.h
[6.669s] -- Installing: /home/siddhant/irc_rover_controls_2025/rover_essentials/install/msg_interfaces/include/msg_interfaces/msg_interfaces/msg/detail/encoder_arm__type_support.h
[6.670s] -- Installing: /home/siddhant/irc_rover_controls_2025/rover_essentials/install/msg_interfaces/include/msg_interfaces/msg_interfaces/msg/detail/base_motion__type_support.h
[6.670s] -- Installing: /home/siddhant/irc_rover_controls_2025/rover_essentials/install/msg_interfaces/include/msg_interfaces/msg_interfaces/msg/detail/arm_end_motion__type_support.h
[6.670s] -- Installing: /home/siddhant/irc_rover_controls_2025/rover_essentials/install/msg_interfaces/include/msg_interfaces/msg_interfaces/msg/detail/final_vel__functions.c
[6.670s] -- Installing: /home/siddhant/irc_rover_controls_2025/rover_essentials/install/msg_interfaces/include/msg_interfaces/msg_interfaces/msg/detail/encoder_drive__functions.c
[6.670s] -- Installing: /home/siddhant/irc_rover_controls_2025/rover_essentials/install/msg_interfaces/include/msg_interfaces/msg_interfaces/msg/detail/encoder_drive__struct.h
[6.670s] -- Installing: /home/siddhant/irc_rover_controls_2025/rover_essentials/install/msg_interfaces/include/msg_interfaces/msg_interfaces/msg/detail/shoulder_joint_velocity__functions.h
[6.670s] -- Installing: /home/siddhant/irc_rover_controls_2025/rover_essentials/install/msg_interfaces/include/msg_interfaces/msg_interfaces/msg/detail/encoder_drive__type_support.h
[6.670s] -- Installing: /home/siddhant/irc_rover_controls_2025/rover_essentials/install/msg_interfaces/include/msg_interfaces/msg_interfaces/msg/detail/target_pose__struct.h
[6.670s] -- Installing: /home/siddhant/irc_rover_controls_2025/rover_essentials/install/msg_interfaces/include/msg_interfaces/msg_interfaces/msg/detail/shoulder_joint_velocity__struct.h
[6.670s] -- Installing: /home/siddhant/irc_rover_controls_2025/rover_essentials/install/msg_interfaces/include/msg_interfaces/msg_interfaces/msg/detail/wrist_joint_velocity__type_support.h
[6.670s] -- Installing: /home/siddhant/irc_rover_controls_2025/rover_essentials/install/msg_interfaces/include/msg_interfaces/msg_interfaces/msg/detail/arm_end_motion__functions.h
[6.670s] -- Installing: /home/siddhant/irc_rover_controls_2025/rover_essentials/install/msg_interfaces/include/msg_interfaces/msg_interfaces/msg/detail/encoder_arm__struct.h
[6.670s] -- Installing: /home/siddhant/irc_rover_controls_2025/rover_essentials/install/msg_interfaces/include/msg_interfaces/msg_interfaces/msg/detail/base_motion__functions.c
[6.670s] -- Installing: /home/siddhant/irc_rover_controls_2025/rover_essentials/install/msg_interfaces/include/msg_interfaces/msg_interfaces/msg/detail/encoder_drive__functions.h
[6.670s] -- Installing: /home/siddhant/irc_rover_controls_2025/rover_essentials/install/msg_interfaces/include/msg_interfaces/msg_interfaces/msg/detail/target_pose__type_support.h
[6.670s] -- Installing: /home/siddhant/irc_rover_controls_2025/rover_essentials/install/msg_interfaces/include/msg_interfaces/msg_interfaces/msg/detail/arm_end_motion__functions.c
[6.670s] -- Installing: /home/siddhant/irc_rover_controls_2025/rover_essentials/install/msg_interfaces/include/msg_interfaces/msg_interfaces/msg/detail/drive__functions.c
[6.670s] -- Installing: /home/siddhant/irc_rover_controls_2025/rover_essentials/install/msg_interfaces/include/msg_interfaces/msg_interfaces/msg/detail/final_vel__type_support.h
[6.670s] -- Installing: /home/siddhant/irc_rover_controls_2025/rover_essentials/install/msg_interfaces/include/msg_interfaces/msg_interfaces/msg/detail/drive__functions.h
[6.671s] -- Installing: /home/siddhant/irc_rover_controls_2025/rover_essentials/install/msg_interfaces/include/msg_interfaces/msg_interfaces/msg/detail/drive__type_support.h
[6.671s] -- Installing: /home/siddhant/irc_rover_controls_2025/rover_essentials/install/msg_interfaces/include/msg_interfaces/msg_interfaces/msg/detail/target_pose__functions.h
[6.671s] -- Installing: /home/siddhant/irc_rover_controls_2025/rover_essentials/install/msg_interfaces/include/msg_interfaces/msg_interfaces/msg/detail/final_vel__functions.h
[6.671s] -- Installing: /home/siddhant/irc_rover_controls_2025/rover_essentials/install/msg_interfaces/include/msg_interfaces/msg_interfaces/msg/detail/base_motion__functions.h
[6.671s] -- Installing: /home/siddhant/irc_rover_controls_2025/rover_essentials/install/msg_interfaces/include/msg_interfaces/msg_interfaces/msg/detail/final_vel__struct.h
[6.671s] -- Installing: /home/siddhant/irc_rover_controls_2025/rover_essentials/install/msg_interfaces/include/msg_interfaces/msg_interfaces/msg/detail/encoder_arm__functions.h
[6.671s] -- Installing: /home/siddhant/irc_rover_controls_2025/rover_essentials/install/msg_interfaces/include/msg_interfaces/msg_interfaces/msg/detail/wrist_joint_velocity__functions.h
[6.671s] -- Installing: /home/siddhant/irc_rover_controls_2025/rover_essentials/install/msg_interfaces/include/msg_interfaces/msg_interfaces/msg/detail/arm_angle__functions.c
[6.671s] -- Installing: /home/siddhant/irc_rover_controls_2025/rover_essentials/install/msg_interfaces/include/msg_interfaces/msg_interfaces/msg/detail/base_motion__struct.h
[6.671s] -- Installing: /home/siddhant/irc_rover_controls_2025/rover_essentials/install/msg_interfaces/include/msg_interfaces/msg_interfaces/msg/detail/arm_end_motion__struct.h
[6.671s] -- Installing: /home/siddhant/irc_rover_controls_2025/rover_essentials/install/msg_interfaces/include/msg_interfaces/msg_interfaces/msg/detail/encoder_arm__functions.c
[6.671s] -- Installing: /home/siddhant/irc_rover_controls_2025/rover_essentials/install/msg_interfaces/include/msg_interfaces/msg_interfaces/msg/detail/shoulder_joint_velocity__type_support.h
[6.671s] -- Installing: /home/siddhant/irc_rover_controls_2025/rover_essentials/install/msg_interfaces/include/msg_interfaces/msg_interfaces/msg/detail/wrist_joint_velocity__functions.c
[6.671s] -- Installing: /home/siddhant/irc_rover_controls_2025/rover_essentials/install/msg_interfaces/include/msg_interfaces/msg_interfaces/msg/detail/drive__struct.h
[6.671s] -- Installing: /home/siddhant/irc_rover_controls_2025/rover_essentials/install/msg_interfaces/include/msg_interfaces/msg_interfaces/msg/detail/arm_angle__type_support.h
[6.671s] -- Installing: /home/siddhant/irc_rover_controls_2025/rover_essentials/install/msg_interfaces/include/msg_interfaces/msg_interfaces/msg/detail/arm_angle__functions.h
[6.671s] -- Installing: /home/siddhant/irc_rover_controls_2025/rover_essentials/install/msg_interfaces/include/msg_interfaces/msg_interfaces/msg/detail/shoulder_joint_velocity__functions.c
[6.671s] -- Installing: /home/siddhant/irc_rover_controls_2025/rover_essentials/install/msg_interfaces/include/msg_interfaces/msg_interfaces/msg/detail/target_pose__functions.c
[6.671s] -- Installing: /home/siddhant/irc_rover_controls_2025/rover_essentials/install/msg_interfaces/include/msg_interfaces/msg_interfaces/msg/detail/wrist_joint_velocity__struct.h
[6.671s] -- Installing: /home/siddhant/irc_rover_controls_2025/rover_essentials/install/msg_interfaces/share/msg_interfaces/environment/library_path.sh
[6.671s] -- Installing: /home/siddhant/irc_rover_controls_2025/rover_essentials/install/msg_interfaces/share/msg_interfaces/environment/library_path.dsv
[6.672s] -- Installing: /home/siddhant/irc_rover_controls_2025/rover_essentials/install/msg_interfaces/lib/libmsg_interfaces__rosidl_generator_c.so
[6.672s] -- Set runtime path of "/home/siddhant/irc_rover_controls_2025/rover_essentials/install/msg_interfaces/lib/libmsg_interfaces__rosidl_generator_c.so" to ""
[6.672s] -- Up-to-date: /home/siddhant/irc_rover_controls_2025/rover_essentials/install/msg_interfaces/include/msg_interfaces/msg_interfaces
[6.672s] -- Up-to-date: /home/siddhant/irc_rover_controls_2025/rover_essentials/install/msg_interfaces/include/msg_interfaces/msg_interfaces/msg
[6.672s] -- Installing: /home/siddhant/irc_rover_controls_2025/rover_essentials/install/msg_interfaces/include/msg_interfaces/msg_interfaces/msg/rosidl_typesupport_fastrtps_c__visibility_control.h
[6.672s] -- Up-to-date: /home/siddhant/irc_rover_controls_2025/rover_essentials/install/msg_interfaces/include/msg_interfaces/msg_interfaces/msg/detail
[6.672s] -- Installing: /home/siddhant/irc_rover_controls_2025/rover_essentials/install/msg_interfaces/include/msg_interfaces/msg_interfaces/msg/detail/shoulder_joint_velocity__rosidl_typesupport_fastrtps_c.h
[6.672s] -- Installing: /home/siddhant/irc_rover_controls_2025/rover_essentials/install/msg_interfaces/include/msg_interfaces/msg_interfaces/msg/detail/drive__rosidl_typesupport_fastrtps_c.h
[6.672s] -- Installing: /home/siddhant/irc_rover_controls_2025/rover_essentials/install/msg_interfaces/include/msg_interfaces/msg_interfaces/msg/detail/wrist_joint_velocity__rosidl_typesupport_fastrtps_c.h
[6.672s] -- Installing: /home/siddhant/irc_rover_controls_2025/rover_essentials/install/msg_interfaces/include/msg_interfaces/msg_interfaces/msg/detail/target_pose__rosidl_typesupport_fastrtps_c.h
[6.672s] -- Installing: /home/siddhant/irc_rover_controls_2025/rover_essentials/install/msg_interfaces/include/msg_interfaces/msg_interfaces/msg/detail/encoder_arm__rosidl_typesupport_fastrtps_c.h
[6.672s] -- Installing: /home/siddhant/irc_rover_controls_2025/rover_essentials/install/msg_interfaces/include/msg_interfaces/msg_interfaces/msg/detail/arm_end_motion__rosidl_typesupport_fastrtps_c.h
[6.672s] -- Installing: /home/siddhant/irc_rover_controls_2025/rover_essentials/install/msg_interfaces/include/msg_interfaces/msg_interfaces/msg/detail/base_motion__rosidl_typesupport_fastrtps_c.h
[6.672s] -- Installing: /home/siddhant/irc_rover_controls_2025/rover_essentials/install/msg_interfaces/include/msg_interfaces/msg_interfaces/msg/detail/final_vel__rosidl_typesupport_fastrtps_c.h
[6.672s] -- Installing: /home/siddhant/irc_rover_controls_2025/rover_essentials/install/msg_interfaces/include/msg_interfaces/msg_interfaces/msg/detail/arm_angle__rosidl_typesupport_fastrtps_c.h
[6.672s] -- Installing: /home/siddhant/irc_rover_controls_2025/rover_essentials/install/msg_interfaces/include/msg_interfaces/msg_interfaces/msg/detail/encoder_drive__rosidl_typesupport_fastrtps_c.h
[6.672s] -- Installing: /home/siddhant/irc_rover_controls_2025/rover_essentials/install/msg_interfaces/lib/libmsg_interfaces__rosidl_typesupport_fastrtps_c.so
[6.673s] -- Set runtime path of "/home/siddhant/irc_rover_controls_2025/rover_essentials/install/msg_interfaces/lib/libmsg_interfaces__rosidl_typesupport_fastrtps_c.so" to ""
[6.673s] -- Up-to-date: /home/siddhant/irc_rover_controls_2025/rover_essentials/install/msg_interfaces/include/msg_interfaces/msg_interfaces
[6.673s] -- Up-to-date: /home/siddhant/irc_rover_controls_2025/rover_essentials/install/msg_interfaces/include/msg_interfaces/msg_interfaces/msg
[6.673s] -- Installing: /home/siddhant/irc_rover_controls_2025/rover_essentials/install/msg_interfaces/include/msg_interfaces/msg_interfaces/msg/target_pose.hpp
[6.673s] -- Installing: /home/siddhant/irc_rover_controls_2025/rover_essentials/install/msg_interfaces/include/msg_interfaces/msg_interfaces/msg/encoder_arm.hpp
[6.673s] -- Installing: /home/siddhant/irc_rover_controls_2025/rover_essentials/install/msg_interfaces/include/msg_interfaces/msg_interfaces/msg/shoulder_joint_velocity.hpp
[6.673s] -- Installing: /home/siddhant/irc_rover_controls_2025/rover_essentials/install/msg_interfaces/include/msg_interfaces/msg_interfaces/msg/rosidl_generator_cpp__visibility_control.hpp
[6.673s] -- Installing: /home/siddhant/irc_rover_controls_2025/rover_essentials/install/msg_interfaces/include/msg_interfaces/msg_interfaces/msg/base_motion.hpp
[6.673s] -- Installing: /home/siddhant/irc_rover_controls_2025/rover_essentials/install/msg_interfaces/include/msg_interfaces/msg_interfaces/msg/drive.hpp
[6.673s] -- Installing: /home/siddhant/irc_rover_controls_2025/rover_essentials/install/msg_interfaces/include/msg_interfaces/msg_interfaces/msg/arm_end_motion.hpp
[6.673s] -- Up-to-date: /home/siddhant/irc_rover_controls_2025/rover_essentials/install/msg_interfaces/include/msg_interfaces/msg_interfaces/msg/detail
[6.673s] -- Installing: /home/siddhant/irc_rover_controls_2025/rover_essentials/install/msg_interfaces/include/msg_interfaces/msg_interfaces/msg/detail/base_motion__type_support.hpp
[6.673s] -- Installing: /home/siddhant/irc_rover_controls_2025/rover_essentials/install/msg_interfaces/include/msg_interfaces/msg_interfaces/msg/detail/final_vel__struct.hpp
[6.673s] -- Installing: /home/siddhant/irc_rover_controls_2025/rover_essentials/install/msg_interfaces/include/msg_interfaces/msg_interfaces/msg/detail/drive__struct.hpp
[6.673s] -- Installing: /home/siddhant/irc_rover_controls_2025/rover_essentials/install/msg_interfaces/include/msg_interfaces/msg_interfaces/msg/detail/drive__traits.hpp
[6.673s] -- Installing: /home/siddhant/irc_rover_controls_2025/rover_essentials/install/msg_interfaces/include/msg_interfaces/msg_interfaces/msg/detail/arm_angle__struct.hpp
[6.673s] -- Installing: /home/siddhant/irc_rover_controls_2025/rover_essentials/install/msg_interfaces/include/msg_interfaces/msg_interfaces/msg/detail/encoder_drive__builder.hpp
[6.674s] -- Installing: /home/siddhant/irc_rover_controls_2025/rover_essentials/install/msg_interfaces/include/msg_interfaces/msg_interfaces/msg/detail/shoulder_joint_velocity__traits.hpp
[6.674s] -- Installing: /home/siddhant/irc_rover_controls_2025/rover_essentials/install/msg_interfaces/include/msg_interfaces/msg_interfaces/msg/detail/drive__type_support.hpp
[6.674s] -- Installing: /home/siddhant/irc_rover_controls_2025/rover_essentials/install/msg_interfaces/include/msg_interfaces/msg_interfaces/msg/detail/encoder_arm__struct.hpp
[6.674s] -- Installing: /home/siddhant/irc_rover_controls_2025/rover_essentials/install/msg_interfaces/include/msg_interfaces/msg_interfaces/msg/detail/base_motion__traits.hpp
[6.674s] -- Installing: /home/siddhant/irc_rover_controls_2025/rover_essentials/install/msg_interfaces/include/msg_interfaces/msg_interfaces/msg/detail/arm_angle__builder.hpp
[6.674s] -- Installing: /home/siddhant/irc_rover_controls_2025/rover_essentials/install/msg_interfaces/include/msg_interfaces/msg_interfaces/msg/detail/target_pose__type_support.hpp
[6.674s] -- Installing: /home/siddhant/irc_rover_controls_2025/rover_essentials/install/msg_interfaces/include/msg_interfaces/msg_interfaces/msg/detail/arm_end_motion__struct.hpp
[6.674s] -- Installing: /home/siddhant/irc_rover_controls_2025/rover_essentials/install/msg_interfaces/include/msg_interfaces/msg_interfaces/msg/detail/wrist_joint_velocity__builder.hpp
[6.674s] -- Installing: /home/siddhant/irc_rover_controls_2025/rover_essentials/install/msg_interfaces/include/msg_interfaces/msg_interfaces/msg/detail/target_pose__traits.hpp
[6.674s] -- Installing: /home/siddhant/irc_rover_controls_2025/rover_essentials/install/msg_interfaces/include/msg_interfaces/msg_interfaces/msg/detail/wrist_joint_velocity__type_support.hpp
[6.674s] -- Installing: /home/siddhant/irc_rover_controls_2025/rover_essentials/install/msg_interfaces/include/msg_interfaces/msg_interfaces/msg/detail/base_motion__struct.hpp
[6.674s] -- Installing: /home/siddhant/irc_rover_controls_2025/rover_essentials/install/msg_interfaces/include/msg_interfaces/msg_interfaces/msg/detail/encoder_drive__type_support.hpp
[6.674s] -- Installing: /home/siddhant/irc_rover_controls_2025/rover_essentials/install/msg_interfaces/include/msg_interfaces/msg_interfaces/msg/detail/final_vel__type_support.hpp
[6.674s] -- Installing: /home/siddhant/irc_rover_controls_2025/rover_essentials/install/msg_interfaces/include/msg_interfaces/msg_interfaces/msg/detail/drive__builder.hpp
[6.674s] -- Installing: /home/siddhant/irc_rover_controls_2025/rover_essentials/install/msg_interfaces/include/msg_interfaces/msg_interfaces/msg/detail/encoder_arm__traits.hpp
[6.674s] -- Installing: /home/siddhant/irc_rover_controls_2025/rover_essentials/install/msg_interfaces/include/msg_interfaces/msg_interfaces/msg/detail/shoulder_joint_velocity__struct.hpp
[6.674s] -- Installing: /home/siddhant/irc_rover_controls_2025/rover_essentials/install/msg_interfaces/include/msg_interfaces/msg_interfaces/msg/detail/final_vel__traits.hpp
[6.675s] -- Installing: /home/siddhant/irc_rover_controls_2025/rover_essentials/install/msg_interfaces/include/msg_interfaces/msg_interfaces/msg/detail/arm_angle__traits.hpp
[6.675s] -- Installing: /home/siddhant/irc_rover_controls_2025/rover_essentials/install/msg_interfaces/include/msg_interfaces/msg_interfaces/msg/detail/encoder_drive__traits.hpp
[6.675s] -- Installing: /home/siddhant/irc_rover_controls_2025/rover_essentials/install/msg_interfaces/include/msg_interfaces/msg_interfaces/msg/detail/shoulder_joint_velocity__builder.hpp
[6.675s] -- Installing: /home/siddhant/irc_rover_controls_2025/rover_essentials/install/msg_interfaces/include/msg_interfaces/msg_interfaces/msg/detail/encoder_arm__type_support.hpp
[6.675s] -- Installing: /home/siddhant/irc_rover_controls_2025/rover_essentials/install/msg_interfaces/include/msg_interfaces/msg_interfaces/msg/detail/base_motion__builder.hpp
[6.675s] -- Installing: /home/siddhant/irc_rover_controls_2025/rover_essentials/install/msg_interfaces/include/msg_interfaces/msg_interfaces/msg/detail/arm_end_motion__builder.hpp
[6.675s] -- Installing: /home/siddhant/irc_rover_controls_2025/rover_essentials/install/msg_interfaces/include/msg_interfaces/msg_interfaces/msg/detail/shoulder_joint_velocity__type_support.hpp
[6.675s] -- Installing: /home/siddhant/irc_rover_controls_2025/rover_essentials/install/msg_interfaces/include/msg_interfaces/msg_interfaces/msg/detail/encoder_drive__struct.hpp
[6.675s] -- Installing: /home/siddhant/irc_rover_controls_2025/rover_essentials/install/msg_interfaces/include/msg_interfaces/msg_interfaces/msg/detail/wrist_joint_velocity__struct.hpp
[6.675s] -- Installing: /home/siddhant/irc_rover_controls_2025/rover_essentials/install/msg_interfaces/include/msg_interfaces/msg_interfaces/msg/detail/arm_end_motion__type_support.hpp
[6.675s] -- Installing: /home/siddhant/irc_rover_controls_2025/rover_essentials/install/msg_interfaces/include/msg_interfaces/msg_interfaces/msg/detail/wrist_joint_velocity__traits.hpp
[6.675s] -- Installing: /home/siddhant/irc_rover_controls_2025/rover_essentials/install/msg_interfaces/include/msg_interfaces/msg_interfaces/msg/detail/target_pose__builder.hpp
[6.675s] -- Installing: /home/siddhant/irc_rover_controls_2025/rover_essentials/install/msg_interfaces/include/msg_interfaces/msg_interfaces/msg/detail/final_vel__builder.hpp
[6.675s] -- Installing: /home/siddhant/irc_rover_controls_2025/rover_essentials/install/msg_interfaces/include/msg_interfaces/msg_interfaces/msg/detail/encoder_arm__builder.hpp
[6.675s] -- Installing: /home/siddhant/irc_rover_controls_2025/rover_essentials/install/msg_interfaces/include/msg_interfaces/msg_interfaces/msg/detail/target_pose__struct.hpp
[6.675s] -- Installing: /home/siddhant/irc_rover_controls_2025/rover_essentials/install/msg_interfaces/include/msg_interfaces/msg_interfaces/msg/detail/arm_angle__type_support.hpp
[6.675s] -- Installing: /home/siddhant/irc_rover_controls_2025/rover_essentials/install/msg_interfaces/include/msg_interfaces/msg_interfaces/msg/detail/arm_end_motion__traits.hpp
[6.675s] -- Installing: /home/siddhant/irc_rover_controls_2025/rover_essentials/install/msg_interfaces/include/msg_interfaces/msg_interfaces/msg/arm_angle.hpp
[6.675s] -- Installing: /home/siddhant/irc_rover_controls_2025/rover_essentials/install/msg_interfaces/include/msg_interfaces/msg_interfaces/msg/wrist_joint_velocity.hpp
[6.675s] -- Installing: /home/siddhant/irc_rover_controls_2025/rover_essentials/install/msg_interfaces/include/msg_interfaces/msg_interfaces/msg/encoder_drive.hpp
[6.676s] -- Installing: /home/siddhant/irc_rover_controls_2025/rover_essentials/install/msg_interfaces/include/msg_interfaces/msg_interfaces/msg/final_vel.hpp
[6.676s] -- Up-to-date: /home/siddhant/irc_rover_controls_2025/rover_essentials/install/msg_interfaces/include/msg_interfaces/msg_interfaces
[6.676s] -- Up-to-date: /home/siddhant/irc_rover_controls_2025/rover_essentials/install/msg_interfaces/include/msg_interfaces/msg_interfaces/msg
[6.676s] -- Up-to-date: /home/siddhant/irc_rover_controls_2025/rover_essentials/install/msg_interfaces/include/msg_interfaces/msg_interfaces/msg/detail
[6.676s] -- Installing: /home/siddhant/irc_rover_controls_2025/rover_essentials/install/msg_interfaces/include/msg_interfaces/msg_interfaces/msg/detail/base_motion__rosidl_typesupport_fastrtps_cpp.hpp
[6.676s] -- Installing: /home/siddhant/irc_rover_controls_2025/rover_essentials/install/msg_interfaces/include/msg_interfaces/msg_interfaces/msg/detail/drive__rosidl_typesupport_fastrtps_cpp.hpp
[6.676s] -- Installing: /home/siddhant/irc_rover_controls_2025/rover_essentials/install/msg_interfaces/include/msg_interfaces/msg_interfaces/msg/detail/shoulder_joint_velocity__rosidl_typesupport_fastrtps_cpp.hpp
[6.676s] -- Installing: /home/siddhant/irc_rover_controls_2025/rover_essentials/install/msg_interfaces/include/msg_interfaces/msg_interfaces/msg/detail/final_vel__rosidl_typesupport_fastrtps_cpp.hpp
[6.676s] -- Installing: /home/siddhant/irc_rover_controls_2025/rover_essentials/install/msg_interfaces/include/msg_interfaces/msg_interfaces/msg/detail/arm_end_motion__rosidl_typesupport_fastrtps_cpp.hpp
[6.676s] -- Installing: /home/siddhant/irc_rover_controls_2025/rover_essentials/install/msg_interfaces/include/msg_interfaces/msg_interfaces/msg/detail/encoder_arm__rosidl_typesupport_fastrtps_cpp.hpp
[6.676s] -- Installing: /home/siddhant/irc_rover_controls_2025/rover_essentials/install/msg_interfaces/include/msg_interfaces/msg_interfaces/msg/detail/dds_fastrtps
[6.676s] -- Installing: /home/siddhant/irc_rover_controls_2025/rover_essentials/install/msg_interfaces/include/msg_interfaces/msg_interfaces/msg/detail/arm_angle__rosidl_typesupport_fastrtps_cpp.hpp
[6.676s] -- Installing: /home/siddhant/irc_rover_controls_2025/rover_essentials/install/msg_interfaces/include/msg_interfaces/msg_interfaces/msg/detail/target_pose__rosidl_typesupport_fastrtps_cpp.hpp
[6.676s] -- Installing: /home/siddhant/irc_rover_controls_2025/rover_essentials/install/msg_interfaces/include/msg_interfaces/msg_interfaces/msg/detail/wrist_joint_velocity__rosidl_typesupport_fastrtps_cpp.hpp
[6.676s] -- Installing: /home/siddhant/irc_rover_controls_2025/rover_essentials/install/msg_interfaces/include/msg_interfaces/msg_interfaces/msg/detail/encoder_drive__rosidl_typesupport_fastrtps_cpp.hpp
[6.676s] -- Installing: /home/siddhant/irc_rover_controls_2025/rover_essentials/install/msg_interfaces/include/msg_interfaces/msg_interfaces/msg/rosidl_typesupport_fastrtps_cpp__visibility_control.h
[6.676s] -- Installing: /home/siddhant/irc_rover_controls_2025/rover_essentials/install/msg_interfaces/lib/libmsg_interfaces__rosidl_typesupport_fastrtps_cpp.so
[6.677s] -- Set runtime path of "/home/siddhant/irc_rover_controls_2025/rover_essentials/install/msg_interfaces/lib/libmsg_interfaces__rosidl_typesupport_fastrtps_cpp.so" to ""
[6.677s] -- Up-to-date: /home/siddhant/irc_rover_controls_2025/rover_essentials/install/msg_interfaces/include/msg_interfaces/msg_interfaces
[6.677s] -- Up-to-date: /home/siddhant/irc_rover_controls_2025/rover_essentials/install/msg_interfaces/include/msg_interfaces/msg_interfaces/msg
[6.677s] -- Installing: /home/siddhant/irc_rover_controls_2025/rover_essentials/install/msg_interfaces/include/msg_interfaces/msg_interfaces/msg/rosidl_typesupport_introspection_c__visibility_control.h
[6.677s] -- Up-to-date: /home/siddhant/irc_rover_controls_2025/rover_essentials/install/msg_interfaces/include/msg_interfaces/msg_interfaces/msg/detail
[6.677s] -- Installing: /home/siddhant/irc_rover_controls_2025/rover_essentials/install/msg_interfaces/include/msg_interfaces/msg_interfaces/msg/detail/target_pose__rosidl_typesupport_introspection_c.h
[6.677s] -- Installing: /home/siddhant/irc_rover_controls_2025/rover_essentials/install/msg_interfaces/include/msg_interfaces/msg_interfaces/msg/detail/encoder_arm__type_support.c
[6.677s] -- Installing: /home/siddhant/irc_rover_controls_2025/rover_essentials/install/msg_interfaces/include/msg_interfaces/msg_interfaces/msg/detail/drive__rosidl_typesupport_introspection_c.h
[6.677s] -- Installing: /home/siddhant/irc_rover_controls_2025/rover_essentials/install/msg_interfaces/include/msg_interfaces/msg_interfaces/msg/detail/final_vel__rosidl_typesupport_introspection_c.h
[6.677s] -- Installing: /home/siddhant/irc_rover_controls_2025/rover_essentials/install/msg_interfaces/include/msg_interfaces/msg_interfaces/msg/detail/encoder_arm__rosidl_typesupport_introspection_c.h
[6.677s] -- Installing: /home/siddhant/irc_rover_controls_2025/rover_essentials/install/msg_interfaces/include/msg_interfaces/msg_interfaces/msg/detail/arm_angle__rosidl_typesupport_introspection_c.h
[6.677s] -- Installing: /home/siddhant/irc_rover_controls_2025/rover_essentials/install/msg_interfaces/include/msg_interfaces/msg_interfaces/msg/detail/arm_end_motion__type_support.c
[6.677s] -- Installing: /home/siddhant/irc_rover_controls_2025/rover_essentials/install/msg_interfaces/include/msg_interfaces/msg_interfaces/msg/detail/base_motion__rosidl_typesupport_introspection_c.h
[6.677s] -- Installing: /home/siddhant/irc_rover_controls_2025/rover_essentials/install/msg_interfaces/include/msg_interfaces/msg_interfaces/msg/detail/wrist_joint_velocity__rosidl_typesupport_introspection_c.h
[6.677s] -- Installing: /home/siddhant/irc_rover_controls_2025/rover_essentials/install/msg_interfaces/include/msg_interfaces/msg_interfaces/msg/detail/shoulder_joint_velocity__rosidl_typesupport_introspection_c.h
[6.678s] -- Installing: /home/siddhant/irc_rover_controls_2025/rover_essentials/install/msg_interfaces/include/msg_interfaces/msg_interfaces/msg/detail/wrist_joint_velocity__type_support.c
[6.678s] -- Installing: /home/siddhant/irc_rover_controls_2025/rover_essentials/install/msg_interfaces/include/msg_interfaces/msg_interfaces/msg/detail/final_vel__type_support.c
[6.678s] -- Installing: /home/siddhant/irc_rover_controls_2025/rover_essentials/install/msg_interfaces/include/msg_interfaces/msg_interfaces/msg/detail/target_pose__type_support.c
[6.678s] -- Installing: /home/siddhant/irc_rover_controls_2025/rover_essentials/install/msg_interfaces/include/msg_interfaces/msg_interfaces/msg/detail/drive__type_support.c
[6.678s] -- Installing: /home/siddhant/irc_rover_controls_2025/rover_essentials/install/msg_interfaces/include/msg_interfaces/msg_interfaces/msg/detail/shoulder_joint_velocity__type_support.c
[6.678s] -- Installing: /home/siddhant/irc_rover_controls_2025/rover_essentials/install/msg_interfaces/include/msg_interfaces/msg_interfaces/msg/detail/arm_angle__type_support.c
[6.678s] -- Installing: /home/siddhant/irc_rover_controls_2025/rover_essentials/install/msg_interfaces/include/msg_interfaces/msg_interfaces/msg/detail/arm_end_motion__rosidl_typesupport_introspection_c.h
[6.678s] -- Installing: /home/siddhant/irc_rover_controls_2025/rover_essentials/install/msg_interfaces/include/msg_interfaces/msg_interfaces/msg/detail/encoder_drive__rosidl_typesupport_introspection_c.h
[6.678s] -- Installing: /home/siddhant/irc_rover_controls_2025/rover_essentials/install/msg_interfaces/include/msg_interfaces/msg_interfaces/msg/detail/encoder_drive__type_support.c
[6.678s] -- Installing: /home/siddhant/irc_rover_controls_2025/rover_essentials/install/msg_interfaces/include/msg_interfaces/msg_interfaces/msg/detail/base_motion__type_support.c
[6.678s] -- Installing: /home/siddhant/irc_rover_controls_2025/rover_essentials/install/msg_interfaces/lib/libmsg_interfaces__rosidl_typesupport_introspection_c.so
[6.678s] -- Set runtime path of "/home/siddhant/irc_rover_controls_2025/rover_essentials/install/msg_interfaces/lib/libmsg_interfaces__rosidl_typesupport_introspection_c.so" to ""
[6.678s] -- Installing: /home/siddhant/irc_rover_controls_2025/rover_essentials/install/msg_interfaces/lib/libmsg_interfaces__rosidl_typesupport_c.so
[6.679s] -- Set runtime path of "/home/siddhant/irc_rover_controls_2025/rover_essentials/install/msg_interfaces/lib/libmsg_interfaces__rosidl_typesupport_c.so" to ""
[6.679s] -- Up-to-date: /home/siddhant/irc_rover_controls_2025/rover_essentials/install/msg_interfaces/include/msg_interfaces/msg_interfaces
[6.679s] -- Up-to-date: /home/siddhant/irc_rover_controls_2025/rover_essentials/install/msg_interfaces/include/msg_interfaces/msg_interfaces/msg
[6.679s] -- Up-to-date: /home/siddhant/irc_rover_controls_2025/rover_essentials/install/msg_interfaces/include/msg_interfaces/msg_interfaces/msg/detail
[6.679s] -- Installing: /home/siddhant/irc_rover_controls_2025/rover_essentials/install/msg_interfaces/include/msg_interfaces/msg_interfaces/msg/detail/encoder_drive__type_support.cpp
[6.679s] -- Installing: /home/siddhant/irc_rover_controls_2025/rover_essentials/install/msg_interfaces/include/msg_interfaces/msg_interfaces/msg/detail/drive__type_support.cpp
[6.679s] -- Installing: /home/siddhant/irc_rover_controls_2025/rover_essentials/install/msg_interfaces/include/msg_interfaces/msg_interfaces/msg/detail/shoulder_joint_velocity__rosidl_typesupport_introspection_cpp.hpp
[6.679s] -- Installing: /home/siddhant/irc_rover_controls_2025/rover_essentials/install/msg_interfaces/include/msg_interfaces/msg_interfaces/msg/detail/final_vel__type_support.cpp
[6.679s] -- Installing: /home/siddhant/irc_rover_controls_2025/rover_essentials/install/msg_interfaces/include/msg_interfaces/msg_interfaces/msg/detail/encoder_arm__rosidl_typesupport_introspection_cpp.hpp
[6.679s] -- Installing: /home/siddhant/irc_rover_controls_2025/rover_essentials/install/msg_interfaces/include/msg_interfaces/msg_interfaces/msg/detail/arm_end_motion__type_support.cpp
[6.679s] -- Installing: /home/siddhant/irc_rover_controls_2025/rover_essentials/install/msg_interfaces/include/msg_interfaces/msg_interfaces/msg/detail/arm_angle__rosidl_typesupport_introspection_cpp.hpp
[6.679s] -- Installing: /home/siddhant/irc_rover_controls_2025/rover_essentials/install/msg_interfaces/include/msg_interfaces/msg_interfaces/msg/detail/arm_end_motion__rosidl_typesupport_introspection_cpp.hpp
[6.679s] -- Installing: /home/siddhant/irc_rover_controls_2025/rover_essentials/install/msg_interfaces/include/msg_interfaces/msg_interfaces/msg/detail/encoder_arm__type_support.cpp
[6.679s] -- Installing: /home/siddhant/irc_rover_controls_2025/rover_essentials/install/msg_interfaces/include/msg_interfaces/msg_interfaces/msg/detail/final_vel__rosidl_typesupport_introspection_cpp.hpp
[6.679s] -- Installing: /home/siddhant/irc_rover_controls_2025/rover_essentials/install/msg_interfaces/include/msg_interfaces/msg_interfaces/msg/detail/base_motion__type_support.cpp
[6.679s] -- Installing: /home/siddhant/irc_rover_controls_2025/rover_essentials/install/msg_interfaces/include/msg_interfaces/msg_interfaces/msg/detail/drive__rosidl_typesupport_introspection_cpp.hpp
[6.680s] -- Installing: /home/siddhant/irc_rover_controls_2025/rover_essentials/install/msg_interfaces/include/msg_interfaces/msg_interfaces/msg/detail/encoder_drive__rosidl_typesupport_introspection_cpp.hpp
[6.680s] -- Installing: /home/siddhant/irc_rover_controls_2025/rover_essentials/install/msg_interfaces/include/msg_interfaces/msg_interfaces/msg/detail/arm_angle__type_support.cpp
[6.680s] -- Installing: /home/siddhant/irc_rover_controls_2025/rover_essentials/install/msg_interfaces/include/msg_interfaces/msg_interfaces/msg/detail/shoulder_joint_velocity__type_support.cpp
[6.680s] -- Installing: /home/siddhant/irc_rover_controls_2025/rover_essentials/install/msg_interfaces/include/msg_interfaces/msg_interfaces/msg/detail/base_motion__rosidl_typesupport_introspection_cpp.hpp
[6.680s] -- Installing: /home/siddhant/irc_rover_controls_2025/rover_essentials/install/msg_interfaces/include/msg_interfaces/msg_interfaces/msg/detail/target_pose__rosidl_typesupport_introspection_cpp.hpp
[6.680s] -- Installing: /home/siddhant/irc_rover_controls_2025/rover_essentials/install/msg_interfaces/include/msg_interfaces/msg_interfaces/msg/detail/target_pose__type_support.cpp
[6.680s] -- Installing: /home/siddhant/irc_rover_controls_2025/rover_essentials/install/msg_interfaces/include/msg_interfaces/msg_interfaces/msg/detail/wrist_joint_velocity__rosidl_typesupport_introspection_cpp.hpp
[6.680s] -- Installing: /home/siddhant/irc_rover_controls_2025/rover_essentials/install/msg_interfaces/include/msg_interfaces/msg_interfaces/msg/detail/wrist_joint_velocity__type_support.cpp
[6.680s] -- Installing: /home/siddhant/irc_rover_controls_2025/rover_essentials/install/msg_interfaces/lib/libmsg_interfaces__rosidl_typesupport_introspection_cpp.so
[6.680s] -- Set runtime path of "/home/siddhant/irc_rover_controls_2025/rover_essentials/install/msg_interfaces/lib/libmsg_interfaces__rosidl_typesupport_introspection_cpp.so" to ""
[6.680s] -- Installing: /home/siddhant/irc_rover_controls_2025/rover_essentials/install/msg_interfaces/lib/libmsg_interfaces__rosidl_typesupport_cpp.so
[6.681s] -- Set runtime path of "/home/siddhant/irc_rover_controls_2025/rover_essentials/install/msg_interfaces/lib/libmsg_interfaces__rosidl_typesupport_cpp.so" to ""
[6.681s] -- Installing: /home/siddhant/irc_rover_controls_2025/rover_essentials/install/msg_interfaces/share/msg_interfaces/environment/pythonpath.sh
[6.681s] -- Installing: /home/siddhant/irc_rover_controls_2025/rover_essentials/install/msg_interfaces/share/msg_interfaces/environment/pythonpath.dsv
[6.681s] -- Installing: /home/siddhant/irc_rover_controls_2025/rover_essentials/install/msg_interfaces/local/lib/python3.10/dist-packages/msg_interfaces-0.0.0-py3.10.egg-info
[6.681s] -- Installing: /home/siddhant/irc_rover_controls_2025/rover_essentials/install/msg_interfaces/local/lib/python3.10/dist-packages/msg_interfaces-0.0.0-py3.10.egg-info/SOURCES.txt
[6.681s] -- Installing: /home/siddhant/irc_rover_controls_2025/rover_essentials/install/msg_interfaces/local/lib/python3.10/dist-packages/msg_interfaces-0.0.0-py3.10.egg-info/top_level.txt
[6.681s] -- Installing: /home/siddhant/irc_rover_controls_2025/rover_essentials/install/msg_interfaces/local/lib/python3.10/dist-packages/msg_interfaces-0.0.0-py3.10.egg-info/PKG-INFO
[6.681s] -- Installing: /home/siddhant/irc_rover_controls_2025/rover_essentials/install/msg_interfaces/local/lib/python3.10/dist-packages/msg_interfaces-0.0.0-py3.10.egg-info/dependency_links.txt
[6.681s] -- Installing: /home/siddhant/irc_rover_controls_2025/rover_essentials/install/msg_interfaces/local/lib/python3.10/dist-packages/msg_interfaces
[6.681s] -- Installing: /home/siddhant/irc_rover_controls_2025/rover_essentials/install/msg_interfaces/local/lib/python3.10/dist-packages/msg_interfaces/_msg_interfaces_s.ep.rosidl_typesupport_fastrtps_c.c
[6.681s] -- Installing: /home/siddhant/irc_rover_controls_2025/rover_essentials/install/msg_interfaces/local/lib/python3.10/dist-packages/msg_interfaces/_msg_interfaces_s.ep.rosidl_typesupport_introspection_c.c
[6.681s] -- Installing: /home/siddhant/irc_rover_controls_2025/rover_essentials/install/msg_interfaces/local/lib/python3.10/dist-packages/msg_interfaces/libmsg_interfaces__rosidl_generator_py.so
[6.681s] -- Installing: /home/siddhant/irc_rover_controls_2025/rover_essentials/install/msg_interfaces/local/lib/python3.10/dist-packages/msg_interfaces/msg_interfaces_s__rosidl_typesupport_fastrtps_c.cpython-310-x86_64-linux-gnu.so
[6.682s] -- Installing: /home/siddhant/irc_rover_controls_2025/rover_essentials/install/msg_interfaces/local/lib/python3.10/dist-packages/msg_interfaces/__init__.py
[6.682s] -- Installing: /home/siddhant/irc_rover_controls_2025/rover_essentials/install/msg_interfaces/local/lib/python3.10/dist-packages/msg_interfaces/msg_interfaces_s__rosidl_typesupport_c.cpython-310-x86_64-linux-gnu.so
[6.682s] -- Installing: /home/siddhant/irc_rover_controls_2025/rover_essentials/install/msg_interfaces/local/lib/python3.10/dist-packages/msg_interfaces/msg
[6.682s] -- Installing: /home/siddhant/irc_rover_controls_2025/rover_essentials/install/msg_interfaces/local/lib/python3.10/dist-packages/msg_interfaces/msg/_drive_s.c
[6.682s] -- Installing: /home/siddhant/irc_rover_controls_2025/rover_essentials/install/msg_interfaces/local/lib/python3.10/dist-packages/msg_interfaces/msg/_shoulder_joint_velocity_s.c
[6.682s] -- Installing: /home/siddhant/irc_rover_controls_2025/rover_essentials/install/msg_interfaces/local/lib/python3.10/dist-packages/msg_interfaces/msg/_wrist_joint_velocity_s.c
[6.682s] -- Installing: /home/siddhant/irc_rover_controls_2025/rover_essentials/install/msg_interfaces/local/lib/python3.10/dist-packages/msg_interfaces/msg/_encoder_drive_s.c
[6.682s] -- Installing: /home/siddhant/irc_rover_controls_2025/rover_essentials/install/msg_interfaces/local/lib/python3.10/dist-packages/msg_interfaces/msg/_drive.py
[6.682s] -- Installing: /home/siddhant/irc_rover_controls_2025/rover_essentials/install/msg_interfaces/local/lib/python3.10/dist-packages/msg_interfaces/msg/_arm_end_motion_s.c
[6.682s] -- Installing: /home/siddhant/irc_rover_controls_2025/rover_essentials/install/msg_interfaces/local/lib/python3.10/dist-packages/msg_interfaces/msg/_arm_end_motion.py
[6.682s] -- Installing: /home/siddhant/irc_rover_controls_2025/rover_essentials/install/msg_interfaces/local/lib/python3.10/dist-packages/msg_interfaces/msg/_base_motion.py
[6.682s] -- Installing: /home/siddhant/irc_rover_controls_2025/rover_essentials/install/msg_interfaces/local/lib/python3.10/dist-packages/msg_interfaces/msg/_encoder_arm_s.c
[6.682s] -- Installing: /home/siddhant/irc_rover_controls_2025/rover_essentials/install/msg_interfaces/local/lib/python3.10/dist-packages/msg_interfaces/msg/_encoder_drive.py
[6.682s] -- Installing: /home/siddhant/irc_rover_controls_2025/rover_essentials/install/msg_interfaces/local/lib/python3.10/dist-packages/msg_interfaces/msg/_target_pose_s.c
[6.682s] -- Installing: /home/siddhant/irc_rover_controls_2025/rover_essentials/install/msg_interfaces/local/lib/python3.10/dist-packages/msg_interfaces/msg/_target_pose.py
[6.682s] -- Installing: /home/siddhant/irc_rover_controls_2025/rover_essentials/install/msg_interfaces/local/lib/python3.10/dist-packages/msg_interfaces/msg/_encoder_arm.py
[6.683s] -- Installing: /home/siddhant/irc_rover_controls_2025/rover_essentials/install/msg_interfaces/local/lib/python3.10/dist-packages/msg_interfaces/msg/_final_vel.py
[6.683s] -- Installing: /home/siddhant/irc_rover_controls_2025/rover_essentials/install/msg_interfaces/local/lib/python3.10/dist-packages/msg_interfaces/msg/_arm_angle_s.c
[6.683s] -- Installing: /home/siddhant/irc_rover_controls_2025/rover_essentials/install/msg_interfaces/local/lib/python3.10/dist-packages/msg_interfaces/msg/_wrist_joint_velocity.py
[6.683s] -- Installing: /home/siddhant/irc_rover_controls_2025/rover_essentials/install/msg_interfaces/local/lib/python3.10/dist-packages/msg_interfaces/msg/__init__.py
[6.683s] -- Installing: /home/siddhant/irc_rover_controls_2025/rover_essentials/install/msg_interfaces/local/lib/python3.10/dist-packages/msg_interfaces/msg/_arm_angle.py
[6.683s] -- Installing: /home/siddhant/irc_rover_controls_2025/rover_essentials/install/msg_interfaces/local/lib/python3.10/dist-packages/msg_interfaces/msg/_base_motion_s.c
[6.683s] -- Installing: /home/siddhant/irc_rover_controls_2025/rover_essentials/install/msg_interfaces/local/lib/python3.10/dist-packages/msg_interfaces/msg/_final_vel_s.c
[6.683s] -- Installing: /home/siddhant/irc_rover_controls_2025/rover_essentials/install/msg_interfaces/local/lib/python3.10/dist-packages/msg_interfaces/msg/_shoulder_joint_velocity.py
[6.683s] -- Installing: /home/siddhant/irc_rover_controls_2025/rover_essentials/install/msg_interfaces/local/lib/python3.10/dist-packages/msg_interfaces/msg_interfaces_s__rosidl_typesupport_introspection_c.cpython-310-x86_64-linux-gnu.so
[6.683s] -- Installing: /home/siddhant/irc_rover_controls_2025/rover_essentials/install/msg_interfaces/local/lib/python3.10/dist-packages/msg_interfaces/_msg_interfaces_s.ep.rosidl_typesupport_c.c
[6.713s] Listing '/home/siddhant/irc_rover_controls_2025/rover_essentials/install/msg_interfaces/local/lib/python3.10/dist-packages/msg_interfaces'...
[6.713s] Compiling '/home/siddhant/irc_rover_controls_2025/rover_essentials/install/msg_interfaces/local/lib/python3.10/dist-packages/msg_interfaces/__init__.py'...
[6.713s] Listing '/home/siddhant/irc_rover_controls_2025/rover_essentials/install/msg_interfaces/local/lib/python3.10/dist-packages/msg_interfaces/msg'...
[6.714s] Compiling '/home/siddhant/irc_rover_controls_2025/rover_essentials/install/msg_interfaces/local/lib/python3.10/dist-packages/msg_interfaces/msg/__init__.py'...
[6.714s] Compiling '/home/siddhant/irc_rover_controls_2025/rover_essentials/install/msg_interfaces/local/lib/python3.10/dist-packages/msg_interfaces/msg/_arm_angle.py'...
[6.714s] Compiling '/home/siddhant/irc_rover_controls_2025/rover_essentials/install/msg_interfaces/local/lib/python3.10/dist-packages/msg_interfaces/msg/_arm_end_motion.py'...
[6.714s] Compiling '/home/siddhant/irc_rover_controls_2025/rover_essentials/install/msg_interfaces/local/lib/python3.10/dist-packages/msg_interfaces/msg/_base_motion.py'...
[6.714s] Compiling '/home/siddhant/irc_rover_controls_2025/rover_essentials/install/msg_interfaces/local/lib/python3.10/dist-packages/msg_interfaces/msg/_drive.py'...
[6.714s] Compiling '/home/siddhant/irc_rover_controls_2025/rover_essentials/install/msg_interfaces/local/lib/python3.10/dist-packages/msg_interfaces/msg/_encoder_arm.py'...
[6.715s] Compiling '/home/siddhant/irc_rover_controls_2025/rover_essentials/install/msg_interfaces/local/lib/python3.10/dist-packages/msg_interfaces/msg/_encoder_drive.py'...
[6.715s] Compiling '/home/siddhant/irc_rover_controls_2025/rover_essentials/install/msg_interfaces/local/lib/python3.10/dist-packages/msg_interfaces/msg/_final_vel.py'...
[6.715s] Compiling '/home/siddhant/irc_rover_controls_2025/rover_essentials/install/msg_interfaces/local/lib/python3.10/dist-packages/msg_interfaces/msg/_shoulder_joint_velocity.py'...
[6.715s] Compiling '/home/siddhant/irc_rover_controls_2025/rover_essentials/install/msg_interfaces/local/lib/python3.10/dist-packages/msg_interfaces/msg/_target_pose.py'...
[6.715s] Compiling '/home/siddhant/irc_rover_controls_2025/rover_essentials/install/msg_interfaces/local/lib/python3.10/dist-packages/msg_interfaces/msg/_wrist_joint_velocity.py'...
[6.716s] -- Installing: /home/siddhant/irc_rover_controls_2025/rover_essentials/install/msg_interfaces/local/lib/python3.10/dist-packages/msg_interfaces/msg_interfaces_s__rosidl_typesupport_fastrtps_c.cpython-310-x86_64-linux-gnu.so
[6.716s] -- Set runtime path of "/home/siddhant/irc_rover_controls_2025/rover_essentials/install/msg_interfaces/local/lib/python3.10/dist-packages/msg_interfaces/msg_interfaces_s__rosidl_typesupport_fastrtps_c.cpython-310-x86_64-linux-gnu.so" to ""
[6.716s] -- Installing: /home/siddhant/irc_rover_controls_2025/rover_essentials/install/msg_interfaces/local/lib/python3.10/dist-packages/msg_interfaces/msg_interfaces_s__rosidl_typesupport_introspection_c.cpython-310-x86_64-linux-gnu.so
[6.716s] -- Set runtime path of "/home/siddhant/irc_rover_controls_2025/rover_essentials/install/msg_interfaces/local/lib/python3.10/dist-packages/msg_interfaces/msg_interfaces_s__rosidl_typesupport_introspection_c.cpython-310-x86_64-linux-gnu.so" to ""
[6.716s] -- Installing: /home/siddhant/irc_rover_controls_2025/rover_essentials/install/msg_interfaces/local/lib/python3.10/dist-packages/msg_interfaces/msg_interfaces_s__rosidl_typesupport_c.cpython-310-x86_64-linux-gnu.so
[6.717s] -- Set runtime path of "/home/siddhant/irc_rover_controls_2025/rover_essentials/install/msg_interfaces/local/lib/python3.10/dist-packages/msg_interfaces/msg_interfaces_s__rosidl_typesupport_c.cpython-310-x86_64-linux-gnu.so" to ""
[6.717s] -- Installing: /home/siddhant/irc_rover_controls_2025/rover_essentials/install/msg_interfaces/lib/libmsg_interfaces__rosidl_generator_py.so
[6.717s] -- Set runtime path of "/home/siddhant/irc_rover_controls_2025/rover_essentials/install/msg_interfaces/lib/libmsg_interfaces__rosidl_generator_py.so" to ""
[6.717s] -- Installing: /home/siddhant/irc_rover_controls_2025/rover_essentials/install/msg_interfaces/share/msg_interfaces/msg/Drive.idl
[6.717s] -- Installing: /home/siddhant/irc_rover_controls_2025/rover_essentials/install/msg_interfaces/share/msg_interfaces/msg/ArmEndMotion.idl
[6.717s] -- Installing: /home/siddhant/irc_rover_controls_2025/rover_essentials/install/msg_interfaces/share/msg_interfaces/msg/EncoderArm.idl
[6.717s] -- Installing: /home/siddhant/irc_rover_controls_2025/rover_essentials/install/msg_interfaces/share/msg_interfaces/msg/EncoderDrive.idl
[6.718s] -- Installing: /home/siddhant/irc_rover_controls_2025/rover_essentials/install/msg_interfaces/share/msg_interfaces/msg/ShoulderJointVelocity.idl
[6.718s] -- Installing: /home/siddhant/irc_rover_controls_2025/rover_essentials/install/msg_interfaces/share/msg_interfaces/msg/WristJointVelocity.idl
[6.718s] -- Installing: /home/siddhant/irc_rover_controls_2025/rover_essentials/install/msg_interfaces/share/msg_interfaces/msg/BaseMotion.idl
[6.718s] -- Installing: /home/siddhant/irc_rover_controls_2025/rover_essentials/install/msg_interfaces/share/msg_interfaces/msg/FinalVel.idl
[6.718s] -- Installing: /home/siddhant/irc_rover_controls_2025/rover_essentials/install/msg_interfaces/share/msg_interfaces/msg/TargetPose.idl
[6.718s] -- Installing: /home/siddhant/irc_rover_controls_2025/rover_essentials/install/msg_interfaces/share/msg_interfaces/msg/ArmAngle.idl
[6.718s] -- Installing: /home/siddhant/irc_rover_controls_2025/rover_essentials/install/msg_interfaces/share/msg_interfaces/msg/Drive.msg
[6.718s] -- Installing: /home/siddhant/irc_rover_controls_2025/rover_essentials/install/msg_interfaces/share/msg_interfaces/msg/ArmEndMotion.msg
[6.718s] -- Installing: /home/siddhant/irc_rover_controls_2025/rover_essentials/install/msg_interfaces/share/msg_interfaces/msg/EncoderArm.msg
[6.718s] -- Installing: /home/siddhant/irc_rover_controls_2025/rover_essentials/install/msg_interfaces/share/msg_interfaces/msg/EncoderDrive.msg
[6.718s] -- Installing: /home/siddhant/irc_rover_controls_2025/rover_essentials/install/msg_interfaces/share/msg_interfaces/msg/ShoulderJointVelocity.msg
[6.718s] -- Installing: /home/siddhant/irc_rover_controls_2025/rover_essentials/install/msg_interfaces/share/msg_interfaces/msg/WristJointVelocity.msg
[6.719s] -- Installing: /home/siddhant/irc_rover_controls_2025/rover_essentials/install/msg_interfaces/share/msg_interfaces/msg/BaseMotion.msg
[6.719s] -- Installing: /home/siddhant/irc_rover_controls_2025/rover_essentials/install/msg_interfaces/share/msg_interfaces/msg/FinalVel.msg
[6.719s] -- Installing: /home/siddhant/irc_rover_controls_2025/rover_essentials/install/msg_interfaces/share/msg_interfaces/msg/TargetPose.msg
[6.719s] -- Installing: /home/siddhant/irc_rover_controls_2025/rover_essentials/install/msg_interfaces/share/msg_interfaces/msg/ArmAngle.msg
[6.719s] -- Installing: /home/siddhant/irc_rover_controls_2025/rover_essentials/install/msg_interfaces/share/ament_index/resource_index/package_run_dependencies/msg_interfaces
[6.719s] -- Installing: /home/siddhant/irc_rover_controls_2025/rover_essentials/install/msg_interfaces/share/ament_index/resource_index/parent_prefix_path/msg_interfaces
[6.719s] -- Installing: /home/siddhant/irc_rover_controls_2025/rover_essentials/install/msg_interfaces/share/msg_interfaces/environment/ament_prefix_path.sh
[6.719s] -- Installing: /home/siddhant/irc_rover_controls_2025/rover_essentials/install/msg_interfaces/share/msg_interfaces/environment/ament_prefix_path.dsv
[6.719s] -- Installing: /home/siddhant/irc_rover_controls_2025/rover_essentials/install/msg_interfaces/share/msg_interfaces/environment/path.sh
[6.719s] -- Installing: /home/siddhant/irc_rover_controls_2025/rover_essentials/install/msg_interfaces/share/msg_interfaces/environment/path.dsv
[6.719s] -- Installing: /home/siddhant/irc_rover_controls_2025/rover_essentials/install/msg_interfaces/share/msg_interfaces/local_setup.bash
[6.719s] -- Installing: /home/siddhant/irc_rover_controls_2025/rover_essentials/install/msg_interfaces/share/msg_interfaces/local_setup.sh
[6.719s] -- Installing: /home/siddhant/irc_rover_controls_2025/rover_essentials/install/msg_interfaces/share/msg_interfaces/local_setup.zsh
[6.719s] -- Installing: /home/siddhant/irc_rover_controls_2025/rover_essentials/install/msg_interfaces/share/msg_interfaces/local_setup.dsv
[6.720s] -- Installing: /home/siddhant/irc_rover_controls_2025/rover_essentials/install/msg_interfaces/share/msg_interfaces/package.dsv
[6.720s] -- Installing: /home/siddhant/irc_rover_controls_2025/rover_essentials/install/msg_interfaces/share/ament_index/resource_index/packages/msg_interfaces
[6.720s] -- Installing: /home/siddhant/irc_rover_controls_2025/rover_essentials/install/msg_interfaces/share/msg_interfaces/cmake/export_msg_interfaces__rosidl_generator_cExport.cmake
[6.720s] -- Installing: /home/siddhant/irc_rover_controls_2025/rover_essentials/install/msg_interfaces/share/msg_interfaces/cmake/export_msg_interfaces__rosidl_generator_cExport-noconfig.cmake
[6.720s] -- Installing: /home/siddhant/irc_rover_controls_2025/rover_essentials/install/msg_interfaces/share/msg_interfaces/cmake/export_msg_interfaces__rosidl_typesupport_fastrtps_cExport.cmake
[6.720s] -- Installing: /home/siddhant/irc_rover_controls_2025/rover_essentials/install/msg_interfaces/share/msg_interfaces/cmake/export_msg_interfaces__rosidl_typesupport_fastrtps_cExport-noconfig.cmake
[6.720s] -- Installing: /home/siddhant/irc_rover_controls_2025/rover_essentials/install/msg_interfaces/share/msg_interfaces/cmake/export_msg_interfaces__rosidl_generator_cppExport.cmake
[6.720s] -- Installing: /home/siddhant/irc_rover_controls_2025/rover_essentials/install/msg_interfaces/share/msg_interfaces/cmake/export_msg_interfaces__rosidl_typesupport_fastrtps_cppExport.cmake
[6.720s] -- Installing: /home/siddhant/irc_rover_controls_2025/rover_essentials/install/msg_interfaces/share/msg_interfaces/cmake/export_msg_interfaces__rosidl_typesupport_fastrtps_cppExport-noconfig.cmake
[6.720s] -- Installing: /home/siddhant/irc_rover_controls_2025/rover_essentials/install/msg_interfaces/share/msg_interfaces/cmake/msg_interfaces__rosidl_typesupport_introspection_cExport.cmake
[6.720s] -- Installing: /home/siddhant/irc_rover_controls_2025/rover_essentials/install/msg_interfaces/share/msg_interfaces/cmake/msg_interfaces__rosidl_typesupport_introspection_cExport-noconfig.cmake
[6.720s] -- Installing: /home/siddhant/irc_rover_controls_2025/rover_essentials/install/msg_interfaces/share/msg_interfaces/cmake/msg_interfaces__rosidl_typesupport_cExport.cmake
[6.720s] -- Installing: /home/siddhant/irc_rover_controls_2025/rover_essentials/install/msg_interfaces/share/msg_interfaces/cmake/msg_interfaces__rosidl_typesupport_cExport-noconfig.cmake
[6.720s] -- Installing: /home/siddhant/irc_rover_controls_2025/rover_essentials/install/msg_interfaces/share/msg_interfaces/cmake/msg_interfaces__rosidl_typesupport_introspection_cppExport.cmake
[6.720s] -- Installing: /home/siddhant/irc_rover_controls_2025/rover_essentials/install/msg_interfaces/share/msg_interfaces/cmake/msg_interfaces__rosidl_typesupport_introspection_cppExport-noconfig.cmake
[6.720s] -- Installing: /home/siddhant/irc_rover_controls_2025/rover_essentials/install/msg_interfaces/share/msg_interfaces/cmake/msg_interfaces__rosidl_typesupport_cppExport.cmake
[6.721s] -- Installing: /home/siddhant/irc_rover_controls_2025/rover_essentials/install/msg_interfaces/share/msg_interfaces/cmake/msg_interfaces__rosidl_typesupport_cppExport-noconfig.cmake
[6.721s] -- Installing: /home/siddhant/irc_rover_controls_2025/rover_essentials/install/msg_interfaces/share/msg_interfaces/cmake/export_msg_interfaces__rosidl_generator_pyExport.cmake
[6.721s] -- Installing: /home/siddhant/irc_rover_controls_2025/rover_essentials/install/msg_interfaces/share/msg_interfaces/cmake/export_msg_interfaces__rosidl_generator_pyExport-noconfig.cmake
[6.721s] -- Installing: /home/siddhant/irc_rover_controls_2025/rover_essentials/install/msg_interfaces/share/msg_interfaces/cmake/rosidl_cmake-extras.cmake
[6.721s] -- Installing: /home/siddhant/irc_rover_controls_2025/rover_essentials/install/msg_interfaces/share/msg_interfaces/cmake/ament_cmake_export_dependencies-extras.cmake
[6.721s] -- Installing: /home/siddhant/irc_rover_controls_2025/rover_essentials/install/msg_interfaces/share/msg_interfaces/cmake/ament_cmake_export_include_directories-extras.cmake
[6.721s] -- Installing: /home/siddhant/irc_rover_controls_2025/rover_essentials/install/msg_interfaces/share/msg_interfaces/cmake/ament_cmake_export_libraries-extras.cmake
[6.721s] -- Installing: /home/siddhant/irc_rover_controls_2025/rover_essentials/install/msg_interfaces/share/msg_interfaces/cmake/ament_cmake_export_targets-extras.cmake
[6.721s] -- Installing: /home/siddhant/irc_rover_controls_2025/rover_essentials/install/msg_interfaces/share/msg_interfaces/cmake/rosidl_cmake_export_typesupport_targets-extras.cmake
[6.721s] -- Installing: /home/siddhant/irc_rover_controls_2025/rover_essentials/install/msg_interfaces/share/msg_interfaces/cmake/rosidl_cmake_export_typesupport_libraries-extras.cmake
[6.721s] -- Installing: /home/siddhant/irc_rover_controls_2025/rover_essentials/install/msg_interfaces/share/msg_interfaces/cmake/msg_interfacesConfig.cmake
[6.721s] -- Installing: /home/siddhant/irc_rover_controls_2025/rover_essentials/install/msg_interfaces/share/msg_interfaces/cmake/msg_interfacesConfig-version.cmake
[6.721s] -- Installing: /home/siddhant/irc_rover_controls_2025/rover_essentials/install/msg_interfaces/share/msg_interfaces/package.xml
[6.722s] Invoked command in '/home/siddhant/irc_rover_controls_2025/rover_essentials/build/msg_interfaces' returned '0': CMAKE_PREFIX_PATH=/opt/ros/humble /usr/bin/cmake --install /home/siddhant/irc_rover_controls_2025/rover_essentials/build/msg_interfaces
