[0.761s] Invoking command in '/home/siddhant/irc_rover_controls_2025/rover_essentials/build/msg_interfaces': CMAKE_PREFIX_PATH=/opt/ros/humble /usr/bin/cmake /home/siddhant/irc_rover_controls_2025/rover_essentials/src/msg_interfaces -DCMAKE_INSTALL_PREFIX=/home/siddhant/irc_rover_controls_2025/rover_essentials/install/msg_interfaces
[0.806s] -- The C compiler identification is GNU 11.4.0
[0.842s] -- The CXX compiler identification is GNU 11.4.0
[0.848s] -- Detecting C compiler ABI info
[0.898s] -- Detecting C compiler ABI info - done
[0.904s] -- Check for working C compiler: /usr/bin/cc - skipped
[0.904s] -- Detecting C compile features
[0.904s] -- Detecting C compile features - done
[0.906s] -- Detecting CXX compiler ABI info
[0.970s] -- Detecting CXX compiler ABI info - done
[0.978s] -- Check for working CXX compiler: /usr/bin/c++ - skipped
[0.979s] -- Detecting CXX compile features
[0.979s] -- Detecting CXX compile features - done
[0.981s] -- Found ament_cmake: 1.3.11 (/opt/ros/humble/share/ament_cmake/cmake)
[1.156s] -- Found Python3: /usr/bin/python3 (found version "3.10.12") found components: Interpreter 
[1.226s] -- Found geometry_msgs: 4.8.0 (/opt/ros/humble/share/geometry_msgs/cmake)
[1.257s] -- Found rosidl_generator_c: 3.1.6 (/opt/ros/humble/share/rosidl_generator_c/cmake)
[1.262s] -- Found rosidl_adapter: 3.1.6 (/opt/ros/humble/share/rosidl_adapter/cmake)
[1.270s] -- Found rosidl_generator_cpp: 3.1.6 (/opt/ros/humble/share/rosidl_generator_cpp/cmake)
[1.281s] -- Using all available rosidl_typesupport_c: rosidl_typesupport_fastrtps_c;rosidl_typesupport_introspection_c
[1.297s] -- Using all available rosidl_typesupport_cpp: rosidl_typesupport_fastrtps_cpp;rosidl_typesupport_introspection_cpp
[1.337s] -- Found rosidl_default_generators: 1.2.0 (/opt/ros/humble/share/rosidl_default_generators/cmake)
[1.587s] -- Found ament_cmake_ros: 0.10.0 (/opt/ros/humble/share/ament_cmake_ros/cmake)
[1.846s] -- Using all available rosidl_typesupport_c: rosidl_typesupport_fastrtps_c;rosidl_typesupport_introspection_c
[1.943s] -- Using all available rosidl_typesupport_cpp: rosidl_typesupport_fastrtps_cpp;rosidl_typesupport_introspection_cpp
[1.960s] -- Found PythonInterp: /usr/bin/python3 (found suitable version "3.10.12", minimum required is "3.6") 
[1.960s] -- Found python_cmake_module: 0.10.0 (/opt/ros/humble/share/python_cmake_module/cmake)
[1.975s] -- Found PythonLibs: /usr/lib/x86_64-linux-gnu/libpython3.10.so (found suitable version "3.10.12", minimum required is "3.5") 
[1.975s] -- Using PYTHON_EXECUTABLE: /usr/bin/python3
[1.975s] -- Using PYTHON_INCLUDE_DIRS: /usr/include/python3.10
[1.975s] -- Using PYTHON_LIBRARIES: /usr/lib/x86_64-linux-gnu/libpython3.10.so
[1.988s] -- Found PythonExtra: .so  
[2.022s] -- Found ament_lint_auto: 0.12.12 (/opt/ros/humble/share/ament_lint_auto/cmake)
[2.029s] -- Added test 'lint_cmake' to check CMake code style
[2.030s] -- Added test 'xmllint' to check XML markup files
[2.031s] -- Configuring done
[2.058s] -- Generating done
[2.067s] -- Build files have been written to: /home/siddhant/irc_rover_controls_2025/rover_essentials/build/msg_interfaces
[2.075s] Invoked command in '/home/siddhant/irc_rover_controls_2025/rover_essentials/build/msg_interfaces' returned '0': CMAKE_PREFIX_PATH=/opt/ros/humble /usr/bin/cmake /home/siddhant/irc_rover_controls_2025/rover_essentials/src/msg_interfaces -DCMAKE_INSTALL_PREFIX=/home/siddhant/irc_rover_controls_2025/rover_essentials/install/msg_interfaces
[2.075s] Invoking command in '/home/siddhant/irc_rover_controls_2025/rover_essentials/build/msg_interfaces': CMAKE_PREFIX_PATH=/opt/ros/humble /usr/bin/cmake --build /home/siddhant/irc_rover_controls_2025/rover_essentials/build/msg_interfaces -- -j22 -l22
[2.111s] [  1%] [34m[1mGenerating C code for ROS interfaces[0m
[2.120s] [  1%] [34m[1mGenerating C++ code for ROS interfaces[0m
[2.127s] [  1%] Built target ament_cmake_python_copy_msg_interfaces
[2.288s] running egg_info
[2.288s] creating msg_interfaces.egg-info
[2.288s] writing msg_interfaces.egg-info/PKG-INFO
[2.289s] writing dependency_links to msg_interfaces.egg-info/dependency_links.txt
[2.289s] writing top-level names to msg_interfaces.egg-info/top_level.txt
[2.289s] writing manifest file 'msg_interfaces.egg-info/SOURCES.txt'
[2.290s] reading manifest file 'msg_interfaces.egg-info/SOURCES.txt'
[2.290s] writing manifest file 'msg_interfaces.egg-info/SOURCES.txt'
[2.312s] [  1%] Built target ament_cmake_python_build_msg_interfaces_egg
[2.570s] [  2%] [32mBuilding C object CMakeFiles/msg_interfaces__rosidl_generator_c.dir/rosidl_generator_c/msg_interfaces/msg/detail/encoder_arm__functions.c.o[0m
[2.570s] [  3%] [32mBuilding C object CMakeFiles/msg_interfaces__rosidl_generator_c.dir/rosidl_generator_c/msg_interfaces/msg/detail/wrist_joint_velocity__functions.c.o[0m
[2.571s] [  4%] [32mBuilding C object CMakeFiles/msg_interfaces__rosidl_generator_c.dir/rosidl_generator_c/msg_interfaces/msg/detail/drive__functions.c.o[0m
[2.571s] [  5%] [32mBuilding C object CMakeFiles/msg_interfaces__rosidl_generator_c.dir/rosidl_generator_c/msg_interfaces/msg/detail/shoulder_joint_velocity__functions.c.o[0m
[2.571s] [  6%] [32mBuilding C object CMakeFiles/msg_interfaces__rosidl_generator_c.dir/rosidl_generator_c/msg_interfaces/msg/detail/final_vel__functions.c.o[0m
[2.571s] [  7%] [32mBuilding C object CMakeFiles/msg_interfaces__rosidl_generator_c.dir/rosidl_generator_c/msg_interfaces/msg/detail/arm_end_motion__functions.c.o[0m
[2.571s] [  8%] [32mBuilding C object CMakeFiles/msg_interfaces__rosidl_generator_c.dir/rosidl_generator_c/msg_interfaces/msg/detail/arm_angle__functions.c.o[0m
[2.572s] [  9%] [32mBuilding C object CMakeFiles/msg_interfaces__rosidl_generator_c.dir/rosidl_generator_c/msg_interfaces/msg/detail/encoder_drive__functions.c.o[0m
[2.573s] [ 10%] [32mBuilding C object CMakeFiles/msg_interfaces__rosidl_generator_c.dir/rosidl_generator_c/msg_interfaces/msg/detail/base_motion__functions.c.o[0m
[2.573s] [ 11%] [32mBuilding C object CMakeFiles/msg_interfaces__rosidl_generator_c.dir/rosidl_generator_c/msg_interfaces/msg/detail/target_pose__functions.c.o[0m
[2.577s] [ 11%] Built target msg_interfaces__cpp
[2.590s] [ 14%] [34m[1mGenerating C++ introspection for ROS interfaces[0m
[2.591s] [ 14%] [34m[1mGenerating C++ type support dispatch for ROS interfaces[0m
[2.591s] [ 14%] [34m[1mGenerating C++ type support for eProsima Fast-RTPS[0m
[2.623s] [ 15%] [32m[1mLinking C shared library libmsg_interfaces__rosidl_generator_c.so[0m
[2.655s] [ 15%] Built target msg_interfaces__rosidl_generator_c
[2.663s] [ 16%] [34m[1mGenerating C type support dispatch for ROS interfaces[0m
[2.664s] [ 18%] [34m[1mGenerating C introspection for ROS interfaces[0m
[2.664s] [ 18%] [34m[1mGenerating C type support for eProsima Fast-RTPS[0m
[2.915s] [ 19%] [32mBuilding CXX object CMakeFiles/msg_interfaces__rosidl_typesupport_cpp.dir/rosidl_typesupport_cpp/msg_interfaces/msg/shoulder_joint_velocity__type_support.cpp.o[0m
[2.915s] [ 23%] [32mBuilding CXX object CMakeFiles/msg_interfaces__rosidl_typesupport_cpp.dir/rosidl_typesupport_cpp/msg_interfaces/msg/encoder_arm__type_support.cpp.o[0m
[2.915s] [ 23%] [32mBuilding CXX object CMakeFiles/msg_interfaces__rosidl_typesupport_cpp.dir/rosidl_typesupport_cpp/msg_interfaces/msg/encoder_drive__type_support.cpp.o[0m
[2.915s] [ 23%] [32mBuilding CXX object CMakeFiles/msg_interfaces__rosidl_typesupport_cpp.dir/rosidl_typesupport_cpp/msg_interfaces/msg/drive__type_support.cpp.o[0m
[2.915s] [ 23%] [32mBuilding CXX object CMakeFiles/msg_interfaces__rosidl_typesupport_cpp.dir/rosidl_typesupport_cpp/msg_interfaces/msg/arm_end_motion__type_support.cpp.o[0m
[2.916s] [ 26%] [32mBuilding CXX object CMakeFiles/msg_interfaces__rosidl_typesupport_cpp.dir/rosidl_typesupport_cpp/msg_interfaces/msg/base_motion__type_support.cpp.o[0m
[2.916s] [ 26%] [32mBuilding CXX object CMakeFiles/msg_interfaces__rosidl_typesupport_cpp.dir/rosidl_typesupport_cpp/msg_interfaces/msg/final_vel__type_support.cpp.o[0m
[2.916s] [ 26%] [32mBuilding CXX object CMakeFiles/msg_interfaces__rosidl_typesupport_cpp.dir/rosidl_typesupport_cpp/msg_interfaces/msg/target_pose__type_support.cpp.o[0m
[2.916s] [ 27%] [32mBuilding CXX object CMakeFiles/msg_interfaces__rosidl_typesupport_cpp.dir/rosidl_typesupport_cpp/msg_interfaces/msg/arm_angle__type_support.cpp.o[0m
[2.917s] [ 28%] [32mBuilding CXX object CMakeFiles/msg_interfaces__rosidl_typesupport_cpp.dir/rosidl_typesupport_cpp/msg_interfaces/msg/wrist_joint_velocity__type_support.cpp.o[0m
[3.005s] [ 29%] [32mBuilding CXX object CMakeFiles/msg_interfaces__rosidl_typesupport_introspection_cpp.dir/rosidl_typesupport_introspection_cpp/msg_interfaces/msg/detail/arm_end_motion__type_support.cpp.o[0m
[3.005s] [ 30%] [32mBuilding CXX object CMakeFiles/msg_interfaces__rosidl_typesupport_introspection_cpp.dir/rosidl_typesupport_introspection_cpp/msg_interfaces/msg/detail/shoulder_joint_velocity__type_support.cpp.o[0m
[3.005s] [ 31%] [32mBuilding CXX object CMakeFiles/msg_interfaces__rosidl_typesupport_introspection_cpp.dir/rosidl_typesupport_introspection_cpp/msg_interfaces/msg/detail/encoder_drive__type_support.cpp.o[0m
[3.005s] [ 32%] [32mBuilding CXX object CMakeFiles/msg_interfaces__rosidl_typesupport_introspection_cpp.dir/rosidl_typesupport_introspection_cpp/msg_interfaces/msg/detail/encoder_arm__type_support.cpp.o[0m
[3.007s] [ 33%] [32mBuilding CXX object CMakeFiles/msg_interfaces__rosidl_typesupport_introspection_cpp.dir/rosidl_typesupport_introspection_cpp/msg_interfaces/msg/detail/wrist_joint_velocity__type_support.cpp.o[0m
[3.010s] [ 34%] [32mBuilding CXX object CMakeFiles/msg_interfaces__rosidl_typesupport_introspection_cpp.dir/rosidl_typesupport_introspection_cpp/msg_interfaces/msg/detail/drive__type_support.cpp.o[0m
[3.014s] [ 35%] [32mBuilding CXX object CMakeFiles/msg_interfaces__rosidl_typesupport_introspection_cpp.dir/rosidl_typesupport_introspection_cpp/msg_interfaces/msg/detail/base_motion__type_support.cpp.o[0m
[3.022s] [ 36%] [32mBuilding CXX object CMakeFiles/msg_interfaces__rosidl_typesupport_introspection_cpp.dir/rosidl_typesupport_introspection_cpp/msg_interfaces/msg/detail/final_vel__type_support.cpp.o[0m
[3.164s] [ 37%] [32mBuilding CXX object CMakeFiles/msg_interfaces__rosidl_typesupport_c.dir/rosidl_typesupport_c/msg_interfaces/msg/drive__type_support.cpp.o[0m
[3.213s] [ 38%] [32mBuilding CXX object CMakeFiles/msg_interfaces__rosidl_typesupport_c.dir/rosidl_typesupport_c/msg_interfaces/msg/arm_end_motion__type_support.cpp.o[0m
[3.287s] [ 39%] [32mBuilding CXX object CMakeFiles/msg_interfaces__rosidl_typesupport_c.dir/rosidl_typesupport_c/msg_interfaces/msg/encoder_arm__type_support.cpp.o[0m
[3.293s] [ 40%] [32mBuilding CXX object CMakeFiles/msg_interfaces__rosidl_typesupport_fastrtps_cpp.dir/rosidl_typesupport_fastrtps_cpp/msg_interfaces/msg/detail/dds_fastrtps/drive__type_support.cpp.o[0m
[3.293s] [ 41%] [32mBuilding CXX object CMakeFiles/msg_interfaces__rosidl_typesupport_fastrtps_cpp.dir/rosidl_typesupport_fastrtps_cpp/msg_interfaces/msg/detail/dds_fastrtps/arm_end_motion__type_support.cpp.o[0m
[3.297s] [ 41%] [32mBuilding CXX object CMakeFiles/msg_interfaces__rosidl_typesupport_fastrtps_cpp.dir/rosidl_typesupport_fastrtps_cpp/msg_interfaces/msg/detail/dds_fastrtps/encoder_arm__type_support.cpp.o[0m
[3.310s] [ 42%] [32mBuilding CXX object CMakeFiles/msg_interfaces__rosidl_typesupport_introspection_cpp.dir/rosidl_typesupport_introspection_cpp/msg_interfaces/msg/detail/target_pose__type_support.cpp.o[0m
[3.323s] [ 43%] [32mBuilding CXX object CMakeFiles/msg_interfaces__rosidl_typesupport_c.dir/rosidl_typesupport_c/msg_interfaces/msg/encoder_drive__type_support.cpp.o[0m
[3.325s] [ 44%] [32mBuilding CXX object CMakeFiles/msg_interfaces__rosidl_typesupport_c.dir/rosidl_typesupport_c/msg_interfaces/msg/shoulder_joint_velocity__type_support.cpp.o[0m
[3.331s] [ 45%] [32mBuilding CXX object CMakeFiles/msg_interfaces__rosidl_typesupport_c.dir/rosidl_typesupport_c/msg_interfaces/msg/wrist_joint_velocity__type_support.cpp.o[0m
[3.332s] [ 46%] [32mBuilding CXX object CMakeFiles/msg_interfaces__rosidl_typesupport_introspection_cpp.dir/rosidl_typesupport_introspection_cpp/msg_interfaces/msg/detail/arm_angle__type_support.cpp.o[0m
[3.333s] [ 47%] [32mBuilding CXX object CMakeFiles/msg_interfaces__rosidl_typesupport_fastrtps_cpp.dir/rosidl_typesupport_fastrtps_cpp/msg_interfaces/msg/detail/dds_fastrtps/encoder_drive__type_support.cpp.o[0m
[3.353s] [ 48%] [32mBuilding CXX object CMakeFiles/msg_interfaces__rosidl_typesupport_fastrtps_cpp.dir/rosidl_typesupport_fastrtps_cpp/msg_interfaces/msg/detail/dds_fastrtps/shoulder_joint_velocity__type_support.cpp.o[0m
[3.366s] [ 49%] [32mBuilding CXX object CMakeFiles/msg_interfaces__rosidl_typesupport_c.dir/rosidl_typesupport_c/msg_interfaces/msg/base_motion__type_support.cpp.o[0m
[3.375s] [ 50%] [32mBuilding CXX object CMakeFiles/msg_interfaces__rosidl_typesupport_fastrtps_cpp.dir/rosidl_typesupport_fastrtps_cpp/msg_interfaces/msg/detail/dds_fastrtps/wrist_joint_velocity__type_support.cpp.o[0m
[3.381s] [ 51%] [32m[1mLinking CXX shared library libmsg_interfaces__rosidl_typesupport_cpp.so[0m
[3.381s] [ 52%] [32mBuilding CXX object CMakeFiles/msg_interfaces__rosidl_typesupport_fastrtps_cpp.dir/rosidl_typesupport_fastrtps_cpp/msg_interfaces/msg/detail/dds_fastrtps/base_motion__type_support.cpp.o[0m
[3.404s] [ 53%] [32mBuilding CXX object CMakeFiles/msg_interfaces__rosidl_typesupport_fastrtps_cpp.dir/rosidl_typesupport_fastrtps_cpp/msg_interfaces/msg/detail/dds_fastrtps/final_vel__type_support.cpp.o[0m
[3.418s] [ 54%] [32mBuilding CXX object CMakeFiles/msg_interfaces__rosidl_typesupport_c.dir/rosidl_typesupport_c/msg_interfaces/msg/final_vel__type_support.cpp.o[0m
[3.463s] [ 54%] Built target msg_interfaces__rosidl_typesupport_cpp
[3.480s] [ 55%] [32mBuilding CXX object CMakeFiles/msg_interfaces__rosidl_typesupport_c.dir/rosidl_typesupport_c/msg_interfaces/msg/arm_angle__type_support.cpp.o[0m
[3.480s] [ 56%] [32mBuilding C object CMakeFiles/msg_interfaces__rosidl_typesupport_introspection_c.dir/rosidl_typesupport_introspection_c/msg_interfaces/msg/detail/drive__type_support.c.o[0m
[3.480s] [ 56%] [32mBuilding CXX object CMakeFiles/msg_interfaces__rosidl_typesupport_c.dir/rosidl_typesupport_c/msg_interfaces/msg/target_pose__type_support.cpp.o[0m
[3.526s] [ 57%] [32mBuilding C object CMakeFiles/msg_interfaces__rosidl_typesupport_introspection_c.dir/rosidl_typesupport_introspection_c/msg_interfaces/msg/detail/arm_end_motion__type_support.c.o[0m
[3.539s] [ 58%] [32m[1mLinking CXX shared library libmsg_interfaces__rosidl_typesupport_c.so[0m
[3.544s] [ 59%] [32mBuilding CXX object CMakeFiles/msg_interfaces__rosidl_typesupport_fastrtps_c.dir/rosidl_typesupport_fastrtps_c/msg_interfaces/msg/detail/drive__type_support_c.cpp.o[0m
[3.557s] [ 60%] [32mBuilding C object CMakeFiles/msg_interfaces__rosidl_typesupport_introspection_c.dir/rosidl_typesupport_introspection_c/msg_interfaces/msg/detail/encoder_arm__type_support.c.o[0m
[3.558s] [ 61%] [32mBuilding CXX object CMakeFiles/msg_interfaces__rosidl_typesupport_fastrtps_cpp.dir/rosidl_typesupport_fastrtps_cpp/msg_interfaces/msg/detail/dds_fastrtps/target_pose__type_support.cpp.o[0m
[3.563s] [ 62%] [32mBuilding C object CMakeFiles/msg_interfaces__rosidl_typesupport_introspection_c.dir/rosidl_typesupport_introspection_c/msg_interfaces/msg/detail/encoder_drive__type_support.c.o[0m
[3.590s] [ 63%] [32mBuilding C object CMakeFiles/msg_interfaces__rosidl_typesupport_introspection_c.dir/rosidl_typesupport_introspection_c/msg_interfaces/msg/detail/shoulder_joint_velocity__type_support.c.o[0m
[3.602s] [ 64%] [32mBuilding CXX object CMakeFiles/msg_interfaces__rosidl_typesupport_fastrtps_c.dir/rosidl_typesupport_fastrtps_c/msg_interfaces/msg/detail/arm_end_motion__type_support_c.cpp.o[0m
[3.602s] [ 65%] [32mBuilding CXX object CMakeFiles/msg_interfaces__rosidl_typesupport_fastrtps_cpp.dir/rosidl_typesupport_fastrtps_cpp/msg_interfaces/msg/detail/dds_fastrtps/arm_angle__type_support.cpp.o[0m
[3.602s] [ 66%] [32mBuilding C object CMakeFiles/msg_interfaces__rosidl_typesupport_introspection_c.dir/rosidl_typesupport_introspection_c/msg_interfaces/msg/detail/wrist_joint_velocity__type_support.c.o[0m
[3.607s] [ 66%] Built target msg_interfaces__rosidl_typesupport_c
[3.619s] [ 67%] [32mBuilding C object CMakeFiles/msg_interfaces__rosidl_typesupport_introspection_c.dir/rosidl_typesupport_introspection_c/msg_interfaces/msg/detail/base_motion__type_support.c.o[0m
[3.640s] [ 68%] [32mBuilding CXX object CMakeFiles/msg_interfaces__rosidl_typesupport_fastrtps_c.dir/rosidl_typesupport_fastrtps_c/msg_interfaces/msg/detail/encoder_arm__type_support_c.cpp.o[0m
[3.640s] [ 69%] [32mBuilding CXX object CMakeFiles/msg_interfaces__rosidl_typesupport_fastrtps_c.dir/rosidl_typesupport_fastrtps_c/msg_interfaces/msg/detail/encoder_drive__type_support_c.cpp.o[0m
[3.642s] [ 70%] [32mBuilding C object CMakeFiles/msg_interfaces__rosidl_typesupport_introspection_c.dir/rosidl_typesupport_introspection_c/msg_interfaces/msg/detail/final_vel__type_support.c.o[0m
[3.667s] [ 71%] [32mBuilding C object CMakeFiles/msg_interfaces__rosidl_typesupport_introspection_c.dir/rosidl_typesupport_introspection_c/msg_interfaces/msg/detail/target_pose__type_support.c.o[0m
[3.672s] [ 72%] [32mBuilding CXX object CMakeFiles/msg_interfaces__rosidl_typesupport_fastrtps_c.dir/rosidl_typesupport_fastrtps_c/msg_interfaces/msg/detail/shoulder_joint_velocity__type_support_c.cpp.o[0m
[3.690s] [ 73%] [32mBuilding CXX object CMakeFiles/msg_interfaces__rosidl_typesupport_fastrtps_c.dir/rosidl_typesupport_fastrtps_c/msg_interfaces/msg/detail/wrist_joint_velocity__type_support_c.cpp.o[0m
[3.712s] [ 74%] [32mBuilding CXX object CMakeFiles/msg_interfaces__rosidl_typesupport_fastrtps_c.dir/rosidl_typesupport_fastrtps_c/msg_interfaces/msg/detail/base_motion__type_support_c.cpp.o[0m
[3.715s] [ 75%] [32mBuilding C object CMakeFiles/msg_interfaces__rosidl_typesupport_introspection_c.dir/rosidl_typesupport_introspection_c/msg_interfaces/msg/detail/arm_angle__type_support.c.o[0m
[3.759s] [ 76%] [32mBuilding CXX object CMakeFiles/msg_interfaces__rosidl_typesupport_fastrtps_c.dir/rosidl_typesupport_fastrtps_c/msg_interfaces/msg/detail/final_vel__type_support_c.cpp.o[0m
[3.785s] [ 77%] [32m[1mLinking C shared library libmsg_interfaces__rosidl_typesupport_introspection_c.so[0m
[3.816s] [ 78%] [32mBuilding CXX object CMakeFiles/msg_interfaces__rosidl_typesupport_fastrtps_c.dir/rosidl_typesupport_fastrtps_c/msg_interfaces/msg/detail/target_pose__type_support_c.cpp.o[0m
[3.849s] [ 78%] Built target msg_interfaces__rosidl_typesupport_introspection_c
[3.886s] [ 79%] [32mBuilding CXX object CMakeFiles/msg_interfaces__rosidl_typesupport_fastrtps_c.dir/rosidl_typesupport_fastrtps_c/msg_interfaces/msg/detail/arm_angle__type_support_c.cpp.o[0m
[3.913s] [ 80%] [32m[1mLinking CXX shared library libmsg_interfaces__rosidl_typesupport_introspection_cpp.so[0m
[4.030s] [ 80%] Built target msg_interfaces__rosidl_typesupport_introspection_cpp
[4.126s] [ 81%] [32m[1mLinking CXX shared library libmsg_interfaces__rosidl_typesupport_fastrtps_cpp.so[0m
[4.185s] [ 81%] Built target msg_interfaces__rosidl_typesupport_fastrtps_cpp
[4.207s] [ 82%] [32m[1mLinking CXX shared library libmsg_interfaces__rosidl_typesupport_fastrtps_c.so[0m
[4.258s] [ 82%] Built target msg_interfaces__rosidl_typesupport_fastrtps_c
[4.273s] [ 82%] Built target msg_interfaces
[4.288s] [ 83%] [34m[1mGenerating Python code for ROS interfaces[0m
[4.961s] [ 83%] Built target msg_interfaces__py
[4.974s] [ 86%] [32mBuilding C object CMakeFiles/msg_interfaces__rosidl_generator_py.dir/rosidl_generator_py/msg_interfaces/msg/_target_pose_s.c.o[0m
[4.974s] [ 86%] [32mBuilding C object CMakeFiles/msg_interfaces__rosidl_generator_py.dir/rosidl_generator_py/msg_interfaces/msg/_shoulder_joint_velocity_s.c.o[0m
[4.974s] [ 86%] [32mBuilding C object CMakeFiles/msg_interfaces__rosidl_generator_py.dir/rosidl_generator_py/msg_interfaces/msg/_wrist_joint_velocity_s.c.o[0m
[4.974s] [ 87%] [32mBuilding C object CMakeFiles/msg_interfaces__rosidl_generator_py.dir/rosidl_generator_py/msg_interfaces/msg/_final_vel_s.c.o[0m
[4.974s] [ 88%] [32mBuilding C object CMakeFiles/msg_interfaces__rosidl_generator_py.dir/rosidl_generator_py/msg_interfaces/msg/_arm_angle_s.c.o[0m
[4.976s] [ 89%] [32mBuilding C object CMakeFiles/msg_interfaces__rosidl_generator_py.dir/rosidl_generator_py/msg_interfaces/msg/_drive_s.c.o[0m
[4.976s] [ 91%] [32mBuilding C object CMakeFiles/msg_interfaces__rosidl_generator_py.dir/rosidl_generator_py/msg_interfaces/msg/_arm_end_motion_s.c.o[0m
[4.976s] [ 91%] [32mBuilding C object CMakeFiles/msg_interfaces__rosidl_generator_py.dir/rosidl_generator_py/msg_interfaces/msg/_encoder_arm_s.c.o[0m
[4.976s] [ 92%] [32mBuilding C object CMakeFiles/msg_interfaces__rosidl_generator_py.dir/rosidl_generator_py/msg_interfaces/msg/_encoder_drive_s.c.o[0m
[4.976s] [ 93%] [32mBuilding C object CMakeFiles/msg_interfaces__rosidl_generator_py.dir/rosidl_generator_py/msg_interfaces/msg/_base_motion_s.c.o[0m
[5.103s] [ 94%] [32m[1mLinking C shared library rosidl_generator_py/msg_interfaces/libmsg_interfaces__rosidl_generator_py.so[0m
[5.135s] [ 94%] Built target msg_interfaces__rosidl_generator_py
[5.151s] [ 95%] [32mBuilding C object CMakeFiles/msg_interfaces__rosidl_typesupport_c__pyext.dir/rosidl_generator_py/msg_interfaces/_msg_interfaces_s.ep.rosidl_typesupport_c.c.o[0m
[5.152s] [ 96%] [32mBuilding C object CMakeFiles/msg_interfaces__rosidl_typesupport_fastrtps_c__pyext.dir/rosidl_generator_py/msg_interfaces/_msg_interfaces_s.ep.rosidl_typesupport_fastrtps_c.c.o[0m
[5.153s] [ 97%] [32mBuilding C object CMakeFiles/msg_interfaces__rosidl_typesupport_introspection_c__pyext.dir/rosidl_generator_py/msg_interfaces/_msg_interfaces_s.ep.rosidl_typesupport_introspection_c.c.o[0m
[5.229s] [ 98%] [32m[1mLinking C shared library rosidl_generator_py/msg_interfaces/msg_interfaces_s__rosidl_typesupport_c.cpython-310-x86_64-linux-gnu.so[0m
[5.232s] [100%] [32m[1mLinking C shared library rosidl_generator_py/msg_interfaces/msg_interfaces_s__rosidl_typesupport_introspection_c.cpython-310-x86_64-linux-gnu.so[0m
[5.232s] [100%] [32m[1mLinking C shared library rosidl_generator_py/msg_interfaces/msg_interfaces_s__rosidl_typesupport_fastrtps_c.cpython-310-x86_64-linux-gnu.so[0m
[5.258s] [100%] Built target msg_interfaces__rosidl_typesupport_c__pyext
[5.258s] [100%] Built target msg_interfaces__rosidl_typesupport_introspection_c__pyext
[5.260s] [100%] Built target msg_interfaces__rosidl_typesupport_fastrtps_c__pyext
[5.269s] Invoked command in '/home/siddhant/irc_rover_controls_2025/rover_essentials/build/msg_interfaces' returned '0': CMAKE_PREFIX_PATH=/opt/ros/humble /usr/bin/cmake --build /home/siddhant/irc_rover_controls_2025/rover_essentials/build/msg_interfaces -- -j22 -l22
[5.275s] Invoking command in '/home/siddhant/irc_rover_controls_2025/rover_essentials/build/msg_interfaces': CMAKE_PREFIX_PATH=/opt/ros/humble /usr/bin/cmake --install /home/siddhant/irc_rover_controls_2025/rover_essentials/build/msg_interfaces
[5.280s] -- Install configuration: ""
[5.281s] -- Installing: /home/siddhant/irc_rover_controls_2025/rover_essentials/install/msg_interfaces/share/ament_index/resource_index/rosidl_interfaces/msg_interfaces
[5.281s] -- Installing: /home/siddhant/irc_rover_controls_2025/rover_essentials/install/msg_interfaces/include/msg_interfaces/msg_interfaces
[5.281s] -- Installing: /home/siddhant/irc_rover_controls_2025/rover_essentials/install/msg_interfaces/include/msg_interfaces/msg_interfaces/msg
[5.281s] -- Installing: /home/siddhant/irc_rover_controls_2025/rover_essentials/install/msg_interfaces/include/msg_interfaces/msg_interfaces/msg/encoder_arm.h
[5.281s] -- Installing: /home/siddhant/irc_rover_controls_2025/rover_essentials/install/msg_interfaces/include/msg_interfaces/msg_interfaces/msg/target_pose.h
[5.281s] -- Installing: /home/siddhant/irc_rover_controls_2025/rover_essentials/install/msg_interfaces/include/msg_interfaces/msg_interfaces/msg/rosidl_generator_c__visibility_control.h
[5.281s] -- Installing: /home/siddhant/irc_rover_controls_2025/rover_essentials/install/msg_interfaces/include/msg_interfaces/msg_interfaces/msg/arm_angle.h
[5.281s] -- Installing: /home/siddhant/irc_rover_controls_2025/rover_essentials/install/msg_interfaces/include/msg_interfaces/msg_interfaces/msg/wrist_joint_velocity.h
[5.281s] -- Installing: /home/siddhant/irc_rover_controls_2025/rover_essentials/install/msg_interfaces/include/msg_interfaces/msg_interfaces/msg/base_motion.h
[5.281s] -- Installing: /home/siddhant/irc_rover_controls_2025/rover_essentials/install/msg_interfaces/include/msg_interfaces/msg_interfaces/msg/drive.h
[5.281s] -- Installing: /home/siddhant/irc_rover_controls_2025/rover_essentials/install/msg_interfaces/include/msg_interfaces/msg_interfaces/msg/final_vel.h
[5.281s] -- Installing: /home/siddhant/irc_rover_controls_2025/rover_essentials/install/msg_interfaces/include/msg_interfaces/msg_interfaces/msg/encoder_drive.h
[5.281s] -- Installing: /home/siddhant/irc_rover_controls_2025/rover_essentials/install/msg_interfaces/include/msg_interfaces/msg_interfaces/msg/shoulder_joint_velocity.h
[5.282s] -- Installing: /home/siddhant/irc_rover_controls_2025/rover_essentials/install/msg_interfaces/include/msg_interfaces/msg_interfaces/msg/arm_end_motion.h
[5.282s] -- Installing: /home/siddhant/irc_rover_controls_2025/rover_essentials/install/msg_interfaces/include/msg_interfaces/msg_interfaces/msg/detail
[5.282s] -- Installing: /home/siddhant/irc_rover_controls_2025/rover_essentials/install/msg_interfaces/include/msg_interfaces/msg_interfaces/msg/detail/arm_angle__struct.h
[5.282s] -- Installing: /home/siddhant/irc_rover_controls_2025/rover_essentials/install/msg_interfaces/include/msg_interfaces/msg_interfaces/msg/detail/encoder_arm__type_support.h
[5.282s] -- Installing: /home/siddhant/irc_rover_controls_2025/rover_essentials/install/msg_interfaces/include/msg_interfaces/msg_interfaces/msg/detail/base_motion__type_support.h
[5.282s] -- Installing: /home/siddhant/irc_rover_controls_2025/rover_essentials/install/msg_interfaces/include/msg_interfaces/msg_interfaces/msg/detail/arm_end_motion__type_support.h
[5.282s] -- Installing: /home/siddhant/irc_rover_controls_2025/rover_essentials/install/msg_interfaces/include/msg_interfaces/msg_interfaces/msg/detail/final_vel__functions.c
[5.282s] -- Installing: /home/siddhant/irc_rover_controls_2025/rover_essentials/install/msg_interfaces/include/msg_interfaces/msg_interfaces/msg/detail/encoder_drive__functions.c
[5.282s] -- Installing: /home/siddhant/irc_rover_controls_2025/rover_essentials/install/msg_interfaces/include/msg_interfaces/msg_interfaces/msg/detail/encoder_drive__struct.h
[5.282s] -- Installing: /home/siddhant/irc_rover_controls_2025/rover_essentials/install/msg_interfaces/include/msg_interfaces/msg_interfaces/msg/detail/shoulder_joint_velocity__functions.h
[5.282s] -- Installing: /home/siddhant/irc_rover_controls_2025/rover_essentials/install/msg_interfaces/include/msg_interfaces/msg_interfaces/msg/detail/encoder_drive__type_support.h
[5.282s] -- Installing: /home/siddhant/irc_rover_controls_2025/rover_essentials/install/msg_interfaces/include/msg_interfaces/msg_interfaces/msg/detail/target_pose__struct.h
[5.282s] -- Installing: /home/siddhant/irc_rover_controls_2025/rover_essentials/install/msg_interfaces/include/msg_interfaces/msg_interfaces/msg/detail/shoulder_joint_velocity__struct.h
[5.282s] -- Installing: /home/siddhant/irc_rover_controls_2025/rover_essentials/install/msg_interfaces/include/msg_interfaces/msg_interfaces/msg/detail/wrist_joint_velocity__type_support.h
[5.282s] -- Installing: /home/siddhant/irc_rover_controls_2025/rover_essentials/install/msg_interfaces/include/msg_interfaces/msg_interfaces/msg/detail/arm_end_motion__functions.h
[5.282s] -- Installing: /home/siddhant/irc_rover_controls_2025/rover_essentials/install/msg_interfaces/include/msg_interfaces/msg_interfaces/msg/detail/encoder_arm__struct.h
[5.283s] -- Installing: /home/siddhant/irc_rover_controls_2025/rover_essentials/install/msg_interfaces/include/msg_interfaces/msg_interfaces/msg/detail/base_motion__functions.c
[5.283s] -- Installing: /home/siddhant/irc_rover_controls_2025/rover_essentials/install/msg_interfaces/include/msg_interfaces/msg_interfaces/msg/detail/encoder_drive__functions.h
[5.283s] -- Installing: /home/siddhant/irc_rover_controls_2025/rover_essentials/install/msg_interfaces/include/msg_interfaces/msg_interfaces/msg/detail/target_pose__type_support.h
[5.283s] -- Installing: /home/siddhant/irc_rover_controls_2025/rover_essentials/install/msg_interfaces/include/msg_interfaces/msg_interfaces/msg/detail/arm_end_motion__functions.c
[5.283s] -- Installing: /home/siddhant/irc_rover_controls_2025/rover_essentials/install/msg_interfaces/include/msg_interfaces/msg_interfaces/msg/detail/drive__functions.c
[5.283s] -- Installing: /home/siddhant/irc_rover_controls_2025/rover_essentials/install/msg_interfaces/include/msg_interfaces/msg_interfaces/msg/detail/final_vel__type_support.h
[5.283s] -- Installing: /home/siddhant/irc_rover_controls_2025/rover_essentials/install/msg_interfaces/include/msg_interfaces/msg_interfaces/msg/detail/drive__functions.h
[5.283s] -- Installing: /home/siddhant/irc_rover_controls_2025/rover_essentials/install/msg_interfaces/include/msg_interfaces/msg_interfaces/msg/detail/drive__type_support.h
[5.283s] -- Installing: /home/siddhant/irc_rover_controls_2025/rover_essentials/install/msg_interfaces/include/msg_interfaces/msg_interfaces/msg/detail/target_pose__functions.h
[5.283s] -- Installing: /home/siddhant/irc_rover_controls_2025/rover_essentials/install/msg_interfaces/include/msg_interfaces/msg_interfaces/msg/detail/final_vel__functions.h
[5.283s] -- Installing: /home/siddhant/irc_rover_controls_2025/rover_essentials/install/msg_interfaces/include/msg_interfaces/msg_interfaces/msg/detail/base_motion__functions.h
[5.283s] -- Installing: /home/siddhant/irc_rover_controls_2025/rover_essentials/install/msg_interfaces/include/msg_interfaces/msg_interfaces/msg/detail/final_vel__struct.h
[5.283s] -- Installing: /home/siddhant/irc_rover_controls_2025/rover_essentials/install/msg_interfaces/include/msg_interfaces/msg_interfaces/msg/detail/encoder_arm__functions.h
[5.283s] -- Installing: /home/siddhant/irc_rover_controls_2025/rover_essentials/install/msg_interfaces/include/msg_interfaces/msg_interfaces/msg/detail/wrist_joint_velocity__functions.h
[5.283s] -- Installing: /home/siddhant/irc_rover_controls_2025/rover_essentials/install/msg_interfaces/include/msg_interfaces/msg_interfaces/msg/detail/arm_angle__functions.c
[5.283s] -- Installing: /home/siddhant/irc_rover_controls_2025/rover_essentials/install/msg_interfaces/include/msg_interfaces/msg_interfaces/msg/detail/base_motion__struct.h
[5.283s] -- Installing: /home/siddhant/irc_rover_controls_2025/rover_essentials/install/msg_interfaces/include/msg_interfaces/msg_interfaces/msg/detail/arm_end_motion__struct.h
[5.283s] -- Installing: /home/siddhant/irc_rover_controls_2025/rover_essentials/install/msg_interfaces/include/msg_interfaces/msg_interfaces/msg/detail/encoder_arm__functions.c
[5.283s] -- Installing: /home/siddhant/irc_rover_controls_2025/rover_essentials/install/msg_interfaces/include/msg_interfaces/msg_interfaces/msg/detail/shoulder_joint_velocity__type_support.h
[5.283s] -- Installing: /home/siddhant/irc_rover_controls_2025/rover_essentials/install/msg_interfaces/include/msg_interfaces/msg_interfaces/msg/detail/wrist_joint_velocity__functions.c
[5.283s] -- Installing: /home/siddhant/irc_rover_controls_2025/rover_essentials/install/msg_interfaces/include/msg_interfaces/msg_interfaces/msg/detail/drive__struct.h
[5.283s] -- Installing: /home/siddhant/irc_rover_controls_2025/rover_essentials/install/msg_interfaces/include/msg_interfaces/msg_interfaces/msg/detail/arm_angle__type_support.h
[5.284s] -- Installing: /home/siddhant/irc_rover_controls_2025/rover_essentials/install/msg_interfaces/include/msg_interfaces/msg_interfaces/msg/detail/arm_angle__functions.h
[5.284s] -- Installing: /home/siddhant/irc_rover_controls_2025/rover_essentials/install/msg_interfaces/include/msg_interfaces/msg_interfaces/msg/detail/shoulder_joint_velocity__functions.c
[5.284s] -- Installing: /home/siddhant/irc_rover_controls_2025/rover_essentials/install/msg_interfaces/include/msg_interfaces/msg_interfaces/msg/detail/target_pose__functions.c
[5.284s] -- Installing: /home/siddhant/irc_rover_controls_2025/rover_essentials/install/msg_interfaces/include/msg_interfaces/msg_interfaces/msg/detail/wrist_joint_velocity__struct.h
[5.284s] -- Installing: /home/siddhant/irc_rover_controls_2025/rover_essentials/install/msg_interfaces/share/msg_interfaces/environment/library_path.sh
[5.284s] -- Installing: /home/siddhant/irc_rover_controls_2025/rover_essentials/install/msg_interfaces/share/msg_interfaces/environment/library_path.dsv
[5.284s] -- Installing: /home/siddhant/irc_rover_controls_2025/rover_essentials/install/msg_interfaces/lib/libmsg_interfaces__rosidl_generator_c.so
[5.284s] -- Set runtime path of "/home/siddhant/irc_rover_controls_2025/rover_essentials/install/msg_interfaces/lib/libmsg_interfaces__rosidl_generator_c.so" to ""
[5.284s] -- Up-to-date: /home/siddhant/irc_rover_controls_2025/rover_essentials/install/msg_interfaces/include/msg_interfaces/msg_interfaces
[5.284s] -- Up-to-date: /home/siddhant/irc_rover_controls_2025/rover_essentials/install/msg_interfaces/include/msg_interfaces/msg_interfaces/msg
[5.284s] -- Installing: /home/siddhant/irc_rover_controls_2025/rover_essentials/install/msg_interfaces/include/msg_interfaces/msg_interfaces/msg/rosidl_typesupport_fastrtps_c__visibility_control.h
[5.284s] -- Up-to-date: /home/siddhant/irc_rover_controls_2025/rover_essentials/install/msg_interfaces/include/msg_interfaces/msg_interfaces/msg/detail
[5.284s] -- Installing: /home/siddhant/irc_rover_controls_2025/rover_essentials/install/msg_interfaces/include/msg_interfaces/msg_interfaces/msg/detail/shoulder_joint_velocity__rosidl_typesupport_fastrtps_c.h
[5.284s] -- Installing: /home/siddhant/irc_rover_controls_2025/rover_essentials/install/msg_interfaces/include/msg_interfaces/msg_interfaces/msg/detail/drive__rosidl_typesupport_fastrtps_c.h
[5.284s] -- Installing: /home/siddhant/irc_rover_controls_2025/rover_essentials/install/msg_interfaces/include/msg_interfaces/msg_interfaces/msg/detail/wrist_joint_velocity__rosidl_typesupport_fastrtps_c.h
[5.284s] -- Installing: /home/siddhant/irc_rover_controls_2025/rover_essentials/install/msg_interfaces/include/msg_interfaces/msg_interfaces/msg/detail/target_pose__rosidl_typesupport_fastrtps_c.h
[5.284s] -- Installing: /home/siddhant/irc_rover_controls_2025/rover_essentials/install/msg_interfaces/include/msg_interfaces/msg_interfaces/msg/detail/encoder_arm__rosidl_typesupport_fastrtps_c.h
[5.284s] -- Installing: /home/siddhant/irc_rover_controls_2025/rover_essentials/install/msg_interfaces/include/msg_interfaces/msg_interfaces/msg/detail/arm_end_motion__rosidl_typesupport_fastrtps_c.h
[5.284s] -- Installing: /home/siddhant/irc_rover_controls_2025/rover_essentials/install/msg_interfaces/include/msg_interfaces/msg_interfaces/msg/detail/base_motion__rosidl_typesupport_fastrtps_c.h
[5.284s] -- Installing: /home/siddhant/irc_rover_controls_2025/rover_essentials/install/msg_interfaces/include/msg_interfaces/msg_interfaces/msg/detail/final_vel__rosidl_typesupport_fastrtps_c.h
[5.284s] -- Installing: /home/siddhant/irc_rover_controls_2025/rover_essentials/install/msg_interfaces/include/msg_interfaces/msg_interfaces/msg/detail/arm_angle__rosidl_typesupport_fastrtps_c.h
[5.284s] -- Installing: /home/siddhant/irc_rover_controls_2025/rover_essentials/install/msg_interfaces/include/msg_interfaces/msg_interfaces/msg/detail/encoder_drive__rosidl_typesupport_fastrtps_c.h
[5.284s] -- Installing: /home/siddhant/irc_rover_controls_2025/rover_essentials/install/msg_interfaces/lib/libmsg_interfaces__rosidl_typesupport_fastrtps_c.so
[5.285s] -- Set runtime path of "/home/siddhant/irc_rover_controls_2025/rover_essentials/install/msg_interfaces/lib/libmsg_interfaces__rosidl_typesupport_fastrtps_c.so" to ""
[5.285s] -- Up-to-date: /home/siddhant/irc_rover_controls_2025/rover_essentials/install/msg_interfaces/include/msg_interfaces/msg_interfaces
[5.285s] -- Up-to-date: /home/siddhant/irc_rover_controls_2025/rover_essentials/install/msg_interfaces/include/msg_interfaces/msg_interfaces/msg
[5.285s] -- Installing: /home/siddhant/irc_rover_controls_2025/rover_essentials/install/msg_interfaces/include/msg_interfaces/msg_interfaces/msg/target_pose.hpp
[5.285s] -- Installing: /home/siddhant/irc_rover_controls_2025/rover_essentials/install/msg_interfaces/include/msg_interfaces/msg_interfaces/msg/encoder_arm.hpp
[5.285s] -- Installing: /home/siddhant/irc_rover_controls_2025/rover_essentials/install/msg_interfaces/include/msg_interfaces/msg_interfaces/msg/shoulder_joint_velocity.hpp
[5.285s] -- Installing: /home/siddhant/irc_rover_controls_2025/rover_essentials/install/msg_interfaces/include/msg_interfaces/msg_interfaces/msg/rosidl_generator_cpp__visibility_control.hpp
[5.285s] -- Installing: /home/siddhant/irc_rover_controls_2025/rover_essentials/install/msg_interfaces/include/msg_interfaces/msg_interfaces/msg/base_motion.hpp
[5.285s] -- Installing: /home/siddhant/irc_rover_controls_2025/rover_essentials/install/msg_interfaces/include/msg_interfaces/msg_interfaces/msg/drive.hpp
[5.285s] -- Installing: /home/siddhant/irc_rover_controls_2025/rover_essentials/install/msg_interfaces/include/msg_interfaces/msg_interfaces/msg/arm_end_motion.hpp
[5.285s] -- Up-to-date: /home/siddhant/irc_rover_controls_2025/rover_essentials/install/msg_interfaces/include/msg_interfaces/msg_interfaces/msg/detail
[5.285s] -- Installing: /home/siddhant/irc_rover_controls_2025/rover_essentials/install/msg_interfaces/include/msg_interfaces/msg_interfaces/msg/detail/base_motion__type_support.hpp
[5.285s] -- Installing: /home/siddhant/irc_rover_controls_2025/rover_essentials/install/msg_interfaces/include/msg_interfaces/msg_interfaces/msg/detail/final_vel__struct.hpp
[5.285s] -- Installing: /home/siddhant/irc_rover_controls_2025/rover_essentials/install/msg_interfaces/include/msg_interfaces/msg_interfaces/msg/detail/drive__struct.hpp
[5.285s] -- Installing: /home/siddhant/irc_rover_controls_2025/rover_essentials/install/msg_interfaces/include/msg_interfaces/msg_interfaces/msg/detail/drive__traits.hpp
[5.285s] -- Installing: /home/siddhant/irc_rover_controls_2025/rover_essentials/install/msg_interfaces/include/msg_interfaces/msg_interfaces/msg/detail/arm_angle__struct.hpp
[5.285s] -- Installing: /home/siddhant/irc_rover_controls_2025/rover_essentials/install/msg_interfaces/include/msg_interfaces/msg_interfaces/msg/detail/encoder_drive__builder.hpp
[5.285s] -- Installing: /home/siddhant/irc_rover_controls_2025/rover_essentials/install/msg_interfaces/include/msg_interfaces/msg_interfaces/msg/detail/shoulder_joint_velocity__traits.hpp
[5.285s] -- Installing: /home/siddhant/irc_rover_controls_2025/rover_essentials/install/msg_interfaces/include/msg_interfaces/msg_interfaces/msg/detail/drive__type_support.hpp
[5.285s] -- Installing: /home/siddhant/irc_rover_controls_2025/rover_essentials/install/msg_interfaces/include/msg_interfaces/msg_interfaces/msg/detail/encoder_arm__struct.hpp
[5.285s] -- Installing: /home/siddhant/irc_rover_controls_2025/rover_essentials/install/msg_interfaces/include/msg_interfaces/msg_interfaces/msg/detail/base_motion__traits.hpp
[5.285s] -- Installing: /home/siddhant/irc_rover_controls_2025/rover_essentials/install/msg_interfaces/include/msg_interfaces/msg_interfaces/msg/detail/arm_angle__builder.hpp
[5.285s] -- Installing: /home/siddhant/irc_rover_controls_2025/rover_essentials/install/msg_interfaces/include/msg_interfaces/msg_interfaces/msg/detail/target_pose__type_support.hpp
[5.285s] -- Installing: /home/siddhant/irc_rover_controls_2025/rover_essentials/install/msg_interfaces/include/msg_interfaces/msg_interfaces/msg/detail/arm_end_motion__struct.hpp
[5.286s] -- Installing: /home/siddhant/irc_rover_controls_2025/rover_essentials/install/msg_interfaces/include/msg_interfaces/msg_interfaces/msg/detail/wrist_joint_velocity__builder.hpp
[5.286s] -- Installing: /home/siddhant/irc_rover_controls_2025/rover_essentials/install/msg_interfaces/include/msg_interfaces/msg_interfaces/msg/detail/target_pose__traits.hpp
[5.286s] -- Installing: /home/siddhant/irc_rover_controls_2025/rover_essentials/install/msg_interfaces/include/msg_interfaces/msg_interfaces/msg/detail/wrist_joint_velocity__type_support.hpp
[5.286s] -- Installing: /home/siddhant/irc_rover_controls_2025/rover_essentials/install/msg_interfaces/include/msg_interfaces/msg_interfaces/msg/detail/base_motion__struct.hpp
[5.286s] -- Installing: /home/siddhant/irc_rover_controls_2025/rover_essentials/install/msg_interfaces/include/msg_interfaces/msg_interfaces/msg/detail/encoder_drive__type_support.hpp
[5.286s] -- Installing: /home/siddhant/irc_rover_controls_2025/rover_essentials/install/msg_interfaces/include/msg_interfaces/msg_interfaces/msg/detail/final_vel__type_support.hpp
[5.286s] -- Installing: /home/siddhant/irc_rover_controls_2025/rover_essentials/install/msg_interfaces/include/msg_interfaces/msg_interfaces/msg/detail/drive__builder.hpp
[5.286s] -- Installing: /home/siddhant/irc_rover_controls_2025/rover_essentials/install/msg_interfaces/include/msg_interfaces/msg_interfaces/msg/detail/encoder_arm__traits.hpp
[5.286s] -- Installing: /home/siddhant/irc_rover_controls_2025/rover_essentials/install/msg_interfaces/include/msg_interfaces/msg_interfaces/msg/detail/shoulder_joint_velocity__struct.hpp
[5.286s] -- Installing: /home/siddhant/irc_rover_controls_2025/rover_essentials/install/msg_interfaces/include/msg_interfaces/msg_interfaces/msg/detail/final_vel__traits.hpp
[5.286s] -- Installing: /home/siddhant/irc_rover_controls_2025/rover_essentials/install/msg_interfaces/include/msg_interfaces/msg_interfaces/msg/detail/arm_angle__traits.hpp
[5.286s] -- Installing: /home/siddhant/irc_rover_controls_2025/rover_essentials/install/msg_interfaces/include/msg_interfaces/msg_interfaces/msg/detail/encoder_drive__traits.hpp
[5.286s] -- Installing: /home/siddhant/irc_rover_controls_2025/rover_essentials/install/msg_interfaces/include/msg_interfaces/msg_interfaces/msg/detail/shoulder_joint_velocity__builder.hpp
[5.286s] -- Installing: /home/siddhant/irc_rover_controls_2025/rover_essentials/install/msg_interfaces/include/msg_interfaces/msg_interfaces/msg/detail/encoder_arm__type_support.hpp
[5.286s] -- Installing: /home/siddhant/irc_rover_controls_2025/rover_essentials/install/msg_interfaces/include/msg_interfaces/msg_interfaces/msg/detail/base_motion__builder.hpp
[5.286s] -- Installing: /home/siddhant/irc_rover_controls_2025/rover_essentials/install/msg_interfaces/include/msg_interfaces/msg_interfaces/msg/detail/arm_end_motion__builder.hpp
[5.286s] -- Installing: /home/siddhant/irc_rover_controls_2025/rover_essentials/install/msg_interfaces/include/msg_interfaces/msg_interfaces/msg/detail/shoulder_joint_velocity__type_support.hpp
[5.286s] -- Installing: /home/siddhant/irc_rover_controls_2025/rover_essentials/install/msg_interfaces/include/msg_interfaces/msg_interfaces/msg/detail/encoder_drive__struct.hpp
[5.286s] -- Installing: /home/siddhant/irc_rover_controls_2025/rover_essentials/install/msg_interfaces/include/msg_interfaces/msg_interfaces/msg/detail/wrist_joint_velocity__struct.hpp
[5.286s] -- Installing: /home/siddhant/irc_rover_controls_2025/rover_essentials/install/msg_interfaces/include/msg_interfaces/msg_interfaces/msg/detail/arm_end_motion__type_support.hpp
[5.286s] -- Installing: /home/siddhant/irc_rover_controls_2025/rover_essentials/install/msg_interfaces/include/msg_interfaces/msg_interfaces/msg/detail/wrist_joint_velocity__traits.hpp
[5.286s] -- Installing: /home/siddhant/irc_rover_controls_2025/rover_essentials/install/msg_interfaces/include/msg_interfaces/msg_interfaces/msg/detail/target_pose__builder.hpp
[5.286s] -- Installing: /home/siddhant/irc_rover_controls_2025/rover_essentials/install/msg_interfaces/include/msg_interfaces/msg_interfaces/msg/detail/final_vel__builder.hpp
[5.286s] -- Installing: /home/siddhant/irc_rover_controls_2025/rover_essentials/install/msg_interfaces/include/msg_interfaces/msg_interfaces/msg/detail/encoder_arm__builder.hpp
[5.286s] -- Installing: /home/siddhant/irc_rover_controls_2025/rover_essentials/install/msg_interfaces/include/msg_interfaces/msg_interfaces/msg/detail/target_pose__struct.hpp
[5.286s] -- Installing: /home/siddhant/irc_rover_controls_2025/rover_essentials/install/msg_interfaces/include/msg_interfaces/msg_interfaces/msg/detail/arm_angle__type_support.hpp
[5.286s] -- Installing: /home/siddhant/irc_rover_controls_2025/rover_essentials/install/msg_interfaces/include/msg_interfaces/msg_interfaces/msg/detail/arm_end_motion__traits.hpp
[5.286s] -- Installing: /home/siddhant/irc_rover_controls_2025/rover_essentials/install/msg_interfaces/include/msg_interfaces/msg_interfaces/msg/arm_angle.hpp
[5.286s] -- Installing: /home/siddhant/irc_rover_controls_2025/rover_essentials/install/msg_interfaces/include/msg_interfaces/msg_interfaces/msg/wrist_joint_velocity.hpp
[5.286s] -- Installing: /home/siddhant/irc_rover_controls_2025/rover_essentials/install/msg_interfaces/include/msg_interfaces/msg_interfaces/msg/encoder_drive.hpp
[5.286s] -- Installing: /home/siddhant/irc_rover_controls_2025/rover_essentials/install/msg_interfaces/include/msg_interfaces/msg_interfaces/msg/final_vel.hpp
[5.287s] -- Up-to-date: /home/siddhant/irc_rover_controls_2025/rover_essentials/install/msg_interfaces/include/msg_interfaces/msg_interfaces
[5.287s] -- Up-to-date: /home/siddhant/irc_rover_controls_2025/rover_essentials/install/msg_interfaces/include/msg_interfaces/msg_interfaces/msg
[5.287s] -- Up-to-date: /home/siddhant/irc_rover_controls_2025/rover_essentials/install/msg_interfaces/include/msg_interfaces/msg_interfaces/msg/detail
[5.287s] -- Installing: /home/siddhant/irc_rover_controls_2025/rover_essentials/install/msg_interfaces/include/msg_interfaces/msg_interfaces/msg/detail/base_motion__rosidl_typesupport_fastrtps_cpp.hpp
[5.287s] -- Installing: /home/siddhant/irc_rover_controls_2025/rover_essentials/install/msg_interfaces/include/msg_interfaces/msg_interfaces/msg/detail/drive__rosidl_typesupport_fastrtps_cpp.hpp
[5.287s] -- Installing: /home/siddhant/irc_rover_controls_2025/rover_essentials/install/msg_interfaces/include/msg_interfaces/msg_interfaces/msg/detail/shoulder_joint_velocity__rosidl_typesupport_fastrtps_cpp.hpp
[5.287s] -- Installing: /home/siddhant/irc_rover_controls_2025/rover_essentials/install/msg_interfaces/include/msg_interfaces/msg_interfaces/msg/detail/final_vel__rosidl_typesupport_fastrtps_cpp.hpp
[5.287s] -- Installing: /home/siddhant/irc_rover_controls_2025/rover_essentials/install/msg_interfaces/include/msg_interfaces/msg_interfaces/msg/detail/arm_end_motion__rosidl_typesupport_fastrtps_cpp.hpp
[5.287s] -- Installing: /home/siddhant/irc_rover_controls_2025/rover_essentials/install/msg_interfaces/include/msg_interfaces/msg_interfaces/msg/detail/encoder_arm__rosidl_typesupport_fastrtps_cpp.hpp
[5.287s] -- Installing: /home/siddhant/irc_rover_controls_2025/rover_essentials/install/msg_interfaces/include/msg_interfaces/msg_interfaces/msg/detail/dds_fastrtps
[5.287s] -- Installing: /home/siddhant/irc_rover_controls_2025/rover_essentials/install/msg_interfaces/include/msg_interfaces/msg_interfaces/msg/detail/arm_angle__rosidl_typesupport_fastrtps_cpp.hpp
[5.287s] -- Installing: /home/siddhant/irc_rover_controls_2025/rover_essentials/install/msg_interfaces/include/msg_interfaces/msg_interfaces/msg/detail/target_pose__rosidl_typesupport_fastrtps_cpp.hpp
[5.287s] -- Installing: /home/siddhant/irc_rover_controls_2025/rover_essentials/install/msg_interfaces/include/msg_interfaces/msg_interfaces/msg/detail/wrist_joint_velocity__rosidl_typesupport_fastrtps_cpp.hpp
[5.287s] -- Installing: /home/siddhant/irc_rover_controls_2025/rover_essentials/install/msg_interfaces/include/msg_interfaces/msg_interfaces/msg/detail/encoder_drive__rosidl_typesupport_fastrtps_cpp.hpp
[5.287s] -- Installing: /home/siddhant/irc_rover_controls_2025/rover_essentials/install/msg_interfaces/include/msg_interfaces/msg_interfaces/msg/rosidl_typesupport_fastrtps_cpp__visibility_control.h
[5.287s] -- Installing: /home/siddhant/irc_rover_controls_2025/rover_essentials/install/msg_interfaces/lib/libmsg_interfaces__rosidl_typesupport_fastrtps_cpp.so
[5.287s] -- Set runtime path of "/home/siddhant/irc_rover_controls_2025/rover_essentials/install/msg_interfaces/lib/libmsg_interfaces__rosidl_typesupport_fastrtps_cpp.so" to ""
[5.287s] -- Up-to-date: /home/siddhant/irc_rover_controls_2025/rover_essentials/install/msg_interfaces/include/msg_interfaces/msg_interfaces
[5.287s] -- Up-to-date: /home/siddhant/irc_rover_controls_2025/rover_essentials/install/msg_interfaces/include/msg_interfaces/msg_interfaces/msg
[5.287s] -- Installing: /home/siddhant/irc_rover_controls_2025/rover_essentials/install/msg_interfaces/include/msg_interfaces/msg_interfaces/msg/rosidl_typesupport_introspection_c__visibility_control.h
[5.287s] -- Up-to-date: /home/siddhant/irc_rover_controls_2025/rover_essentials/install/msg_interfaces/include/msg_interfaces/msg_interfaces/msg/detail
[5.287s] -- Installing: /home/siddhant/irc_rover_controls_2025/rover_essentials/install/msg_interfaces/include/msg_interfaces/msg_interfaces/msg/detail/target_pose__rosidl_typesupport_introspection_c.h
[5.287s] -- Installing: /home/siddhant/irc_rover_controls_2025/rover_essentials/install/msg_interfaces/include/msg_interfaces/msg_interfaces/msg/detail/encoder_arm__type_support.c
[5.287s] -- Installing: /home/siddhant/irc_rover_controls_2025/rover_essentials/install/msg_interfaces/include/msg_interfaces/msg_interfaces/msg/detail/drive__rosidl_typesupport_introspection_c.h
[5.287s] -- Installing: /home/siddhant/irc_rover_controls_2025/rover_essentials/install/msg_interfaces/include/msg_interfaces/msg_interfaces/msg/detail/final_vel__rosidl_typesupport_introspection_c.h
[5.287s] -- Installing: /home/siddhant/irc_rover_controls_2025/rover_essentials/install/msg_interfaces/include/msg_interfaces/msg_interfaces/msg/detail/encoder_arm__rosidl_typesupport_introspection_c.h
[5.287s] -- Installing: /home/siddhant/irc_rover_controls_2025/rover_essentials/install/msg_interfaces/include/msg_interfaces/msg_interfaces/msg/detail/arm_angle__rosidl_typesupport_introspection_c.h
[5.287s] -- Installing: /home/siddhant/irc_rover_controls_2025/rover_essentials/install/msg_interfaces/include/msg_interfaces/msg_interfaces/msg/detail/arm_end_motion__type_support.c
[5.288s] -- Installing: /home/siddhant/irc_rover_controls_2025/rover_essentials/install/msg_interfaces/include/msg_interfaces/msg_interfaces/msg/detail/base_motion__rosidl_typesupport_introspection_c.h
[5.288s] -- Installing: /home/siddhant/irc_rover_controls_2025/rover_essentials/install/msg_interfaces/include/msg_interfaces/msg_interfaces/msg/detail/wrist_joint_velocity__rosidl_typesupport_introspection_c.h
[5.288s] -- Installing: /home/siddhant/irc_rover_controls_2025/rover_essentials/install/msg_interfaces/include/msg_interfaces/msg_interfaces/msg/detail/shoulder_joint_velocity__rosidl_typesupport_introspection_c.h
[5.288s] -- Installing: /home/siddhant/irc_rover_controls_2025/rover_essentials/install/msg_interfaces/include/msg_interfaces/msg_interfaces/msg/detail/wrist_joint_velocity__type_support.c
[5.288s] -- Installing: /home/siddhant/irc_rover_controls_2025/rover_essentials/install/msg_interfaces/include/msg_interfaces/msg_interfaces/msg/detail/final_vel__type_support.c
[5.288s] -- Installing: /home/siddhant/irc_rover_controls_2025/rover_essentials/install/msg_interfaces/include/msg_interfaces/msg_interfaces/msg/detail/target_pose__type_support.c
[5.288s] -- Installing: /home/siddhant/irc_rover_controls_2025/rover_essentials/install/msg_interfaces/include/msg_interfaces/msg_interfaces/msg/detail/drive__type_support.c
[5.288s] -- Installing: /home/siddhant/irc_rover_controls_2025/rover_essentials/install/msg_interfaces/include/msg_interfaces/msg_interfaces/msg/detail/shoulder_joint_velocity__type_support.c
[5.288s] -- Installing: /home/siddhant/irc_rover_controls_2025/rover_essentials/install/msg_interfaces/include/msg_interfaces/msg_interfaces/msg/detail/arm_angle__type_support.c
[5.288s] -- Installing: /home/siddhant/irc_rover_controls_2025/rover_essentials/install/msg_interfaces/include/msg_interfaces/msg_interfaces/msg/detail/arm_end_motion__rosidl_typesupport_introspection_c.h
[5.288s] -- Installing: /home/siddhant/irc_rover_controls_2025/rover_essentials/install/msg_interfaces/include/msg_interfaces/msg_interfaces/msg/detail/encoder_drive__rosidl_typesupport_introspection_c.h
[5.288s] -- Installing: /home/siddhant/irc_rover_controls_2025/rover_essentials/install/msg_interfaces/include/msg_interfaces/msg_interfaces/msg/detail/encoder_drive__type_support.c
[5.288s] -- Installing: /home/siddhant/irc_rover_controls_2025/rover_essentials/install/msg_interfaces/include/msg_interfaces/msg_interfaces/msg/detail/base_motion__type_support.c
[5.288s] -- Installing: /home/siddhant/irc_rover_controls_2025/rover_essentials/install/msg_interfaces/lib/libmsg_interfaces__rosidl_typesupport_introspection_c.so
[5.288s] -- Set runtime path of "/home/siddhant/irc_rover_controls_2025/rover_essentials/install/msg_interfaces/lib/libmsg_interfaces__rosidl_typesupport_introspection_c.so" to ""
[5.288s] -- Installing: /home/siddhant/irc_rover_controls_2025/rover_essentials/install/msg_interfaces/lib/libmsg_interfaces__rosidl_typesupport_c.so
[5.288s] -- Set runtime path of "/home/siddhant/irc_rover_controls_2025/rover_essentials/install/msg_interfaces/lib/libmsg_interfaces__rosidl_typesupport_c.so" to ""
[5.288s] -- Up-to-date: /home/siddhant/irc_rover_controls_2025/rover_essentials/install/msg_interfaces/include/msg_interfaces/msg_interfaces
[5.288s] -- Up-to-date: /home/siddhant/irc_rover_controls_2025/rover_essentials/install/msg_interfaces/include/msg_interfaces/msg_interfaces/msg
[5.288s] -- Up-to-date: /home/siddhant/irc_rover_controls_2025/rover_essentials/install/msg_interfaces/include/msg_interfaces/msg_interfaces/msg/detail
[5.288s] -- Installing: /home/siddhant/irc_rover_controls_2025/rover_essentials/install/msg_interfaces/include/msg_interfaces/msg_interfaces/msg/detail/encoder_drive__type_support.cpp
[5.288s] -- Installing: /home/siddhant/irc_rover_controls_2025/rover_essentials/install/msg_interfaces/include/msg_interfaces/msg_interfaces/msg/detail/drive__type_support.cpp
[5.288s] -- Installing: /home/siddhant/irc_rover_controls_2025/rover_essentials/install/msg_interfaces/include/msg_interfaces/msg_interfaces/msg/detail/shoulder_joint_velocity__rosidl_typesupport_introspection_cpp.hpp
[5.289s] -- Installing: /home/siddhant/irc_rover_controls_2025/rover_essentials/install/msg_interfaces/include/msg_interfaces/msg_interfaces/msg/detail/final_vel__type_support.cpp
[5.289s] -- Installing: /home/siddhant/irc_rover_controls_2025/rover_essentials/install/msg_interfaces/include/msg_interfaces/msg_interfaces/msg/detail/encoder_arm__rosidl_typesupport_introspection_cpp.hpp
[5.289s] -- Installing: /home/siddhant/irc_rover_controls_2025/rover_essentials/install/msg_interfaces/include/msg_interfaces/msg_interfaces/msg/detail/arm_end_motion__type_support.cpp
[5.289s] -- Installing: /home/siddhant/irc_rover_controls_2025/rover_essentials/install/msg_interfaces/include/msg_interfaces/msg_interfaces/msg/detail/arm_angle__rosidl_typesupport_introspection_cpp.hpp
[5.289s] -- Installing: /home/siddhant/irc_rover_controls_2025/rover_essentials/install/msg_interfaces/include/msg_interfaces/msg_interfaces/msg/detail/arm_end_motion__rosidl_typesupport_introspection_cpp.hpp
[5.289s] -- Installing: /home/siddhant/irc_rover_controls_2025/rover_essentials/install/msg_interfaces/include/msg_interfaces/msg_interfaces/msg/detail/encoder_arm__type_support.cpp
[5.289s] -- Installing: /home/siddhant/irc_rover_controls_2025/rover_essentials/install/msg_interfaces/include/msg_interfaces/msg_interfaces/msg/detail/final_vel__rosidl_typesupport_introspection_cpp.hpp
[5.289s] -- Installing: /home/siddhant/irc_rover_controls_2025/rover_essentials/install/msg_interfaces/include/msg_interfaces/msg_interfaces/msg/detail/base_motion__type_support.cpp
[5.289s] -- Installing: /home/siddhant/irc_rover_controls_2025/rover_essentials/install/msg_interfaces/include/msg_interfaces/msg_interfaces/msg/detail/drive__rosidl_typesupport_introspection_cpp.hpp
[5.289s] -- Installing: /home/siddhant/irc_rover_controls_2025/rover_essentials/install/msg_interfaces/include/msg_interfaces/msg_interfaces/msg/detail/encoder_drive__rosidl_typesupport_introspection_cpp.hpp
[5.289s] -- Installing: /home/siddhant/irc_rover_controls_2025/rover_essentials/install/msg_interfaces/include/msg_interfaces/msg_interfaces/msg/detail/arm_angle__type_support.cpp
[5.289s] -- Installing: /home/siddhant/irc_rover_controls_2025/rover_essentials/install/msg_interfaces/include/msg_interfaces/msg_interfaces/msg/detail/shoulder_joint_velocity__type_support.cpp
[5.290s] -- Installing: /home/siddhant/irc_rover_controls_2025/rover_essentials/install/msg_interfaces/include/msg_interfaces/msg_interfaces/msg/detail/base_motion__rosidl_typesupport_introspection_cpp.hpp
[5.290s] -- Installing: /home/siddhant/irc_rover_controls_2025/rover_essentials/install/msg_interfaces/include/msg_interfaces/msg_interfaces/msg/detail/target_pose__rosidl_typesupport_introspection_cpp.hpp
[5.290s] -- Installing: /home/siddhant/irc_rover_controls_2025/rover_essentials/install/msg_interfaces/include/msg_interfaces/msg_interfaces/msg/detail/target_pose__type_support.cpp
[5.290s] -- Installing: /home/siddhant/irc_rover_controls_2025/rover_essentials/install/msg_interfaces/include/msg_interfaces/msg_interfaces/msg/detail/wrist_joint_velocity__rosidl_typesupport_introspection_cpp.hpp
[5.290s] -- Installing: /home/siddhant/irc_rover_controls_2025/rover_essentials/install/msg_interfaces/include/msg_interfaces/msg_interfaces/msg/detail/wrist_joint_velocity__type_support.cpp
[5.290s] -- Installing: /home/siddhant/irc_rover_controls_2025/rover_essentials/install/msg_interfaces/lib/libmsg_interfaces__rosidl_typesupport_introspection_cpp.so
[5.290s] -- Set runtime path of "/home/siddhant/irc_rover_controls_2025/rover_essentials/install/msg_interfaces/lib/libmsg_interfaces__rosidl_typesupport_introspection_cpp.so" to ""
[5.290s] -- Installing: /home/siddhant/irc_rover_controls_2025/rover_essentials/install/msg_interfaces/lib/libmsg_interfaces__rosidl_typesupport_cpp.so
[5.290s] -- Set runtime path of "/home/siddhant/irc_rover_controls_2025/rover_essentials/install/msg_interfaces/lib/libmsg_interfaces__rosidl_typesupport_cpp.so" to ""
[5.290s] -- Installing: /home/siddhant/irc_rover_controls_2025/rover_essentials/install/msg_interfaces/share/msg_interfaces/environment/pythonpath.sh
[5.290s] -- Installing: /home/siddhant/irc_rover_controls_2025/rover_essentials/install/msg_interfaces/share/msg_interfaces/environment/pythonpath.dsv
[5.290s] -- Installing: /home/siddhant/irc_rover_controls_2025/rover_essentials/install/msg_interfaces/local/lib/python3.10/dist-packages/msg_interfaces-0.0.0-py3.10.egg-info
[5.290s] -- Installing: /home/siddhant/irc_rover_controls_2025/rover_essentials/install/msg_interfaces/local/lib/python3.10/dist-packages/msg_interfaces-0.0.0-py3.10.egg-info/SOURCES.txt
[5.291s] -- Installing: /home/siddhant/irc_rover_controls_2025/rover_essentials/install/msg_interfaces/local/lib/python3.10/dist-packages/msg_interfaces-0.0.0-py3.10.egg-info/top_level.txt
[5.291s] -- Installing: /home/siddhant/irc_rover_controls_2025/rover_essentials/install/msg_interfaces/local/lib/python3.10/dist-packages/msg_interfaces-0.0.0-py3.10.egg-info/PKG-INFO
[5.291s] -- Installing: /home/siddhant/irc_rover_controls_2025/rover_essentials/install/msg_interfaces/local/lib/python3.10/dist-packages/msg_interfaces-0.0.0-py3.10.egg-info/dependency_links.txt
[5.291s] -- Installing: /home/siddhant/irc_rover_controls_2025/rover_essentials/install/msg_interfaces/local/lib/python3.10/dist-packages/msg_interfaces
[5.291s] -- Installing: /home/siddhant/irc_rover_controls_2025/rover_essentials/install/msg_interfaces/local/lib/python3.10/dist-packages/msg_interfaces/_msg_interfaces_s.ep.rosidl_typesupport_fastrtps_c.c
[5.291s] -- Installing: /home/siddhant/irc_rover_controls_2025/rover_essentials/install/msg_interfaces/local/lib/python3.10/dist-packages/msg_interfaces/_msg_interfaces_s.ep.rosidl_typesupport_introspection_c.c
[5.291s] -- Installing: /home/siddhant/irc_rover_controls_2025/rover_essentials/install/msg_interfaces/local/lib/python3.10/dist-packages/msg_interfaces/libmsg_interfaces__rosidl_generator_py.so
[5.291s] -- Installing: /home/siddhant/irc_rover_controls_2025/rover_essentials/install/msg_interfaces/local/lib/python3.10/dist-packages/msg_interfaces/msg_interfaces_s__rosidl_typesupport_fastrtps_c.cpython-310-x86_64-linux-gnu.so
[5.291s] -- Installing: /home/siddhant/irc_rover_controls_2025/rover_essentials/install/msg_interfaces/local/lib/python3.10/dist-packages/msg_interfaces/__init__.py
[5.291s] -- Installing: /home/siddhant/irc_rover_controls_2025/rover_essentials/install/msg_interfaces/local/lib/python3.10/dist-packages/msg_interfaces/msg_interfaces_s__rosidl_typesupport_c.cpython-310-x86_64-linux-gnu.so
[5.291s] -- Installing: /home/siddhant/irc_rover_controls_2025/rover_essentials/install/msg_interfaces/local/lib/python3.10/dist-packages/msg_interfaces/msg
[5.291s] -- Installing: /home/siddhant/irc_rover_controls_2025/rover_essentials/install/msg_interfaces/local/lib/python3.10/dist-packages/msg_interfaces/msg/_drive_s.c
[5.291s] -- Installing: /home/siddhant/irc_rover_controls_2025/rover_essentials/install/msg_interfaces/local/lib/python3.10/dist-packages/msg_interfaces/msg/_shoulder_joint_velocity_s.c
[5.291s] -- Installing: /home/siddhant/irc_rover_controls_2025/rover_essentials/install/msg_interfaces/local/lib/python3.10/dist-packages/msg_interfaces/msg/_wrist_joint_velocity_s.c
[5.291s] -- Installing: /home/siddhant/irc_rover_controls_2025/rover_essentials/install/msg_interfaces/local/lib/python3.10/dist-packages/msg_interfaces/msg/_encoder_drive_s.c
[5.291s] -- Installing: /home/siddhant/irc_rover_controls_2025/rover_essentials/install/msg_interfaces/local/lib/python3.10/dist-packages/msg_interfaces/msg/_drive.py
[5.291s] -- Installing: /home/siddhant/irc_rover_controls_2025/rover_essentials/install/msg_interfaces/local/lib/python3.10/dist-packages/msg_interfaces/msg/_arm_end_motion_s.c
[5.291s] -- Installing: /home/siddhant/irc_rover_controls_2025/rover_essentials/install/msg_interfaces/local/lib/python3.10/dist-packages/msg_interfaces/msg/_arm_end_motion.py
[5.291s] -- Installing: /home/siddhant/irc_rover_controls_2025/rover_essentials/install/msg_interfaces/local/lib/python3.10/dist-packages/msg_interfaces/msg/_base_motion.py
[5.291s] -- Installing: /home/siddhant/irc_rover_controls_2025/rover_essentials/install/msg_interfaces/local/lib/python3.10/dist-packages/msg_interfaces/msg/_encoder_arm_s.c
[5.291s] -- Installing: /home/siddhant/irc_rover_controls_2025/rover_essentials/install/msg_interfaces/local/lib/python3.10/dist-packages/msg_interfaces/msg/_encoder_drive.py
[5.291s] -- Installing: /home/siddhant/irc_rover_controls_2025/rover_essentials/install/msg_interfaces/local/lib/python3.10/dist-packages/msg_interfaces/msg/_target_pose_s.c
[5.291s] -- Installing: /home/siddhant/irc_rover_controls_2025/rover_essentials/install/msg_interfaces/local/lib/python3.10/dist-packages/msg_interfaces/msg/_target_pose.py
[5.291s] -- Installing: /home/siddhant/irc_rover_controls_2025/rover_essentials/install/msg_interfaces/local/lib/python3.10/dist-packages/msg_interfaces/msg/_encoder_arm.py
[5.291s] -- Installing: /home/siddhant/irc_rover_controls_2025/rover_essentials/install/msg_interfaces/local/lib/python3.10/dist-packages/msg_interfaces/msg/_final_vel.py
[5.291s] -- Installing: /home/siddhant/irc_rover_controls_2025/rover_essentials/install/msg_interfaces/local/lib/python3.10/dist-packages/msg_interfaces/msg/_arm_angle_s.c
[5.291s] -- Installing: /home/siddhant/irc_rover_controls_2025/rover_essentials/install/msg_interfaces/local/lib/python3.10/dist-packages/msg_interfaces/msg/_wrist_joint_velocity.py
[5.292s] -- Installing: /home/siddhant/irc_rover_controls_2025/rover_essentials/install/msg_interfaces/local/lib/python3.10/dist-packages/msg_interfaces/msg/__init__.py
[5.292s] -- Installing: /home/siddhant/irc_rover_controls_2025/rover_essentials/install/msg_interfaces/local/lib/python3.10/dist-packages/msg_interfaces/msg/_arm_angle.py
[5.292s] -- Installing: /home/siddhant/irc_rover_controls_2025/rover_essentials/install/msg_interfaces/local/lib/python3.10/dist-packages/msg_interfaces/msg/_base_motion_s.c
[5.292s] -- Installing: /home/siddhant/irc_rover_controls_2025/rover_essentials/install/msg_interfaces/local/lib/python3.10/dist-packages/msg_interfaces/msg/_final_vel_s.c
[5.292s] -- Installing: /home/siddhant/irc_rover_controls_2025/rover_essentials/install/msg_interfaces/local/lib/python3.10/dist-packages/msg_interfaces/msg/_shoulder_joint_velocity.py
[5.292s] -- Installing: /home/siddhant/irc_rover_controls_2025/rover_essentials/install/msg_interfaces/local/lib/python3.10/dist-packages/msg_interfaces/msg_interfaces_s__rosidl_typesupport_introspection_c.cpython-310-x86_64-linux-gnu.so
[5.292s] -- Installing: /home/siddhant/irc_rover_controls_2025/rover_essentials/install/msg_interfaces/local/lib/python3.10/dist-packages/msg_interfaces/_msg_interfaces_s.ep.rosidl_typesupport_c.c
[5.320s] Listing '/home/siddhant/irc_rover_controls_2025/rover_essentials/install/msg_interfaces/local/lib/python3.10/dist-packages/msg_interfaces'...
[5.320s] Compiling '/home/siddhant/irc_rover_controls_2025/rover_essentials/install/msg_interfaces/local/lib/python3.10/dist-packages/msg_interfaces/__init__.py'...
[5.320s] Listing '/home/siddhant/irc_rover_controls_2025/rover_essentials/install/msg_interfaces/local/lib/python3.10/dist-packages/msg_interfaces/msg'...
[5.321s] Compiling '/home/siddhant/irc_rover_controls_2025/rover_essentials/install/msg_interfaces/local/lib/python3.10/dist-packages/msg_interfaces/msg/__init__.py'...
[5.321s] Compiling '/home/siddhant/irc_rover_controls_2025/rover_essentials/install/msg_interfaces/local/lib/python3.10/dist-packages/msg_interfaces/msg/_arm_angle.py'...
[5.321s] Compiling '/home/siddhant/irc_rover_controls_2025/rover_essentials/install/msg_interfaces/local/lib/python3.10/dist-packages/msg_interfaces/msg/_arm_end_motion.py'...
[5.321s] Compiling '/home/siddhant/irc_rover_controls_2025/rover_essentials/install/msg_interfaces/local/lib/python3.10/dist-packages/msg_interfaces/msg/_base_motion.py'...
[5.321s] Compiling '/home/siddhant/irc_rover_controls_2025/rover_essentials/install/msg_interfaces/local/lib/python3.10/dist-packages/msg_interfaces/msg/_drive.py'...
[5.321s] Compiling '/home/siddhant/irc_rover_controls_2025/rover_essentials/install/msg_interfaces/local/lib/python3.10/dist-packages/msg_interfaces/msg/_encoder_arm.py'...
[5.321s] Compiling '/home/siddhant/irc_rover_controls_2025/rover_essentials/install/msg_interfaces/local/lib/python3.10/dist-packages/msg_interfaces/msg/_encoder_drive.py'...
[5.321s] Compiling '/home/siddhant/irc_rover_controls_2025/rover_essentials/install/msg_interfaces/local/lib/python3.10/dist-packages/msg_interfaces/msg/_final_vel.py'...
[5.321s] Compiling '/home/siddhant/irc_rover_controls_2025/rover_essentials/install/msg_interfaces/local/lib/python3.10/dist-packages/msg_interfaces/msg/_shoulder_joint_velocity.py'...
[5.321s] Compiling '/home/siddhant/irc_rover_controls_2025/rover_essentials/install/msg_interfaces/local/lib/python3.10/dist-packages/msg_interfaces/msg/_target_pose.py'...
[5.321s] Compiling '/home/siddhant/irc_rover_controls_2025/rover_essentials/install/msg_interfaces/local/lib/python3.10/dist-packages/msg_interfaces/msg/_wrist_joint_velocity.py'...
[5.323s] -- Installing: /home/siddhant/irc_rover_controls_2025/rover_essentials/install/msg_interfaces/local/lib/python3.10/dist-packages/msg_interfaces/msg_interfaces_s__rosidl_typesupport_fastrtps_c.cpython-310-x86_64-linux-gnu.so
[5.324s] -- Set runtime path of "/home/siddhant/irc_rover_controls_2025/rover_essentials/install/msg_interfaces/local/lib/python3.10/dist-packages/msg_interfaces/msg_interfaces_s__rosidl_typesupport_fastrtps_c.cpython-310-x86_64-linux-gnu.so" to ""
[5.324s] -- Installing: /home/siddhant/irc_rover_controls_2025/rover_essentials/install/msg_interfaces/local/lib/python3.10/dist-packages/msg_interfaces/msg_interfaces_s__rosidl_typesupport_introspection_c.cpython-310-x86_64-linux-gnu.so
[5.324s] -- Set runtime path of "/home/siddhant/irc_rover_controls_2025/rover_essentials/install/msg_interfaces/local/lib/python3.10/dist-packages/msg_interfaces/msg_interfaces_s__rosidl_typesupport_introspection_c.cpython-310-x86_64-linux-gnu.so" to ""
[5.324s] -- Installing: /home/siddhant/irc_rover_controls_2025/rover_essentials/install/msg_interfaces/local/lib/python3.10/dist-packages/msg_interfaces/msg_interfaces_s__rosidl_typesupport_c.cpython-310-x86_64-linux-gnu.so
[5.324s] -- Set runtime path of "/home/siddhant/irc_rover_controls_2025/rover_essentials/install/msg_interfaces/local/lib/python3.10/dist-packages/msg_interfaces/msg_interfaces_s__rosidl_typesupport_c.cpython-310-x86_64-linux-gnu.so" to ""
[5.324s] -- Installing: /home/siddhant/irc_rover_controls_2025/rover_essentials/install/msg_interfaces/lib/libmsg_interfaces__rosidl_generator_py.so
[5.325s] -- Set runtime path of "/home/siddhant/irc_rover_controls_2025/rover_essentials/install/msg_interfaces/lib/libmsg_interfaces__rosidl_generator_py.so" to ""
[5.325s] -- Installing: /home/siddhant/irc_rover_controls_2025/rover_essentials/install/msg_interfaces/share/msg_interfaces/msg/Drive.idl
[5.325s] -- Installing: /home/siddhant/irc_rover_controls_2025/rover_essentials/install/msg_interfaces/share/msg_interfaces/msg/ArmEndMotion.idl
[5.325s] -- Installing: /home/siddhant/irc_rover_controls_2025/rover_essentials/install/msg_interfaces/share/msg_interfaces/msg/EncoderArm.idl
[5.325s] -- Installing: /home/siddhant/irc_rover_controls_2025/rover_essentials/install/msg_interfaces/share/msg_interfaces/msg/EncoderDrive.idl
[5.325s] -- Installing: /home/siddhant/irc_rover_controls_2025/rover_essentials/install/msg_interfaces/share/msg_interfaces/msg/ShoulderJointVelocity.idl
[5.325s] -- Installing: /home/siddhant/irc_rover_controls_2025/rover_essentials/install/msg_interfaces/share/msg_interfaces/msg/WristJointVelocity.idl
[5.325s] -- Installing: /home/siddhant/irc_rover_controls_2025/rover_essentials/install/msg_interfaces/share/msg_interfaces/msg/BaseMotion.idl
[5.325s] -- Installing: /home/siddhant/irc_rover_controls_2025/rover_essentials/install/msg_interfaces/share/msg_interfaces/msg/FinalVel.idl
[5.325s] -- Installing: /home/siddhant/irc_rover_controls_2025/rover_essentials/install/msg_interfaces/share/msg_interfaces/msg/TargetPose.idl
[5.326s] -- Installing: /home/siddhant/irc_rover_controls_2025/rover_essentials/install/msg_interfaces/share/msg_interfaces/msg/ArmAngle.idl
[5.326s] -- Installing: /home/siddhant/irc_rover_controls_2025/rover_essentials/install/msg_interfaces/share/msg_interfaces/msg/Drive.msg
[5.326s] -- Installing: /home/siddhant/irc_rover_controls_2025/rover_essentials/install/msg_interfaces/share/msg_interfaces/msg/ArmEndMotion.msg
[5.326s] -- Installing: /home/siddhant/irc_rover_controls_2025/rover_essentials/install/msg_interfaces/share/msg_interfaces/msg/EncoderArm.msg
[5.326s] -- Installing: /home/siddhant/irc_rover_controls_2025/rover_essentials/install/msg_interfaces/share/msg_interfaces/msg/EncoderDrive.msg
[5.326s] -- Installing: /home/siddhant/irc_rover_controls_2025/rover_essentials/install/msg_interfaces/share/msg_interfaces/msg/ShoulderJointVelocity.msg
[5.326s] -- Installing: /home/siddhant/irc_rover_controls_2025/rover_essentials/install/msg_interfaces/share/msg_interfaces/msg/WristJointVelocity.msg
[5.326s] -- Installing: /home/siddhant/irc_rover_controls_2025/rover_essentials/install/msg_interfaces/share/msg_interfaces/msg/BaseMotion.msg
[5.326s] -- Installing: /home/siddhant/irc_rover_controls_2025/rover_essentials/install/msg_interfaces/share/msg_interfaces/msg/FinalVel.msg
[5.326s] -- Installing: /home/siddhant/irc_rover_controls_2025/rover_essentials/install/msg_interfaces/share/msg_interfaces/msg/TargetPose.msg
[5.326s] -- Installing: /home/siddhant/irc_rover_controls_2025/rover_essentials/install/msg_interfaces/share/msg_interfaces/msg/ArmAngle.msg
[5.327s] -- Installing: /home/siddhant/irc_rover_controls_2025/rover_essentials/install/msg_interfaces/share/ament_index/resource_index/package_run_dependencies/msg_interfaces
[5.327s] -- Installing: /home/siddhant/irc_rover_controls_2025/rover_essentials/install/msg_interfaces/share/ament_index/resource_index/parent_prefix_path/msg_interfaces
[5.327s] -- Installing: /home/siddhant/irc_rover_controls_2025/rover_essentials/install/msg_interfaces/share/msg_interfaces/environment/ament_prefix_path.sh
[5.327s] -- Installing: /home/siddhant/irc_rover_controls_2025/rover_essentials/install/msg_interfaces/share/msg_interfaces/environment/ament_prefix_path.dsv
[5.327s] -- Installing: /home/siddhant/irc_rover_controls_2025/rover_essentials/install/msg_interfaces/share/msg_interfaces/environment/path.sh
[5.327s] -- Installing: /home/siddhant/irc_rover_controls_2025/rover_essentials/install/msg_interfaces/share/msg_interfaces/environment/path.dsv
[5.327s] -- Installing: /home/siddhant/irc_rover_controls_2025/rover_essentials/install/msg_interfaces/share/msg_interfaces/local_setup.bash
[5.327s] -- Installing: /home/siddhant/irc_rover_controls_2025/rover_essentials/install/msg_interfaces/share/msg_interfaces/local_setup.sh
[5.327s] -- Installing: /home/siddhant/irc_rover_controls_2025/rover_essentials/install/msg_interfaces/share/msg_interfaces/local_setup.zsh
[5.327s] -- Installing: /home/siddhant/irc_rover_controls_2025/rover_essentials/install/msg_interfaces/share/msg_interfaces/local_setup.dsv
[5.327s] -- Installing: /home/siddhant/irc_rover_controls_2025/rover_essentials/install/msg_interfaces/share/msg_interfaces/package.dsv
[5.327s] -- Installing: /home/siddhant/irc_rover_controls_2025/rover_essentials/install/msg_interfaces/share/ament_index/resource_index/packages/msg_interfaces
[5.327s] -- Installing: /home/siddhant/irc_rover_controls_2025/rover_essentials/install/msg_interfaces/share/msg_interfaces/cmake/export_msg_interfaces__rosidl_generator_cExport.cmake
[5.328s] -- Installing: /home/siddhant/irc_rover_controls_2025/rover_essentials/install/msg_interfaces/share/msg_interfaces/cmake/export_msg_interfaces__rosidl_generator_cExport-noconfig.cmake
[5.328s] -- Installing: /home/siddhant/irc_rover_controls_2025/rover_essentials/install/msg_interfaces/share/msg_interfaces/cmake/export_msg_interfaces__rosidl_typesupport_fastrtps_cExport.cmake
[5.328s] -- Installing: /home/siddhant/irc_rover_controls_2025/rover_essentials/install/msg_interfaces/share/msg_interfaces/cmake/export_msg_interfaces__rosidl_typesupport_fastrtps_cExport-noconfig.cmake
[5.328s] -- Installing: /home/siddhant/irc_rover_controls_2025/rover_essentials/install/msg_interfaces/share/msg_interfaces/cmake/export_msg_interfaces__rosidl_generator_cppExport.cmake
[5.328s] -- Installing: /home/siddhant/irc_rover_controls_2025/rover_essentials/install/msg_interfaces/share/msg_interfaces/cmake/export_msg_interfaces__rosidl_typesupport_fastrtps_cppExport.cmake
[5.328s] -- Installing: /home/siddhant/irc_rover_controls_2025/rover_essentials/install/msg_interfaces/share/msg_interfaces/cmake/export_msg_interfaces__rosidl_typesupport_fastrtps_cppExport-noconfig.cmake
[5.328s] -- Installing: /home/siddhant/irc_rover_controls_2025/rover_essentials/install/msg_interfaces/share/msg_interfaces/cmake/msg_interfaces__rosidl_typesupport_introspection_cExport.cmake
[5.328s] -- Installing: /home/siddhant/irc_rover_controls_2025/rover_essentials/install/msg_interfaces/share/msg_interfaces/cmake/msg_interfaces__rosidl_typesupport_introspection_cExport-noconfig.cmake
[5.328s] -- Installing: /home/siddhant/irc_rover_controls_2025/rover_essentials/install/msg_interfaces/share/msg_interfaces/cmake/msg_interfaces__rosidl_typesupport_cExport.cmake
[5.328s] -- Installing: /home/siddhant/irc_rover_controls_2025/rover_essentials/install/msg_interfaces/share/msg_interfaces/cmake/msg_interfaces__rosidl_typesupport_cExport-noconfig.cmake
[5.328s] -- Installing: /home/siddhant/irc_rover_controls_2025/rover_essentials/install/msg_interfaces/share/msg_interfaces/cmake/msg_interfaces__rosidl_typesupport_introspection_cppExport.cmake
[5.328s] -- Installing: /home/siddhant/irc_rover_controls_2025/rover_essentials/install/msg_interfaces/share/msg_interfaces/cmake/msg_interfaces__rosidl_typesupport_introspection_cppExport-noconfig.cmake
[5.328s] -- Installing: /home/siddhant/irc_rover_controls_2025/rover_essentials/install/msg_interfaces/share/msg_interfaces/cmake/msg_interfaces__rosidl_typesupport_cppExport.cmake
[5.328s] -- Installing: /home/siddhant/irc_rover_controls_2025/rover_essentials/install/msg_interfaces/share/msg_interfaces/cmake/msg_interfaces__rosidl_typesupport_cppExport-noconfig.cmake
[5.328s] -- Installing: /home/siddhant/irc_rover_controls_2025/rover_essentials/install/msg_interfaces/share/msg_interfaces/cmake/export_msg_interfaces__rosidl_generator_pyExport.cmake
[5.328s] -- Installing: /home/siddhant/irc_rover_controls_2025/rover_essentials/install/msg_interfaces/share/msg_interfaces/cmake/export_msg_interfaces__rosidl_generator_pyExport-noconfig.cmake
[5.328s] -- Installing: /home/siddhant/irc_rover_controls_2025/rover_essentials/install/msg_interfaces/share/msg_interfaces/cmake/rosidl_cmake-extras.cmake
[5.329s] -- Installing: /home/siddhant/irc_rover_controls_2025/rover_essentials/install/msg_interfaces/share/msg_interfaces/cmake/ament_cmake_export_dependencies-extras.cmake
[5.329s] -- Installing: /home/siddhant/irc_rover_controls_2025/rover_essentials/install/msg_interfaces/share/msg_interfaces/cmake/ament_cmake_export_include_directories-extras.cmake
[5.329s] -- Installing: /home/siddhant/irc_rover_controls_2025/rover_essentials/install/msg_interfaces/share/msg_interfaces/cmake/ament_cmake_export_libraries-extras.cmake
[5.329s] -- Installing: /home/siddhant/irc_rover_controls_2025/rover_essentials/install/msg_interfaces/share/msg_interfaces/cmake/ament_cmake_export_targets-extras.cmake
[5.329s] -- Installing: /home/siddhant/irc_rover_controls_2025/rover_essentials/install/msg_interfaces/share/msg_interfaces/cmake/rosidl_cmake_export_typesupport_targets-extras.cmake
[5.329s] -- Installing: /home/siddhant/irc_rover_controls_2025/rover_essentials/install/msg_interfaces/share/msg_interfaces/cmake/rosidl_cmake_export_typesupport_libraries-extras.cmake
[5.329s] -- Installing: /home/siddhant/irc_rover_controls_2025/rover_essentials/install/msg_interfaces/share/msg_interfaces/cmake/msg_interfacesConfig.cmake
[5.329s] -- Installing: /home/siddhant/irc_rover_controls_2025/rover_essentials/install/msg_interfaces/share/msg_interfaces/cmake/msg_interfacesConfig-version.cmake
[5.329s] -- Installing: /home/siddhant/irc_rover_controls_2025/rover_essentials/install/msg_interfaces/share/msg_interfaces/package.xml
[5.331s] Invoked command in '/home/siddhant/irc_rover_controls_2025/rover_essentials/build/msg_interfaces' returned '0': CMAKE_PREFIX_PATH=/opt/ros/humble /usr/bin/cmake --install /home/siddhant/irc_rover_controls_2025/rover_essentials/build/msg_interfaces
