[0.346s] Invoking command in '/home/sudhindra/irc_2025/drive_control/build/msg_interfaces': CMAKE_PREFIX_PATH=${CMAKE_PREFIX_PATH}:/opt/ros/humble /usr/bin/cmake /home/sudhindra/irc_2025/drive_control/src/msg_interfaces -DCMAKE_INSTALL_PREFIX=/home/sudhindra/irc_2025/drive_control/install/msg_interfaces
[1.096s] -- The C compiler identification is GNU 11.4.0
[2.133s] -- The CXX compiler identification is GNU 11.4.0
[2.142s] -- Detecting C compiler ABI info
[2.349s] -- Detecting C compiler ABI info - done
[2.357s] -- Check for working C compiler: /usr/bin/cc - skipped
[2.384s] -- Detecting C compile features
[2.401s] -- Detecting C compile features - done
[2.406s] -- Detecting CXX compiler ABI info
[2.573s] -- Detecting CXX compiler ABI info - done
[2.581s] -- Check for working CXX compiler: /usr/bin/c++ - skipped
[2.582s] -- Detecting CXX compile features
[2.582s] -- Detecting CXX compile features - done
[2.597s] -- Found ament_cmake: 1.3.10 (/opt/ros/humble/share/ament_cmake/cmake)
[2.762s] -- Found Python3: /usr/bin/python3 (found version "3.10.12") found components: Interpreter 
[2.921s] -- Found geometry_msgs: 4.2.4 (/opt/ros/humble/share/geometry_msgs/cmake)
[3.012s] -- Found rosidl_generator_c: 3.1.5 (/opt/ros/humble/share/rosidl_generator_c/cmake)
[3.027s] -- Found rosidl_adapter: 3.1.5 (/opt/ros/humble/share/rosidl_adapter/cmake)
[3.055s] -- Found rosidl_generator_cpp: 3.1.5 (/opt/ros/humble/share/rosidl_generator_cpp/cmake)
[3.080s] -- Using all available rosidl_typesupport_c: rosidl_typesupport_fastrtps_c;rosidl_typesupport_introspection_c
[3.138s] -- Using all available rosidl_typesupport_cpp: rosidl_typesupport_fastrtps_cpp;rosidl_typesupport_introspection_cpp
[3.252s] -- Found rosidl_default_generators: 1.2.0 (/opt/ros/humble/share/rosidl_default_generators/cmake)
[3.617s] -- Found ament_cmake_ros: 0.10.0 (/opt/ros/humble/share/ament_cmake_ros/cmake)
[4.104s] -- Using all available rosidl_typesupport_c: rosidl_typesupport_fastrtps_c;rosidl_typesupport_introspection_c
[4.294s] -- Using all available rosidl_typesupport_cpp: rosidl_typesupport_fastrtps_cpp;rosidl_typesupport_introspection_cpp
[4.321s] -- Found PythonInterp: /usr/bin/python3 (found suitable version "3.10.12", minimum required is "3.6") 
[4.324s] -- Found python_cmake_module: 0.10.0 (/opt/ros/humble/share/python_cmake_module/cmake)
[4.355s] -- Found PythonLibs: /usr/lib/x86_64-linux-gnu/libpython3.10.so (found suitable version "3.10.12", minimum required is "3.5") 
[4.355s] -- Using PYTHON_EXECUTABLE: /usr/bin/python3
[4.355s] -- Using PYTHON_INCLUDE_DIRS: /usr/include/python3.10
[4.355s] -- Using PYTHON_LIBRARIES: /usr/lib/x86_64-linux-gnu/libpython3.10.so
[4.379s] -- Found PythonExtra: .so  
[4.448s] -- Found ament_lint_auto: 0.12.11 (/opt/ros/humble/share/ament_lint_auto/cmake)
[4.489s] -- Added test 'lint_cmake' to check CMake code style
[4.491s] -- Added test 'xmllint' to check XML markup files
[4.495s] -- Configuring done
[4.543s] -- Generating done
[4.546s] -- Build files have been written to: /home/sudhindra/irc_2025/drive_control/build/msg_interfaces
[4.557s] Invoked command in '/home/sudhindra/irc_2025/drive_control/build/msg_interfaces' returned '0': CMAKE_PREFIX_PATH=${CMAKE_PREFIX_PATH}:/opt/ros/humble /usr/bin/cmake /home/sudhindra/irc_2025/drive_control/src/msg_interfaces -DCMAKE_INSTALL_PREFIX=/home/sudhindra/irc_2025/drive_control/install/msg_interfaces
[4.558s] Invoking command in '/home/sudhindra/irc_2025/drive_control/build/msg_interfaces': CMAKE_PREFIX_PATH=${CMAKE_PREFIX_PATH}:/opt/ros/humble /usr/bin/cmake --build /home/sudhindra/irc_2025/drive_control/build/msg_interfaces -- -j8 -l8
[4.596s] [  1%] [34m[1mGenerating C code for ROS interfaces[0m
[4.609s] [  2%] [34m[1mGenerating C++ code for ROS interfaces[0m
[4.614s] [  2%] Built target ament_cmake_python_copy_msg_interfaces
[5.007s] running egg_info
[5.008s] creating msg_interfaces.egg-info
[5.008s] writing msg_interfaces.egg-info/PKG-INFO
[5.009s] writing dependency_links to msg_interfaces.egg-info/dependency_links.txt
[5.009s] writing top-level names to msg_interfaces.egg-info/top_level.txt
[5.009s] writing manifest file 'msg_interfaces.egg-info/SOURCES.txt'
[5.012s] reading manifest file 'msg_interfaces.egg-info/SOURCES.txt'
[5.013s] writing manifest file 'msg_interfaces.egg-info/SOURCES.txt'
[5.050s] [  2%] Built target ament_cmake_python_build_msg_interfaces_egg
[5.371s] [  2%] Built target msg_interfaces__cpp
[5.383s] [  7%] [34m[1mGenerating C++ type support for eProsima Fast-RTPS[0m
[5.383s] [  7%] [34m[1mGenerating C++ type support dispatch for ROS interfaces[0m
[5.384s] [  7%] [34m[1mGenerating C++ introspection for ROS interfaces[0m
[5.627s] [ 11%] [32mBuilding C object CMakeFiles/msg_interfaces__rosidl_generator_c.dir/rosidl_generator_c/msg_interfaces/msg/detail/drive__functions.c.o[0m
[5.627s] [ 11%] [32mBuilding C object CMakeFiles/msg_interfaces__rosidl_generator_c.dir/rosidl_generator_c/msg_interfaces/msg/detail/motor_six__functions.c.o[0m
[5.627s] [ 11%] [32mBuilding C object CMakeFiles/msg_interfaces__rosidl_generator_c.dir/rosidl_generator_c/msg_interfaces/msg/detail/cam_drive__functions.c.o[0m
[5.628s] [ 12%] [32mBuilding C object CMakeFiles/msg_interfaces__rosidl_generator_c.dir/rosidl_generator_c/msg_interfaces/msg/detail/arm_end_motion__functions.c.o[0m
[5.640s] [ 14%] [32mBuilding C object CMakeFiles/msg_interfaces__rosidl_generator_c.dir/rosidl_generator_c/msg_interfaces/msg/detail/encoder_arm__functions.c.o[0m
[5.754s] [ 15%] [32mBuilding C object CMakeFiles/msg_interfaces__rosidl_generator_c.dir/rosidl_generator_c/msg_interfaces/msg/detail/encoder_drive__functions.c.o[0m
[5.842s] [ 16%] [32m[1mLinking C shared library libmsg_interfaces__rosidl_generator_c.so[0m
[5.945s] [ 16%] Built target msg_interfaces__rosidl_generator_c
[5.962s] [ 18%] [34m[1mGenerating C type support dispatch for ROS interfaces[0m
[5.964s] [ 21%] [34m[1mGenerating C type support for eProsima Fast-RTPS[0m
[5.965s] [ 21%] [34m[1mGenerating C introspection for ROS interfaces[0m
[6.233s] [ 22%] [32mBuilding CXX object CMakeFiles/msg_interfaces__rosidl_typesupport_cpp.dir/rosidl_typesupport_cpp/msg_interfaces/msg/drive__type_support.cpp.o[0m
[6.241s] [ 23%] [32mBuilding CXX object CMakeFiles/msg_interfaces__rosidl_typesupport_cpp.dir/rosidl_typesupport_cpp/msg_interfaces/msg/cam_drive__type_support.cpp.o[0m
[6.246s] [ 25%] [32mBuilding CXX object CMakeFiles/msg_interfaces__rosidl_typesupport_cpp.dir/rosidl_typesupport_cpp/msg_interfaces/msg/arm_end_motion__type_support.cpp.o[0m
[6.538s] [ 26%] [32mBuilding CXX object CMakeFiles/msg_interfaces__rosidl_typesupport_introspection_cpp.dir/rosidl_typesupport_introspection_cpp/msg_interfaces/msg/detail/drive__type_support.cpp.o[0m
[6.699s] [ 28%] [32mBuilding CXX object CMakeFiles/msg_interfaces__rosidl_typesupport_fastrtps_cpp.dir/rosidl_typesupport_fastrtps_cpp/msg_interfaces/msg/detail/dds_fastrtps/drive__type_support.cpp.o[0m
[6.917s] [ 29%] [32mBuilding CXX object CMakeFiles/msg_interfaces__rosidl_typesupport_c.dir/rosidl_typesupport_c/msg_interfaces/msg/drive__type_support.cpp.o[0m
[7.045s] [ 30%] [32mBuilding CXX object CMakeFiles/msg_interfaces__rosidl_typesupport_c.dir/rosidl_typesupport_c/msg_interfaces/msg/cam_drive__type_support.cpp.o[0m
[7.120s] [ 32%] [32mBuilding CXX object CMakeFiles/msg_interfaces__rosidl_typesupport_c.dir/rosidl_typesupport_c/msg_interfaces/msg/arm_end_motion__type_support.cpp.o[0m
[7.182s] [ 33%] [32mBuilding CXX object CMakeFiles/msg_interfaces__rosidl_typesupport_c.dir/rosidl_typesupport_c/msg_interfaces/msg/motor_six__type_support.cpp.o[0m
[7.190s] [ 35%] [32mBuilding CXX object CMakeFiles/msg_interfaces__rosidl_typesupport_fastrtps_cpp.dir/rosidl_typesupport_fastrtps_cpp/msg_interfaces/msg/detail/dds_fastrtps/cam_drive__type_support.cpp.o[0m
[7.193s] [ 36%] [32mBuilding CXX object CMakeFiles/msg_interfaces__rosidl_typesupport_introspection_cpp.dir/rosidl_typesupport_introspection_cpp/msg_interfaces/msg/detail/cam_drive__type_support.cpp.o[0m
[7.224s] [ 38%] [32mBuilding CXX object CMakeFiles/msg_interfaces__rosidl_typesupport_cpp.dir/rosidl_typesupport_cpp/msg_interfaces/msg/motor_six__type_support.cpp.o[0m
[7.272s] [ 39%] [32mBuilding CXX object CMakeFiles/msg_interfaces__rosidl_typesupport_c.dir/rosidl_typesupport_c/msg_interfaces/msg/encoder_arm__type_support.cpp.o[0m
[7.348s] [ 40%] [32mBuilding CXX object CMakeFiles/msg_interfaces__rosidl_typesupport_c.dir/rosidl_typesupport_c/msg_interfaces/msg/encoder_drive__type_support.cpp.o[0m
[7.423s] [ 42%] [32m[1mLinking CXX shared library libmsg_interfaces__rosidl_typesupport_c.so[0m
[7.531s] [ 42%] Built target msg_interfaces__rosidl_typesupport_c
[7.550s] [ 43%] [32mBuilding CXX object CMakeFiles/msg_interfaces__rosidl_typesupport_cpp.dir/rosidl_typesupport_cpp/msg_interfaces/msg/encoder_arm__type_support.cpp.o[0m
[7.608s] [ 45%] [32mBuilding CXX object CMakeFiles/msg_interfaces__rosidl_typesupport_fastrtps_c.dir/rosidl_typesupport_fastrtps_c/msg_interfaces/msg/detail/drive__type_support_c.cpp.o[0m
[7.615s] [ 46%] [32mBuilding C object CMakeFiles/msg_interfaces__rosidl_typesupport_introspection_c.dir/rosidl_typesupport_introspection_c/msg_interfaces/msg/detail/drive__type_support.c.o[0m
[7.730s] [ 47%] [32mBuilding C object CMakeFiles/msg_interfaces__rosidl_typesupport_introspection_c.dir/rosidl_typesupport_introspection_c/msg_interfaces/msg/detail/cam_drive__type_support.c.o[0m
[7.808s] [ 49%] [32mBuilding C object CMakeFiles/msg_interfaces__rosidl_typesupport_introspection_c.dir/rosidl_typesupport_introspection_c/msg_interfaces/msg/detail/arm_end_motion__type_support.c.o[0m
[7.913s] [ 50%] [32mBuilding C object CMakeFiles/msg_interfaces__rosidl_typesupport_introspection_c.dir/rosidl_typesupport_introspection_c/msg_interfaces/msg/detail/motor_six__type_support.c.o[0m
[7.918s] [ 52%] [32mBuilding CXX object CMakeFiles/msg_interfaces__rosidl_typesupport_fastrtps_c.dir/rosidl_typesupport_fastrtps_c/msg_interfaces/msg/detail/cam_drive__type_support_c.cpp.o[0m
[7.994s] [ 53%] [32mBuilding C object CMakeFiles/msg_interfaces__rosidl_typesupport_introspection_c.dir/rosidl_typesupport_introspection_c/msg_interfaces/msg/detail/encoder_arm__type_support.c.o[0m
[8.004s] [ 54%] [32mBuilding CXX object CMakeFiles/msg_interfaces__rosidl_typesupport_fastrtps_cpp.dir/rosidl_typesupport_fastrtps_cpp/msg_interfaces/msg/detail/dds_fastrtps/arm_end_motion__type_support.cpp.o[0m
[8.021s] [ 56%] [32mBuilding CXX object CMakeFiles/msg_interfaces__rosidl_typesupport_introspection_cpp.dir/rosidl_typesupport_introspection_cpp/msg_interfaces/msg/detail/arm_end_motion__type_support.cpp.o[0m
[8.114s] [ 57%] [32mBuilding C object CMakeFiles/msg_interfaces__rosidl_typesupport_introspection_c.dir/rosidl_typesupport_introspection_c/msg_interfaces/msg/detail/encoder_drive__type_support.c.o[0m
[8.189s] [ 59%] [32mBuilding CXX object CMakeFiles/msg_interfaces__rosidl_typesupport_introspection_cpp.dir/rosidl_typesupport_introspection_cpp/msg_interfaces/msg/detail/motor_six__type_support.cpp.o[0m
[8.232s] [ 60%] [32m[1mLinking C shared library libmsg_interfaces__rosidl_typesupport_introspection_c.so[0m
[8.270s] [ 61%] [32mBuilding CXX object CMakeFiles/msg_interfaces__rosidl_typesupport_fastrtps_c.dir/rosidl_typesupport_fastrtps_c/msg_interfaces/msg/detail/arm_end_motion__type_support_c.cpp.o[0m
[8.272s] [ 63%] [32mBuilding CXX object CMakeFiles/msg_interfaces__rosidl_typesupport_cpp.dir/rosidl_typesupport_cpp/msg_interfaces/msg/encoder_drive__type_support.cpp.o[0m
[8.390s] [ 63%] Built target msg_interfaces__rosidl_typesupport_introspection_c
[8.417s] [ 64%] [32mBuilding CXX object CMakeFiles/msg_interfaces__rosidl_typesupport_introspection_cpp.dir/rosidl_typesupport_introspection_cpp/msg_interfaces/msg/detail/encoder_arm__type_support.cpp.o[0m
[8.637s] [ 66%] [32mBuilding CXX object CMakeFiles/msg_interfaces__rosidl_typesupport_fastrtps_cpp.dir/rosidl_typesupport_fastrtps_cpp/msg_interfaces/msg/detail/dds_fastrtps/motor_six__type_support.cpp.o[0m
[8.899s] [ 67%] [32mBuilding CXX object CMakeFiles/msg_interfaces__rosidl_typesupport_introspection_cpp.dir/rosidl_typesupport_introspection_cpp/msg_interfaces/msg/detail/encoder_drive__type_support.cpp.o[0m
[9.020s] [ 69%] [32m[1mLinking CXX shared library libmsg_interfaces__rosidl_typesupport_cpp.so[0m
[9.176s] [ 69%] Built target msg_interfaces__rosidl_typesupport_cpp
[9.194s] [ 70%] [32mBuilding CXX object CMakeFiles/msg_interfaces__rosidl_typesupport_fastrtps_c.dir/rosidl_typesupport_fastrtps_c/msg_interfaces/msg/detail/motor_six__type_support_c.cpp.o[0m
[9.196s] [ 71%] [32mBuilding CXX object CMakeFiles/msg_interfaces__rosidl_typesupport_fastrtps_cpp.dir/rosidl_typesupport_fastrtps_cpp/msg_interfaces/msg/detail/dds_fastrtps/encoder_arm__type_support.cpp.o[0m
[9.210s] [ 73%] [32mBuilding CXX object CMakeFiles/msg_interfaces__rosidl_typesupport_fastrtps_c.dir/rosidl_typesupport_fastrtps_c/msg_interfaces/msg/detail/encoder_arm__type_support_c.cpp.o[0m
[9.236s] [ 74%] [32mBuilding CXX object CMakeFiles/msg_interfaces__rosidl_typesupport_fastrtps_c.dir/rosidl_typesupport_fastrtps_c/msg_interfaces/msg/detail/encoder_drive__type_support_c.cpp.o[0m
[9.350s] [ 76%] [32mBuilding CXX object CMakeFiles/msg_interfaces__rosidl_typesupport_fastrtps_cpp.dir/rosidl_typesupport_fastrtps_cpp/msg_interfaces/msg/detail/dds_fastrtps/encoder_drive__type_support.cpp.o[0m
[9.971s] [ 77%] [32m[1mLinking CXX shared library libmsg_interfaces__rosidl_typesupport_introspection_cpp.so[0m
[10.160s] [ 77%] Built target msg_interfaces__rosidl_typesupport_introspection_cpp
[10.193s] [ 78%] [32m[1mLinking CXX shared library libmsg_interfaces__rosidl_typesupport_fastrtps_c.so[0m
[10.345s] [ 78%] Built target msg_interfaces__rosidl_typesupport_fastrtps_c
[10.369s] [ 80%] [32m[1mLinking CXX shared library libmsg_interfaces__rosidl_typesupport_fastrtps_cpp.so[0m
[10.522s] [ 80%] Built target msg_interfaces__rosidl_typesupport_fastrtps_cpp
[10.543s] [ 80%] Built target msg_interfaces
[10.566s] [ 81%] [34m[1mGenerating Python code for ROS interfaces[0m
[11.571s] [ 81%] Built target msg_interfaces__py
[11.592s] [ 83%] [32mBuilding C object CMakeFiles/msg_interfaces__rosidl_generator_py.dir/rosidl_generator_py/msg_interfaces/msg/_cam_drive_s.c.o[0m
[11.594s] [ 84%] [32mBuilding C object CMakeFiles/msg_interfaces__rosidl_generator_py.dir/rosidl_generator_py/msg_interfaces/msg/_drive_s.c.o[0m
[11.594s] [ 85%] [32mBuilding C object CMakeFiles/msg_interfaces__rosidl_generator_py.dir/rosidl_generator_py/msg_interfaces/msg/_arm_end_motion_s.c.o[0m
[11.595s] [ 87%] [32mBuilding C object CMakeFiles/msg_interfaces__rosidl_generator_py.dir/rosidl_generator_py/msg_interfaces/msg/_motor_six_s.c.o[0m
[11.595s] [ 88%] [32mBuilding C object CMakeFiles/msg_interfaces__rosidl_generator_py.dir/rosidl_generator_py/msg_interfaces/msg/_encoder_arm_s.c.o[0m
[11.595s] [ 90%] [32mBuilding C object CMakeFiles/msg_interfaces__rosidl_generator_py.dir/rosidl_generator_py/msg_interfaces/msg/_encoder_drive_s.c.o[0m
[11.859s] [ 91%] [32m[1mLinking C shared library rosidl_generator_py/msg_interfaces/libmsg_interfaces__rosidl_generator_py.so[0m
[11.926s] [ 91%] Built target msg_interfaces__rosidl_generator_py
[11.948s] [ 94%] [32mBuilding C object CMakeFiles/msg_interfaces__rosidl_typesupport_fastrtps_c__pyext.dir/rosidl_generator_py/msg_interfaces/_msg_interfaces_s.ep.rosidl_typesupport_fastrtps_c.c.o[0m
[11.948s] [ 94%] [32mBuilding C object CMakeFiles/msg_interfaces__rosidl_typesupport_introspection_c__pyext.dir/rosidl_generator_py/msg_interfaces/_msg_interfaces_s.ep.rosidl_typesupport_introspection_c.c.o[0m
[11.948s] [ 95%] [32mBuilding C object CMakeFiles/msg_interfaces__rosidl_typesupport_c__pyext.dir/rosidl_generator_py/msg_interfaces/_msg_interfaces_s.ep.rosidl_typesupport_c.c.o[0m
[12.099s] [ 97%] [32m[1mLinking C shared library rosidl_generator_py/msg_interfaces/msg_interfaces_s__rosidl_typesupport_introspection_c.cpython-310-x86_64-linux-gnu.so[0m
[12.102s] [ 98%] [32m[1mLinking C shared library rosidl_generator_py/msg_interfaces/msg_interfaces_s__rosidl_typesupport_fastrtps_c.cpython-310-x86_64-linux-gnu.so[0m
[12.116s] [100%] [32m[1mLinking C shared library rosidl_generator_py/msg_interfaces/msg_interfaces_s__rosidl_typesupport_c.cpython-310-x86_64-linux-gnu.so[0m
[12.151s] [100%] Built target msg_interfaces__rosidl_typesupport_introspection_c__pyext
[12.159s] [100%] Built target msg_interfaces__rosidl_typesupport_fastrtps_c__pyext
[12.173s] [100%] Built target msg_interfaces__rosidl_typesupport_c__pyext
[12.188s] Invoked command in '/home/sudhindra/irc_2025/drive_control/build/msg_interfaces' returned '0': CMAKE_PREFIX_PATH=${CMAKE_PREFIX_PATH}:/opt/ros/humble /usr/bin/cmake --build /home/sudhindra/irc_2025/drive_control/build/msg_interfaces -- -j8 -l8
[12.348s] Invoking command in '/home/sudhindra/irc_2025/drive_control/build/msg_interfaces': CMAKE_PREFIX_PATH=${CMAKE_PREFIX_PATH}:/opt/ros/humble /usr/bin/cmake --install /home/sudhindra/irc_2025/drive_control/build/msg_interfaces
[12.356s] -- Install configuration: ""
[12.357s] -- Installing: /home/sudhindra/irc_2025/drive_control/install/msg_interfaces/share/ament_index/resource_index/rosidl_interfaces/msg_interfaces
[12.357s] -- Installing: /home/sudhindra/irc_2025/drive_control/install/msg_interfaces/include/msg_interfaces/msg_interfaces
[12.357s] -- Installing: /home/sudhindra/irc_2025/drive_control/install/msg_interfaces/include/msg_interfaces/msg_interfaces/msg
[12.357s] -- Installing: /home/sudhindra/irc_2025/drive_control/install/msg_interfaces/include/msg_interfaces/msg_interfaces/msg/arm_end_motion.h
[12.357s] -- Installing: /home/sudhindra/irc_2025/drive_control/install/msg_interfaces/include/msg_interfaces/msg_interfaces/msg/encoder_drive.h
[12.357s] -- Installing: /home/sudhindra/irc_2025/drive_control/install/msg_interfaces/include/msg_interfaces/msg_interfaces/msg/motor_six.h
[12.357s] -- Installing: /home/sudhindra/irc_2025/drive_control/install/msg_interfaces/include/msg_interfaces/msg_interfaces/msg/encoder_arm.h
[12.357s] -- Installing: /home/sudhindra/irc_2025/drive_control/install/msg_interfaces/include/msg_interfaces/msg_interfaces/msg/detail
[12.358s] -- Installing: /home/sudhindra/irc_2025/drive_control/install/msg_interfaces/include/msg_interfaces/msg_interfaces/msg/detail/cam_drive__functions.h
[12.358s] -- Installing: /home/sudhindra/irc_2025/drive_control/install/msg_interfaces/include/msg_interfaces/msg_interfaces/msg/detail/motor_six__functions.h
[12.358s] -- Installing: /home/sudhindra/irc_2025/drive_control/install/msg_interfaces/include/msg_interfaces/msg_interfaces/msg/detail/encoder_drive__struct.h
[12.358s] -- Installing: /home/sudhindra/irc_2025/drive_control/install/msg_interfaces/include/msg_interfaces/msg_interfaces/msg/detail/encoder_drive__functions.h
[12.358s] -- Installing: /home/sudhindra/irc_2025/drive_control/install/msg_interfaces/include/msg_interfaces/msg_interfaces/msg/detail/encoder_arm__functions.c
[12.358s] -- Installing: /home/sudhindra/irc_2025/drive_control/install/msg_interfaces/include/msg_interfaces/msg_interfaces/msg/detail/cam_drive__functions.c
[12.358s] -- Installing: /home/sudhindra/irc_2025/drive_control/install/msg_interfaces/include/msg_interfaces/msg_interfaces/msg/detail/motor_six__struct.h
[12.358s] -- Installing: /home/sudhindra/irc_2025/drive_control/install/msg_interfaces/include/msg_interfaces/msg_interfaces/msg/detail/arm_end_motion__functions.h
[12.358s] -- Installing: /home/sudhindra/irc_2025/drive_control/install/msg_interfaces/include/msg_interfaces/msg_interfaces/msg/detail/arm_end_motion__type_support.h
[12.358s] -- Installing: /home/sudhindra/irc_2025/drive_control/install/msg_interfaces/include/msg_interfaces/msg_interfaces/msg/detail/encoder_arm__struct.h
[12.358s] -- Installing: /home/sudhindra/irc_2025/drive_control/install/msg_interfaces/include/msg_interfaces/msg_interfaces/msg/detail/cam_drive__struct.h
[12.359s] -- Installing: /home/sudhindra/irc_2025/drive_control/install/msg_interfaces/include/msg_interfaces/msg_interfaces/msg/detail/encoder_drive__type_support.h
[12.359s] -- Installing: /home/sudhindra/irc_2025/drive_control/install/msg_interfaces/include/msg_interfaces/msg_interfaces/msg/detail/motor_six__functions.c
[12.359s] -- Installing: /home/sudhindra/irc_2025/drive_control/install/msg_interfaces/include/msg_interfaces/msg_interfaces/msg/detail/arm_end_motion__functions.c
[12.359s] -- Installing: /home/sudhindra/irc_2025/drive_control/install/msg_interfaces/include/msg_interfaces/msg_interfaces/msg/detail/cam_drive__type_support.h
[12.359s] -- Installing: /home/sudhindra/irc_2025/drive_control/install/msg_interfaces/include/msg_interfaces/msg_interfaces/msg/detail/encoder_arm__functions.h
[12.359s] -- Installing: /home/sudhindra/irc_2025/drive_control/install/msg_interfaces/include/msg_interfaces/msg_interfaces/msg/detail/drive__functions.c
[12.359s] -- Installing: /home/sudhindra/irc_2025/drive_control/install/msg_interfaces/include/msg_interfaces/msg_interfaces/msg/detail/encoder_arm__type_support.h
[12.359s] -- Installing: /home/sudhindra/irc_2025/drive_control/install/msg_interfaces/include/msg_interfaces/msg_interfaces/msg/detail/drive__functions.h
[12.359s] -- Installing: /home/sudhindra/irc_2025/drive_control/install/msg_interfaces/include/msg_interfaces/msg_interfaces/msg/detail/drive__struct.h
[12.359s] -- Installing: /home/sudhindra/irc_2025/drive_control/install/msg_interfaces/include/msg_interfaces/msg_interfaces/msg/detail/encoder_drive__functions.c
[12.360s] -- Installing: /home/sudhindra/irc_2025/drive_control/install/msg_interfaces/include/msg_interfaces/msg_interfaces/msg/detail/arm_end_motion__struct.h
[12.360s] -- Installing: /home/sudhindra/irc_2025/drive_control/install/msg_interfaces/include/msg_interfaces/msg_interfaces/msg/detail/drive__type_support.h
[12.360s] -- Installing: /home/sudhindra/irc_2025/drive_control/install/msg_interfaces/include/msg_interfaces/msg_interfaces/msg/detail/motor_six__type_support.h
[12.360s] -- Installing: /home/sudhindra/irc_2025/drive_control/install/msg_interfaces/include/msg_interfaces/msg_interfaces/msg/rosidl_generator_c__visibility_control.h
[12.360s] -- Installing: /home/sudhindra/irc_2025/drive_control/install/msg_interfaces/include/msg_interfaces/msg_interfaces/msg/cam_drive.h
[12.360s] -- Installing: /home/sudhindra/irc_2025/drive_control/install/msg_interfaces/include/msg_interfaces/msg_interfaces/msg/drive.h
[12.360s] -- Installing: /home/sudhindra/irc_2025/drive_control/install/msg_interfaces/share/msg_interfaces/environment/library_path.sh
[12.360s] -- Installing: /home/sudhindra/irc_2025/drive_control/install/msg_interfaces/share/msg_interfaces/environment/library_path.dsv
[12.360s] -- Installing: /home/sudhindra/irc_2025/drive_control/install/msg_interfaces/lib/libmsg_interfaces__rosidl_generator_c.so
[12.361s] -- Set runtime path of "/home/sudhindra/irc_2025/drive_control/install/msg_interfaces/lib/libmsg_interfaces__rosidl_generator_c.so" to ""
[12.361s] -- Up-to-date: /home/sudhindra/irc_2025/drive_control/install/msg_interfaces/include/msg_interfaces/msg_interfaces
[12.361s] -- Up-to-date: /home/sudhindra/irc_2025/drive_control/install/msg_interfaces/include/msg_interfaces/msg_interfaces/msg
[12.361s] -- Up-to-date: /home/sudhindra/irc_2025/drive_control/install/msg_interfaces/include/msg_interfaces/msg_interfaces/msg/detail
[12.361s] -- Installing: /home/sudhindra/irc_2025/drive_control/install/msg_interfaces/include/msg_interfaces/msg_interfaces/msg/detail/encoder_drive__rosidl_typesupport_fastrtps_c.h
[12.361s] -- Installing: /home/sudhindra/irc_2025/drive_control/install/msg_interfaces/include/msg_interfaces/msg_interfaces/msg/detail/arm_end_motion__rosidl_typesupport_fastrtps_c.h
[12.361s] -- Installing: /home/sudhindra/irc_2025/drive_control/install/msg_interfaces/include/msg_interfaces/msg_interfaces/msg/detail/cam_drive__rosidl_typesupport_fastrtps_c.h
[12.362s] -- Installing: /home/sudhindra/irc_2025/drive_control/install/msg_interfaces/include/msg_interfaces/msg_interfaces/msg/detail/encoder_arm__rosidl_typesupport_fastrtps_c.h
[12.362s] -- Installing: /home/sudhindra/irc_2025/drive_control/install/msg_interfaces/include/msg_interfaces/msg_interfaces/msg/detail/motor_six__rosidl_typesupport_fastrtps_c.h
[12.362s] -- Installing: /home/sudhindra/irc_2025/drive_control/install/msg_interfaces/include/msg_interfaces/msg_interfaces/msg/detail/drive__rosidl_typesupport_fastrtps_c.h
[12.362s] -- Installing: /home/sudhindra/irc_2025/drive_control/install/msg_interfaces/include/msg_interfaces/msg_interfaces/msg/rosidl_typesupport_fastrtps_c__visibility_control.h
[12.362s] -- Installing: /home/sudhindra/irc_2025/drive_control/install/msg_interfaces/lib/libmsg_interfaces__rosidl_typesupport_fastrtps_c.so
[12.362s] -- Set runtime path of "/home/sudhindra/irc_2025/drive_control/install/msg_interfaces/lib/libmsg_interfaces__rosidl_typesupport_fastrtps_c.so" to ""
[12.362s] -- Up-to-date: /home/sudhindra/irc_2025/drive_control/install/msg_interfaces/include/msg_interfaces/msg_interfaces
[12.362s] -- Up-to-date: /home/sudhindra/irc_2025/drive_control/install/msg_interfaces/include/msg_interfaces/msg_interfaces/msg
[12.363s] -- Installing: /home/sudhindra/irc_2025/drive_control/install/msg_interfaces/include/msg_interfaces/msg_interfaces/msg/encoder_drive.hpp
[12.363s] -- Installing: /home/sudhindra/irc_2025/drive_control/install/msg_interfaces/include/msg_interfaces/msg_interfaces/msg/motor_six.hpp
[12.363s] -- Up-to-date: /home/sudhindra/irc_2025/drive_control/install/msg_interfaces/include/msg_interfaces/msg_interfaces/msg/detail
[12.363s] -- Installing: /home/sudhindra/irc_2025/drive_control/install/msg_interfaces/include/msg_interfaces/msg_interfaces/msg/detail/drive__struct.hpp
[12.363s] -- Installing: /home/sudhindra/irc_2025/drive_control/install/msg_interfaces/include/msg_interfaces/msg_interfaces/msg/detail/encoder_arm__builder.hpp
[12.363s] -- Installing: /home/sudhindra/irc_2025/drive_control/install/msg_interfaces/include/msg_interfaces/msg_interfaces/msg/detail/encoder_drive__struct.hpp
[12.363s] -- Installing: /home/sudhindra/irc_2025/drive_control/install/msg_interfaces/include/msg_interfaces/msg_interfaces/msg/detail/motor_six__struct.hpp
[12.363s] -- Installing: /home/sudhindra/irc_2025/drive_control/install/msg_interfaces/include/msg_interfaces/msg_interfaces/msg/detail/arm_end_motion__struct.hpp
[12.363s] -- Installing: /home/sudhindra/irc_2025/drive_control/install/msg_interfaces/include/msg_interfaces/msg_interfaces/msg/detail/drive__traits.hpp
[12.363s] -- Installing: /home/sudhindra/irc_2025/drive_control/install/msg_interfaces/include/msg_interfaces/msg_interfaces/msg/detail/encoder_arm__struct.hpp
[12.364s] -- Installing: /home/sudhindra/irc_2025/drive_control/install/msg_interfaces/include/msg_interfaces/msg_interfaces/msg/detail/arm_end_motion__builder.hpp
[12.364s] -- Installing: /home/sudhindra/irc_2025/drive_control/install/msg_interfaces/include/msg_interfaces/msg_interfaces/msg/detail/arm_end_motion__traits.hpp
[12.364s] -- Installing: /home/sudhindra/irc_2025/drive_control/install/msg_interfaces/include/msg_interfaces/msg_interfaces/msg/detail/motor_six__traits.hpp
[12.364s] -- Installing: /home/sudhindra/irc_2025/drive_control/install/msg_interfaces/include/msg_interfaces/msg_interfaces/msg/detail/drive__builder.hpp
[12.364s] -- Installing: /home/sudhindra/irc_2025/drive_control/install/msg_interfaces/include/msg_interfaces/msg_interfaces/msg/detail/cam_drive__traits.hpp
[12.364s] -- Installing: /home/sudhindra/irc_2025/drive_control/install/msg_interfaces/include/msg_interfaces/msg_interfaces/msg/detail/motor_six__builder.hpp
[12.364s] -- Installing: /home/sudhindra/irc_2025/drive_control/install/msg_interfaces/include/msg_interfaces/msg_interfaces/msg/detail/cam_drive__struct.hpp
[12.364s] -- Installing: /home/sudhindra/irc_2025/drive_control/install/msg_interfaces/include/msg_interfaces/msg_interfaces/msg/detail/encoder_arm__traits.hpp
[12.365s] -- Installing: /home/sudhindra/irc_2025/drive_control/install/msg_interfaces/include/msg_interfaces/msg_interfaces/msg/detail/encoder_drive__traits.hpp
[12.365s] -- Installing: /home/sudhindra/irc_2025/drive_control/install/msg_interfaces/include/msg_interfaces/msg_interfaces/msg/detail/cam_drive__builder.hpp
[12.365s] -- Installing: /home/sudhindra/irc_2025/drive_control/install/msg_interfaces/include/msg_interfaces/msg_interfaces/msg/detail/encoder_drive__builder.hpp
[12.365s] -- Installing: /home/sudhindra/irc_2025/drive_control/install/msg_interfaces/include/msg_interfaces/msg_interfaces/msg/cam_drive.hpp
[12.365s] -- Installing: /home/sudhindra/irc_2025/drive_control/install/msg_interfaces/include/msg_interfaces/msg_interfaces/msg/drive.hpp
[12.365s] -- Installing: /home/sudhindra/irc_2025/drive_control/install/msg_interfaces/include/msg_interfaces/msg_interfaces/msg/arm_end_motion.hpp
[12.365s] -- Installing: /home/sudhindra/irc_2025/drive_control/install/msg_interfaces/include/msg_interfaces/msg_interfaces/msg/encoder_arm.hpp
[12.366s] -- Up-to-date: /home/sudhindra/irc_2025/drive_control/install/msg_interfaces/include/msg_interfaces/msg_interfaces
[12.366s] -- Up-to-date: /home/sudhindra/irc_2025/drive_control/install/msg_interfaces/include/msg_interfaces/msg_interfaces/msg
[12.366s] -- Installing: /home/sudhindra/irc_2025/drive_control/install/msg_interfaces/include/msg_interfaces/msg_interfaces/msg/rosidl_typesupport_fastrtps_cpp__visibility_control.h
[12.366s] -- Up-to-date: /home/sudhindra/irc_2025/drive_control/install/msg_interfaces/include/msg_interfaces/msg_interfaces/msg/detail
[12.366s] -- Installing: /home/sudhindra/irc_2025/drive_control/install/msg_interfaces/include/msg_interfaces/msg_interfaces/msg/detail/motor_six__rosidl_typesupport_fastrtps_cpp.hpp
[12.366s] -- Installing: /home/sudhindra/irc_2025/drive_control/install/msg_interfaces/include/msg_interfaces/msg_interfaces/msg/detail/dds_fastrtps
[12.367s] -- Installing: /home/sudhindra/irc_2025/drive_control/install/msg_interfaces/include/msg_interfaces/msg_interfaces/msg/detail/drive__rosidl_typesupport_fastrtps_cpp.hpp
[12.367s] -- Installing: /home/sudhindra/irc_2025/drive_control/install/msg_interfaces/include/msg_interfaces/msg_interfaces/msg/detail/encoder_arm__rosidl_typesupport_fastrtps_cpp.hpp
[12.367s] -- Installing: /home/sudhindra/irc_2025/drive_control/install/msg_interfaces/include/msg_interfaces/msg_interfaces/msg/detail/encoder_drive__rosidl_typesupport_fastrtps_cpp.hpp
[12.367s] -- Installing: /home/sudhindra/irc_2025/drive_control/install/msg_interfaces/include/msg_interfaces/msg_interfaces/msg/detail/cam_drive__rosidl_typesupport_fastrtps_cpp.hpp
[12.367s] -- Installing: /home/sudhindra/irc_2025/drive_control/install/msg_interfaces/include/msg_interfaces/msg_interfaces/msg/detail/arm_end_motion__rosidl_typesupport_fastrtps_cpp.hpp
[12.367s] -- Installing: /home/sudhindra/irc_2025/drive_control/install/msg_interfaces/lib/libmsg_interfaces__rosidl_typesupport_fastrtps_cpp.so
[12.368s] -- Set runtime path of "/home/sudhindra/irc_2025/drive_control/install/msg_interfaces/lib/libmsg_interfaces__rosidl_typesupport_fastrtps_cpp.so" to ""
[12.368s] -- Up-to-date: /home/sudhindra/irc_2025/drive_control/install/msg_interfaces/include/msg_interfaces/msg_interfaces
[12.368s] -- Up-to-date: /home/sudhindra/irc_2025/drive_control/install/msg_interfaces/include/msg_interfaces/msg_interfaces/msg
[12.368s] -- Up-to-date: /home/sudhindra/irc_2025/drive_control/install/msg_interfaces/include/msg_interfaces/msg_interfaces/msg/detail
[12.368s] -- Installing: /home/sudhindra/irc_2025/drive_control/install/msg_interfaces/include/msg_interfaces/msg_interfaces/msg/detail/motor_six__type_support.c
[12.368s] -- Installing: /home/sudhindra/irc_2025/drive_control/install/msg_interfaces/include/msg_interfaces/msg_interfaces/msg/detail/arm_end_motion__rosidl_typesupport_introspection_c.h
[12.369s] -- Installing: /home/sudhindra/irc_2025/drive_control/install/msg_interfaces/include/msg_interfaces/msg_interfaces/msg/detail/encoder_arm__type_support.c
[12.369s] -- Installing: /home/sudhindra/irc_2025/drive_control/install/msg_interfaces/include/msg_interfaces/msg_interfaces/msg/detail/drive__type_support.c
[12.369s] -- Installing: /home/sudhindra/irc_2025/drive_control/install/msg_interfaces/include/msg_interfaces/msg_interfaces/msg/detail/motor_six__rosidl_typesupport_introspection_c.h
[12.369s] -- Installing: /home/sudhindra/irc_2025/drive_control/install/msg_interfaces/include/msg_interfaces/msg_interfaces/msg/detail/cam_drive__rosidl_typesupport_introspection_c.h
[12.369s] -- Installing: /home/sudhindra/irc_2025/drive_control/install/msg_interfaces/include/msg_interfaces/msg_interfaces/msg/detail/arm_end_motion__type_support.c
[12.369s] -- Installing: /home/sudhindra/irc_2025/drive_control/install/msg_interfaces/include/msg_interfaces/msg_interfaces/msg/detail/encoder_drive__rosidl_typesupport_introspection_c.h
[12.369s] -- Installing: /home/sudhindra/irc_2025/drive_control/install/msg_interfaces/include/msg_interfaces/msg_interfaces/msg/detail/encoder_arm__rosidl_typesupport_introspection_c.h
[12.370s] -- Installing: /home/sudhindra/irc_2025/drive_control/install/msg_interfaces/include/msg_interfaces/msg_interfaces/msg/detail/drive__rosidl_typesupport_introspection_c.h
[12.370s] -- Installing: /home/sudhindra/irc_2025/drive_control/install/msg_interfaces/include/msg_interfaces/msg_interfaces/msg/detail/cam_drive__type_support.c
[12.370s] -- Installing: /home/sudhindra/irc_2025/drive_control/install/msg_interfaces/include/msg_interfaces/msg_interfaces/msg/detail/encoder_drive__type_support.c
[12.370s] -- Installing: /home/sudhindra/irc_2025/drive_control/install/msg_interfaces/include/msg_interfaces/msg_interfaces/msg/rosidl_typesupport_introspection_c__visibility_control.h
[12.370s] -- Installing: /home/sudhindra/irc_2025/drive_control/install/msg_interfaces/lib/libmsg_interfaces__rosidl_typesupport_introspection_c.so
[12.370s] -- Set runtime path of "/home/sudhindra/irc_2025/drive_control/install/msg_interfaces/lib/libmsg_interfaces__rosidl_typesupport_introspection_c.so" to ""
[12.370s] -- Installing: /home/sudhindra/irc_2025/drive_control/install/msg_interfaces/lib/libmsg_interfaces__rosidl_typesupport_c.so
[12.370s] -- Set runtime path of "/home/sudhindra/irc_2025/drive_control/install/msg_interfaces/lib/libmsg_interfaces__rosidl_typesupport_c.so" to ""
[12.371s] -- Up-to-date: /home/sudhindra/irc_2025/drive_control/install/msg_interfaces/include/msg_interfaces/msg_interfaces
[12.371s] -- Up-to-date: /home/sudhindra/irc_2025/drive_control/install/msg_interfaces/include/msg_interfaces/msg_interfaces/msg
[12.371s] -- Up-to-date: /home/sudhindra/irc_2025/drive_control/install/msg_interfaces/include/msg_interfaces/msg_interfaces/msg/detail
[12.371s] -- Installing: /home/sudhindra/irc_2025/drive_control/install/msg_interfaces/include/msg_interfaces/msg_interfaces/msg/detail/cam_drive__type_support.cpp
[12.371s] -- Installing: /home/sudhindra/irc_2025/drive_control/install/msg_interfaces/include/msg_interfaces/msg_interfaces/msg/detail/cam_drive__rosidl_typesupport_introspection_cpp.hpp
[12.371s] -- Installing: /home/sudhindra/irc_2025/drive_control/install/msg_interfaces/include/msg_interfaces/msg_interfaces/msg/detail/arm_end_motion__type_support.cpp
[12.371s] -- Installing: /home/sudhindra/irc_2025/drive_control/install/msg_interfaces/include/msg_interfaces/msg_interfaces/msg/detail/drive__type_support.cpp
[12.372s] -- Installing: /home/sudhindra/irc_2025/drive_control/install/msg_interfaces/include/msg_interfaces/msg_interfaces/msg/detail/drive__rosidl_typesupport_introspection_cpp.hpp
[12.372s] -- Installing: /home/sudhindra/irc_2025/drive_control/install/msg_interfaces/include/msg_interfaces/msg_interfaces/msg/detail/motor_six__rosidl_typesupport_introspection_cpp.hpp
[12.372s] -- Installing: /home/sudhindra/irc_2025/drive_control/install/msg_interfaces/include/msg_interfaces/msg_interfaces/msg/detail/arm_end_motion__rosidl_typesupport_introspection_cpp.hpp
[12.372s] -- Installing: /home/sudhindra/irc_2025/drive_control/install/msg_interfaces/include/msg_interfaces/msg_interfaces/msg/detail/encoder_arm__rosidl_typesupport_introspection_cpp.hpp
[12.372s] -- Installing: /home/sudhindra/irc_2025/drive_control/install/msg_interfaces/include/msg_interfaces/msg_interfaces/msg/detail/encoder_drive__type_support.cpp
[12.372s] -- Installing: /home/sudhindra/irc_2025/drive_control/install/msg_interfaces/include/msg_interfaces/msg_interfaces/msg/detail/motor_six__type_support.cpp
[12.372s] -- Installing: /home/sudhindra/irc_2025/drive_control/install/msg_interfaces/include/msg_interfaces/msg_interfaces/msg/detail/encoder_arm__type_support.cpp
[12.373s] -- Installing: /home/sudhindra/irc_2025/drive_control/install/msg_interfaces/include/msg_interfaces/msg_interfaces/msg/detail/encoder_drive__rosidl_typesupport_introspection_cpp.hpp
[12.373s] -- Installing: /home/sudhindra/irc_2025/drive_control/install/msg_interfaces/lib/libmsg_interfaces__rosidl_typesupport_introspection_cpp.so
[12.373s] -- Set runtime path of "/home/sudhindra/irc_2025/drive_control/install/msg_interfaces/lib/libmsg_interfaces__rosidl_typesupport_introspection_cpp.so" to ""
[12.373s] -- Installing: /home/sudhindra/irc_2025/drive_control/install/msg_interfaces/lib/libmsg_interfaces__rosidl_typesupport_cpp.so
[12.373s] -- Set runtime path of "/home/sudhindra/irc_2025/drive_control/install/msg_interfaces/lib/libmsg_interfaces__rosidl_typesupport_cpp.so" to ""
[12.373s] -- Installing: /home/sudhindra/irc_2025/drive_control/install/msg_interfaces/share/msg_interfaces/environment/pythonpath.sh
[12.373s] -- Installing: /home/sudhindra/irc_2025/drive_control/install/msg_interfaces/share/msg_interfaces/environment/pythonpath.dsv
[12.374s] -- Installing: /home/sudhindra/irc_2025/drive_control/install/msg_interfaces/local/lib/python3.10/dist-packages/msg_interfaces-0.0.0-py3.10.egg-info
[12.374s] -- Installing: /home/sudhindra/irc_2025/drive_control/install/msg_interfaces/local/lib/python3.10/dist-packages/msg_interfaces-0.0.0-py3.10.egg-info/top_level.txt
[12.374s] -- Installing: /home/sudhindra/irc_2025/drive_control/install/msg_interfaces/local/lib/python3.10/dist-packages/msg_interfaces-0.0.0-py3.10.egg-info/SOURCES.txt
[12.374s] -- Installing: /home/sudhindra/irc_2025/drive_control/install/msg_interfaces/local/lib/python3.10/dist-packages/msg_interfaces-0.0.0-py3.10.egg-info/PKG-INFO
[12.374s] -- Installing: /home/sudhindra/irc_2025/drive_control/install/msg_interfaces/local/lib/python3.10/dist-packages/msg_interfaces-0.0.0-py3.10.egg-info/dependency_links.txt
[12.374s] -- Installing: /home/sudhindra/irc_2025/drive_control/install/msg_interfaces/local/lib/python3.10/dist-packages/msg_interfaces
[12.374s] -- Installing: /home/sudhindra/irc_2025/drive_control/install/msg_interfaces/local/lib/python3.10/dist-packages/msg_interfaces/_msg_interfaces_s.ep.rosidl_typesupport_c.c
[12.375s] -- Installing: /home/sudhindra/irc_2025/drive_control/install/msg_interfaces/local/lib/python3.10/dist-packages/msg_interfaces/msg
[12.375s] -- Installing: /home/sudhindra/irc_2025/drive_control/install/msg_interfaces/local/lib/python3.10/dist-packages/msg_interfaces/msg/_cam_drive.py
[12.375s] -- Installing: /home/sudhindra/irc_2025/drive_control/install/msg_interfaces/local/lib/python3.10/dist-packages/msg_interfaces/msg/_encoder_drive.py
[12.375s] -- Installing: /home/sudhindra/irc_2025/drive_control/install/msg_interfaces/local/lib/python3.10/dist-packages/msg_interfaces/msg/_drive_s.c
[12.375s] -- Installing: /home/sudhindra/irc_2025/drive_control/install/msg_interfaces/local/lib/python3.10/dist-packages/msg_interfaces/msg/_motor_six.py
[12.375s] -- Installing: /home/sudhindra/irc_2025/drive_control/install/msg_interfaces/local/lib/python3.10/dist-packages/msg_interfaces/msg/__init__.py
[12.375s] -- Installing: /home/sudhindra/irc_2025/drive_control/install/msg_interfaces/local/lib/python3.10/dist-packages/msg_interfaces/msg/_encoder_arm_s.c
[12.376s] -- Installing: /home/sudhindra/irc_2025/drive_control/install/msg_interfaces/local/lib/python3.10/dist-packages/msg_interfaces/msg/_arm_end_motion.py
[12.376s] -- Installing: /home/sudhindra/irc_2025/drive_control/install/msg_interfaces/local/lib/python3.10/dist-packages/msg_interfaces/msg/_arm_end_motion_s.c
[12.376s] -- Installing: /home/sudhindra/irc_2025/drive_control/install/msg_interfaces/local/lib/python3.10/dist-packages/msg_interfaces/msg/_cam_drive_s.c
[12.376s] -- Installing: /home/sudhindra/irc_2025/drive_control/install/msg_interfaces/local/lib/python3.10/dist-packages/msg_interfaces/msg/_encoder_drive_s.c
[12.376s] -- Installing: /home/sudhindra/irc_2025/drive_control/install/msg_interfaces/local/lib/python3.10/dist-packages/msg_interfaces/msg/_encoder_arm.py
[12.376s] -- Installing: /home/sudhindra/irc_2025/drive_control/install/msg_interfaces/local/lib/python3.10/dist-packages/msg_interfaces/msg/_drive.py
[12.376s] -- Installing: /home/sudhindra/irc_2025/drive_control/install/msg_interfaces/local/lib/python3.10/dist-packages/msg_interfaces/msg/_motor_six_s.c
[12.376s] -- Installing: /home/sudhindra/irc_2025/drive_control/install/msg_interfaces/local/lib/python3.10/dist-packages/msg_interfaces/__init__.py
[12.376s] -- Installing: /home/sudhindra/irc_2025/drive_control/install/msg_interfaces/local/lib/python3.10/dist-packages/msg_interfaces/_msg_interfaces_s.ep.rosidl_typesupport_introspection_c.c
[12.376s] -- Installing: /home/sudhindra/irc_2025/drive_control/install/msg_interfaces/local/lib/python3.10/dist-packages/msg_interfaces/msg_interfaces_s__rosidl_typesupport_c.cpython-310-x86_64-linux-gnu.so
[12.376s] -- Installing: /home/sudhindra/irc_2025/drive_control/install/msg_interfaces/local/lib/python3.10/dist-packages/msg_interfaces/libmsg_interfaces__rosidl_generator_py.so
[12.376s] -- Installing: /home/sudhindra/irc_2025/drive_control/install/msg_interfaces/local/lib/python3.10/dist-packages/msg_interfaces/_msg_interfaces_s.ep.rosidl_typesupport_fastrtps_c.c
[12.377s] -- Installing: /home/sudhindra/irc_2025/drive_control/install/msg_interfaces/local/lib/python3.10/dist-packages/msg_interfaces/msg_interfaces_s__rosidl_typesupport_fastrtps_c.cpython-310-x86_64-linux-gnu.so
[12.377s] -- Installing: /home/sudhindra/irc_2025/drive_control/install/msg_interfaces/local/lib/python3.10/dist-packages/msg_interfaces/msg_interfaces_s__rosidl_typesupport_introspection_c.cpython-310-x86_64-linux-gnu.so
[12.434s] Listing '/home/sudhindra/irc_2025/drive_control/install/msg_interfaces/local/lib/python3.10/dist-packages/msg_interfaces'...
[12.434s] Compiling '/home/sudhindra/irc_2025/drive_control/install/msg_interfaces/local/lib/python3.10/dist-packages/msg_interfaces/__init__.py'...
[12.434s] Listing '/home/sudhindra/irc_2025/drive_control/install/msg_interfaces/local/lib/python3.10/dist-packages/msg_interfaces/msg'...
[12.434s] Compiling '/home/sudhindra/irc_2025/drive_control/install/msg_interfaces/local/lib/python3.10/dist-packages/msg_interfaces/msg/__init__.py'...
[12.435s] Compiling '/home/sudhindra/irc_2025/drive_control/install/msg_interfaces/local/lib/python3.10/dist-packages/msg_interfaces/msg/_arm_end_motion.py'...
[12.435s] Compiling '/home/sudhindra/irc_2025/drive_control/install/msg_interfaces/local/lib/python3.10/dist-packages/msg_interfaces/msg/_cam_drive.py'...
[12.435s] Compiling '/home/sudhindra/irc_2025/drive_control/install/msg_interfaces/local/lib/python3.10/dist-packages/msg_interfaces/msg/_drive.py'...
[12.435s] Compiling '/home/sudhindra/irc_2025/drive_control/install/msg_interfaces/local/lib/python3.10/dist-packages/msg_interfaces/msg/_encoder_arm.py'...
[12.435s] Compiling '/home/sudhindra/irc_2025/drive_control/install/msg_interfaces/local/lib/python3.10/dist-packages/msg_interfaces/msg/_encoder_drive.py'...
[12.435s] Compiling '/home/sudhindra/irc_2025/drive_control/install/msg_interfaces/local/lib/python3.10/dist-packages/msg_interfaces/msg/_motor_six.py'...
[12.440s] -- Installing: /home/sudhindra/irc_2025/drive_control/install/msg_interfaces/local/lib/python3.10/dist-packages/msg_interfaces/msg_interfaces_s__rosidl_typesupport_fastrtps_c.cpython-310-x86_64-linux-gnu.so
[12.440s] -- Set runtime path of "/home/sudhindra/irc_2025/drive_control/install/msg_interfaces/local/lib/python3.10/dist-packages/msg_interfaces/msg_interfaces_s__rosidl_typesupport_fastrtps_c.cpython-310-x86_64-linux-gnu.so" to ""
[12.441s] -- Installing: /home/sudhindra/irc_2025/drive_control/install/msg_interfaces/local/lib/python3.10/dist-packages/msg_interfaces/msg_interfaces_s__rosidl_typesupport_introspection_c.cpython-310-x86_64-linux-gnu.so
[12.441s] -- Set runtime path of "/home/sudhindra/irc_2025/drive_control/install/msg_interfaces/local/lib/python3.10/dist-packages/msg_interfaces/msg_interfaces_s__rosidl_typesupport_introspection_c.cpython-310-x86_64-linux-gnu.so" to ""
[12.441s] -- Installing: /home/sudhindra/irc_2025/drive_control/install/msg_interfaces/local/lib/python3.10/dist-packages/msg_interfaces/msg_interfaces_s__rosidl_typesupport_c.cpython-310-x86_64-linux-gnu.so
[12.441s] -- Set runtime path of "/home/sudhindra/irc_2025/drive_control/install/msg_interfaces/local/lib/python3.10/dist-packages/msg_interfaces/msg_interfaces_s__rosidl_typesupport_c.cpython-310-x86_64-linux-gnu.so" to ""
[12.442s] -- Installing: /home/sudhindra/irc_2025/drive_control/install/msg_interfaces/lib/libmsg_interfaces__rosidl_generator_py.so
[12.442s] -- Set runtime path of "/home/sudhindra/irc_2025/drive_control/install/msg_interfaces/lib/libmsg_interfaces__rosidl_generator_py.so" to ""
[12.442s] -- Installing: /home/sudhindra/irc_2025/drive_control/install/msg_interfaces/share/msg_interfaces/msg/Drive.idl
[12.442s] -- Installing: /home/sudhindra/irc_2025/drive_control/install/msg_interfaces/share/msg_interfaces/msg/CamDrive.idl
[12.442s] -- Installing: /home/sudhindra/irc_2025/drive_control/install/msg_interfaces/share/msg_interfaces/msg/ArmEndMotion.idl
[12.442s] -- Installing: /home/sudhindra/irc_2025/drive_control/install/msg_interfaces/share/msg_interfaces/msg/MotorSix.idl
[12.443s] -- Installing: /home/sudhindra/irc_2025/drive_control/install/msg_interfaces/share/msg_interfaces/msg/EncoderArm.idl
[12.443s] -- Installing: /home/sudhindra/irc_2025/drive_control/install/msg_interfaces/share/msg_interfaces/msg/EncoderDrive.idl
[12.443s] -- Installing: /home/sudhindra/irc_2025/drive_control/install/msg_interfaces/share/msg_interfaces/msg/Drive.msg
[12.443s] -- Installing: /home/sudhindra/irc_2025/drive_control/install/msg_interfaces/share/msg_interfaces/msg/CamDrive.msg
[12.443s] -- Installing: /home/sudhindra/irc_2025/drive_control/install/msg_interfaces/share/msg_interfaces/msg/ArmEndMotion.msg
[12.443s] -- Installing: /home/sudhindra/irc_2025/drive_control/install/msg_interfaces/share/msg_interfaces/msg/MotorSix.msg
[12.444s] -- Installing: /home/sudhindra/irc_2025/drive_control/install/msg_interfaces/share/msg_interfaces/msg/EncoderArm.msg
[12.444s] -- Installing: /home/sudhindra/irc_2025/drive_control/install/msg_interfaces/share/msg_interfaces/msg/EncoderDrive.msg
[12.444s] -- Installing: /home/sudhindra/irc_2025/drive_control/install/msg_interfaces/share/ament_index/resource_index/package_run_dependencies/msg_interfaces
[12.444s] -- Installing: /home/sudhindra/irc_2025/drive_control/install/msg_interfaces/share/ament_index/resource_index/parent_prefix_path/msg_interfaces
[12.444s] -- Installing: /home/sudhindra/irc_2025/drive_control/install/msg_interfaces/share/msg_interfaces/environment/ament_prefix_path.sh
[12.444s] -- Installing: /home/sudhindra/irc_2025/drive_control/install/msg_interfaces/share/msg_interfaces/environment/ament_prefix_path.dsv
[12.444s] -- Installing: /home/sudhindra/irc_2025/drive_control/install/msg_interfaces/share/msg_interfaces/environment/path.sh
[12.445s] -- Installing: /home/sudhindra/irc_2025/drive_control/install/msg_interfaces/share/msg_interfaces/environment/path.dsv
[12.445s] -- Installing: /home/sudhindra/irc_2025/drive_control/install/msg_interfaces/share/msg_interfaces/local_setup.bash
[12.445s] -- Installing: /home/sudhindra/irc_2025/drive_control/install/msg_interfaces/share/msg_interfaces/local_setup.sh
[12.445s] -- Installing: /home/sudhindra/irc_2025/drive_control/install/msg_interfaces/share/msg_interfaces/local_setup.zsh
[12.446s] -- Installing: /home/sudhindra/irc_2025/drive_control/install/msg_interfaces/share/msg_interfaces/local_setup.dsv
[12.446s] -- Installing: /home/sudhindra/irc_2025/drive_control/install/msg_interfaces/share/msg_interfaces/package.dsv
[12.446s] -- Installing: /home/sudhindra/irc_2025/drive_control/install/msg_interfaces/share/ament_index/resource_index/packages/msg_interfaces
[12.446s] -- Installing: /home/sudhindra/irc_2025/drive_control/install/msg_interfaces/share/msg_interfaces/cmake/export_msg_interfaces__rosidl_generator_cExport.cmake
[12.446s] -- Installing: /home/sudhindra/irc_2025/drive_control/install/msg_interfaces/share/msg_interfaces/cmake/export_msg_interfaces__rosidl_generator_cExport-noconfig.cmake
[12.447s] -- Installing: /home/sudhindra/irc_2025/drive_control/install/msg_interfaces/share/msg_interfaces/cmake/export_msg_interfaces__rosidl_typesupport_fastrtps_cExport.cmake
[12.447s] -- Installing: /home/sudhindra/irc_2025/drive_control/install/msg_interfaces/share/msg_interfaces/cmake/export_msg_interfaces__rosidl_typesupport_fastrtps_cExport-noconfig.cmake
[12.447s] -- Installing: /home/sudhindra/irc_2025/drive_control/install/msg_interfaces/share/msg_interfaces/cmake/export_msg_interfaces__rosidl_generator_cppExport.cmake
[12.447s] -- Installing: /home/sudhindra/irc_2025/drive_control/install/msg_interfaces/share/msg_interfaces/cmake/export_msg_interfaces__rosidl_typesupport_fastrtps_cppExport.cmake
[12.447s] -- Installing: /home/sudhindra/irc_2025/drive_control/install/msg_interfaces/share/msg_interfaces/cmake/export_msg_interfaces__rosidl_typesupport_fastrtps_cppExport-noconfig.cmake
[12.447s] -- Installing: /home/sudhindra/irc_2025/drive_control/install/msg_interfaces/share/msg_interfaces/cmake/msg_interfaces__rosidl_typesupport_introspection_cExport.cmake
[12.448s] -- Installing: /home/sudhindra/irc_2025/drive_control/install/msg_interfaces/share/msg_interfaces/cmake/msg_interfaces__rosidl_typesupport_introspection_cExport-noconfig.cmake
[12.448s] -- Installing: /home/sudhindra/irc_2025/drive_control/install/msg_interfaces/share/msg_interfaces/cmake/msg_interfaces__rosidl_typesupport_cExport.cmake
[12.448s] -- Installing: /home/sudhindra/irc_2025/drive_control/install/msg_interfaces/share/msg_interfaces/cmake/msg_interfaces__rosidl_typesupport_cExport-noconfig.cmake
[12.448s] -- Installing: /home/sudhindra/irc_2025/drive_control/install/msg_interfaces/share/msg_interfaces/cmake/msg_interfaces__rosidl_typesupport_introspection_cppExport.cmake
[12.448s] -- Installing: /home/sudhindra/irc_2025/drive_control/install/msg_interfaces/share/msg_interfaces/cmake/msg_interfaces__rosidl_typesupport_introspection_cppExport-noconfig.cmake
[12.448s] -- Installing: /home/sudhindra/irc_2025/drive_control/install/msg_interfaces/share/msg_interfaces/cmake/msg_interfaces__rosidl_typesupport_cppExport.cmake
[12.449s] -- Installing: /home/sudhindra/irc_2025/drive_control/install/msg_interfaces/share/msg_interfaces/cmake/msg_interfaces__rosidl_typesupport_cppExport-noconfig.cmake
[12.449s] -- Installing: /home/sudhindra/irc_2025/drive_control/install/msg_interfaces/share/msg_interfaces/cmake/export_msg_interfaces__rosidl_generator_pyExport.cmake
[12.449s] -- Installing: /home/sudhindra/irc_2025/drive_control/install/msg_interfaces/share/msg_interfaces/cmake/export_msg_interfaces__rosidl_generator_pyExport-noconfig.cmake
[12.449s] -- Installing: /home/sudhindra/irc_2025/drive_control/install/msg_interfaces/share/msg_interfaces/cmake/rosidl_cmake-extras.cmake
[12.449s] -- Installing: /home/sudhindra/irc_2025/drive_control/install/msg_interfaces/share/msg_interfaces/cmake/ament_cmake_export_dependencies-extras.cmake
[12.449s] -- Installing: /home/sudhindra/irc_2025/drive_control/install/msg_interfaces/share/msg_interfaces/cmake/ament_cmake_export_include_directories-extras.cmake
[12.449s] -- Installing: /home/sudhindra/irc_2025/drive_control/install/msg_interfaces/share/msg_interfaces/cmake/ament_cmake_export_libraries-extras.cmake
[12.450s] -- Installing: /home/sudhindra/irc_2025/drive_control/install/msg_interfaces/share/msg_interfaces/cmake/ament_cmake_export_targets-extras.cmake
[12.450s] -- Installing: /home/sudhindra/irc_2025/drive_control/install/msg_interfaces/share/msg_interfaces/cmake/rosidl_cmake_export_typesupport_targets-extras.cmake
[12.450s] -- Installing: /home/sudhindra/irc_2025/drive_control/install/msg_interfaces/share/msg_interfaces/cmake/rosidl_cmake_export_typesupport_libraries-extras.cmake
[12.450s] -- Installing: /home/sudhindra/irc_2025/drive_control/install/msg_interfaces/share/msg_interfaces/cmake/msg_interfacesConfig.cmake
[12.450s] -- Installing: /home/sudhindra/irc_2025/drive_control/install/msg_interfaces/share/msg_interfaces/cmake/msg_interfacesConfig-version.cmake
[12.450s] -- Installing: /home/sudhindra/irc_2025/drive_control/install/msg_interfaces/share/msg_interfaces/package.xml
[12.453s] Invoked command in '/home/sudhindra/irc_2025/drive_control/build/msg_interfaces' returned '0': CMAKE_PREFIX_PATH=${CMAKE_PREFIX_PATH}:/opt/ros/humble /usr/bin/cmake --install /home/sudhindra/irc_2025/drive_control/build/msg_interfaces
