[0.789s] Invoking command in '/home/sudhindra/irc_2025/drive_control/src/differential': PYTHONPATH=/home/sudhindra/irc_2025/drive_control/build/differential/prefix_override:/usr/lib/python3/dist-packages/colcon_core/task/python/colcon_distutils_commands:/home/sudhindra/irc_2025/drive_control/install/differential/lib/python3.10/site-packages:${PYTHONPATH} /usr/bin/python3 -W ignore:setup.py install is deprecated setup.py egg_info --egg-base ../../build/differential build --build-base /home/sudhindra/irc_2025/drive_control/build/differential/build install --record /home/sudhindra/irc_2025/drive_control/build/differential/install.log --single-version-externally-managed install_data
[1.013s] running egg_info
[1.014s] creating ../../build/differential/differential.egg-info
[1.014s] writing ../../build/differential/differential.egg-info/PKG-INFO
[1.014s] writing dependency_links to ../../build/differential/differential.egg-info/dependency_links.txt
[1.014s] writing entry points to ../../build/differential/differential.egg-info/entry_points.txt
[1.014s] writing requirements to ../../build/differential/differential.egg-info/requires.txt
[1.014s] writing top-level names to ../../build/differential/differential.egg-info/top_level.txt
[1.014s] writing manifest file '../../build/differential/differential.egg-info/SOURCES.txt'
[1.016s] reading manifest file '../../build/differential/differential.egg-info/SOURCES.txt'
[1.017s] writing manifest file '../../build/differential/differential.egg-info/SOURCES.txt'
[1.017s] running build
[1.017s] running build_py
[1.017s] creating /home/sudhindra/irc_2025/drive_control/build/differential/build
[1.017s] creating /home/sudhindra/irc_2025/drive_control/build/differential/build/lib
[1.018s] creating /home/sudhindra/irc_2025/drive_control/build/differential/build/lib/differential
[1.018s] copying differential/__init__.py -> /home/sudhindra/irc_2025/drive_control/build/differential/build/lib/differential
[1.018s] running install
[1.018s] running install_lib
[1.018s] creating /home/sudhindra/irc_2025/drive_control/install/differential/lib/python3.10/site-packages/differential
[1.018s] copying /home/sudhindra/irc_2025/drive_control/build/differential/build/lib/differential/__init__.py -> /home/sudhindra/irc_2025/drive_control/install/differential/lib/python3.10/site-packages/differential
[1.019s] byte-compiling /home/sudhindra/irc_2025/drive_control/install/differential/lib/python3.10/site-packages/differential/__init__.py to __init__.cpython-310.pyc
[1.019s] running install_data
[1.019s] creating /home/sudhindra/irc_2025/drive_control/install/differential/share/ament_index
[1.019s] creating /home/sudhindra/irc_2025/drive_control/install/differential/share/ament_index/resource_index
[1.019s] creating /home/sudhindra/irc_2025/drive_control/install/differential/share/ament_index/resource_index/packages
[1.019s] copying resource/differential -> /home/sudhindra/irc_2025/drive_control/install/differential/share/ament_index/resource_index/packages
[1.020s] copying package.xml -> /home/sudhindra/irc_2025/drive_control/install/differential/share/differential
[1.020s] running install_egg_info
[1.021s] Copying ../../build/differential/differential.egg-info to /home/sudhindra/irc_2025/drive_control/install/differential/lib/python3.10/site-packages/differential-0.0.0-py3.10.egg-info
[1.022s] running install_scripts
[1.040s] writing list of installed files to '/home/sudhindra/irc_2025/drive_control/build/differential/install.log'
[1.073s] Invoked command in '/home/sudhindra/irc_2025/drive_control/src/differential' returned '0': PYTHONPATH=/home/sudhindra/irc_2025/drive_control/build/differential/prefix_override:/usr/lib/python3/dist-packages/colcon_core/task/python/colcon_distutils_commands:/home/sudhindra/irc_2025/drive_control/install/differential/lib/python3.10/site-packages:${PYTHONPATH} /usr/bin/python3 -W ignore:setup.py install is deprecated setup.py egg_info --egg-base ../../build/differential build --build-base /home/sudhindra/irc_2025/drive_control/build/differential/build install --record /home/sudhindra/irc_2025/drive_control/build/differential/install.log --single-version-externally-managed install_data
