running egg_info
creating ../../build/joy_can/joy_can.egg-info
writing ../../build/joy_can/joy_can.egg-info/PKG-INFO
writing dependency_links to ../../build/joy_can/joy_can.egg-info/dependency_links.txt
writing entry points to ../../build/joy_can/joy_can.egg-info/entry_points.txt
writing requirements to ../../build/joy_can/joy_can.egg-info/requires.txt
writing top-level names to ../../build/joy_can/joy_can.egg-info/top_level.txt
writing manifest file '../../build/joy_can/joy_can.egg-info/SOURCES.txt'
reading manifest file '../../build/joy_can/joy_can.egg-info/SOURCES.txt'
writing manifest file '../../build/joy_can/joy_can.egg-info/SOURCES.txt'
running build
running build_py
creating /home/siddhant/irc_rover_controls_2025/rover_essentials/build/joy_can/build
creating /home/siddhant/irc_rover_controls_2025/rover_essentials/build/joy_can/build/lib
creating /home/siddhant/irc_rover_controls_2025/rover_essentials/build/joy_can/build/lib/joy_can
copying joy_can/DriveCAN.py -> /home/siddhant/irc_rover_controls_2025/rover_essentials/build/joy_can/build/lib/joy_can
copying joy_can/__init__.py -> /home/siddhant/irc_rover_controls_2025/rover_essentials/build/joy_can/build/lib/joy_can
copying joy_can/ArmCAN.py -> /home/siddhant/irc_rover_controls_2025/rover_essentials/build/joy_can/build/lib/joy_can
copying joy_can/CANIn.py -> /home/siddhant/irc_rover_controls_2025/rover_essentials/build/joy_can/build/lib/joy_can
copying joy_can/gripper.py -> /home/siddhant/irc_rover_controls_2025/rover_essentials/build/joy_can/build/lib/joy_can
running install
running install_lib
creating /home/siddhant/irc_rover_controls_2025/rover_essentials/install/joy_can/lib/python3.10/site-packages/joy_can
copying /home/siddhant/irc_rover_controls_2025/rover_essentials/build/joy_can/build/lib/joy_can/DriveCAN.py -> /home/siddhant/irc_rover_controls_2025/rover_essentials/install/joy_can/lib/python3.10/site-packages/joy_can
copying /home/siddhant/irc_rover_controls_2025/rover_essentials/build/joy_can/build/lib/joy_can/__init__.py -> /home/siddhant/irc_rover_controls_2025/rover_essentials/install/joy_can/lib/python3.10/site-packages/joy_can
copying /home/siddhant/irc_rover_controls_2025/rover_essentials/build/joy_can/build/lib/joy_can/ArmCAN.py -> /home/siddhant/irc_rover_controls_2025/rover_essentials/install/joy_can/lib/python3.10/site-packages/joy_can
copying /home/siddhant/irc_rover_controls_2025/rover_essentials/build/joy_can/build/lib/joy_can/CANIn.py -> /home/siddhant/irc_rover_controls_2025/rover_essentials/install/joy_can/lib/python3.10/site-packages/joy_can
copying /home/siddhant/irc_rover_controls_2025/rover_essentials/build/joy_can/build/lib/joy_can/gripper.py -> /home/siddhant/irc_rover_controls_2025/rover_essentials/install/joy_can/lib/python3.10/site-packages/joy_can
byte-compiling /home/siddhant/irc_rover_controls_2025/rover_essentials/install/joy_can/lib/python3.10/site-packages/joy_can/DriveCAN.py to DriveCAN.cpython-310.pyc
byte-compiling /home/siddhant/irc_rover_controls_2025/rover_essentials/install/joy_can/lib/python3.10/site-packages/joy_can/__init__.py to __init__.cpython-310.pyc
byte-compiling /home/siddhant/irc_rover_controls_2025/rover_essentials/install/joy_can/lib/python3.10/site-packages/joy_can/ArmCAN.py to ArmCAN.cpython-310.pyc
byte-compiling /home/siddhant/irc_rover_controls_2025/rover_essentials/install/joy_can/lib/python3.10/site-packages/joy_can/CANIn.py to CANIn.cpython-310.pyc
byte-compiling /home/siddhant/irc_rover_controls_2025/rover_essentials/install/joy_can/lib/python3.10/site-packages/joy_can/gripper.py to gripper.cpython-310.pyc
running install_data
creating /home/siddhant/irc_rover_controls_2025/rover_essentials/install/joy_can/share/ament_index
creating /home/siddhant/irc_rover_controls_2025/rover_essentials/install/joy_can/share/ament_index/resource_index
creating /home/siddhant/irc_rover_controls_2025/rover_essentials/install/joy_can/share/ament_index/resource_index/packages
copying resource/joy_can -> /home/siddhant/irc_rover_controls_2025/rover_essentials/install/joy_can/share/ament_index/resource_index/packages
copying package.xml -> /home/siddhant/irc_rover_controls_2025/rover_essentials/install/joy_can/share/joy_can
creating /home/siddhant/irc_rover_controls_2025/rover_essentials/install/joy_can/share/joy_can/launch
copying launch/ArmCAN.sh -> /home/siddhant/irc_rover_controls_2025/rover_essentials/install/joy_can/share/joy_can/launch
copying launch/DriveCAN.sh -> /home/siddhant/irc_rover_controls_2025/rover_essentials/install/joy_can/share/joy_can/launch
copying launch/ArmLaunch.py -> /home/siddhant/irc_rover_controls_2025/rover_essentials/install/joy_can/share/joy_can/launch
copying launch/DriveLaunch.py -> /home/siddhant/irc_rover_controls_2025/rover_essentials/install/joy_can/share/joy_can/launch
copying launch/ArmDriveLaunch.py -> /home/siddhant/irc_rover_controls_2025/rover_essentials/install/joy_can/share/joy_can/launch
running install_egg_info
Copying ../../build/joy_can/joy_can.egg-info to /home/siddhant/irc_rover_controls_2025/rover_essentials/install/joy_can/lib/python3.10/site-packages/joy_can-0.0.0-py3.10.egg-info
running install_scripts
Installing arm_master script to /home/siddhant/irc_rover_controls_2025/rover_essentials/install/joy_can/lib/joy_can
Installing drive_master script to /home/siddhant/irc_rover_controls_2025/rover_essentials/install/joy_can/lib/joy_can
Installing gripper script to /home/siddhant/irc_rover_controls_2025/rover_essentials/install/joy_can/lib/joy_can
Installing master script to /home/siddhant/irc_rover_controls_2025/rover_essentials/install/joy_can/lib/joy_can
writing list of installed files to '/home/siddhant/irc_rover_controls_2025/rover_essentials/build/joy_can/install.log'
