[0.008s] Invoking command in '/home/siddhant/irc_rover_controls_2025/arm_control/build/msg_interfaces': CMAKE_PREFIX_PATH=/opt/ros/humble /usr/bin/cmake --build /home/siddhant/irc_rover_controls_2025/arm_control/build/msg_interfaces -- -j22 -l22
[0.057s] [35m[1mConsolidate compiler generated dependencies of target msg_interfaces__rosidl_generator_c[0m
[0.065s] [  0%] Built target msg_interfaces__cpp
[0.068s] [  0%] Built target ament_cmake_python_copy_msg_interfaces
[0.071s] [ 12%] Built target msg_interfaces__rosidl_generator_c
[0.073s] [35m[1mConsolidate compiler generated dependencies of target msg_interfaces__rosidl_typesupport_fastrtps_cpp[0m
[0.075s] [35m[1mConsolidate compiler generated dependencies of target msg_interfaces__rosidl_typesupport_cpp[0m
[0.076s] [35m[1mConsolidate compiler generated dependencies of target msg_interfaces__rosidl_typesupport_introspection_cpp[0m
[0.081s] [35m[1mConsolidate compiler generated dependencies of target msg_interfaces__rosidl_typesupport_c[0m
[0.081s] [35m[1mConsolidate compiler generated dependencies of target msg_interfaces__rosidl_typesupport_fastrtps_c[0m
[0.081s] [35m[1mConsolidate compiler generated dependencies of target msg_interfaces__rosidl_typesupport_introspection_c[0m
[0.087s] [ 23%] Built target msg_interfaces__rosidl_typesupport_fastrtps_cpp
[0.088s] [ 35%] Built target msg_interfaces__rosidl_typesupport_cpp
[0.091s] [ 46%] Built target msg_interfaces__rosidl_typesupport_c
[0.091s] [ 58%] Built target msg_interfaces__rosidl_typesupport_introspection_c
[0.092s] [ 70%] Built target msg_interfaces__rosidl_typesupport_introspection_cpp
[0.096s] [ 82%] Built target msg_interfaces__rosidl_typesupport_fastrtps_c
[0.112s] [ 82%] Built target msg_interfaces
[0.128s] [ 83%] Built target msg_interfaces__py
[0.136s] [35m[1mConsolidate compiler generated dependencies of target msg_interfaces__rosidl_generator_py[0m
[0.148s] [ 94%] Built target msg_interfaces__rosidl_generator_py
[0.156s] [35m[1mConsolidate compiler generated dependencies of target msg_interfaces__rosidl_typesupport_fastrtps_c__pyext[0m
[0.156s] [35m[1mConsolidate compiler generated dependencies of target msg_interfaces__rosidl_typesupport_c__pyext[0m
[0.157s] [35m[1mConsolidate compiler generated dependencies of target msg_interfaces__rosidl_typesupport_introspection_c__pyext[0m
[0.167s] [ 96%] Built target msg_interfaces__rosidl_typesupport_fastrtps_c__pyext
[0.167s] [100%] Built target msg_interfaces__rosidl_typesupport_introspection_c__pyext
[0.167s] [100%] Built target msg_interfaces__rosidl_typesupport_c__pyext
[0.200s] running egg_info
[0.208s] writing msg_interfaces.egg-info/PKG-INFO
[0.208s] writing dependency_links to msg_interfaces.egg-info/dependency_links.txt
[0.209s] writing top-level names to msg_interfaces.egg-info/top_level.txt
[0.234s] reading manifest file 'msg_interfaces.egg-info/SOURCES.txt'
[0.235s] writing manifest file 'msg_interfaces.egg-info/SOURCES.txt'
[0.255s] [100%] Built target ament_cmake_python_build_msg_interfaces_egg
[0.267s] Invoked command in '/home/siddhant/irc_rover_controls_2025/arm_control/build/msg_interfaces' returned '0': CMAKE_PREFIX_PATH=/opt/ros/humble /usr/bin/cmake --build /home/siddhant/irc_rover_controls_2025/arm_control/build/msg_interfaces -- -j22 -l22
[0.273s] Invoking command in '/home/siddhant/irc_rover_controls_2025/arm_control/build/msg_interfaces': CMAKE_PREFIX_PATH=/opt/ros/humble /usr/bin/cmake --install /home/siddhant/irc_rover_controls_2025/arm_control/build/msg_interfaces
[0.282s] -- Install configuration: ""
[0.282s] -- Up-to-date: /home/siddhant/irc_rover_controls_2025/arm_control/install/msg_interfaces/share/ament_index/resource_index/rosidl_interfaces/msg_interfaces
[0.282s] -- Up-to-date: /home/siddhant/irc_rover_controls_2025/arm_control/install/msg_interfaces/include/msg_interfaces/msg_interfaces
[0.282s] -- Up-to-date: /home/siddhant/irc_rover_controls_2025/arm_control/install/msg_interfaces/include/msg_interfaces/msg_interfaces/msg
[0.282s] -- Up-to-date: /home/siddhant/irc_rover_controls_2025/arm_control/install/msg_interfaces/include/msg_interfaces/msg_interfaces/msg/encoder_arm.h
[0.282s] -- Up-to-date: /home/siddhant/irc_rover_controls_2025/arm_control/install/msg_interfaces/include/msg_interfaces/msg_interfaces/msg/target_pose.h
[0.283s] -- Up-to-date: /home/siddhant/irc_rover_controls_2025/arm_control/install/msg_interfaces/include/msg_interfaces/msg_interfaces/msg/rosidl_generator_c__visibility_control.h
[0.283s] -- Up-to-date: /home/siddhant/irc_rover_controls_2025/arm_control/install/msg_interfaces/include/msg_interfaces/msg_interfaces/msg/arm_angle.h
[0.283s] -- Up-to-date: /home/siddhant/irc_rover_controls_2025/arm_control/install/msg_interfaces/include/msg_interfaces/msg_interfaces/msg/wrist_joint_velocity.h
[0.283s] -- Up-to-date: /home/siddhant/irc_rover_controls_2025/arm_control/install/msg_interfaces/include/msg_interfaces/msg_interfaces/msg/base_motion.h
[0.283s] -- Up-to-date: /home/siddhant/irc_rover_controls_2025/arm_control/install/msg_interfaces/include/msg_interfaces/msg_interfaces/msg/drive.h
[0.283s] -- Up-to-date: /home/siddhant/irc_rover_controls_2025/arm_control/install/msg_interfaces/include/msg_interfaces/msg_interfaces/msg/final_vel.h
[0.283s] -- Up-to-date: /home/siddhant/irc_rover_controls_2025/arm_control/install/msg_interfaces/include/msg_interfaces/msg_interfaces/msg/encoder_drive.h
[0.283s] -- Up-to-date: /home/siddhant/irc_rover_controls_2025/arm_control/install/msg_interfaces/include/msg_interfaces/msg_interfaces/msg/shoulder_joint_velocity.h
[0.283s] -- Up-to-date: /home/siddhant/irc_rover_controls_2025/arm_control/install/msg_interfaces/include/msg_interfaces/msg_interfaces/msg/arm_end_motion.h
[0.283s] -- Up-to-date: /home/siddhant/irc_rover_controls_2025/arm_control/install/msg_interfaces/include/msg_interfaces/msg_interfaces/msg/detail
[0.283s] -- Up-to-date: /home/siddhant/irc_rover_controls_2025/arm_control/install/msg_interfaces/include/msg_interfaces/msg_interfaces/msg/detail/arm_angle__struct.h
[0.283s] -- Up-to-date: /home/siddhant/irc_rover_controls_2025/arm_control/install/msg_interfaces/include/msg_interfaces/msg_interfaces/msg/detail/encoder_arm__type_support.h
[0.283s] -- Up-to-date: /home/siddhant/irc_rover_controls_2025/arm_control/install/msg_interfaces/include/msg_interfaces/msg_interfaces/msg/detail/base_motion__type_support.h
[0.283s] -- Up-to-date: /home/siddhant/irc_rover_controls_2025/arm_control/install/msg_interfaces/include/msg_interfaces/msg_interfaces/msg/detail/arm_end_motion__type_support.h
[0.283s] -- Up-to-date: /home/siddhant/irc_rover_controls_2025/arm_control/install/msg_interfaces/include/msg_interfaces/msg_interfaces/msg/detail/final_vel__functions.c
[0.283s] -- Up-to-date: /home/siddhant/irc_rover_controls_2025/arm_control/install/msg_interfaces/include/msg_interfaces/msg_interfaces/msg/detail/encoder_drive__functions.c
[0.283s] -- Up-to-date: /home/siddhant/irc_rover_controls_2025/arm_control/install/msg_interfaces/include/msg_interfaces/msg_interfaces/msg/detail/encoder_drive__struct.h
[0.283s] -- Up-to-date: /home/siddhant/irc_rover_controls_2025/arm_control/install/msg_interfaces/include/msg_interfaces/msg_interfaces/msg/detail/shoulder_joint_velocity__functions.h
[0.283s] -- Up-to-date: /home/siddhant/irc_rover_controls_2025/arm_control/install/msg_interfaces/include/msg_interfaces/msg_interfaces/msg/detail/encoder_drive__type_support.h
[0.284s] -- Up-to-date: /home/siddhant/irc_rover_controls_2025/arm_control/install/msg_interfaces/include/msg_interfaces/msg_interfaces/msg/detail/target_pose__struct.h
[0.284s] -- Up-to-date: /home/siddhant/irc_rover_controls_2025/arm_control/install/msg_interfaces/include/msg_interfaces/msg_interfaces/msg/detail/shoulder_joint_velocity__struct.h
[0.284s] -- Up-to-date: /home/siddhant/irc_rover_controls_2025/arm_control/install/msg_interfaces/include/msg_interfaces/msg_interfaces/msg/detail/wrist_joint_velocity__type_support.h
[0.284s] -- Up-to-date: /home/siddhant/irc_rover_controls_2025/arm_control/install/msg_interfaces/include/msg_interfaces/msg_interfaces/msg/detail/arm_end_motion__functions.h
[0.284s] -- Up-to-date: /home/siddhant/irc_rover_controls_2025/arm_control/install/msg_interfaces/include/msg_interfaces/msg_interfaces/msg/detail/encoder_arm__struct.h
[0.284s] -- Up-to-date: /home/siddhant/irc_rover_controls_2025/arm_control/install/msg_interfaces/include/msg_interfaces/msg_interfaces/msg/detail/base_motion__functions.c
[0.284s] -- Up-to-date: /home/siddhant/irc_rover_controls_2025/arm_control/install/msg_interfaces/include/msg_interfaces/msg_interfaces/msg/detail/encoder_drive__functions.h
[0.284s] -- Up-to-date: /home/siddhant/irc_rover_controls_2025/arm_control/install/msg_interfaces/include/msg_interfaces/msg_interfaces/msg/detail/target_pose__type_support.h
[0.284s] -- Up-to-date: /home/siddhant/irc_rover_controls_2025/arm_control/install/msg_interfaces/include/msg_interfaces/msg_interfaces/msg/detail/arm_end_motion__functions.c
[0.284s] -- Up-to-date: /home/siddhant/irc_rover_controls_2025/arm_control/install/msg_interfaces/include/msg_interfaces/msg_interfaces/msg/detail/drive__functions.c
[0.284s] -- Up-to-date: /home/siddhant/irc_rover_controls_2025/arm_control/install/msg_interfaces/include/msg_interfaces/msg_interfaces/msg/detail/final_vel__type_support.h
[0.284s] -- Up-to-date: /home/siddhant/irc_rover_controls_2025/arm_control/install/msg_interfaces/include/msg_interfaces/msg_interfaces/msg/detail/drive__functions.h
[0.284s] -- Up-to-date: /home/siddhant/irc_rover_controls_2025/arm_control/install/msg_interfaces/include/msg_interfaces/msg_interfaces/msg/detail/drive__type_support.h
[0.284s] -- Up-to-date: /home/siddhant/irc_rover_controls_2025/arm_control/install/msg_interfaces/include/msg_interfaces/msg_interfaces/msg/detail/target_pose__functions.h
[0.284s] -- Up-to-date: /home/siddhant/irc_rover_controls_2025/arm_control/install/msg_interfaces/include/msg_interfaces/msg_interfaces/msg/detail/final_vel__functions.h
[0.284s] -- Up-to-date: /home/siddhant/irc_rover_controls_2025/arm_control/install/msg_interfaces/include/msg_interfaces/msg_interfaces/msg/detail/base_motion__functions.h
[0.284s] -- Up-to-date: /home/siddhant/irc_rover_controls_2025/arm_control/install/msg_interfaces/include/msg_interfaces/msg_interfaces/msg/detail/final_vel__struct.h
[0.284s] -- Up-to-date: /home/siddhant/irc_rover_controls_2025/arm_control/install/msg_interfaces/include/msg_interfaces/msg_interfaces/msg/detail/encoder_arm__functions.h
[0.285s] -- Up-to-date: /home/siddhant/irc_rover_controls_2025/arm_control/install/msg_interfaces/include/msg_interfaces/msg_interfaces/msg/detail/wrist_joint_velocity__functions.h
[0.285s] -- Up-to-date: /home/siddhant/irc_rover_controls_2025/arm_control/install/msg_interfaces/include/msg_interfaces/msg_interfaces/msg/detail/arm_angle__functions.c
[0.285s] -- Up-to-date: /home/siddhant/irc_rover_controls_2025/arm_control/install/msg_interfaces/include/msg_interfaces/msg_interfaces/msg/detail/base_motion__struct.h
[0.285s] -- Up-to-date: /home/siddhant/irc_rover_controls_2025/arm_control/install/msg_interfaces/include/msg_interfaces/msg_interfaces/msg/detail/arm_end_motion__struct.h
[0.285s] -- Up-to-date: /home/siddhant/irc_rover_controls_2025/arm_control/install/msg_interfaces/include/msg_interfaces/msg_interfaces/msg/detail/encoder_arm__functions.c
[0.285s] -- Up-to-date: /home/siddhant/irc_rover_controls_2025/arm_control/install/msg_interfaces/include/msg_interfaces/msg_interfaces/msg/detail/shoulder_joint_velocity__type_support.h
[0.285s] -- Up-to-date: /home/siddhant/irc_rover_controls_2025/arm_control/install/msg_interfaces/include/msg_interfaces/msg_interfaces/msg/detail/wrist_joint_velocity__functions.c
[0.285s] -- Up-to-date: /home/siddhant/irc_rover_controls_2025/arm_control/install/msg_interfaces/include/msg_interfaces/msg_interfaces/msg/detail/drive__struct.h
[0.285s] -- Up-to-date: /home/siddhant/irc_rover_controls_2025/arm_control/install/msg_interfaces/include/msg_interfaces/msg_interfaces/msg/detail/arm_angle__type_support.h
[0.285s] -- Up-to-date: /home/siddhant/irc_rover_controls_2025/arm_control/install/msg_interfaces/include/msg_interfaces/msg_interfaces/msg/detail/arm_angle__functions.h
[0.285s] -- Up-to-date: /home/siddhant/irc_rover_controls_2025/arm_control/install/msg_interfaces/include/msg_interfaces/msg_interfaces/msg/detail/shoulder_joint_velocity__functions.c
[0.285s] -- Up-to-date: /home/siddhant/irc_rover_controls_2025/arm_control/install/msg_interfaces/include/msg_interfaces/msg_interfaces/msg/detail/target_pose__functions.c
[0.285s] -- Up-to-date: /home/siddhant/irc_rover_controls_2025/arm_control/install/msg_interfaces/include/msg_interfaces/msg_interfaces/msg/detail/wrist_joint_velocity__struct.h
[0.285s] -- Up-to-date: /home/siddhant/irc_rover_controls_2025/arm_control/install/msg_interfaces/share/msg_interfaces/environment/library_path.sh
[0.286s] -- Up-to-date: /home/siddhant/irc_rover_controls_2025/arm_control/install/msg_interfaces/share/msg_interfaces/environment/library_path.dsv
[0.286s] -- Up-to-date: /home/siddhant/irc_rover_controls_2025/arm_control/install/msg_interfaces/lib/libmsg_interfaces__rosidl_generator_c.so
[0.286s] -- Up-to-date: /home/siddhant/irc_rover_controls_2025/arm_control/install/msg_interfaces/include/msg_interfaces/msg_interfaces
[0.286s] -- Up-to-date: /home/siddhant/irc_rover_controls_2025/arm_control/install/msg_interfaces/include/msg_interfaces/msg_interfaces/msg
[0.286s] -- Up-to-date: /home/siddhant/irc_rover_controls_2025/arm_control/install/msg_interfaces/include/msg_interfaces/msg_interfaces/msg/rosidl_typesupport_fastrtps_c__visibility_control.h
[0.286s] -- Up-to-date: /home/siddhant/irc_rover_controls_2025/arm_control/install/msg_interfaces/include/msg_interfaces/msg_interfaces/msg/detail
[0.286s] -- Up-to-date: /home/siddhant/irc_rover_controls_2025/arm_control/install/msg_interfaces/include/msg_interfaces/msg_interfaces/msg/detail/shoulder_joint_velocity__rosidl_typesupport_fastrtps_c.h
[0.286s] -- Up-to-date: /home/siddhant/irc_rover_controls_2025/arm_control/install/msg_interfaces/include/msg_interfaces/msg_interfaces/msg/detail/drive__rosidl_typesupport_fastrtps_c.h
[0.286s] -- Up-to-date: /home/siddhant/irc_rover_controls_2025/arm_control/install/msg_interfaces/include/msg_interfaces/msg_interfaces/msg/detail/wrist_joint_velocity__rosidl_typesupport_fastrtps_c.h
[0.286s] -- Up-to-date: /home/siddhant/irc_rover_controls_2025/arm_control/install/msg_interfaces/include/msg_interfaces/msg_interfaces/msg/detail/target_pose__rosidl_typesupport_fastrtps_c.h
[0.286s] -- Up-to-date: /home/siddhant/irc_rover_controls_2025/arm_control/install/msg_interfaces/include/msg_interfaces/msg_interfaces/msg/detail/encoder_arm__rosidl_typesupport_fastrtps_c.h
[0.286s] -- Up-to-date: /home/siddhant/irc_rover_controls_2025/arm_control/install/msg_interfaces/include/msg_interfaces/msg_interfaces/msg/detail/arm_end_motion__rosidl_typesupport_fastrtps_c.h
[0.286s] -- Up-to-date: /home/siddhant/irc_rover_controls_2025/arm_control/install/msg_interfaces/include/msg_interfaces/msg_interfaces/msg/detail/base_motion__rosidl_typesupport_fastrtps_c.h
[0.286s] -- Up-to-date: /home/siddhant/irc_rover_controls_2025/arm_control/install/msg_interfaces/include/msg_interfaces/msg_interfaces/msg/detail/final_vel__rosidl_typesupport_fastrtps_c.h
[0.286s] -- Up-to-date: /home/siddhant/irc_rover_controls_2025/arm_control/install/msg_interfaces/include/msg_interfaces/msg_interfaces/msg/detail/arm_angle__rosidl_typesupport_fastrtps_c.h
[0.286s] -- Up-to-date: /home/siddhant/irc_rover_controls_2025/arm_control/install/msg_interfaces/include/msg_interfaces/msg_interfaces/msg/detail/encoder_drive__rosidl_typesupport_fastrtps_c.h
[0.286s] -- Up-to-date: /home/siddhant/irc_rover_controls_2025/arm_control/install/msg_interfaces/lib/libmsg_interfaces__rosidl_typesupport_fastrtps_c.so
[0.286s] -- Up-to-date: /home/siddhant/irc_rover_controls_2025/arm_control/install/msg_interfaces/include/msg_interfaces/msg_interfaces
[0.286s] -- Up-to-date: /home/siddhant/irc_rover_controls_2025/arm_control/install/msg_interfaces/include/msg_interfaces/msg_interfaces/msg
[0.286s] -- Up-to-date: /home/siddhant/irc_rover_controls_2025/arm_control/install/msg_interfaces/include/msg_interfaces/msg_interfaces/msg/target_pose.hpp
[0.286s] -- Up-to-date: /home/siddhant/irc_rover_controls_2025/arm_control/install/msg_interfaces/include/msg_interfaces/msg_interfaces/msg/encoder_arm.hpp
[0.286s] -- Up-to-date: /home/siddhant/irc_rover_controls_2025/arm_control/install/msg_interfaces/include/msg_interfaces/msg_interfaces/msg/shoulder_joint_velocity.hpp
[0.286s] -- Up-to-date: /home/siddhant/irc_rover_controls_2025/arm_control/install/msg_interfaces/include/msg_interfaces/msg_interfaces/msg/rosidl_generator_cpp__visibility_control.hpp
[0.286s] -- Up-to-date: /home/siddhant/irc_rover_controls_2025/arm_control/install/msg_interfaces/include/msg_interfaces/msg_interfaces/msg/base_motion.hpp
[0.286s] -- Up-to-date: /home/siddhant/irc_rover_controls_2025/arm_control/install/msg_interfaces/include/msg_interfaces/msg_interfaces/msg/drive.hpp
[0.287s] -- Up-to-date: /home/siddhant/irc_rover_controls_2025/arm_control/install/msg_interfaces/include/msg_interfaces/msg_interfaces/msg/arm_end_motion.hpp
[0.287s] -- Up-to-date: /home/siddhant/irc_rover_controls_2025/arm_control/install/msg_interfaces/include/msg_interfaces/msg_interfaces/msg/detail
[0.287s] -- Up-to-date: /home/siddhant/irc_rover_controls_2025/arm_control/install/msg_interfaces/include/msg_interfaces/msg_interfaces/msg/detail/base_motion__type_support.hpp
[0.287s] -- Up-to-date: /home/siddhant/irc_rover_controls_2025/arm_control/install/msg_interfaces/include/msg_interfaces/msg_interfaces/msg/detail/final_vel__struct.hpp
[0.287s] -- Up-to-date: /home/siddhant/irc_rover_controls_2025/arm_control/install/msg_interfaces/include/msg_interfaces/msg_interfaces/msg/detail/drive__struct.hpp
[0.287s] -- Up-to-date: /home/siddhant/irc_rover_controls_2025/arm_control/install/msg_interfaces/include/msg_interfaces/msg_interfaces/msg/detail/drive__traits.hpp
[0.287s] -- Up-to-date: /home/siddhant/irc_rover_controls_2025/arm_control/install/msg_interfaces/include/msg_interfaces/msg_interfaces/msg/detail/arm_angle__struct.hpp
[0.287s] -- Up-to-date: /home/siddhant/irc_rover_controls_2025/arm_control/install/msg_interfaces/include/msg_interfaces/msg_interfaces/msg/detail/encoder_drive__builder.hpp
[0.287s] -- Up-to-date: /home/siddhant/irc_rover_controls_2025/arm_control/install/msg_interfaces/include/msg_interfaces/msg_interfaces/msg/detail/shoulder_joint_velocity__traits.hpp
[0.287s] -- Up-to-date: /home/siddhant/irc_rover_controls_2025/arm_control/install/msg_interfaces/include/msg_interfaces/msg_interfaces/msg/detail/drive__type_support.hpp
[0.287s] -- Up-to-date: /home/siddhant/irc_rover_controls_2025/arm_control/install/msg_interfaces/include/msg_interfaces/msg_interfaces/msg/detail/encoder_arm__struct.hpp
[0.287s] -- Up-to-date: /home/siddhant/irc_rover_controls_2025/arm_control/install/msg_interfaces/include/msg_interfaces/msg_interfaces/msg/detail/base_motion__traits.hpp
[0.287s] -- Up-to-date: /home/siddhant/irc_rover_controls_2025/arm_control/install/msg_interfaces/include/msg_interfaces/msg_interfaces/msg/detail/arm_angle__builder.hpp
[0.287s] -- Up-to-date: /home/siddhant/irc_rover_controls_2025/arm_control/install/msg_interfaces/include/msg_interfaces/msg_interfaces/msg/detail/target_pose__type_support.hpp
[0.287s] -- Up-to-date: /home/siddhant/irc_rover_controls_2025/arm_control/install/msg_interfaces/include/msg_interfaces/msg_interfaces/msg/detail/arm_end_motion__struct.hpp
[0.287s] -- Up-to-date: /home/siddhant/irc_rover_controls_2025/arm_control/install/msg_interfaces/include/msg_interfaces/msg_interfaces/msg/detail/wrist_joint_velocity__builder.hpp
[0.287s] -- Up-to-date: /home/siddhant/irc_rover_controls_2025/arm_control/install/msg_interfaces/include/msg_interfaces/msg_interfaces/msg/detail/target_pose__traits.hpp
[0.287s] -- Up-to-date: /home/siddhant/irc_rover_controls_2025/arm_control/install/msg_interfaces/include/msg_interfaces/msg_interfaces/msg/detail/wrist_joint_velocity__type_support.hpp
[0.287s] -- Up-to-date: /home/siddhant/irc_rover_controls_2025/arm_control/install/msg_interfaces/include/msg_interfaces/msg_interfaces/msg/detail/base_motion__struct.hpp
[0.287s] -- Up-to-date: /home/siddhant/irc_rover_controls_2025/arm_control/install/msg_interfaces/include/msg_interfaces/msg_interfaces/msg/detail/encoder_drive__type_support.hpp
[0.287s] -- Up-to-date: /home/siddhant/irc_rover_controls_2025/arm_control/install/msg_interfaces/include/msg_interfaces/msg_interfaces/msg/detail/final_vel__type_support.hpp
[0.287s] -- Up-to-date: /home/siddhant/irc_rover_controls_2025/arm_control/install/msg_interfaces/include/msg_interfaces/msg_interfaces/msg/detail/drive__builder.hpp
[0.287s] -- Up-to-date: /home/siddhant/irc_rover_controls_2025/arm_control/install/msg_interfaces/include/msg_interfaces/msg_interfaces/msg/detail/encoder_arm__traits.hpp
[0.287s] -- Up-to-date: /home/siddhant/irc_rover_controls_2025/arm_control/install/msg_interfaces/include/msg_interfaces/msg_interfaces/msg/detail/shoulder_joint_velocity__struct.hpp
[0.287s] -- Up-to-date: /home/siddhant/irc_rover_controls_2025/arm_control/install/msg_interfaces/include/msg_interfaces/msg_interfaces/msg/detail/final_vel__traits.hpp
[0.287s] -- Up-to-date: /home/siddhant/irc_rover_controls_2025/arm_control/install/msg_interfaces/include/msg_interfaces/msg_interfaces/msg/detail/arm_angle__traits.hpp
[0.287s] -- Up-to-date: /home/siddhant/irc_rover_controls_2025/arm_control/install/msg_interfaces/include/msg_interfaces/msg_interfaces/msg/detail/encoder_drive__traits.hpp
[0.287s] -- Up-to-date: /home/siddhant/irc_rover_controls_2025/arm_control/install/msg_interfaces/include/msg_interfaces/msg_interfaces/msg/detail/shoulder_joint_velocity__builder.hpp
[0.287s] -- Up-to-date: /home/siddhant/irc_rover_controls_2025/arm_control/install/msg_interfaces/include/msg_interfaces/msg_interfaces/msg/detail/encoder_arm__type_support.hpp
[0.287s] -- Up-to-date: /home/siddhant/irc_rover_controls_2025/arm_control/install/msg_interfaces/include/msg_interfaces/msg_interfaces/msg/detail/base_motion__builder.hpp
[0.287s] -- Up-to-date: /home/siddhant/irc_rover_controls_2025/arm_control/install/msg_interfaces/include/msg_interfaces/msg_interfaces/msg/detail/arm_end_motion__builder.hpp
[0.287s] -- Up-to-date: /home/siddhant/irc_rover_controls_2025/arm_control/install/msg_interfaces/include/msg_interfaces/msg_interfaces/msg/detail/shoulder_joint_velocity__type_support.hpp
[0.288s] -- Up-to-date: /home/siddhant/irc_rover_controls_2025/arm_control/install/msg_interfaces/include/msg_interfaces/msg_interfaces/msg/detail/encoder_drive__struct.hpp
[0.288s] -- Up-to-date: /home/siddhant/irc_rover_controls_2025/arm_control/install/msg_interfaces/include/msg_interfaces/msg_interfaces/msg/detail/wrist_joint_velocity__struct.hpp
[0.288s] -- Up-to-date: /home/siddhant/irc_rover_controls_2025/arm_control/install/msg_interfaces/include/msg_interfaces/msg_interfaces/msg/detail/arm_end_motion__type_support.hpp
[0.288s] -- Up-to-date: /home/siddhant/irc_rover_controls_2025/arm_control/install/msg_interfaces/include/msg_interfaces/msg_interfaces/msg/detail/wrist_joint_velocity__traits.hpp
[0.288s] -- Up-to-date: /home/siddhant/irc_rover_controls_2025/arm_control/install/msg_interfaces/include/msg_interfaces/msg_interfaces/msg/detail/target_pose__builder.hpp
[0.288s] -- Up-to-date: /home/siddhant/irc_rover_controls_2025/arm_control/install/msg_interfaces/include/msg_interfaces/msg_interfaces/msg/detail/final_vel__builder.hpp
[0.288s] -- Up-to-date: /home/siddhant/irc_rover_controls_2025/arm_control/install/msg_interfaces/include/msg_interfaces/msg_interfaces/msg/detail/encoder_arm__builder.hpp
[0.288s] -- Up-to-date: /home/siddhant/irc_rover_controls_2025/arm_control/install/msg_interfaces/include/msg_interfaces/msg_interfaces/msg/detail/target_pose__struct.hpp
[0.288s] -- Up-to-date: /home/siddhant/irc_rover_controls_2025/arm_control/install/msg_interfaces/include/msg_interfaces/msg_interfaces/msg/detail/arm_angle__type_support.hpp
[0.288s] -- Up-to-date: /home/siddhant/irc_rover_controls_2025/arm_control/install/msg_interfaces/include/msg_interfaces/msg_interfaces/msg/detail/arm_end_motion__traits.hpp
[0.288s] -- Up-to-date: /home/siddhant/irc_rover_controls_2025/arm_control/install/msg_interfaces/include/msg_interfaces/msg_interfaces/msg/arm_angle.hpp
[0.288s] -- Up-to-date: /home/siddhant/irc_rover_controls_2025/arm_control/install/msg_interfaces/include/msg_interfaces/msg_interfaces/msg/wrist_joint_velocity.hpp
[0.288s] -- Up-to-date: /home/siddhant/irc_rover_controls_2025/arm_control/install/msg_interfaces/include/msg_interfaces/msg_interfaces/msg/encoder_drive.hpp
[0.288s] -- Up-to-date: /home/siddhant/irc_rover_controls_2025/arm_control/install/msg_interfaces/include/msg_interfaces/msg_interfaces/msg/final_vel.hpp
[0.288s] -- Up-to-date: /home/siddhant/irc_rover_controls_2025/arm_control/install/msg_interfaces/include/msg_interfaces/msg_interfaces
[0.288s] -- Up-to-date: /home/siddhant/irc_rover_controls_2025/arm_control/install/msg_interfaces/include/msg_interfaces/msg_interfaces/msg
[0.288s] -- Up-to-date: /home/siddhant/irc_rover_controls_2025/arm_control/install/msg_interfaces/include/msg_interfaces/msg_interfaces/msg/detail
[0.288s] -- Up-to-date: /home/siddhant/irc_rover_controls_2025/arm_control/install/msg_interfaces/include/msg_interfaces/msg_interfaces/msg/detail/base_motion__rosidl_typesupport_fastrtps_cpp.hpp
[0.288s] -- Up-to-date: /home/siddhant/irc_rover_controls_2025/arm_control/install/msg_interfaces/include/msg_interfaces/msg_interfaces/msg/detail/drive__rosidl_typesupport_fastrtps_cpp.hpp
[0.288s] -- Up-to-date: /home/siddhant/irc_rover_controls_2025/arm_control/install/msg_interfaces/include/msg_interfaces/msg_interfaces/msg/detail/shoulder_joint_velocity__rosidl_typesupport_fastrtps_cpp.hpp
[0.288s] -- Up-to-date: /home/siddhant/irc_rover_controls_2025/arm_control/install/msg_interfaces/include/msg_interfaces/msg_interfaces/msg/detail/final_vel__rosidl_typesupport_fastrtps_cpp.hpp
[0.288s] -- Up-to-date: /home/siddhant/irc_rover_controls_2025/arm_control/install/msg_interfaces/include/msg_interfaces/msg_interfaces/msg/detail/arm_end_motion__rosidl_typesupport_fastrtps_cpp.hpp
[0.288s] -- Up-to-date: /home/siddhant/irc_rover_controls_2025/arm_control/install/msg_interfaces/include/msg_interfaces/msg_interfaces/msg/detail/encoder_arm__rosidl_typesupport_fastrtps_cpp.hpp
[0.288s] -- Up-to-date: /home/siddhant/irc_rover_controls_2025/arm_control/install/msg_interfaces/include/msg_interfaces/msg_interfaces/msg/detail/dds_fastrtps
[0.288s] -- Up-to-date: /home/siddhant/irc_rover_controls_2025/arm_control/install/msg_interfaces/include/msg_interfaces/msg_interfaces/msg/detail/arm_angle__rosidl_typesupport_fastrtps_cpp.hpp
[0.288s] -- Up-to-date: /home/siddhant/irc_rover_controls_2025/arm_control/install/msg_interfaces/include/msg_interfaces/msg_interfaces/msg/detail/target_pose__rosidl_typesupport_fastrtps_cpp.hpp
[0.288s] -- Up-to-date: /home/siddhant/irc_rover_controls_2025/arm_control/install/msg_interfaces/include/msg_interfaces/msg_interfaces/msg/detail/wrist_joint_velocity__rosidl_typesupport_fastrtps_cpp.hpp
[0.288s] -- Up-to-date: /home/siddhant/irc_rover_controls_2025/arm_control/install/msg_interfaces/include/msg_interfaces/msg_interfaces/msg/detail/encoder_drive__rosidl_typesupport_fastrtps_cpp.hpp
[0.288s] -- Up-to-date: /home/siddhant/irc_rover_controls_2025/arm_control/install/msg_interfaces/include/msg_interfaces/msg_interfaces/msg/rosidl_typesupport_fastrtps_cpp__visibility_control.h
[0.288s] -- Up-to-date: /home/siddhant/irc_rover_controls_2025/arm_control/install/msg_interfaces/lib/libmsg_interfaces__rosidl_typesupport_fastrtps_cpp.so
[0.288s] -- Up-to-date: /home/siddhant/irc_rover_controls_2025/arm_control/install/msg_interfaces/include/msg_interfaces/msg_interfaces
[0.288s] -- Up-to-date: /home/siddhant/irc_rover_controls_2025/arm_control/install/msg_interfaces/include/msg_interfaces/msg_interfaces/msg
[0.288s] -- Up-to-date: /home/siddhant/irc_rover_controls_2025/arm_control/install/msg_interfaces/include/msg_interfaces/msg_interfaces/msg/rosidl_typesupport_introspection_c__visibility_control.h
[0.288s] -- Up-to-date: /home/siddhant/irc_rover_controls_2025/arm_control/install/msg_interfaces/include/msg_interfaces/msg_interfaces/msg/detail
[0.288s] -- Up-to-date: /home/siddhant/irc_rover_controls_2025/arm_control/install/msg_interfaces/include/msg_interfaces/msg_interfaces/msg/detail/target_pose__rosidl_typesupport_introspection_c.h
[0.288s] -- Up-to-date: /home/siddhant/irc_rover_controls_2025/arm_control/install/msg_interfaces/include/msg_interfaces/msg_interfaces/msg/detail/encoder_arm__type_support.c
[0.289s] -- Up-to-date: /home/siddhant/irc_rover_controls_2025/arm_control/install/msg_interfaces/include/msg_interfaces/msg_interfaces/msg/detail/drive__rosidl_typesupport_introspection_c.h
[0.289s] -- Up-to-date: /home/siddhant/irc_rover_controls_2025/arm_control/install/msg_interfaces/include/msg_interfaces/msg_interfaces/msg/detail/final_vel__rosidl_typesupport_introspection_c.h
[0.289s] -- Up-to-date: /home/siddhant/irc_rover_controls_2025/arm_control/install/msg_interfaces/include/msg_interfaces/msg_interfaces/msg/detail/encoder_arm__rosidl_typesupport_introspection_c.h
[0.289s] -- Up-to-date: /home/siddhant/irc_rover_controls_2025/arm_control/install/msg_interfaces/include/msg_interfaces/msg_interfaces/msg/detail/arm_angle__rosidl_typesupport_introspection_c.h
[0.289s] -- Up-to-date: /home/siddhant/irc_rover_controls_2025/arm_control/install/msg_interfaces/include/msg_interfaces/msg_interfaces/msg/detail/arm_end_motion__type_support.c
[0.289s] -- Up-to-date: /home/siddhant/irc_rover_controls_2025/arm_control/install/msg_interfaces/include/msg_interfaces/msg_interfaces/msg/detail/base_motion__rosidl_typesupport_introspection_c.h
[0.289s] -- Up-to-date: /home/siddhant/irc_rover_controls_2025/arm_control/install/msg_interfaces/include/msg_interfaces/msg_interfaces/msg/detail/wrist_joint_velocity__rosidl_typesupport_introspection_c.h
[0.289s] -- Up-to-date: /home/siddhant/irc_rover_controls_2025/arm_control/install/msg_interfaces/include/msg_interfaces/msg_interfaces/msg/detail/shoulder_joint_velocity__rosidl_typesupport_introspection_c.h
[0.289s] -- Up-to-date: /home/siddhant/irc_rover_controls_2025/arm_control/install/msg_interfaces/include/msg_interfaces/msg_interfaces/msg/detail/wrist_joint_velocity__type_support.c
[0.289s] -- Up-to-date: /home/siddhant/irc_rover_controls_2025/arm_control/install/msg_interfaces/include/msg_interfaces/msg_interfaces/msg/detail/final_vel__type_support.c
[0.289s] -- Up-to-date: /home/siddhant/irc_rover_controls_2025/arm_control/install/msg_interfaces/include/msg_interfaces/msg_interfaces/msg/detail/target_pose__type_support.c
[0.289s] -- Up-to-date: /home/siddhant/irc_rover_controls_2025/arm_control/install/msg_interfaces/include/msg_interfaces/msg_interfaces/msg/detail/drive__type_support.c
[0.289s] -- Up-to-date: /home/siddhant/irc_rover_controls_2025/arm_control/install/msg_interfaces/include/msg_interfaces/msg_interfaces/msg/detail/shoulder_joint_velocity__type_support.c
[0.289s] -- Up-to-date: /home/siddhant/irc_rover_controls_2025/arm_control/install/msg_interfaces/include/msg_interfaces/msg_interfaces/msg/detail/arm_angle__type_support.c
[0.289s] -- Up-to-date: /home/siddhant/irc_rover_controls_2025/arm_control/install/msg_interfaces/include/msg_interfaces/msg_interfaces/msg/detail/arm_end_motion__rosidl_typesupport_introspection_c.h
[0.289s] -- Up-to-date: /home/siddhant/irc_rover_controls_2025/arm_control/install/msg_interfaces/include/msg_interfaces/msg_interfaces/msg/detail/encoder_drive__rosidl_typesupport_introspection_c.h
[0.289s] -- Up-to-date: /home/siddhant/irc_rover_controls_2025/arm_control/install/msg_interfaces/include/msg_interfaces/msg_interfaces/msg/detail/encoder_drive__type_support.c
[0.289s] -- Up-to-date: /home/siddhant/irc_rover_controls_2025/arm_control/install/msg_interfaces/include/msg_interfaces/msg_interfaces/msg/detail/base_motion__type_support.c
[0.289s] -- Up-to-date: /home/siddhant/irc_rover_controls_2025/arm_control/install/msg_interfaces/lib/libmsg_interfaces__rosidl_typesupport_introspection_c.so
[0.289s] -- Up-to-date: /home/siddhant/irc_rover_controls_2025/arm_control/install/msg_interfaces/lib/libmsg_interfaces__rosidl_typesupport_c.so
[0.289s] -- Up-to-date: /home/siddhant/irc_rover_controls_2025/arm_control/install/msg_interfaces/include/msg_interfaces/msg_interfaces
[0.289s] -- Up-to-date: /home/siddhant/irc_rover_controls_2025/arm_control/install/msg_interfaces/include/msg_interfaces/msg_interfaces/msg
[0.289s] -- Up-to-date: /home/siddhant/irc_rover_controls_2025/arm_control/install/msg_interfaces/include/msg_interfaces/msg_interfaces/msg/detail
[0.289s] -- Up-to-date: /home/siddhant/irc_rover_controls_2025/arm_control/install/msg_interfaces/include/msg_interfaces/msg_interfaces/msg/detail/encoder_drive__type_support.cpp
[0.289s] -- Up-to-date: /home/siddhant/irc_rover_controls_2025/arm_control/install/msg_interfaces/include/msg_interfaces/msg_interfaces/msg/detail/drive__type_support.cpp
[0.289s] -- Up-to-date: /home/siddhant/irc_rover_controls_2025/arm_control/install/msg_interfaces/include/msg_interfaces/msg_interfaces/msg/detail/shoulder_joint_velocity__rosidl_typesupport_introspection_cpp.hpp
[0.289s] -- Up-to-date: /home/siddhant/irc_rover_controls_2025/arm_control/install/msg_interfaces/include/msg_interfaces/msg_interfaces/msg/detail/final_vel__type_support.cpp
[0.289s] -- Up-to-date: /home/siddhant/irc_rover_controls_2025/arm_control/install/msg_interfaces/include/msg_interfaces/msg_interfaces/msg/detail/encoder_arm__rosidl_typesupport_introspection_cpp.hpp
[0.289s] -- Up-to-date: /home/siddhant/irc_rover_controls_2025/arm_control/install/msg_interfaces/include/msg_interfaces/msg_interfaces/msg/detail/arm_end_motion__type_support.cpp
[0.289s] -- Up-to-date: /home/siddhant/irc_rover_controls_2025/arm_control/install/msg_interfaces/include/msg_interfaces/msg_interfaces/msg/detail/arm_angle__rosidl_typesupport_introspection_cpp.hpp
[0.289s] -- Up-to-date: /home/siddhant/irc_rover_controls_2025/arm_control/install/msg_interfaces/include/msg_interfaces/msg_interfaces/msg/detail/arm_end_motion__rosidl_typesupport_introspection_cpp.hpp
[0.289s] -- Up-to-date: /home/siddhant/irc_rover_controls_2025/arm_control/install/msg_interfaces/include/msg_interfaces/msg_interfaces/msg/detail/encoder_arm__type_support.cpp
[0.289s] -- Up-to-date: /home/siddhant/irc_rover_controls_2025/arm_control/install/msg_interfaces/include/msg_interfaces/msg_interfaces/msg/detail/final_vel__rosidl_typesupport_introspection_cpp.hpp
[0.290s] -- Up-to-date: /home/siddhant/irc_rover_controls_2025/arm_control/install/msg_interfaces/include/msg_interfaces/msg_interfaces/msg/detail/base_motion__type_support.cpp
[0.290s] -- Up-to-date: /home/siddhant/irc_rover_controls_2025/arm_control/install/msg_interfaces/include/msg_interfaces/msg_interfaces/msg/detail/drive__rosidl_typesupport_introspection_cpp.hpp
[0.290s] -- Up-to-date: /home/siddhant/irc_rover_controls_2025/arm_control/install/msg_interfaces/include/msg_interfaces/msg_interfaces/msg/detail/encoder_drive__rosidl_typesupport_introspection_cpp.hpp
[0.290s] -- Up-to-date: /home/siddhant/irc_rover_controls_2025/arm_control/install/msg_interfaces/include/msg_interfaces/msg_interfaces/msg/detail/arm_angle__type_support.cpp
[0.290s] -- Up-to-date: /home/siddhant/irc_rover_controls_2025/arm_control/install/msg_interfaces/include/msg_interfaces/msg_interfaces/msg/detail/shoulder_joint_velocity__type_support.cpp
[0.290s] -- Up-to-date: /home/siddhant/irc_rover_controls_2025/arm_control/install/msg_interfaces/include/msg_interfaces/msg_interfaces/msg/detail/base_motion__rosidl_typesupport_introspection_cpp.hpp
[0.290s] -- Up-to-date: /home/siddhant/irc_rover_controls_2025/arm_control/install/msg_interfaces/include/msg_interfaces/msg_interfaces/msg/detail/target_pose__rosidl_typesupport_introspection_cpp.hpp
[0.290s] -- Up-to-date: /home/siddhant/irc_rover_controls_2025/arm_control/install/msg_interfaces/include/msg_interfaces/msg_interfaces/msg/detail/target_pose__type_support.cpp
[0.290s] -- Up-to-date: /home/siddhant/irc_rover_controls_2025/arm_control/install/msg_interfaces/include/msg_interfaces/msg_interfaces/msg/detail/wrist_joint_velocity__rosidl_typesupport_introspection_cpp.hpp
[0.290s] -- Up-to-date: /home/siddhant/irc_rover_controls_2025/arm_control/install/msg_interfaces/include/msg_interfaces/msg_interfaces/msg/detail/wrist_joint_velocity__type_support.cpp
[0.290s] -- Up-to-date: /home/siddhant/irc_rover_controls_2025/arm_control/install/msg_interfaces/lib/libmsg_interfaces__rosidl_typesupport_introspection_cpp.so
[0.290s] -- Up-to-date: /home/siddhant/irc_rover_controls_2025/arm_control/install/msg_interfaces/lib/libmsg_interfaces__rosidl_typesupport_cpp.so
[0.290s] -- Up-to-date: /home/siddhant/irc_rover_controls_2025/arm_control/install/msg_interfaces/share/msg_interfaces/environment/pythonpath.sh
[0.290s] -- Up-to-date: /home/siddhant/irc_rover_controls_2025/arm_control/install/msg_interfaces/share/msg_interfaces/environment/pythonpath.dsv
[0.290s] -- Up-to-date: /home/siddhant/irc_rover_controls_2025/arm_control/install/msg_interfaces/local/lib/python3.10/dist-packages/msg_interfaces-0.0.0-py3.10.egg-info
[0.290s] -- Installing: /home/siddhant/irc_rover_controls_2025/arm_control/install/msg_interfaces/local/lib/python3.10/dist-packages/msg_interfaces-0.0.0-py3.10.egg-info/SOURCES.txt
[0.290s] -- Installing: /home/siddhant/irc_rover_controls_2025/arm_control/install/msg_interfaces/local/lib/python3.10/dist-packages/msg_interfaces-0.0.0-py3.10.egg-info/top_level.txt
[0.290s] -- Installing: /home/siddhant/irc_rover_controls_2025/arm_control/install/msg_interfaces/local/lib/python3.10/dist-packages/msg_interfaces-0.0.0-py3.10.egg-info/PKG-INFO
[0.290s] -- Installing: /home/siddhant/irc_rover_controls_2025/arm_control/install/msg_interfaces/local/lib/python3.10/dist-packages/msg_interfaces-0.0.0-py3.10.egg-info/dependency_links.txt
[0.290s] -- Up-to-date: /home/siddhant/irc_rover_controls_2025/arm_control/install/msg_interfaces/local/lib/python3.10/dist-packages/msg_interfaces
[0.290s] -- Up-to-date: /home/siddhant/irc_rover_controls_2025/arm_control/install/msg_interfaces/local/lib/python3.10/dist-packages/msg_interfaces/_msg_interfaces_s.ep.rosidl_typesupport_fastrtps_c.c
[0.290s] -- Up-to-date: /home/siddhant/irc_rover_controls_2025/arm_control/install/msg_interfaces/local/lib/python3.10/dist-packages/msg_interfaces/_msg_interfaces_s.ep.rosidl_typesupport_introspection_c.c
[0.290s] -- Up-to-date: /home/siddhant/irc_rover_controls_2025/arm_control/install/msg_interfaces/local/lib/python3.10/dist-packages/msg_interfaces/libmsg_interfaces__rosidl_generator_py.so
[0.290s] -- Up-to-date: /home/siddhant/irc_rover_controls_2025/arm_control/install/msg_interfaces/local/lib/python3.10/dist-packages/msg_interfaces/msg_interfaces_s__rosidl_typesupport_fastrtps_c.cpython-310-x86_64-linux-gnu.so
[0.290s] -- Up-to-date: /home/siddhant/irc_rover_controls_2025/arm_control/install/msg_interfaces/local/lib/python3.10/dist-packages/msg_interfaces/__init__.py
[0.290s] -- Up-to-date: /home/siddhant/irc_rover_controls_2025/arm_control/install/msg_interfaces/local/lib/python3.10/dist-packages/msg_interfaces/msg_interfaces_s__rosidl_typesupport_c.cpython-310-x86_64-linux-gnu.so
[0.290s] -- Up-to-date: /home/siddhant/irc_rover_controls_2025/arm_control/install/msg_interfaces/local/lib/python3.10/dist-packages/msg_interfaces/msg
[0.290s] -- Up-to-date: /home/siddhant/irc_rover_controls_2025/arm_control/install/msg_interfaces/local/lib/python3.10/dist-packages/msg_interfaces/msg/_drive_s.c
[0.290s] -- Up-to-date: /home/siddhant/irc_rover_controls_2025/arm_control/install/msg_interfaces/local/lib/python3.10/dist-packages/msg_interfaces/msg/_shoulder_joint_velocity_s.c
[0.290s] -- Up-to-date: /home/siddhant/irc_rover_controls_2025/arm_control/install/msg_interfaces/local/lib/python3.10/dist-packages/msg_interfaces/msg/_wrist_joint_velocity_s.c
[0.290s] -- Up-to-date: /home/siddhant/irc_rover_controls_2025/arm_control/install/msg_interfaces/local/lib/python3.10/dist-packages/msg_interfaces/msg/_encoder_drive_s.c
[0.290s] -- Up-to-date: /home/siddhant/irc_rover_controls_2025/arm_control/install/msg_interfaces/local/lib/python3.10/dist-packages/msg_interfaces/msg/_drive.py
[0.290s] -- Up-to-date: /home/siddhant/irc_rover_controls_2025/arm_control/install/msg_interfaces/local/lib/python3.10/dist-packages/msg_interfaces/msg/_arm_end_motion_s.c
[0.291s] -- Up-to-date: /home/siddhant/irc_rover_controls_2025/arm_control/install/msg_interfaces/local/lib/python3.10/dist-packages/msg_interfaces/msg/_arm_end_motion.py
[0.291s] -- Up-to-date: /home/siddhant/irc_rover_controls_2025/arm_control/install/msg_interfaces/local/lib/python3.10/dist-packages/msg_interfaces/msg/_base_motion.py
[0.291s] -- Up-to-date: /home/siddhant/irc_rover_controls_2025/arm_control/install/msg_interfaces/local/lib/python3.10/dist-packages/msg_interfaces/msg/_encoder_arm_s.c
[0.291s] -- Up-to-date: /home/siddhant/irc_rover_controls_2025/arm_control/install/msg_interfaces/local/lib/python3.10/dist-packages/msg_interfaces/msg/_encoder_drive.py
[0.291s] -- Up-to-date: /home/siddhant/irc_rover_controls_2025/arm_control/install/msg_interfaces/local/lib/python3.10/dist-packages/msg_interfaces/msg/_target_pose_s.c
[0.291s] -- Up-to-date: /home/siddhant/irc_rover_controls_2025/arm_control/install/msg_interfaces/local/lib/python3.10/dist-packages/msg_interfaces/msg/_target_pose.py
[0.291s] -- Up-to-date: /home/siddhant/irc_rover_controls_2025/arm_control/install/msg_interfaces/local/lib/python3.10/dist-packages/msg_interfaces/msg/_encoder_arm.py
[0.291s] -- Up-to-date: /home/siddhant/irc_rover_controls_2025/arm_control/install/msg_interfaces/local/lib/python3.10/dist-packages/msg_interfaces/msg/_final_vel.py
[0.291s] -- Up-to-date: /home/siddhant/irc_rover_controls_2025/arm_control/install/msg_interfaces/local/lib/python3.10/dist-packages/msg_interfaces/msg/_arm_angle_s.c
[0.291s] -- Up-to-date: /home/siddhant/irc_rover_controls_2025/arm_control/install/msg_interfaces/local/lib/python3.10/dist-packages/msg_interfaces/msg/_wrist_joint_velocity.py
[0.291s] -- Up-to-date: /home/siddhant/irc_rover_controls_2025/arm_control/install/msg_interfaces/local/lib/python3.10/dist-packages/msg_interfaces/msg/__init__.py
[0.291s] -- Up-to-date: /home/siddhant/irc_rover_controls_2025/arm_control/install/msg_interfaces/local/lib/python3.10/dist-packages/msg_interfaces/msg/_arm_angle.py
[0.291s] -- Up-to-date: /home/siddhant/irc_rover_controls_2025/arm_control/install/msg_interfaces/local/lib/python3.10/dist-packages/msg_interfaces/msg/_base_motion_s.c
[0.291s] -- Up-to-date: /home/siddhant/irc_rover_controls_2025/arm_control/install/msg_interfaces/local/lib/python3.10/dist-packages/msg_interfaces/msg/_final_vel_s.c
[0.291s] -- Up-to-date: /home/siddhant/irc_rover_controls_2025/arm_control/install/msg_interfaces/local/lib/python3.10/dist-packages/msg_interfaces/msg/_shoulder_joint_velocity.py
[0.291s] -- Up-to-date: /home/siddhant/irc_rover_controls_2025/arm_control/install/msg_interfaces/local/lib/python3.10/dist-packages/msg_interfaces/msg_interfaces_s__rosidl_typesupport_introspection_c.cpython-310-x86_64-linux-gnu.so
[0.291s] -- Up-to-date: /home/siddhant/irc_rover_controls_2025/arm_control/install/msg_interfaces/local/lib/python3.10/dist-packages/msg_interfaces/_msg_interfaces_s.ep.rosidl_typesupport_c.c
[0.323s] Listing '/home/siddhant/irc_rover_controls_2025/arm_control/install/msg_interfaces/local/lib/python3.10/dist-packages/msg_interfaces'...
[0.323s] Listing '/home/siddhant/irc_rover_controls_2025/arm_control/install/msg_interfaces/local/lib/python3.10/dist-packages/msg_interfaces/msg'...
[0.327s] -- Up-to-date: /home/siddhant/irc_rover_controls_2025/arm_control/install/msg_interfaces/local/lib/python3.10/dist-packages/msg_interfaces/msg_interfaces_s__rosidl_typesupport_fastrtps_c.cpython-310-x86_64-linux-gnu.so
[0.328s] -- Up-to-date: /home/siddhant/irc_rover_controls_2025/arm_control/install/msg_interfaces/local/lib/python3.10/dist-packages/msg_interfaces/msg_interfaces_s__rosidl_typesupport_introspection_c.cpython-310-x86_64-linux-gnu.so
[0.328s] -- Up-to-date: /home/siddhant/irc_rover_controls_2025/arm_control/install/msg_interfaces/local/lib/python3.10/dist-packages/msg_interfaces/msg_interfaces_s__rosidl_typesupport_c.cpython-310-x86_64-linux-gnu.so
[0.328s] -- Up-to-date: /home/siddhant/irc_rover_controls_2025/arm_control/install/msg_interfaces/lib/libmsg_interfaces__rosidl_generator_py.so
[0.328s] -- Up-to-date: /home/siddhant/irc_rover_controls_2025/arm_control/install/msg_interfaces/share/msg_interfaces/msg/Drive.idl
[0.329s] -- Up-to-date: /home/siddhant/irc_rover_controls_2025/arm_control/install/msg_interfaces/share/msg_interfaces/msg/ArmEndMotion.idl
[0.329s] -- Up-to-date: /home/siddhant/irc_rover_controls_2025/arm_control/install/msg_interfaces/share/msg_interfaces/msg/EncoderArm.idl
[0.329s] -- Up-to-date: /home/siddhant/irc_rover_controls_2025/arm_control/install/msg_interfaces/share/msg_interfaces/msg/EncoderDrive.idl
[0.329s] -- Up-to-date: /home/siddhant/irc_rover_controls_2025/arm_control/install/msg_interfaces/share/msg_interfaces/msg/ShoulderJointVelocity.idl
[0.329s] -- Up-to-date: /home/siddhant/irc_rover_controls_2025/arm_control/install/msg_interfaces/share/msg_interfaces/msg/WristJointVelocity.idl
[0.329s] -- Up-to-date: /home/siddhant/irc_rover_controls_2025/arm_control/install/msg_interfaces/share/msg_interfaces/msg/BaseMotion.idl
[0.329s] -- Up-to-date: /home/siddhant/irc_rover_controls_2025/arm_control/install/msg_interfaces/share/msg_interfaces/msg/FinalVel.idl
[0.329s] -- Up-to-date: /home/siddhant/irc_rover_controls_2025/arm_control/install/msg_interfaces/share/msg_interfaces/msg/TargetPose.idl
[0.329s] -- Up-to-date: /home/siddhant/irc_rover_controls_2025/arm_control/install/msg_interfaces/share/msg_interfaces/msg/ArmAngle.idl
[0.329s] -- Up-to-date: /home/siddhant/irc_rover_controls_2025/arm_control/install/msg_interfaces/share/msg_interfaces/msg/Drive.msg
[0.330s] -- Up-to-date: /home/siddhant/irc_rover_controls_2025/arm_control/install/msg_interfaces/share/msg_interfaces/msg/ArmEndMotion.msg
[0.330s] -- Up-to-date: /home/siddhant/irc_rover_controls_2025/arm_control/install/msg_interfaces/share/msg_interfaces/msg/EncoderArm.msg
[0.330s] -- Up-to-date: /home/siddhant/irc_rover_controls_2025/arm_control/install/msg_interfaces/share/msg_interfaces/msg/EncoderDrive.msg
[0.330s] -- Up-to-date: /home/siddhant/irc_rover_controls_2025/arm_control/install/msg_interfaces/share/msg_interfaces/msg/ShoulderJointVelocity.msg
[0.330s] -- Up-to-date: /home/siddhant/irc_rover_controls_2025/arm_control/install/msg_interfaces/share/msg_interfaces/msg/WristJointVelocity.msg
[0.330s] -- Up-to-date: /home/siddhant/irc_rover_controls_2025/arm_control/install/msg_interfaces/share/msg_interfaces/msg/BaseMotion.msg
[0.330s] -- Up-to-date: /home/siddhant/irc_rover_controls_2025/arm_control/install/msg_interfaces/share/msg_interfaces/msg/FinalVel.msg
[0.330s] -- Up-to-date: /home/siddhant/irc_rover_controls_2025/arm_control/install/msg_interfaces/share/msg_interfaces/msg/TargetPose.msg
[0.330s] -- Up-to-date: /home/siddhant/irc_rover_controls_2025/arm_control/install/msg_interfaces/share/msg_interfaces/msg/ArmAngle.msg
[0.330s] -- Up-to-date: /home/siddhant/irc_rover_controls_2025/arm_control/install/msg_interfaces/share/ament_index/resource_index/package_run_dependencies/msg_interfaces
[0.330s] -- Up-to-date: /home/siddhant/irc_rover_controls_2025/arm_control/install/msg_interfaces/share/ament_index/resource_index/parent_prefix_path/msg_interfaces
[0.330s] -- Up-to-date: /home/siddhant/irc_rover_controls_2025/arm_control/install/msg_interfaces/share/msg_interfaces/environment/ament_prefix_path.sh
[0.330s] -- Up-to-date: /home/siddhant/irc_rover_controls_2025/arm_control/install/msg_interfaces/share/msg_interfaces/environment/ament_prefix_path.dsv
[0.330s] -- Up-to-date: /home/siddhant/irc_rover_controls_2025/arm_control/install/msg_interfaces/share/msg_interfaces/environment/path.sh
[0.331s] -- Up-to-date: /home/siddhant/irc_rover_controls_2025/arm_control/install/msg_interfaces/share/msg_interfaces/environment/path.dsv
[0.331s] -- Up-to-date: /home/siddhant/irc_rover_controls_2025/arm_control/install/msg_interfaces/share/msg_interfaces/local_setup.bash
[0.331s] -- Up-to-date: /home/siddhant/irc_rover_controls_2025/arm_control/install/msg_interfaces/share/msg_interfaces/local_setup.sh
[0.331s] -- Up-to-date: /home/siddhant/irc_rover_controls_2025/arm_control/install/msg_interfaces/share/msg_interfaces/local_setup.zsh
[0.331s] -- Up-to-date: /home/siddhant/irc_rover_controls_2025/arm_control/install/msg_interfaces/share/msg_interfaces/local_setup.dsv
[0.331s] -- Installing: /home/siddhant/irc_rover_controls_2025/arm_control/install/msg_interfaces/share/msg_interfaces/package.dsv
[0.331s] -- Up-to-date: /home/siddhant/irc_rover_controls_2025/arm_control/install/msg_interfaces/share/ament_index/resource_index/packages/msg_interfaces
[0.331s] -- Up-to-date: /home/siddhant/irc_rover_controls_2025/arm_control/install/msg_interfaces/share/msg_interfaces/cmake/export_msg_interfaces__rosidl_generator_cExport.cmake
[0.331s] -- Up-to-date: /home/siddhant/irc_rover_controls_2025/arm_control/install/msg_interfaces/share/msg_interfaces/cmake/export_msg_interfaces__rosidl_generator_cExport-noconfig.cmake
[0.331s] -- Up-to-date: /home/siddhant/irc_rover_controls_2025/arm_control/install/msg_interfaces/share/msg_interfaces/cmake/export_msg_interfaces__rosidl_typesupport_fastrtps_cExport.cmake
[0.331s] -- Up-to-date: /home/siddhant/irc_rover_controls_2025/arm_control/install/msg_interfaces/share/msg_interfaces/cmake/export_msg_interfaces__rosidl_typesupport_fastrtps_cExport-noconfig.cmake
[0.331s] -- Up-to-date: /home/siddhant/irc_rover_controls_2025/arm_control/install/msg_interfaces/share/msg_interfaces/cmake/export_msg_interfaces__rosidl_generator_cppExport.cmake
[0.331s] -- Up-to-date: /home/siddhant/irc_rover_controls_2025/arm_control/install/msg_interfaces/share/msg_interfaces/cmake/export_msg_interfaces__rosidl_typesupport_fastrtps_cppExport.cmake
[0.331s] -- Up-to-date: /home/siddhant/irc_rover_controls_2025/arm_control/install/msg_interfaces/share/msg_interfaces/cmake/export_msg_interfaces__rosidl_typesupport_fastrtps_cppExport-noconfig.cmake
[0.332s] -- Up-to-date: /home/siddhant/irc_rover_controls_2025/arm_control/install/msg_interfaces/share/msg_interfaces/cmake/msg_interfaces__rosidl_typesupport_introspection_cExport.cmake
[0.332s] -- Up-to-date: /home/siddhant/irc_rover_controls_2025/arm_control/install/msg_interfaces/share/msg_interfaces/cmake/msg_interfaces__rosidl_typesupport_introspection_cExport-noconfig.cmake
[0.332s] -- Up-to-date: /home/siddhant/irc_rover_controls_2025/arm_control/install/msg_interfaces/share/msg_interfaces/cmake/msg_interfaces__rosidl_typesupport_cExport.cmake
[0.332s] -- Up-to-date: /home/siddhant/irc_rover_controls_2025/arm_control/install/msg_interfaces/share/msg_interfaces/cmake/msg_interfaces__rosidl_typesupport_cExport-noconfig.cmake
[0.332s] -- Up-to-date: /home/siddhant/irc_rover_controls_2025/arm_control/install/msg_interfaces/share/msg_interfaces/cmake/msg_interfaces__rosidl_typesupport_introspection_cppExport.cmake
[0.332s] -- Up-to-date: /home/siddhant/irc_rover_controls_2025/arm_control/install/msg_interfaces/share/msg_interfaces/cmake/msg_interfaces__rosidl_typesupport_introspection_cppExport-noconfig.cmake
[0.332s] -- Up-to-date: /home/siddhant/irc_rover_controls_2025/arm_control/install/msg_interfaces/share/msg_interfaces/cmake/msg_interfaces__rosidl_typesupport_cppExport.cmake
[0.332s] -- Up-to-date: /home/siddhant/irc_rover_controls_2025/arm_control/install/msg_interfaces/share/msg_interfaces/cmake/msg_interfaces__rosidl_typesupport_cppExport-noconfig.cmake
[0.332s] -- Up-to-date: /home/siddhant/irc_rover_controls_2025/arm_control/install/msg_interfaces/share/msg_interfaces/cmake/export_msg_interfaces__rosidl_generator_pyExport.cmake
[0.332s] -- Up-to-date: /home/siddhant/irc_rover_controls_2025/arm_control/install/msg_interfaces/share/msg_interfaces/cmake/export_msg_interfaces__rosidl_generator_pyExport-noconfig.cmake
[0.332s] -- Up-to-date: /home/siddhant/irc_rover_controls_2025/arm_control/install/msg_interfaces/share/msg_interfaces/cmake/rosidl_cmake-extras.cmake
[0.332s] -- Up-to-date: /home/siddhant/irc_rover_controls_2025/arm_control/install/msg_interfaces/share/msg_interfaces/cmake/ament_cmake_export_dependencies-extras.cmake
[0.332s] -- Up-to-date: /home/siddhant/irc_rover_controls_2025/arm_control/install/msg_interfaces/share/msg_interfaces/cmake/ament_cmake_export_include_directories-extras.cmake
[0.332s] -- Up-to-date: /home/siddhant/irc_rover_controls_2025/arm_control/install/msg_interfaces/share/msg_interfaces/cmake/ament_cmake_export_libraries-extras.cmake
[0.332s] -- Up-to-date: /home/siddhant/irc_rover_controls_2025/arm_control/install/msg_interfaces/share/msg_interfaces/cmake/ament_cmake_export_targets-extras.cmake
[0.332s] -- Up-to-date: /home/siddhant/irc_rover_controls_2025/arm_control/install/msg_interfaces/share/msg_interfaces/cmake/rosidl_cmake_export_typesupport_targets-extras.cmake
[0.332s] -- Up-to-date: /home/siddhant/irc_rover_controls_2025/arm_control/install/msg_interfaces/share/msg_interfaces/cmake/rosidl_cmake_export_typesupport_libraries-extras.cmake
[0.332s] -- Up-to-date: /home/siddhant/irc_rover_controls_2025/arm_control/install/msg_interfaces/share/msg_interfaces/cmake/msg_interfacesConfig.cmake
[0.332s] -- Up-to-date: /home/siddhant/irc_rover_controls_2025/arm_control/install/msg_interfaces/share/msg_interfaces/cmake/msg_interfacesConfig-version.cmake
[0.332s] -- Up-to-date: /home/siddhant/irc_rover_controls_2025/arm_control/install/msg_interfaces/share/msg_interfaces/package.xml
[0.334s] Invoked command in '/home/siddhant/irc_rover_controls_2025/arm_control/build/msg_interfaces' returned '0': CMAKE_PREFIX_PATH=/opt/ros/humble /usr/bin/cmake --install /home/siddhant/irc_rover_controls_2025/arm_control/build/msg_interfaces
