[0.242s] Invoking command in '/home/sudhindra/irc/drive_control/build/msg_interfaces': CMAKE_PREFIX_PATH=${CMAKE_PREFIX_PATH}:/opt/ros/humble /usr/bin/cmake --build /home/sudhindra/irc/drive_control/build/msg_interfaces -- -j8 -l8
[0.247s] [0mCMake Error: The current CMakeCache.txt directory /home/sudhindra/irc/drive_control/build/msg_interfaces/CMakeCache.txt is different than the directory /home/sudhindra/irc_2025/drive_control/build/msg_interfaces where CMakeCache.txt was created. This may result in binaries being created in the wrong place. If you are not sure, reedit the CMakeCache.txt[0m
[0.261s] -- Found ament_cmake: 1.3.10 (/opt/ros/humble/share/ament_cmake/cmake)
[0.365s] -- Found geometry_msgs: 4.2.4 (/opt/ros/humble/share/geometry_msgs/cmake)
[0.385s] -- Found rosidl_generator_c: 3.1.5 (/opt/ros/humble/share/rosidl_generator_c/cmake)
[0.387s] -- Found rosidl_adapter: 3.1.5 (/opt/ros/humble/share/rosidl_adapter/cmake)
[0.392s] -- Found rosidl_generator_cpp: 3.1.5 (/opt/ros/humble/share/rosidl_generator_cpp/cmake)
[0.400s] -- Using all available rosidl_typesupport_c: rosidl_typesupport_fastrtps_c;rosidl_typesupport_introspection_c
[0.410s] -- Using all available rosidl_typesupport_cpp: rosidl_typesupport_fastrtps_cpp;rosidl_typesupport_introspection_cpp
[0.444s] -- Found rosidl_default_generators: 1.2.0 (/opt/ros/humble/share/rosidl_default_generators/cmake)
[0.700s] -- Found ament_cmake_ros: 0.10.0 (/opt/ros/humble/share/ament_cmake_ros/cmake)
[1.039s] -- Using all available rosidl_typesupport_c: rosidl_typesupport_fastrtps_c;rosidl_typesupport_introspection_c
[1.163s] -- Using all available rosidl_typesupport_cpp: rosidl_typesupport_fastrtps_cpp;rosidl_typesupport_introspection_cpp
[1.180s] -- Found python_cmake_module: 0.10.0 (/opt/ros/humble/share/python_cmake_module/cmake)
[1.198s] -- Using PYTHON_EXECUTABLE: /usr/bin/python3
[1.198s] -- Using PYTHON_INCLUDE_DIRS: /usr/include/python3.10
[1.198s] -- Using PYTHON_LIBRARIES: /usr/lib/x86_64-linux-gnu/libpython3.10.so
[1.228s] -- Found ament_lint_auto: 0.12.11 (/opt/ros/humble/share/ament_lint_auto/cmake)
[1.235s] -- Added test 'lint_cmake' to check CMake code style
[1.236s] -- Added test 'xmllint' to check XML markup files
[1.238s] -- Configuring done
[1.271s] -- Generating done
[1.273s] -- Build files have been written to: /home/sudhindra/irc_2025/drive_control/build/msg_interfaces
[1.316s] [  0%] Built target ament_cmake_python_copy_msg_interfaces
[1.333s] [  1%] Built target msg_interfaces__cpp
[1.340s] [35m[1mConsolidate compiler generated dependencies of target msg_interfaces__rosidl_generator_c[0m
[1.344s] [35m[1mConsolidate compiler generated dependencies of target msg_interfaces__rosidl_typesupport_introspection_cpp[0m
[1.344s] [35m[1mConsolidate compiler generated dependencies of target msg_interfaces__rosidl_typesupport_fastrtps_cpp[0m
[1.346s] [35m[1mConsolidate compiler generated dependencies of target msg_interfaces__rosidl_typesupport_cpp[0m
[1.356s] [  5%] [32mBuilding C object CMakeFiles/msg_interfaces__rosidl_generator_c.dir/rosidl_generator_c/msg_interfaces/msg/detail/arm_end_motion__functions.c.o[0m
[1.356s] [  5%] [32mBuilding C object CMakeFiles/msg_interfaces__rosidl_generator_c.dir/rosidl_generator_c/msg_interfaces/msg/detail/cam_drive__functions.c.o[0m
[1.356s] [  5%] [32mBuilding C object CMakeFiles/msg_interfaces__rosidl_generator_c.dir/rosidl_generator_c/msg_interfaces/msg/detail/drive__functions.c.o[0m
[1.357s] [  7%] [32mBuilding C object CMakeFiles/msg_interfaces__rosidl_generator_c.dir/rosidl_generator_c/msg_interfaces/msg/detail/motor_six__functions.c.o[0m
[1.361s] [  8%] [32mBuilding CXX object CMakeFiles/msg_interfaces__rosidl_typesupport_introspection_cpp.dir/rosidl_typesupport_introspection_cpp/msg_interfaces/msg/detail/drive__type_support.cpp.o[0m
[1.363s] [  9%] [32mBuilding CXX object CMakeFiles/msg_interfaces__rosidl_typesupport_fastrtps_cpp.dir/rosidl_typesupport_fastrtps_cpp/msg_interfaces/msg/detail/dds_fastrtps/drive__type_support.cpp.o[0m
[1.367s] [ 11%] [32mBuilding CXX object CMakeFiles/msg_interfaces__rosidl_typesupport_cpp.dir/rosidl_typesupport_cpp/msg_interfaces/msg/drive__type_support.cpp.o[0m
[1.425s] [ 12%] [32mBuilding CXX object CMakeFiles/msg_interfaces__rosidl_typesupport_cpp.dir/rosidl_typesupport_cpp/msg_interfaces/msg/cam_drive__type_support.cpp.o[0m
[1.432s] [ 14%] [32mBuilding CXX object CMakeFiles/msg_interfaces__rosidl_typesupport_fastrtps_cpp.dir/rosidl_typesupport_fastrtps_cpp/msg_interfaces/msg/detail/dds_fastrtps/arm_end_motion__type_support.cpp.o[0m
[1.443s] [ 15%] [32mBuilding CXX object CMakeFiles/msg_interfaces__rosidl_typesupport_fastrtps_cpp.dir/rosidl_typesupport_fastrtps_cpp/msg_interfaces/msg/detail/dds_fastrtps/cam_drive__type_support.cpp.o[0m
[1.443s] [ 16%] [32mBuilding C object CMakeFiles/msg_interfaces__rosidl_generator_c.dir/rosidl_generator_c/msg_interfaces/msg/detail/encoder_arm__functions.c.o[0m
[1.530s] [ 18%] [32mBuilding C object CMakeFiles/msg_interfaces__rosidl_generator_c.dir/rosidl_generator_c/msg_interfaces/msg/detail/encoder_drive__functions.c.o[0m
[1.632s] [ 19%] [32m[1mLinking C shared library libmsg_interfaces__rosidl_generator_c.so[0m
[1.732s] [ 21%] Built target msg_interfaces__rosidl_generator_c
[1.754s] [ 22%] [32mBuilding CXX object CMakeFiles/msg_interfaces__rosidl_typesupport_fastrtps_cpp.dir/rosidl_typesupport_fastrtps_cpp/msg_interfaces/msg/detail/dds_fastrtps/motor_six__type_support.cpp.o[0m
[1.831s] running egg_info
[1.831s] writing msg_interfaces.egg-info/PKG-INFO
[1.833s] [ 23%] [32mBuilding CXX object CMakeFiles/msg_interfaces__rosidl_typesupport_cpp.dir/rosidl_typesupport_cpp/msg_interfaces/msg/arm_end_motion__type_support.cpp.o[0m
[1.833s] writing dependency_links to msg_interfaces.egg-info/dependency_links.txt
[1.834s] writing top-level names to msg_interfaces.egg-info/top_level.txt
[1.841s] reading manifest file 'msg_interfaces.egg-info/SOURCES.txt'
[1.841s] writing manifest file 'msg_interfaces.egg-info/SOURCES.txt'
[1.883s] [35m[1mConsolidate compiler generated dependencies of target msg_interfaces__rosidl_typesupport_fastrtps_c[0m
[1.886s] [ 23%] Built target ament_cmake_python_build_msg_interfaces_egg
[1.907s] [ 25%] [32mBuilding CXX object CMakeFiles/msg_interfaces__rosidl_typesupport_cpp.dir/rosidl_typesupport_cpp/msg_interfaces/msg/motor_six__type_support.cpp.o[0m
[1.911s] [ 26%] [32mBuilding CXX object CMakeFiles/msg_interfaces__rosidl_typesupport_fastrtps_c.dir/rosidl_typesupport_fastrtps_c/msg_interfaces/msg/detail/drive__type_support_c.cpp.o[0m
[2.082s] [ 28%] [32mBuilding CXX object CMakeFiles/msg_interfaces__rosidl_typesupport_introspection_cpp.dir/rosidl_typesupport_introspection_cpp/msg_interfaces/msg/detail/cam_drive__type_support.cpp.o[0m
[2.140s] [ 29%] [32mBuilding CXX object CMakeFiles/msg_interfaces__rosidl_typesupport_cpp.dir/rosidl_typesupport_cpp/msg_interfaces/msg/encoder_arm__type_support.cpp.o[0m
[2.152s] [ 30%] [32mBuilding CXX object CMakeFiles/msg_interfaces__rosidl_typesupport_fastrtps_c.dir/rosidl_typesupport_fastrtps_c/msg_interfaces/msg/detail/cam_drive__type_support_c.cpp.o[0m
[2.159s] [ 32%] [32mBuilding CXX object CMakeFiles/msg_interfaces__rosidl_typesupport_fastrtps_c.dir/rosidl_typesupport_fastrtps_c/msg_interfaces/msg/detail/arm_end_motion__type_support_c.cpp.o[0m
[2.257s] [ 33%] [32mBuilding CXX object CMakeFiles/msg_interfaces__rosidl_typesupport_fastrtps_c.dir/rosidl_typesupport_fastrtps_c/msg_interfaces/msg/detail/motor_six__type_support_c.cpp.o[0m
[2.320s] [ 35%] [32mBuilding CXX object CMakeFiles/msg_interfaces__rosidl_typesupport_fastrtps_c.dir/rosidl_typesupport_fastrtps_c/msg_interfaces/msg/detail/encoder_arm__type_support_c.cpp.o[0m
[2.422s] [ 36%] [32mBuilding CXX object CMakeFiles/msg_interfaces__rosidl_typesupport_cpp.dir/rosidl_typesupport_cpp/msg_interfaces/msg/encoder_drive__type_support.cpp.o[0m
[2.434s] [ 38%] [32mBuilding CXX object CMakeFiles/msg_interfaces__rosidl_typesupport_fastrtps_cpp.dir/rosidl_typesupport_fastrtps_cpp/msg_interfaces/msg/detail/dds_fastrtps/encoder_arm__type_support.cpp.o[0m
[2.541s] [ 39%] [32mBuilding CXX object CMakeFiles/msg_interfaces__rosidl_typesupport_fastrtps_c.dir/rosidl_typesupport_fastrtps_c/msg_interfaces/msg/detail/encoder_drive__type_support_c.cpp.o[0m
[2.660s] [ 40%] [32mBuilding CXX object CMakeFiles/msg_interfaces__rosidl_typesupport_introspection_cpp.dir/rosidl_typesupport_introspection_cpp/msg_interfaces/msg/detail/arm_end_motion__type_support.cpp.o[0m
[2.673s] [35m[1mConsolidate compiler generated dependencies of target msg_interfaces__rosidl_typesupport_introspection_c[0m
[2.674s] [ 42%] [32mBuilding CXX object CMakeFiles/msg_interfaces__rosidl_typesupport_fastrtps_cpp.dir/rosidl_typesupport_fastrtps_cpp/msg_interfaces/msg/detail/dds_fastrtps/encoder_drive__type_support.cpp.o[0m
[2.689s] [ 43%] [32mBuilding C object CMakeFiles/msg_interfaces__rosidl_typesupport_introspection_c.dir/rosidl_typesupport_introspection_c/msg_interfaces/msg/detail/drive__type_support.c.o[0m
[2.742s] [ 45%] [32mBuilding C object CMakeFiles/msg_interfaces__rosidl_typesupport_introspection_c.dir/rosidl_typesupport_introspection_c/msg_interfaces/msg/detail/cam_drive__type_support.c.o[0m
[2.789s] [ 46%] [32mBuilding C object CMakeFiles/msg_interfaces__rosidl_typesupport_introspection_c.dir/rosidl_typesupport_introspection_c/msg_interfaces/msg/detail/arm_end_motion__type_support.c.o[0m
[2.803s] [ 47%] [32mBuilding CXX object CMakeFiles/msg_interfaces__rosidl_typesupport_introspection_cpp.dir/rosidl_typesupport_introspection_cpp/msg_interfaces/msg/detail/motor_six__type_support.cpp.o[0m
[2.816s] [ 49%] [32m[1mLinking CXX shared library libmsg_interfaces__rosidl_typesupport_cpp.so[0m
[2.837s] [ 50%] [32mBuilding C object CMakeFiles/msg_interfaces__rosidl_typesupport_introspection_c.dir/rosidl_typesupport_introspection_c/msg_interfaces/msg/detail/motor_six__type_support.c.o[0m
[2.868s] [35m[1mConsolidate compiler generated dependencies of target msg_interfaces__rosidl_typesupport_c[0m
[2.875s] [ 52%] Built target msg_interfaces__rosidl_typesupport_cpp
[2.884s] [ 56%] [32mBuilding CXX object CMakeFiles/msg_interfaces__rosidl_typesupport_introspection_cpp.dir/rosidl_typesupport_introspection_cpp/msg_interfaces/msg/detail/encoder_arm__type_support.cpp.o[0m
[2.884s] [ 56%] [32mBuilding CXX object CMakeFiles/msg_interfaces__rosidl_typesupport_c.dir/rosidl_typesupport_c/msg_interfaces/msg/drive__type_support.cpp.o[0m
[2.884s] [ 56%] [32mBuilding C object CMakeFiles/msg_interfaces__rosidl_typesupport_introspection_c.dir/rosidl_typesupport_introspection_c/msg_interfaces/msg/detail/encoder_arm__type_support.c.o[0m
[2.924s] [ 57%] [32mBuilding CXX object CMakeFiles/msg_interfaces__rosidl_typesupport_c.dir/rosidl_typesupport_c/msg_interfaces/msg/cam_drive__type_support.cpp.o[0m
[2.953s] [ 59%] [32mBuilding C object CMakeFiles/msg_interfaces__rosidl_typesupport_introspection_c.dir/rosidl_typesupport_introspection_c/msg_interfaces/msg/detail/encoder_drive__type_support.c.o[0m
[2.972s] [ 60%] [32mBuilding CXX object CMakeFiles/msg_interfaces__rosidl_typesupport_c.dir/rosidl_typesupport_c/msg_interfaces/msg/arm_end_motion__type_support.cpp.o[0m
[3.014s] [ 61%] [32mBuilding CXX object CMakeFiles/msg_interfaces__rosidl_typesupport_c.dir/rosidl_typesupport_c/msg_interfaces/msg/motor_six__type_support.cpp.o[0m
[3.021s] [ 63%] [32m[1mLinking C shared library libmsg_interfaces__rosidl_typesupport_introspection_c.so[0m
[3.063s] [ 64%] [32mBuilding CXX object CMakeFiles/msg_interfaces__rosidl_typesupport_c.dir/rosidl_typesupport_c/msg_interfaces/msg/encoder_arm__type_support.cpp.o[0m
[3.073s] [ 66%] Built target msg_interfaces__rosidl_typesupport_introspection_c
[3.078s] [ 67%] [32m[1mLinking CXX shared library libmsg_interfaces__rosidl_typesupport_fastrtps_c.so[0m
[3.085s] [ 69%] [32mBuilding CXX object CMakeFiles/msg_interfaces__rosidl_typesupport_introspection_cpp.dir/rosidl_typesupport_introspection_cpp/msg_interfaces/msg/detail/encoder_drive__type_support.cpp.o[0m
[3.102s] [ 70%] [32mBuilding CXX object CMakeFiles/msg_interfaces__rosidl_typesupport_c.dir/rosidl_typesupport_c/msg_interfaces/msg/encoder_drive__type_support.cpp.o[0m
[3.144s] [ 71%] [32m[1mLinking CXX shared library libmsg_interfaces__rosidl_typesupport_c.so[0m
[3.205s] [ 73%] Built target msg_interfaces__rosidl_typesupport_c
[3.211s] [ 74%] Built target msg_interfaces__rosidl_typesupport_fastrtps_c
[3.314s] [ 76%] [32m[1mLinking CXX shared library libmsg_interfaces__rosidl_typesupport_fastrtps_cpp.so[0m
[3.391s] [ 77%] Built target msg_interfaces__rosidl_typesupport_fastrtps_cpp
[3.526s] [ 78%] [32m[1mLinking CXX shared library libmsg_interfaces__rosidl_typesupport_introspection_cpp.so[0m
[3.590s] [ 80%] Built target msg_interfaces__rosidl_typesupport_introspection_cpp
[3.603s] [ 80%] Built target msg_interfaces
[3.617s] [ 81%] Built target msg_interfaces__py
[3.625s] [35m[1mConsolidate compiler generated dependencies of target msg_interfaces__rosidl_generator_py[0m
[3.638s] [ 84%] [32mBuilding C object CMakeFiles/msg_interfaces__rosidl_generator_py.dir/rosidl_generator_py/msg_interfaces/msg/_encoder_drive_s.c.o[0m
[3.638s] [ 84%] [32mBuilding C object CMakeFiles/msg_interfaces__rosidl_generator_py.dir/rosidl_generator_py/msg_interfaces/msg/_cam_drive_s.c.o[0m
[3.638s] [ 85%] [32mBuilding C object CMakeFiles/msg_interfaces__rosidl_generator_py.dir/rosidl_generator_py/msg_interfaces/msg/_drive_s.c.o[0m
[3.639s] [ 87%] [32mBuilding C object CMakeFiles/msg_interfaces__rosidl_generator_py.dir/rosidl_generator_py/msg_interfaces/msg/_arm_end_motion_s.c.o[0m
[3.639s] [ 90%] [32mBuilding C object CMakeFiles/msg_interfaces__rosidl_generator_py.dir/rosidl_generator_py/msg_interfaces/msg/_encoder_arm_s.c.o[0m
[3.639s] [ 90%] [32mBuilding C object CMakeFiles/msg_interfaces__rosidl_generator_py.dir/rosidl_generator_py/msg_interfaces/msg/_motor_six_s.c.o[0m
[3.817s] [ 91%] [32m[1mLinking C shared library rosidl_generator_py/msg_interfaces/libmsg_interfaces__rosidl_generator_py.so[0m
[3.848s] [ 91%] Built target msg_interfaces__rosidl_generator_py
[3.856s] [35m[1mConsolidate compiler generated dependencies of target msg_interfaces__rosidl_typesupport_fastrtps_c__pyext[0m
[3.856s] [35m[1mConsolidate compiler generated dependencies of target msg_interfaces__rosidl_typesupport_c__pyext[0m
[3.856s] [35m[1mConsolidate compiler generated dependencies of target msg_interfaces__rosidl_typesupport_introspection_c__pyext[0m
[3.865s] [ 95%] [32mBuilding C object CMakeFiles/msg_interfaces__rosidl_typesupport_fastrtps_c__pyext.dir/rosidl_generator_py/msg_interfaces/_msg_interfaces_s.ep.rosidl_typesupport_fastrtps_c.c.o[0m
[3.865s] [ 95%] [32mBuilding C object CMakeFiles/msg_interfaces__rosidl_typesupport_c__pyext.dir/rosidl_generator_py/msg_interfaces/_msg_interfaces_s.ep.rosidl_typesupport_c.c.o[0m
[3.865s] [ 95%] [32mBuilding C object CMakeFiles/msg_interfaces__rosidl_typesupport_introspection_c__pyext.dir/rosidl_generator_py/msg_interfaces/_msg_interfaces_s.ep.rosidl_typesupport_introspection_c.c.o[0m
[3.965s] [ 97%] [32m[1mLinking C shared library rosidl_generator_py/msg_interfaces/msg_interfaces_s__rosidl_typesupport_introspection_c.cpython-310-x86_64-linux-gnu.so[0m
[3.966s] [ 98%] [32m[1mLinking C shared library rosidl_generator_py/msg_interfaces/msg_interfaces_s__rosidl_typesupport_c.cpython-310-x86_64-linux-gnu.so[0m
[3.967s] [100%] [32m[1mLinking C shared library rosidl_generator_py/msg_interfaces/msg_interfaces_s__rosidl_typesupport_fastrtps_c.cpython-310-x86_64-linux-gnu.so[0m
[4.002s] [100%] Built target msg_interfaces__rosidl_typesupport_c__pyext
[4.002s] [100%] Built target msg_interfaces__rosidl_typesupport_introspection_c__pyext
[4.002s] [100%] Built target msg_interfaces__rosidl_typesupport_fastrtps_c__pyext
[4.011s] Invoked command in '/home/sudhindra/irc/drive_control/build/msg_interfaces' returned '0': CMAKE_PREFIX_PATH=${CMAKE_PREFIX_PATH}:/opt/ros/humble /usr/bin/cmake --build /home/sudhindra/irc/drive_control/build/msg_interfaces -- -j8 -l8
[4.113s] Invoking command in '/home/sudhindra/irc/drive_control/build/msg_interfaces': CMAKE_PREFIX_PATH=${CMAKE_PREFIX_PATH}:/opt/ros/humble /usr/bin/cmake --install /home/sudhindra/irc/drive_control/build/msg_interfaces
[4.119s] -- Install configuration: ""
[4.119s] -- Up-to-date: /home/sudhindra/irc_2025/drive_control/install/msg_interfaces/share/ament_index/resource_index/rosidl_interfaces/msg_interfaces
[4.119s] -- Up-to-date: /home/sudhindra/irc_2025/drive_control/install/msg_interfaces/include/msg_interfaces/msg_interfaces
[4.119s] -- Up-to-date: /home/sudhindra/irc_2025/drive_control/install/msg_interfaces/include/msg_interfaces/msg_interfaces/msg
[4.119s] -- Up-to-date: /home/sudhindra/irc_2025/drive_control/install/msg_interfaces/include/msg_interfaces/msg_interfaces/msg/arm_end_motion.h
[4.119s] -- Up-to-date: /home/sudhindra/irc_2025/drive_control/install/msg_interfaces/include/msg_interfaces/msg_interfaces/msg/encoder_drive.h
[4.119s] -- Up-to-date: /home/sudhindra/irc_2025/drive_control/install/msg_interfaces/include/msg_interfaces/msg_interfaces/msg/motor_six.h
[4.120s] -- Up-to-date: /home/sudhindra/irc_2025/drive_control/install/msg_interfaces/include/msg_interfaces/msg_interfaces/msg/encoder_arm.h
[4.120s] -- Up-to-date: /home/sudhindra/irc_2025/drive_control/install/msg_interfaces/include/msg_interfaces/msg_interfaces/msg/detail
[4.120s] -- Up-to-date: /home/sudhindra/irc_2025/drive_control/install/msg_interfaces/include/msg_interfaces/msg_interfaces/msg/detail/cam_drive__functions.h
[4.120s] -- Up-to-date: /home/sudhindra/irc_2025/drive_control/install/msg_interfaces/include/msg_interfaces/msg_interfaces/msg/detail/motor_six__functions.h
[4.120s] -- Up-to-date: /home/sudhindra/irc_2025/drive_control/install/msg_interfaces/include/msg_interfaces/msg_interfaces/msg/detail/encoder_drive__struct.h
[4.120s] -- Up-to-date: /home/sudhindra/irc_2025/drive_control/install/msg_interfaces/include/msg_interfaces/msg_interfaces/msg/detail/encoder_drive__functions.h
[4.120s] -- Up-to-date: /home/sudhindra/irc_2025/drive_control/install/msg_interfaces/include/msg_interfaces/msg_interfaces/msg/detail/encoder_arm__functions.c
[4.120s] -- Up-to-date: /home/sudhindra/irc_2025/drive_control/install/msg_interfaces/include/msg_interfaces/msg_interfaces/msg/detail/cam_drive__functions.c
[4.120s] -- Up-to-date: /home/sudhindra/irc_2025/drive_control/install/msg_interfaces/include/msg_interfaces/msg_interfaces/msg/detail/motor_six__struct.h
[4.120s] -- Up-to-date: /home/sudhindra/irc_2025/drive_control/install/msg_interfaces/include/msg_interfaces/msg_interfaces/msg/detail/arm_end_motion__functions.h
[4.120s] -- Up-to-date: /home/sudhindra/irc_2025/drive_control/install/msg_interfaces/include/msg_interfaces/msg_interfaces/msg/detail/arm_end_motion__type_support.h
[4.120s] -- Up-to-date: /home/sudhindra/irc_2025/drive_control/install/msg_interfaces/include/msg_interfaces/msg_interfaces/msg/detail/encoder_arm__struct.h
[4.120s] -- Up-to-date: /home/sudhindra/irc_2025/drive_control/install/msg_interfaces/include/msg_interfaces/msg_interfaces/msg/detail/cam_drive__struct.h
[4.120s] -- Up-to-date: /home/sudhindra/irc_2025/drive_control/install/msg_interfaces/include/msg_interfaces/msg_interfaces/msg/detail/encoder_drive__type_support.h
[4.121s] -- Up-to-date: /home/sudhindra/irc_2025/drive_control/install/msg_interfaces/include/msg_interfaces/msg_interfaces/msg/detail/motor_six__functions.c
[4.121s] -- Up-to-date: /home/sudhindra/irc_2025/drive_control/install/msg_interfaces/include/msg_interfaces/msg_interfaces/msg/detail/arm_end_motion__functions.c
[4.121s] -- Up-to-date: /home/sudhindra/irc_2025/drive_control/install/msg_interfaces/include/msg_interfaces/msg_interfaces/msg/detail/cam_drive__type_support.h
[4.121s] -- Up-to-date: /home/sudhindra/irc_2025/drive_control/install/msg_interfaces/include/msg_interfaces/msg_interfaces/msg/detail/encoder_arm__functions.h
[4.121s] -- Up-to-date: /home/sudhindra/irc_2025/drive_control/install/msg_interfaces/include/msg_interfaces/msg_interfaces/msg/detail/drive__functions.c
[4.121s] -- Up-to-date: /home/sudhindra/irc_2025/drive_control/install/msg_interfaces/include/msg_interfaces/msg_interfaces/msg/detail/encoder_arm__type_support.h
[4.121s] -- Up-to-date: /home/sudhindra/irc_2025/drive_control/install/msg_interfaces/include/msg_interfaces/msg_interfaces/msg/detail/drive__functions.h
[4.121s] -- Up-to-date: /home/sudhindra/irc_2025/drive_control/install/msg_interfaces/include/msg_interfaces/msg_interfaces/msg/detail/drive__struct.h
[4.121s] -- Up-to-date: /home/sudhindra/irc_2025/drive_control/install/msg_interfaces/include/msg_interfaces/msg_interfaces/msg/detail/encoder_drive__functions.c
[4.121s] -- Up-to-date: /home/sudhindra/irc_2025/drive_control/install/msg_interfaces/include/msg_interfaces/msg_interfaces/msg/detail/arm_end_motion__struct.h
[4.121s] -- Up-to-date: /home/sudhindra/irc_2025/drive_control/install/msg_interfaces/include/msg_interfaces/msg_interfaces/msg/detail/drive__type_support.h
[4.121s] -- Up-to-date: /home/sudhindra/irc_2025/drive_control/install/msg_interfaces/include/msg_interfaces/msg_interfaces/msg/detail/motor_six__type_support.h
[4.121s] -- Up-to-date: /home/sudhindra/irc_2025/drive_control/install/msg_interfaces/include/msg_interfaces/msg_interfaces/msg/rosidl_generator_c__visibility_control.h
[4.121s] -- Up-to-date: /home/sudhindra/irc_2025/drive_control/install/msg_interfaces/include/msg_interfaces/msg_interfaces/msg/cam_drive.h
[4.121s] -- Up-to-date: /home/sudhindra/irc_2025/drive_control/install/msg_interfaces/include/msg_interfaces/msg_interfaces/msg/drive.h
[4.121s] -- Installing: /home/sudhindra/irc_2025/drive_control/install/msg_interfaces/share/msg_interfaces/environment/library_path.sh
[4.121s] -- Installing: /home/sudhindra/irc_2025/drive_control/install/msg_interfaces/share/msg_interfaces/environment/library_path.dsv
[4.121s] -- Up-to-date: /home/sudhindra/irc_2025/drive_control/install/msg_interfaces/lib/libmsg_interfaces__rosidl_generator_c.so
[4.122s] -- Up-to-date: /home/sudhindra/irc_2025/drive_control/install/msg_interfaces/include/msg_interfaces/msg_interfaces
[4.122s] -- Up-to-date: /home/sudhindra/irc_2025/drive_control/install/msg_interfaces/include/msg_interfaces/msg_interfaces/msg
[4.122s] -- Up-to-date: /home/sudhindra/irc_2025/drive_control/install/msg_interfaces/include/msg_interfaces/msg_interfaces/msg/detail
[4.122s] -- Up-to-date: /home/sudhindra/irc_2025/drive_control/install/msg_interfaces/include/msg_interfaces/msg_interfaces/msg/detail/encoder_drive__rosidl_typesupport_fastrtps_c.h
[4.122s] -- Up-to-date: /home/sudhindra/irc_2025/drive_control/install/msg_interfaces/include/msg_interfaces/msg_interfaces/msg/detail/arm_end_motion__rosidl_typesupport_fastrtps_c.h
[4.122s] -- Up-to-date: /home/sudhindra/irc_2025/drive_control/install/msg_interfaces/include/msg_interfaces/msg_interfaces/msg/detail/cam_drive__rosidl_typesupport_fastrtps_c.h
[4.122s] -- Up-to-date: /home/sudhindra/irc_2025/drive_control/install/msg_interfaces/include/msg_interfaces/msg_interfaces/msg/detail/encoder_arm__rosidl_typesupport_fastrtps_c.h
[4.122s] -- Up-to-date: /home/sudhindra/irc_2025/drive_control/install/msg_interfaces/include/msg_interfaces/msg_interfaces/msg/detail/motor_six__rosidl_typesupport_fastrtps_c.h
[4.122s] -- Up-to-date: /home/sudhindra/irc_2025/drive_control/install/msg_interfaces/include/msg_interfaces/msg_interfaces/msg/detail/drive__rosidl_typesupport_fastrtps_c.h
[4.122s] -- Up-to-date: /home/sudhindra/irc_2025/drive_control/install/msg_interfaces/include/msg_interfaces/msg_interfaces/msg/rosidl_typesupport_fastrtps_c__visibility_control.h
[4.122s] -- Up-to-date: /home/sudhindra/irc_2025/drive_control/install/msg_interfaces/lib/libmsg_interfaces__rosidl_typesupport_fastrtps_c.so
[4.122s] -- Up-to-date: /home/sudhindra/irc_2025/drive_control/install/msg_interfaces/include/msg_interfaces/msg_interfaces
[4.122s] -- Up-to-date: /home/sudhindra/irc_2025/drive_control/install/msg_interfaces/include/msg_interfaces/msg_interfaces/msg
[4.122s] -- Up-to-date: /home/sudhindra/irc_2025/drive_control/install/msg_interfaces/include/msg_interfaces/msg_interfaces/msg/encoder_drive.hpp
[4.122s] -- Up-to-date: /home/sudhindra/irc_2025/drive_control/install/msg_interfaces/include/msg_interfaces/msg_interfaces/msg/motor_six.hpp
[4.122s] -- Up-to-date: /home/sudhindra/irc_2025/drive_control/install/msg_interfaces/include/msg_interfaces/msg_interfaces/msg/detail
[4.123s] -- Up-to-date: /home/sudhindra/irc_2025/drive_control/install/msg_interfaces/include/msg_interfaces/msg_interfaces/msg/detail/drive__struct.hpp
[4.123s] -- Up-to-date: /home/sudhindra/irc_2025/drive_control/install/msg_interfaces/include/msg_interfaces/msg_interfaces/msg/detail/encoder_arm__builder.hpp
[4.123s] -- Up-to-date: /home/sudhindra/irc_2025/drive_control/install/msg_interfaces/include/msg_interfaces/msg_interfaces/msg/detail/encoder_drive__struct.hpp
[4.123s] -- Up-to-date: /home/sudhindra/irc_2025/drive_control/install/msg_interfaces/include/msg_interfaces/msg_interfaces/msg/detail/motor_six__struct.hpp
[4.123s] -- Up-to-date: /home/sudhindra/irc_2025/drive_control/install/msg_interfaces/include/msg_interfaces/msg_interfaces/msg/detail/arm_end_motion__struct.hpp
[4.123s] -- Up-to-date: /home/sudhindra/irc_2025/drive_control/install/msg_interfaces/include/msg_interfaces/msg_interfaces/msg/detail/drive__traits.hpp
[4.123s] -- Up-to-date: /home/sudhindra/irc_2025/drive_control/install/msg_interfaces/include/msg_interfaces/msg_interfaces/msg/detail/encoder_arm__struct.hpp
[4.123s] -- Up-to-date: /home/sudhindra/irc_2025/drive_control/install/msg_interfaces/include/msg_interfaces/msg_interfaces/msg/detail/arm_end_motion__builder.hpp
[4.123s] -- Up-to-date: /home/sudhindra/irc_2025/drive_control/install/msg_interfaces/include/msg_interfaces/msg_interfaces/msg/detail/arm_end_motion__traits.hpp
[4.123s] -- Up-to-date: /home/sudhindra/irc_2025/drive_control/install/msg_interfaces/include/msg_interfaces/msg_interfaces/msg/detail/motor_six__traits.hpp
[4.123s] -- Up-to-date: /home/sudhindra/irc_2025/drive_control/install/msg_interfaces/include/msg_interfaces/msg_interfaces/msg/detail/drive__builder.hpp
[4.123s] -- Up-to-date: /home/sudhindra/irc_2025/drive_control/install/msg_interfaces/include/msg_interfaces/msg_interfaces/msg/detail/cam_drive__traits.hpp
[4.123s] -- Up-to-date: /home/sudhindra/irc_2025/drive_control/install/msg_interfaces/include/msg_interfaces/msg_interfaces/msg/detail/motor_six__builder.hpp
[4.123s] -- Up-to-date: /home/sudhindra/irc_2025/drive_control/install/msg_interfaces/include/msg_interfaces/msg_interfaces/msg/detail/cam_drive__struct.hpp
[4.123s] -- Up-to-date: /home/sudhindra/irc_2025/drive_control/install/msg_interfaces/include/msg_interfaces/msg_interfaces/msg/detail/encoder_arm__traits.hpp
[4.123s] -- Up-to-date: /home/sudhindra/irc_2025/drive_control/install/msg_interfaces/include/msg_interfaces/msg_interfaces/msg/detail/encoder_drive__traits.hpp
[4.123s] -- Up-to-date: /home/sudhindra/irc_2025/drive_control/install/msg_interfaces/include/msg_interfaces/msg_interfaces/msg/detail/cam_drive__builder.hpp
[4.123s] -- Up-to-date: /home/sudhindra/irc_2025/drive_control/install/msg_interfaces/include/msg_interfaces/msg_interfaces/msg/detail/encoder_drive__builder.hpp
[4.124s] -- Up-to-date: /home/sudhindra/irc_2025/drive_control/install/msg_interfaces/include/msg_interfaces/msg_interfaces/msg/cam_drive.hpp
[4.124s] -- Up-to-date: /home/sudhindra/irc_2025/drive_control/install/msg_interfaces/include/msg_interfaces/msg_interfaces/msg/drive.hpp
[4.124s] -- Up-to-date: /home/sudhindra/irc_2025/drive_control/install/msg_interfaces/include/msg_interfaces/msg_interfaces/msg/arm_end_motion.hpp
[4.124s] -- Up-to-date: /home/sudhindra/irc_2025/drive_control/install/msg_interfaces/include/msg_interfaces/msg_interfaces/msg/encoder_arm.hpp
[4.124s] -- Up-to-date: /home/sudhindra/irc_2025/drive_control/install/msg_interfaces/include/msg_interfaces/msg_interfaces
[4.124s] -- Up-to-date: /home/sudhindra/irc_2025/drive_control/install/msg_interfaces/include/msg_interfaces/msg_interfaces/msg
[4.124s] -- Up-to-date: /home/sudhindra/irc_2025/drive_control/install/msg_interfaces/include/msg_interfaces/msg_interfaces/msg/rosidl_typesupport_fastrtps_cpp__visibility_control.h
[4.124s] -- Up-to-date: /home/sudhindra/irc_2025/drive_control/install/msg_interfaces/include/msg_interfaces/msg_interfaces/msg/detail
[4.124s] -- Up-to-date: /home/sudhindra/irc_2025/drive_control/install/msg_interfaces/include/msg_interfaces/msg_interfaces/msg/detail/motor_six__rosidl_typesupport_fastrtps_cpp.hpp
[4.124s] -- Up-to-date: /home/sudhindra/irc_2025/drive_control/install/msg_interfaces/include/msg_interfaces/msg_interfaces/msg/detail/dds_fastrtps
[4.124s] -- Up-to-date: /home/sudhindra/irc_2025/drive_control/install/msg_interfaces/include/msg_interfaces/msg_interfaces/msg/detail/drive__rosidl_typesupport_fastrtps_cpp.hpp
[4.124s] -- Up-to-date: /home/sudhindra/irc_2025/drive_control/install/msg_interfaces/include/msg_interfaces/msg_interfaces/msg/detail/encoder_arm__rosidl_typesupport_fastrtps_cpp.hpp
[4.124s] -- Up-to-date: /home/sudhindra/irc_2025/drive_control/install/msg_interfaces/include/msg_interfaces/msg_interfaces/msg/detail/encoder_drive__rosidl_typesupport_fastrtps_cpp.hpp
[4.124s] -- Up-to-date: /home/sudhindra/irc_2025/drive_control/install/msg_interfaces/include/msg_interfaces/msg_interfaces/msg/detail/cam_drive__rosidl_typesupport_fastrtps_cpp.hpp
[4.124s] -- Up-to-date: /home/sudhindra/irc_2025/drive_control/install/msg_interfaces/include/msg_interfaces/msg_interfaces/msg/detail/arm_end_motion__rosidl_typesupport_fastrtps_cpp.hpp
[4.124s] -- Up-to-date: /home/sudhindra/irc_2025/drive_control/install/msg_interfaces/lib/libmsg_interfaces__rosidl_typesupport_fastrtps_cpp.so
[4.124s] -- Up-to-date: /home/sudhindra/irc_2025/drive_control/install/msg_interfaces/include/msg_interfaces/msg_interfaces
[4.124s] -- Up-to-date: /home/sudhindra/irc_2025/drive_control/install/msg_interfaces/include/msg_interfaces/msg_interfaces/msg
[4.125s] -- Up-to-date: /home/sudhindra/irc_2025/drive_control/install/msg_interfaces/include/msg_interfaces/msg_interfaces/msg/detail
[4.125s] -- Up-to-date: /home/sudhindra/irc_2025/drive_control/install/msg_interfaces/include/msg_interfaces/msg_interfaces/msg/detail/motor_six__type_support.c
[4.125s] -- Up-to-date: /home/sudhindra/irc_2025/drive_control/install/msg_interfaces/include/msg_interfaces/msg_interfaces/msg/detail/arm_end_motion__rosidl_typesupport_introspection_c.h
[4.125s] -- Up-to-date: /home/sudhindra/irc_2025/drive_control/install/msg_interfaces/include/msg_interfaces/msg_interfaces/msg/detail/encoder_arm__type_support.c
[4.125s] -- Up-to-date: /home/sudhindra/irc_2025/drive_control/install/msg_interfaces/include/msg_interfaces/msg_interfaces/msg/detail/drive__type_support.c
[4.125s] -- Up-to-date: /home/sudhindra/irc_2025/drive_control/install/msg_interfaces/include/msg_interfaces/msg_interfaces/msg/detail/motor_six__rosidl_typesupport_introspection_c.h
[4.125s] -- Up-to-date: /home/sudhindra/irc_2025/drive_control/install/msg_interfaces/include/msg_interfaces/msg_interfaces/msg/detail/cam_drive__rosidl_typesupport_introspection_c.h
[4.125s] -- Up-to-date: /home/sudhindra/irc_2025/drive_control/install/msg_interfaces/include/msg_interfaces/msg_interfaces/msg/detail/arm_end_motion__type_support.c
[4.125s] -- Up-to-date: /home/sudhindra/irc_2025/drive_control/install/msg_interfaces/include/msg_interfaces/msg_interfaces/msg/detail/encoder_drive__rosidl_typesupport_introspection_c.h
[4.125s] -- Up-to-date: /home/sudhindra/irc_2025/drive_control/install/msg_interfaces/include/msg_interfaces/msg_interfaces/msg/detail/encoder_arm__rosidl_typesupport_introspection_c.h
[4.125s] -- Up-to-date: /home/sudhindra/irc_2025/drive_control/install/msg_interfaces/include/msg_interfaces/msg_interfaces/msg/detail/drive__rosidl_typesupport_introspection_c.h
[4.125s] -- Up-to-date: /home/sudhindra/irc_2025/drive_control/install/msg_interfaces/include/msg_interfaces/msg_interfaces/msg/detail/cam_drive__type_support.c
[4.125s] -- Up-to-date: /home/sudhindra/irc_2025/drive_control/install/msg_interfaces/include/msg_interfaces/msg_interfaces/msg/detail/encoder_drive__type_support.c
[4.125s] -- Up-to-date: /home/sudhindra/irc_2025/drive_control/install/msg_interfaces/include/msg_interfaces/msg_interfaces/msg/rosidl_typesupport_introspection_c__visibility_control.h
[4.125s] -- Up-to-date: /home/sudhindra/irc_2025/drive_control/install/msg_interfaces/lib/libmsg_interfaces__rosidl_typesupport_introspection_c.so
[4.125s] -- Up-to-date: /home/sudhindra/irc_2025/drive_control/install/msg_interfaces/lib/libmsg_interfaces__rosidl_typesupport_c.so
[4.125s] -- Up-to-date: /home/sudhindra/irc_2025/drive_control/install/msg_interfaces/include/msg_interfaces/msg_interfaces
[4.125s] -- Up-to-date: /home/sudhindra/irc_2025/drive_control/install/msg_interfaces/include/msg_interfaces/msg_interfaces/msg
[4.126s] -- Up-to-date: /home/sudhindra/irc_2025/drive_control/install/msg_interfaces/include/msg_interfaces/msg_interfaces/msg/detail
[4.126s] -- Up-to-date: /home/sudhindra/irc_2025/drive_control/install/msg_interfaces/include/msg_interfaces/msg_interfaces/msg/detail/cam_drive__type_support.cpp
[4.126s] -- Up-to-date: /home/sudhindra/irc_2025/drive_control/install/msg_interfaces/include/msg_interfaces/msg_interfaces/msg/detail/cam_drive__rosidl_typesupport_introspection_cpp.hpp
[4.126s] -- Up-to-date: /home/sudhindra/irc_2025/drive_control/install/msg_interfaces/include/msg_interfaces/msg_interfaces/msg/detail/arm_end_motion__type_support.cpp
[4.126s] -- Up-to-date: /home/sudhindra/irc_2025/drive_control/install/msg_interfaces/include/msg_interfaces/msg_interfaces/msg/detail/drive__type_support.cpp
[4.126s] -- Up-to-date: /home/sudhindra/irc_2025/drive_control/install/msg_interfaces/include/msg_interfaces/msg_interfaces/msg/detail/drive__rosidl_typesupport_introspection_cpp.hpp
[4.126s] -- Up-to-date: /home/sudhindra/irc_2025/drive_control/install/msg_interfaces/include/msg_interfaces/msg_interfaces/msg/detail/motor_six__rosidl_typesupport_introspection_cpp.hpp
[4.126s] -- Up-to-date: /home/sudhindra/irc_2025/drive_control/install/msg_interfaces/include/msg_interfaces/msg_interfaces/msg/detail/arm_end_motion__rosidl_typesupport_introspection_cpp.hpp
[4.126s] -- Up-to-date: /home/sudhindra/irc_2025/drive_control/install/msg_interfaces/include/msg_interfaces/msg_interfaces/msg/detail/encoder_arm__rosidl_typesupport_introspection_cpp.hpp
[4.126s] -- Up-to-date: /home/sudhindra/irc_2025/drive_control/install/msg_interfaces/include/msg_interfaces/msg_interfaces/msg/detail/encoder_drive__type_support.cpp
[4.126s] -- Up-to-date: /home/sudhindra/irc_2025/drive_control/install/msg_interfaces/include/msg_interfaces/msg_interfaces/msg/detail/motor_six__type_support.cpp
[4.126s] -- Up-to-date: /home/sudhindra/irc_2025/drive_control/install/msg_interfaces/include/msg_interfaces/msg_interfaces/msg/detail/encoder_arm__type_support.cpp
[4.126s] -- Up-to-date: /home/sudhindra/irc_2025/drive_control/install/msg_interfaces/include/msg_interfaces/msg_interfaces/msg/detail/encoder_drive__rosidl_typesupport_introspection_cpp.hpp
[4.126s] -- Up-to-date: /home/sudhindra/irc_2025/drive_control/install/msg_interfaces/lib/libmsg_interfaces__rosidl_typesupport_introspection_cpp.so
[4.126s] -- Up-to-date: /home/sudhindra/irc_2025/drive_control/install/msg_interfaces/lib/libmsg_interfaces__rosidl_typesupport_cpp.so
[4.126s] -- Up-to-date: /home/sudhindra/irc_2025/drive_control/install/msg_interfaces/share/msg_interfaces/environment/pythonpath.sh
[4.126s] -- Installing: /home/sudhindra/irc_2025/drive_control/install/msg_interfaces/share/msg_interfaces/environment/pythonpath.dsv
[4.126s] -- Up-to-date: /home/sudhindra/irc_2025/drive_control/install/msg_interfaces/local/lib/python3.10/dist-packages/msg_interfaces-0.0.0-py3.10.egg-info
[4.126s] -- Installing: /home/sudhindra/irc_2025/drive_control/install/msg_interfaces/local/lib/python3.10/dist-packages/msg_interfaces-0.0.0-py3.10.egg-info/top_level.txt
[4.126s] -- Installing: /home/sudhindra/irc_2025/drive_control/install/msg_interfaces/local/lib/python3.10/dist-packages/msg_interfaces-0.0.0-py3.10.egg-info/SOURCES.txt
[4.127s] -- Installing: /home/sudhindra/irc_2025/drive_control/install/msg_interfaces/local/lib/python3.10/dist-packages/msg_interfaces-0.0.0-py3.10.egg-info/PKG-INFO
[4.127s] -- Installing: /home/sudhindra/irc_2025/drive_control/install/msg_interfaces/local/lib/python3.10/dist-packages/msg_interfaces-0.0.0-py3.10.egg-info/dependency_links.txt
[4.127s] -- Up-to-date: /home/sudhindra/irc_2025/drive_control/install/msg_interfaces/local/lib/python3.10/dist-packages/msg_interfaces
[4.127s] -- Up-to-date: /home/sudhindra/irc_2025/drive_control/install/msg_interfaces/local/lib/python3.10/dist-packages/msg_interfaces/_msg_interfaces_s.ep.rosidl_typesupport_c.c
[4.127s] -- Up-to-date: /home/sudhindra/irc_2025/drive_control/install/msg_interfaces/local/lib/python3.10/dist-packages/msg_interfaces/msg
[4.127s] -- Up-to-date: /home/sudhindra/irc_2025/drive_control/install/msg_interfaces/local/lib/python3.10/dist-packages/msg_interfaces/msg/_cam_drive.py
[4.127s] -- Up-to-date: /home/sudhindra/irc_2025/drive_control/install/msg_interfaces/local/lib/python3.10/dist-packages/msg_interfaces/msg/_encoder_drive.py
[4.127s] -- Up-to-date: /home/sudhindra/irc_2025/drive_control/install/msg_interfaces/local/lib/python3.10/dist-packages/msg_interfaces/msg/_drive_s.c
[4.127s] -- Up-to-date: /home/sudhindra/irc_2025/drive_control/install/msg_interfaces/local/lib/python3.10/dist-packages/msg_interfaces/msg/_motor_six.py
[4.127s] -- Up-to-date: /home/sudhindra/irc_2025/drive_control/install/msg_interfaces/local/lib/python3.10/dist-packages/msg_interfaces/msg/__init__.py
[4.127s] -- Up-to-date: /home/sudhindra/irc_2025/drive_control/install/msg_interfaces/local/lib/python3.10/dist-packages/msg_interfaces/msg/_encoder_arm_s.c
[4.127s] -- Up-to-date: /home/sudhindra/irc_2025/drive_control/install/msg_interfaces/local/lib/python3.10/dist-packages/msg_interfaces/msg/_arm_end_motion.py
[4.127s] -- Up-to-date: /home/sudhindra/irc_2025/drive_control/install/msg_interfaces/local/lib/python3.10/dist-packages/msg_interfaces/msg/_arm_end_motion_s.c
[4.127s] -- Up-to-date: /home/sudhindra/irc_2025/drive_control/install/msg_interfaces/local/lib/python3.10/dist-packages/msg_interfaces/msg/_cam_drive_s.c
[4.127s] -- Up-to-date: /home/sudhindra/irc_2025/drive_control/install/msg_interfaces/local/lib/python3.10/dist-packages/msg_interfaces/msg/_encoder_drive_s.c
[4.127s] -- Up-to-date: /home/sudhindra/irc_2025/drive_control/install/msg_interfaces/local/lib/python3.10/dist-packages/msg_interfaces/msg/_encoder_arm.py
[4.127s] -- Up-to-date: /home/sudhindra/irc_2025/drive_control/install/msg_interfaces/local/lib/python3.10/dist-packages/msg_interfaces/msg/_drive.py
[4.127s] -- Up-to-date: /home/sudhindra/irc_2025/drive_control/install/msg_interfaces/local/lib/python3.10/dist-packages/msg_interfaces/msg/_motor_six_s.c
[4.127s] -- Installing: /home/sudhindra/irc_2025/drive_control/install/msg_interfaces/local/lib/python3.10/dist-packages/msg_interfaces/__init__.py
[4.127s] -- Up-to-date: /home/sudhindra/irc_2025/drive_control/install/msg_interfaces/local/lib/python3.10/dist-packages/msg_interfaces/_msg_interfaces_s.ep.rosidl_typesupport_introspection_c.c
[4.127s] -- Up-to-date: /home/sudhindra/irc_2025/drive_control/install/msg_interfaces/local/lib/python3.10/dist-packages/msg_interfaces/msg_interfaces_s__rosidl_typesupport_c.cpython-310-x86_64-linux-gnu.so
[4.128s] -- Up-to-date: /home/sudhindra/irc_2025/drive_control/install/msg_interfaces/local/lib/python3.10/dist-packages/msg_interfaces/libmsg_interfaces__rosidl_generator_py.so
[4.128s] -- Up-to-date: /home/sudhindra/irc_2025/drive_control/install/msg_interfaces/local/lib/python3.10/dist-packages/msg_interfaces/_msg_interfaces_s.ep.rosidl_typesupport_fastrtps_c.c
[4.128s] -- Up-to-date: /home/sudhindra/irc_2025/drive_control/install/msg_interfaces/local/lib/python3.10/dist-packages/msg_interfaces/msg_interfaces_s__rosidl_typesupport_fastrtps_c.cpython-310-x86_64-linux-gnu.so
[4.128s] -- Up-to-date: /home/sudhindra/irc_2025/drive_control/install/msg_interfaces/local/lib/python3.10/dist-packages/msg_interfaces/msg_interfaces_s__rosidl_typesupport_introspection_c.cpython-310-x86_64-linux-gnu.so
[4.158s] Listing '/home/sudhindra/irc_2025/drive_control/install/msg_interfaces/local/lib/python3.10/dist-packages/msg_interfaces'...
[4.158s] Compiling '/home/sudhindra/irc_2025/drive_control/install/msg_interfaces/local/lib/python3.10/dist-packages/msg_interfaces/__init__.py'...
[4.159s] Listing '/home/sudhindra/irc_2025/drive_control/install/msg_interfaces/local/lib/python3.10/dist-packages/msg_interfaces/msg'...
[4.159s] Compiling '/home/sudhindra/irc_2025/drive_control/install/msg_interfaces/local/lib/python3.10/dist-packages/msg_interfaces/msg/__init__.py'...
[4.159s] Compiling '/home/sudhindra/irc_2025/drive_control/install/msg_interfaces/local/lib/python3.10/dist-packages/msg_interfaces/msg/_arm_end_motion.py'...
[4.159s] Compiling '/home/sudhindra/irc_2025/drive_control/install/msg_interfaces/local/lib/python3.10/dist-packages/msg_interfaces/msg/_cam_drive.py'...
[4.159s] Compiling '/home/sudhindra/irc_2025/drive_control/install/msg_interfaces/local/lib/python3.10/dist-packages/msg_interfaces/msg/_drive.py'...
[4.159s] Compiling '/home/sudhindra/irc_2025/drive_control/install/msg_interfaces/local/lib/python3.10/dist-packages/msg_interfaces/msg/_encoder_arm.py'...
[4.159s] Compiling '/home/sudhindra/irc_2025/drive_control/install/msg_interfaces/local/lib/python3.10/dist-packages/msg_interfaces/msg/_encoder_drive.py'...
[4.159s] Compiling '/home/sudhindra/irc_2025/drive_control/install/msg_interfaces/local/lib/python3.10/dist-packages/msg_interfaces/msg/_motor_six.py'...
[4.164s] -- Up-to-date: /home/sudhindra/irc_2025/drive_control/install/msg_interfaces/local/lib/python3.10/dist-packages/msg_interfaces/msg_interfaces_s__rosidl_typesupport_fastrtps_c.cpython-310-x86_64-linux-gnu.so
[4.164s] -- Up-to-date: /home/sudhindra/irc_2025/drive_control/install/msg_interfaces/local/lib/python3.10/dist-packages/msg_interfaces/msg_interfaces_s__rosidl_typesupport_introspection_c.cpython-310-x86_64-linux-gnu.so
[4.164s] -- Up-to-date: /home/sudhindra/irc_2025/drive_control/install/msg_interfaces/local/lib/python3.10/dist-packages/msg_interfaces/msg_interfaces_s__rosidl_typesupport_c.cpython-310-x86_64-linux-gnu.so
[4.164s] -- Up-to-date: /home/sudhindra/irc_2025/drive_control/install/msg_interfaces/lib/libmsg_interfaces__rosidl_generator_py.so
[4.164s] -- Up-to-date: /home/sudhindra/irc_2025/drive_control/install/msg_interfaces/share/msg_interfaces/msg/Drive.idl
[4.164s] -- Up-to-date: /home/sudhindra/irc_2025/drive_control/install/msg_interfaces/share/msg_interfaces/msg/CamDrive.idl
[4.165s] -- Up-to-date: /home/sudhindra/irc_2025/drive_control/install/msg_interfaces/share/msg_interfaces/msg/ArmEndMotion.idl
[4.165s] -- Up-to-date: /home/sudhindra/irc_2025/drive_control/install/msg_interfaces/share/msg_interfaces/msg/MotorSix.idl
[4.165s] -- Up-to-date: /home/sudhindra/irc_2025/drive_control/install/msg_interfaces/share/msg_interfaces/msg/EncoderArm.idl
[4.165s] -- Up-to-date: /home/sudhindra/irc_2025/drive_control/install/msg_interfaces/share/msg_interfaces/msg/EncoderDrive.idl
[4.165s] -- Up-to-date: /home/sudhindra/irc_2025/drive_control/install/msg_interfaces/share/msg_interfaces/msg/Drive.msg
[4.165s] -- Up-to-date: /home/sudhindra/irc_2025/drive_control/install/msg_interfaces/share/msg_interfaces/msg/CamDrive.msg
[4.165s] -- Up-to-date: /home/sudhindra/irc_2025/drive_control/install/msg_interfaces/share/msg_interfaces/msg/ArmEndMotion.msg
[4.165s] -- Up-to-date: /home/sudhindra/irc_2025/drive_control/install/msg_interfaces/share/msg_interfaces/msg/MotorSix.msg
[4.165s] -- Up-to-date: /home/sudhindra/irc_2025/drive_control/install/msg_interfaces/share/msg_interfaces/msg/EncoderArm.msg
[4.165s] -- Up-to-date: /home/sudhindra/irc_2025/drive_control/install/msg_interfaces/share/msg_interfaces/msg/EncoderDrive.msg
[4.165s] -- Up-to-date: /home/sudhindra/irc_2025/drive_control/install/msg_interfaces/share/ament_index/resource_index/package_run_dependencies/msg_interfaces
[4.165s] -- Up-to-date: /home/sudhindra/irc_2025/drive_control/install/msg_interfaces/share/ament_index/resource_index/parent_prefix_path/msg_interfaces
[4.165s] -- Installing: /home/sudhindra/irc_2025/drive_control/install/msg_interfaces/share/msg_interfaces/environment/ament_prefix_path.sh
[4.165s] -- Installing: /home/sudhindra/irc_2025/drive_control/install/msg_interfaces/share/msg_interfaces/environment/ament_prefix_path.dsv
[4.165s] -- Installing: /home/sudhindra/irc_2025/drive_control/install/msg_interfaces/share/msg_interfaces/environment/path.sh
[4.165s] -- Installing: /home/sudhindra/irc_2025/drive_control/install/msg_interfaces/share/msg_interfaces/environment/path.dsv
[4.165s] -- Up-to-date: /home/sudhindra/irc_2025/drive_control/install/msg_interfaces/share/msg_interfaces/local_setup.bash
[4.166s] -- Up-to-date: /home/sudhindra/irc_2025/drive_control/install/msg_interfaces/share/msg_interfaces/local_setup.sh
[4.166s] -- Up-to-date: /home/sudhindra/irc_2025/drive_control/install/msg_interfaces/share/msg_interfaces/local_setup.zsh
[4.166s] -- Installing: /home/sudhindra/irc_2025/drive_control/install/msg_interfaces/share/msg_interfaces/local_setup.dsv
[4.166s] -- Installing: /home/sudhindra/irc_2025/drive_control/install/msg_interfaces/share/msg_interfaces/package.dsv
[4.166s] -- Up-to-date: /home/sudhindra/irc_2025/drive_control/install/msg_interfaces/share/ament_index/resource_index/packages/msg_interfaces
[4.166s] -- Up-to-date: /home/sudhindra/irc_2025/drive_control/install/msg_interfaces/share/msg_interfaces/cmake/export_msg_interfaces__rosidl_generator_cExport.cmake
[4.166s] -- Up-to-date: /home/sudhindra/irc_2025/drive_control/install/msg_interfaces/share/msg_interfaces/cmake/export_msg_interfaces__rosidl_generator_cExport-noconfig.cmake
[4.166s] -- Up-to-date: /home/sudhindra/irc_2025/drive_control/install/msg_interfaces/share/msg_interfaces/cmake/export_msg_interfaces__rosidl_typesupport_fastrtps_cExport.cmake
[4.166s] -- Up-to-date: /home/sudhindra/irc_2025/drive_control/install/msg_interfaces/share/msg_interfaces/cmake/export_msg_interfaces__rosidl_typesupport_fastrtps_cExport-noconfig.cmake
[4.166s] -- Up-to-date: /home/sudhindra/irc_2025/drive_control/install/msg_interfaces/share/msg_interfaces/cmake/export_msg_interfaces__rosidl_generator_cppExport.cmake
[4.166s] -- Up-to-date: /home/sudhindra/irc_2025/drive_control/install/msg_interfaces/share/msg_interfaces/cmake/export_msg_interfaces__rosidl_typesupport_fastrtps_cppExport.cmake
[4.166s] -- Up-to-date: /home/sudhindra/irc_2025/drive_control/install/msg_interfaces/share/msg_interfaces/cmake/export_msg_interfaces__rosidl_typesupport_fastrtps_cppExport-noconfig.cmake
[4.166s] -- Up-to-date: /home/sudhindra/irc_2025/drive_control/install/msg_interfaces/share/msg_interfaces/cmake/msg_interfaces__rosidl_typesupport_introspection_cExport.cmake
[4.166s] -- Up-to-date: /home/sudhindra/irc_2025/drive_control/install/msg_interfaces/share/msg_interfaces/cmake/msg_interfaces__rosidl_typesupport_introspection_cExport-noconfig.cmake
[4.166s] -- Up-to-date: /home/sudhindra/irc_2025/drive_control/install/msg_interfaces/share/msg_interfaces/cmake/msg_interfaces__rosidl_typesupport_cExport.cmake
[4.166s] -- Up-to-date: /home/sudhindra/irc_2025/drive_control/install/msg_interfaces/share/msg_interfaces/cmake/msg_interfaces__rosidl_typesupport_cExport-noconfig.cmake
[4.166s] -- Up-to-date: /home/sudhindra/irc_2025/drive_control/install/msg_interfaces/share/msg_interfaces/cmake/msg_interfaces__rosidl_typesupport_introspection_cppExport.cmake
[4.167s] -- Up-to-date: /home/sudhindra/irc_2025/drive_control/install/msg_interfaces/share/msg_interfaces/cmake/msg_interfaces__rosidl_typesupport_introspection_cppExport-noconfig.cmake
[4.167s] -- Up-to-date: /home/sudhindra/irc_2025/drive_control/install/msg_interfaces/share/msg_interfaces/cmake/msg_interfaces__rosidl_typesupport_cppExport.cmake
[4.167s] -- Up-to-date: /home/sudhindra/irc_2025/drive_control/install/msg_interfaces/share/msg_interfaces/cmake/msg_interfaces__rosidl_typesupport_cppExport-noconfig.cmake
[4.167s] -- Up-to-date: /home/sudhindra/irc_2025/drive_control/install/msg_interfaces/share/msg_interfaces/cmake/export_msg_interfaces__rosidl_generator_pyExport.cmake
[4.167s] -- Up-to-date: /home/sudhindra/irc_2025/drive_control/install/msg_interfaces/share/msg_interfaces/cmake/export_msg_interfaces__rosidl_generator_pyExport-noconfig.cmake
[4.167s] -- Up-to-date: /home/sudhindra/irc_2025/drive_control/install/msg_interfaces/share/msg_interfaces/cmake/rosidl_cmake-extras.cmake
[4.167s] -- Up-to-date: /home/sudhindra/irc_2025/drive_control/install/msg_interfaces/share/msg_interfaces/cmake/ament_cmake_export_dependencies-extras.cmake
[4.167s] -- Up-to-date: /home/sudhindra/irc_2025/drive_control/install/msg_interfaces/share/msg_interfaces/cmake/ament_cmake_export_include_directories-extras.cmake
[4.167s] -- Up-to-date: /home/sudhindra/irc_2025/drive_control/install/msg_interfaces/share/msg_interfaces/cmake/ament_cmake_export_libraries-extras.cmake
[4.167s] -- Up-to-date: /home/sudhindra/irc_2025/drive_control/install/msg_interfaces/share/msg_interfaces/cmake/ament_cmake_export_targets-extras.cmake
[4.167s] -- Up-to-date: /home/sudhindra/irc_2025/drive_control/install/msg_interfaces/share/msg_interfaces/cmake/rosidl_cmake_export_typesupport_targets-extras.cmake
[4.167s] -- Up-to-date: /home/sudhindra/irc_2025/drive_control/install/msg_interfaces/share/msg_interfaces/cmake/rosidl_cmake_export_typesupport_libraries-extras.cmake
[4.167s] -- Up-to-date: /home/sudhindra/irc_2025/drive_control/install/msg_interfaces/share/msg_interfaces/cmake/msg_interfacesConfig.cmake
[4.167s] -- Up-to-date: /home/sudhindra/irc_2025/drive_control/install/msg_interfaces/share/msg_interfaces/cmake/msg_interfacesConfig-version.cmake
[4.167s] -- Up-to-date: /home/sudhindra/irc_2025/drive_control/install/msg_interfaces/share/msg_interfaces/package.xml
[4.169s] Invoked command in '/home/sudhindra/irc/drive_control/build/msg_interfaces' returned '0': CMAKE_PREFIX_PATH=${CMAKE_PREFIX_PATH}:/opt/ros/humble /usr/bin/cmake --install /home/sudhindra/irc/drive_control/build/msg_interfaces
