[0.846s] Invoking command in '/home/sudhindra/irc/arm_control/src/ik_control': AMENT_PREFIX_PATH=/home/sudhindra/irc_2025/arm_control/install/msg_interfaces:${AMENT_PREFIX_PATH} CMAKE_PREFIX_PATH=/home/sudhindra/irc/arm_control/install/msg_interfaces:${CMAKE_PREFIX_PATH} LD_LIBRARY_PATH=/home/sudhindra/irc_2025/arm_control/install/msg_interfaces/lib:/home/sudhindra/irc/arm_control/install/msg_interfaces/lib:${LD_LIBRARY_PATH} PYTHONPATH=/home/sudhindra/irc/arm_control/build/ik_control/prefix_override:/usr/lib/python3/dist-packages/colcon_core/task/python/colcon_distutils_commands:/home/sudhindra/irc/arm_control/install/ik_control/lib/python3.10/site-packages:/home/sudhindra/irc_2025/arm_control/install/msg_interfaces/local/lib/python3.10/dist-packages:${PYTHONPATH} /usr/bin/python3 -W ignore:setup.py install is deprecated setup.py egg_info --egg-base ../../build/ik_control build --build-base /home/sudhindra/irc/arm_control/build/ik_control/build install --record /home/sudhindra/irc/arm_control/build/ik_control/install.log --single-version-externally-managed install_data
[1.081s] running egg_info
[1.082s] writing ../../build/ik_control/ik_control.egg-info/PKG-INFO
[1.082s] writing dependency_links to ../../build/ik_control/ik_control.egg-info/dependency_links.txt
[1.083s] writing entry points to ../../build/ik_control/ik_control.egg-info/entry_points.txt
[1.083s] writing requirements to ../../build/ik_control/ik_control.egg-info/requires.txt
[1.083s] writing top-level names to ../../build/ik_control/ik_control.egg-info/top_level.txt
[1.085s] reading manifest file '../../build/ik_control/ik_control.egg-info/SOURCES.txt'
[1.086s] writing manifest file '../../build/ik_control/ik_control.egg-info/SOURCES.txt'
[1.086s] running build
[1.086s] running build_py
[1.086s] running install
[1.087s] running install_lib
[1.088s] running install_data
[1.088s] running install_egg_info
[1.090s] removing '/home/sudhindra/irc/arm_control/install/ik_control/lib/python3.10/site-packages/ik_control-0.0.0-py3.10.egg-info' (and everything under it)
[1.090s] Copying ../../build/ik_control/ik_control.egg-info to /home/sudhindra/irc/arm_control/install/ik_control/lib/python3.10/site-packages/ik_control-0.0.0-py3.10.egg-info
[1.090s] running install_scripts
[1.108s] Installing ik_pos_pid script to /home/sudhindra/irc/arm_control/install/ik_control/lib/ik_control
[1.108s] Installing pos_ik script to /home/sudhindra/irc/arm_control/install/ik_control/lib/ik_control
[1.109s] Installing shoulder_hold_ik script to /home/sudhindra/irc/arm_control/install/ik_control/lib/ik_control
[1.109s] writing list of installed files to '/home/sudhindra/irc/arm_control/build/ik_control/install.log'
[1.141s] Invoked command in '/home/sudhindra/irc/arm_control/src/ik_control' returned '0': AMENT_PREFIX_PATH=/home/sudhindra/irc_2025/arm_control/install/msg_interfaces:${AMENT_PREFIX_PATH} CMAKE_PREFIX_PATH=/home/sudhindra/irc/arm_control/install/msg_interfaces:${CMAKE_PREFIX_PATH} LD_LIBRARY_PATH=/home/sudhindra/irc_2025/arm_control/install/msg_interfaces/lib:/home/sudhindra/irc/arm_control/install/msg_interfaces/lib:${LD_LIBRARY_PATH} PYTHONPATH=/home/sudhindra/irc/arm_control/build/ik_control/prefix_override:/usr/lib/python3/dist-packages/colcon_core/task/python/colcon_distutils_commands:/home/sudhindra/irc/arm_control/install/ik_control/lib/python3.10/site-packages:/home/sudhindra/irc_2025/arm_control/install/msg_interfaces/local/lib/python3.10/dist-packages:${PYTHONPATH} /usr/bin/python3 -W ignore:setup.py install is deprecated setup.py egg_info --egg-base ../../build/ik_control build --build-base /home/sudhindra/irc/arm_control/build/ik_control/build install --record /home/sudhindra/irc/arm_control/build/ik_control/install.log --single-version-externally-managed install_data
