[0.126s] Invoking command in '/home/siddhant/irc_rover_controls_2025/drive_control/build/msg_interfaces': CMAKE_PREFIX_PATH=${CMAKE_PREFIX_PATH}:/home/siddhant/irc_rover_controls_2025/arm_control/install/joint_control:/home/siddhant/irc_rover_controls_2025/arm_control/install/ik_control:/opt/ros/humble /usr/bin/cmake /home/siddhant/irc_rover_controls_2025/drive_control/src/msg_interfaces -DCMAKE_INSTALL_PREFIX=/home/siddhant/irc_rover_controls_2025/drive_control/install/msg_interfaces
[0.180s] -- The C compiler identification is GNU 11.4.0
[0.217s] -- The CXX compiler identification is GNU 11.4.0
[0.222s] -- Detecting C compiler ABI info
[0.271s] -- Detecting C compiler ABI info - done
[0.276s] -- Check for working C compiler: /usr/bin/cc - skipped
[0.276s] -- Detecting C compile features
[0.277s] -- Detecting C compile features - done
[0.278s] -- Detecting CXX compiler ABI info
[0.332s] -- Detecting CXX compiler ABI info - done
[0.336s] -- Check for working CXX compiler: /usr/bin/c++ - skipped
[0.337s] -- Detecting CXX compile features
[0.337s] -- Detecting CXX compile features - done
[0.338s] -- Found ament_cmake: 1.3.11 (/opt/ros/humble/share/ament_cmake/cmake)
[0.554s] -- Found Python3: /usr/bin/python3 (found version "3.10.12") found components: Interpreter 
[0.609s] -- Found geometry_msgs: 4.8.0 (/opt/ros/humble/share/geometry_msgs/cmake)
[0.627s] -- Found rosidl_generator_c: 3.1.6 (/opt/ros/humble/share/rosidl_generator_c/cmake)
[0.630s] -- Found rosidl_adapter: 3.1.6 (/opt/ros/humble/share/rosidl_adapter/cmake)
[0.634s] -- Found rosidl_generator_cpp: 3.1.6 (/opt/ros/humble/share/rosidl_generator_cpp/cmake)
[0.640s] -- Using all available rosidl_typesupport_c: rosidl_typesupport_fastrtps_c;rosidl_typesupport_introspection_c
[0.649s] -- Using all available rosidl_typesupport_cpp: rosidl_typesupport_fastrtps_cpp;rosidl_typesupport_introspection_cpp
[0.673s] -- Found rosidl_default_generators: 1.2.0 (/opt/ros/humble/share/rosidl_default_generators/cmake)
[0.863s] -- Found ament_cmake_ros: 0.10.0 (/opt/ros/humble/share/ament_cmake_ros/cmake)
[1.108s] -- Using all available rosidl_typesupport_c: rosidl_typesupport_fastrtps_c;rosidl_typesupport_introspection_c
[1.209s] -- Using all available rosidl_typesupport_cpp: rosidl_typesupport_fastrtps_cpp;rosidl_typesupport_introspection_cpp
[1.219s] -- Found PythonInterp: /usr/bin/python3 (found suitable version "3.10.12", minimum required is "3.6") 
[1.220s] -- Found python_cmake_module: 0.10.0 (/opt/ros/humble/share/python_cmake_module/cmake)
[1.234s] -- Found PythonLibs: /usr/lib/x86_64-linux-gnu/libpython3.10.so (found suitable version "3.10.12", minimum required is "3.5") 
[1.234s] -- Using PYTHON_EXECUTABLE: /usr/bin/python3
[1.235s] -- Using PYTHON_INCLUDE_DIRS: /usr/include/python3.10
[1.235s] -- Using PYTHON_LIBRARIES: /usr/lib/x86_64-linux-gnu/libpython3.10.so
[1.248s] -- Found PythonExtra: .so  
[1.277s] -- Found ament_lint_auto: 0.12.12 (/opt/ros/humble/share/ament_lint_auto/cmake)
[1.285s] -- Added test 'lint_cmake' to check CMake code style
[1.286s] -- Added test 'xmllint' to check XML markup files
[1.287s] -- Configuring done
[1.310s] -- Generating done
[1.317s] -- Build files have been written to: /home/siddhant/irc_rover_controls_2025/drive_control/build/msg_interfaces
[1.326s] Invoked command in '/home/siddhant/irc_rover_controls_2025/drive_control/build/msg_interfaces' returned '0': CMAKE_PREFIX_PATH=${CMAKE_PREFIX_PATH}:/home/siddhant/irc_rover_controls_2025/arm_control/install/joint_control:/home/siddhant/irc_rover_controls_2025/arm_control/install/ik_control:/opt/ros/humble /usr/bin/cmake /home/siddhant/irc_rover_controls_2025/drive_control/src/msg_interfaces -DCMAKE_INSTALL_PREFIX=/home/siddhant/irc_rover_controls_2025/drive_control/install/msg_interfaces
[1.326s] Invoking command in '/home/siddhant/irc_rover_controls_2025/drive_control/build/msg_interfaces': CMAKE_PREFIX_PATH=${CMAKE_PREFIX_PATH}:/home/siddhant/irc_rover_controls_2025/arm_control/install/joint_control:/home/siddhant/irc_rover_controls_2025/arm_control/install/ik_control:/opt/ros/humble /usr/bin/cmake --build /home/siddhant/irc_rover_controls_2025/drive_control/build/msg_interfaces -- -j22 -l22
[1.360s] [  1%] [34m[1mGenerating C code for ROS interfaces[0m
[1.370s] [  2%] [34m[1mGenerating C++ code for ROS interfaces[0m
[1.374s] [  2%] Built target ament_cmake_python_copy_msg_interfaces
[1.510s] running egg_info
[1.519s] creating msg_interfaces.egg-info
[1.519s] writing msg_interfaces.egg-info/PKG-INFO
[1.519s] writing dependency_links to msg_interfaces.egg-info/dependency_links.txt
[1.520s] writing top-level names to msg_interfaces.egg-info/top_level.txt
[1.520s] writing manifest file 'msg_interfaces.egg-info/SOURCES.txt'
[1.551s] reading manifest file 'msg_interfaces.egg-info/SOURCES.txt'
[1.551s] writing manifest file 'msg_interfaces.egg-info/SOURCES.txt'
[1.576s] [  2%] Built target ament_cmake_python_build_msg_interfaces_egg
[1.698s] [  2%] Built target msg_interfaces__cpp
[1.700s] [  4%] [32mBuilding C object CMakeFiles/msg_interfaces__rosidl_generator_c.dir/rosidl_generator_c/msg_interfaces/msg/detail/drive__functions.c.o[0m
[1.701s] [  5%] [32mBuilding C object CMakeFiles/msg_interfaces__rosidl_generator_c.dir/rosidl_generator_c/msg_interfaces/msg/detail/encoder_arm__functions.c.o[0m
[1.701s] [  7%] [32mBuilding C object CMakeFiles/msg_interfaces__rosidl_generator_c.dir/rosidl_generator_c/msg_interfaces/msg/detail/motor_six__functions.c.o[0m
[1.701s] [  8%] [32mBuilding C object CMakeFiles/msg_interfaces__rosidl_generator_c.dir/rosidl_generator_c/msg_interfaces/msg/detail/encoder_drive__functions.c.o[0m
[1.702s] [  9%] [32mBuilding C object CMakeFiles/msg_interfaces__rosidl_generator_c.dir/rosidl_generator_c/msg_interfaces/msg/detail/cam_drive__functions.c.o[0m
[1.702s] [ 11%] [32mBuilding C object CMakeFiles/msg_interfaces__rosidl_generator_c.dir/rosidl_generator_c/msg_interfaces/msg/detail/arm_end_motion__functions.c.o[0m
[1.704s] [ 12%] [34m[1mGenerating C++ introspection for ROS interfaces[0m
[1.705s] [ 14%] [34m[1mGenerating C++ type support for eProsima Fast-RTPS[0m
[1.707s] [ 15%] [34m[1mGenerating C++ type support dispatch for ROS interfaces[0m
[1.750s] [ 16%] [32m[1mLinking C shared library libmsg_interfaces__rosidl_generator_c.so[0m
[1.779s] [ 16%] Built target msg_interfaces__rosidl_generator_c
[1.787s] [ 18%] [34m[1mGenerating C introspection for ROS interfaces[0m
[1.788s] [ 21%] [34m[1mGenerating C type support for eProsima Fast-RTPS[0m
[1.788s] [ 21%] [34m[1mGenerating C type support dispatch for ROS interfaces[0m
[1.961s] [ 22%] [32mBuilding CXX object CMakeFiles/msg_interfaces__rosidl_typesupport_cpp.dir/rosidl_typesupport_cpp/msg_interfaces/msg/encoder_drive__type_support.cpp.o[0m
[1.961s] [ 23%] [32mBuilding CXX object CMakeFiles/msg_interfaces__rosidl_typesupport_cpp.dir/rosidl_typesupport_cpp/msg_interfaces/msg/drive__type_support.cpp.o[0m
[1.962s] [ 25%] [32mBuilding CXX object CMakeFiles/msg_interfaces__rosidl_typesupport_cpp.dir/rosidl_typesupport_cpp/msg_interfaces/msg/arm_end_motion__type_support.cpp.o[0m
[1.962s] [ 26%] [32mBuilding CXX object CMakeFiles/msg_interfaces__rosidl_typesupport_cpp.dir/rosidl_typesupport_cpp/msg_interfaces/msg/cam_drive__type_support.cpp.o[0m
[1.962s] [ 29%] [32mBuilding CXX object CMakeFiles/msg_interfaces__rosidl_typesupport_cpp.dir/rosidl_typesupport_cpp/msg_interfaces/msg/encoder_arm__type_support.cpp.o[0m
[1.962s] [ 29%] [32mBuilding CXX object CMakeFiles/msg_interfaces__rosidl_typesupport_cpp.dir/rosidl_typesupport_cpp/msg_interfaces/msg/motor_six__type_support.cpp.o[0m
[2.045s] [ 30%] [32mBuilding CXX object CMakeFiles/msg_interfaces__rosidl_typesupport_fastrtps_cpp.dir/rosidl_typesupport_fastrtps_cpp/msg_interfaces/msg/detail/dds_fastrtps/drive__type_support.cpp.o[0m
[2.045s] [ 32%] [32mBuilding CXX object CMakeFiles/msg_interfaces__rosidl_typesupport_fastrtps_cpp.dir/rosidl_typesupport_fastrtps_cpp/msg_interfaces/msg/detail/dds_fastrtps/motor_six__type_support.cpp.o[0m
[2.045s] [ 33%] [32mBuilding CXX object CMakeFiles/msg_interfaces__rosidl_typesupport_fastrtps_cpp.dir/rosidl_typesupport_fastrtps_cpp/msg_interfaces/msg/detail/dds_fastrtps/cam_drive__type_support.cpp.o[0m
[2.046s] [ 36%] [32mBuilding CXX object CMakeFiles/msg_interfaces__rosidl_typesupport_fastrtps_cpp.dir/rosidl_typesupport_fastrtps_cpp/msg_interfaces/msg/detail/dds_fastrtps/encoder_arm__type_support.cpp.o[0m
[2.046s] [ 36%] [32mBuilding CXX object CMakeFiles/msg_interfaces__rosidl_typesupport_fastrtps_cpp.dir/rosidl_typesupport_fastrtps_cpp/msg_interfaces/msg/detail/dds_fastrtps/arm_end_motion__type_support.cpp.o[0m
[2.048s] [ 38%] [32mBuilding CXX object CMakeFiles/msg_interfaces__rosidl_typesupport_fastrtps_cpp.dir/rosidl_typesupport_fastrtps_cpp/msg_interfaces/msg/detail/dds_fastrtps/encoder_drive__type_support.cpp.o[0m
[2.064s] [ 40%] [32mBuilding CXX object CMakeFiles/msg_interfaces__rosidl_typesupport_introspection_cpp.dir/rosidl_typesupport_introspection_cpp/msg_interfaces/msg/detail/encoder_drive__type_support.cpp.o[0m
[2.064s] [ 42%] [32mBuilding CXX object CMakeFiles/msg_interfaces__rosidl_typesupport_introspection_cpp.dir/rosidl_typesupport_introspection_cpp/msg_interfaces/msg/detail/drive__type_support.cpp.o[0m
[2.064s] [ 42%] [32mBuilding CXX object CMakeFiles/msg_interfaces__rosidl_typesupport_introspection_cpp.dir/rosidl_typesupport_introspection_cpp/msg_interfaces/msg/detail/arm_end_motion__type_support.cpp.o[0m
[2.064s] [ 43%] [32mBuilding CXX object CMakeFiles/msg_interfaces__rosidl_typesupport_introspection_cpp.dir/rosidl_typesupport_introspection_cpp/msg_interfaces/msg/detail/encoder_arm__type_support.cpp.o[0m
[2.066s] [ 45%] [32mBuilding CXX object CMakeFiles/msg_interfaces__rosidl_typesupport_introspection_cpp.dir/rosidl_typesupport_introspection_cpp/msg_interfaces/msg/detail/cam_drive__type_support.cpp.o[0m
[2.068s] [ 46%] [32mBuilding CXX object CMakeFiles/msg_interfaces__rosidl_typesupport_introspection_cpp.dir/rosidl_typesupport_introspection_cpp/msg_interfaces/msg/detail/motor_six__type_support.cpp.o[0m
[2.143s] [ 47%] [32mBuilding CXX object CMakeFiles/msg_interfaces__rosidl_typesupport_c.dir/rosidl_typesupport_c/msg_interfaces/msg/drive__type_support.cpp.o[0m
[2.146s] [ 49%] [32mBuilding CXX object CMakeFiles/msg_interfaces__rosidl_typesupport_c.dir/rosidl_typesupport_c/msg_interfaces/msg/cam_drive__type_support.cpp.o[0m
[2.194s] [ 52%] [32mBuilding CXX object CMakeFiles/msg_interfaces__rosidl_typesupport_c.dir/rosidl_typesupport_c/msg_interfaces/msg/arm_end_motion__type_support.cpp.o[0m
[2.194s] [ 52%] [32mBuilding CXX object CMakeFiles/msg_interfaces__rosidl_typesupport_c.dir/rosidl_typesupport_c/msg_interfaces/msg/motor_six__type_support.cpp.o[0m
[2.248s] [ 53%] [32mBuilding CXX object CMakeFiles/msg_interfaces__rosidl_typesupport_c.dir/rosidl_typesupport_c/msg_interfaces/msg/encoder_arm__type_support.cpp.o[0m
[2.278s] [ 54%] [32mBuilding CXX object CMakeFiles/msg_interfaces__rosidl_typesupport_c.dir/rosidl_typesupport_c/msg_interfaces/msg/encoder_drive__type_support.cpp.o[0m
[2.321s] [ 56%] [32m[1mLinking CXX shared library libmsg_interfaces__rosidl_typesupport_c.so[0m
[2.328s] [ 57%] [32mBuilding C object CMakeFiles/msg_interfaces__rosidl_typesupport_introspection_c.dir/rosidl_typesupport_introspection_c/msg_interfaces/msg/detail/cam_drive__type_support.c.o[0m
[2.329s] [ 59%] [32mBuilding C object CMakeFiles/msg_interfaces__rosidl_typesupport_introspection_c.dir/rosidl_typesupport_introspection_c/msg_interfaces/msg/detail/encoder_arm__type_support.c.o[0m
[2.330s] [ 60%] [32mBuilding C object CMakeFiles/msg_interfaces__rosidl_typesupport_introspection_c.dir/rosidl_typesupport_introspection_c/msg_interfaces/msg/detail/motor_six__type_support.c.o[0m
[2.332s] [ 61%] [32mBuilding C object CMakeFiles/msg_interfaces__rosidl_typesupport_introspection_c.dir/rosidl_typesupport_introspection_c/msg_interfaces/msg/detail/drive__type_support.c.o[0m
[2.335s] [ 63%] [32mBuilding C object CMakeFiles/msg_interfaces__rosidl_typesupport_introspection_c.dir/rosidl_typesupport_introspection_c/msg_interfaces/msg/detail/arm_end_motion__type_support.c.o[0m
[2.337s] [ 64%] [32mBuilding C object CMakeFiles/msg_interfaces__rosidl_typesupport_introspection_c.dir/rosidl_typesupport_introspection_c/msg_interfaces/msg/detail/encoder_drive__type_support.c.o[0m
[2.357s] [ 66%] [32mBuilding CXX object CMakeFiles/msg_interfaces__rosidl_typesupport_fastrtps_c.dir/rosidl_typesupport_fastrtps_c/msg_interfaces/msg/detail/drive__type_support_c.cpp.o[0m
[2.360s] [ 67%] [32m[1mLinking CXX shared library libmsg_interfaces__rosidl_typesupport_cpp.so[0m
[2.361s] [ 69%] [32mBuilding CXX object CMakeFiles/msg_interfaces__rosidl_typesupport_fastrtps_c.dir/rosidl_typesupport_fastrtps_c/msg_interfaces/msg/detail/cam_drive__type_support_c.cpp.o[0m
[2.383s] [ 70%] [32mBuilding CXX object CMakeFiles/msg_interfaces__rosidl_typesupport_fastrtps_c.dir/rosidl_typesupport_fastrtps_c/msg_interfaces/msg/detail/motor_six__type_support_c.cpp.o[0m
[2.383s] [ 71%] [32mBuilding CXX object CMakeFiles/msg_interfaces__rosidl_typesupport_fastrtps_c.dir/rosidl_typesupport_fastrtps_c/msg_interfaces/msg/detail/arm_end_motion__type_support_c.cpp.o[0m
[2.383s] [ 71%] Built target msg_interfaces__rosidl_typesupport_c
[2.389s] [ 73%] [32mBuilding CXX object CMakeFiles/msg_interfaces__rosidl_typesupport_fastrtps_c.dir/rosidl_typesupport_fastrtps_c/msg_interfaces/msg/detail/encoder_arm__type_support_c.cpp.o[0m
[2.398s] [ 74%] [32mBuilding CXX object CMakeFiles/msg_interfaces__rosidl_typesupport_fastrtps_c.dir/rosidl_typesupport_fastrtps_c/msg_interfaces/msg/detail/encoder_drive__type_support_c.cpp.o[0m
[2.404s] [ 76%] [32m[1mLinking C shared library libmsg_interfaces__rosidl_typesupport_introspection_c.so[0m
[2.435s] [ 76%] Built target msg_interfaces__rosidl_typesupport_cpp
[2.450s] [ 76%] Built target msg_interfaces__rosidl_typesupport_introspection_c
[2.689s] [ 77%] [32m[1mLinking CXX shared library libmsg_interfaces__rosidl_typesupport_fastrtps_cpp.so[0m
[2.749s] [ 78%] [32m[1mLinking CXX shared library libmsg_interfaces__rosidl_typesupport_introspection_cpp.so[0m
[2.754s] [ 78%] Built target msg_interfaces__rosidl_typesupport_fastrtps_cpp
[2.772s] [ 80%] [32m[1mLinking CXX shared library libmsg_interfaces__rosidl_typesupport_fastrtps_c.so[0m
[2.798s] [ 80%] Built target msg_interfaces__rosidl_typesupport_introspection_cpp
[2.818s] [ 80%] Built target msg_interfaces__rosidl_typesupport_fastrtps_c
[2.835s] [ 80%] Built target msg_interfaces
[2.851s] [ 81%] [34m[1mGenerating Python code for ROS interfaces[0m
[3.332s] [ 81%] Built target msg_interfaces__py
[3.346s] [ 84%] [32mBuilding C object CMakeFiles/msg_interfaces__rosidl_generator_py.dir/rosidl_generator_py/msg_interfaces/msg/_motor_six_s.c.o[0m
[3.346s] [ 84%] [32mBuilding C object CMakeFiles/msg_interfaces__rosidl_generator_py.dir/rosidl_generator_py/msg_interfaces/msg/_cam_drive_s.c.o[0m
[3.346s] [ 85%] [32mBuilding C object CMakeFiles/msg_interfaces__rosidl_generator_py.dir/rosidl_generator_py/msg_interfaces/msg/_arm_end_motion_s.c.o[0m
[3.347s] [ 87%] [32mBuilding C object CMakeFiles/msg_interfaces__rosidl_generator_py.dir/rosidl_generator_py/msg_interfaces/msg/_drive_s.c.o[0m
[3.347s] [ 88%] [32mBuilding C object CMakeFiles/msg_interfaces__rosidl_generator_py.dir/rosidl_generator_py/msg_interfaces/msg/_encoder_drive_s.c.o[0m
[3.347s] [ 90%] [32mBuilding C object CMakeFiles/msg_interfaces__rosidl_generator_py.dir/rosidl_generator_py/msg_interfaces/msg/_encoder_arm_s.c.o[0m
[3.441s] [ 91%] [32m[1mLinking C shared library rosidl_generator_py/msg_interfaces/libmsg_interfaces__rosidl_generator_py.so[0m
[3.468s] [ 91%] Built target msg_interfaces__rosidl_generator_py
[3.479s] [ 92%] [32mBuilding C object CMakeFiles/msg_interfaces__rosidl_typesupport_fastrtps_c__pyext.dir/rosidl_generator_py/msg_interfaces/_msg_interfaces_s.ep.rosidl_typesupport_fastrtps_c.c.o[0m
[3.485s] [ 94%] [32mBuilding C object CMakeFiles/msg_interfaces__rosidl_typesupport_c__pyext.dir/rosidl_generator_py/msg_interfaces/_msg_interfaces_s.ep.rosidl_typesupport_c.c.o[0m
[3.487s] [ 95%] [32mBuilding C object CMakeFiles/msg_interfaces__rosidl_typesupport_introspection_c__pyext.dir/rosidl_generator_py/msg_interfaces/_msg_interfaces_s.ep.rosidl_typesupport_introspection_c.c.o[0m
[3.554s] [ 97%] [32m[1mLinking C shared library rosidl_generator_py/msg_interfaces/msg_interfaces_s__rosidl_typesupport_fastrtps_c.cpython-310-x86_64-linux-gnu.so[0m
[3.554s] [ 98%] [32m[1mLinking C shared library rosidl_generator_py/msg_interfaces/msg_interfaces_s__rosidl_typesupport_c.cpython-310-x86_64-linux-gnu.so[0m
[3.558s] [100%] [32m[1mLinking C shared library rosidl_generator_py/msg_interfaces/msg_interfaces_s__rosidl_typesupport_introspection_c.cpython-310-x86_64-linux-gnu.so[0m
[3.581s] [100%] Built target msg_interfaces__rosidl_typesupport_fastrtps_c__pyext
[3.582s] [100%] Built target msg_interfaces__rosidl_typesupport_c__pyext
[3.587s] [100%] Built target msg_interfaces__rosidl_typesupport_introspection_c__pyext
[3.595s] Invoked command in '/home/siddhant/irc_rover_controls_2025/drive_control/build/msg_interfaces' returned '0': CMAKE_PREFIX_PATH=${CMAKE_PREFIX_PATH}:/home/siddhant/irc_rover_controls_2025/arm_control/install/joint_control:/home/siddhant/irc_rover_controls_2025/arm_control/install/ik_control:/opt/ros/humble /usr/bin/cmake --build /home/siddhant/irc_rover_controls_2025/drive_control/build/msg_interfaces -- -j22 -l22
[3.599s] Invoking command in '/home/siddhant/irc_rover_controls_2025/drive_control/build/msg_interfaces': CMAKE_PREFIX_PATH=${CMAKE_PREFIX_PATH}:/home/siddhant/irc_rover_controls_2025/arm_control/install/joint_control:/home/siddhant/irc_rover_controls_2025/arm_control/install/ik_control:/opt/ros/humble /usr/bin/cmake --install /home/siddhant/irc_rover_controls_2025/drive_control/build/msg_interfaces
[3.606s] -- Install configuration: ""
[3.606s] -- Installing: /home/siddhant/irc_rover_controls_2025/drive_control/install/msg_interfaces/share/ament_index/resource_index/rosidl_interfaces/msg_interfaces
[3.606s] -- Installing: /home/siddhant/irc_rover_controls_2025/drive_control/install/msg_interfaces/include/msg_interfaces/msg_interfaces
[3.606s] -- Installing: /home/siddhant/irc_rover_controls_2025/drive_control/install/msg_interfaces/include/msg_interfaces/msg_interfaces/msg
[3.606s] -- Installing: /home/siddhant/irc_rover_controls_2025/drive_control/install/msg_interfaces/include/msg_interfaces/msg_interfaces/msg/motor_six.h
[3.606s] -- Installing: /home/siddhant/irc_rover_controls_2025/drive_control/install/msg_interfaces/include/msg_interfaces/msg_interfaces/msg/encoder_arm.h
[3.606s] -- Installing: /home/siddhant/irc_rover_controls_2025/drive_control/install/msg_interfaces/include/msg_interfaces/msg_interfaces/msg/cam_drive.h
[3.606s] -- Installing: /home/siddhant/irc_rover_controls_2025/drive_control/install/msg_interfaces/include/msg_interfaces/msg_interfaces/msg/rosidl_generator_c__visibility_control.h
[3.607s] -- Installing: /home/siddhant/irc_rover_controls_2025/drive_control/install/msg_interfaces/include/msg_interfaces/msg_interfaces/msg/drive.h
[3.607s] -- Installing: /home/siddhant/irc_rover_controls_2025/drive_control/install/msg_interfaces/include/msg_interfaces/msg_interfaces/msg/encoder_drive.h
[3.607s] -- Installing: /home/siddhant/irc_rover_controls_2025/drive_control/install/msg_interfaces/include/msg_interfaces/msg_interfaces/msg/arm_end_motion.h
[3.607s] -- Installing: /home/siddhant/irc_rover_controls_2025/drive_control/install/msg_interfaces/include/msg_interfaces/msg_interfaces/msg/detail
[3.607s] -- Installing: /home/siddhant/irc_rover_controls_2025/drive_control/install/msg_interfaces/include/msg_interfaces/msg_interfaces/msg/detail/encoder_arm__type_support.h
[3.607s] -- Installing: /home/siddhant/irc_rover_controls_2025/drive_control/install/msg_interfaces/include/msg_interfaces/msg_interfaces/msg/detail/cam_drive__struct.h
[3.607s] -- Installing: /home/siddhant/irc_rover_controls_2025/drive_control/install/msg_interfaces/include/msg_interfaces/msg_interfaces/msg/detail/arm_end_motion__type_support.h
[3.607s] -- Installing: /home/siddhant/irc_rover_controls_2025/drive_control/install/msg_interfaces/include/msg_interfaces/msg_interfaces/msg/detail/encoder_drive__functions.c
[3.607s] -- Installing: /home/siddhant/irc_rover_controls_2025/drive_control/install/msg_interfaces/include/msg_interfaces/msg_interfaces/msg/detail/encoder_drive__struct.h
[3.607s] -- Installing: /home/siddhant/irc_rover_controls_2025/drive_control/install/msg_interfaces/include/msg_interfaces/msg_interfaces/msg/detail/encoder_drive__type_support.h
[3.607s] -- Installing: /home/siddhant/irc_rover_controls_2025/drive_control/install/msg_interfaces/include/msg_interfaces/msg_interfaces/msg/detail/cam_drive__functions.h
[3.607s] -- Installing: /home/siddhant/irc_rover_controls_2025/drive_control/install/msg_interfaces/include/msg_interfaces/msg_interfaces/msg/detail/arm_end_motion__functions.h
[3.607s] -- Installing: /home/siddhant/irc_rover_controls_2025/drive_control/install/msg_interfaces/include/msg_interfaces/msg_interfaces/msg/detail/encoder_arm__struct.h
[3.607s] -- Installing: /home/siddhant/irc_rover_controls_2025/drive_control/install/msg_interfaces/include/msg_interfaces/msg_interfaces/msg/detail/encoder_drive__functions.h
[3.607s] -- Installing: /home/siddhant/irc_rover_controls_2025/drive_control/install/msg_interfaces/include/msg_interfaces/msg_interfaces/msg/detail/arm_end_motion__functions.c
[3.607s] -- Installing: /home/siddhant/irc_rover_controls_2025/drive_control/install/msg_interfaces/include/msg_interfaces/msg_interfaces/msg/detail/drive__functions.c
[3.607s] -- Installing: /home/siddhant/irc_rover_controls_2025/drive_control/install/msg_interfaces/include/msg_interfaces/msg_interfaces/msg/detail/cam_drive__functions.c
[3.607s] -- Installing: /home/siddhant/irc_rover_controls_2025/drive_control/install/msg_interfaces/include/msg_interfaces/msg_interfaces/msg/detail/drive__functions.h
[3.607s] -- Installing: /home/siddhant/irc_rover_controls_2025/drive_control/install/msg_interfaces/include/msg_interfaces/msg_interfaces/msg/detail/drive__type_support.h
[3.607s] -- Installing: /home/siddhant/irc_rover_controls_2025/drive_control/install/msg_interfaces/include/msg_interfaces/msg_interfaces/msg/detail/motor_six__struct.h
[3.607s] -- Installing: /home/siddhant/irc_rover_controls_2025/drive_control/install/msg_interfaces/include/msg_interfaces/msg_interfaces/msg/detail/motor_six__functions.c
[3.607s] -- Installing: /home/siddhant/irc_rover_controls_2025/drive_control/install/msg_interfaces/include/msg_interfaces/msg_interfaces/msg/detail/encoder_arm__functions.h
[3.607s] -- Installing: /home/siddhant/irc_rover_controls_2025/drive_control/install/msg_interfaces/include/msg_interfaces/msg_interfaces/msg/detail/arm_end_motion__struct.h
[3.607s] -- Installing: /home/siddhant/irc_rover_controls_2025/drive_control/install/msg_interfaces/include/msg_interfaces/msg_interfaces/msg/detail/motor_six__type_support.h
[3.607s] -- Installing: /home/siddhant/irc_rover_controls_2025/drive_control/install/msg_interfaces/include/msg_interfaces/msg_interfaces/msg/detail/cam_drive__type_support.h
[3.607s] -- Installing: /home/siddhant/irc_rover_controls_2025/drive_control/install/msg_interfaces/include/msg_interfaces/msg_interfaces/msg/detail/encoder_arm__functions.c
[3.608s] -- Installing: /home/siddhant/irc_rover_controls_2025/drive_control/install/msg_interfaces/include/msg_interfaces/msg_interfaces/msg/detail/motor_six__functions.h
[3.608s] -- Installing: /home/siddhant/irc_rover_controls_2025/drive_control/install/msg_interfaces/include/msg_interfaces/msg_interfaces/msg/detail/drive__struct.h
[3.608s] -- Installing: /home/siddhant/irc_rover_controls_2025/drive_control/install/msg_interfaces/share/msg_interfaces/environment/library_path.sh
[3.608s] -- Installing: /home/siddhant/irc_rover_controls_2025/drive_control/install/msg_interfaces/share/msg_interfaces/environment/library_path.dsv
[3.608s] -- Installing: /home/siddhant/irc_rover_controls_2025/drive_control/install/msg_interfaces/lib/libmsg_interfaces__rosidl_generator_c.so
[3.608s] -- Set runtime path of "/home/siddhant/irc_rover_controls_2025/drive_control/install/msg_interfaces/lib/libmsg_interfaces__rosidl_generator_c.so" to ""
[3.608s] -- Up-to-date: /home/siddhant/irc_rover_controls_2025/drive_control/install/msg_interfaces/include/msg_interfaces/msg_interfaces
[3.608s] -- Up-to-date: /home/siddhant/irc_rover_controls_2025/drive_control/install/msg_interfaces/include/msg_interfaces/msg_interfaces/msg
[3.608s] -- Installing: /home/siddhant/irc_rover_controls_2025/drive_control/install/msg_interfaces/include/msg_interfaces/msg_interfaces/msg/rosidl_typesupport_fastrtps_c__visibility_control.h
[3.608s] -- Up-to-date: /home/siddhant/irc_rover_controls_2025/drive_control/install/msg_interfaces/include/msg_interfaces/msg_interfaces/msg/detail
[3.608s] -- Installing: /home/siddhant/irc_rover_controls_2025/drive_control/install/msg_interfaces/include/msg_interfaces/msg_interfaces/msg/detail/motor_six__rosidl_typesupport_fastrtps_c.h
[3.608s] -- Installing: /home/siddhant/irc_rover_controls_2025/drive_control/install/msg_interfaces/include/msg_interfaces/msg_interfaces/msg/detail/cam_drive__rosidl_typesupport_fastrtps_c.h
[3.608s] -- Installing: /home/siddhant/irc_rover_controls_2025/drive_control/install/msg_interfaces/include/msg_interfaces/msg_interfaces/msg/detail/drive__rosidl_typesupport_fastrtps_c.h
[3.608s] -- Installing: /home/siddhant/irc_rover_controls_2025/drive_control/install/msg_interfaces/include/msg_interfaces/msg_interfaces/msg/detail/encoder_arm__rosidl_typesupport_fastrtps_c.h
[3.608s] -- Installing: /home/siddhant/irc_rover_controls_2025/drive_control/install/msg_interfaces/include/msg_interfaces/msg_interfaces/msg/detail/arm_end_motion__rosidl_typesupport_fastrtps_c.h
[3.608s] -- Installing: /home/siddhant/irc_rover_controls_2025/drive_control/install/msg_interfaces/include/msg_interfaces/msg_interfaces/msg/detail/encoder_drive__rosidl_typesupport_fastrtps_c.h
[3.608s] -- Installing: /home/siddhant/irc_rover_controls_2025/drive_control/install/msg_interfaces/lib/libmsg_interfaces__rosidl_typesupport_fastrtps_c.so
[3.608s] -- Set runtime path of "/home/siddhant/irc_rover_controls_2025/drive_control/install/msg_interfaces/lib/libmsg_interfaces__rosidl_typesupport_fastrtps_c.so" to ""
[3.609s] -- Up-to-date: /home/siddhant/irc_rover_controls_2025/drive_control/install/msg_interfaces/include/msg_interfaces/msg_interfaces
[3.609s] -- Up-to-date: /home/siddhant/irc_rover_controls_2025/drive_control/install/msg_interfaces/include/msg_interfaces/msg_interfaces/msg
[3.609s] -- Installing: /home/siddhant/irc_rover_controls_2025/drive_control/install/msg_interfaces/include/msg_interfaces/msg_interfaces/msg/encoder_arm.hpp
[3.609s] -- Installing: /home/siddhant/irc_rover_controls_2025/drive_control/install/msg_interfaces/include/msg_interfaces/msg_interfaces/msg/motor_six.hpp
[3.609s] -- Installing: /home/siddhant/irc_rover_controls_2025/drive_control/install/msg_interfaces/include/msg_interfaces/msg_interfaces/msg/rosidl_generator_cpp__visibility_control.hpp
[3.609s] -- Installing: /home/siddhant/irc_rover_controls_2025/drive_control/install/msg_interfaces/include/msg_interfaces/msg_interfaces/msg/drive.hpp
[3.609s] -- Installing: /home/siddhant/irc_rover_controls_2025/drive_control/install/msg_interfaces/include/msg_interfaces/msg_interfaces/msg/arm_end_motion.hpp
[3.609s] -- Installing: /home/siddhant/irc_rover_controls_2025/drive_control/install/msg_interfaces/include/msg_interfaces/msg_interfaces/msg/cam_drive.hpp
[3.609s] -- Up-to-date: /home/siddhant/irc_rover_controls_2025/drive_control/install/msg_interfaces/include/msg_interfaces/msg_interfaces/msg/detail
[3.609s] -- Installing: /home/siddhant/irc_rover_controls_2025/drive_control/install/msg_interfaces/include/msg_interfaces/msg_interfaces/msg/detail/cam_drive__builder.hpp
[3.609s] -- Installing: /home/siddhant/irc_rover_controls_2025/drive_control/install/msg_interfaces/include/msg_interfaces/msg_interfaces/msg/detail/drive__struct.hpp
[3.609s] -- Installing: /home/siddhant/irc_rover_controls_2025/drive_control/install/msg_interfaces/include/msg_interfaces/msg_interfaces/msg/detail/drive__traits.hpp
[3.609s] -- Installing: /home/siddhant/irc_rover_controls_2025/drive_control/install/msg_interfaces/include/msg_interfaces/msg_interfaces/msg/detail/encoder_drive__builder.hpp
[3.609s] -- Installing: /home/siddhant/irc_rover_controls_2025/drive_control/install/msg_interfaces/include/msg_interfaces/msg_interfaces/msg/detail/drive__type_support.hpp
[3.609s] -- Installing: /home/siddhant/irc_rover_controls_2025/drive_control/install/msg_interfaces/include/msg_interfaces/msg_interfaces/msg/detail/encoder_arm__struct.hpp
[3.609s] -- Installing: /home/siddhant/irc_rover_controls_2025/drive_control/install/msg_interfaces/include/msg_interfaces/msg_interfaces/msg/detail/arm_end_motion__struct.hpp
[3.609s] -- Installing: /home/siddhant/irc_rover_controls_2025/drive_control/install/msg_interfaces/include/msg_interfaces/msg_interfaces/msg/detail/encoder_drive__type_support.hpp
[3.609s] -- Installing: /home/siddhant/irc_rover_controls_2025/drive_control/install/msg_interfaces/include/msg_interfaces/msg_interfaces/msg/detail/drive__builder.hpp
[3.609s] -- Installing: /home/siddhant/irc_rover_controls_2025/drive_control/install/msg_interfaces/include/msg_interfaces/msg_interfaces/msg/detail/encoder_arm__traits.hpp
[3.609s] -- Installing: /home/siddhant/irc_rover_controls_2025/drive_control/install/msg_interfaces/include/msg_interfaces/msg_interfaces/msg/detail/encoder_drive__traits.hpp
[3.609s] -- Installing: /home/siddhant/irc_rover_controls_2025/drive_control/install/msg_interfaces/include/msg_interfaces/msg_interfaces/msg/detail/motor_six__type_support.hpp
[3.609s] -- Installing: /home/siddhant/irc_rover_controls_2025/drive_control/install/msg_interfaces/include/msg_interfaces/msg_interfaces/msg/detail/cam_drive__struct.hpp
[3.609s] -- Installing: /home/siddhant/irc_rover_controls_2025/drive_control/install/msg_interfaces/include/msg_interfaces/msg_interfaces/msg/detail/encoder_arm__type_support.hpp
[3.609s] -- Installing: /home/siddhant/irc_rover_controls_2025/drive_control/install/msg_interfaces/include/msg_interfaces/msg_interfaces/msg/detail/arm_end_motion__builder.hpp
[3.609s] -- Installing: /home/siddhant/irc_rover_controls_2025/drive_control/install/msg_interfaces/include/msg_interfaces/msg_interfaces/msg/detail/encoder_drive__struct.hpp
[3.610s] -- Installing: /home/siddhant/irc_rover_controls_2025/drive_control/install/msg_interfaces/include/msg_interfaces/msg_interfaces/msg/detail/cam_drive__type_support.hpp
[3.610s] -- Installing: /home/siddhant/irc_rover_controls_2025/drive_control/install/msg_interfaces/include/msg_interfaces/msg_interfaces/msg/detail/cam_drive__traits.hpp
[3.610s] -- Installing: /home/siddhant/irc_rover_controls_2025/drive_control/install/msg_interfaces/include/msg_interfaces/msg_interfaces/msg/detail/arm_end_motion__type_support.hpp
[3.610s] -- Installing: /home/siddhant/irc_rover_controls_2025/drive_control/install/msg_interfaces/include/msg_interfaces/msg_interfaces/msg/detail/motor_six__struct.hpp
[3.610s] -- Installing: /home/siddhant/irc_rover_controls_2025/drive_control/install/msg_interfaces/include/msg_interfaces/msg_interfaces/msg/detail/encoder_arm__builder.hpp
[3.610s] -- Installing: /home/siddhant/irc_rover_controls_2025/drive_control/install/msg_interfaces/include/msg_interfaces/msg_interfaces/msg/detail/motor_six__builder.hpp
[3.610s] -- Installing: /home/siddhant/irc_rover_controls_2025/drive_control/install/msg_interfaces/include/msg_interfaces/msg_interfaces/msg/detail/arm_end_motion__traits.hpp
[3.610s] -- Installing: /home/siddhant/irc_rover_controls_2025/drive_control/install/msg_interfaces/include/msg_interfaces/msg_interfaces/msg/detail/motor_six__traits.hpp
[3.610s] -- Installing: /home/siddhant/irc_rover_controls_2025/drive_control/install/msg_interfaces/include/msg_interfaces/msg_interfaces/msg/encoder_drive.hpp
[3.610s] -- Up-to-date: /home/siddhant/irc_rover_controls_2025/drive_control/install/msg_interfaces/include/msg_interfaces/msg_interfaces
[3.610s] -- Up-to-date: /home/siddhant/irc_rover_controls_2025/drive_control/install/msg_interfaces/include/msg_interfaces/msg_interfaces/msg
[3.610s] -- Up-to-date: /home/siddhant/irc_rover_controls_2025/drive_control/install/msg_interfaces/include/msg_interfaces/msg_interfaces/msg/detail
[3.610s] -- Installing: /home/siddhant/irc_rover_controls_2025/drive_control/install/msg_interfaces/include/msg_interfaces/msg_interfaces/msg/detail/drive__rosidl_typesupport_fastrtps_cpp.hpp
[3.610s] -- Installing: /home/siddhant/irc_rover_controls_2025/drive_control/install/msg_interfaces/include/msg_interfaces/msg_interfaces/msg/detail/motor_six__rosidl_typesupport_fastrtps_cpp.hpp
[3.610s] -- Installing: /home/siddhant/irc_rover_controls_2025/drive_control/install/msg_interfaces/include/msg_interfaces/msg_interfaces/msg/detail/arm_end_motion__rosidl_typesupport_fastrtps_cpp.hpp
[3.610s] -- Installing: /home/siddhant/irc_rover_controls_2025/drive_control/install/msg_interfaces/include/msg_interfaces/msg_interfaces/msg/detail/cam_drive__rosidl_typesupport_fastrtps_cpp.hpp
[3.610s] -- Installing: /home/siddhant/irc_rover_controls_2025/drive_control/install/msg_interfaces/include/msg_interfaces/msg_interfaces/msg/detail/encoder_arm__rosidl_typesupport_fastrtps_cpp.hpp
[3.610s] -- Installing: /home/siddhant/irc_rover_controls_2025/drive_control/install/msg_interfaces/include/msg_interfaces/msg_interfaces/msg/detail/dds_fastrtps
[3.610s] -- Installing: /home/siddhant/irc_rover_controls_2025/drive_control/install/msg_interfaces/include/msg_interfaces/msg_interfaces/msg/detail/encoder_drive__rosidl_typesupport_fastrtps_cpp.hpp
[3.610s] -- Installing: /home/siddhant/irc_rover_controls_2025/drive_control/install/msg_interfaces/include/msg_interfaces/msg_interfaces/msg/rosidl_typesupport_fastrtps_cpp__visibility_control.h
[3.610s] -- Installing: /home/siddhant/irc_rover_controls_2025/drive_control/install/msg_interfaces/lib/libmsg_interfaces__rosidl_typesupport_fastrtps_cpp.so
[3.610s] -- Set runtime path of "/home/siddhant/irc_rover_controls_2025/drive_control/install/msg_interfaces/lib/libmsg_interfaces__rosidl_typesupport_fastrtps_cpp.so" to ""
[3.610s] -- Up-to-date: /home/siddhant/irc_rover_controls_2025/drive_control/install/msg_interfaces/include/msg_interfaces/msg_interfaces
[3.610s] -- Up-to-date: /home/siddhant/irc_rover_controls_2025/drive_control/install/msg_interfaces/include/msg_interfaces/msg_interfaces/msg
[3.610s] -- Installing: /home/siddhant/irc_rover_controls_2025/drive_control/install/msg_interfaces/include/msg_interfaces/msg_interfaces/msg/rosidl_typesupport_introspection_c__visibility_control.h
[3.611s] -- Up-to-date: /home/siddhant/irc_rover_controls_2025/drive_control/install/msg_interfaces/include/msg_interfaces/msg_interfaces/msg/detail
[3.611s] -- Installing: /home/siddhant/irc_rover_controls_2025/drive_control/install/msg_interfaces/include/msg_interfaces/msg_interfaces/msg/detail/encoder_arm__type_support.c
[3.611s] -- Installing: /home/siddhant/irc_rover_controls_2025/drive_control/install/msg_interfaces/include/msg_interfaces/msg_interfaces/msg/detail/motor_six__type_support.c
[3.611s] -- Installing: /home/siddhant/irc_rover_controls_2025/drive_control/install/msg_interfaces/include/msg_interfaces/msg_interfaces/msg/detail/drive__rosidl_typesupport_introspection_c.h
[3.611s] -- Installing: /home/siddhant/irc_rover_controls_2025/drive_control/install/msg_interfaces/include/msg_interfaces/msg_interfaces/msg/detail/encoder_arm__rosidl_typesupport_introspection_c.h
[3.611s] -- Installing: /home/siddhant/irc_rover_controls_2025/drive_control/install/msg_interfaces/include/msg_interfaces/msg_interfaces/msg/detail/arm_end_motion__type_support.c
[3.611s] -- Installing: /home/siddhant/irc_rover_controls_2025/drive_control/install/msg_interfaces/include/msg_interfaces/msg_interfaces/msg/detail/cam_drive__type_support.c
[3.611s] -- Installing: /home/siddhant/irc_rover_controls_2025/drive_control/install/msg_interfaces/include/msg_interfaces/msg_interfaces/msg/detail/cam_drive__rosidl_typesupport_introspection_c.h
[3.611s] -- Installing: /home/siddhant/irc_rover_controls_2025/drive_control/install/msg_interfaces/include/msg_interfaces/msg_interfaces/msg/detail/drive__type_support.c
[3.611s] -- Installing: /home/siddhant/irc_rover_controls_2025/drive_control/install/msg_interfaces/include/msg_interfaces/msg_interfaces/msg/detail/arm_end_motion__rosidl_typesupport_introspection_c.h
[3.611s] -- Installing: /home/siddhant/irc_rover_controls_2025/drive_control/install/msg_interfaces/include/msg_interfaces/msg_interfaces/msg/detail/encoder_drive__rosidl_typesupport_introspection_c.h
[3.611s] -- Installing: /home/siddhant/irc_rover_controls_2025/drive_control/install/msg_interfaces/include/msg_interfaces/msg_interfaces/msg/detail/motor_six__rosidl_typesupport_introspection_c.h
[3.611s] -- Installing: /home/siddhant/irc_rover_controls_2025/drive_control/install/msg_interfaces/include/msg_interfaces/msg_interfaces/msg/detail/encoder_drive__type_support.c
[3.611s] -- Installing: /home/siddhant/irc_rover_controls_2025/drive_control/install/msg_interfaces/lib/libmsg_interfaces__rosidl_typesupport_introspection_c.so
[3.611s] -- Set runtime path of "/home/siddhant/irc_rover_controls_2025/drive_control/install/msg_interfaces/lib/libmsg_interfaces__rosidl_typesupport_introspection_c.so" to ""
[3.611s] -- Installing: /home/siddhant/irc_rover_controls_2025/drive_control/install/msg_interfaces/lib/libmsg_interfaces__rosidl_typesupport_c.so
[3.611s] -- Set runtime path of "/home/siddhant/irc_rover_controls_2025/drive_control/install/msg_interfaces/lib/libmsg_interfaces__rosidl_typesupport_c.so" to ""
[3.611s] -- Up-to-date: /home/siddhant/irc_rover_controls_2025/drive_control/install/msg_interfaces/include/msg_interfaces/msg_interfaces
[3.611s] -- Up-to-date: /home/siddhant/irc_rover_controls_2025/drive_control/install/msg_interfaces/include/msg_interfaces/msg_interfaces/msg
[3.611s] -- Up-to-date: /home/siddhant/irc_rover_controls_2025/drive_control/install/msg_interfaces/include/msg_interfaces/msg_interfaces/msg/detail
[3.612s] -- Installing: /home/siddhant/irc_rover_controls_2025/drive_control/install/msg_interfaces/include/msg_interfaces/msg_interfaces/msg/detail/motor_six__rosidl_typesupport_introspection_cpp.hpp
[3.612s] -- Installing: /home/siddhant/irc_rover_controls_2025/drive_control/install/msg_interfaces/include/msg_interfaces/msg_interfaces/msg/detail/encoder_drive__type_support.cpp
[3.612s] -- Installing: /home/siddhant/irc_rover_controls_2025/drive_control/install/msg_interfaces/include/msg_interfaces/msg_interfaces/msg/detail/drive__type_support.cpp
[3.612s] -- Installing: /home/siddhant/irc_rover_controls_2025/drive_control/install/msg_interfaces/include/msg_interfaces/msg_interfaces/msg/detail/motor_six__type_support.cpp
[3.612s] -- Installing: /home/siddhant/irc_rover_controls_2025/drive_control/install/msg_interfaces/include/msg_interfaces/msg_interfaces/msg/detail/cam_drive__rosidl_typesupport_introspection_cpp.hpp
[3.612s] -- Installing: /home/siddhant/irc_rover_controls_2025/drive_control/install/msg_interfaces/include/msg_interfaces/msg_interfaces/msg/detail/encoder_arm__rosidl_typesupport_introspection_cpp.hpp
[3.612s] -- Installing: /home/siddhant/irc_rover_controls_2025/drive_control/install/msg_interfaces/include/msg_interfaces/msg_interfaces/msg/detail/arm_end_motion__type_support.cpp
[3.612s] -- Installing: /home/siddhant/irc_rover_controls_2025/drive_control/install/msg_interfaces/include/msg_interfaces/msg_interfaces/msg/detail/arm_end_motion__rosidl_typesupport_introspection_cpp.hpp
[3.612s] -- Installing: /home/siddhant/irc_rover_controls_2025/drive_control/install/msg_interfaces/include/msg_interfaces/msg_interfaces/msg/detail/encoder_arm__type_support.cpp
[3.612s] -- Installing: /home/siddhant/irc_rover_controls_2025/drive_control/install/msg_interfaces/include/msg_interfaces/msg_interfaces/msg/detail/drive__rosidl_typesupport_introspection_cpp.hpp
[3.612s] -- Installing: /home/siddhant/irc_rover_controls_2025/drive_control/install/msg_interfaces/include/msg_interfaces/msg_interfaces/msg/detail/encoder_drive__rosidl_typesupport_introspection_cpp.hpp
[3.612s] -- Installing: /home/siddhant/irc_rover_controls_2025/drive_control/install/msg_interfaces/include/msg_interfaces/msg_interfaces/msg/detail/cam_drive__type_support.cpp
[3.612s] -- Installing: /home/siddhant/irc_rover_controls_2025/drive_control/install/msg_interfaces/lib/libmsg_interfaces__rosidl_typesupport_introspection_cpp.so
[3.612s] -- Set runtime path of "/home/siddhant/irc_rover_controls_2025/drive_control/install/msg_interfaces/lib/libmsg_interfaces__rosidl_typesupport_introspection_cpp.so" to ""
[3.612s] -- Installing: /home/siddhant/irc_rover_controls_2025/drive_control/install/msg_interfaces/lib/libmsg_interfaces__rosidl_typesupport_cpp.so
[3.612s] -- Set runtime path of "/home/siddhant/irc_rover_controls_2025/drive_control/install/msg_interfaces/lib/libmsg_interfaces__rosidl_typesupport_cpp.so" to ""
[3.613s] -- Installing: /home/siddhant/irc_rover_controls_2025/drive_control/install/msg_interfaces/share/msg_interfaces/environment/pythonpath.sh
[3.613s] -- Installing: /home/siddhant/irc_rover_controls_2025/drive_control/install/msg_interfaces/share/msg_interfaces/environment/pythonpath.dsv
[3.613s] -- Installing: /home/siddhant/irc_rover_controls_2025/drive_control/install/msg_interfaces/local/lib/python3.10/dist-packages/msg_interfaces-0.0.0-py3.10.egg-info
[3.613s] -- Installing: /home/siddhant/irc_rover_controls_2025/drive_control/install/msg_interfaces/local/lib/python3.10/dist-packages/msg_interfaces-0.0.0-py3.10.egg-info/SOURCES.txt
[3.613s] -- Installing: /home/siddhant/irc_rover_controls_2025/drive_control/install/msg_interfaces/local/lib/python3.10/dist-packages/msg_interfaces-0.0.0-py3.10.egg-info/top_level.txt
[3.613s] -- Installing: /home/siddhant/irc_rover_controls_2025/drive_control/install/msg_interfaces/local/lib/python3.10/dist-packages/msg_interfaces-0.0.0-py3.10.egg-info/PKG-INFO
[3.613s] -- Installing: /home/siddhant/irc_rover_controls_2025/drive_control/install/msg_interfaces/local/lib/python3.10/dist-packages/msg_interfaces-0.0.0-py3.10.egg-info/dependency_links.txt
[3.613s] -- Installing: /home/siddhant/irc_rover_controls_2025/drive_control/install/msg_interfaces/local/lib/python3.10/dist-packages/msg_interfaces
[3.613s] -- Installing: /home/siddhant/irc_rover_controls_2025/drive_control/install/msg_interfaces/local/lib/python3.10/dist-packages/msg_interfaces/_msg_interfaces_s.ep.rosidl_typesupport_fastrtps_c.c
[3.613s] -- Installing: /home/siddhant/irc_rover_controls_2025/drive_control/install/msg_interfaces/local/lib/python3.10/dist-packages/msg_interfaces/_msg_interfaces_s.ep.rosidl_typesupport_introspection_c.c
[3.613s] -- Installing: /home/siddhant/irc_rover_controls_2025/drive_control/install/msg_interfaces/local/lib/python3.10/dist-packages/msg_interfaces/libmsg_interfaces__rosidl_generator_py.so
[3.613s] -- Installing: /home/siddhant/irc_rover_controls_2025/drive_control/install/msg_interfaces/local/lib/python3.10/dist-packages/msg_interfaces/msg_interfaces_s__rosidl_typesupport_fastrtps_c.cpython-310-x86_64-linux-gnu.so
[3.613s] -- Installing: /home/siddhant/irc_rover_controls_2025/drive_control/install/msg_interfaces/local/lib/python3.10/dist-packages/msg_interfaces/__init__.py
[3.613s] -- Installing: /home/siddhant/irc_rover_controls_2025/drive_control/install/msg_interfaces/local/lib/python3.10/dist-packages/msg_interfaces/msg_interfaces_s__rosidl_typesupport_c.cpython-310-x86_64-linux-gnu.so
[3.614s] -- Installing: /home/siddhant/irc_rover_controls_2025/drive_control/install/msg_interfaces/local/lib/python3.10/dist-packages/msg_interfaces/msg
[3.614s] -- Installing: /home/siddhant/irc_rover_controls_2025/drive_control/install/msg_interfaces/local/lib/python3.10/dist-packages/msg_interfaces/msg/_drive_s.c
[3.614s] -- Installing: /home/siddhant/irc_rover_controls_2025/drive_control/install/msg_interfaces/local/lib/python3.10/dist-packages/msg_interfaces/msg/_motor_six.py
[3.614s] -- Installing: /home/siddhant/irc_rover_controls_2025/drive_control/install/msg_interfaces/local/lib/python3.10/dist-packages/msg_interfaces/msg/_encoder_drive_s.c
[3.614s] -- Installing: /home/siddhant/irc_rover_controls_2025/drive_control/install/msg_interfaces/local/lib/python3.10/dist-packages/msg_interfaces/msg/_drive.py
[3.614s] -- Installing: /home/siddhant/irc_rover_controls_2025/drive_control/install/msg_interfaces/local/lib/python3.10/dist-packages/msg_interfaces/msg/_arm_end_motion_s.c
[3.614s] -- Installing: /home/siddhant/irc_rover_controls_2025/drive_control/install/msg_interfaces/local/lib/python3.10/dist-packages/msg_interfaces/msg/_arm_end_motion.py
[3.614s] -- Installing: /home/siddhant/irc_rover_controls_2025/drive_control/install/msg_interfaces/local/lib/python3.10/dist-packages/msg_interfaces/msg/_encoder_arm_s.c
[3.614s] -- Installing: /home/siddhant/irc_rover_controls_2025/drive_control/install/msg_interfaces/local/lib/python3.10/dist-packages/msg_interfaces/msg/_encoder_drive.py
[3.614s] -- Installing: /home/siddhant/irc_rover_controls_2025/drive_control/install/msg_interfaces/local/lib/python3.10/dist-packages/msg_interfaces/msg/_motor_six_s.c
[3.614s] -- Installing: /home/siddhant/irc_rover_controls_2025/drive_control/install/msg_interfaces/local/lib/python3.10/dist-packages/msg_interfaces/msg/_encoder_arm.py
[3.614s] -- Installing: /home/siddhant/irc_rover_controls_2025/drive_control/install/msg_interfaces/local/lib/python3.10/dist-packages/msg_interfaces/msg/_cam_drive_s.c
[3.614s] -- Installing: /home/siddhant/irc_rover_controls_2025/drive_control/install/msg_interfaces/local/lib/python3.10/dist-packages/msg_interfaces/msg/__init__.py
[3.614s] -- Installing: /home/siddhant/irc_rover_controls_2025/drive_control/install/msg_interfaces/local/lib/python3.10/dist-packages/msg_interfaces/msg/_cam_drive.py
[3.614s] -- Installing: /home/siddhant/irc_rover_controls_2025/drive_control/install/msg_interfaces/local/lib/python3.10/dist-packages/msg_interfaces/msg_interfaces_s__rosidl_typesupport_introspection_c.cpython-310-x86_64-linux-gnu.so
[3.614s] -- Installing: /home/siddhant/irc_rover_controls_2025/drive_control/install/msg_interfaces/local/lib/python3.10/dist-packages/msg_interfaces/_msg_interfaces_s.ep.rosidl_typesupport_c.c
[3.640s] Listing '/home/siddhant/irc_rover_controls_2025/drive_control/install/msg_interfaces/local/lib/python3.10/dist-packages/msg_interfaces'...
[3.640s] Compiling '/home/siddhant/irc_rover_controls_2025/drive_control/install/msg_interfaces/local/lib/python3.10/dist-packages/msg_interfaces/__init__.py'...
[3.640s] Listing '/home/siddhant/irc_rover_controls_2025/drive_control/install/msg_interfaces/local/lib/python3.10/dist-packages/msg_interfaces/msg'...
[3.640s] Compiling '/home/siddhant/irc_rover_controls_2025/drive_control/install/msg_interfaces/local/lib/python3.10/dist-packages/msg_interfaces/msg/__init__.py'...
[3.640s] Compiling '/home/siddhant/irc_rover_controls_2025/drive_control/install/msg_interfaces/local/lib/python3.10/dist-packages/msg_interfaces/msg/_arm_end_motion.py'...
[3.640s] Compiling '/home/siddhant/irc_rover_controls_2025/drive_control/install/msg_interfaces/local/lib/python3.10/dist-packages/msg_interfaces/msg/_cam_drive.py'...
[3.640s] Compiling '/home/siddhant/irc_rover_controls_2025/drive_control/install/msg_interfaces/local/lib/python3.10/dist-packages/msg_interfaces/msg/_drive.py'...
[3.640s] Compiling '/home/siddhant/irc_rover_controls_2025/drive_control/install/msg_interfaces/local/lib/python3.10/dist-packages/msg_interfaces/msg/_encoder_arm.py'...
[3.640s] Compiling '/home/siddhant/irc_rover_controls_2025/drive_control/install/msg_interfaces/local/lib/python3.10/dist-packages/msg_interfaces/msg/_encoder_drive.py'...
[3.640s] Compiling '/home/siddhant/irc_rover_controls_2025/drive_control/install/msg_interfaces/local/lib/python3.10/dist-packages/msg_interfaces/msg/_motor_six.py'...
[3.643s] -- Installing: /home/siddhant/irc_rover_controls_2025/drive_control/install/msg_interfaces/local/lib/python3.10/dist-packages/msg_interfaces/msg_interfaces_s__rosidl_typesupport_fastrtps_c.cpython-310-x86_64-linux-gnu.so
[3.643s] -- Set runtime path of "/home/siddhant/irc_rover_controls_2025/drive_control/install/msg_interfaces/local/lib/python3.10/dist-packages/msg_interfaces/msg_interfaces_s__rosidl_typesupport_fastrtps_c.cpython-310-x86_64-linux-gnu.so" to ""
[3.643s] -- Installing: /home/siddhant/irc_rover_controls_2025/drive_control/install/msg_interfaces/local/lib/python3.10/dist-packages/msg_interfaces/msg_interfaces_s__rosidl_typesupport_introspection_c.cpython-310-x86_64-linux-gnu.so
[3.643s] -- Set runtime path of "/home/siddhant/irc_rover_controls_2025/drive_control/install/msg_interfaces/local/lib/python3.10/dist-packages/msg_interfaces/msg_interfaces_s__rosidl_typesupport_introspection_c.cpython-310-x86_64-linux-gnu.so" to ""
[3.643s] -- Installing: /home/siddhant/irc_rover_controls_2025/drive_control/install/msg_interfaces/local/lib/python3.10/dist-packages/msg_interfaces/msg_interfaces_s__rosidl_typesupport_c.cpython-310-x86_64-linux-gnu.so
[3.643s] -- Set runtime path of "/home/siddhant/irc_rover_controls_2025/drive_control/install/msg_interfaces/local/lib/python3.10/dist-packages/msg_interfaces/msg_interfaces_s__rosidl_typesupport_c.cpython-310-x86_64-linux-gnu.so" to ""
[3.643s] -- Installing: /home/siddhant/irc_rover_controls_2025/drive_control/install/msg_interfaces/lib/libmsg_interfaces__rosidl_generator_py.so
[3.643s] -- Set runtime path of "/home/siddhant/irc_rover_controls_2025/drive_control/install/msg_interfaces/lib/libmsg_interfaces__rosidl_generator_py.so" to ""
[3.644s] -- Installing: /home/siddhant/irc_rover_controls_2025/drive_control/install/msg_interfaces/share/msg_interfaces/msg/Drive.idl
[3.644s] -- Installing: /home/siddhant/irc_rover_controls_2025/drive_control/install/msg_interfaces/share/msg_interfaces/msg/CamDrive.idl
[3.644s] -- Installing: /home/siddhant/irc_rover_controls_2025/drive_control/install/msg_interfaces/share/msg_interfaces/msg/ArmEndMotion.idl
[3.644s] -- Installing: /home/siddhant/irc_rover_controls_2025/drive_control/install/msg_interfaces/share/msg_interfaces/msg/MotorSix.idl
[3.644s] -- Installing: /home/siddhant/irc_rover_controls_2025/drive_control/install/msg_interfaces/share/msg_interfaces/msg/EncoderArm.idl
[3.644s] -- Installing: /home/siddhant/irc_rover_controls_2025/drive_control/install/msg_interfaces/share/msg_interfaces/msg/EncoderDrive.idl
[3.644s] -- Installing: /home/siddhant/irc_rover_controls_2025/drive_control/install/msg_interfaces/share/msg_interfaces/msg/Drive.msg
[3.644s] -- Installing: /home/siddhant/irc_rover_controls_2025/drive_control/install/msg_interfaces/share/msg_interfaces/msg/CamDrive.msg
[3.644s] -- Installing: /home/siddhant/irc_rover_controls_2025/drive_control/install/msg_interfaces/share/msg_interfaces/msg/ArmEndMotion.msg
[3.644s] -- Installing: /home/siddhant/irc_rover_controls_2025/drive_control/install/msg_interfaces/share/msg_interfaces/msg/MotorSix.msg
[3.644s] -- Installing: /home/siddhant/irc_rover_controls_2025/drive_control/install/msg_interfaces/share/msg_interfaces/msg/EncoderArm.msg
[3.644s] -- Installing: /home/siddhant/irc_rover_controls_2025/drive_control/install/msg_interfaces/share/msg_interfaces/msg/EncoderDrive.msg
[3.644s] -- Installing: /home/siddhant/irc_rover_controls_2025/drive_control/install/msg_interfaces/share/ament_index/resource_index/package_run_dependencies/msg_interfaces
[3.644s] -- Installing: /home/siddhant/irc_rover_controls_2025/drive_control/install/msg_interfaces/share/ament_index/resource_index/parent_prefix_path/msg_interfaces
[3.644s] -- Installing: /home/siddhant/irc_rover_controls_2025/drive_control/install/msg_interfaces/share/msg_interfaces/environment/ament_prefix_path.sh
[3.644s] -- Installing: /home/siddhant/irc_rover_controls_2025/drive_control/install/msg_interfaces/share/msg_interfaces/environment/ament_prefix_path.dsv
[3.645s] -- Installing: /home/siddhant/irc_rover_controls_2025/drive_control/install/msg_interfaces/share/msg_interfaces/environment/path.sh
[3.645s] -- Installing: /home/siddhant/irc_rover_controls_2025/drive_control/install/msg_interfaces/share/msg_interfaces/environment/path.dsv
[3.645s] -- Installing: /home/siddhant/irc_rover_controls_2025/drive_control/install/msg_interfaces/share/msg_interfaces/local_setup.bash
[3.645s] -- Installing: /home/siddhant/irc_rover_controls_2025/drive_control/install/msg_interfaces/share/msg_interfaces/local_setup.sh
[3.645s] -- Installing: /home/siddhant/irc_rover_controls_2025/drive_control/install/msg_interfaces/share/msg_interfaces/local_setup.zsh
[3.645s] -- Installing: /home/siddhant/irc_rover_controls_2025/drive_control/install/msg_interfaces/share/msg_interfaces/local_setup.dsv
[3.645s] -- Installing: /home/siddhant/irc_rover_controls_2025/drive_control/install/msg_interfaces/share/msg_interfaces/package.dsv
[3.645s] -- Installing: /home/siddhant/irc_rover_controls_2025/drive_control/install/msg_interfaces/share/ament_index/resource_index/packages/msg_interfaces
[3.645s] -- Installing: /home/siddhant/irc_rover_controls_2025/drive_control/install/msg_interfaces/share/msg_interfaces/cmake/export_msg_interfaces__rosidl_generator_cExport.cmake
[3.645s] -- Installing: /home/siddhant/irc_rover_controls_2025/drive_control/install/msg_interfaces/share/msg_interfaces/cmake/export_msg_interfaces__rosidl_generator_cExport-noconfig.cmake
[3.645s] -- Installing: /home/siddhant/irc_rover_controls_2025/drive_control/install/msg_interfaces/share/msg_interfaces/cmake/export_msg_interfaces__rosidl_typesupport_fastrtps_cExport.cmake
[3.645s] -- Installing: /home/siddhant/irc_rover_controls_2025/drive_control/install/msg_interfaces/share/msg_interfaces/cmake/export_msg_interfaces__rosidl_typesupport_fastrtps_cExport-noconfig.cmake
[3.645s] -- Installing: /home/siddhant/irc_rover_controls_2025/drive_control/install/msg_interfaces/share/msg_interfaces/cmake/export_msg_interfaces__rosidl_generator_cppExport.cmake
[3.645s] -- Installing: /home/siddhant/irc_rover_controls_2025/drive_control/install/msg_interfaces/share/msg_interfaces/cmake/export_msg_interfaces__rosidl_typesupport_fastrtps_cppExport.cmake
[3.645s] -- Installing: /home/siddhant/irc_rover_controls_2025/drive_control/install/msg_interfaces/share/msg_interfaces/cmake/export_msg_interfaces__rosidl_typesupport_fastrtps_cppExport-noconfig.cmake
[3.645s] -- Installing: /home/siddhant/irc_rover_controls_2025/drive_control/install/msg_interfaces/share/msg_interfaces/cmake/msg_interfaces__rosidl_typesupport_introspection_cExport.cmake
[3.645s] -- Installing: /home/siddhant/irc_rover_controls_2025/drive_control/install/msg_interfaces/share/msg_interfaces/cmake/msg_interfaces__rosidl_typesupport_introspection_cExport-noconfig.cmake
[3.645s] -- Installing: /home/siddhant/irc_rover_controls_2025/drive_control/install/msg_interfaces/share/msg_interfaces/cmake/msg_interfaces__rosidl_typesupport_cExport.cmake
[3.645s] -- Installing: /home/siddhant/irc_rover_controls_2025/drive_control/install/msg_interfaces/share/msg_interfaces/cmake/msg_interfaces__rosidl_typesupport_cExport-noconfig.cmake
[3.646s] -- Installing: /home/siddhant/irc_rover_controls_2025/drive_control/install/msg_interfaces/share/msg_interfaces/cmake/msg_interfaces__rosidl_typesupport_introspection_cppExport.cmake
[3.646s] -- Installing: /home/siddhant/irc_rover_controls_2025/drive_control/install/msg_interfaces/share/msg_interfaces/cmake/msg_interfaces__rosidl_typesupport_introspection_cppExport-noconfig.cmake
[3.646s] -- Installing: /home/siddhant/irc_rover_controls_2025/drive_control/install/msg_interfaces/share/msg_interfaces/cmake/msg_interfaces__rosidl_typesupport_cppExport.cmake
[3.646s] -- Installing: /home/siddhant/irc_rover_controls_2025/drive_control/install/msg_interfaces/share/msg_interfaces/cmake/msg_interfaces__rosidl_typesupport_cppExport-noconfig.cmake
[3.646s] -- Installing: /home/siddhant/irc_rover_controls_2025/drive_control/install/msg_interfaces/share/msg_interfaces/cmake/export_msg_interfaces__rosidl_generator_pyExport.cmake
[3.646s] -- Installing: /home/siddhant/irc_rover_controls_2025/drive_control/install/msg_interfaces/share/msg_interfaces/cmake/export_msg_interfaces__rosidl_generator_pyExport-noconfig.cmake
[3.646s] -- Installing: /home/siddhant/irc_rover_controls_2025/drive_control/install/msg_interfaces/share/msg_interfaces/cmake/rosidl_cmake-extras.cmake
[3.646s] -- Installing: /home/siddhant/irc_rover_controls_2025/drive_control/install/msg_interfaces/share/msg_interfaces/cmake/ament_cmake_export_dependencies-extras.cmake
[3.646s] -- Installing: /home/siddhant/irc_rover_controls_2025/drive_control/install/msg_interfaces/share/msg_interfaces/cmake/ament_cmake_export_include_directories-extras.cmake
[3.646s] -- Installing: /home/siddhant/irc_rover_controls_2025/drive_control/install/msg_interfaces/share/msg_interfaces/cmake/ament_cmake_export_libraries-extras.cmake
[3.647s] -- Installing: /home/siddhant/irc_rover_controls_2025/drive_control/install/msg_interfaces/share/msg_interfaces/cmake/ament_cmake_export_targets-extras.cmake
[3.647s] -- Installing: /home/siddhant/irc_rover_controls_2025/drive_control/install/msg_interfaces/share/msg_interfaces/cmake/rosidl_cmake_export_typesupport_targets-extras.cmake
[3.647s] -- Installing: /home/siddhant/irc_rover_controls_2025/drive_control/install/msg_interfaces/share/msg_interfaces/cmake/rosidl_cmake_export_typesupport_libraries-extras.cmake
[3.647s] -- Installing: /home/siddhant/irc_rover_controls_2025/drive_control/install/msg_interfaces/share/msg_interfaces/cmake/msg_interfacesConfig.cmake
[3.647s] -- Installing: /home/siddhant/irc_rover_controls_2025/drive_control/install/msg_interfaces/share/msg_interfaces/cmake/msg_interfacesConfig-version.cmake
[3.647s] -- Installing: /home/siddhant/irc_rover_controls_2025/drive_control/install/msg_interfaces/share/msg_interfaces/package.xml
[3.648s] Invoked command in '/home/siddhant/irc_rover_controls_2025/drive_control/build/msg_interfaces' returned '0': CMAKE_PREFIX_PATH=${CMAKE_PREFIX_PATH}:/home/siddhant/irc_rover_controls_2025/arm_control/install/joint_control:/home/siddhant/irc_rover_controls_2025/arm_control/install/ik_control:/opt/ros/humble /usr/bin/cmake --install /home/siddhant/irc_rover_controls_2025/drive_control/build/msg_interfaces
