/home/sudhindra/irc/arm_control/install/ik_control/lib/python3.10/site-packages/ik_control/__init__.py
/home/sudhindra/irc/arm_control/install/ik_control/lib/python3.10/site-packages/ik_control/pos_ik.py
/home/sudhindra/irc/arm_control/install/ik_control/lib/python3.10/site-packages/ik_control/pos_ik_pid.py
/home/sudhindra/irc/arm_control/install/ik_control/lib/python3.10/site-packages/ik_control/shoulder_hold_ik.py
/home/sudhindra/irc/arm_control/install/ik_control/lib/python3.10/site-packages/ik_control/__pycache__/__init__.cpython-310.pyc
/home/sudhindra/irc/arm_control/install/ik_control/lib/python3.10/site-packages/ik_control/__pycache__/pos_ik.cpython-310.pyc
/home/sudhindra/irc/arm_control/install/ik_control/lib/python3.10/site-packages/ik_control/__pycache__/pos_ik_pid.cpython-310.pyc
/home/sudhindra/irc/arm_control/install/ik_control/lib/python3.10/site-packages/ik_control/__pycache__/shoulder_hold_ik.cpython-310.pyc
/home/sudhindra/irc/arm_control/install/ik_control/share/ament_index/resource_index/packages/ik_control
/home/sudhindra/irc/arm_control/install/ik_control/share/ik_control/package.xml
/home/sudhindra/irc/arm_control/install/ik_control/share/ik_control/urdf/arm_model.urdf
/home/sudhindra/irc/arm_control/install/ik_control/lib/python3.10/site-packages/ik_control-0.0.0-py3.10.egg-info/top_level.txt
/home/sudhindra/irc/arm_control/install/ik_control/lib/python3.10/site-packages/ik_control-0.0.0-py3.10.egg-info/SOURCES.txt
/home/sudhindra/irc/arm_control/install/ik_control/lib/python3.10/site-packages/ik_control-0.0.0-py3.10.egg-info/requires.txt
/home/sudhindra/irc/arm_control/install/ik_control/lib/python3.10/site-packages/ik_control-0.0.0-py3.10.egg-info/zip-safe
/home/sudhindra/irc/arm_control/install/ik_control/lib/python3.10/site-packages/ik_control-0.0.0-py3.10.egg-info/PKG-INFO
/home/sudhindra/irc/arm_control/install/ik_control/lib/python3.10/site-packages/ik_control-0.0.0-py3.10.egg-info/entry_points.txt
/home/sudhindra/irc/arm_control/install/ik_control/lib/python3.10/site-packages/ik_control-0.0.0-py3.10.egg-info/dependency_links.txt
/home/sudhindra/irc/arm_control/install/ik_control/lib/ik_control/ik_pos_pid
/home/sudhindra/irc/arm_control/install/ik_control/lib/ik_control/pos_ik
/home/sudhindra/irc/arm_control/install/ik_control/lib/ik_control/shoulder_hold_ik
