-- Found ament_cmake: 1.3.10 (/opt/ros/humble/share/ament_cmake/cmake)
-- Found geometry_msgs: 4.2.4 (/opt/ros/humble/share/geometry_msgs/cmake)
-- Found rosidl_generator_c: 3.1.5 (/opt/ros/humble/share/rosidl_generator_c/cmake)
-- Found rosidl_adapter: 3.1.5 (/opt/ros/humble/share/rosidl_adapter/cmake)
-- Found rosidl_generator_cpp: 3.1.5 (/opt/ros/humble/share/rosidl_generator_cpp/cmake)
-- Using all available rosidl_typesupport_c: rosidl_typesupport_fastrtps_c;rosidl_typesupport_introspection_c
-- Using all available rosidl_typesupport_cpp: rosidl_typesupport_fastrtps_cpp;rosidl_typesupport_introspection_cpp
-- Found rosidl_default_generators: 1.2.0 (/opt/ros/humble/share/rosidl_default_generators/cmake)
-- Found ament_cmake_ros: 0.10.0 (/opt/ros/humble/share/ament_cmake_ros/cmake)
-- Using all available rosidl_typesupport_c: rosidl_typesupport_fastrtps_c;rosidl_typesupport_introspection_c
-- Using all available rosidl_typesupport_cpp: rosidl_typesupport_fastrtps_cpp;rosidl_typesupport_introspection_cpp
-- Found python_cmake_module: 0.10.0 (/opt/ros/humble/share/python_cmake_module/cmake)
-- Using PYTHON_EXECUTABLE: /usr/bin/python3
-- Using PYTHON_INCLUDE_DIRS: /usr/include/python3.10
-- Using PYTHON_LIBRARIES: /usr/lib/x86_64-linux-gnu/libpython3.10.so
-- Found ament_lint_auto: 0.12.11 (/opt/ros/humble/share/ament_lint_auto/cmake)
-- Added test 'lint_cmake' to check CMake code style
-- Added test 'xmllint' to check XML markup files
-- Configuring done
-- Generating done
-- Build files have been written to: /home/sudhindra/irc_2025/drive_control/build/msg_interfaces
[35m[1mConsolidate compiler generated dependencies of target msg_interfaces__rosidl_generator_c[0m
[  1%] Built target msg_interfaces__cpp
[ 12%] Built target msg_interfaces__rosidl_generator_c
[ 12%] Built target ament_cmake_python_copy_msg_interfaces
[35m[1mConsolidate compiler generated dependencies of target msg_interfaces__rosidl_typesupport_cpp[0m
[35m[1mConsolidate compiler generated dependencies of target msg_interfaces__rosidl_typesupport_fastrtps_cpp[0m
[35m[1mConsolidate compiler generated dependencies of target msg_interfaces__rosidl_typesupport_introspection_cpp[0m
[35m[1mConsolidate compiler generated dependencies of target msg_interfaces__rosidl_typesupport_c[0m
[35m[1mConsolidate compiler generated dependencies of target msg_interfaces__rosidl_typesupport_fastrtps_c[0m
[35m[1mConsolidate compiler generated dependencies of target msg_interfaces__rosidl_typesupport_introspection_c[0m
[ 36%] Built target msg_interfaces__rosidl_typesupport_introspection_c
[ 36%] Built target msg_interfaces__rosidl_typesupport_c
[ 54%] Built target msg_interfaces__rosidl_typesupport_introspection_cpp
[ 66%] Built target msg_interfaces__rosidl_typesupport_fastrtps_cpp
[ 69%] Built target msg_interfaces__rosidl_typesupport_cpp
[ 80%] Built target msg_interfaces__rosidl_typesupport_fastrtps_c
[ 80%] Built target msg_interfaces
[ 81%] Built target msg_interfaces__py
[35m[1mConsolidate compiler generated dependencies of target msg_interfaces__rosidl_generator_py[0m
[ 91%] Built target msg_interfaces__rosidl_generator_py
[35m[1mConsolidate compiler generated dependencies of target msg_interfaces__rosidl_typesupport_fastrtps_c__pyext[0m
[35m[1mConsolidate compiler generated dependencies of target msg_interfaces__rosidl_typesupport_c__pyext[0m
[35m[1mConsolidate compiler generated dependencies of target msg_interfaces__rosidl_typesupport_introspection_c__pyext[0m
[100%] Built target msg_interfaces__rosidl_typesupport_introspection_c__pyext
[100%] Built target msg_interfaces__rosidl_typesupport_fastrtps_c__pyext
[100%] Built target msg_interfaces__rosidl_typesupport_c__pyext
running egg_info
writing msg_interfaces.egg-info/PKG-INFO
writing dependency_links to msg_interfaces.egg-info/dependency_links.txt
writing top-level names to msg_interfaces.egg-info/top_level.txt
reading manifest file 'msg_interfaces.egg-info/SOURCES.txt'
writing manifest file 'msg_interfaces.egg-info/SOURCES.txt'
[100%] Built target ament_cmake_python_build_msg_interfaces_egg
-- Install configuration: ""
-- Up-to-date: /home/sudhindra/irc_2025/drive_control/install/msg_interfaces/share/ament_index/resource_index/rosidl_interfaces/msg_interfaces
-- Up-to-date: /home/sudhindra/irc_2025/drive_control/install/msg_interfaces/include/msg_interfaces/msg_interfaces
-- Up-to-date: /home/sudhindra/irc_2025/drive_control/install/msg_interfaces/include/msg_interfaces/msg_interfaces/msg
-- Up-to-date: /home/sudhindra/irc_2025/drive_control/install/msg_interfaces/include/msg_interfaces/msg_interfaces/msg/arm_end_motion.h
-- Up-to-date: /home/sudhindra/irc_2025/drive_control/install/msg_interfaces/include/msg_interfaces/msg_interfaces/msg/encoder_drive.h
-- Up-to-date: /home/sudhindra/irc_2025/drive_control/install/msg_interfaces/include/msg_interfaces/msg_interfaces/msg/motor_six.h
-- Up-to-date: /home/sudhindra/irc_2025/drive_control/install/msg_interfaces/include/msg_interfaces/msg_interfaces/msg/encoder_arm.h
-- Up-to-date: /home/sudhindra/irc_2025/drive_control/install/msg_interfaces/include/msg_interfaces/msg_interfaces/msg/detail
-- Up-to-date: /home/sudhindra/irc_2025/drive_control/install/msg_interfaces/include/msg_interfaces/msg_interfaces/msg/detail/cam_drive__functions.h
-- Up-to-date: /home/sudhindra/irc_2025/drive_control/install/msg_interfaces/include/msg_interfaces/msg_interfaces/msg/detail/motor_six__functions.h
-- Up-to-date: /home/sudhindra/irc_2025/drive_control/install/msg_interfaces/include/msg_interfaces/msg_interfaces/msg/detail/encoder_drive__struct.h
-- Up-to-date: /home/sudhindra/irc_2025/drive_control/install/msg_interfaces/include/msg_interfaces/msg_interfaces/msg/detail/encoder_drive__functions.h
-- Up-to-date: /home/sudhindra/irc_2025/drive_control/install/msg_interfaces/include/msg_interfaces/msg_interfaces/msg/detail/encoder_arm__functions.c
-- Up-to-date: /home/sudhindra/irc_2025/drive_control/install/msg_interfaces/include/msg_interfaces/msg_interfaces/msg/detail/cam_drive__functions.c
-- Up-to-date: /home/sudhindra/irc_2025/drive_control/install/msg_interfaces/include/msg_interfaces/msg_interfaces/msg/detail/motor_six__struct.h
-- Up-to-date: /home/sudhindra/irc_2025/drive_control/install/msg_interfaces/include/msg_interfaces/msg_interfaces/msg/detail/arm_end_motion__functions.h
-- Up-to-date: /home/sudhindra/irc_2025/drive_control/install/msg_interfaces/include/msg_interfaces/msg_interfaces/msg/detail/arm_end_motion__type_support.h
-- Up-to-date: /home/sudhindra/irc_2025/drive_control/install/msg_interfaces/include/msg_interfaces/msg_interfaces/msg/detail/encoder_arm__struct.h
-- Up-to-date: /home/sudhindra/irc_2025/drive_control/install/msg_interfaces/include/msg_interfaces/msg_interfaces/msg/detail/cam_drive__struct.h
-- Up-to-date: /home/sudhindra/irc_2025/drive_control/install/msg_interfaces/include/msg_interfaces/msg_interfaces/msg/detail/encoder_drive__type_support.h
-- Up-to-date: /home/sudhindra/irc_2025/drive_control/install/msg_interfaces/include/msg_interfaces/msg_interfaces/msg/detail/motor_six__functions.c
-- Up-to-date: /home/sudhindra/irc_2025/drive_control/install/msg_interfaces/include/msg_interfaces/msg_interfaces/msg/detail/arm_end_motion__functions.c
-- Up-to-date: /home/sudhindra/irc_2025/drive_control/install/msg_interfaces/include/msg_interfaces/msg_interfaces/msg/detail/cam_drive__type_support.h
-- Up-to-date: /home/sudhindra/irc_2025/drive_control/install/msg_interfaces/include/msg_interfaces/msg_interfaces/msg/detail/encoder_arm__functions.h
-- Up-to-date: /home/sudhindra/irc_2025/drive_control/install/msg_interfaces/include/msg_interfaces/msg_interfaces/msg/detail/drive__functions.c
-- Up-to-date: /home/sudhindra/irc_2025/drive_control/install/msg_interfaces/include/msg_interfaces/msg_interfaces/msg/detail/encoder_arm__type_support.h
-- Up-to-date: /home/sudhindra/irc_2025/drive_control/install/msg_interfaces/include/msg_interfaces/msg_interfaces/msg/detail/drive__functions.h
-- Up-to-date: /home/sudhindra/irc_2025/drive_control/install/msg_interfaces/include/msg_interfaces/msg_interfaces/msg/detail/drive__struct.h
-- Up-to-date: /home/sudhindra/irc_2025/drive_control/install/msg_interfaces/include/msg_interfaces/msg_interfaces/msg/detail/encoder_drive__functions.c
-- Up-to-date: /home/sudhindra/irc_2025/drive_control/install/msg_interfaces/include/msg_interfaces/msg_interfaces/msg/detail/arm_end_motion__struct.h
-- Up-to-date: /home/sudhindra/irc_2025/drive_control/install/msg_interfaces/include/msg_interfaces/msg_interfaces/msg/detail/drive__type_support.h
-- Up-to-date: /home/sudhindra/irc_2025/drive_control/install/msg_interfaces/include/msg_interfaces/msg_interfaces/msg/detail/motor_six__type_support.h
-- Up-to-date: /home/sudhindra/irc_2025/drive_control/install/msg_interfaces/include/msg_interfaces/msg_interfaces/msg/rosidl_generator_c__visibility_control.h
-- Up-to-date: /home/sudhindra/irc_2025/drive_control/install/msg_interfaces/include/msg_interfaces/msg_interfaces/msg/cam_drive.h
-- Up-to-date: /home/sudhindra/irc_2025/drive_control/install/msg_interfaces/include/msg_interfaces/msg_interfaces/msg/drive.h
-- Up-to-date: /home/sudhindra/irc_2025/drive_control/install/msg_interfaces/share/msg_interfaces/environment/library_path.sh
-- Installing: /home/sudhindra/irc_2025/drive_control/install/msg_interfaces/share/msg_interfaces/environment/library_path.dsv
-- Up-to-date: /home/sudhindra/irc_2025/drive_control/install/msg_interfaces/lib/libmsg_interfaces__rosidl_generator_c.so
-- Up-to-date: /home/sudhindra/irc_2025/drive_control/install/msg_interfaces/include/msg_interfaces/msg_interfaces
-- Up-to-date: /home/sudhindra/irc_2025/drive_control/install/msg_interfaces/include/msg_interfaces/msg_interfaces/msg
-- Up-to-date: /home/sudhindra/irc_2025/drive_control/install/msg_interfaces/include/msg_interfaces/msg_interfaces/msg/detail
-- Up-to-date: /home/sudhindra/irc_2025/drive_control/install/msg_interfaces/include/msg_interfaces/msg_interfaces/msg/detail/encoder_drive__rosidl_typesupport_fastrtps_c.h
-- Up-to-date: /home/sudhindra/irc_2025/drive_control/install/msg_interfaces/include/msg_interfaces/msg_interfaces/msg/detail/arm_end_motion__rosidl_typesupport_fastrtps_c.h
-- Up-to-date: /home/sudhindra/irc_2025/drive_control/install/msg_interfaces/include/msg_interfaces/msg_interfaces/msg/detail/cam_drive__rosidl_typesupport_fastrtps_c.h
-- Up-to-date: /home/sudhindra/irc_2025/drive_control/install/msg_interfaces/include/msg_interfaces/msg_interfaces/msg/detail/encoder_arm__rosidl_typesupport_fastrtps_c.h
-- Up-to-date: /home/sudhindra/irc_2025/drive_control/install/msg_interfaces/include/msg_interfaces/msg_interfaces/msg/detail/motor_six__rosidl_typesupport_fastrtps_c.h
-- Up-to-date: /home/sudhindra/irc_2025/drive_control/install/msg_interfaces/include/msg_interfaces/msg_interfaces/msg/detail/drive__rosidl_typesupport_fastrtps_c.h
-- Up-to-date: /home/sudhindra/irc_2025/drive_control/install/msg_interfaces/include/msg_interfaces/msg_interfaces/msg/rosidl_typesupport_fastrtps_c__visibility_control.h
-- Up-to-date: /home/sudhindra/irc_2025/drive_control/install/msg_interfaces/lib/libmsg_interfaces__rosidl_typesupport_fastrtps_c.so
-- Up-to-date: /home/sudhindra/irc_2025/drive_control/install/msg_interfaces/include/msg_interfaces/msg_interfaces
-- Up-to-date: /home/sudhindra/irc_2025/drive_control/install/msg_interfaces/include/msg_interfaces/msg_interfaces/msg
-- Up-to-date: /home/sudhindra/irc_2025/drive_control/install/msg_interfaces/include/msg_interfaces/msg_interfaces/msg/encoder_drive.hpp
-- Up-to-date: /home/sudhindra/irc_2025/drive_control/install/msg_interfaces/include/msg_interfaces/msg_interfaces/msg/motor_six.hpp
-- Up-to-date: /home/sudhindra/irc_2025/drive_control/install/msg_interfaces/include/msg_interfaces/msg_interfaces/msg/detail
-- Up-to-date: /home/sudhindra/irc_2025/drive_control/install/msg_interfaces/include/msg_interfaces/msg_interfaces/msg/detail/drive__struct.hpp
-- Up-to-date: /home/sudhindra/irc_2025/drive_control/install/msg_interfaces/include/msg_interfaces/msg_interfaces/msg/detail/encoder_arm__builder.hpp
-- Up-to-date: /home/sudhindra/irc_2025/drive_control/install/msg_interfaces/include/msg_interfaces/msg_interfaces/msg/detail/encoder_drive__struct.hpp
-- Up-to-date: /home/sudhindra/irc_2025/drive_control/install/msg_interfaces/include/msg_interfaces/msg_interfaces/msg/detail/motor_six__struct.hpp
-- Up-to-date: /home/sudhindra/irc_2025/drive_control/install/msg_interfaces/include/msg_interfaces/msg_interfaces/msg/detail/arm_end_motion__struct.hpp
-- Up-to-date: /home/sudhindra/irc_2025/drive_control/install/msg_interfaces/include/msg_interfaces/msg_interfaces/msg/detail/drive__traits.hpp
-- Up-to-date: /home/sudhindra/irc_2025/drive_control/install/msg_interfaces/include/msg_interfaces/msg_interfaces/msg/detail/encoder_arm__struct.hpp
-- Up-to-date: /home/sudhindra/irc_2025/drive_control/install/msg_interfaces/include/msg_interfaces/msg_interfaces/msg/detail/arm_end_motion__builder.hpp
-- Up-to-date: /home/sudhindra/irc_2025/drive_control/install/msg_interfaces/include/msg_interfaces/msg_interfaces/msg/detail/arm_end_motion__traits.hpp
-- Up-to-date: /home/sudhindra/irc_2025/drive_control/install/msg_interfaces/include/msg_interfaces/msg_interfaces/msg/detail/motor_six__traits.hpp
-- Up-to-date: /home/sudhindra/irc_2025/drive_control/install/msg_interfaces/include/msg_interfaces/msg_interfaces/msg/detail/drive__builder.hpp
-- Up-to-date: /home/sudhindra/irc_2025/drive_control/install/msg_interfaces/include/msg_interfaces/msg_interfaces/msg/detail/cam_drive__traits.hpp
-- Up-to-date: /home/sudhindra/irc_2025/drive_control/install/msg_interfaces/include/msg_interfaces/msg_interfaces/msg/detail/motor_six__builder.hpp
-- Up-to-date: /home/sudhindra/irc_2025/drive_control/install/msg_interfaces/include/msg_interfaces/msg_interfaces/msg/detail/cam_drive__struct.hpp
-- Up-to-date: /home/sudhindra/irc_2025/drive_control/install/msg_interfaces/include/msg_interfaces/msg_interfaces/msg/detail/encoder_arm__traits.hpp
-- Up-to-date: /home/sudhindra/irc_2025/drive_control/install/msg_interfaces/include/msg_interfaces/msg_interfaces/msg/detail/encoder_drive__traits.hpp
-- Up-to-date: /home/sudhindra/irc_2025/drive_control/install/msg_interfaces/include/msg_interfaces/msg_interfaces/msg/detail/cam_drive__builder.hpp
-- Up-to-date: /home/sudhindra/irc_2025/drive_control/install/msg_interfaces/include/msg_interfaces/msg_interfaces/msg/detail/encoder_drive__builder.hpp
-- Up-to-date: /home/sudhindra/irc_2025/drive_control/install/msg_interfaces/include/msg_interfaces/msg_interfaces/msg/cam_drive.hpp
-- Up-to-date: /home/sudhindra/irc_2025/drive_control/install/msg_interfaces/include/msg_interfaces/msg_interfaces/msg/drive.hpp
-- Up-to-date: /home/sudhindra/irc_2025/drive_control/install/msg_interfaces/include/msg_interfaces/msg_interfaces/msg/arm_end_motion.hpp
-- Up-to-date: /home/sudhindra/irc_2025/drive_control/install/msg_interfaces/include/msg_interfaces/msg_interfaces/msg/encoder_arm.hpp
-- Up-to-date: /home/sudhindra/irc_2025/drive_control/install/msg_interfaces/include/msg_interfaces/msg_interfaces
-- Up-to-date: /home/sudhindra/irc_2025/drive_control/install/msg_interfaces/include/msg_interfaces/msg_interfaces/msg
-- Up-to-date: /home/sudhindra/irc_2025/drive_control/install/msg_interfaces/include/msg_interfaces/msg_interfaces/msg/rosidl_typesupport_fastrtps_cpp__visibility_control.h
-- Up-to-date: /home/sudhindra/irc_2025/drive_control/install/msg_interfaces/include/msg_interfaces/msg_interfaces/msg/detail
-- Up-to-date: /home/sudhindra/irc_2025/drive_control/install/msg_interfaces/include/msg_interfaces/msg_interfaces/msg/detail/motor_six__rosidl_typesupport_fastrtps_cpp.hpp
-- Up-to-date: /home/sudhindra/irc_2025/drive_control/install/msg_interfaces/include/msg_interfaces/msg_interfaces/msg/detail/dds_fastrtps
-- Up-to-date: /home/sudhindra/irc_2025/drive_control/install/msg_interfaces/include/msg_interfaces/msg_interfaces/msg/detail/drive__rosidl_typesupport_fastrtps_cpp.hpp
-- Up-to-date: /home/sudhindra/irc_2025/drive_control/install/msg_interfaces/include/msg_interfaces/msg_interfaces/msg/detail/encoder_arm__rosidl_typesupport_fastrtps_cpp.hpp
-- Up-to-date: /home/sudhindra/irc_2025/drive_control/install/msg_interfaces/include/msg_interfaces/msg_interfaces/msg/detail/encoder_drive__rosidl_typesupport_fastrtps_cpp.hpp
-- Up-to-date: /home/sudhindra/irc_2025/drive_control/install/msg_interfaces/include/msg_interfaces/msg_interfaces/msg/detail/cam_drive__rosidl_typesupport_fastrtps_cpp.hpp
-- Up-to-date: /home/sudhindra/irc_2025/drive_control/install/msg_interfaces/include/msg_interfaces/msg_interfaces/msg/detail/arm_end_motion__rosidl_typesupport_fastrtps_cpp.hpp
-- Up-to-date: /home/sudhindra/irc_2025/drive_control/install/msg_interfaces/lib/libmsg_interfaces__rosidl_typesupport_fastrtps_cpp.so
-- Up-to-date: /home/sudhindra/irc_2025/drive_control/install/msg_interfaces/include/msg_interfaces/msg_interfaces
-- Up-to-date: /home/sudhindra/irc_2025/drive_control/install/msg_interfaces/include/msg_interfaces/msg_interfaces/msg
-- Up-to-date: /home/sudhindra/irc_2025/drive_control/install/msg_interfaces/include/msg_interfaces/msg_interfaces/msg/detail
-- Up-to-date: /home/sudhindra/irc_2025/drive_control/install/msg_interfaces/include/msg_interfaces/msg_interfaces/msg/detail/motor_six__type_support.c
-- Up-to-date: /home/sudhindra/irc_2025/drive_control/install/msg_interfaces/include/msg_interfaces/msg_interfaces/msg/detail/arm_end_motion__rosidl_typesupport_introspection_c.h
-- Up-to-date: /home/sudhindra/irc_2025/drive_control/install/msg_interfaces/include/msg_interfaces/msg_interfaces/msg/detail/encoder_arm__type_support.c
-- Up-to-date: /home/sudhindra/irc_2025/drive_control/install/msg_interfaces/include/msg_interfaces/msg_interfaces/msg/detail/drive__type_support.c
-- Up-to-date: /home/sudhindra/irc_2025/drive_control/install/msg_interfaces/include/msg_interfaces/msg_interfaces/msg/detail/motor_six__rosidl_typesupport_introspection_c.h
-- Up-to-date: /home/sudhindra/irc_2025/drive_control/install/msg_interfaces/include/msg_interfaces/msg_interfaces/msg/detail/cam_drive__rosidl_typesupport_introspection_c.h
-- Up-to-date: /home/sudhindra/irc_2025/drive_control/install/msg_interfaces/include/msg_interfaces/msg_interfaces/msg/detail/arm_end_motion__type_support.c
-- Up-to-date: /home/sudhindra/irc_2025/drive_control/install/msg_interfaces/include/msg_interfaces/msg_interfaces/msg/detail/encoder_drive__rosidl_typesupport_introspection_c.h
-- Up-to-date: /home/sudhindra/irc_2025/drive_control/install/msg_interfaces/include/msg_interfaces/msg_interfaces/msg/detail/encoder_arm__rosidl_typesupport_introspection_c.h
-- Up-to-date: /home/sudhindra/irc_2025/drive_control/install/msg_interfaces/include/msg_interfaces/msg_interfaces/msg/detail/drive__rosidl_typesupport_introspection_c.h
-- Up-to-date: /home/sudhindra/irc_2025/drive_control/install/msg_interfaces/include/msg_interfaces/msg_interfaces/msg/detail/cam_drive__type_support.c
-- Up-to-date: /home/sudhindra/irc_2025/drive_control/install/msg_interfaces/include/msg_interfaces/msg_interfaces/msg/detail/encoder_drive__type_support.c
-- Up-to-date: /home/sudhindra/irc_2025/drive_control/install/msg_interfaces/include/msg_interfaces/msg_interfaces/msg/rosidl_typesupport_introspection_c__visibility_control.h
-- Up-to-date: /home/sudhindra/irc_2025/drive_control/install/msg_interfaces/lib/libmsg_interfaces__rosidl_typesupport_introspection_c.so
-- Up-to-date: /home/sudhindra/irc_2025/drive_control/install/msg_interfaces/lib/libmsg_interfaces__rosidl_typesupport_c.so
-- Up-to-date: /home/sudhindra/irc_2025/drive_control/install/msg_interfaces/include/msg_interfaces/msg_interfaces
-- Up-to-date: /home/sudhindra/irc_2025/drive_control/install/msg_interfaces/include/msg_interfaces/msg_interfaces/msg
-- Up-to-date: /home/sudhindra/irc_2025/drive_control/install/msg_interfaces/include/msg_interfaces/msg_interfaces/msg/detail
-- Up-to-date: /home/sudhindra/irc_2025/drive_control/install/msg_interfaces/include/msg_interfaces/msg_interfaces/msg/detail/cam_drive__type_support.cpp
-- Up-to-date: /home/sudhindra/irc_2025/drive_control/install/msg_interfaces/include/msg_interfaces/msg_interfaces/msg/detail/cam_drive__rosidl_typesupport_introspection_cpp.hpp
-- Up-to-date: /home/sudhindra/irc_2025/drive_control/install/msg_interfaces/include/msg_interfaces/msg_interfaces/msg/detail/arm_end_motion__type_support.cpp
-- Up-to-date: /home/sudhindra/irc_2025/drive_control/install/msg_interfaces/include/msg_interfaces/msg_interfaces/msg/detail/drive__type_support.cpp
-- Up-to-date: /home/sudhindra/irc_2025/drive_control/install/msg_interfaces/include/msg_interfaces/msg_interfaces/msg/detail/drive__rosidl_typesupport_introspection_cpp.hpp
-- Up-to-date: /home/sudhindra/irc_2025/drive_control/install/msg_interfaces/include/msg_interfaces/msg_interfaces/msg/detail/motor_six__rosidl_typesupport_introspection_cpp.hpp
-- Up-to-date: /home/sudhindra/irc_2025/drive_control/install/msg_interfaces/include/msg_interfaces/msg_interfaces/msg/detail/arm_end_motion__rosidl_typesupport_introspection_cpp.hpp
-- Up-to-date: /home/sudhindra/irc_2025/drive_control/install/msg_interfaces/include/msg_interfaces/msg_interfaces/msg/detail/encoder_arm__rosidl_typesupport_introspection_cpp.hpp
-- Up-to-date: /home/sudhindra/irc_2025/drive_control/install/msg_interfaces/include/msg_interfaces/msg_interfaces/msg/detail/encoder_drive__type_support.cpp
-- Up-to-date: /home/sudhindra/irc_2025/drive_control/install/msg_interfaces/include/msg_interfaces/msg_interfaces/msg/detail/motor_six__type_support.cpp
-- Up-to-date: /home/sudhindra/irc_2025/drive_control/install/msg_interfaces/include/msg_interfaces/msg_interfaces/msg/detail/encoder_arm__type_support.cpp
-- Up-to-date: /home/sudhindra/irc_2025/drive_control/install/msg_interfaces/include/msg_interfaces/msg_interfaces/msg/detail/encoder_drive__rosidl_typesupport_introspection_cpp.hpp
-- Up-to-date: /home/sudhindra/irc_2025/drive_control/install/msg_interfaces/lib/libmsg_interfaces__rosidl_typesupport_introspection_cpp.so
-- Up-to-date: /home/sudhindra/irc_2025/drive_control/install/msg_interfaces/lib/libmsg_interfaces__rosidl_typesupport_cpp.so
-- Up-to-date: /home/sudhindra/irc_2025/drive_control/install/msg_interfaces/share/msg_interfaces/environment/pythonpath.sh
-- Installing: /home/sudhindra/irc_2025/drive_control/install/msg_interfaces/share/msg_interfaces/environment/pythonpath.dsv
-- Up-to-date: /home/sudhindra/irc_2025/drive_control/install/msg_interfaces/local/lib/python3.10/dist-packages/msg_interfaces-0.0.0-py3.10.egg-info
-- Installing: /home/sudhindra/irc_2025/drive_control/install/msg_interfaces/local/lib/python3.10/dist-packages/msg_interfaces-0.0.0-py3.10.egg-info/top_level.txt
-- Installing: /home/sudhindra/irc_2025/drive_control/install/msg_interfaces/local/lib/python3.10/dist-packages/msg_interfaces-0.0.0-py3.10.egg-info/SOURCES.txt
-- Installing: /home/sudhindra/irc_2025/drive_control/install/msg_interfaces/local/lib/python3.10/dist-packages/msg_interfaces-0.0.0-py3.10.egg-info/PKG-INFO
-- Installing: /home/sudhindra/irc_2025/drive_control/install/msg_interfaces/local/lib/python3.10/dist-packages/msg_interfaces-0.0.0-py3.10.egg-info/dependency_links.txt
-- Up-to-date: /home/sudhindra/irc_2025/drive_control/install/msg_interfaces/local/lib/python3.10/dist-packages/msg_interfaces
-- Up-to-date: /home/sudhindra/irc_2025/drive_control/install/msg_interfaces/local/lib/python3.10/dist-packages/msg_interfaces/_msg_interfaces_s.ep.rosidl_typesupport_c.c
-- Up-to-date: /home/sudhindra/irc_2025/drive_control/install/msg_interfaces/local/lib/python3.10/dist-packages/msg_interfaces/msg
-- Up-to-date: /home/sudhindra/irc_2025/drive_control/install/msg_interfaces/local/lib/python3.10/dist-packages/msg_interfaces/msg/_cam_drive.py
-- Up-to-date: /home/sudhindra/irc_2025/drive_control/install/msg_interfaces/local/lib/python3.10/dist-packages/msg_interfaces/msg/_encoder_drive.py
-- Up-to-date: /home/sudhindra/irc_2025/drive_control/install/msg_interfaces/local/lib/python3.10/dist-packages/msg_interfaces/msg/_drive_s.c
-- Up-to-date: /home/sudhindra/irc_2025/drive_control/install/msg_interfaces/local/lib/python3.10/dist-packages/msg_interfaces/msg/_motor_six.py
-- Up-to-date: /home/sudhindra/irc_2025/drive_control/install/msg_interfaces/local/lib/python3.10/dist-packages/msg_interfaces/msg/__init__.py
-- Up-to-date: /home/sudhindra/irc_2025/drive_control/install/msg_interfaces/local/lib/python3.10/dist-packages/msg_interfaces/msg/_encoder_arm_s.c
-- Up-to-date: /home/sudhindra/irc_2025/drive_control/install/msg_interfaces/local/lib/python3.10/dist-packages/msg_interfaces/msg/_arm_end_motion.py
-- Up-to-date: /home/sudhindra/irc_2025/drive_control/install/msg_interfaces/local/lib/python3.10/dist-packages/msg_interfaces/msg/_arm_end_motion_s.c
-- Up-to-date: /home/sudhindra/irc_2025/drive_control/install/msg_interfaces/local/lib/python3.10/dist-packages/msg_interfaces/msg/_cam_drive_s.c
-- Up-to-date: /home/sudhindra/irc_2025/drive_control/install/msg_interfaces/local/lib/python3.10/dist-packages/msg_interfaces/msg/_encoder_drive_s.c
-- Up-to-date: /home/sudhindra/irc_2025/drive_control/install/msg_interfaces/local/lib/python3.10/dist-packages/msg_interfaces/msg/_encoder_arm.py
-- Up-to-date: /home/sudhindra/irc_2025/drive_control/install/msg_interfaces/local/lib/python3.10/dist-packages/msg_interfaces/msg/_drive.py
-- Up-to-date: /home/sudhindra/irc_2025/drive_control/install/msg_interfaces/local/lib/python3.10/dist-packages/msg_interfaces/msg/_motor_six_s.c
-- Installing: /home/sudhindra/irc_2025/drive_control/install/msg_interfaces/local/lib/python3.10/dist-packages/msg_interfaces/__init__.py
-- Up-to-date: /home/sudhindra/irc_2025/drive_control/install/msg_interfaces/local/lib/python3.10/dist-packages/msg_interfaces/_msg_interfaces_s.ep.rosidl_typesupport_introspection_c.c
-- Up-to-date: /home/sudhindra/irc_2025/drive_control/install/msg_interfaces/local/lib/python3.10/dist-packages/msg_interfaces/msg_interfaces_s__rosidl_typesupport_c.cpython-310-x86_64-linux-gnu.so
-- Up-to-date: /home/sudhindra/irc_2025/drive_control/install/msg_interfaces/local/lib/python3.10/dist-packages/msg_interfaces/libmsg_interfaces__rosidl_generator_py.so
-- Up-to-date: /home/sudhindra/irc_2025/drive_control/install/msg_interfaces/local/lib/python3.10/dist-packages/msg_interfaces/_msg_interfaces_s.ep.rosidl_typesupport_fastrtps_c.c
-- Up-to-date: /home/sudhindra/irc_2025/drive_control/install/msg_interfaces/local/lib/python3.10/dist-packages/msg_interfaces/msg_interfaces_s__rosidl_typesupport_fastrtps_c.cpython-310-x86_64-linux-gnu.so
-- Up-to-date: /home/sudhindra/irc_2025/drive_control/install/msg_interfaces/local/lib/python3.10/dist-packages/msg_interfaces/msg_interfaces_s__rosidl_typesupport_introspection_c.cpython-310-x86_64-linux-gnu.so
Listing '/home/sudhindra/irc_2025/drive_control/install/msg_interfaces/local/lib/python3.10/dist-packages/msg_interfaces'...
Compiling '/home/sudhindra/irc_2025/drive_control/install/msg_interfaces/local/lib/python3.10/dist-packages/msg_interfaces/__init__.py'...
Listing '/home/sudhindra/irc_2025/drive_control/install/msg_interfaces/local/lib/python3.10/dist-packages/msg_interfaces/msg'...
-- Up-to-date: /home/sudhindra/irc_2025/drive_control/install/msg_interfaces/local/lib/python3.10/dist-packages/msg_interfaces/msg_interfaces_s__rosidl_typesupport_fastrtps_c.cpython-310-x86_64-linux-gnu.so
-- Up-to-date: /home/sudhindra/irc_2025/drive_control/install/msg_interfaces/local/lib/python3.10/dist-packages/msg_interfaces/msg_interfaces_s__rosidl_typesupport_introspection_c.cpython-310-x86_64-linux-gnu.so
-- Up-to-date: /home/sudhindra/irc_2025/drive_control/install/msg_interfaces/local/lib/python3.10/dist-packages/msg_interfaces/msg_interfaces_s__rosidl_typesupport_c.cpython-310-x86_64-linux-gnu.so
-- Up-to-date: /home/sudhindra/irc_2025/drive_control/install/msg_interfaces/lib/libmsg_interfaces__rosidl_generator_py.so
-- Up-to-date: /home/sudhindra/irc_2025/drive_control/install/msg_interfaces/share/msg_interfaces/msg/Drive.idl
-- Up-to-date: /home/sudhindra/irc_2025/drive_control/install/msg_interfaces/share/msg_interfaces/msg/CamDrive.idl
-- Up-to-date: /home/sudhindra/irc_2025/drive_control/install/msg_interfaces/share/msg_interfaces/msg/ArmEndMotion.idl
-- Up-to-date: /home/sudhindra/irc_2025/drive_control/install/msg_interfaces/share/msg_interfaces/msg/MotorSix.idl
-- Up-to-date: /home/sudhindra/irc_2025/drive_control/install/msg_interfaces/share/msg_interfaces/msg/EncoderArm.idl
-- Up-to-date: /home/sudhindra/irc_2025/drive_control/install/msg_interfaces/share/msg_interfaces/msg/EncoderDrive.idl
-- Up-to-date: /home/sudhindra/irc_2025/drive_control/install/msg_interfaces/share/msg_interfaces/msg/Drive.msg
-- Up-to-date: /home/sudhindra/irc_2025/drive_control/install/msg_interfaces/share/msg_interfaces/msg/CamDrive.msg
-- Up-to-date: /home/sudhindra/irc_2025/drive_control/install/msg_interfaces/share/msg_interfaces/msg/ArmEndMotion.msg
-- Up-to-date: /home/sudhindra/irc_2025/drive_control/install/msg_interfaces/share/msg_interfaces/msg/MotorSix.msg
-- Up-to-date: /home/sudhindra/irc_2025/drive_control/install/msg_interfaces/share/msg_interfaces/msg/EncoderArm.msg
-- Up-to-date: /home/sudhindra/irc_2025/drive_control/install/msg_interfaces/share/msg_interfaces/msg/EncoderDrive.msg
-- Up-to-date: /home/sudhindra/irc_2025/drive_control/install/msg_interfaces/share/ament_index/resource_index/package_run_dependencies/msg_interfaces
-- Up-to-date: /home/sudhindra/irc_2025/drive_control/install/msg_interfaces/share/ament_index/resource_index/parent_prefix_path/msg_interfaces
-- Up-to-date: /home/sudhindra/irc_2025/drive_control/install/msg_interfaces/share/msg_interfaces/environment/ament_prefix_path.sh
-- Installing: /home/sudhindra/irc_2025/drive_control/install/msg_interfaces/share/msg_interfaces/environment/ament_prefix_path.dsv
-- Up-to-date: /home/sudhindra/irc_2025/drive_control/install/msg_interfaces/share/msg_interfaces/environment/path.sh
-- Installing: /home/sudhindra/irc_2025/drive_control/install/msg_interfaces/share/msg_interfaces/environment/path.dsv
-- Up-to-date: /home/sudhindra/irc_2025/drive_control/install/msg_interfaces/share/msg_interfaces/local_setup.bash
-- Up-to-date: /home/sudhindra/irc_2025/drive_control/install/msg_interfaces/share/msg_interfaces/local_setup.sh
-- Up-to-date: /home/sudhindra/irc_2025/drive_control/install/msg_interfaces/share/msg_interfaces/local_setup.zsh
-- Installing: /home/sudhindra/irc_2025/drive_control/install/msg_interfaces/share/msg_interfaces/local_setup.dsv
-- Installing: /home/sudhindra/irc_2025/drive_control/install/msg_interfaces/share/msg_interfaces/package.dsv
-- Up-to-date: /home/sudhindra/irc_2025/drive_control/install/msg_interfaces/share/ament_index/resource_index/packages/msg_interfaces
-- Up-to-date: /home/sudhindra/irc_2025/drive_control/install/msg_interfaces/share/msg_interfaces/cmake/export_msg_interfaces__rosidl_generator_cExport.cmake
-- Up-to-date: /home/sudhindra/irc_2025/drive_control/install/msg_interfaces/share/msg_interfaces/cmake/export_msg_interfaces__rosidl_generator_cExport-noconfig.cmake
-- Up-to-date: /home/sudhindra/irc_2025/drive_control/install/msg_interfaces/share/msg_interfaces/cmake/export_msg_interfaces__rosidl_typesupport_fastrtps_cExport.cmake
-- Up-to-date: /home/sudhindra/irc_2025/drive_control/install/msg_interfaces/share/msg_interfaces/cmake/export_msg_interfaces__rosidl_typesupport_fastrtps_cExport-noconfig.cmake
-- Up-to-date: /home/sudhindra/irc_2025/drive_control/install/msg_interfaces/share/msg_interfaces/cmake/export_msg_interfaces__rosidl_generator_cppExport.cmake
-- Up-to-date: /home/sudhindra/irc_2025/drive_control/install/msg_interfaces/share/msg_interfaces/cmake/export_msg_interfaces__rosidl_typesupport_fastrtps_cppExport.cmake
-- Up-to-date: /home/sudhindra/irc_2025/drive_control/install/msg_interfaces/share/msg_interfaces/cmake/export_msg_interfaces__rosidl_typesupport_fastrtps_cppExport-noconfig.cmake
-- Up-to-date: /home/sudhindra/irc_2025/drive_control/install/msg_interfaces/share/msg_interfaces/cmake/msg_interfaces__rosidl_typesupport_introspection_cExport.cmake
-- Up-to-date: /home/sudhindra/irc_2025/drive_control/install/msg_interfaces/share/msg_interfaces/cmake/msg_interfaces__rosidl_typesupport_introspection_cExport-noconfig.cmake
-- Up-to-date: /home/sudhindra/irc_2025/drive_control/install/msg_interfaces/share/msg_interfaces/cmake/msg_interfaces__rosidl_typesupport_cExport.cmake
-- Up-to-date: /home/sudhindra/irc_2025/drive_control/install/msg_interfaces/share/msg_interfaces/cmake/msg_interfaces__rosidl_typesupport_cExport-noconfig.cmake
-- Up-to-date: /home/sudhindra/irc_2025/drive_control/install/msg_interfaces/share/msg_interfaces/cmake/msg_interfaces__rosidl_typesupport_introspection_cppExport.cmake
-- Up-to-date: /home/sudhindra/irc_2025/drive_control/install/msg_interfaces/share/msg_interfaces/cmake/msg_interfaces__rosidl_typesupport_introspection_cppExport-noconfig.cmake
-- Up-to-date: /home/sudhindra/irc_2025/drive_control/install/msg_interfaces/share/msg_interfaces/cmake/msg_interfaces__rosidl_typesupport_cppExport.cmake
-- Up-to-date: /home/sudhindra/irc_2025/drive_control/install/msg_interfaces/share/msg_interfaces/cmake/msg_interfaces__rosidl_typesupport_cppExport-noconfig.cmake
-- Up-to-date: /home/sudhindra/irc_2025/drive_control/install/msg_interfaces/share/msg_interfaces/cmake/export_msg_interfaces__rosidl_generator_pyExport.cmake
-- Up-to-date: /home/sudhindra/irc_2025/drive_control/install/msg_interfaces/share/msg_interfaces/cmake/export_msg_interfaces__rosidl_generator_pyExport-noconfig.cmake
-- Up-to-date: /home/sudhindra/irc_2025/drive_control/install/msg_interfaces/share/msg_interfaces/cmake/rosidl_cmake-extras.cmake
-- Up-to-date: /home/sudhindra/irc_2025/drive_control/install/msg_interfaces/share/msg_interfaces/cmake/ament_cmake_export_dependencies-extras.cmake
-- Up-to-date: /home/sudhindra/irc_2025/drive_control/install/msg_interfaces/share/msg_interfaces/cmake/ament_cmake_export_include_directories-extras.cmake
-- Up-to-date: /home/sudhindra/irc_2025/drive_control/install/msg_interfaces/share/msg_interfaces/cmake/ament_cmake_export_libraries-extras.cmake
-- Up-to-date: /home/sudhindra/irc_2025/drive_control/install/msg_interfaces/share/msg_interfaces/cmake/ament_cmake_export_targets-extras.cmake
-- Up-to-date: /home/sudhindra/irc_2025/drive_control/install/msg_interfaces/share/msg_interfaces/cmake/rosidl_cmake_export_typesupport_targets-extras.cmake
-- Up-to-date: /home/sudhindra/irc_2025/drive_control/install/msg_interfaces/share/msg_interfaces/cmake/rosidl_cmake_export_typesupport_libraries-extras.cmake
-- Up-to-date: /home/sudhindra/irc_2025/drive_control/install/msg_interfaces/share/msg_interfaces/cmake/msg_interfacesConfig.cmake
-- Up-to-date: /home/sudhindra/irc_2025/drive_control/install/msg_interfaces/share/msg_interfaces/cmake/msg_interfacesConfig-version.cmake
-- Up-to-date: /home/sudhindra/irc_2025/drive_control/install/msg_interfaces/share/msg_interfaces/package.xml
