[1.201s] Invoking command in '/home/siddhant/irc_rover_controls_2025/rover_essentials/src/auto_bridge': PYTHONPATH=/home/siddhant/irc_rover_controls_2025/rover_essentials/build/auto_bridge/prefix_override:/usr/lib/python3/dist-packages/colcon_core/task/python/colcon_distutils_commands:/home/siddhant/irc_rover_controls_2025/rover_essentials/install/auto_bridge/lib/python3.10/site-packages:${PYTHONPATH} /usr/bin/python3 -W ignore:setup.py install is deprecated -W ignore:easy_install command is deprecated setup.py egg_info --egg-base ../../build/auto_bridge build --build-base /home/siddhant/irc_rover_controls_2025/rover_essentials/build/auto_bridge/build install --record /home/siddhant/irc_rover_controls_2025/rover_essentials/build/auto_bridge/install.log --single-version-externally-managed install_data
[1.398s] running egg_info
[1.398s] creating ../../build/auto_bridge/auto_bridge.egg-info
[1.398s] writing ../../build/auto_bridge/auto_bridge.egg-info/PKG-INFO
[1.398s] writing dependency_links to ../../build/auto_bridge/auto_bridge.egg-info/dependency_links.txt
[1.398s] writing entry points to ../../build/auto_bridge/auto_bridge.egg-info/entry_points.txt
[1.399s] writing requirements to ../../build/auto_bridge/auto_bridge.egg-info/requires.txt
[1.399s] writing top-level names to ../../build/auto_bridge/auto_bridge.egg-info/top_level.txt
[1.399s] writing manifest file '../../build/auto_bridge/auto_bridge.egg-info/SOURCES.txt'
[1.400s] reading manifest file '../../build/auto_bridge/auto_bridge.egg-info/SOURCES.txt'
[1.401s] writing manifest file '../../build/auto_bridge/auto_bridge.egg-info/SOURCES.txt'
[1.401s] running build
[1.401s] running build_py
[1.401s] creating /home/siddhant/irc_rover_controls_2025/rover_essentials/build/auto_bridge/build
[1.401s] creating /home/siddhant/irc_rover_controls_2025/rover_essentials/build/auto_bridge/build/lib
[1.401s] creating /home/siddhant/irc_rover_controls_2025/rover_essentials/build/auto_bridge/build/lib/auto_bridge
[1.402s] copying auto_bridge/auto_relay.py -> /home/siddhant/irc_rover_controls_2025/rover_essentials/build/auto_bridge/build/lib/auto_bridge
[1.402s] copying auto_bridge/__init__.py -> /home/siddhant/irc_rover_controls_2025/rover_essentials/build/auto_bridge/build/lib/auto_bridge
[1.402s] copying auto_bridge/autonomous_diffdrive.py -> /home/siddhant/irc_rover_controls_2025/rover_essentials/build/auto_bridge/build/lib/auto_bridge
[1.402s] running install
[1.403s] running install_lib
[1.404s] creating /home/siddhant/irc_rover_controls_2025/rover_essentials/install/auto_bridge/lib/python3.10/site-packages/auto_bridge
[1.404s] copying /home/siddhant/irc_rover_controls_2025/rover_essentials/build/auto_bridge/build/lib/auto_bridge/auto_relay.py -> /home/siddhant/irc_rover_controls_2025/rover_essentials/install/auto_bridge/lib/python3.10/site-packages/auto_bridge
[1.404s] copying /home/siddhant/irc_rover_controls_2025/rover_essentials/build/auto_bridge/build/lib/auto_bridge/__init__.py -> /home/siddhant/irc_rover_controls_2025/rover_essentials/install/auto_bridge/lib/python3.10/site-packages/auto_bridge
[1.404s] copying /home/siddhant/irc_rover_controls_2025/rover_essentials/build/auto_bridge/build/lib/auto_bridge/autonomous_diffdrive.py -> /home/siddhant/irc_rover_controls_2025/rover_essentials/install/auto_bridge/lib/python3.10/site-packages/auto_bridge
[1.404s] byte-compiling /home/siddhant/irc_rover_controls_2025/rover_essentials/install/auto_bridge/lib/python3.10/site-packages/auto_bridge/auto_relay.py to auto_relay.cpython-310.pyc
[1.405s] byte-compiling /home/siddhant/irc_rover_controls_2025/rover_essentials/install/auto_bridge/lib/python3.10/site-packages/auto_bridge/__init__.py to __init__.cpython-310.pyc
[1.405s] byte-compiling /home/siddhant/irc_rover_controls_2025/rover_essentials/install/auto_bridge/lib/python3.10/site-packages/auto_bridge/autonomous_diffdrive.py to autonomous_diffdrive.cpython-310.pyc
[1.406s] running install_data
[1.406s] creating /home/siddhant/irc_rover_controls_2025/rover_essentials/install/auto_bridge/share/ament_index
[1.406s] creating /home/siddhant/irc_rover_controls_2025/rover_essentials/install/auto_bridge/share/ament_index/resource_index
[1.406s] creating /home/siddhant/irc_rover_controls_2025/rover_essentials/install/auto_bridge/share/ament_index/resource_index/packages
[1.406s] copying resource/auto_bridge -> /home/siddhant/irc_rover_controls_2025/rover_essentials/install/auto_bridge/share/ament_index/resource_index/packages
[1.406s] copying package.xml -> /home/siddhant/irc_rover_controls_2025/rover_essentials/install/auto_bridge/share/auto_bridge
[1.406s] running install_egg_info
[1.408s] Copying ../../build/auto_bridge/auto_bridge.egg-info to /home/siddhant/irc_rover_controls_2025/rover_essentials/install/auto_bridge/lib/python3.10/site-packages/auto_bridge-0.0.0-py3.10.egg-info
[1.408s] running install_scripts
[1.426s] Installing auto_drive script to /home/siddhant/irc_rover_controls_2025/rover_essentials/install/auto_bridge/lib/auto_bridge
[1.426s] Installing relay_auto script to /home/siddhant/irc_rover_controls_2025/rover_essentials/install/auto_bridge/lib/auto_bridge
[1.426s] writing list of installed files to '/home/siddhant/irc_rover_controls_2025/rover_essentials/build/auto_bridge/install.log'
[1.445s] Invoked command in '/home/siddhant/irc_rover_controls_2025/rover_essentials/src/auto_bridge' returned '0': PYTHONPATH=/home/siddhant/irc_rover_controls_2025/rover_essentials/build/auto_bridge/prefix_override:/usr/lib/python3/dist-packages/colcon_core/task/python/colcon_distutils_commands:/home/siddhant/irc_rover_controls_2025/rover_essentials/install/auto_bridge/lib/python3.10/site-packages:${PYTHONPATH} /usr/bin/python3 -W ignore:setup.py install is deprecated -W ignore:easy_install command is deprecated setup.py egg_info --egg-base ../../build/auto_bridge build --build-base /home/siddhant/irc_rover_controls_2025/rover_essentials/build/auto_bridge/build install --record /home/siddhant/irc_rover_controls_2025/rover_essentials/build/auto_bridge/install.log --single-version-externally-managed install_data
