[0.521s] Invoking command in '/home/siddhant/irc_rover_controls_2025/arm_control/src/ik_control': PS1=\[\e]0;\u@\h: \w\a\]${debian_chroot:+($debian_chroot)}\[\033[01;32m\]\u@\h\[\033[00m\]:\[\033[01;34m\]\w\[\033[00m\]\$ PYTHONPATH=/home/siddhant/irc_rover_controls_2025/arm_control/build/ik_control/prefix_override:/usr/lib/python3/dist-packages/colcon_core/task/python/colcon_distutils_commands:/home/siddhant/irc_rover_controls_2025/arm_control/install/ik_control/lib/python3.10/site-packages:${PYTHONPATH} /usr/bin/python3 -W ignore:setup.py install is deprecated -W ignore:easy_install command is deprecated setup.py egg_info --egg-base ../../build/ik_control build --build-base /home/siddhant/irc_rover_controls_2025/arm_control/build/ik_control/build install --record /home/siddhant/irc_rover_controls_2025/arm_control/build/ik_control/install.log --single-version-externally-managed install_data
[0.609s] /home/siddhant/.local/lib/python3.10/site-packages/setuptools/_distutils/dist.py:289: UserWarning: Unknown distribution option: 'tests_require'
[0.609s]   warnings.warn(msg)
[0.659s] running egg_info
[0.667s] creating ../../build/ik_control/ik_control.egg-info
[0.667s] writing ../../build/ik_control/ik_control.egg-info/PKG-INFO
[0.668s] writing dependency_links to ../../build/ik_control/ik_control.egg-info/dependency_links.txt
[0.668s] writing entry points to ../../build/ik_control/ik_control.egg-info/entry_points.txt
[0.668s] writing requirements to ../../build/ik_control/ik_control.egg-info/requires.txt
[0.668s] writing top-level names to ../../build/ik_control/ik_control.egg-info/top_level.txt
[0.668s] writing manifest file '../../build/ik_control/ik_control.egg-info/SOURCES.txt'
[0.685s] reading manifest file '../../build/ik_control/ik_control.egg-info/SOURCES.txt'
[0.685s] writing manifest file '../../build/ik_control/ik_control.egg-info/SOURCES.txt'
[0.686s] running build
[0.686s] running build_py
[0.686s] creating /home/siddhant/irc_rover_controls_2025/arm_control/build/ik_control/build/lib/ik_control
[0.686s] copying ik_control/testing_wrist_pid.py -> /home/siddhant/irc_rover_controls_2025/arm_control/build/ik_control/build/lib/ik_control
[0.687s] copying ik_control/shoulder_hold_ik.py -> /home/siddhant/irc_rover_controls_2025/arm_control/build/ik_control/build/lib/ik_control
[0.687s] copying ik_control/wrist_pid_ik.py -> /home/siddhant/irc_rover_controls_2025/arm_control/build/ik_control/build/lib/ik_control
[0.687s] copying ik_control/pos_ik.py -> /home/siddhant/irc_rover_controls_2025/arm_control/build/ik_control/build/lib/ik_control
[0.687s] copying ik_control/__init__.py -> /home/siddhant/irc_rover_controls_2025/arm_control/build/ik_control/build/lib/ik_control
[0.687s] copying ik_control/pos_ik_pid.py -> /home/siddhant/irc_rover_controls_2025/arm_control/build/ik_control/build/lib/ik_control
[0.687s] running install
[0.689s] running install_lib
[0.698s] creating /home/siddhant/irc_rover_controls_2025/arm_control/install/ik_control/lib/python3.10/site-packages/ik_control
[0.698s] copying /home/siddhant/irc_rover_controls_2025/arm_control/build/ik_control/build/lib/ik_control/testing_wrist_pid.py -> /home/siddhant/irc_rover_controls_2025/arm_control/install/ik_control/lib/python3.10/site-packages/ik_control
[0.698s] copying /home/siddhant/irc_rover_controls_2025/arm_control/build/ik_control/build/lib/ik_control/shoulder_hold_ik.py -> /home/siddhant/irc_rover_controls_2025/arm_control/install/ik_control/lib/python3.10/site-packages/ik_control
[0.698s] copying /home/siddhant/irc_rover_controls_2025/arm_control/build/ik_control/build/lib/ik_control/wrist_pid_ik.py -> /home/siddhant/irc_rover_controls_2025/arm_control/install/ik_control/lib/python3.10/site-packages/ik_control
[0.698s] copying /home/siddhant/irc_rover_controls_2025/arm_control/build/ik_control/build/lib/ik_control/pos_ik.py -> /home/siddhant/irc_rover_controls_2025/arm_control/install/ik_control/lib/python3.10/site-packages/ik_control
[0.698s] copying /home/siddhant/irc_rover_controls_2025/arm_control/build/ik_control/build/lib/ik_control/__init__.py -> /home/siddhant/irc_rover_controls_2025/arm_control/install/ik_control/lib/python3.10/site-packages/ik_control
[0.698s] copying /home/siddhant/irc_rover_controls_2025/arm_control/build/ik_control/build/lib/ik_control/pos_ik_pid.py -> /home/siddhant/irc_rover_controls_2025/arm_control/install/ik_control/lib/python3.10/site-packages/ik_control
[0.698s] byte-compiling /home/siddhant/irc_rover_controls_2025/arm_control/install/ik_control/lib/python3.10/site-packages/ik_control/testing_wrist_pid.py to testing_wrist_pid.cpython-310.pyc
[0.699s] byte-compiling /home/siddhant/irc_rover_controls_2025/arm_control/install/ik_control/lib/python3.10/site-packages/ik_control/shoulder_hold_ik.py to shoulder_hold_ik.cpython-310.pyc
[0.699s] byte-compiling /home/siddhant/irc_rover_controls_2025/arm_control/install/ik_control/lib/python3.10/site-packages/ik_control/wrist_pid_ik.py to wrist_pid_ik.cpython-310.pyc
[0.700s] byte-compiling /home/siddhant/irc_rover_controls_2025/arm_control/install/ik_control/lib/python3.10/site-packages/ik_control/pos_ik.py to pos_ik.cpython-310.pyc
[0.701s] byte-compiling /home/siddhant/irc_rover_controls_2025/arm_control/install/ik_control/lib/python3.10/site-packages/ik_control/__init__.py to __init__.cpython-310.pyc
[0.701s] byte-compiling /home/siddhant/irc_rover_controls_2025/arm_control/install/ik_control/lib/python3.10/site-packages/ik_control/pos_ik_pid.py to pos_ik_pid.cpython-310.pyc
[0.702s] running install_data
[0.702s] creating /home/siddhant/irc_rover_controls_2025/arm_control/install/ik_control/share/ament_index/resource_index/packages
[0.702s] copying resource/ik_control -> /home/siddhant/irc_rover_controls_2025/arm_control/install/ik_control/share/ament_index/resource_index/packages
[0.702s] copying package.xml -> /home/siddhant/irc_rover_controls_2025/arm_control/install/ik_control/share/ik_control
[0.702s] creating /home/siddhant/irc_rover_controls_2025/arm_control/install/ik_control/share/ik_control/urdf
[0.702s] copying urdf/arm_model.urdf -> /home/siddhant/irc_rover_controls_2025/arm_control/install/ik_control/share/ik_control/urdf
[0.702s] running install_egg_info
[0.711s] Copying ../../build/ik_control/ik_control.egg-info to /home/siddhant/irc_rover_controls_2025/arm_control/install/ik_control/lib/python3.10/site-packages/ik_control-0.0.0-py3.10.egg-info
[0.711s] running install_scripts
[0.779s] Installing ik_pos_pid script to /home/siddhant/irc_rover_controls_2025/arm_control/install/ik_control/lib/ik_control
[0.779s] Installing pos_ik script to /home/siddhant/irc_rover_controls_2025/arm_control/install/ik_control/lib/ik_control
[0.779s] Installing shoulder_hold_ik script to /home/siddhant/irc_rover_controls_2025/arm_control/install/ik_control/lib/ik_control
[0.779s] writing list of installed files to '/home/siddhant/irc_rover_controls_2025/arm_control/build/ik_control/install.log'
[0.793s] Invoked command in '/home/siddhant/irc_rover_controls_2025/arm_control/src/ik_control' returned '0': PS1=\[\e]0;\u@\h: \w\a\]${debian_chroot:+($debian_chroot)}\[\033[01;32m\]\u@\h\[\033[00m\]:\[\033[01;34m\]\w\[\033[00m\]\$ PYTHONPATH=/home/siddhant/irc_rover_controls_2025/arm_control/build/ik_control/prefix_override:/usr/lib/python3/dist-packages/colcon_core/task/python/colcon_distutils_commands:/home/siddhant/irc_rover_controls_2025/arm_control/install/ik_control/lib/python3.10/site-packages:${PYTHONPATH} /usr/bin/python3 -W ignore:setup.py install is deprecated -W ignore:easy_install command is deprecated setup.py egg_info --egg-base ../../build/ik_control build --build-base /home/siddhant/irc_rover_controls_2025/arm_control/build/ik_control/build install --record /home/siddhant/irc_rover_controls_2025/arm_control/build/ik_control/install.log --single-version-externally-managed install_data
